Starting Dynare (version 4.5.7).
Starting preprocessing of the model file ...
Substitution of exo lags: added 2 auxiliary variables and equations.
Found 49 equation(s).
Evaluating expressions...done
Computing static model derivatives:
 - order 1
Computing dynamic model derivatives:
 - order 1
 - order 2
Processing outputs ...
done
Preprocessing completed.
nal.language.introspective.errorDocCallback('gen_forecast_KaiLong9', 'C:\Users\KaiLong\Documents\GitHub\MMB_forecast_application\gen_forecast_KaiLong9.m', 200)" style="font-weight:bold">gen_forecast_KaiLong9</a> (<a href="matlab: opentoline('C:\Users\KaiLong\Documents\GitHub\MMB_forecast_application\gen_forecast_KaiLong9.m',200,0)">line 200</a>)] 

RESULTS FROM POSTERIOR ESTIMATION
parameters
         prior mean     mode    s.d. prior pstdev

psi1         1.500   1.8684     NaN norm  0.2500 
rho_r        0.750   0.8533     NaN beta  0.1000 
psi2         0.120   0.0288     NaN norm  0.0500 
psi3         0.120   0.1395     NaN norm  0.0500 
zeta_p       0.500   0.7271     NaN beta  0.1000 
zeta_w       0.500   0.5432     NaN beta  0.1000 
iota_w       0.500   0.4791     NaN beta  0.1500 
iota_p       0.500   0.2514     NaN beta  0.1500 
zeta_spb     0.050   0.0479     NaN beta  0.0050 
sprd_aux     2.000   1.9467     NaN gamm  0.1000 
alp          0.300   0.1682     NaN norm  0.0500 
Bigphi       1.250   1.4344     NaN norm  0.1200 
h            0.700   0.4584     NaN beta  0.1000 
nu_l         2.000   2.0524     NaN norm  0.7500 
rstar_aux    0.250   0.1334     NaN gamm  0.1000 
pistar_aux   0.750   1.2440     NaN gamm  0.4000 
zstar_aux    0.400   0.6435     NaN norm  0.1000 
s2           4.000   2.9129     NaN norm  1.5000 
sigmac       1.500   1.0820     NaN norm  0.3700 
ppsi         0.500   0.7252     NaN beta  0.1500 
Lmean      -45.000 -45.4117     NaN norm  5.0000 
rho_z        0.500   0.9700     NaN beta  0.2000 
rho_b        0.500   0.9897     NaN beta  0.2000 
rho_g        0.500   0.9845     NaN beta  0.2000 
rho_mu       0.500   0.7739     NaN beta  0.2000 
rho_rm       0.500   0.4054     NaN beta  0.2000 
rho_laf      0.500   0.9840     NaN beta  0.2000 
rho_law      0.500   0.9285     NaN beta  0.2000 
eta_laf      0.500   0.7836     NaN beta  0.2000 
eta_law      0.500   0.7872     NaN beta  0.2000 
eta_gz       0.500   0.4916     NaN beta  0.2000 
rho_sigw     0.750   0.9992     NaN beta  0.1500 

standard deviation of shocks
         prior mean     mode    s.d. prior pstdev

z_sh         0.100   0.4105     NaN invg  2.0000 
g_sh         0.100   1.9583     NaN invg  2.0000 
b_sh         0.100   0.0233     NaN invg  2.0000 
mu_sh        0.100   0.3118     NaN invg  2.0000 
laf_sh       0.100   0.1103     NaN invg  2.0000 
law_sh       0.100   0.4958     NaN invg  2.0000 
sigw_sh      0.050   0.0517     NaN invg  4.0000 
rm_sh        0.100   0.0943     NaN invg  2.0000 


Log data density [Laplace approximation] is NaN.


Configuring Dynare ...
[mex] Generalized QZ.
[mex] Sylvester equation solution.
[mex] Kronecker products.
[mex] Sparse kronecker products.
[mex] Local state space iteration (second order).
[mex] Bytecode evaluation.
[mex] k-order perturbation solver.
[mex] k-order solution simulation.
[mex] Quasi Monte-Carlo sequence (Sobol).
[mex] Markov Switching SBVAR.

Using 64-bit preprocessor
Starting Dynare (version 4.5.7).
Starting preprocessing of the model file ...
Substitution of exo lags: added 2 auxiliary variables and equations.
Found 49 equation(s).
Evaluating expressions...done
Computing static model derivatives:
 - order 1
Computing dynamic model derivatives:
 - order 1
 - order 2
Processing outputs ...
done
Preprocessing completed.

[Warning: Some of the parameters have no value (bet, pistar, sprd, Fom, zstar, rstar, Rstarn, rkstar,
omegastar, Lstar, kstar, kbarstar, istar, ystar, cstar, wl_c, zwstar, sigwstar, omegabarstar, Gstar,
Gammastar, dGdomegastar, d2Gdomega2star, dGammadomegastar, d2Gammadomega2star, dGdsigmastar,
d2Gdomegadsigmastar, dGammadsigmastar, d2Gammadomegadsigmastar, muestar, nkstar, Rhostar, wekstar,
vkstar, nstar, vstar, GammamuG, GammamuGprime, zeta_bw, zeta_zw, zeta_bw_zw, zeta_bsigw, zeta_zsigw,
zeta_spsigw, zeta_bmue, zeta_zmue, zeta_spmue, Rkstar, zeta_Gw, zeta_Gsigw, zeta_nRk, zeta_nR,
zeta_nqk, zeta_nn, zeta_nmue, zeta_nsigw) when using steady. If these parameters are not initialized in
a steadystate file or a steady_state_model-block, Dynare may not be able to solve the model...] 

STEADY-STATE RESULTS:

y_t              		 0
c_t              		 0
i_t              		 0
k_t              		 0
kbar_t           		 0
L_t              		 0
mc_t             		 0
pi_t             		 0
R_t              		 0
rk_t             		 0
u_t              		 0
w_t              		 0
muw_t            		 0
qk_t             		 0
Rktil_t          		 0
n_t              		 0
z_t              		 0
ztil_t           		 0
b_t              		 0
g_t              		 0
laf_t            		 0
law_t            		 0
sigw_t           		 0
mu_t             		 0
rm_t             		 0
gdp_rgd_obs      		 0.675032
hours_dngs15_obs 		 0.467095
wage_rgd_obs     		 0.675032
gdpdef_obs       		 0.636515
ffr_obs          		 1.24246
c_rgd_obs        		 0.675032
ifi_rgd_obs      		 0.675032
baag10_obs       		 0.449254
y_ft             		 0
c_ft             		 0
i_ft             		 0
k_ft             		 0
kbar_ft          		 0
L_ft             		 0
r_ft             		 0
rk_ft            		 0
u_ft             		 0
w_ft             		 0
qk_ft            		 0
outputgap_t      		 0
r_ft_obs         		 2.42378
r_ann_t          		 2.42378

EIGENVALUES:
         Modulus             Real        Imaginary

       8.974e-18       -8.974e-18                0
       2.728e-17       -2.728e-17                0
       3.683e-17       -3.683e-17                0
       1.093e-16       -1.093e-16                0
       1.576e-16        1.576e-16                0
          0.2185           0.2185                0
          0.2654           0.2654                0
          0.3293           0.3293                0
          0.3298           0.3298                0
          0.3639           0.3639                0
          0.6151           0.6151                0
          0.7042           0.7042                0
          0.8408           0.8408                0
          0.9034           0.9002          0.07578
          0.9034           0.9002         -0.07578
          0.9077           0.9063          0.04968
          0.9077           0.9063         -0.04968
          0.9279           0.9279                0
          0.9326           0.9326                0
          0.9583           0.9583                0
          0.9729           0.9729                0
          0.9738           0.9738                0
          0.9788           0.9788                0
           1.053            1.053                0
           1.108            1.106          0.07199
           1.108            1.106         -0.07199
           1.135            1.125           0.1509
           1.135            1.125          -0.1509
           1.253            1.225           0.2632
           1.253            1.225          -0.2632
       8.717e+16       -8.717e+16                0
       2.359e+18       -2.359e+18                0
       3.913e+18        3.913e+18                0
       9.308e+18        9.308e+18                0
             Inf             -Inf                0


There are 12 eigenvalue(s) larger than 1 in modulus 
for 12 forward-looking variable(s)

The rank condition is verified.

Initial value of the log posterior (or likelihood): -221829.6373

==========================================================
   Change in the posterior covariance matrix = 24.6861.
   Change in the posterior mean = 10.3646.
   Mode improvement = 221319.9313
   New value of jscale = 0.004165
==========================================================

==========================================================
   Change in the posterior covariance matrix = 0.82284.
   Change in the posterior mean = 6.7178.
   Mode improvement = 172.3085
   New value of jscale = 0.26726
==========================================================

==========================================================
   Change in the posterior covariance matrix = 6.892.
   Change in the posterior mean = 1.8212.
   Mode improvement = 94.4497
   New value of jscale = 0.16252
==========================================================

Optimal value of the scale parameter = 0.16252


Final value of minus the log posterior (or likelihood):242.947787 

MODE CHECK

Fval obtained by the minimization routine (minus the posterior/likelihood)): 242.947787

RESULTS FROM POSTERIOR ESTIMATION
parameters
         prior mean     mode    s.d. prior pstdev

psi1         1.500   1.2553  0.1672 norm  0.2500 
rho_r        0.750   0.8528  0.0229 beta  0.1000 
psi2         0.120   0.0632  0.0079 norm  0.0500 
psi3         0.120   0.1945  0.0263 norm  0.0500 
zeta_p       0.500   0.9529  0.0073 beta  0.1000 
zeta_w       0.500   0.6439  0.0374 beta  0.1000 
iota_w       0.500   0.5304  0.0489 beta  0.1500 
iota_p       0.500   0.4250  0.1240 beta  0.1500 
zeta_spb     0.050   0.0460  0.0034 beta  0.0050 
sprd_aux     2.000   1.9420  0.0687 gamm  0.1000 
alp          0.300   0.1898  0.0178 norm  0.0500 
Bigphi       1.250   1.4308  0.0313 norm  0.1200 
h            0.700   0.4785  0.0348 beta  0.1000 
nu_l         2.000   2.4350  0.3043 norm  0.7500 
rstar_aux    0.250   0.1121  0.0436 gamm  0.1000 
pistar_aux   0.750   0.6591  0.1778 gamm  0.4000 
zstar_aux    0.400   0.6144  0.0628 norm  0.1000 
s2           4.000   3.6110  0.7703 norm  1.5000 
sigmac       1.500   0.9083  0.0423 norm  0.3700 
ppsi         0.500   0.8212  0.0607 beta  0.1500 
Lmean      -45.000 -44.2802  2.8335 norm  5.0000 
rho_z        0.500   0.9624  0.0103 beta  0.2000 
rho_b        0.500   0.9767  0.0104 beta  0.2000 
rho_g        0.500   0.9734  0.0897 beta  0.2000 
rho_mu       0.500   0.7089  0.1073 beta  0.2000 
rho_rm       0.500   0.4437  0.0368 beta  0.2000 
rho_laf      0.500   0.3865  0.0977 beta  0.2000 
rho_law      0.500   0.9169  0.1250 beta  0.2000 
eta_laf      0.500   0.3030  0.1052 beta  0.2000 
eta_law      0.500   0.8253  0.1119 beta  0.2000 
eta_gz       0.500   0.4052  0.0974 beta  0.2000 
rho_sigw     0.750   0.9903  0.0379 beta  0.1500 

standard deviation of shocks
         prior mean     mode    s.d. prior pstdev

z_sh         0.100   0.4089  0.0398 invg  2.0000 
g_sh         0.100   1.9880  0.1742 invg  2.0000 
b_sh         0.100   0.0284  0.0035 invg  2.0000 
mu_sh        0.100   0.3226  0.0503 invg  2.0000 
laf_sh       0.100   0.1267  0.0164 invg  2.0000 
law_sh       0.100   0.4552  0.0606 invg  2.0000 
sigw_sh      0.050   0.0514  0.0059 invg  4.0000 
rm_sh        0.100   0.1034  0.0185 invg  2.0000 


Log data density [Laplace approximation] is -363.591585.

Estimation::mcmc: One Chain mode.
Estimation::mcmc: Initialization at the posterior mode.

Estimation::mcmc: Write details about the MCMC... Ok!
Estimation::mcmc: Details about the MCMC are available in DNGS15/metropolis\DNGS15_mh_history_0.mat


Estimation::mcmc: Number of mh files: 4 per block.
Estimation::mcmc: Total number of generated files: 4.
Estimation::mcmc: Total number of iterations: 1000000.
Estimation::mcmc: Current acceptance ratio per chain: 
                                                       Chain  1: 21.9853%
Estimation::mcmc: Total number of MH draws per chain: 1000000.
Estimation::mcmc: Total number of generated MH files: 4.
Estimation::mcmc: I'll use mh-files 2 to 4.
Estimation::mcmc: In MH-file number 2 I'll start at line 2381.
Estimation::mcmc: Finally I keep 700000 draws per chain.



MCMC Inefficiency factors per block
Parameter        Block 1
SE_z_sh          424.520
SE_g_sh          430.101
SE_b_sh          483.550
SE_mu_sh         532.904
SE_laf_sh        594.805
SE_law_sh        530.704
SE_sigw_sh       477.905
SE_rm_sh         502.702
psi1             612.543
rho_r            614.505
psi2             620.223
psi3             636.046
zeta_p           741.922
zeta_w           694.244
iota_w           724.567
iota_p           672.191
zeta_spb         674.548
sprd_aux         684.210
alp              677.662
Bigphi           733.828
h                649.961
nu_l             633.037
rstar_aux        595.183
pistar_aux       694.425
zstar_aux        554.160
s2               666.292
sigmac           672.225
ppsi             639.552
Lmean            708.588
rho_z            602.800
rho_b            433.414
rho_g            222.265
rho_mu           672.882
rho_rm           660.397
rho_laf          264.520
rho_law          517.263
eta_laf          611.872
eta_law          599.921
eta_gz           691.119
rho_sigw         721.030


Geweke (1992) Convergence Tests, based on means of draws 300000 to 440000 vs 650000 to 1000000.
p-values are for Chi2-test for equality of means.
Parameter          Post. Mean        Post. Std   p-val No Taper   p-val 4% Taper   p-val 8% Taper  p-val 15% Taper
SE_z_sh                 0.426            0.034            0.000            0.034            0.058            0.081
SE_g_sh                 2.021            0.149            0.000            0.495            0.498            0.490
SE_b_sh                 0.024            0.004            0.000            0.172            0.219            0.240
SE_mu_sh                0.328            0.041            0.000            0.000            0.000            0.000
SE_laf_sh               0.111            0.016            0.000            0.000            0.008            0.035
SE_law_sh               0.487            0.050            0.000            0.000            0.000            0.000
SE_sigw_sh              0.059            0.005            0.000            0.000            0.000            0.001
SE_rm_sh                0.103            0.012            0.000            0.007            0.033            0.061
psi1                    1.569            0.247            0.000            0.008            0.027            0.048
rho_r                   0.847            0.028            0.000            0.000            0.000            0.000
psi2                    0.030            0.026            0.000            0.000            0.001            0.003
psi3                    0.169            0.026            0.000            0.644            0.719            0.756
zeta_p                  0.753            0.109            0.000            0.000            0.000            0.000
zeta_w                  0.578            0.077            0.000            0.000            0.000            0.001
iota_w                  0.490            0.159            0.000            0.000            0.000            0.000
iota_p                  0.281            0.086            0.000            0.000            0.004            0.023
zeta_spb                0.048            0.004            0.000            0.000            0.000            0.000
sprd_aux                1.901            0.087            0.000            0.000            0.000            0.000
alp                     0.155            0.027            0.000            0.370            0.487            0.560
Bigphi                  1.416            0.090            0.000            0.000            0.003            0.021
h                       0.569            0.083            0.000            0.450            0.544            0.604
nu_l                    2.251            0.430            0.000            0.637            0.685            0.711
rstar_aux               0.129            0.047            0.000            0.000            0.002            0.004
pistar_aux              0.774            0.183            0.000            0.000            0.000            0.003
zstar_aux               0.649            0.060            0.000            0.355            0.450            0.524
s2                      3.616            0.806            0.000            0.000            0.000            0.000
sigmac                  0.793            0.164            0.004            0.966            0.973            0.978
ppsi                    0.744            0.080            0.000            0.871            0.894            0.911
Lmean                 -44.581            2.931            0.000            0.000            0.000            0.000
rho_z                   0.967            0.014            0.000            0.449            0.461            0.481
rho_b                   0.984            0.007            0.000            0.004            0.015            0.029
rho_g                   0.972            0.016            0.000            0.000            0.001            0.003
rho_mu                  0.722            0.077            0.000            0.000            0.000            0.000
rho_rm                  0.441            0.067            0.000            0.001            0.007            0.011
rho_laf                 0.921            0.143            0.000            0.256            0.311            0.338
rho_law                 0.889            0.073            0.000            0.147            0.229            0.294
eta_laf                 0.656            0.148            0.000            0.000            0.000            0.000
eta_law                 0.729            0.091            0.000            0.013            0.044            0.085
eta_gz                  0.335            0.158            0.000            0.003            0.020            0.044
rho_sigw                0.945            0.057            0.000            0.000            0.000            0.000


Estimation::marginal density: I'm computing the posterior mean and covariance...  Done!
Estimation::marginal density: I'm computing the posterior log marginal density (modified harmonic mean)... Done!


ESTIMATION RESULTS

Log data density is -324.261771.

parameters
             prior mean   post. mean        90% HPD interval    prior       pstdev

psi1              1.500       1.6720      1.4569      1.8977   norm        0.2500
rho_r             0.750       0.8414      0.7998      0.8852   beta        0.1000
psi2              0.120       0.0170     -0.0003      0.0337   norm        0.0500
psi3              0.120       0.1642      0.1187      0.2056   norm        0.0500
zeta_p            0.500       0.6922      0.6133      0.7714   beta        0.1000
zeta_w            0.500       0.5500      0.4478      0.6592   beta        0.1000
iota_w            0.500       0.5057      0.2438      0.7253   beta        0.1500
iota_p            0.500       0.2946      0.1609      0.4231   beta        0.1500
zeta_spb          0.050       0.0467      0.0391      0.0532   beta        0.0050
sprd_aux          2.000       1.9138      1.7761      2.0454   gamm        0.1000
alp               0.300       0.1468      0.1075      0.1871   norm        0.0500
Bigphi            1.250       1.4237      1.2677      1.5799   norm        0.1200
h                 0.700       0.6087      0.5264      0.6888   beta        0.1000
nu_l              2.000       2.1802      1.4933      2.8550   norm        0.7500
rstar_aux         0.250       0.1316      0.0574      0.2027   gamm        0.1000
pistar_aux        0.750       0.7719      0.4501      1.0972   gamm        0.4000
zstar_aux         0.400       0.6733      0.6003      0.7462   norm        0.1000
s2                4.000       3.5672      2.2340      4.9623   norm        1.5000
sigmac            1.500       0.7133      0.5755      0.8466   norm        0.3700
ppsi              0.500       0.7215      0.6003      0.8436   beta        0.1500
Lmean           -45.000     -45.0156    -50.7501    -39.8372   norm        5.0000
rho_z             0.500       0.9665      0.9451      0.9882   beta        0.2000
rho_b             0.500       0.9856      0.9758      0.9966   beta        0.2000
rho_g             0.500       0.9720      0.9491      0.9957   beta        0.2000
rho_mu            0.500       0.7304      0.6007      0.8599   beta        0.2000
rho_rm            0.500       0.4594      0.3644      0.5615   beta        0.2000
rho_laf           0.500       0.9854      0.9726      0.9985   beta        0.2000
rho_law           0.500       0.9084      0.8382      0.9829   beta        0.2000
eta_laf           0.500       0.6680      0.5214      0.8260   beta        0.2000
eta_law           0.500       0.7376      0.6152      0.8598   beta        0.2000
eta_gz            0.500       0.2997      0.0636      0.5566   beta        0.2000
rho_sigw          0.750       0.9317      0.8442      0.9998   beta        0.1500

standard deviation of shocks
             prior mean   post. mean        90% HPD interval    prior       pstdev

z_sh              0.100       0.4251      0.3699      0.4780   invg        2.0000
g_sh              0.100       2.0200      1.7747      2.2554   invg        2.0000
b_sh              0.100       0.0235      0.0184      0.0287   invg        2.0000
mu_sh             0.100       0.3250      0.2565      0.3928   invg        2.0000
laf_sh            0.100       0.1079      0.0817      0.1340   invg        2.0000
law_sh            0.100       0.5004      0.4223      0.5754   invg        2.0000
sigw_sh           0.050       0.0602      0.0514      0.0683   invg        4.0000
rm_sh             0.100       0.1038      0.0839      0.1236   invg        2.0000
Estimation::mcmc: Posterior (dsge) IRFs...
Estimation::mcmc: Posterior IRFs, done!
Estimation::mcmc: Smoothed variables
Estimation::mcmc: Smoothed variables, done!
Estimation::mcmc: Smoothed shocks
Estimation::mcmc: Smoothed shocks, done!
Estimation::mcmc: Trend_coefficients
Estimation::mcmc: Trend_coefficients, done!
Estimation::mcmc: Smoothed constant
Estimation::mcmc: Smoothed constant, done!
Estimation::mcmc: Smoothed trend
Estimation::mcmc: Smoothed trend, done!
Estimation::mcmc: Updated Variables
Estimation::mcmc: Updated Variables, done!
Estimation::mcmc: Forecasted variables (mean)
Estimation::mcmc: Forecasted variables (mean), done!
Estimation::mcmc: Forecasted variables (point)
Estimation::mcmc: Forecasted variables (point), done!
Total computing time : 10h50m25s
Note: warning(s) encountered in MATLAB/Octave code
