Starting Dynare (version 4.5.7).
Starting preprocessing of the model file ...
WARNING: in the 'steady_state_model' block, variable 'ewma' is not assigned a value
WARNING: in the 'steady_state_model' block, variable 'epinfma' is not assigned a value
WARNING: in the 'steady_state_model' block, variable 'zcapf' is not assigned a value
WARNING: in the 'steady_state_model' block, variable 'rkf' is not assigned a value
WARNING: in the 'steady_state_model' block, variable 'kf' is not assigned a value
WARNING: in the 'steady_state_model' block, variable 'pkf' is not assigned a value
WARNING: in the 'steady_state_model' block, variable 'cf' is not assigned a value
WARNING: in the 'steady_state_model' block, variable 'invef' is not assigned a value
WARNING: in the 'steady_state_model' block, variable 'yf' is not assigned a value
WARNING: in the 'steady_state_model' block, variable 'labf' is not assigned a value
WARNING: in the 'steady_state_model' block, variable 'wf' is not assigned a value
WARNING: in the 'steady_state_model' block, variable 'rrf' is not assigned a value
WARNING: in the 'steady_state_model' block, variable 'mc' is not assigned a value
WARNING: in the 'steady_state_model' block, variable 'zcap' is not assigned a value
WARNING: in the 'steady_state_model' block, variable 'rk' is not assigned a value
WARNING: in the 'steady_state_model' block, variable 'k' is not assigned a value
WARNING: in the 'steady_state_model' block, variable 'pk' is not assigned a value
WARNING: in the 'steady_state_model' block, variable 'c' is not assigned a value
WARNING: in the 'steady_state_model' block, variable 'inve' is not assigned a value
WARNING: in the 'steady_state_model' block, variable 'y' is not assigned a value
WARNING: in the 'steady_state_model' block, variable 'lab' is not assigned a value
WARNING: in the 'steady_state_model' block, variable 'pinf' is not assigned a value
WARNING: in the 'steady_state_model' block, variable 'w' is not assigned a value
WARNING: in the 'steady_state_model' block, variable 'r' is not assigned a value
WARNING: in the 'steady_state_model' block, variable 'a' is not assigned a value
WARNING: in the 'steady_state_model' block, variable 'b' is not assigned a value
WARNING: in the 'steady_state_model' block, variable 'g' is not assigned a value
WARNING: in the 'steady_state_model' block, variable 'qs' is not assigned a value
WARNING: in the 'steady_state_model' block, variable 'ms' is not assigned a value
WARNING: in the 'steady_state_model' block, variable 'spinf' is not assigned a value
WARNING: in the 'steady_state_model' block, variable 'sw' is not assigned a value
WARNING: in the 'steady_state_model' block, variable 'kpf' is not assigned a value
WARNING: in the 'steady_state_model' block, variable 'kp' is not assigned a value
Found 40 equation(s).
Evaluating expressions...done
Computing static model derivatives:
 - order 1
Computing dynamic model derivatives:
 - order 1
 - order 2
Processing outputs ...
done
Preprocessing completed.
 equation solution.
[mex] Kronecker products.
[mex] Sparse kronecker products.
[mex] Local state space iteration (second order).
[mex] Bytecode evaluation.
[mex] k-order perturbation solver.
[mex] k-order solution simulation.
[mex] Quasi Monte-Carlo sequence (Sobol).
[mex] Markov Switching SBVAR.

Using 64-bit preprocessor
Starting Dynare (version 4.5.7).
Starting preprocessing of the model file ...
WARNING: in the 'steady_state_model' block, variable 'ewma' is not assigned a value
WARNING: in the 'steady_state_model' block, variable 'epinfma' is not assigned a value
WARNING: in the 'steady_state_model' block, variable 'zcapf' is not assigned a value
WARNING: in the 'steady_state_model' block, variable 'rkf' is not assigned a value
WARNING: in the 'steady_state_model' block, variable 'kf' is not assigned a value
WARNING: in the 'steady_state_model' block, variable 'pkf' is not assigned a value
WARNING: in the 'steady_state_model' block, variable 'cf' is not assigned a value
WARNING: in the 'steady_state_model' block, variable 'invef' is not assigned a value
WARNING: in the 'steady_state_model' block, variable 'yf' is not assigned a value
WARNING: in the 'steady_state_model' block, variable 'labf' is not assigned a value
WARNING: in the 'steady_state_model' block, variable 'wf' is not assigned a value
WARNING: in the 'steady_state_model' block, variable 'rrf' is not assigned a value
WARNING: in the 'steady_state_model' block, variable 'mc' is not assigned a value
WARNING: in the 'steady_state_model' block, variable 'zcap' is not assigned a value
WARNING: in the 'steady_state_model' block, variable 'rk' is not assigned a value
WARNING: in the 'steady_state_model' block, variable 'k' is not assigned a value
WARNING: in the 'steady_state_model' block, variable 'pk' is not assigned a value
WARNING: in the 'steady_state_model' block, variable 'c' is not assigned a value
WARNING: in the 'steady_state_model' block, variable 'inve' is not assigned a value
WARNING: in the 'steady_state_model' block, variable 'y' is not assigned a value
WARNING: in the 'steady_state_model' block, variable 'lab' is not assigned a value
WARNING: in the 'steady_state_model' block, variable 'pinf' is not assigned a value
WARNING: in the 'steady_state_model' block, variable 'w' is not assigned a value
WARNING: in the 'steady_state_model' block, variable 'r' is not assigned a value
WARNING: in the 'steady_state_model' block, variable 'a' is not assigned a value
WARNING: in the 'steady_state_model' block, variable 'b' is not assigned a value
WARNING: in the 'steady_state_model' block, variable 'g' is not assigned a value
WARNING: in the 'steady_state_model' block, variable 'qs' is not assigned a value
WARNING: in the 'steady_state_model' block, variable 'ms' is not assigned a value
WARNING: in the 'steady_state_model' block, variable 'spinf' is not assigned a value
WARNING: in the 'steady_state_model' block, variable 'sw' is not assigned a value
WARNING: in the 'steady_state_model' block, variable 'kpf' is not assigned a value
WARNING: in the 'steady_state_model' block, variable 'kp' is not assigned a value
Found 40 equation(s).
Evaluating expressions...done
Computing static model derivatives:
 - order 1
Computing dynamic model derivatives:
 - order 1
 - order 2
Processing outputs ...
done
Preprocessing completed.

[Warning: Some of the parameters have no value (ccs, cinvs, crdpi) when using
initial_estimation_checks. If these parameters are not initialized in a steadystate file
or a steady_state_model-block, Dynare may not be able to solve the model...] 
Initial value of the log posterior (or likelihood): -2903.4181

==========================================================
   Change in the posterior covariance matrix = 4.
   Change in the posterior mean = 0.75757.
   Mode improvement = 1871.9426
   New value of jscale = 0.0029085
==========================================================

==========================================================
   Change in the posterior covariance matrix = 0.49119.
   Change in the posterior mean = 1.4659.
   Mode improvement = 49.1611
   New value of jscale = 0.48547
==========================================================

==========================================================
   Change in the posterior covariance matrix = 0.38914.
   Change in the posterior mean = 0.88384.
   Mode improvement = 24.5097
   New value of jscale = 0.27381
==========================================================

Optimal value of the scale parameter = 0.27381


Final value of minus the log posterior (or likelihood):957.804695 

MODE CHECK

Fval obtained by the minimization routine (minus the posterior/likelihood)): 957.804695

RESULTS FROM POSTERIOR ESTIMATION
parameters
        prior mean     mode    s.d. prior pstdev

crhoa       0.500   0.9913  0.0034 beta  0.2000 
crhob       0.500   0.6039  0.1374 beta  0.2000 
crhog       0.500   0.8647  0.0406 beta  0.2000 
crhoqs      0.500   0.6754  0.0663 beta  0.2000 
crhoms      0.500   0.1537  0.0682 beta  0.2000 
crhopinf    0.500   0.9981  0.0027 beta  0.2000 
crhow       0.500   0.9843  0.0137 beta  0.2000 
cmap        0.500   0.8347  0.0523 beta  0.2000 
cmaw        0.500   0.9002  0.0317 beta  0.2000 
csadjcost   4.000   5.3119  0.7421 norm  1.5000 
csigma      1.500   1.0002  0.1445 norm  0.3750 
chabb       0.700   0.7534  0.0321 beta  0.1000 
cprobw      0.500   0.7542  0.0447 beta  0.1000 
csigl       2.000   2.3772  0.4926 norm  0.7500 
cprobp      0.500   0.7137  0.0341 beta  0.1000 
cindw       0.500   0.5282  0.0774 beta  0.1500 
cindp       0.500   0.2091  0.0553 beta  0.1500 
czcap       0.500   0.2943  0.0642 beta  0.1500 
cfc         1.250   1.5979  0.0627 norm  0.1250 
crpi        1.500   1.9554  0.1810 norm  0.2500 
crr         0.750   0.8202  0.0207 beta  0.1000 
cry         0.125   0.0711  0.0198 norm  0.0500 
crdy        0.125   0.2172  0.0206 norm  0.0500 
constepinf   0.625   0.6367  0.0821 gamm  0.1000 
constebeta   0.250   0.1339  0.0431 gamm  0.1000 
constelab   0.000   1.8981  0.9497 norm  2.0000 
ctrend      0.400   0.6090  0.0446 norm  0.1000 
cgy         0.500   0.4292  0.0774 norm  0.2500 
calfa       0.300   0.1349  0.0183 norm  0.0500 

standard deviation of shocks
        prior mean     mode    s.d. prior pstdev

ea          0.100   0.5012  0.0307 invg  2.0000 
eb          0.100   0.1643  0.0299 invg  2.0000 
eg          0.100   0.4910  0.0275 invg  2.0000 
eqs         0.100   0.3872  0.0598 invg  2.0000 
em          0.100   0.2304  0.0142 invg  2.0000 
epinf       0.100   0.1061  0.0154 invg  2.0000 
ew          0.100   0.2442  0.0197 invg  2.0000 


Log data density [Laplace approximation] is -1052.957004.

Estimation::mcmc: One Chain mode.
Estimation::mcmc: Initialization at the posterior mode.

Estimation::mcmc: Write details about the MCMC... Ok!
Estimation::mcmc: Details about the MCMC are available in SW07/metropolis\SW07_mh_history_0.mat


Estimation::mcmc: Number of mh files: 2 per block.
Estimation::mcmc: Total number of generated files: 2.
Estimation::mcmc: Total number of iterations: 500000.
Estimation::mcmc: Current acceptance ratio per chain: 
                                                       Chain  1: 35.0986%
Estimation::mcmc: Total number of MH draws per chain: 500000.
Estimation::mcmc: Total number of generated MH files: 2.
Estimation::mcmc: I'll use mh-files 1 to 2.
Estimation::mcmc: In MH-file number 1 I'll start at line 200001.
Estimation::mcmc: Finally I keep 300000 draws per chain.



MCMC Inefficiency factors per block
Parameter        Block 1
SE_ea            183.871
SE_eb            391.036
SE_eg            172.410
SE_eqs           241.815
SE_em            197.823
SE_epinf         307.834
SE_ew            322.627
crhoa            267.742
crhob            422.440
crhog            359.115
crhoqs           238.688
crhoms           271.867
crhopinf         181.458
crhow            253.795
cmap             510.364
cmaw             531.284
csadjcost        354.148
csigma           497.233
chabb            454.355
cprobw           439.675
csigl            358.595
cprobp           416.654
cindw            571.141
cindp            365.485
czcap            401.546
cfc              504.659
crpi             366.580
crr              396.400
cry              323.632
crdy             356.334
constepinf       469.700
constebeta       279.900
constelab        359.675
ctrend           334.441
cgy              255.328
calfa            336.031


Geweke (1992) Convergence Tests, based on means of draws 200000 to 260000 vs 350000 to 500000.
p-values are for Chi2-test for equality of means.
Parameter          Post. Mean        Post. Std   p-val No Taper   p-val 4% Taper   p-val 8% Taper  p-val 15% Taper
SE_ea                   0.501            0.030            0.000            0.573            0.611            0.631
SE_eb                   0.198            0.037            0.000            0.685            0.726            0.750
SE_eg                   0.501            0.027            0.000            0.788            0.796            0.801
SE_eqs                  0.401            0.056            0.000            0.352            0.422            0.488
SE_em                   0.238            0.014            0.000            0.380            0.446            0.472
SE_epinf                0.104            0.017            0.000            0.020            0.040            0.044
SE_ew                   0.235            0.023            0.000            0.000            0.000            0.000
crhoa                   0.990            0.003            0.677            0.983            0.983            0.982
crhob                   0.447            0.163            0.000            0.634            0.681            0.710
crhog                   0.880            0.047            0.000            0.260            0.341            0.404
crhoqs                  0.692            0.066            0.000            0.442            0.459            0.474
crhoms                  0.187            0.071            0.000            0.191            0.259            0.303
crhopinf                0.996            0.002            0.000            0.339            0.368            0.373
crhow                   0.976            0.009            0.000            0.338            0.408            0.453
cmap                    0.797            0.083            0.000            0.084            0.147            0.191
cmaw                    0.859            0.053            0.000            0.087            0.137            0.160
csadjcost               5.773            0.938            0.000            0.076            0.124            0.148
csigma                  1.167            0.206            0.000            0.526            0.602            0.646
chabb                   0.759            0.044            0.000            0.183            0.243            0.258
cprobw                  0.756            0.050            0.000            0.424            0.507            0.545
csigl                   2.571            0.548            0.000            0.018            0.023            0.011
cprobp                  0.700            0.049            0.000            0.097            0.150            0.180
cindw                   0.526            0.148            0.000            0.000            0.000            0.001
cindp                   0.223            0.080            0.000            0.011            0.013            0.008
czcap                   0.367            0.086            0.000            0.041            0.068            0.067
cfc                     1.648            0.095            0.000            0.471            0.550            0.583
crpi                    1.965            0.186            0.000            0.100            0.160            0.193
crr                     0.811            0.027            0.000            0.511            0.584            0.623
cry                     0.067            0.022            0.000            0.142            0.209            0.252
crdy                    0.216            0.026            0.000            0.003            0.013            0.018
constepinf              0.668            0.108            0.000            0.030            0.071            0.111
constebeta              0.137            0.053            0.000            0.387            0.387            0.336
constelab               2.024            1.302            0.000            0.457            0.498            0.541
ctrend                  0.598            0.047            0.000            0.019            0.042            0.056
cgy                     0.434            0.083            0.000            0.000            0.001            0.002
calfa                   0.150            0.020            0.000            0.903            0.919            0.928


Estimation::marginal density: I'm computing the posterior mean and covariance...  Done!
Estimation::marginal density: I'm computing the posterior log marginal density (modified harmonic mean)... Done!


ESTIMATION RESULTS

Log data density is -1043.223726.

parameters
            prior mean   post. mean        90% HPD interval    prior       pstdev

crhoa            0.500       0.9902      0.9849      0.9956   beta        0.2000
crhob            0.500       0.4434      0.2041      0.7111   beta        0.2000
crhog            0.500       0.8804      0.8099      0.9585   beta        0.2000
crhoqs           0.500       0.6875      0.5813      0.7947   beta        0.2000
crhoms           0.500       0.1852      0.0677      0.2929   beta        0.2000
crhopinf         0.500       0.9965      0.9933      0.9997   beta        0.2000
crhow            0.500       0.9755      0.9615      0.9891   beta        0.2000
cmap             0.500       0.8001      0.6647      0.9243   beta        0.2000
cmaw             0.500       0.8555      0.7783      0.9368   beta        0.2000
csadjcost        4.000       5.8704      4.3287      7.3923   norm        1.5000
csigma           1.500       1.1752      0.8564      1.4927   norm        0.3750
chabb            0.700       0.7599      0.6877      0.8308   beta        0.1000
cprobw           0.500       0.7551      0.6704      0.8392   beta        0.1000
csigl            2.000       2.5857      1.6556      3.4515   norm        0.7500
cprobp           0.500       0.7015      0.6174      0.7790   beta        0.1000
cindw            0.500       0.5054      0.2823      0.7613   beta        0.1500
cindp            0.500       0.2244      0.0962      0.3495   beta        0.1500
czcap            0.500       0.3641      0.2285      0.4964   beta        0.1500
cfc              1.250       1.6512      1.5030      1.7949   norm        0.1250
crpi             1.500       1.9577      1.6583      2.2464   norm        0.2500
crr              0.750       0.8124      0.7708      0.8552   beta        0.1000
cry              0.125       0.0671      0.0322      0.1008   norm        0.0500
crdy             0.125       0.2125      0.1712      0.2558   norm        0.0500
constepinf        0.625       0.6546      0.4838      0.8192   gamm        0.1000
constebeta        0.250       0.1342      0.0488      0.2124   gamm        0.1000
constelab        0.000       2.0664     -0.0761      4.1477   norm        2.0000
ctrend           0.400       0.6024      0.5289      0.6781   norm        0.1000
cgy              0.500       0.4368      0.3010      0.5744   norm        0.2500
calfa            0.300       0.1512      0.1198      0.1826   norm        0.0500

standard deviation of shocks
            prior mean   post. mean        90% HPD interval    prior       pstdev

ea               0.100       0.5007      0.4513      0.5491   invg        2.0000
eb               0.100       0.1985      0.1383      0.2550   invg        2.0000
eg               0.100       0.5004      0.4570      0.5449   invg        2.0000
eqs              0.100       0.4028      0.3106      0.4917   invg        2.0000
em               0.100       0.2372      0.2136      0.2603   invg        2.0000
epinf            0.100       0.1046      0.0763      0.1316   invg        2.0000
ew               0.100       0.2330      0.1951      0.2705   invg        2.0000
Estimation::mcmc: Posterior (dsge) IRFs...
Estimation::mcmc: Posterior IRFs, done!
Estimation::mcmc: Smoothed variables
Estimation::mcmc: Smoothed variables, done!
Estimation::mcmc: Smoothed shocks
Estimation::mcmc: Smoothed shocks, done!
Estimation::mcmc: Trend_coefficients
Estimation::mcmc: Trend_coefficients, done!
Estimation::mcmc: Smoothed constant
Estimation::mcmc: Smoothed constant, done!
Estimation::mcmc: Smoothed trend
Estimation::mcmc: Smoothed trend, done!
Estimation::mcmc: Updated Variables
Estimation::mcmc: Updated Variables, done!
Estimation::mcmc: Forecasted variables (mean)
Estimation::mcmc: Forecasted variables (mean), done!
Estimation::mcmc: Forecasted variables (point)
Estimation::mcmc: Forecasted variables (point), done!
Total computing time : 2h11m26s
Note: 33 warning(s) encountered in the preprocessor
Note: warning(s) encountered in MATLAB/Octave code
