Starting Dynare (version 4.5.7).
Starting preprocessing of the model file ...
Substitution of exo lags: added 2 auxiliary variables and equations.
Found 49 equation(s).
Evaluating expressions...done
Computing static model derivatives:
 - order 1
Computing dynamic model derivatives:
 - order 1
 - order 2
Processing outputs ...
done
Preprocessing completed.
ospective.errorDocCallback('dynare', 'C:\dynare\4.5.7\matlab\dynare.m', 235)" style="font-weight:bold">dynare</a> (<a href="matlab: opentoline('C:\dynare\4.5.7\matlab\dynare.m',235,0)">line 235</a>)
  In <a href="matlab:matlab.internal.language.introspective.errorDocCallback('gen_forecast_ew2020Q2_1', 'C:\Users\dev\Documents\GitHub\MMB_forecast_application\gen_forecast_ew2020Q2_1.m', 219)" style="font-weight:bold">gen_forecast_ew2020Q2_1</a> (<a href="matlab: opentoline('C:\Users\dev\Documents\GitHub\MMB_forecast_application\gen_forecast_ew2020Q2_1.m',219,0)">line 219</a>)] 

RESULTS FROM POSTERIOR ESTIMATION
parameters
         prior mean     mode    s.d. prior pstdev

psi1         1.500   0.0432     NaN norm  0.2500 
rho_r        0.750   0.8179     NaN beta  0.1000 
psi2         0.120   0.3155     NaN norm  0.0500 
psi3         0.120   0.0696     NaN norm  0.0500 
zeta_p       0.500   0.5268     NaN beta  0.1000 
zeta_w       0.500   0.7195     NaN beta  0.1000 
iota_w       0.500   0.4109     NaN beta  0.1500 
iota_p       0.500   0.8094     NaN beta  0.1500 
zeta_spb     0.050   0.0443     NaN beta  0.0050 
sprd_aux     2.000   2.0246     NaN gamm  0.1000 
alp          0.300   0.1937     NaN norm  0.0500 
Bigphi       1.250   1.3492     NaN norm  0.1200 
h            0.700   0.6455     NaN beta  0.1000 
nu_l         2.000   2.0684     NaN norm  0.7500 
rstar_aux    0.250   0.1729     NaN gamm  0.1000 
pistar_aux   0.750   0.9503     NaN gamm  0.4000 
zstar_aux    0.400   0.7658     NaN norm  0.1000 
s2           4.000   4.0875     NaN norm  1.5000 
sigmac       1.500   1.7152     NaN norm  0.3700 
ppsi         0.500   0.3473     NaN beta  0.1500 
Lmean      -45.000 -43.7588     NaN norm  5.0000 
rho_z        0.500   0.5708     NaN beta  0.2000 
rho_b        0.500   0.9999     NaN beta  0.2000 
rho_g        0.500   0.6613     NaN beta  0.2000 
rho_mu       0.500   0.8601     NaN beta  0.2000 
rho_rm       0.500   0.8363     NaN beta  0.2000 
rho_laf      0.500   0.8848     NaN beta  0.2000 
rho_law      0.500   0.4926     NaN beta  0.2000 
eta_laf      0.500   0.6378     NaN beta  0.2000 
eta_law      0.500   0.4463     NaN beta  0.2000 
eta_gz       0.500   0.4143     NaN beta  0.2000 
rho_sigw     0.750   0.3695     NaN beta  0.1500 

standard deviation of shocks
         prior mean     mode    s.d. prior pstdev

z_sh         0.100   0.2151     NaN invg  2.0000 
g_sh         0.100   0.2153     NaN invg  2.0000 
b_sh         0.100   0.1207     NaN invg  2.0000 
mu_sh        0.100   0.2518     NaN invg  2.0000 
laf_sh       0.100   0.1863     NaN invg  2.0000 
law_sh       0.100   0.4130     NaN invg  2.0000 
sigw_sh      0.050   0.1704     NaN invg  4.0000 
rm_sh        0.100   0.1287     NaN invg  2.0000 


Log data density [Laplace approximation] is NaN.


Configuring Dynare ...
[mex] Generalized QZ.
[mex] Sylvester equation solution.
[mex] Kronecker products.
[mex] Sparse kronecker products.
[mex] Local state space iteration (second order).
[mex] Bytecode evaluation.
[mex] k-order perturbation solver.
[mex] k-order solution simulation.
[mex] Quasi Monte-Carlo sequence (Sobol).
[mex] Markov Switching SBVAR.

Using 64-bit preprocessor
Starting Dynare (version 4.5.7).
Starting preprocessing of the model file ...
Substitution of exo lags: added 2 auxiliary variables and equations.
Found 49 equation(s).
Evaluating expressions...done
Computing static model derivatives:
 - order 1
Computing dynamic model derivatives:
 - order 1
 - order 2
Processing outputs ...
done
Preprocessing completed.

[Warning: Some of the parameters have no value (bet, pistar, sprd, Fom, zstar, rstar, Rstarn, rkstar, omegastar, Lstar, kstar, kbarstar, istar, ystar, cstar, wl_c, zwstar, sigwstar,
omegabarstar, Gstar, Gammastar, dGdomegastar, d2Gdomega2star, dGammadomegastar, d2Gammadomega2star, dGdsigmastar, d2Gdomegadsigmastar, dGammadsigmastar, d2Gammadomegadsigmastar,
muestar, nkstar, Rhostar, wekstar, vkstar, nstar, vstar, GammamuG, GammamuGprime, zeta_bw, zeta_zw, zeta_bw_zw, zeta_bsigw, zeta_zsigw, zeta_spsigw, zeta_bmue, zeta_zmue,
zeta_spmue, Rkstar, zeta_Gw, zeta_Gsigw, zeta_nRk, zeta_nR, zeta_nqk, zeta_nn, zeta_nmue, zeta_nsigw) when using steady. If these parameters are not initialized in a steadystate
file or a steady_state_model-block, Dynare may not be able to solve the model...] 

STEADY-STATE RESULTS:

y_t              		 0
c_t              		 0
i_t              		 0
k_t              		 0
kbar_t           		 0
L_t              		 0
mc_t             		 0
pi_t             		 0
R_t              		 0
rk_t             		 0
u_t              		 0
w_t              		 0
muw_t            		 0
qk_t             		 0
Rktil_t          		 0
n_t              		 0
z_t              		 0
ztil_t           		 0
b_t              		 0
g_t              		 0
laf_t            		 0
law_t            		 0
sigw_t           		 0
mu_t             		 0
rm_t             		 0
gdp_rgd_obs      		 0.675032
hours_dngs15_obs 		 0.467095
wage_rgd_obs     		 0.675032
gdpdef_obs       		 0.636515
ffr_obs          		 1.24246
c_rgd_obs        		 0.675032
ifi_rgd_obs      		 0.675032
baag10_obs       		 0.449254
y_ft             		 0
c_ft             		 0
i_ft             		 0
k_ft             		 0
kbar_ft          		 0
L_ft             		 0
r_ft             		 0
rk_ft            		 0
u_ft             		 0
w_ft             		 0
qk_ft            		 0
outputgap_t      		 0
r_ft_obs         		 2.42378
r_ann_t          		 2.42378

EIGENVALUES:
         Modulus             Real        Imaginary

       8.974e-18       -8.974e-18                0
       2.728e-17       -2.728e-17                0
       3.683e-17       -3.683e-17                0
       1.093e-16       -1.093e-16                0
       1.576e-16        1.576e-16                0
          0.2185           0.2185                0
          0.2654           0.2654                0
          0.3293           0.3293                0
          0.3298           0.3298                0
          0.3639           0.3639                0
          0.6151           0.6151                0
          0.7042           0.7042                0
          0.8408           0.8408                0
          0.9034           0.9002          0.07578
          0.9034           0.9002         -0.07578
          0.9077           0.9063          0.04968
          0.9077           0.9063         -0.04968
          0.9279           0.9279                0
          0.9326           0.9326                0
          0.9583           0.9583                0
          0.9729           0.9729                0
          0.9738           0.9738                0
          0.9788           0.9788                0
           1.053            1.053                0
           1.108            1.106          0.07199
           1.108            1.106         -0.07199
           1.135            1.125           0.1509
           1.135            1.125          -0.1509
           1.253            1.225           0.2632
           1.253            1.225          -0.2632
       8.717e+16       -8.717e+16                0
       2.359e+18       -2.359e+18                0
       3.913e+18        3.913e+18                0
       9.308e+18        9.308e+18                0
             Inf             -Inf                0


There are 12 eigenvalue(s) larger than 1 in modulus 
for 12 forward-looking variable(s)

The rank condition is verified.

Initial value of the log posterior (or likelihood): -2448685.8826

==========================================================
   Change in the posterior covariance matrix = 24.998.
   Change in the posterior mean = 6.2955.
   Mode improvement = 2445981.9867
   New value of jscale = 0.00042275
==========================================================

==========================================================
   Change in the posterior covariance matrix = 2.7665.
   Change in the posterior mean = 8.7292.
   Mode improvement = 98.3729
   New value of jscale = 0.40049
==========================================================

==========================================================
   Change in the posterior covariance matrix = 2.7623.
   Change in the posterior mean = 9.9287.
   Mode improvement = 462.5072
   New value of jscale = 0.15717
==========================================================

Optimal value of the scale parameter = 0.15717


Final value of minus the log posterior (or likelihood):3264.776011 

MODE CHECK

Fval obtained by the minimization routine (minus the posterior/likelihood)): 3264.776011

RESULTS FROM POSTERIOR ESTIMATION
parameters
         prior mean     mode    s.d. prior pstdev

psi1         1.500   1.2416  0.0075 norm  0.2500 
rho_r        0.750   0.6520  0.0008 beta  0.1000 
psi2         0.120   0.0642  0.0007 norm  0.0500 
psi3         0.120   0.1084  0.0003 norm  0.0500 
zeta_p       0.500   0.3818  0.0017 beta  0.1000 
zeta_w       0.500   0.6269  0.0020 beta  0.1000 
iota_w       0.500   0.4482  0.0017 beta  0.1500 
iota_p       0.500   0.3197  0.0019 beta  0.1500 
zeta_spb     0.050   0.0390  0.0002 beta  0.0050 
sprd_aux     2.000   1.9963  0.0002 gamm  0.1000 
alp          0.300   0.2718  0.0013 norm  0.0500 
Bigphi       1.250   1.3982  0.0035 norm  0.1200 
h            0.700   0.7461  0.0004 beta  0.1000 
nu_l         2.000   0.6424  0.0017 norm  0.7500 
rstar_aux    0.250   0.1569  0.0006 gamm  0.1000 
pistar_aux   0.750   1.1071  0.0067 gamm  0.4000 
zstar_aux    0.400   0.7150  0.0054 norm  0.1000 
s2           4.000   3.9812  0.0124 norm  1.5000 
sigmac       1.500   1.5409  0.0046 norm  0.3700 
ppsi         0.500   0.5712  0.0004 beta  0.1500 
Lmean      -45.000 -45.6062  0.0787 norm  5.0000 
rho_z        0.500   0.0379  0.0050 beta  0.2000 
rho_b        0.500   0.5398  0.0007 beta  0.2000 
rho_g        0.500   0.8463  0.0029 beta  0.2000 
rho_mu       0.500   0.9963  0.0074 beta  0.2000 
rho_rm       0.500   0.7147  0.0032 beta  0.2000 
rho_laf      0.500   0.5417  0.0003 beta  0.2000 
rho_law      0.500   0.6735  0.0023 beta  0.2000 
eta_laf      0.500   0.2152  0.0017 beta  0.2000 
eta_law      0.500   0.1282  0.0027 beta  0.2000 
eta_gz       0.500   0.0061  0.0001 beta  0.2000 
rho_sigw     0.750   0.7543  0.0000 beta  0.1500 

standard deviation of shocks
         prior mean     mode    s.d. prior pstdev

z_sh         0.100   2.9662  0.0209 invg  2.0000 
g_sh         0.100   2.0482  0.0075 invg  2.0000 
b_sh         0.100   0.0931  0.0005 invg  2.0000 
mu_sh        0.100   1.7425  0.0143 invg  2.0000 
laf_sh       0.100   2.4973  0.0084 invg  2.0000 
law_sh       0.100   0.8818  0.0060 invg  2.0000 
sigw_sh      0.050   0.9590  0.0084 invg  4.0000 
rm_sh        0.100   0.9492  0.0108 invg  2.0000 


Log data density [Laplace approximation] is -3609.637321.

Estimation::mcmc: One Chain mode.
Estimation::mcmc: Initialization at the posterior mode.

Estimation::mcmc: Write details about the MCMC... Ok!
Estimation::mcmc: Details about the MCMC are available in DNGS15/metropolis\DNGS15_mh_history_0.mat


Estimation::mcmc: Number of mh files: 2 per block.
Estimation::mcmc: Total number of generated files: 2.
Estimation::mcmc: Total number of iterations: 500000.
Estimation::mcmc: Current acceptance ratio per chain: 
                                                       Chain  1: 58.507%
Estimation::mcmc: Total number of MH draws per chain: 500000.
Estimation::mcmc: Total number of generated MH files: 2.
Estimation::mcmc: I'll use mh-files 1 to 2.
Estimation::mcmc: In MH-file number 1 I'll start at line 200001.
Estimation::mcmc: Finally I keep 300000 draws per chain.



MCMC Inefficiency factors per block
Parameter        Block 1
SE_z_sh          732.865
SE_g_sh          728.003
SE_b_sh          724.525
SE_mu_sh         734.682
SE_laf_sh        741.155
SE_law_sh        714.498
SE_sigw_sh       709.323
SE_rm_sh         745.748
psi1             725.900
rho_r            742.861
psi2             719.322
psi3             746.017
zeta_p           728.744
zeta_w           722.979
iota_w           738.938
iota_p           745.627
zeta_spb         736.871
sprd_aux         734.294
alp              729.451
Bigphi           715.759
h                732.184
nu_l             741.440
rstar_aux        726.404
pistar_aux       734.744
zstar_aux        686.937
s2               729.172
sigmac           738.023
ppsi             733.692
Lmean            726.988
rho_z            738.897
rho_b            728.174
rho_g            739.897
rho_mu           199.872
rho_rm           733.914
rho_laf          742.977
rho_law          711.675
eta_laf          743.994
eta_law          719.039
eta_gz           744.119
rho_sigw         737.578


Geweke (1992) Convergence Tests, based on means of draws 200000 to 260000 vs 350000 to 500000.
p-values are for Chi2-test for equality of means.
Parameter          Post. Mean        Post. Std   p-val No Taper   p-val 4% Taper   p-val 8% Taper  p-val 15% Taper
SE_z_sh                 2.674            0.151            0.000            0.000            0.000            0.000
SE_g_sh                 2.019            0.053            0.000            0.000            0.005            0.021
SE_b_sh                 0.096            0.002            0.000            0.007            0.039            0.090
SE_mu_sh                1.661            0.044            0.000            0.010            0.044            0.099
SE_laf_sh               2.530            0.028            0.000            0.000            0.002            0.012
SE_law_sh               0.886            0.033            0.000            0.000            0.002            0.012
SE_sigw_sh              0.969            0.031            0.000            0.916            0.934            0.944
SE_rm_sh                0.862            0.069            0.000            0.000            0.000            0.000
psi1                    1.232            0.009            0.000            0.490            0.608            0.684
rho_r                   0.643            0.004            0.000            0.000            0.000            0.000
psi2                    0.066            0.002            0.000            0.000            0.000            0.000
psi3                    0.113            0.002            0.000            0.000            0.000            0.000
zeta_p                  0.377            0.002            0.000            0.002            0.020            0.057
zeta_w                  0.632            0.002            0.000            0.003            0.025            0.065
iota_w                  0.449            0.004            0.000            0.000            0.000            0.000
iota_p                  0.317            0.005            0.000            0.000            0.000            0.000
zeta_spb                0.039            0.000            0.000            0.000            0.000            0.000
sprd_aux                1.998            0.002            0.000            0.241            0.373            0.465
alp                     0.271            0.001            0.000            0.028            0.098            0.189
Bigphi                  1.406            0.003            0.000            0.868            0.900            0.916
h                       0.743            0.003            0.000            0.224            0.359            0.457
nu_l                    0.639            0.020            0.000            0.000            0.006            0.027
rstar_aux               0.161            0.003            0.000            0.000            0.000            0.000
pistar_aux              1.112            0.008            0.000            0.000            0.000            0.004
zstar_aux               0.723            0.004            0.000            0.324            0.439            0.503
s2                      4.021            0.053            0.000            0.125            0.242            0.339
sigmac                  1.521            0.021            0.000            0.000            0.000            0.000
ppsi                    0.577            0.004            0.000            0.684            0.761            0.809
Lmean                 -45.408            0.086            0.000            0.000            0.009            0.042
rho_z                   0.020            0.008            0.000            0.000            0.000            0.000
rho_b                   0.549            0.004            0.000            0.000            0.000            0.002
rho_g                   0.847            0.004            0.000            0.000            0.000            0.000
rho_mu                  0.995            0.001            0.000            0.000            0.000            0.000
rho_rm                  0.725            0.008            0.000            0.000            0.000            0.000
rho_laf                 0.542            0.001            0.000            0.000            0.000            0.000
rho_law                 0.667            0.007            0.000            0.000            0.004            0.017
eta_laf                 0.194            0.011            0.000            0.000            0.000            0.000
eta_law                 0.119            0.005            0.000            0.298            0.440            0.545
eta_gz                  0.008            0.002            0.000            0.000            0.000            0.002
rho_sigw                0.755            0.000            0.000            0.000            0.000            0.000


Estimation::marginal density: I'm computing the posterior mean and covariance...  Done!
Estimation::marginal density: I'm computing the posterior log marginal density (modified harmonic mean)... Done!


ESTIMATION RESULTS

Log data density is -3483.020455.

parameters
             prior mean   post. mean        90% HPD interval    prior       pstdev

psi1              1.500       1.2345      1.2226      1.2481   norm        0.2500
rho_r             0.750       0.6409      0.6359      0.6472   beta        0.1000
psi2              0.120       0.0670      0.0656      0.0684   norm        0.0500
psi3              0.120       0.1147      0.1127      0.1170   norm        0.0500
zeta_p            0.500       0.3772      0.3743      0.3795   beta        0.1000
zeta_w            0.500       0.6325      0.6292      0.6356   beta        0.1000
iota_w            0.500       0.4500      0.4420      0.4564   beta        0.1500
iota_p            0.500       0.3150      0.3070      0.3236   beta        0.1500
zeta_spb          0.050       0.0384      0.0381      0.0387   beta        0.0050
sprd_aux          2.000       1.9981      1.9955      2.0013   gamm        0.1000
alp               0.300       0.2714      0.2692      0.2736   norm        0.0500
Bigphi            1.250       1.4055      1.4011      1.4096   norm        0.1200
h                 0.700       0.7417      0.7381      0.7451   beta        0.1000
nu_l              2.000       0.6381      0.6044      0.6748   norm        0.7500
rstar_aux         0.250       0.1620      0.1590      0.1657   gamm        0.1000
pistar_aux        0.750       1.1105      1.0951      1.1228   gamm        0.4000
zstar_aux         0.400       0.7228      0.7181      0.7273   norm        0.1000
s2                4.000       4.0290      3.9469      4.1110   norm        1.5000
sigmac            1.500       1.5074      1.4881      1.5278   norm        0.3700
ppsi              0.500       0.5786      0.5738      0.5831   beta        0.1500
Lmean           -45.000     -45.3997    -45.5201    -45.2819   norm        5.0000
rho_z             0.500       0.0174      0.0076      0.0265   beta        0.2000
rho_b             0.500       0.5507      0.5452      0.5557   beta        0.2000
rho_g             0.500       0.8481      0.8415      0.8546   beta        0.2000
rho_mu            0.500       0.9941      0.9926      0.9956   beta        0.2000
rho_rm            0.500       0.7287      0.7207      0.7394   beta        0.2000
rho_laf           0.500       0.5422      0.5408      0.5436   beta        0.2000
rho_law           0.500       0.6631      0.6556      0.6711   beta        0.2000
eta_laf           0.500       0.1866      0.1774      0.1974   beta        0.2000
eta_law           0.500       0.1186      0.1114      0.1260   beta        0.2000
eta_gz            0.500       0.0097      0.0083      0.0115   beta        0.2000
rho_sigw          0.750       0.7549      0.7547      0.7552   beta        0.1500

standard deviation of shocks
             prior mean   post. mean        90% HPD interval    prior       pstdev

z_sh              0.100       2.5964      2.4243      2.7544   invg        2.0000
g_sh              0.100       2.0107      1.9219      2.0844   invg        2.0000
b_sh              0.100       0.0965      0.0934      0.0998   invg        2.0000
mu_sh             0.100       1.6560      1.5904      1.7149   invg        2.0000
laf_sh            0.100       2.5311      2.4877      2.5846   invg        2.0000
law_sh            0.100       0.9008      0.8576      0.9415   invg        2.0000
sigw_sh           0.050       0.9725      0.9233      1.0240   invg        4.0000
rm_sh             0.100       0.8217      0.7466      0.9046   invg        2.0000
Estimation::mcmc: Posterior (dsge) IRFs...
Estimation::mcmc: Posterior IRFs, done!
Estimation::mcmc: Smoothed variables
Estimation::mcmc: Smoothed variables, done!
Estimation::mcmc: Smoothed shocks
Estimation::mcmc: Smoothed shocks, done!
Estimation::mcmc: Trend_coefficients
Estimation::mcmc: Trend_coefficients, done!
Estimation::mcmc: Smoothed constant
Estimation::mcmc: Smoothed constant, done!
Estimation::mcmc: Smoothed trend
Estimation::mcmc: Smoothed trend, done!
Estimation::mcmc: Updated Variables
Estimation::mcmc: Updated Variables, done!
Estimation::mcmc: Forecasted variables (mean)
Estimation::mcmc: Forecasted variables (mean), done!
Estimation::mcmc: Forecasted variables (point)
Estimation::mcmc: Forecasted variables (point), done!
Total computing time : 8h47m47s
Note: warning(s) encountered in MATLAB/Octave code
