Starting Dynare (version 4.5.7).
Starting preprocessing of the model file ...
Substitution of endo lags >= 2: added 2 auxiliary variables and equations.
Found 13 equation(s).
Evaluating expressions...done
Computing static model derivatives:
 - order 1
Computing dynamic model derivatives:
 - order 1
 - order 2
Processing outputs ...
done
Preprocessing completed.
Initial value of the log posterior (or likelihood): -340.1579
-----------------
f at the beginning of new iteration,       340.1579146652
Predicted improvement:   431355.125380629
lambda =          1; f =          394.1303556
lambda =    0.33333; f =          341.5596529
lambda =    0.11111; f =         1117.7788304
lambda =   0.037037; f =          811.2873815
lambda =   0.012346; f =          561.7722021
lambda =  0.0041152; f =          360.5756883
lambda =  0.0013717; f =          226.6699375
lambda = 0.00045725; f =          202.9471324
Norm of dx     9.2882
----
Improvement on iteration 1 =      137.210782219
-----------------
f at the beginning of new iteration,       202.9471324464
Predicted improvement:    13822.116778158
lambda =          1; f =          204.1048943
lambda =    0.33333; f =          203.0735450
lambda =    0.11111; f =          202.9604487
lambda =   0.037037; f =          202.9483818
lambda =   0.012346; f =          202.9472075
lambda =  0.0041152; f =         1285.1767614
lambda =  0.0013717; f =          179.2068963
Norm of dx     1.6891
----
Improvement on iteration 2 =       23.740236123
-----------------
f at the beginning of new iteration,       179.2068963235
Predicted improvement:      152.538266677
lambda =          1; f =          179.2069070
lambda =    0.33333; f =          312.9346542
lambda =    0.11111; f =          220.0447027
lambda =   0.037037; f =          185.3970946
lambda =   0.012346; f =          178.2769249
lambda =  0.0041152; f =          178.3181181
lambda =  0.0079555; f =          178.0545791
Norm of dx     0.1746
----
Improvement on iteration 3 =        1.152317185
-----------------
f at the beginning of new iteration,       178.0545791390
Predicted improvement:      123.374055678
lambda =          1; f =          178.0545933
lambda =    0.33333; f =          119.0076388
lambda =    0.64439; f =          192.4580211
lambda =     0.4339; f =          111.8607982
Norm of dx    0.20892
----
Improvement on iteration 4 =       66.193780935
-----------------
f at the beginning of new iteration,       111.8607982042
Predicted improvement:       46.904665011
lambda =          1; f =           79.1023194
Norm of dx    0.09694
----
Improvement on iteration 5 =       32.758478755
-----------------
f at the beginning of new iteration,        79.1023194489
Predicted improvement:        9.166110272
lambda =          1; f =           65.5447911
lambda =     1.9332; f =           79.1023672
lambda =     1.3017; f =           65.3037012
Norm of dx   0.037659
----
Improvement on iteration 6 =       13.798618215
-----------------
f at the beginning of new iteration,        65.3037012334
Predicted improvement:        6.920890425
lambda =          1; f =           60.3918967
Norm of dx   0.030053
----
Improvement on iteration 7 =        4.911804498
-----------------
f at the beginning of new iteration,        60.3918967355
Predicted improvement:        2.527939844
lambda =          1; f =           56.2199679
lambda =     1.9332; f =           54.2694297
Norm of dx   0.025402
----
Improvement on iteration 8 =        6.122467077
-----------------
f at the beginning of new iteration,        54.2694296589
Predicted improvement:        9.764563827
lambda =          1; f =           41.3091164
Norm of dx    0.12665
----
Improvement on iteration 9 =       12.960313281
-----------------
f at the beginning of new iteration,        41.3091163775
Predicted improvement:       17.889864735
lambda =          1; f =          299.3241800
lambda =    0.33333; f =           33.5361030
Norm of dx    0.25607
----
Improvement on iteration 10 =        7.773013351
-----------------
f at the beginning of new iteration,        33.5361030264
Predicted improvement:        2.004438277
lambda =          1; f =           31.5613501
Norm of dx   0.011227
----
Improvement on iteration 11 =        1.974752882
-----------------
f at the beginning of new iteration,        31.5613501445
Predicted improvement:        0.932303024
lambda =          1; f =           32.3134303
lambda =    0.33333; f =           31.2522117
Norm of dx   0.020541
----
Improvement on iteration 12 =        0.309138402
-----------------
f at the beginning of new iteration,        31.2522117422
Predicted improvement:        0.230940859
lambda =          1; f =           30.9407067
Norm of dx   0.010227
----
Improvement on iteration 13 =        0.311505026
-----------------
f at the beginning of new iteration,        30.9407067158
Predicted improvement:        0.364852722
lambda =          1; f =           30.2690098
lambda =     1.9332; f =           29.7498237
lambda =     3.7372; f =           29.0599779
Norm of dx   0.017487
----
Improvement on iteration 14 =        1.880728795
-----------------
f at the beginning of new iteration,        29.0599779209
Predicted improvement:        2.515232557
lambda =          1; f =           25.5720458
Norm of dx    0.12789
----
Improvement on iteration 15 =        3.487932155
-----------------
f at the beginning of new iteration,        25.5720457656
Predicted improvement:        3.859319326
lambda =          1; f =           34.8146175
lambda =    0.33333; f =           23.4574069
lambda =    0.64439; f =           23.2897288
Norm of dx    0.19258
----
Improvement on iteration 16 =        2.282316967
-----------------
f at the beginning of new iteration,        23.2897287986
Predicted improvement:        5.910908572
lambda =          1; f =           23.2897362
lambda =    0.33333; f =           20.6550284
Norm of dx   0.039228
----
Improvement on iteration 17 =        2.634700422
-----------------
f at the beginning of new iteration,        20.6550283768
Predicted improvement:        0.837966646
lambda =          1; f =           20.4921720
lambda =    0.33333; f =           20.2745640
Norm of dx    0.01397
----
Improvement on iteration 18 =        0.380464340
-----------------
f at the beginning of new iteration,        20.2745640370
Predicted improvement:        0.206278406
lambda =          1; f =           20.0670312
Norm of dx  0.0052102
----
Improvement on iteration 19 =        0.207532832
-----------------
f at the beginning of new iteration,        20.0670312050
Predicted improvement:        0.060610675
lambda =          1; f =           19.9868174
Norm of dx  0.0075639
----
Improvement on iteration 20 =        0.080213784
-----------------
f at the beginning of new iteration,        19.9868174209
Predicted improvement:        0.117762172
lambda =          1; f =           19.8029242
lambda =     1.9332; f =           19.7210223
Norm of dx   0.010659
----
Improvement on iteration 21 =        0.265795169
-----------------
f at the beginning of new iteration,        19.7210222519
Predicted improvement:        0.239801866
lambda =          1; f =           19.3401250
lambda =     1.9332; f =           19.1824954
Norm of dx   0.022051
----
Improvement on iteration 22 =        0.538526869
-----------------
f at the beginning of new iteration,        19.1824953834
Predicted improvement:        0.283591585
lambda =          1; f =           18.8300470
Norm of dx   0.027277
----
Improvement on iteration 23 =        0.352448399
-----------------
f at the beginning of new iteration,        18.8300469844
Predicted improvement:        0.209591150
lambda =          1; f =           18.7783321
lambda =    0.33333; f =           18.7200331
lambda =    0.64439; f =           18.6866010
Norm of dx   0.041511
----
Improvement on iteration 24 =        0.143446034
-----------------
f at the beginning of new iteration,        18.6866009501
Predicted improvement:        0.106319403
lambda =          1; f =           18.5354377
lambda =     1.9332; f =           18.4982485
Norm of dx   0.016522
----
Improvement on iteration 25 =        0.188352415
-----------------
f at the beginning of new iteration,        18.4982485355
Correct for low angle: 0.00439083
Predicted improvement:        0.103410534
lambda =          1; f =           18.3497290
lambda =     1.9332; f =           18.3571434
Norm of dx   0.026206
----
Improvement on iteration 26 =        0.148519577
-----------------
f at the beginning of new iteration,        18.3497289586
Predicted improvement:        0.090680713
lambda =          1; f =           18.2109837
lambda =     1.9332; f =           18.1582600
Norm of dx   0.028906
----
Improvement on iteration 27 =        0.191468964
-----------------
f at the beginning of new iteration,        18.1582599947
Predicted improvement:        0.113148922
lambda =          1; f =           17.9639162
lambda =     1.9332; f =           17.8294158
lambda =     3.7372; f =           17.6637432
Norm of dx   0.014898
----
Improvement on iteration 28 =        0.494516841
-----------------
f at the beginning of new iteration,        17.6637431540
Predicted improvement:        0.352406353
lambda =          1; f =           17.2966797
Norm of dx   0.041469
----
Improvement on iteration 29 =        0.367063477
-----------------
f at the beginning of new iteration,        17.2966796768
Predicted improvement:        0.095851852
lambda =          1; f =           17.1363240
lambda =     1.9332; f =           17.0434486
Norm of dx   0.016067
----
Improvement on iteration 30 =        0.253231030
-----------------
f at the beginning of new iteration,        17.0434486472
Predicted improvement:        0.209552431
lambda =          1; f =           16.6959038
lambda =     1.9332; f =           16.5160754
Norm of dx   0.026311
----
Improvement on iteration 31 =        0.527373256
-----------------
f at the beginning of new iteration,        16.5160753910
Correct for low angle: 0.00456255
Predicted improvement:        0.524774127
lambda =          1; f =           15.7498851
lambda =     1.9332; f =           15.5106784
Norm of dx    0.10518
----
Improvement on iteration 32 =        1.005396992
-----------------
f at the beginning of new iteration,        15.5106783987
Correct for low angle: 0.00199767
Predicted improvement:        0.905460461
lambda =          1; f =           18.9962913
lambda =    0.33333; f =           15.3686321
lambda =    0.11111; f =           15.3579837
lambda =     0.2148; f =           15.3067895
Norm of dx   0.089102
----
Improvement on iteration 33 =        0.203888880
-----------------
f at the beginning of new iteration,        15.3067895188
Correct for low angle: 0.00408035
Predicted improvement:        0.264065681
lambda =          1; f =           15.2468217
lambda =    0.33333; f =           15.1843739
Norm of dx    0.07878
----
Improvement on iteration 34 =        0.122415663
-----------------
f at the beginning of new iteration,        15.1843738560
Correct for low angle: 0.00320558
Predicted improvement:        0.218533169
lambda =          1; f =           15.8970900
lambda =    0.33333; f =           15.1549494
lambda =    0.11111; f =           15.1488164
lambda =     0.2148; f =           15.1384389
Norm of dx   0.078269
----
Improvement on iteration 35 =        0.045934980
-----------------
f at the beginning of new iteration,        15.1384388759
Correct for low angle: 0.0020474
Predicted improvement:        0.286380670
lambda =          1; f =           16.4123666
lambda =    0.33333; f =           15.1817466
lambda =    0.11111; f =           15.1015037
Norm of dx   0.070881
----
Improvement on iteration 36 =        0.036935171
-----------------
f at the beginning of new iteration,        15.1015037047
Predicted improvement:        0.098025977
lambda =          1; f =           14.9776120
Norm of dx    0.06673
----
Improvement on iteration 37 =        0.123891706
-----------------
f at the beginning of new iteration,        14.9776119982
Predicted improvement:        0.044661401
lambda =          1; f =           14.9008815
lambda =     1.9332; f =           14.8512778
lambda =     3.7372; f =           14.8163665
Norm of dx   0.030485
----
Improvement on iteration 38 =        0.161245467
-----------------
f at the beginning of new iteration,        14.8163665315
Predicted improvement:        0.109689125
lambda =          1; f =           14.6045609
lambda =     1.9332; f =           14.4206766
lambda =     3.7372; f =           14.1048893
lambda =     7.2247; f =           13.6574403
lambda =     13.967; f =           13.5413825
Norm of dx   0.011564
----
Improvement on iteration 39 =        1.274983982
-----------------
f at the beginning of new iteration,        13.5413825500
Correct for low angle: 0.00359042
Predicted improvement:        1.766873795
lambda =          1; f =           11.9623578
Norm of dx    0.13742
----
Improvement on iteration 40 =        1.579024721
-----------------
f at the beginning of new iteration,        11.9623578289
Correct for low angle: 0.00381929
Predicted improvement:        0.767266262
lambda =          1; f =           13.9824247
lambda =    0.33333; f =           11.9160423
lambda =    0.11111; f =           11.8459667
Norm of dx    0.27323
----
Improvement on iteration 41 =        0.116391158
-----------------
f at the beginning of new iteration,        11.8459666711
Correct for low angle: 0.00218665
Predicted improvement:        1.349795136
lambda =          1; f =          112.5527140
lambda =    0.33333; f =           15.1438126
lambda =    0.11111; f =           11.9181814
lambda =   0.037037; f =           11.7853922
Norm of dx    0.29042
----
Improvement on iteration 42 =        0.060574456
-----------------
f at the beginning of new iteration,        11.7853922150
Predicted improvement:        0.606731021
lambda =          1; f =           10.9420252
Norm of dx    0.30664
----
Improvement on iteration 43 =        0.843367005
-----------------
f at the beginning of new iteration,        10.9420252099
Correct for low angle: 0.00205355
Predicted improvement:        0.693834551
lambda =          1; f =           22.8687152
lambda =    0.33333; f =           12.4936004
lambda =    0.11111; f =           11.0411390
lambda =   0.037037; f =           10.9195188
Norm of dx    0.27794
----
Improvement on iteration 44 =        0.022506363
-----------------
f at the beginning of new iteration,        10.9195188467
Correct for low angle: 0.00139723
Predicted improvement:        0.961391909
lambda =          1; f =          226.8473334
lambda =    0.33333; f =           16.7564287
lambda =    0.11111; f =           11.2562723
lambda =   0.037037; f =           10.9057681
lambda =   0.012346; f =           10.9023632
lambda =   0.023866; f =           10.8975351
Norm of dx    0.26933
----
Improvement on iteration 45 =        0.021983770
-----------------
f at the beginning of new iteration,        10.8975350764
Correct for low angle: 0.00275151
Predicted improvement:        0.451863379
lambda =          1; f =           18.6869075
lambda =    0.33333; f =           11.8872064
lambda =    0.11111; f =           10.9565123
lambda =   0.037037; f =           10.8819900
Norm of dx    0.26192
----
Improvement on iteration 46 =        0.015545120
-----------------
f at the beginning of new iteration,        10.8819899565
Correct for low angle: 0.00161929
Predicted improvement:        0.730897386
lambda =          1; f =          144.5882947
lambda =    0.33333; f =           15.4417134
lambda =    0.11111; f =           11.1617075
lambda =   0.037037; f =           10.8744705
lambda =   0.012346; f =           10.8693256
lambda =   0.023866; f =           10.8665537
Norm of dx    0.25288
----
Improvement on iteration 47 =        0.015436301
-----------------
f at the beginning of new iteration,        10.8665536553
Correct for low angle: 0.00264259
Predicted improvement:        0.423197614
lambda =          1; f =           19.2385903
lambda =    0.33333; f =           12.0031031
lambda =    0.11111; f =           10.9499624
lambda =   0.037037; f =           10.8552462
Norm of dx    0.24739
----
Improvement on iteration 48 =        0.011307487
-----------------
f at the beginning of new iteration,        10.8552461684
Correct for low angle: 0.00146747
Predicted improvement:        0.735213959
lambda =          1; f =          144.2906356
lambda =    0.33333; f =           15.3919624
lambda =    0.11111; f =           11.1318576
lambda =   0.037037; f =           10.8471553
lambda =   0.012346; f =           10.8424416
lambda =   0.023866; f =           10.8394935
Norm of dx    0.23956
----
Improvement on iteration 49 =        0.015752629
-----------------
f at the beginning of new iteration,        10.8394935393
Correct for low angle: 0.00293156
Predicted improvement:        0.345362943
lambda =          1; f =           17.1863605
lambda =    0.33333; f =           11.6491164
lambda =    0.11111; f =           10.8902491
lambda =   0.037037; f =           10.8281306
Norm of dx    0.23509
----
Improvement on iteration 50 =        0.011362920
-----------------
f at the beginning of new iteration,        10.8281306188
Correct for low angle: 0.00166398
Predicted improvement:        0.585134923
lambda =          1; f =           98.6078986
lambda =    0.33333; f =           14.3918642
lambda =    0.11111; f =           11.0541055
lambda =   0.037037; f =           10.8226769
lambda =   0.012346; f =           10.8180909
Norm of dx    0.22838
----
Improvement on iteration 51 =        0.010039679
-----------------
f at the beginning of new iteration,        10.8180909401
Predicted improvement:        0.187592888
lambda =          1; f =           10.5970434
Norm of dx    0.22729
----
Improvement on iteration 52 =        0.221047582
-----------------
f at the beginning of new iteration,        10.5970433578
Correct for low angle: 0.00285172
Predicted improvement:        0.038926260
lambda =          1; f =           10.8308103
lambda =    0.33333; f =           10.6064312
lambda =    0.11111; f =           10.5921291
Norm of dx   0.063415
----
Improvement on iteration 53 =        0.004914221
-----------------
f at the beginning of new iteration,        10.5921291367
Correct for low angle: 0.00127708
Predicted improvement:        0.086488540
lambda =          1; f =           13.4364926
lambda =    0.33333; f =           10.8145087
lambda =    0.11111; f =           10.6030468
lambda =   0.037037; f =           10.5892648
Norm of dx     0.0602
----
Improvement on iteration 54 =        0.002864333
-----------------
f at the beginning of new iteration,        10.5892648034
Correct for low angle: 0.00415187
Predicted improvement:        0.026870609
lambda =          1; f =           10.6552113
lambda =    0.33333; f =           10.5846879
lambda =    0.11111; f =           10.5846443
lambda =     0.2148; f =           10.5831420
Norm of dx   0.059177
----
Improvement on iteration 55 =        0.006122792
-----------------
f at the beginning of new iteration,        10.5831420118
Correct for low angle: 0.0010406
Predicted improvement:        0.103910304
lambda =          1; f =           12.9952660
lambda =    0.33333; f =           10.7601921
lambda =    0.11111; f =           10.5866942
lambda =   0.037037; f =           10.5785928
Norm of dx   0.052735
----
Improvement on iteration 56 =        0.004549198
-----------------
f at the beginning of new iteration,        10.5785928138
Predicted improvement:        0.021259454
lambda =          1; f =           10.5468580
lambda =     1.9332; f =           10.5354002
Norm of dx   0.052504
----
Improvement on iteration 57 =        0.043192641
-----------------
f at the beginning of new iteration,        10.5354001725
Predicted improvement:        0.017616221
lambda =          1; f =           10.5029950
lambda =     1.9332; f =           10.4775919
lambda =     3.7372; f =           10.4404043
lambda =     7.2247; f =           10.4063849
Norm of dx  0.0060437
----
Improvement on iteration 58 =        0.129015279
-----------------
f at the beginning of new iteration,        10.4063848931
Correct for low angle: 0.00393984
Predicted improvement:        0.073454502
lambda =          1; f =           10.3279390
Norm of dx   0.033725
----
Improvement on iteration 59 =        0.078445850
-----------------
f at the beginning of new iteration,        10.3279390430
Predicted improvement:        0.061233073
lambda =          1; f =           10.2323690
lambda =     1.9332; f =           10.1914539
Norm of dx   0.040329
----
Improvement on iteration 60 =        0.136485099
-----------------
f at the beginning of new iteration,        10.1914539440
Predicted improvement:        0.059512678
lambda =          1; f =           10.0983989
lambda =     1.9332; f =           10.0623877
Norm of dx   0.050797
----
Improvement on iteration 61 =        0.129066241
-----------------
f at the beginning of new iteration,        10.0623877027
Correct for low angle: 0.00218862
Predicted improvement:        0.042099660
lambda =          1; f =           11.3773698
lambda =    0.33333; f =           10.1757894
lambda =    0.11111; f =           10.0686816
lambda =   0.037037; f =           10.0611315
Norm of dx   0.079084
----
Improvement on iteration 62 =        0.001256167
-----------------
f at the beginning of new iteration,        10.0611315352
Correct for low angle: 0.00119599
Predicted improvement:        0.073491367
lambda =          1; f =           12.8451642
lambda =    0.33333; f =           10.4027993
lambda =    0.11111; f =           10.0902936
lambda =   0.037037; f =           10.0605251
lambda =   0.012346; f =           10.0597452
lambda =   0.023866; f =           10.0595242
Norm of dx    0.07761
----
Improvement on iteration 63 =        0.001607374
-----------------
f at the beginning of new iteration,        10.0595241617
Correct for low angle: 0.00158563
Predicted improvement:        0.052616109
lambda =          1; f =           13.9800406
lambda =    0.33333; f =           10.3877382
lambda =    0.11111; f =           10.0864784
lambda =   0.037037; f =           10.0601072
lambda =   0.012346; f =           10.0588110
Norm of dx   0.075945
----
Improvement on iteration 64 =        0.000713140
-----------------
f at the beginning of new iteration,        10.0588110213
Predicted improvement:        0.016026524
lambda =          1; f =           10.0409125
Norm of dx   0.075326
----
Improvement on iteration 65 =        0.017898473
-----------------
f at the beginning of new iteration,        10.0409125484
Correct for low angle: 0.00203574
Predicted improvement:        0.001474763
lambda =          1; f =           10.0690734
lambda =    0.33333; f =           10.0431926
lambda =    0.11111; f =           10.0408670
lambda =   0.037037; f =           10.0408073
lambda =   0.071599; f =           10.0407904
Norm of dx   0.013387
----
Improvement on iteration 66 =        0.000122187
-----------------
f at the beginning of new iteration,        10.0407903610
Correct for low angle: 0.000701207
Predicted improvement:        0.004053596
lambda =          1; f =           10.1803690
lambda =    0.33333; f =           10.0543856
lambda =    0.11111; f =           10.0418637
lambda =   0.037037; f =           10.0407709
lambda =   0.012346; f =           10.0407422
Norm of dx   0.012393
----
Improvement on iteration 67 =        0.000048133
-----------------
f at the beginning of new iteration,        10.0407422284
Correct for low angle: 0.00119284
Predicted improvement:        0.002117921
lambda =          1; f =           10.1447153
lambda =    0.33333; f =           10.0514142
lambda =    0.11111; f =           10.0417597
lambda =   0.037037; f =           10.0408036
lambda =   0.012346; f =           10.0407320
lambda =  0.0041152; f =           10.0407354
Norm of dx   0.012168
----
Improvement on iteration 68 =        0.000010241
-----------------
f at the beginning of new iteration,        10.0407319879
Correct for low angle: 0.00422671
Predicted improvement:        0.000554723
lambda =          1; f =           10.0437725
lambda =    0.33333; f =           10.0409140
lambda =    0.11111; f =           10.0407010
lambda =   0.037037; f =           10.0407115
Norm of dx   0.012014
----
Improvement on iteration 69 =        0.000031007
-----------------
f at the beginning of new iteration,        10.0407009808
Correct for low angle: 0.00110769
Predicted improvement:        0.001884908
lambda =          1; f =           10.1163593
lambda =    0.33333; f =           10.0481267
lambda =    0.11111; f =           10.0411146
lambda =   0.037037; f =           10.0406065
Norm of dx   0.010913
----
Improvement on iteration 70 =        0.000094439
-----------------
f at the beginning of new iteration,        10.0406065414
Correct for low angle: 0.00103785
Predicted improvement:        0.002028564
lambda =          1; f =           10.1259443
lambda =    0.33333; f =           10.0493134
lambda =    0.11111; f =           10.0414098
lambda =   0.037037; f =           10.0406444
lambda =   0.012346; f =           10.0405937
lambda =  0.0041152; f =           10.0405995
Norm of dx    0.01054
----
Improvement on iteration 71 =        0.000012799
-----------------
f at the beginning of new iteration,        10.0405937427
Correct for low angle: 0.00261295
Predicted improvement:        0.000755045
lambda =          1; f =           10.0706116
lambda =    0.33333; f =           10.0437947
lambda =    0.11111; f =           10.0409240
lambda =   0.037037; f =           10.0406227
lambda =   0.012346; f =           10.0405944
lambda =  0.0041152; f =           10.0405930
lambda =  0.0013717; f =           10.0405934
lambda = 0.00045725; f =           10.0405936
lambda = 0.00015242; f =           10.0405937
lambda = 5.0805e-05; f =           10.0405937
lambda = 1.6935e-05; f =           10.0405937
lambda =  5.645e-06; f =           10.0405937
lambda = 1.8817e-06; f =           10.0405937
lambda = 6.2723e-07; f =           10.0405937
lambda = 2.0908e-07; f =           10.0405937
lambda = 6.9692e-08; f =           10.0405937
lambda = 2.3231e-08; f =           10.0405937
lambda = 7.7435e-09; f =           10.0405937
lambda = 2.5812e-09; f =           10.0405937
Norm of dx   0.010435
----
Improvement on iteration 72 =        0.000000781
smallest step still improving too slow
-----------------
f at the beginning of new iteration,        10.0405929615
Correct for low angle: 0.00386319
Predicted improvement:        0.000506690
lambda =          1; f =           10.0472391
lambda =    0.33333; f =           10.0412319
lambda =    0.11111; f =           10.0406329
lambda =   0.037037; f =           10.0405871
lambda =   0.012346; f =           10.0405889
Norm of dx   0.010409
----
Improvement on iteration 73 =        0.000005822
-----------------
f at the beginning of new iteration,        10.0405871394
Correct for low angle: 0.00338437
Predicted improvement:        0.000550917
lambda =          1; f =           10.0510544
lambda =    0.33333; f =           10.0413644
lambda =    0.11111; f =           10.0405402
Norm of dx    0.01012
----
Improvement on iteration 74 =        0.000046964
-----------------
f at the beginning of new iteration,        10.0405401756
Correct for low angle: 0.00064493
Predicted improvement:        0.003326511
lambda =          1; f =           10.1190474
lambda =    0.33333; f =           10.0479224
lambda =    0.11111; f =           10.0410010
lambda =   0.037037; f =           10.0404747
lambda =   0.012346; f =           10.0404941
Norm of dx  0.0092226
----
Improvement on iteration 75 =        0.000065476
-----------------
f at the beginning of new iteration,        10.0404746999
Predicted improvement:        0.000326466
lambda =          1; f =           10.0400614
Norm of dx   0.008932
----
Improvement on iteration 76 =        0.000413261
-----------------
f at the beginning of new iteration,        10.0400614388
Predicted improvement:        0.000307562
lambda =          1; f =           10.0395698
lambda =     1.9332; f =           10.0392887
Norm of dx  0.0061283
----
Improvement on iteration 77 =        0.000772697
-----------------
f at the beginning of new iteration,        10.0392887422
Predicted improvement:        0.000748510
lambda =          1; f =           10.0380133
lambda =     1.9332; f =           10.0371716
lambda =     3.7372; f =           10.0364983
Norm of dx  0.0064052
----
Improvement on iteration 78 =        0.002790437
-----------------
f at the beginning of new iteration,        10.0364983056
Predicted improvement:        0.001598663
lambda =          1; f =           10.0337700
lambda =     1.9332; f =           10.0321966
Norm of dx  0.0097746
----
Improvement on iteration 79 =        0.004301667
-----------------
f at the beginning of new iteration,        10.0321966387
Correct for low angle: 0.00215511
Predicted improvement:        0.003704247
lambda =          1; f =           10.0600490
lambda =    0.33333; f =           10.0334717
lambda =    0.11111; f =           10.0317153
Norm of dx   0.020064
----
Improvement on iteration 80 =        0.000481350
-----------------
f at the beginning of new iteration,        10.0317152891
Correct for low angle: 0.00109715
Predicted improvement:        0.004408071
lambda =          1; f =           10.2070573
lambda =    0.33333; f =           10.0489747
lambda =    0.11111; f =           10.0331579
lambda =   0.037037; f =           10.0317266
lambda =   0.012346; f =           10.0316672
Norm of dx   0.015491
----
Improvement on iteration 81 =        0.000048081
-----------------
f at the beginning of new iteration,        10.0316672077
Correct for low angle: 0.002332
Predicted improvement:        0.001809214
lambda =          1; f =           10.0930971
lambda =    0.33333; f =           10.0378962
lambda =    0.11111; f =           10.0322122
lambda =   0.037037; f =           10.0316806
lambda =   0.012346; f =           10.0316530
Norm of dx   0.014903
----
Improvement on iteration 82 =        0.000014179
-----------------
f at the beginning of new iteration,        10.0316530286
Predicted improvement:        0.000810084
lambda =          1; f =           10.0308152
Norm of dx   0.014737
----
Improvement on iteration 83 =        0.000837817
-----------------
f at the beginning of new iteration,        10.0308152120
Predicted improvement:        0.000028012
lambda =          1; f =           10.0307555
lambda =     1.9332; f =           10.0307070
lambda =     3.7372; f =           10.0306325
lambda =     7.2247; f =           10.0305618
Norm of dx 0.00021849
----
Improvement on iteration 84 =        0.000253390
-----------------
f at the beginning of new iteration,        10.0305618218
Predicted improvement:        0.000195540
lambda =          1; f =           10.0301812
lambda =     1.9332; f =           10.0298330
lambda =     3.7372; f =           10.0291786
lambda =     7.2247; f =           10.0279847
lambda =     13.967; f =           10.0259427
lambda =         27; f =           10.0229976
lambda =     52.196; f =           10.0211097
Norm of dx 0.00055423
----
Improvement on iteration 85 =        0.009452125
-----------------
f at the beginning of new iteration,        10.0211096972
Correct for low angle: 0.00276664
Predicted improvement:        0.002369502
lambda =          1; f =           10.0283079
lambda =    0.33333; f =           10.0209313
lambda =    0.11111; f =           10.0207648
Norm of dx  0.0085274
----
Improvement on iteration 86 =        0.000344853
-----------------
f at the beginning of new iteration,        10.0207648442
Correct for low angle: 0.0030767
Predicted improvement:        0.001664297
lambda =          1; f =           10.0258242
lambda =    0.33333; f =           10.0204253
Norm of dx   0.008181
----
Improvement on iteration 87 =        0.000339520
-----------------
f at the beginning of new iteration,        10.0204253240
Correct for low angle: 0.00107119
Predicted improvement:        0.004584434
lambda =          1; f =           10.0448871
lambda =    0.33333; f =           10.0212841
lambda =    0.11111; f =           10.0199219
Norm of dx  0.0057919
----
Improvement on iteration 88 =        0.000503378
-----------------
f at the beginning of new iteration,        10.0199219459
Correct for low angle: 0.00279111
Predicted improvement:        0.000671163
lambda =          1; f =           10.0259744
lambda =    0.33333; f =           10.0203982
lambda =    0.11111; f =           10.0199114
lambda =   0.037037; f =           10.0198997
Norm of dx  0.0051824
----
Improvement on iteration 89 =        0.000022253
-----------------
f at the beginning of new iteration,        10.0198996934
Predicted improvement:        0.000335425
lambda =          1; f =           10.0194950
Norm of dx  0.0049798
----
Improvement on iteration 90 =        0.000404656
-----------------
f at the beginning of new iteration,        10.0194950375
Predicted improvement:        0.000003959
lambda =          1; f =           10.0194907
Norm of dx 0.00033239
----
Improvement on iteration 91 =        0.000004296
-----------------
f at the beginning of new iteration,        10.0194907411
Predicted improvement:        0.000001228
lambda =          1; f =           10.0194884
lambda =     1.9332; f =           10.0194867
lambda =     3.7372; f =           10.0194850
Norm of dx 0.00015482
----
Improvement on iteration 92 =        0.000005782
-----------------
f at the beginning of new iteration,        10.0194849590
Predicted improvement:        0.000003957
lambda =          1; f =           10.0194776
lambda =     1.9332; f =           10.0194709
lambda =     3.7372; f =           10.0194584
lambda =     7.2247; f =           10.0194360
lambda =     13.967; f =           10.0193993
lambda =         27; f =           10.0193528
Norm of dx 0.00013437
----
Improvement on iteration 93 =        0.000132174
-----------------
f at the beginning of new iteration,        10.0193527852
Correct for low angle: 0.00459573
Predicted improvement:        0.000178139
lambda =          1; f =           10.0191275
Norm of dx  0.0036008
----
Improvement on iteration 94 =        0.000225266
-----------------
f at the beginning of new iteration,        10.0191275190
Correct for low angle: 0.00115545
Predicted improvement:        0.001786878
lambda =          1; f =           10.0673673
lambda =    0.33333; f =           10.0234866
lambda =    0.11111; f =           10.0192330
lambda =   0.037037; f =           10.0190112
lambda =   0.071599; f =           10.0190395
Norm of dx   0.009098
----
Improvement on iteration 95 =        0.000116300
-----------------
f at the beginning of new iteration,        10.0190112188
Correct for low angle: 0.00236313
Predicted improvement:        0.001004738
lambda =          1; f =           10.0513522
lambda =    0.33333; f =           10.0223473
lambda =    0.11111; f =           10.0193178
lambda =   0.037037; f =           10.0190247
lambda =   0.012346; f =           10.0190059
lambda =  0.0041152; f =           10.0190083
Norm of dx  0.0099816
----
Improvement on iteration 96 =        0.000005336
-----------------
f at the beginning of new iteration,        10.0190058831
Predicted improvement:        0.000476503
lambda =          1; f =           10.0183449
Norm of dx   0.010143
----
Improvement on iteration 97 =        0.000660948
-----------------
f at the beginning of new iteration,        10.0183449356
Correct for low angle: 0.00338168
Predicted improvement:        0.000293284
lambda =          1; f =           10.0234073
lambda =    0.33333; f =           10.0186587
lambda =    0.11111; f =           10.0182952
lambda =     0.2148; f =           10.0183882
lambda =    0.14463; f =           10.0183106
Norm of dx  0.0072881
----
Improvement on iteration 98 =        0.000049712
-----------------
f at the beginning of new iteration,        10.0182952232
Correct for low angle: 0.000646499
Predicted improvement:        0.001657959
lambda =          1; f =           10.0580806
lambda =    0.33333; f =           10.0221748
lambda =    0.11111; f =           10.0185769
lambda =   0.037037; f =           10.0182779
lambda =   0.012346; f =           10.0182771
Norm of dx  0.0065462
----
Improvement on iteration 99 =        0.000018113
-----------------
f at the beginning of new iteration,        10.0182771101
Correct for low angle: 0.000827488
Predicted improvement:        0.001098714
lambda =          1; f =           10.0541782
lambda =    0.33333; f =           10.0219736
lambda =    0.11111; f =           10.0186160
lambda =   0.037037; f =           10.0182917
lambda =   0.012346; f =           10.0182711
lambda =  0.0041152; f =           10.0182739
Norm of dx  0.0064829
----
Improvement on iteration 100 =        0.000006019
-----------------
f at the beginning of new iteration,        10.0182710916
Correct for low angle: 0.001379
Predicted improvement:        0.000580591
lambda =          1; f =           10.0446438
lambda =    0.33333; f =           10.0211301
lambda =    0.11111; f =           10.0185806
lambda =   0.037037; f =           10.0183033
lambda =   0.012346; f =           10.0182740
lambda =  0.0041152; f =           10.0182712
lambda =  0.0013717; f =           10.0182710
lambda = 0.00045725; f =           10.0182711
lambda = 0.00015242; f =           10.0182711
lambda = 5.0805e-05; f =           10.0182711
lambda = 1.6935e-05; f =           10.0182711
lambda =  5.645e-06; f =           10.0182711
lambda = 1.8817e-06; f =           10.0182711
lambda = 6.2723e-07; f =           10.0182711
lambda = 2.0908e-07; f =           10.0182711
lambda = 6.9692e-08; f =           10.0182711
lambda = 2.3231e-08; f =           10.0182711
lambda = 7.7435e-09; f =           10.0182711
lambda = 2.5812e-09; f =           10.0182711
Norm of dx  0.0064031
----
Improvement on iteration 101 =        0.000000067
improvement < crit termination
smallest step still improving too slow

Final value of minus the log posterior (or likelihood):10.018271 

MODE CHECK

Fval obtained by the minimization routine (minus the posterior/likelihood)): 10.018271

RESULTS FROM POSTERIOR ESTIMATION
parameters
             prior mean     mode    s.d. prior pstdev

trend            0.500   0.6621  0.0783 norm  0.2500 
inflationqstar   1.000   0.8673  0.4332 norm  0.5000 
rstar            0.500   0.4871  0.1001 gamm  0.2500 
kappa            0.300   0.0656  0.0306 gamm  0.1500 
tau              2.000   3.9053  0.5512 gamm  0.5000 
psi1             1.500   1.2375  0.1936 gamm  0.2500 
psi2             0.125   0.2204  0.1174 gamm  0.1000 
rhoR             0.500   0.8657  0.0241 beta  0.2000 
rhog             0.800   0.9789  0.0115 beta  0.1000 
rhoz             0.300   0.4202  0.0955 beta  0.1000 

standard deviation of shocks
             prior mean     mode    s.d. prior pstdev

epsilon_R        0.003   0.0015  0.0001 invg  0.0014 
epsilon_g        0.006   0.0038  0.0007 invg  0.0032 
epsilon_z        0.009   0.0046  0.0004 invg  0.0043 


Log data density [Laplace approximation] is -49.674054.

Estimation::mcmc: One Chain mode.
Estimation::mcmc: Initialization at the posterior mode.

Estimation::mcmc: Write details about the MCMC... Ok!
Estimation::mcmc: Details about the MCMC are available in DS04/metropolis\DS04_mh_history_0.mat


Estimation::mcmc: Number of mh files: 2 per block.
Estimation::mcmc: Total number of generated files: 2.
Estimation::mcmc: Total number of iterations: 1000000.
Estimation::mcmc: Current acceptance ratio per chain: 
                                                       Chain  1: 52.7207%
Estimation::mcmc: Total number of MH draws per chain: 1000000.
Estimation::mcmc: Total number of generated MH files: 2.
Estimation::mcmc: I'll use mh-files 1 to 2.
Estimation::mcmc: In MH-file number 1 I'll start at line 300001.
Estimation::mcmc: Finally I keep 700000 draws per chain.



MCMC Inefficiency factors per block
Parameter            Block 1
SE_epsilon_R         118.778
SE_epsilon_g         290.724
SE_epsilon_z          95.413
trend                 99.754
inflationqstar        86.634
rstar                105.849
kappa                280.516
tau                  102.381
psi1                 109.672
psi2                 239.810
rhoR                 151.809
rhog                 147.132
rhoz                  87.257


Geweke (1992) Convergence Tests, based on means of draws 300000 to 440000 vs 650000 to 1000000.
p-values are for Chi2-test for equality of means.
Parameter              Post. Mean        Post. Std   p-val No Taper   p-val 4% Taper   p-val 8% Taper  p-val 15% Taper
SE_epsilon_R                0.002            0.000            0.000            0.642            0.658            0.680
SE_epsilon_g                0.004            0.001            0.000            0.451            0.441            0.411
SE_epsilon_z                0.005            0.000            0.000            0.418            0.411            0.386
trend                       0.660            0.082            0.000            0.337            0.363            0.334
inflationqstar              0.842            0.409            0.000            0.504            0.471            0.415
rstar                       0.495            0.103            0.014            0.790            0.777            0.768
kappa                       0.082            0.037            0.000            0.846            0.849            0.843
tau                         3.968            0.555            0.000            0.324            0.340            0.362
psi1                        1.347            0.183            0.000            0.268            0.284            0.272
psi2                        0.313            0.124            0.000            0.564            0.567            0.549
rhoR                        0.869            0.023            0.814            0.989            0.989            0.990
rhog                        0.975            0.011            0.000            0.665            0.657            0.627
rhoz                        0.428            0.092            0.000            0.487            0.485            0.390


Estimation::marginal density: I'm computing the posterior mean and covariance...  Done!
Estimation::marginal density: I'm computing the posterior log marginal density (modified harmonic mean)... Done!


ESTIMATION RESULTS

Log data density is -49.476515.

parameters
                 prior mean   post. mean        90% HPD interval    prior       pstdev

trend                 0.500       0.6594      0.5252      0.7954   norm        0.2500
inflationqstar        1.000       0.8396      0.1782      1.5132   norm        0.5000
rstar                 0.500       0.4960      0.3201      0.6605   gamm        0.2500
kappa                 0.300       0.0814      0.0246      0.1350   gamm        0.1500
tau                   2.000       3.9671      3.0591      4.8623   gamm        0.5000
psi1                  1.500       1.3470      1.0315      1.6159   gamm        0.2500
psi2                  0.125       0.3138      0.1149      0.5000   gamm        0.1000
rhoR                  0.500       0.8694      0.8323      0.9065   beta        0.2000
rhog                  0.800       0.9747      0.9578      0.9928   beta        0.1000
rhoz                  0.300       0.4290      0.2786      0.5800   beta        0.1000

standard deviation of shocks
                 prior mean   post. mean        90% HPD interval    prior       pstdev

epsilon_R             0.003       0.0015      0.0013      0.0017   invg        0.0014
epsilon_g             0.006       0.0040      0.0028      0.0051   invg        0.0032
epsilon_z             0.009       0.0047      0.0039      0.0054   invg        0.0043
Estimation::mcmc: Posterior (dsge) IRFs...
Estimation::mcmc: Posterior IRFs, done!
Estimation::mcmc: Smoothed variables
Estimation::mcmc: Smoothed variables, done!
Estimation::mcmc: Smoothed shocks
Estimation::mcmc: Smoothed shocks, done!
Estimation::mcmc: Trend_coefficients
Estimation::mcmc: Trend_coefficients, done!
Estimation::mcmc: Smoothed constant
Estimation::mcmc: Smoothed constant, done!
Estimation::mcmc: Smoothed trend
Estimation::mcmc: Smoothed trend, done!
Estimation::mcmc: Updated Variables
Estimation::mcmc: Updated Variables, done!
Estimation::mcmc: Forecasted variables (mean)
Estimation::mcmc: Forecasted variables (mean), done!
Estimation::mcmc: Forecasted variables (point)
Estimation::mcmc: Forecasted variables (point), done!
Total computing time : 1h46m35s
