Starting Dynare (version 4.5.7).
Starting preprocessing of the model file ...
WARNING: A16.mod:107.1-156.5: Symbol s_phi declared twice.
Substitution of endo leads >= 2: added 6 auxiliary variables and equations.
Substitution of endo lags >= 2: added 10 auxiliary variables and equations.
Found 101 equation(s).
Evaluating expressions...done
Computing static model derivatives:
 - order 1
Computing dynamic model derivatives:
 - order 1
Processing outputs ...
done
Preprocessing completed.

<a href = "matlab: helpview([docroot '/toolbox/optim/msg_csh/optim_msg_csh.map'],'local_min_found','CSHelpWindow');">Local minimum found that satisfies the constraints</a>.

Optimization completed because the objective function is non-decreasing in 
<a href = "matlab: helpview([docroot '/toolbox/optim/msg_csh/optim_msg_csh.map'],'feasible_directions','CSHelpWindow');">feasible directions</a>, to within the value of the <a href = "matlab: helpview([docroot '/toolbox/optim/msg_csh/optim_msg_csh.map'],'optimality_tolerance_msgcsh','CSHelpWindow');">optimality tolerance</a>,
and constraints are satisfied to within the value of the <a href = "matlab: helpview([docroot '/toolbox/optim/msg_csh/optim_msg_csh.map'],'constraint_tolerance','CSHelpWindow');">constraint tolerance</a>.

<<a href = "matlab: createExitMsg({'optimlib:sqpLineSearch:Exit1basic'},{'optimlib:sqpLineSearch:Exit1detailed','0.000000e+00','1.000000e-04','1.179887e-10','1.000000e-06'},true,true);;">stopping criteria details</a>>

Initial value of the log posterior (or likelihood): -9563.4243

==========================================================
   Change in the posterior covariance matrix = 3.8278.
   Change in the posterior mean = 1.729.
   Mode improvement = 8861.3416
   New value of jscale = 0.0031762
==========================================================

==========================================================
   Change in the posterior covariance matrix = 0.1601.
   Change in the posterior mean = 1.6062.
   Mode improvement = 23.4326
   New value of jscale = 0.18034
==========================================================

==========================================================
   Change in the posterior covariance matrix = 0.36107.
   Change in the posterior mean = 0.95102.
   Mode improvement = 35.1076
   New value of jscale = 0.33101
==========================================================

Optimal value of the scale parameter = 0.33101


Final value of minus the log posterior (or likelihood):690.407712 

RESULTS FROM POSTERIOR ESTIMATION
parameters
            prior mean     mode    s.d. prior pstdev

bet_s           0.750   0.7725  0.0345 gamm  0.0500 
nu              2.000   2.5941  0.2291 gamm  0.7500 
h               0.500   0.8766  0.0167 beta  0.2000 
eta             0.600   0.6716  0.0167 beta  0.1000 
xi_p            0.750   0.9086  0.0131 beta  0.1500 
iota_p          0.500   0.0568  0.0406 beta  0.1500 
xi_w            0.750   0.9342  0.0171 beta  0.1500 
iota_w          0.500   0.1628  0.0481 beta  0.1500 
theta           0.750   0.7519  0.0322 beta  0.0500 
theta_I         4.000   1.1760  0.2427 gamm  2.0000 
pis             0.500   0.3838  0.0328 gamm  0.1000 
rho_i           0.850   0.7158  0.0268 beta  0.1000 
phi_pi          0.700   0.3885  0.0060 norm  0.0500 
phi_DY          0.125   0.1295  0.0267 norm  0.0500 
tB              0.500   0.2445  0.0192 gamm  0.2000 
rho_z           0.500   0.5204  0.0625 beta  0.2000 
rho_g           0.500   0.9990  0.0005 beta  0.2000 
rho_beta        0.500   0.5072  0.0760 beta  0.2000 
rho_tau         0.500   0.9986  0.0012 beta  0.2000 
decay           0.500   0.7927  0.0370 beta  0.2000 
rho_p           0.500   0.9927  0.0085 beta  0.2000 
rho_w           0.500   0.6202  0.0548 beta  0.2000 
theta_p         0.500   0.2066  0.0989 beta  0.2000 
theta_w         0.500   0.3253  0.0982 beta  0.2000 

standard deviation of shocks
            prior mean     mode    s.d. prior pstdev

eps_z           0.500   1.2782  0.0935 invg2 1.0000 
eps_g           0.500   1.0410  0.0839 invg2 1.0000 
eps_i           0.100   0.2405  0.0173 invg2 1.0000 
eps_tau         0.500   0.2983  0.0297 invg2 1.0000 
eps_tau_trans   0.500   0.2439  0.0244 invg2 1.0000 
eps_beta        0.500   3.4935  0.6530 invg2 1.0000 
eps_p           0.100   0.0227  0.0054 invg2 1.0000 
eps_w           0.100   0.1311  0.0192 invg2 1.0000 
eps_meas        0.050   0.2540  0.0214 invg2 0.0500 
eps_meas_sp     0.050   0.0252  0.0152 invg2 0.0500 


Log data density [Laplace approximation] is -794.279202.

Estimation::mcmc: One Chain mode.
Estimation::mcmc: Initialization at the posterior mode.

Estimation::mcmc: Write details about the MCMC... Ok!
Estimation::mcmc: Details about the MCMC are available in A16/metropolis\A16_mh_history_0.mat


Estimation::mcmc: Number of mh files: 1 per block.
Estimation::mcmc: Total number of generated files: 1.
Estimation::mcmc: Total number of iterations: 100000.
Estimation::mcmc: Current acceptance ratio per chain: 
                                                       Chain  1: 27.194%
Estimation::mcmc: Total number of MH draws per chain: 100000.
Estimation::mcmc: Total number of generated MH files: 1.
Estimation::mcmc: I'll use mh-files 1 to 1.
Estimation::mcmc: In MH-file number 1 I'll start at line 30001.
Estimation::mcmc: Finally I keep 70000 draws per chain.



MCMC Inefficiency factors per block
Parameter              Block 1
SE_eps_z               209.366
SE_eps_g               184.618
SE_eps_i               164.171
SE_eps_tau             271.238
SE_eps_tau_trans       271.596
SE_eps_beta            561.462
SE_eps_p               415.600
SE_eps_w               353.284
SE_eps_meas            231.939
SE_eps_meas_sp         428.221
bet_s                  428.407
nu                     616.316
h                      518.132
eta                    380.933
xi_p                   381.602
iota_p                 213.023
xi_w                   536.248
iota_w                 269.277
theta                  527.263
theta_I                469.470
pis                    653.281
rho_i                  375.753
phi_pi                 636.114
phi_DY                 441.866
tB                     218.242
rho_z                  403.834
rho_g                  221.774
rho_beta               277.072
rho_tau                252.837
decay                  240.367
rho_p                  215.028
rho_w                  581.529
theta_p                535.300
theta_w                574.954


Geweke (1992) Convergence Tests, based on means of draws 30000 to 44000 vs 65000 to 100000.
p-values are for Chi2-test for equality of means.
Parameter                Post. Mean        Post. Std   p-val No Taper   p-val 4% Taper   p-val 8% Taper  p-val 15% Taper
SE_eps_z                      1.307            0.098            0.000            0.102            0.112            0.126
SE_eps_g                      1.063            0.081            0.000            0.078            0.090            0.095
SE_eps_i                      0.245            0.018            0.000            0.575            0.548            0.530
SE_eps_tau                    0.327            0.032            0.000            0.541            0.595            0.651
SE_eps_tau_trans              0.263            0.026            0.315            0.944            0.949            0.952
SE_eps_beta                   4.069            0.912            0.000            0.878            0.908            0.927
SE_eps_p                      0.024            0.006            0.000            0.005            0.017            0.031
SE_eps_w                      0.138            0.025            0.000            0.007            0.016            0.028
SE_eps_meas                   0.256            0.022            0.000            0.021            0.034            0.037
SE_eps_meas_sp                0.046            0.027            0.000            0.001            0.009            0.017
bet_s                         0.772            0.043            0.000            0.422            0.487            0.518
nu                            2.806            0.787            0.000            0.000            0.005            0.019
h                             0.886            0.023            0.569            0.981            0.985            0.988
eta                           0.664            0.021            0.000            0.220            0.307            0.394
xi_p                          0.903            0.014            0.774            0.988            0.990            0.991
iota_p                        0.065            0.028            0.000            0.465            0.426            0.481
xi_w                          0.935            0.025            0.000            0.000            0.002            0.013
iota_w                        0.163            0.046            0.000            0.000            0.000            0.000
theta                         0.731            0.051            0.000            0.000            0.001            0.004
theta_I                       1.344            0.360            0.000            0.033            0.101            0.180
pis                           0.417            0.071            0.000            0.139            0.229            0.280
rho_i                         0.721            0.039            0.000            0.354            0.450            0.526
phi_pi                        0.412            0.021            0.000            0.037            0.093            0.149
phi_DY                        0.125            0.037            0.000            0.065            0.142            0.196
tB                            0.225            0.020            0.000            0.051            0.081            0.105
rho_z                         0.525            0.062            0.000            0.292            0.422            0.529
rho_g                         0.999            0.001            0.117            0.917            0.926            0.930
rho_beta                      0.506            0.080            0.000            0.662            0.714            0.755
rho_tau                       0.998            0.001            0.000            0.018            0.016            0.010
decay                         0.793            0.033            0.000            0.348            0.445            0.529
rho_p                         0.991            0.004            0.000            0.008            0.029            0.053
rho_w                         0.579            0.117            0.000            0.000            0.000            0.002
theta_p                       0.320            0.179            0.000            0.000            0.000            0.000
theta_w                       0.400            0.187            0.000            0.330            0.457            0.552


Estimation::marginal density: I'm computing the posterior mean and covariance...  Done!
Estimation::marginal density: I'm computing the posterior log marginal density (modified harmonic mean)... Done!


ESTIMATION RESULTS

Log data density is -782.741036.

parameters
                prior mean   post. mean        90% HPD interval    prior       pstdev

bet_s                0.750       0.7729      0.7024      0.8505   gamm        0.0500
nu                   2.000       2.6578      1.5923      3.7485   gamm        0.7500
h                    0.500       0.8884      0.8471      0.9258   beta        0.2000
eta                  0.600       0.6616      0.6265      0.6969   beta        0.1000
xi_p                 0.750       0.9048      0.8807      0.9279   beta        0.1500
iota_p               0.500       0.0644      0.0204      0.1055   beta        0.1500
xi_w                 0.750       0.9371      0.9006      0.9797   beta        0.1500
iota_w               0.500       0.1591      0.0833      0.2315   beta        0.1500
theta                0.750       0.7265      0.6385      0.8121   beta        0.0500
theta_I              4.000       1.4089      0.8269      1.9939   gamm        2.0000
pis                  0.500       0.4208      0.2927      0.5347   gamm        0.1000
rho_i                0.850       0.7241      0.6579      0.7877   beta        0.1000
phi_pi               0.700       0.4146      0.3819      0.4458   norm        0.0500
phi_DY               0.125       0.1248      0.0618      0.1863   norm        0.0500
tB                   0.500       0.2266      0.1985      0.2507   gamm        0.2000
rho_z                0.500       0.5287      0.4244      0.6355   beta        0.2000
rho_g                0.500       0.9988      0.9978      0.9998   beta        0.2000
rho_beta             0.500       0.4947      0.3706      0.6244   beta        0.2000
rho_tau              0.500       0.9979      0.9962      0.9997   beta        0.2000
decay                0.500       0.7945      0.7432      0.8493   beta        0.2000
rho_p                0.500       0.9915      0.9857      0.9978   beta        0.2000
rho_w                0.500       0.5605      0.3489      0.7509   beta        0.2000
theta_p              0.500       0.2869      0.0375      0.5416   beta        0.2000
theta_w              0.500       0.4135      0.1060      0.7291   beta        0.2000

standard deviation of shocks
                prior mean   post. mean        90% HPD interval    prior       pstdev

eps_z                0.500       1.3078      1.1566      1.4633   invg2       1.0000
eps_g                0.500       1.0600      0.9330      1.1905   invg2       1.0000
eps_i                0.100       0.2453      0.2148      0.2744   invg2       1.0000
eps_tau              0.500       0.3287      0.2741      0.3782   invg2       1.0000
eps_tau_trans        0.500       0.2652      0.2214      0.3083   invg2       1.0000
eps_beta             0.500       4.2168      2.6198      5.6995   invg2       1.0000
eps_p                0.100       0.0239      0.0145      0.0340   invg2       1.0000
eps_w                0.100       0.1387      0.0978      0.1773   invg2       1.0000
eps_meas             0.050       0.2556      0.2179      0.2915   invg2       0.0500
eps_meas_sp          0.050       0.0417      0.0115      0.0733   invg2       0.0500
Estimation::mcmc: Smoothed variables
Estimation::mcmc: Smoothed variables, done!
Estimation::mcmc: Smoothed shocks
Estimation::mcmc: Smoothed shocks, done!
Estimation::mcmc: Trend_coefficients
Estimation::mcmc: Trend_coefficients, done!
Estimation::mcmc: Smoothed constant
Estimation::mcmc: Smoothed constant, done!
Estimation::mcmc: Smoothed trend
Estimation::mcmc: Smoothed trend, done!
Estimation::mcmc: Updated Variables
Estimation::mcmc: Updated Variables, done!
Estimation::mcmc: Forecasted variables (mean)
Estimation::mcmc: Forecasted variables (mean), done!
Estimation::mcmc: Forecasted variables (point)
Estimation::mcmc: Forecasted variables (point), done!
Total computing time : 34h18m58s
Note: 1 warning(s) encountered in the preprocessor
