Starting Dynare (version 4.5.7).
Starting preprocessing of the model file ...
Substitution of endo lags >= 2: added 2 auxiliary variables and equations.
Found 13 equation(s).
Evaluating expressions...done
Computing static model derivatives:
 - order 1
Computing dynamic model derivatives:
 - order 1
 - order 2
Processing outputs ...
done
Preprocessing completed.
Initial value of the log posterior (or likelihood): -722.5115
-----------------
f at the beginning of new iteration,       722.5115092116
Predicted improvement:  2985394.152955769
lambda =          1; f =         1237.7524982
lambda =    0.33333; f =          764.6262774
lambda =    0.11111; f =          724.2764458
lambda =   0.037037; f =         1101.1278655
lambda =   0.012346; f =          795.3512848
lambda =  0.0041152; f =          553.3561334
lambda =  0.0013717; f =          389.8444682
lambda = 0.00045725; f =          337.2342363
lambda = 0.00015242; f =          407.0311940
Norm of dx     24.435
----
Improvement on iteration 1 =      385.277272924
-----------------
f at the beginning of new iteration,       337.2342362876
Predicted improvement:    14610.216013981
lambda =          1; f =          337.5875252
lambda =    0.33333; f =          337.2704416
lambda =    0.11111; f =          337.2373249
lambda =   0.037037; f =          337.2343502
lambda =   0.012346; f =          305.4437306
lambda =  0.0041152; f =          281.3531032
Norm of dx     1.7136
----
Improvement on iteration 2 =       55.881133054
-----------------
f at the beginning of new iteration,       281.3531032336
Predicted improvement:      421.878240454
lambda =          1; f =          281.3941709
lambda =    0.33333; f =          281.3564961
lambda =    0.11111; f =          281.3532198
lambda =   0.037037; f =          371.0748859
lambda =   0.012346; f =          277.2207814
Norm of dx      0.294
----
Improvement on iteration 3 =        4.132321843
-----------------
f at the beginning of new iteration,       277.2207813907
Predicted improvement:       34.904165113
lambda =          1; f =          227.7708221
lambda =     1.9332; f =          227.6506821
Norm of dx   0.081112
----
Improvement on iteration 4 =       49.570099319
-----------------
f at the beginning of new iteration,       227.6506820720
Predicted improvement:      225.317973994
lambda =          1; f =          213.1395260
lambda =    0.33333; f =          198.3705052
lambda =    0.11111; f =          201.7809131
Norm of dx   0.040247
----
Improvement on iteration 5 =       29.280176910
-----------------
f at the beginning of new iteration,       198.3705051619
Predicted improvement:       10.091689249
lambda =          1; f =          181.7483074
lambda =     1.9332; f =          198.3714383
lambda =     1.3017; f =          198.3705061
lambda =     1.0267; f =          181.4722853
lambda =     1.1838; f =          180.6400412
lambda =      1.365; f =          198.3705208
lambda =     1.2532; f =          181.9124628
Norm of dx   0.050938
----
Improvement on iteration 6 =       17.730463964
warning: possible inaccuracy in H matrix
-----------------
f at the beginning of new iteration,       180.6400411983
Predicted improvement:        6.285915444
lambda =          1; f =          168.6666132
lambda =     1.9332; f =          158.4505997
lambda =     3.7372; f =          144.1077699
lambda =     7.2247; f =          266.7733192
lambda =     4.8647; f =          144.6740535
Norm of dx   0.018649
----
Improvement on iteration 7 =       36.532271347
-----------------
f at the beginning of new iteration,       144.1077698516
Predicted improvement:       12.222316229
lambda =          1; f =          144.1077799
lambda =    0.33333; f =          146.7965816
lambda =    0.11111; f =          142.2193653
Norm of dx   0.085932
----
Improvement on iteration 8 =        1.888404568
-----------------
f at the beginning of new iteration,       142.2193652839
Predicted improvement:        3.117182122
lambda =          1; f =          137.6342059
lambda =     1.9332; f =          136.5087355
Norm of dx   0.029455
----
Improvement on iteration 9 =        5.710629815
-----------------
f at the beginning of new iteration,       136.5087354693
Predicted improvement:        7.715132043
lambda =          1; f =          124.7429423
lambda =     1.9332; f =          122.0889420
Norm of dx   0.075362
----
Improvement on iteration 10 =       14.419793496
-----------------
f at the beginning of new iteration,       122.0889419733
Predicted improvement:       38.136389489
lambda =          1; f =          170.1019417
lambda =    0.33333; f =          102.8279210
lambda =    0.64439; f =          100.9850683
Norm of dx     0.3099
----
Improvement on iteration 11 =       21.103873626
-----------------
f at the beginning of new iteration,       100.9850683476
Predicted improvement:        9.616998056
lambda =          1; f =           88.8335304
Norm of dx   0.047968
----
Improvement on iteration 12 =       12.151537943
-----------------
f at the beginning of new iteration,        88.8335304041
Predicted improvement:       11.737208500
lambda =          1; f =           88.8335567
lambda =    0.33333; f =           84.3958432
Norm of dx   0.084616
----
Improvement on iteration 13 =        4.437687161
-----------------
f at the beginning of new iteration,        84.3958432436
Predicted improvement:        9.393615243
lambda =          1; f =          115.0488917
lambda =    0.33333; f =           82.0809542
Norm of dx   0.034821
----
Improvement on iteration 14 =        2.314889066
-----------------
f at the beginning of new iteration,        82.0809541776
Predicted improvement:        2.988648640
lambda =          1; f =           80.1600553
Norm of dx   0.030263
----
Improvement on iteration 15 =        1.920898917
-----------------
f at the beginning of new iteration,        80.1600552610
Predicted improvement:        0.713566337
lambda =          1; f =           79.7211110
Norm of dx  0.0064465
----
Improvement on iteration 16 =        0.438944300
-----------------
f at the beginning of new iteration,        79.7211109607
Predicted improvement:        0.502053566
lambda =          1; f =           79.1995754
Norm of dx   0.013761
----
Improvement on iteration 17 =        0.521535514
-----------------
f at the beginning of new iteration,        79.1995754466
Predicted improvement:        0.405360906
lambda =          1; f =           78.5118918
lambda =     1.9332; f =           78.1068407
Norm of dx   0.015382
----
Improvement on iteration 18 =        1.092734777
-----------------
f at the beginning of new iteration,        78.1068406693
Predicted improvement:        1.421140314
lambda =          1; f =           75.7465827
lambda =     1.9332; f =           74.5621525
Norm of dx   0.066448
----
Improvement on iteration 19 =        3.544688182
-----------------
f at the beginning of new iteration,        74.5621524872
Predicted improvement:        2.157085599
lambda =          1; f =           73.8641486
lambda =    0.33333; f =           73.4273456
lambda =    0.64439; f =           72.9952049
Norm of dx    0.10448
----
Improvement on iteration 20 =        1.566947546
-----------------
f at the beginning of new iteration,        72.9952049416
Predicted improvement:        1.011882105
lambda =          1; f =           71.8989650
Norm of dx   0.020719
----
Improvement on iteration 21 =        1.096239902
-----------------
f at the beginning of new iteration,        71.8989650399
Predicted improvement:        0.496813085
lambda =          1; f =           71.0138358
lambda =     1.9332; f =           70.3807676
lambda =     3.7372; f =           69.8214342
Norm of dx   0.027064
----
Improvement on iteration 22 =        2.077530826
-----------------
f at the beginning of new iteration,        69.8214342140
Predicted improvement:        1.202998776
lambda =          1; f =           68.1092833
lambda =     1.9332; f =           67.8135931
Norm of dx   0.032295
----
Improvement on iteration 23 =        2.007841072
-----------------
f at the beginning of new iteration,        67.8135931423
Predicted improvement:        1.010369638
lambda =          1; f =           66.3797020
lambda =     1.9332; f =           66.0513240
Norm of dx  0.0088992
----
Improvement on iteration 24 =        1.762269145
-----------------
f at the beginning of new iteration,        66.0513239972
Correct for low angle: 0.00376642
Predicted improvement:        1.670617870
lambda =          1; f =           70.0256390
lambda =    0.33333; f =           65.2101168
lambda =    0.64439; f =           65.4413479
lambda =     0.4339; f =           65.1232372
Norm of dx   0.077783
----
Improvement on iteration 25 =        0.928086814
-----------------
f at the beginning of new iteration,        65.1232371829
Predicted improvement:        2.390957554
lambda =          1; f =           67.9052775
lambda =    0.33333; f =           64.0965542
Norm of dx   0.046197
----
Improvement on iteration 26 =        1.026682968
-----------------
f at the beginning of new iteration,        64.0965542146
Predicted improvement:        0.603266884
lambda =          1; f =           63.7372250
lambda =    0.33333; f =           63.7752227
lambda =    0.64439; f =           63.6398588
Norm of dx   0.036054
----
Improvement on iteration 27 =        0.456695367
-----------------
f at the beginning of new iteration,        63.6398588478
Predicted improvement:        0.161828928
lambda =          1; f =           63.4671659
Norm of dx   0.013237
----
Improvement on iteration 28 =        0.172692989
-----------------
f at the beginning of new iteration,        63.4671658584
Predicted improvement:        0.160588652
lambda =          1; f =           63.3375916
Norm of dx   0.021563
----
Improvement on iteration 29 =        0.129574209
-----------------
f at the beginning of new iteration,        63.3375916490
Predicted improvement:        0.119964729
lambda =          1; f =           63.2125848
Norm of dx   0.011344
----
Improvement on iteration 30 =        0.125006802
-----------------
f at the beginning of new iteration,        63.2125848467
Predicted improvement:        0.044645137
lambda =          1; f =           63.1398155
lambda =     1.9332; f =           63.1002135
Norm of dx  0.0042149
----
Improvement on iteration 31 =        0.112371388
-----------------
f at the beginning of new iteration,        63.1002134587
Predicted improvement:        0.088502377
lambda =          1; f =           62.9768867
Norm of dx   0.011198
----
Improvement on iteration 32 =        0.123326734
-----------------
f at the beginning of new iteration,        62.9768867244
Predicted improvement:        0.073100511
lambda =          1; f =           62.8713156
lambda =     1.9332; f =           62.8517773
Norm of dx   0.014023
----
Improvement on iteration 33 =        0.125109449
-----------------
f at the beginning of new iteration,        62.8517772752
Predicted improvement:        0.072550950
lambda =          1; f =           62.7258030
lambda =     1.9332; f =           62.6405174
lambda =     3.7372; f =           62.5477781
Norm of dx  0.0049566
----
Improvement on iteration 34 =        0.303999140
-----------------
f at the beginning of new iteration,        62.5477781356
Correct for low angle: 0.00437681
Predicted improvement:        0.183953957
lambda =          1; f =           62.2843380
lambda =     1.9332; f =           62.2246034
Norm of dx   0.030672
----
Improvement on iteration 35 =        0.323174765
-----------------
f at the beginning of new iteration,        62.2246033703
Correct for low angle: 0.00246747
Predicted improvement:        0.167691627
lambda =          1; f =           62.2494056
lambda =    0.33333; f =           62.1538240
Norm of dx   0.016435
----
Improvement on iteration 36 =        0.070779405
-----------------
f at the beginning of new iteration,        62.1538239655
Correct for low angle: 0.00468747
Predicted improvement:        0.018444067
lambda =          1; f =           62.1367344
Norm of dx   0.011578
----
Improvement on iteration 37 =        0.017089594
-----------------
f at the beginning of new iteration,        62.1367343713
Predicted improvement:        0.003520740
lambda =          1; f =           62.1308462
lambda =     1.9332; f =           62.1271544
lambda =     3.7372; f =           62.1250163
Norm of dx   0.001646
----
Improvement on iteration 38 =        0.011718099
-----------------
f at the beginning of new iteration,        62.1250162719
Predicted improvement:        0.010743869
lambda =          1; f =           62.1053087
lambda =     1.9332; f =           62.0900009
lambda =     3.7372; f =           62.0685555
lambda =     7.2247; f =           62.0559010
Norm of dx  0.0029729
----
Improvement on iteration 39 =        0.069115264
-----------------
f at the beginning of new iteration,        62.0559010080
Correct for low angle: 0.00195572
Predicted improvement:        0.182569580
lambda =          1; f =           62.0684416
lambda =    0.33333; f =           61.9776428
Norm of dx   0.022053
----
Improvement on iteration 40 =        0.078258243
-----------------
f at the beginning of new iteration,        61.9776427647
Predicted improvement:        0.112545960
lambda =          1; f =           61.7739527
lambda =     1.9332; f =           61.6229883
lambda =     3.7372; f =           61.4359197
Norm of dx   0.041423
----
Improvement on iteration 41 =        0.541723069
-----------------
f at the beginning of new iteration,        61.4359196958
Correct for low angle: 0.00092819
Predicted improvement:        1.404287118
lambda =          1; f =          104.5847696
lambda =    0.33333; f =           63.0591773
lambda =    0.11111; f =           61.3644388
lambda =   0.037037; f =           61.3580310
lambda =   0.071599; f =           61.3326873
Norm of dx    0.12811
----
Improvement on iteration 42 =        0.103232359
-----------------
f at the beginning of new iteration,        61.3326873363
Correct for low angle: 0.00268604
Predicted improvement:        0.493437124
lambda =          1; f =           64.2730873
lambda =    0.33333; f =           61.5119157
lambda =    0.11111; f =           61.2817141
Norm of dx    0.14399
----
Improvement on iteration 43 =        0.050973266
-----------------
f at the beginning of new iteration,        61.2817140703
Correct for low angle: 0.00121056
Predicted improvement:        1.028018362
lambda =          1; f =          110.9299153
lambda =    0.33333; f =           63.4027553
lambda =    0.11111; f =           61.3157822
lambda =   0.037037; f =           61.2340203
Norm of dx      0.138
----
Improvement on iteration 44 =        0.047693768
-----------------
f at the beginning of new iteration,        61.2340203020
Predicted improvement:        0.222782694
lambda =          1; f =           60.9846444
Norm of dx    0.13769
----
Improvement on iteration 45 =        0.249375853
-----------------
f at the beginning of new iteration,        60.9846444485
Predicted improvement:        0.023539924
lambda =          1; f =           60.9555174
Norm of dx     0.0221
----
Improvement on iteration 46 =        0.029127084
-----------------
f at the beginning of new iteration,        60.9555173646
Predicted improvement:        0.026345761
lambda =          1; f =           60.9421441
lambda =    0.33333; f =           60.9421047
lambda =    0.64439; f =           60.9376473
Norm of dx   0.019982
----
Improvement on iteration 47 =        0.017870071
-----------------
f at the beginning of new iteration,        60.9376472932
Predicted improvement:        0.012351993
lambda =          1; f =           60.9164699
lambda =     1.9332; f =           60.9035128
lambda =     3.7372; f =           60.8970175
Norm of dx   0.010879
----
Improvement on iteration 48 =        0.040629836
-----------------
f at the beginning of new iteration,        60.8970174577
Predicted improvement:        0.032121945
lambda =          1; f =           60.8388482
lambda =     1.9332; f =           60.7953084
lambda =     3.7372; f =           60.7406137
Norm of dx   0.010064
----
Improvement on iteration 49 =        0.156403774
-----------------
f at the beginning of new iteration,        60.7406136839
Predicted improvement:        0.157525662
lambda =          1; f =           60.4860918
lambda =     1.9332; f =           60.3697651
Norm of dx   0.081985
----
Improvement on iteration 50 =        0.370848611
-----------------
f at the beginning of new iteration,        60.3697650727
Correct for low angle: 0.0016908
Predicted improvement:        0.348326622
lambda =          1; f =           63.1628514
lambda =    0.33333; f =           60.5920806
lambda =    0.11111; f =           60.3446765
Norm of dx     0.1175
----
Improvement on iteration 51 =        0.025088533
-----------------
f at the beginning of new iteration,        60.3446765395
Correct for low angle: 0.00071789
Predicted improvement:        0.839698624
lambda =          1; f =           96.7831688
lambda =    0.33333; f =           62.0259798
lambda =    0.11111; f =           60.3712886
lambda =   0.037037; f =           60.3057825
Norm of dx    0.11138
----
Improvement on iteration 52 =        0.038894011
-----------------
f at the beginning of new iteration,        60.3057825290
Correct for low angle: 0.0025872
Predicted improvement:        0.214796671
lambda =          1; f =           62.8608164
lambda =    0.33333; f =           60.4482855
lambda =    0.11111; f =           60.2892030
Norm of dx    0.11386
----
Improvement on iteration 53 =        0.016579570
-----------------
f at the beginning of new iteration,        60.2892029587
Correct for low angle: 0.000818216
Predicted improvement:        0.644614088
lambda =          1; f =           68.3858872
lambda =    0.33333; f =           61.3075164
lambda =    0.11111; f =           60.3265557
lambda =   0.037037; f =           60.2616064
Norm of dx    0.10617
----
Improvement on iteration 54 =        0.027596509
-----------------
f at the beginning of new iteration,        60.2616064492
Correct for low angle: 0.00441667
Predicted improvement:        0.110133639
lambda =          1; f =           60.1607552
Norm of dx    0.10681
----
Improvement on iteration 55 =        0.100851253
-----------------
f at the beginning of new iteration,        60.1607551959
Correct for low angle: 0.000863519
Predicted improvement:        0.284574187
lambda =          1; f =           61.3863600
lambda =    0.33333; f =           60.1984104
lambda =    0.11111; f =           60.1231619
Norm of dx    0.03571
----
Improvement on iteration 56 =        0.037593251
-----------------
f at the beginning of new iteration,        60.1231619452
Correct for low angle: 0.00369821
Predicted improvement:        0.028342696
lambda =          1; f =           60.1595236
lambda =    0.33333; f =           60.1144846
Norm of dx   0.030305
----
Improvement on iteration 57 =        0.008677341
-----------------
f at the beginning of new iteration,        60.1144846047
Correct for low angle: 0.00117256
Predicted improvement:        0.076086887
lambda =          1; f =           60.6529585
lambda =    0.33333; f =           60.1355176
lambda =    0.11111; f =           60.1058480
Norm of dx   0.022338
----
Improvement on iteration 58 =        0.008636586
-----------------
f at the beginning of new iteration,        60.1058480187
Predicted improvement:        0.015058289
lambda =          1; f =           60.0864936
Norm of dx   0.020815
----
Improvement on iteration 59 =        0.019354424
-----------------
f at the beginning of new iteration,        60.0864935948
Predicted improvement:        0.010207313
lambda =          1; f =           60.0756078
Norm of dx   0.011521
----
Improvement on iteration 60 =        0.010885791
-----------------
f at the beginning of new iteration,        60.0756078036
Predicted improvement:        0.003727859
lambda =          1; f =           60.0713545
Norm of dx  0.0099758
----
Improvement on iteration 61 =        0.004253265
-----------------
f at the beginning of new iteration,        60.0713545382
Predicted improvement:        0.001435683
lambda =          1; f =           60.0692619
lambda =     1.9332; f =           60.0686873
Norm of dx  0.0039373
----
Improvement on iteration 62 =        0.002667251
-----------------
f at the beginning of new iteration,        60.0686872870
Predicted improvement:        0.000911389
lambda =          1; f =           60.0668833
lambda =     1.9332; f =           60.0652553
lambda =     3.7372; f =           60.0622598
lambda =     7.2247; f =           60.0570351
lambda =     13.967; f =           60.0490468
lambda =         27; f =           60.0414702
Norm of dx  0.0021256
----
Improvement on iteration 63 =        0.027217085
-----------------
f at the beginning of new iteration,        60.0414702018
Predicted improvement:        0.021512676
lambda =          1; f =           60.0001724
lambda =     1.9332; f =           59.9648331
lambda =     3.7372; f =           59.9052981
lambda =     7.2247; f =           59.8233454
lambda =     13.967; f =           59.7930856
Norm of dx   0.022783
----
Improvement on iteration 64 =        0.248384586
-----------------
f at the beginning of new iteration,        59.7930856155
Correct for low angle: 0.00384094
Predicted improvement:        0.085401075
lambda =          1; f =           59.7246378
Norm of dx   0.083502
----
Improvement on iteration 65 =        0.068447864
-----------------
f at the beginning of new iteration,        59.7246377513
Correct for low angle: 0.00164618
Predicted improvement:        0.076449996
lambda =          1; f =           60.2088395
lambda =    0.33333; f =           59.7484367
lambda =    0.11111; f =           59.7156479
Norm of dx   0.029946
----
Improvement on iteration 66 =        0.008989838
-----------------
f at the beginning of new iteration,        59.7156479134
Correct for low angle: 0.00170703
Predicted improvement:        0.050920105
lambda =          1; f =           60.1977670
lambda =    0.33333; f =           59.7432827
lambda =    0.11111; f =           59.7114521
Norm of dx   0.026589
----
Improvement on iteration 67 =        0.004195830
-----------------
f at the beginning of new iteration,        59.7114520838
Correct for low angle: 0.00145944
Predicted improvement:        0.042222371
lambda =          1; f =           60.0781256
lambda =    0.33333; f =           59.7356543
lambda =    0.11111; f =           59.7075814
Norm of dx   0.022996
----
Improvement on iteration 68 =        0.003870642
-----------------
f at the beginning of new iteration,        59.7075814414
Correct for low angle: 0.001325
Predicted improvement:        0.034557914
lambda =          1; f =           60.1151851
lambda =    0.33333; f =           59.7350858
lambda =    0.11111; f =           59.7058027
lambda =   0.037037; f =           59.7058094
Norm of dx    0.02018
----
Improvement on iteration 69 =        0.001778744
-----------------
f at the beginning of new iteration,        59.7058026978
Correct for low angle: 0.0012587
Predicted improvement:        0.027670691
lambda =          1; f =           59.9797897
lambda =    0.33333; f =           59.7251246
lambda =    0.11111; f =           59.7035610
Norm of dx   0.017963
----
Improvement on iteration 70 =        0.002241717
-----------------
f at the beginning of new iteration,        59.7035609808
Correct for low angle: 0.00119769
Predicted improvement:        0.022737231
lambda =          1; f =           59.9901633
lambda =    0.33333; f =           59.7241826
lambda =    0.11111; f =           59.7027582
lambda =   0.037037; f =           59.7024627
Norm of dx   0.016081
----
Improvement on iteration 71 =        0.001098279
-----------------
f at the beginning of new iteration,        59.7024627020
Correct for low angle: 0.00231581
Predicted improvement:        0.009421136
lambda =          1; f =           59.8026414
lambda =    0.33333; f =           59.7096025
lambda =    0.11111; f =           59.7020536
lambda =   0.037037; f =           59.7020210
Norm of dx   0.015664
----
Improvement on iteration 72 =        0.000441734
-----------------
f at the beginning of new iteration,        59.7020209684
Correct for low angle: 0.00429698
Predicted improvement:        0.004496441
lambda =          1; f =           59.6980379
Norm of dx   0.015168
----
Improvement on iteration 73 =        0.003983103
-----------------
f at the beginning of new iteration,        59.6980378654
Predicted improvement:        0.000715503
lambda =          1; f =           59.6970393
Norm of dx   0.002497
----
Improvement on iteration 74 =        0.000998551
-----------------
f at the beginning of new iteration,        59.6970393144
Predicted improvement:        0.000458435
lambda =          1; f =           59.6963800
lambda =     1.9332; f =           59.6962800
Norm of dx  0.0027899
----
Improvement on iteration 75 =        0.000759288
-----------------
f at the beginning of new iteration,        59.6962800268
Correct for low angle: 0.00326126
Predicted improvement:        0.000399883
lambda =          1; f =           59.6957799
Norm of dx  0.0024065
----
Improvement on iteration 76 =        0.000500114
-----------------
f at the beginning of new iteration,        59.6957799128
Predicted improvement:        0.000358573
lambda =          1; f =           59.6951626
lambda =     1.9332; f =           59.6947505
lambda =     3.7372; f =           59.6944025
Norm of dx  0.0026813
----
Improvement on iteration 77 =        0.001377418
-----------------
f at the beginning of new iteration,        59.6944024947
Predicted improvement:        0.000793135
lambda =          1; f =           59.6929222
lambda =     1.9332; f =           59.6916850
lambda =     3.7372; f =           59.6896898
lambda =     7.2247; f =           59.6873271
Norm of dx  0.0014897
----
Improvement on iteration 78 =        0.007075391
-----------------
f at the beginning of new iteration,        59.6873271036
Predicted improvement:        0.006328882
lambda =          1; f =           59.6766095
lambda =     1.9332; f =           59.6701500
lambda =     3.7372; f =           59.6674389
Norm of dx    0.01248
----
Improvement on iteration 79 =        0.019888182
-----------------
f at the beginning of new iteration,        59.6674389217
Predicted improvement:        0.007457771
lambda =          1; f =           59.6580250
Norm of dx   0.006378
----
Improvement on iteration 80 =        0.009413915
-----------------
f at the beginning of new iteration,        59.6580250064
Predicted improvement:        0.001396636
lambda =          1; f =           59.6564655
Norm of dx  0.0032147
----
Improvement on iteration 81 =        0.001559549
-----------------
f at the beginning of new iteration,        59.6564654577
Predicted improvement:        0.000034369
lambda =          1; f =           59.6564260
Norm of dx  0.0013491
----
Improvement on iteration 82 =        0.000039446
-----------------
f at the beginning of new iteration,        59.6564260118
Predicted improvement:        0.000028235
lambda =          1; f =           59.6563836
lambda =     1.9332; f =           59.6563576
Norm of dx 0.00078055
----
Improvement on iteration 83 =        0.000068418
-----------------
f at the beginning of new iteration,        59.6563575934
Predicted improvement:        0.000101438
lambda =          1; f =           59.6561934
lambda =     1.9332; f =           59.6560858
Norm of dx  0.0015126
----
Improvement on iteration 84 =        0.000271831
-----------------
f at the beginning of new iteration,        59.6560857624
Predicted improvement:        0.000405494
lambda =          1; f =           59.6554143
lambda =     1.9332; f =           59.6549876
lambda =     3.7372; f =           59.6547003
Norm of dx  0.0037039
----
Improvement on iteration 85 =        0.001385509
-----------------
f at the beginning of new iteration,        59.6547002531
Predicted improvement:        0.000989806
lambda =          1; f =           59.6527702
lambda =     1.9332; f =           59.6510764
lambda =     3.7372; f =           59.6480965
lambda =     7.2247; f =           59.6434424
lambda =     13.967; f =           59.6386287
Norm of dx   0.004262
----
Improvement on iteration 86 =        0.016071595
-----------------
f at the beginning of new iteration,        59.6386286579
Correct for low angle: 0.00127906
Predicted improvement:        0.006819593
lambda =          1; f =           59.6636316
lambda =    0.33333; f =           59.6383568
lambda =    0.11111; f =           59.6376048
Norm of dx   0.017548
----
Improvement on iteration 87 =        0.001023826
-----------------
f at the beginning of new iteration,        59.6376048322
Correct for low angle: 0.00187907
Predicted improvement:        0.002410051
lambda =          1; f =           59.7104377
lambda =    0.33333; f =           59.6449453
lambda =    0.11111; f =           59.6382286
lambda =   0.037037; f =           59.6376123
lambda =   0.012346; f =           59.6375851
Norm of dx   0.015907
----
Improvement on iteration 88 =        0.000019704
-----------------
f at the beginning of new iteration,        59.6375851283
Correct for low angle: 0.0023482
Predicted improvement:        0.001837030
lambda =          1; f =           59.6637257
lambda =    0.33333; f =           59.6394726
lambda =    0.11111; f =           59.6374492
Norm of dx   0.015713
----
Improvement on iteration 89 =        0.000135949
-----------------
f at the beginning of new iteration,        59.6374491790
Correct for low angle: 0.000482236
Predicted improvement:        0.008712636
lambda =          1; f =           59.9691245
lambda =    0.33333; f =           59.6691017
lambda =    0.11111; f =           59.6399441
lambda =   0.037037; f =           59.6374102
lambda =   0.012346; f =           59.6373403
Norm of dx   0.013986
----
Improvement on iteration 90 =        0.000108851
-----------------
f at the beginning of new iteration,        59.6373403276
Correct for low angle: 0.000749897
Predicted improvement:        0.004506054
lambda =          1; f =           59.9199465
lambda =    0.33333; f =           59.6658853
lambda =    0.11111; f =           59.6401020
lambda =   0.037037; f =           59.6375292
lambda =   0.012346; f =           59.6373227
lambda =  0.0041152; f =           59.6373255
Norm of dx   0.013816
----
Improvement on iteration 91 =        0.000017639
-----------------
f at the beginning of new iteration,        59.6373226883
Correct for low angle: 0.00364919
Predicted improvement:        0.000828295
lambda =          1; f =           59.6567020
lambda =    0.33333; f =           59.6393108
lambda =    0.11111; f =           59.6374976
lambda =   0.037037; f =           59.6373271
lambda =   0.012346; f =           59.6373182
lambda =  0.0041152; f =           59.6373205
Norm of dx   0.013645
----
Improvement on iteration 92 =        0.000004495
-----------------
f at the beginning of new iteration,        59.6373181928
Predicted improvement:        0.000587595
lambda =          1; f =           59.6366691
Norm of dx   0.013473
----
Improvement on iteration 93 =        0.000649088
-----------------
f at the beginning of new iteration,        59.6366691044
Predicted improvement:        0.000008872
lambda =          1; f =           59.6366489
lambda =     1.9332; f =           59.6366461
Norm of dx 0.00072683
----
Improvement on iteration 94 =        0.000023022
-----------------
f at the beginning of new iteration,        59.6366460822
Predicted improvement:        0.000008116
lambda =          1; f =           59.6366459
lambda =    0.33333; f =           59.6366442
Norm of dx 0.00089774
----
Improvement on iteration 95 =        0.000001859
-----------------
f at the beginning of new iteration,        59.6366442232
Predicted improvement:        0.000003576
lambda =          1; f =           59.6366461
lambda =    0.33333; f =           59.6366441
lambda =    0.11111; f =           59.6366441
lambda =   0.037037; f =           59.6366442
lambda =   0.012346; f =           59.6366442
lambda =  0.0041152; f =           59.6366442
lambda =  0.0013717; f =           59.6366442
lambda = 0.00045725; f =           59.6366442
lambda = 0.00015242; f =           59.6366442
lambda = 5.0805e-05; f =           59.6366442
lambda = 1.6935e-05; f =           59.6366442
lambda =  5.645e-06; f =           59.6366442
lambda = 1.8817e-06; f =           59.6366442
lambda = 6.2723e-07; f =           59.6366442
lambda = 2.0908e-07; f =           59.6366442
lambda = 6.9692e-08; f =           59.6366442
lambda = 2.3231e-08; f =           59.6366442
Norm of dx 0.00056889
----
Improvement on iteration 96 =        0.000000167
-----------------
f at the beginning of new iteration,        59.6366440565
Predicted improvement:        0.000001590
lambda =          1; f =           59.6366461
lambda =    0.33333; f =           59.6366444
lambda =    0.11111; f =           59.6366441
lambda =   0.037037; f =           59.6366441
lambda =   0.012346; f =           59.6366441
lambda =  0.0041152; f =           59.6366441
lambda =  0.0013717; f =           59.6366441
lambda = 0.00045725; f =           59.6366441
lambda = 0.00015242; f =           59.6366441
lambda = 5.0805e-05; f =           59.6366441
lambda = 1.6935e-05; f =           59.6366441
lambda =  5.645e-06; f =           59.6366441
lambda = 1.8817e-06; f =           59.6366441
lambda = 6.2723e-07; f =           59.6366441
lambda = 2.0908e-07; f =           59.6366441
lambda = 6.9692e-08; f =           59.6366441
lambda = 2.3231e-08; f =           59.6366441
Norm of dx   0.000383
----
Improvement on iteration 97 =        0.000000000
improvement < crit termination

Final value of minus the log posterior (or likelihood):59.636644 

MODE CHECK

Fval obtained by the minimization routine (minus the posterior/likelihood)): 59.636644

RESULTS FROM POSTERIOR ESTIMATION
parameters
             prior mean     mode    s.d. prior pstdev

trend            0.500   0.4595  0.1777 norm  0.2500 
inflationqstar   1.000   0.3490  0.3792 norm  0.5000 
rstar            0.500   0.1301  0.0639 gamm  0.2500 
kappa            0.300   0.0633  0.0307 gamm  0.1500 
tau              2.000   2.9371  0.5093 gamm  0.5000 
psi1             1.500   1.5126  0.2378 gamm  0.2500 
psi2             0.125   0.2861  0.1248 gamm  0.1000 
rhoR             0.500   0.9110  0.0190 beta  0.2000 
rhog             0.800   0.9783  0.0132 beta  0.1000 
rhoz             0.300   0.7204  0.0782 beta  0.1000 

standard deviation of shocks
             prior mean     mode    s.d. prior pstdev

epsilon_R        0.003   0.0012  0.0001 invg  0.0014 
epsilon_g        0.006   0.0040  0.0009 invg  0.0032 
epsilon_z        0.009   0.0069  0.0011 invg  0.0043 


Log data density [Laplace approximation] is -98.527935.

Estimation::mcmc: One Chain mode.
Estimation::mcmc: Initialization at the posterior mode.

Estimation::mcmc: Write details about the MCMC... Ok!
Estimation::mcmc: Details about the MCMC are available in DS04/metropolis\DS04_mh_history_0.mat


Estimation::mcmc: Number of mh files: 2 per block.
Estimation::mcmc: Total number of generated files: 2.
Estimation::mcmc: Total number of iterations: 1000000.
Estimation::mcmc: Current acceptance ratio per chain: 
                                                       Chain  1: 48.122%
Estimation::mcmc: Total number of MH draws per chain: 1000000.
Estimation::mcmc: Total number of generated MH files: 2.
Estimation::mcmc: I'll use mh-files 1 to 2.
Estimation::mcmc: In MH-file number 1 I'll start at line 300001.
Estimation::mcmc: Finally I keep 700000 draws per chain.



MCMC Inefficiency factors per block
Parameter            Block 1
SE_epsilon_R         127.175
SE_epsilon_g         139.687
SE_epsilon_z         162.311
trend                 94.697
inflationqstar       145.332
rstar                120.540
kappa                246.774
tau                  107.775
psi1                 123.908
psi2                 251.904
rhoR                 184.273
rhog                 131.955
rhoz                 208.118


Geweke (1992) Convergence Tests, based on means of draws 300000 to 440000 vs 650000 to 1000000.
p-values are for Chi2-test for equality of means.
Parameter              Post. Mean        Post. Std   p-val No Taper   p-val 4% Taper   p-val 8% Taper  p-val 15% Taper
SE_epsilon_R                0.001            0.000            0.922            0.993            0.993            0.993
SE_epsilon_g                0.004            0.001            0.000            0.585            0.549            0.467
SE_epsilon_z                0.008            0.001            0.000            0.156            0.091            0.070
trend                       0.464            0.174            0.000            0.120            0.143            0.126
inflationqstar              0.360            0.389            0.000            0.149            0.124            0.112
rstar                       0.155            0.065            0.000            0.119            0.163            0.162
kappa                       0.070            0.033            0.000            0.654            0.625            0.612
tau                         3.104            0.526            0.000            0.579            0.583            0.565
psi1                        1.546            0.230            0.012            0.821            0.804            0.807
psi2                        0.328            0.124            0.000            0.599            0.556            0.565
rhoR                        0.911            0.018            0.413            0.963            0.959            0.959
rhog                        0.977            0.011            0.010            0.838            0.821            0.779
rhoz                        0.680            0.088            0.000            0.214            0.163            0.143


Estimation::marginal density: I'm computing the posterior mean and covariance...  Done!
Estimation::marginal density: I'm computing the posterior log marginal density (modified harmonic mean)... Done!


ESTIMATION RESULTS

Log data density is -98.417671.

parameters
                 prior mean   post. mean        90% HPD interval    prior       pstdev

trend                 0.500       0.4642      0.1792      0.7533   norm        0.2500
inflationqstar        1.000       0.3630     -0.2612      1.0122   norm        0.5000
rstar                 0.500       0.1550      0.0491      0.2545   gamm        0.2500
kappa                 0.300       0.0702      0.0197      0.1181   gamm        0.1500
tau                   2.000       3.1022      2.2272      3.9387   gamm        0.5000
psi1                  1.500       1.5484      1.1596      1.9176   gamm        0.2500
psi2                  0.125       0.3283      0.1291      0.5136   gamm        0.1000
rhoR                  0.500       0.9111      0.8824      0.9411   beta        0.2000
rhog                  0.800       0.9766      0.9598      0.9948   beta        0.1000
rhoz                  0.300       0.6799      0.5397      0.8199   beta        0.1000

standard deviation of shocks
                 prior mean   post. mean        90% HPD interval    prior       pstdev

epsilon_R             0.003       0.0012      0.0010      0.0014   invg        0.0014
epsilon_g             0.006       0.0043      0.0028      0.0056   invg        0.0032
epsilon_z             0.009       0.0075      0.0056      0.0094   invg        0.0043
Estimation::mcmc: Posterior (dsge) IRFs...
Estimation::mcmc: Posterior IRFs, done!
Estimation::mcmc: Smoothed variables
Estimation::mcmc: Smoothed variables, done!
Estimation::mcmc: Smoothed shocks
Estimation::mcmc: Smoothed shocks, done!
Estimation::mcmc: Trend_coefficients
Estimation::mcmc: Trend_coefficients, done!
Estimation::mcmc: Smoothed constant
Estimation::mcmc: Smoothed constant, done!
Estimation::mcmc: Smoothed trend
Estimation::mcmc: Smoothed trend, done!
Estimation::mcmc: Updated Variables
Estimation::mcmc: Updated Variables, done!
Estimation::mcmc: Forecasted variables (mean)
Estimation::mcmc: Forecasted variables (mean), done!
Estimation::mcmc: Forecasted variables (point)
Estimation::mcmc: Forecasted variables (point), done!
Total computing time : 1h25m02s
