Starting Dynare (version 4.5.7).
Starting preprocessing of the model file ...
Found 34 equation(s).
Evaluating expressions...done
Computing static model derivatives:
 - order 1
Computing dynamic model derivatives:
 - order 1
 - order 2
Processing outputs ...
done
Preprocessing completed.

Initial value of the log posterior (or likelihood): -7063.0152
-----------------
f at the beginning of new iteration,      7063.0152312297
Predicted improvement:    68823.404779424
lambda =          1; f =         7066.8128027
lambda =    0.33333; f =         7063.1465717
lambda =    0.11111; f =         7063.0229501
lambda =   0.037037; f =         7063.0153782
lambda =   0.012346; f =         5975.4417506
Norm of dx     3.7101
----
Improvement on iteration 1 =     1087.573480660
-----------------
f at the beginning of new iteration,      5975.4417505696
Predicted improvement:   101217.653834496
lambda =          1; f =         5986.4810405
lambda =    0.33333; f =         5975.7864389
lambda =    0.11111; f =         5975.4432590
lambda =   0.037037; f =         5975.4438919
lambda =   0.012346; f =         4757.0122378
Norm of dx     7.0813
----
Improvement on iteration 2 =     1218.429512733
-----------------
f at the beginning of new iteration,      4757.0122378367
Predicted improvement:    17648.812838256
lambda =          1; f =         4757.0142865
lambda =    0.33333; f =         4757.0193399
lambda =    0.11111; f =         2854.9496328
Norm of dx     2.2536
----
Improvement on iteration 3 =     1902.062604991
-----------------
f at the beginning of new iteration,      2854.9496328455
Predicted improvement:     2830.754375548
lambda =          1; f =         2854.9608724
lambda =    0.33333; f =         2733.8096343
lambda =    0.11111; f =         2445.5903104
Norm of dx    0.79491
----
Improvement on iteration 4 =      409.359322401
-----------------
f at the beginning of new iteration,      2445.5903104445
Predicted improvement:     1509.926567446
lambda =          1; f =         2445.5962029
lambda =    0.33333; f =         1982.8985454
Norm of dx    0.64184
----
Improvement on iteration 5 =      462.691765090
-----------------
f at the beginning of new iteration,      1982.8985453541
Predicted improvement:      895.334129137
lambda =          1; f =         1982.9040840
lambda =    0.33333; f =         1982.8987293
lambda =    0.11111; f =         1799.5423095
lambda =     0.2148; f =         1982.8985529
lambda =    0.14463; f =         1750.0976831
lambda =    0.18337; f =         1697.6177966
lambda =    0.23248; f =         1982.8985643
lambda =    0.20163; f =         1982.8985477
lambda =    0.18512; f =         1982.8985454
Norm of dx    0.44168
Cliff.  Perturbing search direction.
Predicted improvement:     2175.689849167
lambda =          1; f =         1982.9103460
lambda =    0.33333; f =         1982.8991686
lambda =    0.11111; f =         1579.3771565
lambda =     0.2148; f =         1982.8986472
lambda =    0.14463; f =         1982.8985470
lambda =    0.11408; f =         1570.4587838
lambda =    0.13154; f =         1520.2318748
lambda =    0.15166; f =         1982.8985500
lambda =    0.13924; f =         1982.8985457
lambda =    0.13229; f =         1518.2521664
lambda =    0.13642; f =         1982.8985454
lambda =    0.13392; f =         1514.4175592
lambda =    0.13542; f =         1982.8985454
Norm of dx    0.77455
Cliff again.  Try traversing
Predicted improvement: 11736931.424092285
lambda =          1; f =      8425956.9089286
lambda =    0.33333; f =       935922.2749472
lambda =    0.11111; f =       105069.9201394
lambda =   0.037037; f =        13210.8970389
lambda =   0.012346; f =         3156.9739871
lambda =  0.0041152; f =         2090.7497827
lambda =  0.0013717; f =         1989.2355837
lambda = 0.00045725; f =         1983.0142550
lambda = 0.00015242; f =         1982.9085741
lambda = 5.0805e-05; f =         1248.3502481
Norm of dx       4845
----
Improvement on iteration 6 =      734.548297270
-----------------
f at the beginning of new iteration,      1248.3502480839
Predicted improvement:      638.626871733
lambda =          1; f =         1248.3502774
lambda =    0.33333; f =          930.9895234
lambda =    0.64439; f =         1248.3505827
lambda =     0.4339; f =         1248.3502551
lambda =    0.34224; f =          925.2945898
lambda =    0.39461; f =          896.3848256
Norm of dx    0.43919
----
Improvement on iteration 7 =      351.965422466
warning: possible inaccuracy in H matrix
-----------------
f at the beginning of new iteration,       896.3848256184
Predicted improvement:     1407.845690190
lambda =          1; f =          896.3962936
lambda =    0.33333; f =          896.3857554
lambda =    0.11111; f =          896.3848502
lambda =   0.037037; f =          840.7768482
Norm of dx     1.1192
----
Improvement on iteration 8 =       55.607977403
-----------------
f at the beginning of new iteration,       840.7768482149
Predicted improvement:      303.464017246
lambda =          1; f =          840.7774309
lambda =    0.33333; f =          840.7768805
lambda =    0.11111; f =          779.2033044
lambda =     0.2148; f =          840.7768540
lambda =    0.14463; f =          840.7768484
lambda =    0.11408; f =          777.7715921
lambda =    0.13154; f =          840.7768482
lambda =    0.12077; f =          774.6900496
lambda =    0.12712; f =          772.5145925
lambda =     0.1338; f =          840.7768482
lambda =    0.12975; f =          840.7768482
lambda =    0.12738; f =          772.5293366
lambda =     0.1288; f =          840.7768482
Norm of dx    0.39885
Cliff.  Perturbing search direction.
Predicted improvement:      403.712673969
lambda =          1; f =          840.7780061
lambda =    0.33333; f =          840.7769288
lambda =    0.11111; f =          840.7768486
lambda =   0.037037; f =          811.8485417
lambda =   0.071599; f =          786.7018077
lambda =    0.13841; f =          840.7768509
lambda =     0.0932; f =          773.0162576
lambda =    0.11816; f =          840.7768490
lambda =    0.10248; f =          840.7768483
lambda =   0.094089; f =          773.0404989
lambda =   0.099038; f =          840.7768482
lambda =   0.096038; f =          840.7768482
lambda =   0.094282; f =          773.2558921
lambda =   0.095332; f =          840.7768482
Norm of dx    0.49995
Cliff again.  Try traversing
Predicted improvement:     1385.962613311
lambda =          1; f =         2178.0647368
lambda =    0.33333; f =          961.6885095
lambda =    0.11111; f =          847.5576042
lambda =   0.037037; f =          840.8401909
lambda =   0.012346; f =          840.7770313
lambda =  0.0041152; f =          979.1974879
lambda =  0.0013717; f =          845.5666589
lambda = 0.00045725; f =          838.0493426
lambda = 0.00088394; f =          839.3507348
Norm of dx     52.649
----
Improvement on iteration 9 =       68.262255667
back and forth on step length never finished
-----------------
f at the beginning of new iteration,       772.5145925479
Predicted improvement:      303.464017246
lambda =          1; f =          772.5153576
lambda =    0.33333; f =          772.5146772
lambda =    0.11111; f =          772.5146018
lambda =   0.037037; f =          772.5145935
lambda =   0.012346; f =          772.5145926
lambda =  0.0041152; f =          772.5145926
lambda =  0.0013717; f =          772.5145925
lambda = 0.00045725; f =          772.5730751
lambda = 0.00015242; f =          772.5184749
lambda = 5.0805e-05; f =          772.5146044
lambda = 1.6935e-05; f =          772.5144657
Norm of dx    0.39885
----
Improvement on iteration 10 =        0.000126879
-----------------
f at the beginning of new iteration,       772.5144656685
Predicted improvement:    14999.813907384
lambda =          1; f =          772.5158754
lambda =    0.33333; f =         3103.6436834
lambda =    0.11111; f =         1041.0140111
lambda =   0.037037; f =          822.9465903
lambda =   0.012346; f =          778.0687289
lambda =  0.0041152; f =          771.0806287
lambda =  0.0013717; f =          770.4312054
lambda = 0.00045725; f =          770.7785877
lambda = 0.00015242; f =          771.2887736
lambda = 5.0805e-05; f =          771.7774723
Norm of dx     1.7821
----
Improvement on iteration 11 =        2.083260246
-----------------
f at the beginning of new iteration,       770.4312054221
Predicted improvement:      211.224389918
lambda =          1; f =          519.3031502
Norm of dx    0.32687
----
Improvement on iteration 12 =      251.128055271
-----------------
f at the beginning of new iteration,       519.3031501513
Predicted improvement:      105.038355136
lambda =          1; f =          519.3031745
lambda =    0.33333; f =          457.3720546
lambda =    0.64439; f =          519.3031536
lambda =     0.4339; f =          519.3031502
lambda =    0.34224; f =          455.9611210
lambda =    0.39461; f =          448.1421906
lambda =    0.45499; f =          519.3031502
lambda =    0.41773; f =          445.3332845
lambda =     0.4397; f =          519.3031502
lambda =    0.42639; f =          444.9461644
lambda =    0.43433; f =          519.3031502
lambda =    0.42954; f =          445.8278405
Norm of dx    0.23018
Cliff.  Perturbing search direction.
Predicted improvement:      145.843647608
lambda =          1; f =          519.3031816
lambda =    0.33333; f =          437.2893936
lambda =    0.64439; f =          519.3031554
lambda =     0.4339; f =          519.3031503
lambda =    0.34224; f =          435.5501719
lambda =    0.39461; f =          427.0547005
lambda =    0.45499; f =          519.3031504
lambda =    0.41773; f =          519.3031502
lambda =    0.39686; f =          427.1530920
lambda =    0.40926; f =          519.3031502
lambda =    0.40177; f =          519.3031502
lambda =    0.39735; f =          427.2408273
Norm of dx    0.28125
Cliff again.  Try traversing
Predicted improvement:   436944.608512587
lambda =          1; f =         3139.8235799
lambda =    0.33333; f =          770.7670660
lambda =    0.11111; f =          541.4540500
lambda =   0.037037; f =          520.5768508
lambda =   0.012346; f =          519.3434559
lambda =  0.0041152; f =          519.3050154
lambda =  0.0013717; f =          519.5559818
lambda = 0.00045725; f =          519.3136137
lambda = 0.00015242; f =          419.1120434
lambda = 0.00029465; f =          519.3044368
lambda =  0.0001984; f =          432.1035832
Norm of dx     934.82
----
Improvement on iteration 13 =      100.191106751
-----------------
f at the beginning of new iteration,       419.1120434002
Predicted improvement:       61.876598588
lambda =          1; f =          419.1120621
lambda =    0.33333; f =          383.1800624
lambda =    0.64439; f =          419.1120454
lambda =     0.4339; f =          375.0029052
lambda =    0.55011; f =          419.1120438
lambda =     0.4771; f =          419.1120434
lambda =    0.43804; f =          374.7435674
lambda =    0.46107; f =          373.9147851
lambda =    0.48532; f =          419.1120434
lambda =    0.47062; f =          419.1120434
lambda =    0.46202; f =          373.9478027
lambda =    0.46716; f =          374.8551469
lambda =    0.47237; f =          419.1120434
Norm of dx    0.19831
Cliff.  Perturbing search direction.
Predicted improvement:       82.225577774
lambda =          1; f =          419.1120909
lambda =    0.33333; f =          374.8733135
lambda =    0.64439; f =          419.1120529
lambda =     0.4339; f =          419.1120441
lambda =    0.34224; f =          374.2820901
lambda =    0.39461; f =          419.1120436
lambda =     0.3623; f =          419.1120434
lambda =    0.34419; f =          374.1918984
lambda =    0.35494; f =          375.2999873
lambda =    0.36603; f =          419.1120434
lambda =    0.35934; f =          419.1120434
lambda =    0.35277; f =          374.3756806
lambda =    0.35669; f =          419.1120434
Norm of dx     0.2382
Cliff again.  Try traversing
Predicted improvement:      185.357066745
lambda =          1; f =          500.6531430
lambda =    0.33333; f =          424.2653912
lambda =    0.11111; f =          419.1621457
lambda =   0.037037; f =          419.1563681
lambda =   0.012346; f =          419.1151078
lambda =  0.0041152; f =          419.1120566
lambda =  0.0013717; f =          419.9586097
lambda = 0.00045725; f =          419.0019365
Norm of dx     19.254
----
Improvement on iteration 14 =       45.197258336
back and forth on step length never finished
-----------------
f at the beginning of new iteration,       373.9147850646
Predicted improvement:       61.876598588
lambda =          1; f =          373.9148501
lambda =    0.33333; f =          373.9147921
lambda =    0.11111; f =          373.9147858
lambda =   0.037037; f =          373.9147851
lambda =   0.012346; f =          373.9147851
lambda =  0.0041152; f =          374.2427441
lambda =  0.0013717; f =          373.9683076
lambda = 0.00045725; f =          373.9287633
lambda = 0.00015242; f =          373.9190643
lambda = 5.0805e-05; f =          373.9161708
lambda = 1.6935e-05; f =          373.9152425
lambda =  5.645e-06; f =          373.9149371
lambda = 1.8817e-06; f =          373.9148357
lambda = 6.2723e-07; f =          373.9148019
lambda = 2.0908e-07; f =          373.9147907
lambda = 6.9692e-08; f =          373.9147869
lambda = 2.3231e-08; f =          373.9147857
lambda = 7.7435e-09; f =          373.9147853
lambda = 2.5812e-09; f =          373.9147851

lambda =

  -6.2723e-07

lambda = -6.2723e-07; f =          373.9147682
Norm of dx    0.19831
----
Improvement on iteration 15 =        0.000016857
-----------------
f at the beginning of new iteration,       373.9147682072
Predicted improvement:      278.898760280
lambda =          1; f =          406.3130454
lambda =    0.33333; f =          381.3949228
lambda =    0.11111; f =          373.8013067
lambda =   0.037037; f =          372.2320371
lambda =   0.012346; f =          372.3659447
lambda =  0.0041152; f =          372.8984308
Norm of dx   0.088038
----
Improvement on iteration 16 =        1.682731070
-----------------
f at the beginning of new iteration,       372.2320371372
Predicted improvement:       28.153321586
lambda =          1; f =          328.3903077
lambda =     1.9332; f =          306.0261897
Norm of dx    0.14178
----
Improvement on iteration 17 =       66.205847484
-----------------
f at the beginning of new iteration,       306.0261896529
Predicted improvement:       12.238554376
lambda =          1; f =          286.5164945
lambda =     1.9332; f =          276.3017058
Norm of dx    0.13239
----
Improvement on iteration 18 =       29.724483840
-----------------
f at the beginning of new iteration,       276.3017058125
Predicted improvement:       10.165076762
lambda =          1; f =          259.9352662
lambda =     1.9332; f =          252.0687636
Norm of dx    0.13538
----
Improvement on iteration 19 =       24.232942205
-----------------
f at the beginning of new iteration,       252.0687636077
Predicted improvement:        7.916489919
lambda =          1; f =          239.0382088
lambda =     1.9332; f =          231.6177994
Norm of dx    0.07973
----
Improvement on iteration 20 =       20.450964170
-----------------
f at the beginning of new iteration,       231.6177994379
Predicted improvement:        7.829577466
lambda =          1; f =          219.7524036
lambda =     1.9332; f =          215.7840134
Norm of dx      0.113
----
Improvement on iteration 21 =       15.833786083
-----------------
f at the beginning of new iteration,       215.7840133553
Predicted improvement:        2.607313669
lambda =          1; f =          210.9966325
lambda =     1.9332; f =          207.2827308
lambda =     3.7372; f =          202.1301225
lambda =     7.2247; f =          200.5331090
Norm of dx   0.049213
----
Improvement on iteration 22 =       15.250904391
-----------------
f at the beginning of new iteration,       200.5331089640
Predicted improvement:       13.663093091
lambda =          1; f =          193.8671553
lambda =    0.33333; f =          194.5235149
Norm of dx   0.092671
----
Improvement on iteration 23 =        6.665953661
-----------------
f at the beginning of new iteration,       193.8671553032
Predicted improvement:        4.388708978
lambda =          1; f =          187.5019958
lambda =     1.9332; f =          185.4910143
Norm of dx   0.086052
----
Improvement on iteration 24 =        8.376141047
-----------------
f at the beginning of new iteration,       185.4910142561
Predicted improvement:        1.774055366
lambda =          1; f =          182.4839419
lambda =     1.9332; f =          180.6368588
lambda =     3.7372; f =          179.8546526
Norm of dx    0.11062
----
Improvement on iteration 25 =        5.636361695
-----------------
f at the beginning of new iteration,       179.8546525608
Predicted improvement:        2.467488563
lambda =          1; f =          175.8848963
lambda =     1.9332; f =          173.5959369
Norm of dx   0.023145
----
Improvement on iteration 26 =        6.258715677
-----------------
f at the beginning of new iteration,       173.5959368843
Predicted improvement:        3.739241710
lambda =          1; f =          167.9054990
lambda =     1.9332; f =          166.7627982
Norm of dx     0.2012
----
Improvement on iteration 27 =        6.833138654
-----------------
f at the beginning of new iteration,       166.7627982299
Predicted improvement:        2.925679986
lambda =          1; f =          162.7790438
Norm of dx   0.028153
----
Improvement on iteration 28 =        3.983754439
-----------------
f at the beginning of new iteration,       162.7790437912
Predicted improvement:        3.943957431
lambda =          1; f =          156.6407359
lambda =     1.9332; f =          154.2723051
Norm of dx     0.2065
----
Improvement on iteration 29 =        8.506738690
-----------------
f at the beginning of new iteration,       154.2723051010
Predicted improvement:        1.654020121
lambda =          1; f =          151.5876008
lambda =     1.9332; f =          150.2133030
Norm of dx   0.059004
----
Improvement on iteration 30 =        4.059002081
-----------------
f at the beginning of new iteration,       150.2133030196
Predicted improvement:        0.994754428
lambda =          1; f =          148.8033533
lambda =     1.9332; f =          148.6411718
Norm of dx   0.058527
----
Improvement on iteration 31 =        1.572131192
-----------------
f at the beginning of new iteration,       148.6411718275
Predicted improvement:        0.662353811
lambda =          1; f =          147.6505698
lambda =     1.9332; f =          147.3287671
Norm of dx   0.037832
----
Improvement on iteration 32 =        1.312404741
-----------------
f at the beginning of new iteration,       147.3287670862
Predicted improvement:        0.450362233
lambda =          1; f =          146.6308113
lambda =     1.9332; f =          146.3706144
Norm of dx   0.018009
----
Improvement on iteration 33 =        0.958152725
-----------------
f at the beginning of new iteration,       146.3706143616
Predicted improvement:        0.518777735
lambda =          1; f =          145.5756777
lambda =     1.9332; f =          145.2845118
Norm of dx   0.030802
----
Improvement on iteration 34 =        1.086102520
-----------------
f at the beginning of new iteration,       145.2845118420
Predicted improvement:        0.272218854
lambda =          1; f =          144.8400815
lambda =     1.9332; f =          144.5898515
Norm of dx   0.024743
----
Improvement on iteration 35 =        0.694660363
-----------------
f at the beginning of new iteration,       144.5898514791
Predicted improvement:        0.407982187
lambda =          1; f =          143.8940907
lambda =     1.9332; f =          143.4484918
lambda =     3.7372; f =          143.1141168
Norm of dx   0.025476
----
Improvement on iteration 36 =        1.475734679
-----------------
f at the beginning of new iteration,       143.1141167998
Predicted improvement:        0.696904401
lambda =          1; f =          141.8432518
lambda =     1.9332; f =          140.8842258
lambda =     3.7372; f =          139.6884596
Norm of dx   0.059627
----
Improvement on iteration 37 =        3.425657238
-----------------
f at the beginning of new iteration,       139.6884595618
Predicted improvement:        1.694789838
lambda =          1; f =          137.4179266
Norm of dx    0.16264
----
Improvement on iteration 38 =        2.270532959
-----------------
f at the beginning of new iteration,       137.4179266031
Predicted improvement:        1.302048283
lambda =          1; f =          135.4805943
lambda =     1.9332; f =          134.8848115
Norm of dx      0.168
----
Improvement on iteration 39 =        2.533115084
-----------------
f at the beginning of new iteration,       134.8848115194
Predicted improvement:        0.672598691
lambda =          1; f =          134.0705077
Norm of dx   0.033542
----
Improvement on iteration 40 =        0.814303820
-----------------
f at the beginning of new iteration,       134.0705076996
Predicted improvement:        0.335561218
lambda =          1; f =          133.5995048
lambda =     1.9332; f =          133.4756011
Norm of dx    0.05815
----
Improvement on iteration 41 =        0.594906575
-----------------
f at the beginning of new iteration,       133.4756011243
Predicted improvement:        0.143955251
lambda =          1; f =          133.2301295
lambda =     1.9332; f =          133.0760741
lambda =     3.7372; f =          132.9764717
Norm of dx   0.029635
----
Improvement on iteration 42 =        0.499129473
-----------------
f at the beginning of new iteration,       132.9764716516
Predicted improvement:        0.240709137
lambda =          1; f =          132.6041807
lambda =     1.9332; f =          132.4495900
Norm of dx   0.048424
----
Improvement on iteration 43 =        0.526881663
-----------------
f at the beginning of new iteration,       132.4495899882
Predicted improvement:        0.173559260
lambda =          1; f =          132.1828676
lambda =     1.9332; f =          132.0774454
Norm of dx   0.036178
----
Improvement on iteration 44 =        0.372144610
-----------------
f at the beginning of new iteration,       132.0774453786
Predicted improvement:        0.191179674
lambda =          1; f =          131.7561811
lambda =     1.9332; f =          131.5659235
Norm of dx   0.041271
----
Improvement on iteration 45 =        0.511521842
-----------------
f at the beginning of new iteration,       131.5659235369
Predicted improvement:        0.334731094
lambda =          1; f =          131.0579219
lambda =     1.9332; f =          130.8994180
Norm of dx   0.080569
----
Improvement on iteration 46 =        0.666505551
-----------------
f at the beginning of new iteration,       130.8994179855
Predicted improvement:        0.344036378
lambda =          1; f =          130.3405847
lambda =     1.9332; f =          130.0555175
Norm of dx   0.027539
----
Improvement on iteration 47 =        0.843900494
-----------------
f at the beginning of new iteration,       130.0555174917
Predicted improvement:        0.301826503
lambda =          1; f =          129.7238454
Norm of dx   0.029556
----
Improvement on iteration 48 =        0.331672137
-----------------
f at the beginning of new iteration,       129.7238453549
Predicted improvement:        0.170697176
lambda =          1; f =          129.4127761
lambda =     1.9332; f =          129.1775863
lambda =     3.7372; f =          128.8772037
Norm of dx     0.0385
----
Improvement on iteration 49 =        0.846641683
-----------------
f at the beginning of new iteration,       128.8772036718
Predicted improvement:        0.603215451
lambda =          1; f =          127.9722134
lambda =     1.9332; f =          127.7512375
Norm of dx     0.2342
----
Improvement on iteration 50 =        1.125966143
-----------------
f at the beginning of new iteration,       127.7512375284
Predicted improvement:        0.559214013
lambda =          1; f =          126.9853017
Norm of dx   0.039661
----
Improvement on iteration 51 =        0.765935862
-----------------
f at the beginning of new iteration,       126.9853016664
Predicted improvement:        0.346681196
lambda =          1; f =          126.5153841
Norm of dx   0.038388
----
Improvement on iteration 52 =        0.469917535
-----------------
f at the beginning of new iteration,       126.5153841315
Predicted improvement:        0.244772812
lambda =          1; f =          126.1400697
lambda =     1.9332; f =          126.0010833
Norm of dx   0.039114
----
Improvement on iteration 53 =        0.514300791
-----------------
f at the beginning of new iteration,       126.0010833402
Predicted improvement:        0.203512758
lambda =          1; f =          125.6389156
lambda =     1.9332; f =          125.3804580
lambda =     3.7372; f =          125.0922478
Norm of dx   0.041185
----
Improvement on iteration 54 =        0.908835569
-----------------
f at the beginning of new iteration,       125.0922477710
Predicted improvement:        0.542239455
lambda =          1; f =          124.2511021
lambda =     1.9332; f =          124.0090669
Norm of dx    0.10598
----
Improvement on iteration 55 =        1.083180845
-----------------
f at the beginning of new iteration,       124.0090669262
Predicted improvement:        0.523312103
lambda =          1; f =          123.1070672
lambda =     1.9332; f =          122.5133289
lambda =     3.7372; f =          122.0206056
Norm of dx   0.062997
----
Improvement on iteration 56 =        1.988461359
-----------------
f at the beginning of new iteration,       122.0206055673
Predicted improvement:        0.910869625
lambda =          1; f =          120.5864170
lambda =     1.9332; f =          120.2319797
Norm of dx   0.075875
----
Improvement on iteration 57 =        1.788625838
-----------------
f at the beginning of new iteration,       120.2319797296
Predicted improvement:        0.587568760
lambda =          1; f =          119.7285114
Norm of dx   0.068853
----
Improvement on iteration 58 =        0.503468366
-----------------
f at the beginning of new iteration,       119.7285113633
Predicted improvement:        0.168655697
lambda =          1; f =          119.4713759
lambda =     1.9332; f =          119.3790015
Norm of dx   0.037677
----
Improvement on iteration 59 =        0.349509822
-----------------
f at the beginning of new iteration,       119.3790015409
Predicted improvement:        0.338156096
lambda =          1; f =          119.1199453
Norm of dx   0.075522
----
Improvement on iteration 60 =        0.259056229
-----------------
f at the beginning of new iteration,       119.1199453123
Predicted improvement:        0.448198831
lambda =          1; f =          118.3067201
lambda =     1.9332; f =          117.6965989
lambda =     3.7372; f =          116.9248518
Norm of dx   0.084165
----
Improvement on iteration 61 =        2.195093540
-----------------
f at the beginning of new iteration,       116.9248517726
Predicted improvement:        1.573808423
lambda =          1; f =          114.6915675
lambda =     1.9332; f =          114.8539732
Norm of dx    0.28994
----
Improvement on iteration 62 =        2.233284227
-----------------
f at the beginning of new iteration,       114.6915675455
Predicted improvement:        1.410316026
lambda =          1; f =          112.7893153
Norm of dx    0.29328
----
Improvement on iteration 63 =        1.902252196
-----------------
f at the beginning of new iteration,       112.7893153492
Predicted improvement:        1.134341279
lambda =          1; f =          111.3978177
Norm of dx    0.16279
----
Improvement on iteration 64 =        1.391497680
-----------------
f at the beginning of new iteration,       111.3978176688
Predicted improvement:        0.361727148
lambda =          1; f =          110.9923649
Norm of dx   0.082961
----
Improvement on iteration 65 =        0.405452750
-----------------
f at the beginning of new iteration,       110.9923649192
Predicted improvement:        0.081907611
lambda =          1; f =          110.9231703
Norm of dx   0.050605
----
Improvement on iteration 66 =        0.069194588
-----------------
f at the beginning of new iteration,       110.9231703317
Predicted improvement:        0.016548114
lambda =          1; f =          110.8992568
lambda =     1.9332; f =          110.8933595
Norm of dx  0.0052392
----
Improvement on iteration 67 =        0.029810823
-----------------
f at the beginning of new iteration,       110.8933595089
Predicted improvement:        0.017445670
lambda =          1; f =          110.8621386
lambda =     1.9332; f =          110.8396236
lambda =     3.7372; f =          110.8141593
Norm of dx   0.014405
----
Improvement on iteration 68 =        0.079200179
-----------------
f at the beginning of new iteration,       110.8141593296
Predicted improvement:        0.108095286
lambda =          1; f =          110.6466745
lambda =     1.9332; f =          110.5778750
Norm of dx   0.026459
----
Improvement on iteration 69 =        0.236284294
-----------------
f at the beginning of new iteration,       110.5778750360
Predicted improvement:        0.181807284
lambda =          1; f =          110.2763151
lambda =     1.9332; f =          110.1076845
Norm of dx   0.062337
----
Improvement on iteration 70 =        0.470190557
-----------------
f at the beginning of new iteration,       110.1076844789
Predicted improvement:        0.225980182
lambda =          1; f =          109.7992221
Norm of dx    0.09263
----
Improvement on iteration 71 =        0.308462405
-----------------
f at the beginning of new iteration,       109.7992220739
Predicted improvement:        0.152117198
lambda =          1; f =          109.5693199
lambda =     1.9332; f =          109.4900979
Norm of dx    0.05849
----
Improvement on iteration 72 =        0.309124220
-----------------
f at the beginning of new iteration,       109.4900978538
Predicted improvement:        0.105856598
lambda =          1; f =          109.3179507
lambda =     1.9332; f =          109.2364516
Norm of dx   0.028119
----
Improvement on iteration 73 =        0.253646210
-----------------
f at the beginning of new iteration,       109.2364516438
Predicted improvement:        0.103390380
lambda =          1; f =          109.0899438
lambda =     1.9332; f =          109.0674950
Norm of dx   0.023736
----
Improvement on iteration 74 =        0.168956604
-----------------
f at the beginning of new iteration,       109.0674950402
Predicted improvement:        0.099741427
lambda =          1; f =          108.9009840
lambda =     1.9332; f =          108.8016974
Norm of dx   0.051765
----
Improvement on iteration 75 =        0.265797689
-----------------
f at the beginning of new iteration,       108.8016973517
Predicted improvement:        0.287558992
lambda =          1; f =          108.3368122
lambda =     1.9332; f =          108.0897295
Norm of dx    0.19368
----
Improvement on iteration 76 =        0.711967814
-----------------
f at the beginning of new iteration,       108.0897295378
Predicted improvement:        0.407707508
lambda =          1; f =          107.3994078
lambda =     1.9332; f =          106.9610615
lambda =     3.7372; f =          106.6028042
Norm of dx    0.25589
----
Improvement on iteration 77 =        1.486925322
-----------------
f at the beginning of new iteration,       106.6028042160
Predicted improvement:        0.452417370
lambda =          1; f =          105.8569420
lambda =     1.9332; f =          105.4587909
Norm of dx    0.10573
----
Improvement on iteration 78 =        1.144013268
-----------------
f at the beginning of new iteration,       105.4587909482
Predicted improvement:        0.576148387
lambda =          1; f =          104.8073883
Norm of dx    0.22398
----
Improvement on iteration 79 =        0.651402610
-----------------
f at the beginning of new iteration,       104.8073883386
Predicted improvement:        0.215341990
lambda =          1; f =          104.5618198
Norm of dx    0.24668
----
Improvement on iteration 80 =        0.245568513
-----------------
f at the beginning of new iteration,       104.5618198257
Predicted improvement:        0.036457896
lambda =          1; f =          104.5201946
Norm of dx    0.04564
----
Improvement on iteration 81 =        0.041625207
-----------------
f at the beginning of new iteration,       104.5201946184
Predicted improvement:        0.004320946
lambda =          1; f =          104.5154235
Norm of dx   0.012393
----
Improvement on iteration 82 =        0.004771111
-----------------
f at the beginning of new iteration,       104.5154235071
Predicted improvement:        0.001118261
lambda =          1; f =          104.5138014
lambda =     1.9332; f =          104.5133851
Norm of dx  0.0042426
----
Improvement on iteration 83 =        0.002038363
-----------------
f at the beginning of new iteration,       104.5133851440
Predicted improvement:        0.001134156
lambda =          1; f =          104.5112423
lambda =     1.9332; f =          104.5094702
lambda =     3.7372; f =          104.5066686
lambda =     7.2247; f =          104.5035933
Norm of dx  0.0027094
----
Improvement on iteration 84 =        0.009791850
-----------------
f at the beginning of new iteration,       104.5035932942
Predicted improvement:        0.008728613
lambda =          1; f =          104.4870436
lambda =     1.9332; f =          104.4732456
lambda =     3.7372; f =          104.4511014
lambda =     7.2247; f =          104.4253823
Norm of dx  0.0073983
----
Improvement on iteration 85 =        0.078210955
-----------------
f at the beginning of new iteration,       104.4253823395
Predicted improvement:        0.080049866
lambda =          1; f =          104.2801778
lambda =     1.9332; f =          104.1716437
lambda =     3.7372; f =          104.0362044
Norm of dx   0.063649
----
Improvement on iteration 86 =        0.389177959
-----------------
f at the beginning of new iteration,       104.0362043809
Predicted improvement:        0.326100856
lambda =          1; f =          103.5393452
lambda =     1.9332; f =          103.3684295
Norm of dx    0.24298
----
Improvement on iteration 87 =        0.667774904
-----------------
f at the beginning of new iteration,       103.3684294771
Predicted improvement:        0.207469082
lambda =          1; f =          103.0992967
Norm of dx   0.051267
----
Improvement on iteration 88 =        0.269132813
-----------------
f at the beginning of new iteration,       103.0992966645
Predicted improvement:        0.049345834
lambda =          1; f =          103.0486406
Norm of dx   0.068739
----
Improvement on iteration 89 =        0.050656045
-----------------
f at the beginning of new iteration,       103.0486406192
Predicted improvement:        0.006497047
lambda =          1; f =          103.0383272
lambda =     1.9332; f =          103.0335414
Norm of dx   0.020129
----
Improvement on iteration 90 =        0.015099233
-----------------
f at the beginning of new iteration,       103.0335413862
Predicted improvement:        0.015398438
lambda =          1; f =          103.0048514
lambda =     1.9332; f =          102.9818657
lambda =     3.7372; f =          102.9477179
lambda =     7.2247; f =          102.9197329
Norm of dx   0.015258
----
Improvement on iteration 91 =        0.113808532
-----------------
f at the beginning of new iteration,       102.9197328538
Predicted improvement:        0.093633216
lambda =          1; f =          102.7420578
lambda =     1.9332; f =          102.5939060
lambda =     3.7372; f =          102.3578442
lambda =     7.2247; f =          102.1042048
Norm of dx   0.037423
----
Improvement on iteration 92 =        0.815528059
-----------------
f at the beginning of new iteration,       102.1042047945
Predicted improvement:        0.598552501
lambda =          1; f =          101.2885180
Norm of dx    0.38262
----
Improvement on iteration 93 =        0.815686811
-----------------
f at the beginning of new iteration,       101.2885179832
Predicted improvement:        0.299811022
lambda =          1; f =          100.9627334
Norm of dx    0.29037
----
Improvement on iteration 94 =        0.325784588
-----------------
f at the beginning of new iteration,       100.9627333953
Predicted improvement:        0.031461701
lambda =          1; f =          100.9342412
Norm of dx    0.03359
----
Improvement on iteration 95 =        0.028492207
-----------------
f at the beginning of new iteration,       100.9342411888
Predicted improvement:        0.005818656
lambda =          1; f =          100.9266573
Norm of dx   0.027328
----
Improvement on iteration 96 =        0.007583926
-----------------
f at the beginning of new iteration,       100.9266572625
Predicted improvement:        0.004614723
lambda =          1; f =          100.9187180
lambda =     1.9332; f =          100.9136440
lambda =     3.7372; f =          100.9102665
Norm of dx   0.019553
----
Improvement on iteration 97 =        0.016390805
-----------------
f at the beginning of new iteration,       100.9102664574
Predicted improvement:        0.013276013
lambda =          1; f =          100.8848909
lambda =     1.9332; f =          100.8633307
lambda =     3.7372; f =          100.8274297
lambda =     7.2247; f =          100.7794802
Norm of dx   0.008675
----
Improvement on iteration 98 =        0.130786297
-----------------
f at the beginning of new iteration,       100.7794801606
Predicted improvement:        0.190045793
lambda =          1; f =          100.4591220
lambda =     1.9332; f =          100.2732440
Norm of dx   0.084782
----
Improvement on iteration 99 =        0.506236163
-----------------
f at the beginning of new iteration,       100.2732439971
Predicted improvement:        0.302318849
lambda =          1; f =           99.8763987
Norm of dx    0.25684
----
Improvement on iteration 100 =        0.396845249
-----------------
f at the beginning of new iteration,        99.8763987478
Predicted improvement:        0.112862726
lambda =          1; f =           99.7541952
Norm of dx    0.17679
----
Improvement on iteration 101 =        0.122203514
-----------------
f at the beginning of new iteration,        99.7541952336
Predicted improvement:        0.004058425
lambda =          1; f =           99.7508814
Norm of dx   0.011924
----
Improvement on iteration 102 =        0.003313836
-----------------
f at the beginning of new iteration,        99.7508813974
Predicted improvement:        0.000566029
lambda =          1; f =           99.7503889
Norm of dx  0.0084637
----
Improvement on iteration 103 =        0.000492534
-----------------
f at the beginning of new iteration,        99.7503888638
Predicted improvement:        0.000111354
lambda =          1; f =           99.7502011
lambda =     1.9332; f =           99.7500888
Norm of dx  0.0018163
----
Improvement on iteration 104 =        0.000300077
-----------------
f at the beginning of new iteration,        99.7500887871
Predicted improvement:        0.000327874
lambda =          1; f =           99.7494973
lambda =     1.9332; f =           99.7490608
lambda =     3.7372; f =           99.7485326
Norm of dx  0.0024389
----
Improvement on iteration 105 =        0.001556137
-----------------
f at the beginning of new iteration,        99.7485326497
Predicted improvement:        0.001486262
lambda =          1; f =           99.7456982
lambda =     1.9332; f =           99.7433010
lambda =     3.7372; f =           99.7393448
lambda =     7.2247; f =           99.7342301
Norm of dx  0.0047389
----
Improvement on iteration 106 =        0.014302521
-----------------
f at the beginning of new iteration,        99.7342301288
Predicted improvement:        0.016196217
lambda =          1; f =           99.7039903
lambda =     1.9332; f =           99.6796624
lambda =     3.7372; f =           99.6433654
lambda =     7.2247; f =           99.6139759
Norm of dx   0.030182
----
Improvement on iteration 107 =        0.120254207
-----------------
f at the beginning of new iteration,        99.6139759214
Predicted improvement:        0.087233385
lambda =          1; f =           99.4559968
lambda =     1.9332; f =           99.3416988
lambda =     3.7372; f =           99.2356491
Norm of dx    0.11146
----
Improvement on iteration 108 =        0.378326818
-----------------
f at the beginning of new iteration,        99.2356491035
Predicted improvement:        0.087182220
lambda =          1; f =           99.1985506
lambda =    0.33333; f =           99.1934045
lambda =    0.64439; f =           99.1814926
Norm of dx    0.16629
----
Improvement on iteration 109 =        0.054156538
-----------------
f at the beginning of new iteration,        99.1814925658
Predicted improvement:        0.009782377
lambda =          1; f =           99.1755572
Norm of dx   0.047616
----
Improvement on iteration 110 =        0.005935342
-----------------
f at the beginning of new iteration,        99.1755572241
Predicted improvement:        0.001833566
lambda =          1; f =           99.1739020
Norm of dx   0.016415
----
Improvement on iteration 111 =        0.001655269
-----------------
f at the beginning of new iteration,        99.1739019552
Predicted improvement:        0.000098196
lambda =          1; f =           99.1738259
Norm of dx  0.0042323
----
Improvement on iteration 112 =        0.000076064
-----------------
f at the beginning of new iteration,        99.1738258908
Predicted improvement:        0.000010073
lambda =          1; f =           99.1738147
Norm of dx 0.00093744
----
Improvement on iteration 113 =        0.000011158
-----------------
f at the beginning of new iteration,        99.1738147328
Predicted improvement:        0.000001586
lambda =          1; f =           99.1738121
lambda =     1.9332; f =           99.1738107
Norm of dx 0.00019077
----
Improvement on iteration 114 =        0.000004005
-----------------
f at the beginning of new iteration,        99.1738107277
Predicted improvement:        0.000003951
lambda =          1; f =           99.1738035
lambda =     1.9332; f =           99.1737980
lambda =     3.7372; f =           99.1737909
Norm of dx  0.0002348
----
Improvement on iteration 115 =        0.000019810
-----------------
f at the beginning of new iteration,        99.1737909180
Predicted improvement:        0.000021155
lambda =          1; f =           99.1737514
lambda =     1.9332; f =           99.1737195
lambda =     3.7372; f =           99.1736717
lambda =     7.2247; f =           99.1736307
Norm of dx 0.00051994
----
Improvement on iteration 116 =        0.000160175
-----------------
f at the beginning of new iteration,        99.1736307430
Predicted improvement:        0.000137868
lambda =          1; f =           99.1733593
lambda =     1.9332; f =           99.1731138
lambda =     3.7372; f =           99.1726603
lambda =     7.2247; f =           99.1718633
lambda =     13.967; f =           99.1706209
lambda =         27; f =           99.1693417
Norm of dx 0.00062125
----
Improvement on iteration 117 =        0.004289063
-----------------
f at the beginning of new iteration,        99.1693416797
Predicted improvement:        0.001233587
lambda =          1; f =           99.1680875
Norm of dx   0.017985
----
Improvement on iteration 118 =        0.001254133
-----------------
f at the beginning of new iteration,        99.1680875470
Predicted improvement:        0.000045145
lambda =          1; f =           99.1680452
Norm of dx  0.0016497
----
Improvement on iteration 119 =        0.000042343
-----------------
f at the beginning of new iteration,        99.1680452038
Predicted improvement:        0.000000715
lambda =          1; f =           99.1680445
Norm of dx 0.00029264
----
Improvement on iteration 120 =        0.000000737
-----------------
f at the beginning of new iteration,        99.1680444671
Predicted improvement:        0.000000010
lambda =          1; f =           99.1680445
Norm of dx 2.5364e-05
----
Improvement on iteration 121 =        0.000000011
improvement < crit termination

Final value of minus the log posterior (or likelihood):99.168044 

MODE CHECK

Fval obtained by the minimization routine (minus the posterior/likelihood)): 99.168044

RESULTS FROM POSTERIOR ESTIMATION
parameters
         prior mean     mode    s.d. prior pstdev

para_sp_b    0.050   0.0452  0.0040 beta  0.0050 
phiv         4.000   1.4700  0.5311 norm  1.5000 
thetav       0.500   0.5569  0.0488 beta  0.1000 
rhov         0.500   0.8196  0.0209 beta  0.2000 
zetav        1.500   2.1800  0.2124 gamm  0.2500 
zetay        0.125   0.0682  0.0292 gamm  0.1000 
pi_bar       0.620   0.5357  0.0652 gamm  0.1000 
iotapi       0.500   0.1694  0.0852 beta  0.1500 
constebeta   0.300   0.0781  0.0267 gamm  0.1000 
ytrend       0.400   0.4673  0.0351 norm  0.1000 
s_bar        0.500   0.3463  0.0432 gamm  0.1000 
rhov_a       0.500   0.9498  0.0103 beta  0.2000 
rhov_g       0.500   0.8703  0.0293 beta  0.2000 
rhov_i       0.500   0.9042  0.0289 beta  0.2000 
rhov_f       0.750   0.8415  0.0353 beta  0.1500 

standard deviation of shocks
         prior mean     mode    s.d. prior pstdev

e_a          0.100   1.1653  0.1202 invg  2.0000 
e_g          0.100   3.3035  0.3107 invg  2.0000 
e_rn         0.100   0.1218  0.0124 invg  2.0000 
e_i          0.100   1.2606  0.2743 invg  2.0000 
e_f          0.050   4.4429  0.5511 invg  4.0000 


Log data density [Laplace approximation] is -143.054954.

Estimation::mcmc: One Chain mode.
Estimation::mcmc: Initialization at the posterior mode.

Estimation::mcmc: Write details about the MCMC... Ok!
Estimation::mcmc: Details about the MCMC are available in NKBGG/metropolis\NKBGG_mh_history_0.mat


Estimation::mcmc: Number of mh files: 2 per block.
Estimation::mcmc: Total number of generated files: 2.
Estimation::mcmc: Total number of iterations: 1000000.
Estimation::mcmc: Current acceptance ratio per chain: 
                                                       Chain  1: 50.6909%
Estimation::mcmc: Total number of MH draws per chain: 1000000.
Estimation::mcmc: Total number of generated MH files: 2.
Estimation::mcmc: I'll use mh-files 1 to 2.
Estimation::mcmc: In MH-file number 1 I'll start at line 300001.
Estimation::mcmc: Finally I keep 700000 draws per chain.



MCMC Inefficiency factors per block
Parameter        Block 1
SE_e_a           105.483
SE_e_g           111.393
SE_e_rn           99.837
SE_e_i           315.121
SE_e_f           133.436
para_sp_b         89.107
phiv             299.152
thetav           122.279
rhov             103.449
zetav            127.434
zetay            118.233
pi_bar            93.746
iotapi           151.511
constebeta       125.100
ytrend            92.190
s_bar            107.845
rhov_a           131.034
rhov_g           109.495
rhov_i           193.074
rhov_f           107.545


Geweke (1992) Convergence Tests, based on means of draws 300000 to 440000 vs 650000 to 1000000.
p-values are for Chi2-test for equality of means.
Parameter          Post. Mean        Post. Std   p-val No Taper   p-val 4% Taper   p-val 8% Taper  p-val 15% Taper
SE_e_a                  1.201            0.126            0.000            0.543            0.510            0.457
SE_e_g                  3.425            0.333            0.000            0.015            0.012            0.008
SE_e_rn                 0.124            0.012            0.000            0.153            0.126            0.077
SE_e_i                  1.703            0.462            0.607            0.981            0.980            0.976
SE_e_f                  4.656            0.612            0.000            0.511            0.482            0.460
para_sp_b               0.046            0.004            0.007            0.767            0.770            0.757
phiv                    2.260            0.867            0.219            0.952            0.949            0.944
thetav                  0.545            0.053            0.285            0.915            0.910            0.895
rhov                    0.825            0.020            0.000            0.098            0.071            0.056
zetav                   2.283            0.224            0.000            0.279            0.261            0.227
zetay                   0.074            0.031            0.390            0.938            0.939            0.937
pi_bar                  0.543            0.063            0.000            0.165            0.188            0.245
iotapi                  0.229            0.105            0.016            0.847            0.837            0.819
constebeta              0.092            0.029            0.000            0.491            0.461            0.402
ytrend                  0.469            0.034            0.000            0.488            0.481            0.468
s_bar                   0.344            0.044            0.000            0.716            0.690            0.679
rhov_a                  0.947            0.012            0.018            0.815            0.809            0.807
rhov_g                  0.866            0.030            0.000            0.128            0.186            0.234
rhov_i                  0.881            0.035            0.000            0.612            0.586            0.528
rhov_f                  0.835            0.037            0.000            0.493            0.467            0.485


Estimation::marginal density: I'm computing the posterior mean and covariance...  Done!
Estimation::marginal density: I'm computing the posterior log marginal density (modified harmonic mean)... Done!


ESTIMATION RESULTS

Log data density is -142.335172.

parameters
             prior mean   post. mean        90% HPD interval    prior       pstdev

para_sp_b         0.050       0.0456      0.0391      0.0521   beta        0.0050
phiv              4.000       2.2538      0.9485      3.5771   norm        1.5000
thetav            0.500       0.5453      0.4582      0.6304   beta        0.1000
rhov              0.500       0.8246      0.7918      0.8580   beta        0.2000
zetav             1.500       2.2867      1.9067      2.6455   gamm        0.2500
zetay             0.125       0.0734      0.0223      0.1214   gamm        0.1000
pi_bar            0.620       0.5422      0.4395      0.6455   gamm        0.1000
iotapi            0.500       0.2274      0.0690      0.3838   beta        0.1500
constebeta        0.300       0.0925      0.0439      0.1382   gamm        0.1000
ytrend            0.400       0.4693      0.4126      0.5253   norm        0.1000
s_bar             0.500       0.3438      0.2730      0.4167   gamm        0.1000
rhov_a            0.500       0.9467      0.9289      0.9655   beta        0.2000
rhov_g            0.500       0.8663      0.8179      0.9148   beta        0.2000
rhov_i            0.500       0.8806      0.8252      0.9380   beta        0.2000
rhov_f            0.750       0.8351      0.7761      0.8949   beta        0.1500

standard deviation of shocks
             prior mean   post. mean        90% HPD interval    prior       pstdev

e_a               0.100       1.2013      0.9966      1.4058   invg        2.0000
e_g               0.100       3.4231      2.8808      3.9459   invg        2.0000
e_rn              0.100       0.1236      0.1034      0.1437   invg        2.0000
e_i               0.100       1.7020      0.9990      2.4076   invg        2.0000
e_f               0.050       4.6595      3.6829      5.6189   invg        4.0000
Estimation::mcmc: Posterior (dsge) IRFs...
Estimation::mcmc: Posterior IRFs, done!
Estimation::mcmc: Smoothed variables
Estimation::mcmc: Smoothed variables, done!
Estimation::mcmc: Smoothed shocks
Estimation::mcmc: Smoothed shocks, done!
Estimation::mcmc: Trend_coefficients
Estimation::mcmc: Trend_coefficients, done!
Estimation::mcmc: Smoothed constant
Estimation::mcmc: Smoothed constant, done!
Estimation::mcmc: Smoothed trend
Estimation::mcmc: Smoothed trend, done!
Estimation::mcmc: Updated Variables
Estimation::mcmc: Updated Variables, done!
Estimation::mcmc: Forecasted variables (mean)
Estimation::mcmc: Forecasted variables (mean), done!
Estimation::mcmc: Forecasted variables (point)
Estimation::mcmc: Forecasted variables (point), done!
Total computing time : 4h16m05s
