Starting Dynare (version 4.5.7).
Starting preprocessing of the model file ...
Found 61 equation(s).
Evaluating expressions...done
Computing static model derivatives:
 - order 1
Computing dynamic model derivatives:
 - order 1
 - order 2
Processing outputs ...
done
Preprocessing completed.
00 
SIGMAP     0.750   0.9611     NaN beta  0.0500 
FCP        1.450   1.3723     NaN norm  0.1250 
PHI        0.330   1.5681     NaN gamm  0.2500 
SIGMA_WI   0.500   0.2734     NaN beta  0.1500 
SIGMA_PI   0.500   0.4364     NaN beta  0.1500 
ZETA       0.250   0.8458     NaN beta  0.1500 
IOTA_PI    1.700   1.6043     NaN norm  0.1500 
RHO_I      0.750   0.8673     NaN beta  0.1000 
IOTA_Y     0.125   0.0706     NaN gamm  0.0500 
IOTA_DY    0.063   0.1825     NaN norm  0.0500 
picbar     0.625   0.7118     NaN gamm  0.1000 
ctrend     0.400   0.3375     NaN norm  0.1000 

standard deviation of shocks
       prior mean     mode    s.d. prior pstdev

e_a        0.100   0.3764     NaN invg  2.0000 
e_x        0.100   1.1305     NaN invg  2.0000 
e_i        0.100   0.1050     NaN invg  2.0000 
e_kq       0.100   0.1690     NaN invg  2.0000 
e_g        0.100   2.3404     NaN invg  2.0000 
epinf      0.100   0.1298     NaN invg  2.0000 
ew         0.100   0.2498     NaN invg  2.0000 


Log data density [Laplace approximation] is NaN.


Configuring Dynare ...
[mex] Generalized QZ.
[mex] Sylvester equation solution.
[mex] Kronecker products.
[mex] Sparse kronecker products.
[mex] Local state space iteration (second order).
[mex] Bytecode evaluation.
[mex] k-order perturbation solver.
[mex] k-order solution simulation.
[mex] Quasi Monte-Carlo sequence (Sobol).
[mex] Markov Switching SBVAR.

Using 64-bit preprocessor
Starting Dynare (version 4.5.7).
Starting preprocessing of the model file ...
Found 61 equation(s).
Evaluating expressions...done
Computing static model derivatives:
 - order 1
Computing dynamic model derivatives:
 - order 1
 - order 2
Processing outputs ...
done
Preprocessing completed.


STEADY-STATE RESULTS:

hours_sw07_obs 		 0
ffr_obs        		 1.0101
gdpdef_obs     		 0.8
gdp_rgd_obs    		 0.43
c_rgd_obs      		 0.43
ifi_rgd_obs    		 0.43
wage_rgd_obs   		 0.43
ewma           		 0
epinfma        		 0
y              		 0
inv            		 0
ext_pr         		 0
pinf           		 0
c              		 0
lev            		 0
q              		 0
Lambda         		 0
ell            		 0
eta            		 0
v              		 0
rk             		 0
invss          		 0
z              		 0
s              		 0
mu             		 0
n              		 0
n_e            		 0
lend           		 0
u              		 0
w              		 0
G              		 0
r              		 0
a              		 0
x              		 0
spinf          		 0
sw             		 0
kq             		 0
zk             		 0
ms             		 0
yf             		 0
invf           		 0
ext_prf        		 0
cf             		 0
levf           		 0
qf             		 0
Lambdaf        		 0
ellf           		 0
etaf           		 0
vf             		 0
rkf            		 0
xf             		 0
zf             		 0
sf             		 0
muf            		 0
nf             		 0
n_ef           		 0
lendf          		 0
uf             		 0
wf             		 0
rf             		 0
zkf            		 0

EIGENVALUES:
         Modulus             Real        Imaginary

               0               -0                0
               0               -0                0
               0               -0                0
       2.536e-17        2.536e-17                0
       4.136e-17        4.136e-17                0
        6.58e-17        -6.58e-17                0
       6.999e-17        6.999e-17                0
        9.54e-17         9.54e-17                0
       1.073e-16        1.073e-16                0
       1.382e-16        1.382e-16                0
       2.188e-16        2.188e-16                0
       2.235e-15       -2.235e-15                0
         0.07425          0.07425                0
          0.2199           0.2199                0
          0.4744           0.4744                0
          0.6373           0.6311          0.08874
          0.6373           0.6311         -0.08874
          0.6928           0.6928                0
             0.8              0.8                0
             0.8              0.8                0
          0.8767           0.8767                0
          0.8779           0.8747          0.07471
          0.8779           0.8747         -0.07471
          0.8889           0.8854          0.07889
          0.8889           0.8854         -0.07889
          0.9349           0.9349                0
          0.9392           0.9392                0
          0.9583           0.9583                0
          0.9607           0.9607                0
           1.014            1.014                0
           1.014            1.014                0
           1.041            1.041                0
           1.042            1.042                0
             1.1            1.089           0.1532
             1.1            1.089          -0.1532
           1.145            1.145                0
           1.237            1.237                0
           1.318            1.318                0
       1.147e+15       -1.147e+15                0
        1.88e+16         1.88e+16                0
       4.582e+16        4.582e+16                0
       1.377e+17       -1.377e+17                0
        1.47e+17        -1.47e+17                0


There are 14 eigenvalue(s) larger than 1 in modulus 
for 14 forward-looking variable(s)

The rank condition is verified.

Initial value of the log posterior (or likelihood): -631.0112
                                            First-order      Norm of
 Iter F-count            f(x)  Feasibility   optimality         step
    0      30    6.310112e+02    0.000e+00    2.736e+03
    1      64    5.284905e+02    0.000e+00    5.652e+02    2.806e-01
    2      99    5.254209e+02    0.000e+00    5.008e+02    4.149e-01
    3     130    5.169988e+02    0.000e+00    5.239e+02    3.413e-01
    4     163    5.126690e+02    0.000e+00    1.324e+03    4.712e-01
    5     195    5.018581e+02    0.000e+00    7.199e+02    4.344e-01
    6     226    4.914284e+02    0.000e+00    4.742e+02    3.576e-01
    7     257    4.805081e+02    0.000e+00    2.431e+02    7.973e-01
    8     289    4.769936e+02    0.000e+00    1.573e+02    7.501e-01
    9     321    4.731860e+02    0.000e+00    4.423e+02    2.752e-01
   10     352    4.690896e+02    0.000e+00    1.909e+02    2.018e+00
   11     383    4.653112e+02    0.000e+00    3.227e+02    2.451e-01
   12     414    4.610498e+02    0.000e+00    7.375e+02    5.300e-01
   13     446    4.577724e+02    0.000e+00    1.046e+03    8.035e-01
   14     477    4.555136e+02    0.000e+00    7.868e+02    1.581e-01
   15     510    4.532233e+02    0.000e+00    4.237e+02    2.411e-01
   16     542    4.522398e+02    0.000e+00    2.389e+02    3.014e-01
   17     574    4.508806e+02    0.000e+00    1.845e+02    5.527e-01
   18     606    4.499011e+02    0.000e+00    2.180e+02    2.343e-01
   19     638    4.493194e+02    0.000e+00    2.105e+02    5.505e-01
   20     669    4.488494e+02    0.000e+00    2.838e+02    8.642e-01
   21     701    4.484336e+02    0.000e+00    1.268e+02    5.176e-01
   22     732    4.455664e+02    0.000e+00    1.619e+02    3.317e-01
   23     765    4.452203e+02    0.000e+00    4.570e+02    2.512e-01
   24     797    4.446319e+02    0.000e+00    4.206e+02    1.225e-01
   25     829    4.443314e+02    0.000e+00    3.275e+02    1.488e-01
   26     862    4.441862e+02    0.000e+00    1.793e+02    2.372e-01
   27     898    4.439425e+02    0.000e+00    6.194e+01    5.372e-02
   28     931    4.438669e+02    0.000e+00    1.033e+02    4.284e-02
   29     967    4.437583e+02    0.000e+00    7.365e+01    1.469e-02
   30     998    4.437280e+02    0.000e+00    6.749e+01    3.782e-02

                                            First-order      Norm of
 Iter F-count            f(x)  Feasibility   optimality         step
   31    1034    4.436870e+02    0.000e+00    1.000e+02    1.726e-02
   32    1065    4.436683e+02    0.000e+00    1.016e+02    2.851e-02
   33    1098    4.436379e+02    0.000e+00    8.384e+01    8.645e-02
   34    1136    4.436304e+02    0.000e+00    8.476e+01    1.014e-02
   35    1167    4.436262e+02    0.000e+00    8.069e+01    2.292e-02
   36    1200    4.436322e+02    0.000e+00    7.594e+01    3.553e-02
   37    1233    4.436375e+02    0.000e+00    1.053e+02    1.045e-01
   38    1266    4.436222e+02    0.000e+00    9.387e+01    7.397e-02
   39    1304    4.435868e+02    0.000e+00    7.642e+01    1.226e-02
   40    1335    4.435792e+02    0.000e+00    6.896e+01    1.854e-02
   41    1369    4.435914e+02    0.000e+00    8.756e+01    3.415e-02
   42    1399    4.434251e+02    0.000e+00    8.807e+01    7.626e-02
   43    1432    4.432792e+02    0.000e+00    1.255e+02    1.058e-01
   44    1469    4.431286e+02    0.000e+00    8.674e+00    4.752e-02
   45    1501    4.431239e+02    0.000e+00    1.799e+01    8.821e-02
   46    1534    4.431352e+02    0.000e+00    4.177e+01    1.291e-01
   47    1570    4.430329e+02    0.000e+00    5.472e+01    7.373e-02
   48    1601    4.429437e+02    0.000e+00    5.748e+01    7.845e-02
   49    1634    4.429773e+02    0.000e+00    5.564e+01    2.369e-01
   50    1667    4.429312e+02    0.000e+00    5.211e+01    1.354e-01
   51    1699    4.428059e+02    0.000e+00    4.049e+01    1.598e-01
   52    1734    4.427805e+02    0.000e+00    3.959e+01    9.935e-02
   53    1766    4.427432e+02    0.000e+00    3.830e+01    8.297e-02
   54    1799    4.427514e+02    0.000e+00    7.228e+01    6.762e-02
   55    1830    4.426617e+02    0.000e+00    1.834e+01    9.749e-02
   56    1860    4.426174e+02    0.000e+00    3.099e+01    2.771e-02
   57    1890    4.426011e+02    0.000e+00    1.478e+01    9.741e-03
   58    1920    4.425803e+02    0.000e+00    6.353e+00    3.703e-02
   59    1950    4.425543e+02    0.000e+00    1.163e+01    2.962e-02
   60    1980    4.425157e+02    0.000e+00    2.548e+01    4.907e-02

                                            First-order      Norm of
 Iter F-count            f(x)  Feasibility   optimality         step
   61    2011    4.424774e+02    0.000e+00    4.553e+01    4.892e-02
   62    2042    4.424297e+02    0.000e+00    9.005e+01    1.163e-01
   63    2072    4.423167e+02    0.000e+00    3.052e+01    1.149e-01
   64    2102    4.421362e+02    0.000e+00    7.243e+01    7.124e-02
   65    2133    4.419461e+02    0.000e+00    1.120e+02    6.968e-02
   66    2163    4.416802e+02    0.000e+00    7.785e+01    1.453e-01
   67    2193    4.414587e+02    0.000e+00    2.650e+01    4.342e-02
   68    2223    4.413313e+02    0.000e+00    1.493e+01    4.305e-02
   69    2253    4.412808e+02    0.000e+00    1.675e+01    7.268e-02
   70    2284    4.412376e+02    0.000e+00    2.289e+01    3.814e-02
   71    2314    4.412208e+02    0.000e+00    1.615e+01    2.435e-02
   72    2344    4.412136e+02    0.000e+00    8.739e+00    4.049e-02
   73    2374    4.412027e+02    0.000e+00    4.222e+00    1.389e-02
   74    2404    4.411939e+02    0.000e+00    4.853e+00    2.053e-02
   75    2434    4.411913e+02    0.000e+00    3.085e+00    2.030e-02
   76    2464    4.411823e+02    0.000e+00    2.667e+00    4.212e-02
   77    2494    4.411486e+02    0.000e+00    1.026e+01    7.819e-02
   78    2525    4.410593e+02    0.000e+00    5.169e+01    1.109e-01
   79    2557    4.410506e+02    0.000e+00    6.294e+01    1.471e-02
   80    2594    4.410485e+02    0.000e+00    6.482e+01    1.130e-02
   81    2624    4.410457e+02    0.000e+00    5.883e+01    3.113e-02
   82    2659    4.410382e+02    0.000e+00    4.874e+01    1.833e-02
   83    2690    4.410430e+02    0.000e+00    4.816e+01    5.108e-02
   84    2722    4.410131e+02    0.000e+00    7.539e+01    1.218e-01
   85    2752    4.409894e+02    0.000e+00    6.135e+01    6.279e-02
   86    2782    4.409470e+02    0.000e+00    7.633e+01    1.145e-01
   87    2812    4.408813e+02    0.000e+00    2.080e+01    3.941e-02
   88    2842    4.407515e+02    0.000e+00    2.598e+01    7.890e-02
   89    2873    4.406171e+02    0.000e+00    5.197e+01    1.322e-01
   90    2903    4.405924e+02    0.000e+00    2.062e+01    8.279e-02

                                            First-order      Norm of
 Iter F-count            f(x)  Feasibility   optimality         step
   91    2933    4.405429e+02    0.000e+00    1.549e+01    6.341e-02
   92    2963    4.405099e+02    0.000e+00    1.153e+01    2.441e-02
   93    2993    4.405111e+02    0.000e+00    4.469e+00    2.148e-02
   94    3023    4.405109e+02    0.000e+00    3.089e+00    2.078e-02
   95    3053    4.405067e+02    0.000e+00    5.326e+00    2.208e-02
   96    3083    4.405027e+02    0.000e+00    3.557e+00    9.810e-03
   97    3113    4.404939e+02    0.000e+00    2.230e+00    1.500e-02
   98    3143    4.404760e+02    0.000e+00    1.426e+01    2.502e-02
   99    3173    4.404753e+02    0.000e+00    1.796e+00    1.162e-02
  100    3203    4.404753e+02    0.000e+00    5.550e-01    3.300e-03
  101    3233    4.404752e+02    0.000e+00    3.051e-01    1.915e-03
  102    3263    4.404752e+02    0.000e+00    1.190e-01    5.602e-04
  103    3293    4.404752e+02    0.000e+00    8.012e-02    1.389e-04
  104    3323    4.404744e+02    0.000e+00    4.748e-01    3.201e-03
  105    3353    4.404744e+02    0.000e+00    9.418e-02    7.803e-04
  106    3383    4.404744e+02    0.000e+00    3.288e-02    3.006e-04
  107    3413    4.404744e+02    0.000e+00    2.274e-02    3.121e-04
  108    3444    4.404744e+02    0.000e+00    1.772e-02    1.186e-04
  109    3475    4.404744e+02    0.000e+00    8.766e-03    6.336e-05
  110    3505    4.404744e+02    0.000e+00    9.641e-03    3.822e-05
  111    3535    4.404744e+02    0.000e+00    4.000e-03    1.774e-05
  112    3565    4.404744e+02    0.000e+00    1.743e-01    6.583e-04
  113    3595    4.404744e+02    0.000e+00    4.914e-02    2.322e-04
  114    3625    4.404744e+02    0.000e+00    4.774e-02    3.714e-04
  115    3655    4.404744e+02    0.000e+00    1.935e-02    2.088e-04
  116    3685    4.404744e+02    0.000e+00    8.870e-02    4.971e-04
  117    3715    4.404744e+02    0.000e+00    3.025e-02    8.943e-05
  118    3746    4.404744e+02    0.000e+00    3.578e-03    4.185e-05
  119    3776    4.404744e+02    0.000e+00    3.861e-03    5.405e-05
  120    3812    4.404744e+02    0.000e+00    1.026e-03    2.091e-05

                                            First-order      Norm of
 Iter F-count            f(x)  Feasibility   optimality         step
  121    3843    4.404744e+02    0.000e+00    5.762e-02    2.647e-04
  122    3874    4.404744e+02    0.000e+00    1.243e-01    5.120e-04
  123    3904    4.404744e+02    0.000e+00    2.385e-02    6.316e-05
  124    3934    4.404744e+02    0.000e+00    1.099e-02    1.270e-04
  125    3970    4.404744e+02    0.000e+00    1.011e-03    5.616e-05
  126    4001    4.404744e+02    0.000e+00    9.207e-03    5.953e-05
  127    4031    4.404744e+02    0.000e+00    1.080e-02    6.833e-05
  128    4061    4.404744e+02    0.000e+00    5.590e-03    6.127e-05
  129    4097    4.404744e+02    0.000e+00    4.119e-04    2.882e-05
  130    4132    4.404744e+02    0.000e+00    5.135e-04    9.610e-06

<a href = "matlab: helpview([docroot '/toolbox/optim/msg_csh/optim_msg_csh.map'],'local_min_poss_with_constr','CSHelpWindow');">Local minimum possible. Constraints satisfied</a>.

fmincon stopped because the <a href = "matlab: helpview([docroot '/toolbox/optim/msg_csh/optim_msg_csh.map'],'norm_curr_step_simple_fminconip','CSHelpWindow');">size of the current step</a> is less than
the value of the <a href = "matlab: helpview([docroot '/toolbox/optim/msg_csh/optim_msg_csh.map'],'step_size_tol','CSHelpWindow');">step size tolerance</a> and constraints are 
satisfied to within the value of the <a href = "matlab: helpview([docroot '/toolbox/optim/msg_csh/optim_msg_csh.map'],'constraint_tolerance','CSHelpWindow');">constraint tolerance</a>.

<<a href = "matlab: createExitMsg({'optimlib:sqpLineSearch:Exit2basic','fmincon'},{'optimlib:sqpLineSearch:Exit2detailed','1.000000e-06','0.000000e+00','1.000000e-06'},true,true);;">stopping criteria details</a>>

Final value of minus the log posterior (or likelihood):440.474404 

RESULTS FROM POSTERIOR ESTIMATION
parameters
       prior mean     mode    s.d. prior pstdev

RHO_A      0.500   0.9531  0.0366 beta  0.2000 
RHO_RP     0.500   0.9627  0.0129 beta  0.2000 
RHO_G      0.500   0.9808  0.0124 beta  0.2000 
RHO_X      0.500   0.9969  0.0018 beta  0.2000 
RHO_MS     0.500   0.3606  0.0720 beta  0.2000 
RHO_P      0.500   0.9916  0.0080 beta  0.2000 
RHO_W      0.500   0.2400  0.0940 beta  0.2000 
S_PRIMEP   4.000   4.2653  0.9823 norm  1.5000 
H          0.700   0.5083  0.0666 beta  0.1000 
SIGMA_W    0.750   0.8814  0.0211 beta  0.0500 
SIGMAP     0.750   0.8125  0.0257 beta  0.0500 
FCP        1.450   1.3406  0.0757 norm  0.1250 
PHI        0.330   1.3383  0.3959 gamm  0.2500 
SIGMA_WI   0.500   0.3735  0.1507 beta  0.1500 
SIGMA_PI   0.500   0.1225  0.0565 beta  0.1500 
ZETA       0.250   0.8644  0.0540 beta  0.1500 
IOTA_PI    1.700   1.7554  0.1305 norm  0.1500 
RHO_I      0.750   0.8208  0.0218 beta  0.1000 
IOTA_Y     0.125   0.0336  0.0122 gamm  0.0500 
IOTA_DY    0.063   0.1574  0.0223 norm  0.0500 
picbar     0.625   0.6097  0.0747 gamm  0.1000 
ctrend     0.400   0.4883  0.0737 norm  0.1000 

standard deviation of shocks
       prior mean     mode    s.d. prior pstdev

e_a        0.100   0.3619  0.0310 invg  2.0000 
e_x        0.100   1.0069  0.2145 invg  2.0000 
e_i        0.100   0.1110  0.0097 invg  2.0000 
e_kq       0.100   0.1960  0.0371 invg  2.0000 
e_g        0.100   2.3377  0.1802 invg  2.0000 
epinf      0.100   0.0576  0.0115 invg  2.0000 
ew         0.100   0.2507  0.0306 invg  2.0000 


Log data density [Laplace approximation] is -512.408321.

Estimation::mcmc: One Chain mode.
Estimation::mcmc: Initialization at the posterior mode.

Estimation::mcmc: Write details about the MCMC... Ok!
Estimation::mcmc: Details about the MCMC are available in VI16_GK/metropolis\VI16_GK_mh_history_0.mat


Estimation::mcmc: Number of mh files: 2 per block.
Estimation::mcmc: Total number of generated files: 2.
Estimation::mcmc: Total number of iterations: 500000.
Estimation::mcmc: Current acceptance ratio per chain: 
                                                       Chain  1: 35.1718%
Estimation::mcmc: Total number of MH draws per chain: 500000.
Estimation::mcmc: Total number of generated MH files: 2.
Estimation::mcmc: I'll use mh-files 1 to 2.
Estimation::mcmc: In MH-file number 1 I'll start at line 150001.
Estimation::mcmc: Finally I keep 350000 draws per chain.



MCMC Inefficiency factors per block
Parameter       Block 1
SE_e_a          236.443
SE_e_x          380.274
SE_e_i          181.196
SE_e_kq         312.333
SE_e_g          159.275
SE_epinf        522.710
SE_ew           333.465
RHO_A           174.338
RHO_RP          265.573
RHO_G           173.491
RHO_X           574.017
RHO_MS          228.025
RHO_P           743.674
RHO_W           462.542
S_PRIMEP        247.028
H               340.508
SIGMA_W         480.786
SIGMAP          645.434
FCP             174.888
PHI             243.148
SIGMA_WI        199.471
SIGMA_PI        194.862
ZETA            198.232
IOTA_PI         247.089
RHO_I           403.575
IOTA_Y          589.174
IOTA_DY         265.712
picbar          158.747
ctrend          259.424


Geweke (1992) Convergence Tests, based on means of draws 150000 to 220000 vs 325000 to 500000.
p-values are for Chi2-test for equality of means.
Parameter         Post. Mean        Post. Std   p-val No Taper   p-val 4% Taper   p-val 8% Taper  p-val 15% Taper
SE_e_a                 0.383            0.033            0.000            0.000            0.000            0.001
SE_e_x                 1.084            0.270            0.009            0.902            0.898            0.889
SE_e_i                 0.111            0.010            0.000            0.007            0.016            0.037
SE_e_kq                0.238            0.047            0.000            0.003            0.001            0.000
SE_e_g                 2.395            0.191            0.017            0.871            0.879            0.881
SE_epinf               0.061            0.015            0.000            0.014            0.070            0.151
SE_ew                  0.230            0.039            0.000            0.000            0.001            0.006
RHO_A                  0.944            0.032            0.000            0.004            0.013            0.020
RHO_RP                 0.964            0.014            0.000            0.000            0.000            0.000
RHO_G                  0.978            0.012            0.000            0.048            0.055            0.051
RHO_X                  0.992            0.005            0.000            0.000            0.000            0.000
RHO_MS                 0.330            0.078            0.000            0.000            0.001            0.004
RHO_P                  0.906            0.109            0.000            0.000            0.001            0.007
RHO_W                  0.367            0.154            0.000            0.002            0.010            0.029
S_PRIMEP               4.550            0.916            0.000            0.641            0.607            0.527
H                      0.474            0.072            0.000            0.000            0.000            0.000
SIGMA_W                0.864            0.043            0.215            0.969            0.973            0.976
SIGMAP                 0.856            0.051            0.000            0.000            0.000            0.000
FCP                    1.334            0.073            0.000            0.000            0.003            0.011
PHI                    1.689            0.466            0.000            0.254            0.274            0.317
SIGMA_WI               0.336            0.137            0.000            0.000            0.000            0.000
SIGMA_PI               0.152            0.064            0.000            0.143            0.148            0.127
ZETA                   0.847            0.053            0.000            0.000            0.002            0.010
IOTA_PI                1.714            0.146            0.000            0.000            0.000            0.000
RHO_I                  0.842            0.027            0.000            0.000            0.000            0.000
IOTA_Y                 0.064            0.029            0.000            0.000            0.000            0.000
IOTA_DY                0.171            0.024            0.000            0.000            0.000            0.000
picbar                 0.623            0.073            0.000            0.000            0.000            0.000
ctrend                 0.472            0.078            0.000            0.639            0.679            0.712


Estimation::marginal density: I'm computing the posterior mean and covariance...  Done!
Estimation::marginal density: I'm computing the posterior log marginal density (modified harmonic mean)... Done!


ESTIMATION RESULTS

Log data density is -510.396376.

parameters
           prior mean   post. mean        90% HPD interval    prior       pstdev

RHO_A           0.500       0.9449      0.8976      0.9884   beta        0.2000
RHO_RP          0.500       0.9641      0.9425      0.9875   beta        0.2000
RHO_G           0.500       0.9780      0.9601      0.9960   beta        0.2000
RHO_X           0.500       0.9921      0.9853      0.9992   beta        0.2000
RHO_MS          0.500       0.3290      0.2010      0.4589   beta        0.2000
RHO_P           0.500       0.8927      0.6585      0.9994   beta        0.2000
RHO_W           0.500       0.3625      0.1320      0.6140   beta        0.2000
S_PRIMEP        4.000       4.5473      3.0226      5.9807   norm        1.5000
H               0.700       0.4717      0.3498      0.5903   beta        0.1000
SIGMA_W         0.750       0.8661      0.8091      0.9248   beta        0.0500
SIGMAP          0.750       0.8606      0.7960      0.9610   beta        0.0500
FCP             1.450       1.3323      1.2128      1.4535   norm        0.1250
PHI             0.330       1.6971      0.9404      2.4293   gamm        0.2500
SIGMA_WI        0.500       0.3347      0.1139      0.5460   beta        0.1500
SIGMA_PI        0.500       0.1513      0.0515      0.2487   beta        0.1500
ZETA            0.250       0.8455      0.7618      0.9330   beta        0.1500
IOTA_PI         1.700       1.7109      1.4745      1.9576   norm        0.1500
RHO_I           0.750       0.8435      0.7977      0.8892   beta        0.1000
IOTA_Y          0.125       0.0662      0.0186      0.1113   gamm        0.0500
IOTA_DY         0.063       0.1711      0.1297      0.2103   norm        0.0500
picbar          0.625       0.6248      0.5070      0.7430   gamm        0.1000
ctrend          0.400       0.4715      0.3463      0.6010   norm        0.1000

standard deviation of shocks
           prior mean   post. mean        90% HPD interval    prior       pstdev

e_a             0.100       0.3840      0.3299      0.4387   invg        2.0000
e_x             0.100       1.0878      0.6637      1.5130   invg        2.0000
e_i             0.100       0.1107      0.0947      0.1268   invg        2.0000
e_kq            0.100       0.2380      0.1608      0.3084   invg        2.0000
e_g             0.100       2.3967      2.0803      2.7040   invg        2.0000
epinf           0.100       0.0622      0.0383      0.0886   invg        2.0000
ew              0.100       0.2306      0.1630      0.2925   invg        2.0000
Estimation::mcmc: Smoothed variables
Estimation::mcmc: Smoothed variables, done!
Estimation::mcmc: Smoothed shocks
Estimation::mcmc: Smoothed shocks, done!
Estimation::mcmc: Trend_coefficients
Estimation::mcmc: Trend_coefficients, done!
Estimation::mcmc: Smoothed constant
Estimation::mcmc: Smoothed constant, done!
Estimation::mcmc: Smoothed trend
Estimation::mcmc: Smoothed trend, done!
Estimation::mcmc: Updated Variables
Estimation::mcmc: Updated Variables, done!
Estimation::mcmc: Forecasted variables (mean)
Estimation::mcmc: Forecasted variables (mean), done!
Estimation::mcmc: Forecasted variables (point)
Estimation::mcmc: Forecasted variables (point), done!
Total computing time : 4h33m50s
