Starting preprocessing of the model file ...
Found 16 equation(s).
Evaluating expressions...done
Computing static model derivatives (order 1).
Computing dynamic model derivatives (order 2).
Processing outputs ...
done
Preprocessing completed.
Initial value of the log posterior (or likelihood): -392.6478

==========================================================
   Change in the posterior covariance matrix = 0.23515.
   Change in the posterior mean = 2.5799.
   Mode improvement = 392.9396
   New value of jscale = 0.079381
==========================================================

==========================================================
   Change in the posterior covariance matrix = 0.11073.
   Change in the posterior mean = 0.17973.
   Mode improvement = 0.73734
   New value of jscale = 0.37683
==========================================================

==========================================================
   Change in the posterior covariance matrix = 0.078713.
   Change in the posterior mean = 0.032504.
   Mode improvement = 1.2489
   New value of jscale = 0.38696
==========================================================

Optimal value of the scale parameter = 0.38696


Final value of minus the log posterior (or likelihood):-2.278116 

RESULTS FROM POSTERIOR ESTIMATION
parameters
         prior mean     mode    s.d. prior pstdev

trend        0.500   0.6789  0.0680 norm 0.2500 
piestarobs   1.000   0.6090  0.1022 norm 0.5000 
rstarobs     0.125   0.3410  0.0910 gamm 0.0625 
kappa        0.300   0.1873  0.0764 gamm 0.1500 
sigma        2.000   4.0888  0.6260 gamm 0.5000 
psi1         1.500   1.8385  0.2404 gamm 0.2500 
psi2         0.125   0.0218  0.0570 gamm 0.1000 
rhoR         0.500   0.8583  0.0188 beta 0.2000 
rhog         0.800   0.8995  0.0749 beta 0.1000 
rhoz         0.300   0.3905  0.0858 beta 0.1000 
rhoxi        0.500   0.5276  0.1951 beta 0.2000 
rhophi       0.500   0.8494  0.0420 beta 0.2000 

standard deviation of shocks
         prior mean     mode    s.d. prior pstdev

eR           0.003   0.0014  0.0001 invg 0.0014 
eg           0.006   0.0030  0.0005 invg 0.0032 
ez           0.009   0.0042  0.0005 invg 0.0043 
exi          0.005   0.0028  0.0011 invg 0.0040 
ephi         0.005   0.0210  0.0055 invg 0.0040 


Log data density [Laplace approximation] is -48.766914.

mh_jscale has been set equal to 0.40703

Estimation::mcmc: One Chain mode.
Estimation::mcmc: Initialization at the posterior mode.

Estimation::mcmc: Write details about the MCMC... Ok!
Estimation::mcmc: Details about the MCMC are available in WW11/metropolis\WW11_mh_history_0.mat


Estimation::mcmc: Number of mh files: 2 per block.
Estimation::mcmc: Total number of generated files: 2.
Estimation::mcmc: Total number of iterations: 1000000.
Estimation::mcmc: Current acceptance ratio per chain: 
                                                       Chain  1: 28.5181%
Estimation::mcmc: Total number of MH draws per chain: 1000000.
Estimation::mcmc: Total number of generated MH files: 2.
Estimation::mcmc: I'll use mh-files 1 to 2.
Estimation::mcmc: In MH-file number 1 I'll start at line 300001.
Estimation::mcmc: Finally I keep 700000 draws per chain.



MCMC Inefficiency factors per block
Parameter        Block 1
SE_eR            118.908
SE_eg             97.936
SE_ez             92.688
SE_exi           177.244
SE_ephi          372.266
trend            105.518
piestarobs       129.787
rstarobs          98.010
kappa            258.884
sigma             85.342
psi1             117.213
psi2             131.134
rhoR             153.905
rhog             120.658
rhoz             108.315
rhoxi            104.188
rhophi           161.488


Geweke (1992) Convergence Tests, based on means of draws 300000 to 440000 vs 650000 to 1000000.
p-values are for Chi2-test for equality of means.
Parameter          Post. Mean        Post. Std   p-val No Taper   p-val 4% Taper   p-val 8% Taper  p-val 15% Taper
SE_eR                   0.001            0.000            0.000            0.490            0.488            0.451
SE_eg                   0.003            0.000            0.000            0.629            0.661            0.672
SE_ez                   0.004            0.000            0.000            0.290            0.281            0.264
SE_exi                  0.004            0.001            0.000            0.326            0.292            0.307
SE_ephi                 0.024            0.008            0.000            0.837            0.848            0.859
trend                   0.678            0.071            0.000            0.415            0.343            0.296
piestarobs              0.609            0.103            0.023            0.851            0.850            0.838
rstarobs                0.334            0.092            0.000            0.300            0.269            0.277
kappa                   0.193            0.087            0.000            0.549            0.545            0.568
sigma                   4.319            0.587            0.070            0.848            0.835            0.813
psi1                    1.874            0.257            0.000            0.476            0.462            0.474
psi2                    0.066            0.054            0.000            0.195            0.183            0.152
rhoR                    0.863            0.021            0.000            0.333            0.322            0.293
rhog                    0.860            0.078            0.000            0.406            0.400            0.368
rhoz                    0.392            0.089            0.000            0.334            0.350            0.378
rhoxi                   0.522            0.200            0.000            0.671            0.663            0.610
rhophi                  0.846            0.042            0.000            0.590            0.623            0.641


Estimation::marginal density: I'm computing the posterior mean and covariance...  Done!
Estimation::marginal density: I'm computing the posterior log marginal density (modified harmonic mean)... Done!


ESTIMATION RESULTS

Log data density is -49.741429.

parameters
             prior mean   post. mean        90% HPD interval    prior       pstdev

trend             0.500       0.6782      0.5646      0.7979    norm       0.2500
piestarobs        1.000       0.6079      0.4406      0.7742    norm       0.5000
rstarobs          0.125       0.3338      0.1822      0.4856    gamm       0.0625
kappa             0.300       0.1955      0.0597      0.3224    gamm       0.1500
sigma             2.000       4.3220      3.3540      5.2623    gamm       0.5000
psi1              1.500       1.8769      1.4514      2.2895    gamm       0.2500
psi2              0.125       0.0666      0.0004      0.1389    gamm       0.1000
rhoR              0.500       0.8627      0.8291      0.8974    beta       0.2000
rhog              0.800       0.8590      0.7462      0.9778    beta       0.1000
rhoz              0.300       0.3921      0.2459      0.5382    beta       0.1000
rhoxi             0.500       0.5216      0.1981      0.8540    beta       0.2000
rhophi            0.500       0.8473      0.7808      0.9144    beta       0.2000

standard deviation of shocks
             prior mean   post. mean        90% HPD interval    prior       pstdev

eR                0.003       0.0015      0.0013      0.0016    invg       0.0014
eg                0.006       0.0031      0.0023      0.0038    invg       0.0032
ez                0.009       0.0042      0.0035      0.0050    invg       0.0043
exi               0.005       0.0036      0.0017      0.0054    invg       0.0040
ephi              0.005       0.0236      0.0134      0.0340    invg       0.0040
Estimation::mcmc: Smoothed variables
Estimation::mcmc: Smoothed variables, done!
Estimation::mcmc: Smoothed shocks
Estimation::mcmc: Smoothed shocks, done!
Estimation::mcmc: Trend_coefficients
Estimation::mcmc: Trend_coefficients, done!
Estimation::mcmc: Smoothed constant
Estimation::mcmc: Smoothed constant, done!
Estimation::mcmc: Smoothed trend
Estimation::mcmc: Smoothed trend, done!
Estimation::mcmc: Updated Variables
Estimation::mcmc: Updated Variables, done!
Estimation::mcmc: Forecasted variables (mean)
Estimation::mcmc: Forecasted variables (mean), done!
Estimation::mcmc: Forecasted variables (point)
Estimation::mcmc: Forecasted variables (point), done!
Total computing time : 1h18m12s
