Starting Dynare (version 4.5.7).
Starting preprocessing of the model file ...
Substitution of endo lags >= 2: added 2 auxiliary variables and equations.
Found 13 equation(s).
Evaluating expressions...done
Computing static model derivatives:
 - order 1
Computing dynamic model derivatives:
 - order 1
 - order 2
Processing outputs ...
done
Preprocessing completed.
Initial value of the log posterior (or likelihood): -683.5677
-----------------
f at the beginning of new iteration,       683.5676883696
Predicted improvement:  2367337.506790106
lambda =          1; f =         1081.9537532
lambda =    0.33333; f =          714.2999755
lambda =    0.11111; f =          684.5741326
lambda =   0.037037; f =         1088.9128268
lambda =   0.012346; f =          782.4977801
lambda =  0.0041152; f =          539.1263501
lambda =  0.0013717; f =          378.2611163
lambda = 0.00045725; f =          331.0873569
lambda = 0.00015242; f =          404.0938500
Norm of dx     21.759
----
Improvement on iteration 1 =      352.480331506
-----------------
f at the beginning of new iteration,       331.0873568634
Predicted improvement:    16041.916622268
lambda =          1; f =          331.5401447
lambda =    0.33333; f =          331.1345939
lambda =    0.11111; f =          331.0916457
lambda =   0.037037; f =          331.0875780
lambda =   0.012346; f =          432.8403922
lambda =  0.0041152; f =          270.1522056
Norm of dx     1.7973
----
Improvement on iteration 2 =       60.935151312
-----------------
f at the beginning of new iteration,       270.1522055517
Predicted improvement:      448.444328863
lambda =          1; f =          270.1961131
lambda =    0.33333; f =          270.1558672
lambda =    0.11111; f =          270.1523258
lambda =   0.037037; f =          362.2457960
lambda =   0.012346; f =          265.8590564
Norm of dx    0.30307
----
Improvement on iteration 3 =        4.293149164
-----------------
f at the beginning of new iteration,       265.8590563875
Predicted improvement:       36.932332808
lambda =          1; f =          214.8218260
Norm of dx   0.085006
----
Improvement on iteration 4 =       51.037230352
-----------------
f at the beginning of new iteration,       214.8218260359
Predicted improvement:       25.739251505
lambda =          1; f =          386.7818169
lambda =    0.33333; f =          198.6078132
lambda =    0.64439; f =          190.1409452
lambda =     1.2457; f =          214.8218301
lambda =     0.8388; f =          211.8193875
lambda =    0.66161; f =          190.4050956
lambda =    0.76285; f =          196.6468247
Norm of dx    0.10547
----
Improvement on iteration 5 =       24.680880810
warning: possible inaccuracy in H matrix
-----------------
f at the beginning of new iteration,       190.1409452263
Predicted improvement:       21.369729143
lambda =          1; f =          170.0356584
Norm of dx   0.066907
----
Improvement on iteration 6 =       20.105286845
-----------------
f at the beginning of new iteration,       170.0356583817
Predicted improvement:       14.597448195
lambda =          1; f =          164.1147527
lambda =    0.33333; f =          164.0001995
Norm of dx   0.011814
----
Improvement on iteration 7 =        6.035458931
-----------------
f at the beginning of new iteration,       164.0001994508
Predicted improvement:        9.471198276
lambda =          1; f =          164.0004723
lambda =    0.33333; f =          164.0001998
lambda =    0.11111; f =          162.2317637
lambda =     0.2148; f =          161.6350661
Norm of dx   0.042825
----
Improvement on iteration 8 =        2.365133326
-----------------
f at the beginning of new iteration,       161.6350661245
Predicted improvement:       26.625290103
lambda =          1; f =          161.6350771
lambda =    0.33333; f =          194.2821737
lambda =    0.11111; f =          158.7225890
Norm of dx    0.10603
----
Improvement on iteration 9 =        2.912477091
-----------------
f at the beginning of new iteration,       158.7225890339
Predicted improvement:        6.361584685
lambda =          1; f =          154.3254036
Norm of dx   0.030469
----
Improvement on iteration 10 =        4.397185433
-----------------
f at the beginning of new iteration,       154.3254036007
Predicted improvement:        2.852514827
lambda =          1; f =          151.3708393
Norm of dx  0.0086481
----
Improvement on iteration 11 =        2.954564300
-----------------
f at the beginning of new iteration,       151.3708393011
Predicted improvement:        1.852914894
lambda =          1; f =          148.1192325
lambda =     1.9332; f =          146.0765212
lambda =     3.7372; f =          146.3781221
Norm of dx   0.027955
----
Improvement on iteration 12 =        5.294318091
-----------------
f at the beginning of new iteration,       146.0765212098
Predicted improvement:        6.961523764
lambda =          1; f =          137.0425996
Norm of dx    0.13388
----
Improvement on iteration 13 =        9.033921628
-----------------
f at the beginning of new iteration,       137.0425995814
Predicted improvement:        3.847243949
lambda =          1; f =          132.6401424
Norm of dx   0.088699
----
Improvement on iteration 14 =        4.402457207
-----------------
f at the beginning of new iteration,       132.6401423745
Predicted improvement:        1.221954208
lambda =          1; f =          131.1364127
Norm of dx   0.012932
----
Improvement on iteration 15 =        1.503729661
-----------------
f at the beginning of new iteration,       131.1364127139
Predicted improvement:        0.909852358
lambda =          1; f =          129.6574136
lambda =     1.9332; f =          128.8541148
Norm of dx   0.038393
----
Improvement on iteration 16 =        2.282297919
-----------------
f at the beginning of new iteration,       128.8541147945
Predicted improvement:        1.480289787
lambda =          1; f =          126.3830230
lambda =     1.9332; f =          124.9720149
Norm of dx   0.056918
----
Improvement on iteration 17 =        3.882099941
-----------------
f at the beginning of new iteration,       124.9720148532
Predicted improvement:        1.868460970
lambda =          1; f =          122.3717746
Norm of dx   0.084333
----
Improvement on iteration 18 =        2.600240222
-----------------
f at the beginning of new iteration,       122.3717746313
Predicted improvement:        1.487507124
lambda =          1; f =          120.8904292
Norm of dx    0.03756
----
Improvement on iteration 19 =        1.481345414
-----------------
f at the beginning of new iteration,       120.8904292174
Predicted improvement:        0.094910671
lambda =          1; f =          120.7831579
Norm of dx   0.015062
----
Improvement on iteration 20 =        0.107271297
-----------------
f at the beginning of new iteration,       120.7831579207
Predicted improvement:        0.033742662
lambda =          1; f =          120.7267128
lambda =     1.9332; f =          120.6939695
Norm of dx  0.0037939
----
Improvement on iteration 21 =        0.089188451
-----------------
f at the beginning of new iteration,       120.6939694701
Predicted improvement:        0.106291315
lambda =          1; f =          120.5139760
lambda =     1.9332; f =          120.4053018
lambda =     3.7372; f =          120.3613247
Norm of dx   0.012465
----
Improvement on iteration 22 =        0.332644739
-----------------
f at the beginning of new iteration,       120.3613247314
Predicted improvement:        0.173704831
lambda =          1; f =          120.1133720
lambda =     1.9332; f =          120.0671282
Norm of dx   0.011987
----
Improvement on iteration 23 =        0.294196578
-----------------
f at the beginning of new iteration,       120.0671281535
Predicted improvement:        0.022123977
lambda =          1; f =          120.0346071
lambda =     1.9332; f =          120.0258156
Norm of dx  0.0066407
----
Improvement on iteration 24 =        0.041312594
-----------------
f at the beginning of new iteration,       120.0258155599
Predicted improvement:        0.017504379
lambda =          1; f =          119.9935677
lambda =     1.9332; f =          119.9687943
lambda =     3.7372; f =          119.9367934
Norm of dx  0.0044576
----
Improvement on iteration 25 =        0.089022118
-----------------
f at the beginning of new iteration,       119.9367934414
Predicted improvement:        0.082951710
lambda =          1; f =          119.8139491
lambda =     1.9332; f =          119.7777868
Norm of dx    0.01894
----
Improvement on iteration 26 =        0.159006686
-----------------
f at the beginning of new iteration,       119.7777867552
Predicted improvement:        0.042001026
lambda =          1; f =          119.7100555
lambda =     1.9332; f =          119.6744984
Norm of dx  0.0057515
----
Improvement on iteration 27 =        0.103288310
-----------------
f at the beginning of new iteration,       119.6744984449
Predicted improvement:        0.073848675
lambda =          1; f =          119.5443691
lambda =     1.9332; f =          119.4542887
lambda =     3.7372; f =          119.3633295
Norm of dx   0.018177
----
Improvement on iteration 28 =        0.311168898
-----------------
f at the beginning of new iteration,       119.3633295465
Predicted improvement:        0.176793623
lambda =          1; f =          119.0526962
lambda =     1.9332; f =          118.8381868
lambda =     3.7372; f =          118.6223695
Norm of dx   0.049264
----
Improvement on iteration 29 =        0.740960061
-----------------
f at the beginning of new iteration,       118.6223694857
Correct for low angle: 0.00462361
Predicted improvement:        0.153077648
lambda =          1; f =          118.4264505
Norm of dx   0.037168
----
Improvement on iteration 30 =        0.195918947
-----------------
f at the beginning of new iteration,       118.4264505386
Predicted improvement:        0.035205317
lambda =          1; f =          118.3879253
Norm of dx   0.010926
----
Improvement on iteration 31 =        0.038525215
-----------------
f at the beginning of new iteration,       118.3879253236
Predicted improvement:        0.007271491
lambda =          1; f =          118.3749807
lambda =     1.9332; f =          118.3656937
lambda =     3.7372; f =          118.3554544
Norm of dx  0.0036418
----
Improvement on iteration 32 =        0.032470896
-----------------
f at the beginning of new iteration,       118.3554544276
Predicted improvement:        0.025553650
lambda =          1; f =          118.3081879
lambda =     1.9332; f =          118.2707770
lambda =     3.7372; f =          118.2158670
lambda =     7.2247; f =          118.1709750
Norm of dx  0.0082893
----
Improvement on iteration 33 =        0.184479415
-----------------
f at the beginning of new iteration,       118.1709750124
Predicted improvement:        0.110296812
lambda =          1; f =          117.9774573
lambda =     1.9332; f =          117.8450767
lambda =     3.7372; f =          117.7173486
Norm of dx   0.034007
----
Improvement on iteration 34 =        0.453626366
-----------------
f at the beginning of new iteration,       117.7173486463
Correct for low angle: 0.00179198
Predicted improvement:        0.526558752
lambda =          1; f =          118.3884468
lambda =    0.33333; f =          117.5296815
Norm of dx    0.10074
----
Improvement on iteration 35 =        0.187667180
-----------------
f at the beginning of new iteration,       117.5296814664
Predicted improvement:        0.210745968
lambda =          1; f =          117.1979125
lambda =     1.9332; f =          117.0411082
Norm of dx     0.1105
----
Improvement on iteration 36 =        0.488573257
-----------------
f at the beginning of new iteration,       117.0411082093
Predicted improvement:        0.099592560
lambda =          1; f =          116.9050379
Norm of dx   0.052622
----
Improvement on iteration 37 =        0.136070359
-----------------
f at the beginning of new iteration,       116.9050378500
Predicted improvement:        0.034210407
lambda =          1; f =          116.8642282
Norm of dx   0.018622
----
Improvement on iteration 38 =        0.040809660
-----------------
f at the beginning of new iteration,       116.8642281900
Predicted improvement:        0.013783319
lambda =          1; f =          116.8404785
lambda =     1.9332; f =          116.8249954
lambda =     3.7372; f =          116.8129770
Norm of dx    0.00937
----
Improvement on iteration 39 =        0.051251170
-----------------
f at the beginning of new iteration,       116.8129770204
Predicted improvement:        0.054994415
lambda =          1; f =          116.7197390
lambda =     1.9332; f =          116.6653562
Norm of dx   0.023778
----
Improvement on iteration 40 =        0.147620828
-----------------
f at the beginning of new iteration,       116.6653561925
Predicted improvement:        0.212479250
lambda =          1; f =          116.3635493
lambda =     1.9332; f =          116.3083329
Norm of dx    0.11681
----
Improvement on iteration 41 =        0.357023316
-----------------
f at the beginning of new iteration,       116.3083328762
Correct for low angle: 0.00485183
Predicted improvement:        0.081821038
lambda =          1; f =          116.2397841
Norm of dx   0.029191
----
Improvement on iteration 42 =        0.068548803
-----------------
f at the beginning of new iteration,       116.2397840733
Predicted improvement:        0.017038946
lambda =          1; f =          116.2271300
Norm of dx  0.0053539
----
Improvement on iteration 43 =        0.012654063
-----------------
f at the beginning of new iteration,       116.2271300099
Predicted improvement:        0.001187273
lambda =          1; f =          116.2254580
lambda =     1.9332; f =          116.2252040
Norm of dx  0.0024996
----
Improvement on iteration 44 =        0.001926029
-----------------
f at the beginning of new iteration,       116.2252039813
Predicted improvement:        0.000669701
lambda =          1; f =          116.2239853
lambda =     1.9332; f =          116.2230177
lambda =     3.7372; f =          116.2216103
lambda =     7.2247; f =          116.2206085
Norm of dx  0.0018781
----
Improvement on iteration 45 =        0.004595463
-----------------
f at the beginning of new iteration,       116.2206085184
Predicted improvement:        0.003709027
lambda =          1; f =          116.2135063
lambda =     1.9332; f =          116.2074968
lambda =     3.7372; f =          116.1977419
lambda =     7.2247; f =          116.1870901
Norm of dx  0.0053207
----
Improvement on iteration 46 =        0.033518403
-----------------
f at the beginning of new iteration,       116.1870901157
Correct for low angle: 0.00350426
Predicted improvement:        0.015097139
lambda =          1; f =          116.1673969
Norm of dx   0.016304
----
Improvement on iteration 47 =        0.019693183
-----------------
f at the beginning of new iteration,       116.1673969323
Predicted improvement:        0.013821476
lambda =          1; f =          116.1525141
Norm of dx    0.02268
----
Improvement on iteration 48 =        0.014882845
-----------------
f at the beginning of new iteration,       116.1525140877
Predicted improvement:        0.001694391
lambda =          1; f =          116.1504173
Norm of dx   0.014967
----
Improvement on iteration 49 =        0.002096773
-----------------
f at the beginning of new iteration,       116.1504173148
Correct for low angle: 0.00200021
Predicted improvement:        0.001362151
lambda =          1; f =          116.1536359
lambda =    0.33333; f =          116.1502135
lambda =    0.11111; f =          116.1502094
Norm of dx      0.006
----
Improvement on iteration 50 =        0.000207944
-----------------
f at the beginning of new iteration,       116.1502093704
Correct for low angle: 0.00376644
Predicted improvement:        0.000482399
lambda =          1; f =          116.1503731
lambda =    0.33333; f =          116.1500242
Norm of dx  0.0053432
----
Improvement on iteration 51 =        0.000185131
-----------------
f at the beginning of new iteration,       116.1500242392
Correct for low angle: 0.00382848
Predicted improvement:        0.000272458
lambda =          1; f =          116.1497739
Norm of dx  0.0037426
----
Improvement on iteration 52 =        0.000250371
-----------------
f at the beginning of new iteration,       116.1497738679
Predicted improvement:        0.000213302
lambda =          1; f =          116.1494858
Norm of dx 0.00083166
----
Improvement on iteration 53 =        0.000288055
-----------------
f at the beginning of new iteration,       116.1494858131
Predicted improvement:        0.000261087
lambda =          1; f =          116.1490628
lambda =     1.9332; f =          116.1488263
Norm of dx 0.00057138
----
Improvement on iteration 54 =        0.000659561
-----------------
f at the beginning of new iteration,       116.1488262517
Predicted improvement:        0.000602399
lambda =          1; f =          116.1477277
lambda =     1.9332; f =          116.1468893
lambda =     3.7372; f =          116.1457720
Norm of dx  0.0017094
----
Improvement on iteration 55 =        0.003054267
-----------------
f at the beginning of new iteration,       116.1457719849
Correct for low angle: 0.00230324
Predicted improvement:        0.006701605
lambda =          1; f =          116.1377355
Norm of dx  0.0089469
----
Improvement on iteration 56 =        0.008036494
-----------------
f at the beginning of new iteration,       116.1377354910
Correct for low angle: 0.00370272
Predicted improvement:        0.011405149
lambda =          1; f =          116.1315251
lambda =    0.33333; f =          116.1320664
lambda =    0.64439; f =          116.1300165
Norm of dx   0.024236
----
Improvement on iteration 57 =        0.007718962
-----------------
f at the beginning of new iteration,       116.1300165287
Correct for low angle: 0.00205343
Predicted improvement:        0.020801381
lambda =          1; f =          116.1805728
lambda =    0.33333; f =          116.1263068
lambda =    0.11111; f =          116.1264216
lambda =     0.2148; f =          116.1252032
Norm of dx   0.027195
----
Improvement on iteration 58 =        0.004813302
-----------------
f at the beginning of new iteration,       116.1252032271
Correct for low angle: 0.00367604
Predicted improvement:        0.009262171
lambda =          1; f =          116.1310986
lambda =    0.33333; f =          116.1218528
Norm of dx   0.026532
----
Improvement on iteration 59 =        0.003350400
-----------------
f at the beginning of new iteration,       116.1218528274
Correct for low angle: 0.00245702
Predicted improvement:        0.009572253
lambda =          1; f =          116.1491811
lambda =    0.33333; f =          116.1205103
lambda =    0.11111; f =          116.1202142
lambda =     0.2148; f =          116.1197632
Norm of dx    0.02186
----
Improvement on iteration 60 =        0.002089671
-----------------
f at the beginning of new iteration,       116.1197631566
Correct for low angle: 0.00264425
Predicted improvement:        0.006598572
lambda =          1; f =          116.1400733
lambda =    0.33333; f =          116.1192188
lambda =    0.11111; f =          116.1187873
Norm of dx   0.018595
----
Improvement on iteration 61 =        0.000975830
-----------------
f at the beginning of new iteration,       116.1187873266
Predicted improvement:        0.002688173
lambda =          1; f =          116.1158965
Norm of dx   0.017231
----
Improvement on iteration 62 =        0.002890870
-----------------
f at the beginning of new iteration,       116.1158964565
Predicted improvement:        0.000091077
lambda =          1; f =          116.1158118
Norm of dx  0.0012168
----
Improvement on iteration 63 =        0.000084611
-----------------
f at the beginning of new iteration,       116.1158118453
Predicted improvement:        0.000008612
lambda =          1; f =          116.1158142
lambda =    0.33333; f =          116.1158108
lambda =    0.11111; f =          116.1158113
lambda =   0.037037; f =          116.1158116
Norm of dx 0.00045799
----
Improvement on iteration 64 =        0.000001020
-----------------
f at the beginning of new iteration,       116.1158108254
Predicted improvement:        0.000004474
lambda =          1; f =          116.1158144
lambda =    0.33333; f =          116.1158110
lambda =    0.11111; f =          116.1158108
lambda =   0.037037; f =          116.1158108
lambda =   0.012346; f =          116.1158108
lambda =  0.0041152; f =          116.1158108
lambda =  0.0013717; f =          116.1158108
lambda = 0.00045725; f =          116.1158108
lambda = 0.00015242; f =          116.1158108
lambda = 5.0805e-05; f =          116.1158108
lambda = 1.6935e-05; f =          116.1158108
lambda =  5.645e-06; f =          116.1158108
lambda = 1.8817e-06; f =          116.1158108
lambda = 6.2723e-07; f =          116.1158108
lambda = 2.0908e-07; f =          116.1158108
lambda = 6.9692e-08; f =          116.1158108
lambda = 2.3231e-08; f =          116.1158108
lambda = 7.7435e-09; f =          116.1158108
Norm of dx 0.00036253
----
Improvement on iteration 65 =        0.000000044
improvement < crit termination

Final value of minus the log posterior (or likelihood):116.115811 

MODE CHECK

Fval obtained by the minimization routine (minus the posterior/likelihood)): 116.115811

RESULTS FROM POSTERIOR ESTIMATION
parameters
             prior mean     mode    s.d. prior pstdev

trend            0.500   0.6904  0.1278 norm  0.2500 
inflationqstar   1.000   0.9764  0.4384 norm  0.5000 
rstar            0.500   0.9371  0.0844 gamm  0.2500 
kappa            0.300   0.1134  0.0584 gamm  0.1500 
tau              2.000   3.1851  0.4984 gamm  0.5000 
psi1             1.500   1.2111  0.1791 gamm  0.2500 
psi2             0.125   0.2192  0.1275 gamm  0.1000 
rhoR             0.500   0.6968  0.0474 beta  0.2000 
rhog             0.800   0.9785  0.0109 beta  0.1000 
rhoz             0.300   0.5166  0.1117 beta  0.1000 

standard deviation of shocks
             prior mean     mode    s.d. prior pstdev

epsilon_R        0.003   0.0028  0.0002 invg  0.0014 
epsilon_g        0.006   0.0030  0.0005 invg  0.0032 
epsilon_z        0.009   0.0069  0.0008 invg  0.0043 


Log data density [Laplace approximation] is -153.022866.

Estimation::mcmc: One Chain mode.
Estimation::mcmc: Initialization at the posterior mode.

Estimation::mcmc: Write details about the MCMC... Ok!
Estimation::mcmc: Details about the MCMC are available in DS04/metropolis\DS04_mh_history_0.mat


Estimation::mcmc: Number of mh files: 2 per block.
Estimation::mcmc: Total number of generated files: 2.
Estimation::mcmc: Total number of iterations: 1000000.
Estimation::mcmc: Current acceptance ratio per chain: 
                                                       Chain  1: 50.0502%
Estimation::mcmc: Total number of MH draws per chain: 1000000.
Estimation::mcmc: Total number of generated MH files: 2.
Estimation::mcmc: I'll use mh-files 1 to 2.
Estimation::mcmc: In MH-file number 1 I'll start at line 300001.
Estimation::mcmc: Finally I keep 700000 draws per chain.



MCMC Inefficiency factors per block
Parameter            Block 1
SE_epsilon_R         133.128
SE_epsilon_g         156.106
SE_epsilon_z          96.307
trend                104.333
inflationqstar       100.026
rstar                120.900
kappa                209.346
tau                  106.482
psi1                 154.506
psi2                 275.428
rhoR                 181.969
rhog                 112.757
rhoz                 104.079


Geweke (1992) Convergence Tests, based on means of draws 300000 to 440000 vs 650000 to 1000000.
p-values are for Chi2-test for equality of means.
Parameter              Post. Mean        Post. Std   p-val No Taper   p-val 4% Taper   p-val 8% Taper  p-val 15% Taper
SE_epsilon_R                0.003            0.000            0.000            0.550            0.519            0.496
SE_epsilon_g                0.003            0.001            0.000            0.268            0.263            0.274
SE_epsilon_z                0.007            0.001            0.000            0.044            0.048            0.038
trend                       0.688            0.129            0.000            0.640            0.637            0.620
inflationqstar              0.978            0.429            0.000            0.327            0.293            0.264
rstar                       0.933            0.091            0.000            0.208            0.186            0.174
kappa                       0.122            0.056            0.000            0.672            0.689            0.716
tau                         3.333            0.520            0.000            0.346            0.414            0.472
psi1                        1.316            0.171            0.000            0.212            0.212            0.158
psi2                        0.319            0.135            0.000            0.276            0.290            0.329
rhoR                        0.709            0.045            0.000            0.402            0.414            0.451
rhog                        0.976            0.010            0.000            0.093            0.111            0.112
rhoz                        0.492            0.096            0.000            0.224            0.209            0.174


Estimation::marginal density: I'm computing the posterior mean and covariance...  Done!
Estimation::marginal density: I'm computing the posterior log marginal density (modified harmonic mean)... Done!


ESTIMATION RESULTS

Log data density is -152.969534.

parameters
                 prior mean   post. mean        90% HPD interval    prior       pstdev

trend                 0.500       0.6882      0.4780      0.8997   norm        0.2500
inflationqstar        1.000       0.9766      0.2649      1.6660   norm        0.5000
rstar                 0.500       0.9326      0.7842      1.0827   gamm        0.2500
kappa                 0.300       0.1206      0.0333      0.2019   gamm        0.1500
tau                   2.000       3.3223      2.4703      4.1399   gamm        0.5000
psi1                  1.500       1.3167      1.0316      1.5747   gamm        0.2500
psi2                  0.125       0.3233      0.1056      0.5349   gamm        0.1000
rhoR                  0.500       0.7104      0.6364      0.7846   beta        0.2000
rhog                  0.800       0.9760      0.9607      0.9925   beta        0.1000
rhoz                  0.300       0.4917      0.3344      0.6487   beta        0.1000

standard deviation of shocks
                 prior mean   post. mean        90% HPD interval    prior       pstdev

epsilon_R             0.003       0.0029      0.0025      0.0033   invg        0.0014
epsilon_g             0.006       0.0032      0.0023      0.0040   invg        0.0032
epsilon_z             0.009       0.0072      0.0060      0.0085   invg        0.0043
Estimation::mcmc: Posterior (dsge) IRFs...
Estimation::mcmc: Posterior IRFs, done!
Estimation::mcmc: Smoothed variables
Estimation::mcmc: Smoothed variables, done!
Estimation::mcmc: Smoothed shocks
Estimation::mcmc: Smoothed shocks, done!
Estimation::mcmc: Trend_coefficients
Estimation::mcmc: Trend_coefficients, done!
Estimation::mcmc: Smoothed constant
Estimation::mcmc: Smoothed constant, done!
Estimation::mcmc: Smoothed trend
Estimation::mcmc: Smoothed trend, done!
Estimation::mcmc: Updated Variables
Estimation::mcmc: Updated Variables, done!
Estimation::mcmc: Forecasted variables (mean)
Estimation::mcmc: Forecasted variables (mean), done!
Estimation::mcmc: Forecasted variables (point)
Estimation::mcmc: Forecasted variables (point), done!
Total computing time : 1h45m50s
