Starting Dynare (version 4.5.7).
Starting preprocessing of the model file ...
Found 34 equation(s).
Evaluating expressions...done
Computing static model derivatives:
 - order 1
Computing dynamic model derivatives:
 - order 1
 - order 2
Processing outputs ...
done
Preprocessing completed.

Initial value of the log posterior (or likelihood): -50162.3655
-----------------
f at the beginning of new iteration,     50162.3654537810
Predicted improvement: 13427843.665461576
lambda =          1; f =        52081.4799677
lambda =    0.33333; f =        50372.7830377
lambda =    0.11111; f =        50185.1215148
lambda =   0.037037; f =        50164.8219911
lambda =   0.012346; f =        50162.6205610
lambda =  0.0041152; f =        50162.3883142
lambda =  0.0013717; f =        50162.3665583
lambda = 0.00045725; f =        43517.0637643
Norm of dx     51.822
----
Improvement on iteration 1 =     6645.301689442
-----------------
f at the beginning of new iteration,     43517.0637643392
Predicted improvement:  3681359.703050845
lambda =          1; f =        43629.0459130
lambda =    0.33333; f =        43526.2655880
lambda =    0.11111; f =        43517.3841478
lambda =   0.037037; f =        43517.0647412
lambda =   0.012346; f =        26845.3841751
lambda =  0.0041152; f =        27307.6085681
Norm of dx     30.617
----
Improvement on iteration 2 =    16671.679589277
-----------------
f at the beginning of new iteration,     26845.3841750619
Predicted improvement: 15282556.605776729
lambda =          1; f =        30848.1580923
lambda =    0.33333; f =        27261.5775010
lambda =    0.11111; f =        26883.6959108
lambda =   0.037037; f =        26847.9953006
lambda =   0.012346; f =        26845.4579708
lambda =  0.0041152; f =        26845.3858413
lambda =  0.0013717; f =        26845.3847744
lambda = 0.00045725; f =        18159.8388103
Norm of dx     138.45
----
Improvement on iteration 3 =     8685.545364722
-----------------
f at the beginning of new iteration,     18159.8388103395
Predicted improvement:   155607.509495736
lambda =          1; f =        18171.4116436
lambda =    0.33333; f =        18160.5544367
lambda =    0.11111; f =        18159.8976738
lambda =   0.037037; f =        18159.8405333
lambda =   0.012346; f =        15490.0763400
Norm of dx     5.7378
----
Improvement on iteration 4 =     2669.762470333
-----------------
f at the beginning of new iteration,     15490.0763400063
Predicted improvement:    38484.043267115
lambda =          1; f =        15490.8886178
lambda =    0.33333; f =        15490.1179698
lambda =    0.11111; f =        15490.0789402
lambda =   0.037037; f =        13212.9864860
lambda =   0.071599; f =        15490.0769055
lambda =   0.048211; f =        15490.0763989
lambda =   0.038027; f =        15490.0763404
lambda =   0.037331; f =        15490.0763400
Norm of dx     3.0338
Cliff.  Perturbing search direction.
Predicted improvement:   161237.143074915
lambda =          1; f =        15495.8267836
lambda =    0.33333; f =        15490.2638572
lambda =    0.11111; f =        15490.0898912
lambda =   0.037037; f =        15490.0768146
lambda =   0.012346; f =        12172.9779320
lambda =   0.023866; f =        15490.0763646
lambda =    0.01607; f =        11398.6993720
lambda =   0.020374; f =        15490.0763403
lambda =    0.01767; f =        11094.4032288
lambda =   0.019246; f =        10811.0588998
lambda =   0.020963; f =        15490.0763416
lambda =   0.019915; f =        10696.5570859
lambda =   0.020537; f =        15490.0763405
lambda =   0.020162; f =        15490.0763401
lambda =    0.01994; f =        10692.6144189
Norm of dx     6.0162
Cliff again.  Try traversing
Predicted improvement: 1137575307.203351259
lambda =          1; f =   1403782568.1983712
lambda =    0.33333; f =    155964395.9220057
lambda =    0.11111; f =     17334744.0523070
lambda =   0.037037; f =      1937053.3056396
lambda =   0.012346; f =       228066.7467392
lambda =  0.0041152; f =        38802.0074749
lambda =  0.0013717; f =        17980.1440574
lambda = 0.00045725; f =        15735.7246858
lambda = 0.00015242; f =        15508.8530616
lambda = 5.0805e-05; f =        15490.5851222
lambda = 1.6935e-05; f =        18342.0545611
lambda =  5.645e-06; f =        10556.7729801
Norm of dx      47699
----
Improvement on iteration 5 =     4933.303359927
-----------------
f at the beginning of new iteration,     10556.7729800789
Predicted improvement:    35007.652528153
lambda =          1; f =        10557.2366441
lambda =    0.33333; f =        10556.8046649
lambda =    0.11111; f =        10556.7747607
lambda =   0.037037; f =         8403.7451156
lambda =   0.071599; f =        10556.7733059
lambda =   0.048211; f =        10556.7729942
lambda =   0.038027; f =         8357.3253217
lambda =   0.043845; f =        10556.7729813
lambda =   0.040255; f =         8254.8990089
lambda =   0.042372; f =        10556.7729801
lambda =   0.041089; f =         8217.4406024
lambda =   0.041854; f =         8183.9395693
lambda =   0.042634; f =        10556.7729802
lambda =   0.042164; f =        10556.7729801
Norm of dx      2.857
Cliff.  Perturbing search direction.
Predicted improvement:    58685.828063712
lambda =          1; f =        10557.8133270
lambda =    0.33333; f =        10556.8650256
lambda =    0.11111; f =        10556.7800349
lambda =   0.037037; f =        10556.7730980
lambda =   0.012346; f =         9256.0213962
lambda =   0.023866; f =         8274.0874656
lambda =   0.046138; f =        10556.7733739
lambda =   0.031067; f =        10556.7730047
lambda =   0.024504; f =         8225.5303026
lambda =   0.028254; f =        10556.7729849
lambda =    0.02594; f =         8119.3065838
lambda =   0.027304; f =        10556.7729816
lambda =   0.026477; f =        10556.7729803
lambda =   0.025993; f =         8115.8140186
lambda =   0.026283; f =        10556.7729801
Norm of dx     4.6543
Cliff again.  Try traversing
Predicted improvement:  3336495.791683539
lambda =          1; f =      1898225.3451085
lambda =    0.33333; f =       219388.3829631
lambda =    0.11111; f =        33465.3890669
lambda =   0.037037; f =        13005.8683399
lambda =   0.012346; f =        10798.7848277
lambda =  0.0041152; f =        10575.5480849
lambda =  0.0013717; f =        10557.2474986
lambda = 0.00045725; f =        10556.7987283
lambda = 0.00015242; f =        12253.2495205
lambda = 5.0805e-05; f =        10228.7694972
lambda = 9.8216e-05; f =        10590.4982929
lambda = 6.6133e-05; f =        10259.1421893
Norm of dx     2583.2
----
Improvement on iteration 6 =     2440.958961477
back and forth on step length never finished
-----------------
f at the beginning of new iteration,      8115.8140186022
Predicted improvement:    35007.652528153
lambda =          1; f =         8116.3212339
lambda =    0.33333; f =         8115.8554982
lambda =    0.11111; f =         8115.8186236
lambda =   0.037037; f =         8115.8145290
lambda =   0.012346; f =         8115.8140749
lambda =  0.0041152; f =         8115.8140247
lambda =  0.0013717; f =         8115.8140192
lambda = 0.00045725; f =         8115.8140187
lambda = 0.00015242; f =         8115.8140186
lambda = 5.0805e-05; f =         8114.2735955
Norm of dx      2.857
----
Improvement on iteration 7 =        1.540423087
-----------------
f at the beginning of new iteration,      8114.2735955155
Predicted improvement:    81237.249437279
lambda =          1; f =         8114.2878225
lambda =    0.33333; f =         8114.2753078
lambda =    0.11111; f =         8833.1157738
lambda =   0.037037; f =         8035.4213266
lambda =   0.012346; f =         8021.8791618
lambda =  0.0041152; f =         8069.3690335
lambda =  0.0013717; f =         8095.6999211
lambda = 0.00045725; f =         8106.2782651
lambda = 0.00015242; f =         8110.3750540
lambda = 5.0805e-05; f =         8112.1492087
lambda = 1.6935e-05; f =         8113.0935067
Norm of dx      4.042
----
Improvement on iteration 8 =       92.394433698
-----------------
f at the beginning of new iteration,      8021.8791618173
Predicted improvement:    15399.914594017
lambda =          1; f =         8021.9494090
lambda =    0.33333; f =         8021.8802075
lambda =    0.11111; f =         5556.5020233
lambda =     0.2148; f =         8021.8791618
lambda =    0.14463; f =         5135.6501859
Norm of dx     2.0871
----
Improvement on iteration 9 =     2886.228975938
-----------------
f at the beginning of new iteration,      5135.6501858795
Predicted improvement:     8087.795045257
lambda =          1; f =         5135.6514647
lambda =    0.33333; f =         5135.6514786
lambda =    0.11111; f =         4493.0838320
Norm of dx     1.6593
----
Improvement on iteration 10 =      642.566353858
-----------------
f at the beginning of new iteration,      4493.0838320218
Predicted improvement:     1380.346950962
lambda =          1; f =         4276.6406395
lambda =    0.33333; f =         3999.5959521
Norm of dx    0.52959
----
Improvement on iteration 11 =      493.487879972
-----------------
f at the beginning of new iteration,      3999.5959520501
Predicted improvement:     1378.941327972
lambda =          1; f =         3999.6004126
lambda =    0.33333; f =         3492.8516772
Norm of dx    0.68944
----
Improvement on iteration 12 =      506.744274857
-----------------
f at the beginning of new iteration,      3492.8516771927
Predicted improvement:     1482.412526148
lambda =          1; f =         3492.8517319
lambda =    0.33333; f =         2825.7624169
Norm of dx     0.8556
----
Improvement on iteration 13 =      667.089260311
-----------------
f at the beginning of new iteration,      2825.7624168814
Predicted improvement:      979.850185068
lambda =          1; f =         2825.7624310
lambda =    0.33333; f =         2826.8226333
lambda =    0.11111; f =         2760.7135811
lambda =   0.037037; f =         2763.0545374
lambda =   0.071599; f =         2732.6890699
Norm of dx    0.79912
----
Improvement on iteration 14 =       93.073346988
-----------------
f at the beginning of new iteration,      2732.6890698933
Predicted improvement:      603.991097877
lambda =          1; f =         2732.6890819
lambda =    0.33333; f =         2392.7993936
lambda =    0.64439; f =         2732.6890713
lambda =     0.4339; f =         2315.0675760
lambda =    0.55011; f =         2732.6890702
lambda =     0.4771; f =         2732.6890699
lambda =    0.43804; f =         2312.1170884
lambda =    0.46107; f =         2732.6890699
lambda =    0.44711; f =         2305.7163357
lambda =    0.45544; f =         2299.9253950
lambda =    0.46392; f =         2732.6890699
lambda =    0.45881; f =         2297.6015532
Norm of dx    0.46426
Cliff.  Perturbing search direction.
Predicted improvement:     1058.610289430
lambda =          1; f =         2732.6890809
lambda =    0.33333; f =         2235.1320583
lambda =    0.64439; f =         2732.6890711
lambda =     0.4339; f =         2142.8111770
Norm of dx    0.61128

badg2 =

     0

----
Improvement on iteration 15 =      589.877892849
-----------------
f at the beginning of new iteration,      2142.8111770442
Predicted improvement:      287.675777044
lambda =          1; f =         2142.8111966
lambda =    0.33333; f =         2142.8111788
lambda =    0.11111; f =         2142.8111771
lambda =   0.037037; f =         2121.7274497
lambda =   0.071599; f =         2142.8111771
lambda =   0.048211; f =         2115.4544642
lambda =   0.061123; f =         2142.8111770
lambda =   0.053011; f =         2142.8111770
lambda =   0.048671; f =         2115.1972003
lambda =    0.05123; f =         2142.8111770
lambda =   0.049679; f =         2114.6333444
lambda =   0.050604; f =         2114.1161832
lambda =   0.051547; f =         2142.8111770
lambda =   0.050979; f =         2113.9067104
Norm of dx    0.36209
Cliff.  Perturbing search direction.
Predicted improvement:      470.101918914
lambda =          1; f =         2142.8111905
lambda =    0.33333; f =         2142.8111782
lambda =    0.11111; f =         2142.8111771
lambda =   0.037037; f =         2108.5048099
lambda =   0.071599; f =         2142.8111770
lambda =   0.048211; f =         2098.3544876
lambda =   0.061123; f =         2142.8111770
lambda =   0.053011; f =         2094.0217921
lambda =   0.057739; f =         2089.7710420
lambda =   0.062888; f =         2142.8111770
lambda =   0.059746; f =         2087.9713107
lambda =   0.061612; f =         2142.8111770
lambda =   0.060486; f =         2087.3089371
lambda =   0.061159; f =         2142.8111770
Norm of dx    0.47549
Cliff again.  Try traversing
Predicted improvement:  2911806.589757020
lambda =          1; f =       301120.4209227
lambda =    0.33333; f =        33570.9726724
lambda =    0.11111; f =         5102.9380683
lambda =   0.037037; f =         2359.7151052
lambda =   0.012346; f =         2158.9528560
lambda =  0.0041152; f =         2143.3384464
lambda =  0.0013717; f =         2142.8224441
lambda = 0.00045725; f =         2142.8111772
lambda = 0.00015242; f =         1523.5041507
Norm of dx     2413.2
----
Improvement on iteration 16 =      619.307026388
-----------------
f at the beginning of new iteration,      1523.5041506566
Predicted improvement:      232.061665745
lambda =          1; f =         1183.9016409
lambda =     1.9332; f =         1523.5041510
lambda =     1.3017; f =         1124.9866627
Norm of dx    0.38494
----
Improvement on iteration 17 =      398.517487927
-----------------
f at the beginning of new iteration,      1124.9866627298
Predicted improvement:      190.355939428
lambda =          1; f =         1124.9867070
lambda =    0.33333; f =         1021.3764326
lambda =    0.64439; f =         1124.9866717
lambda =     0.4339; f =         1124.9866634
lambda =    0.34224; f =         1019.4489939
lambda =    0.39461; f =         1124.9866629
lambda =     0.3623; f =         1124.9866627
lambda =    0.34419; f =         1019.0629257
lambda =    0.35494; f =         1124.9866627
lambda =    0.34845; f =         1018.3268516
lambda =    0.35233; f =         1018.0727757
lambda =    0.35626; f =         1124.9866627
Norm of dx    0.51958
Cliff.  Perturbing search direction.
Predicted improvement:      254.173745005
lambda =          1; f =         1124.9867045
lambda =    0.33333; f =          997.9247405
lambda =    0.64439; f =         1124.9866709
lambda =     0.4339; f =         1124.9866633
lambda =    0.34224; f =          995.6706774
lambda =    0.39461; f =         1124.9866628
lambda =     0.3623; f =         1124.9866627
lambda =    0.34419; f =          995.1959817
lambda =    0.35494; f =          992.8681463
lambda =    0.36603; f =         1124.9866627
lambda =    0.35934; f =          992.5038477
lambda =    0.36334; f =         1124.9866627
Norm of dx    0.62926
Cliff again.  Try traversing
Predicted improvement:   146919.952476965
lambda =          1; f =         3789.5723357
lambda =    0.33333; f =         1272.0062514
lambda =    0.11111; f =         1134.9352360
lambda =   0.037037; f =         1125.9863116
lambda =   0.012346; f =         1125.0661007
lambda =  0.0041152; f =         1124.9884708
lambda =  0.0013717; f =          976.4413449
Norm of dx     542.07
----
Improvement on iteration 18 =      148.545317867
-----------------
f at the beginning of new iteration,       976.4413448629
Predicted improvement:      140.946811493
lambda =          1; f =          976.4413450
lambda =    0.33333; f =          905.1376549
lambda =    0.64439; f =          976.4413452
lambda =     0.4339; f =          891.3187124
Norm of dx    0.26919
----
Improvement on iteration 19 =       85.122632452
-----------------
f at the beginning of new iteration,       891.3187124109
Predicted improvement:       33.815743006
lambda =          1; f =          891.3187144
lambda =    0.33333; f =          870.9342203
lambda =    0.64439; f =          856.0871989
lambda =     1.2457; f =          891.3187211
lambda =     0.8388; f =          891.3187126
lambda =    0.66161; f =          855.4263243
lambda =    0.76285; f =          852.8760045
lambda =    0.87957; f =          891.3187128
lambda =    0.80755; f =          891.3187125
lambda =     0.7672; f =          853.0369572
lambda =    0.79116; f =          891.3187124
lambda =     0.7767; f =          891.3187124
lambda =    0.76815; f =          853.0946804
Norm of dx    0.17723
Cliff.  Perturbing search direction.
Predicted improvement:       66.939179590
lambda =          1; f =          807.3472188
Norm of dx    0.24434

badg2 =

     0

----
Improvement on iteration 20 =       83.971493578
-----------------
f at the beginning of new iteration,       807.3472188332
Predicted improvement:       41.464890621
lambda =          1; f =          768.1329632
Norm of dx    0.20504
----
Improvement on iteration 21 =       39.214255603
-----------------
f at the beginning of new iteration,       768.1329632306
Predicted improvement:       13.557599853
lambda =          1; f =          745.9236800
lambda =     1.9332; f =          732.8632228
Norm of dx    0.23969
----
Improvement on iteration 22 =       35.269740450
-----------------
f at the beginning of new iteration,       732.8632227810
Predicted improvement:       13.431150248
lambda =          1; f =          711.5011778
lambda =     1.9332; f =          699.8429799
Norm of dx    0.36474
----
Improvement on iteration 23 =       33.020242833
-----------------
f at the beginning of new iteration,       699.8429799480
Predicted improvement:       12.167426882
lambda =          1; f =          679.4523805
lambda =     1.9332; f =          666.7639768
lambda =     3.7372; f =          659.9453377
Norm of dx    0.38665
----
Improvement on iteration 24 =       39.897642284
-----------------
f at the beginning of new iteration,       659.9453376639
Predicted improvement:       10.525555783
lambda =          1; f =          642.8691865
lambda =     1.9332; f =          633.9064793
Norm of dx    0.29841
----
Improvement on iteration 25 =       26.038858358
-----------------
f at the beginning of new iteration,       633.9064793059
Predicted improvement:        9.976368535
lambda =          1; f =          623.8541644
Norm of dx     0.1077
----
Improvement on iteration 26 =       10.052314874
-----------------
f at the beginning of new iteration,       623.8541644324
Predicted improvement:        2.272133641
lambda =          1; f =          619.8543481
lambda =     1.9332; f =          617.0727781
lambda =     3.7372; f =          614.1994439
Norm of dx   0.067721
----
Improvement on iteration 27 =        9.654720499
-----------------
f at the beginning of new iteration,       614.1994439335
Predicted improvement:        5.939080063
lambda =          1; f =          605.8693781
lambda =     1.9332; f =          605.4825676
Norm of dx    0.18109
----
Improvement on iteration 28 =        8.716876365
-----------------
f at the beginning of new iteration,       605.4825675689
Predicted improvement:        1.910262468
lambda =          1; f =          603.3521105
Norm of dx    0.15157
----
Improvement on iteration 29 =        2.130457078
-----------------
f at the beginning of new iteration,       603.3521104914
Predicted improvement:        0.737591008
lambda =          1; f =          602.0039026
lambda =     1.9332; f =          600.9723969
lambda =     3.7372; f =          599.5878100
Norm of dx   0.063365
----
Improvement on iteration 30 =        3.764300512
-----------------
f at the beginning of new iteration,       599.5878099798
Predicted improvement:        2.546989664
lambda =          1; f =          596.1943707
Norm of dx    0.18936
----
Improvement on iteration 31 =        3.393439290
-----------------
f at the beginning of new iteration,       596.1943706894
Predicted improvement:        1.372963833
lambda =          1; f =          594.3016027
Norm of dx   0.091817
----
Improvement on iteration 32 =        1.892767952
-----------------
f at the beginning of new iteration,       594.3016027376
Predicted improvement:        1.145321816
lambda =          1; f =          592.4354139
lambda =     1.9332; f =          591.4654584
Norm of dx   0.075448
----
Improvement on iteration 33 =        2.836144340
-----------------
f at the beginning of new iteration,       591.4654583974
Predicted improvement:        1.927543059
lambda =          1; f =          588.2390693
lambda =     1.9332; f =          586.3751851
Norm of dx   0.091158
----
Improvement on iteration 34 =        5.090273303
-----------------
f at the beginning of new iteration,       586.3751850941
Predicted improvement:        2.715464749
lambda =          1; f =          582.6644616
Norm of dx   0.080495
----
Improvement on iteration 35 =        3.710723464
-----------------
f at the beginning of new iteration,       582.6644616301
Predicted improvement:        1.392974397
lambda =          1; f =          580.9901402
Norm of dx    0.04106
----
Improvement on iteration 36 =        1.674321433
-----------------
f at the beginning of new iteration,       580.9901401973
Predicted improvement:        0.440442001
lambda =          1; f =          580.2065453
lambda =     1.9332; f =          579.6528897
lambda =     3.7372; f =          579.0811520
Norm of dx   0.024081
----
Improvement on iteration 37 =        1.908988243
-----------------
f at the beginning of new iteration,       579.0811519547
Predicted improvement:        1.225992289
lambda =          1; f =          576.9944621
lambda =     1.9332; f =          575.7022185
lambda =     3.7372; f =          575.0240961
Norm of dx    0.12445
----
Improvement on iteration 38 =        4.057055806
-----------------
f at the beginning of new iteration,       575.0240961484
Predicted improvement:        0.860265978
lambda =          1; f =          573.8729040
Norm of dx   0.045507
----
Improvement on iteration 39 =        1.151192123
-----------------
f at the beginning of new iteration,       573.8729040253
Predicted improvement:        0.461294499
lambda =          1; f =          573.1433546
lambda =     1.9332; f =          572.8044820
Norm of dx   0.078658
----
Improvement on iteration 40 =        1.068422036
-----------------
f at the beginning of new iteration,       572.8044819893
Predicted improvement:        0.549538366
lambda =          1; f =          571.8321099
lambda =     1.9332; f =          571.1491100
lambda =     3.7372; f =          570.4271039
Norm of dx   0.042195
----
Improvement on iteration 41 =        2.377378100
-----------------
f at the beginning of new iteration,       570.4271038897
Predicted improvement:        0.736886549
lambda =          1; f =          569.3407334
lambda =     1.9332; f =          569.0301128
Norm of dx    0.10275
----
Improvement on iteration 42 =        1.396991045
-----------------
f at the beginning of new iteration,       569.0301128444
Predicted improvement:        0.197811281
lambda =          1; f =          568.8029430
Norm of dx   0.077922
----
Improvement on iteration 43 =        0.227169836
-----------------
f at the beginning of new iteration,       568.8029430088
Predicted improvement:        0.136125050
lambda =          1; f =          568.5786400
lambda =     1.9332; f =          568.4577754
Norm of dx   0.011976
----
Improvement on iteration 44 =        0.345167646
-----------------
f at the beginning of new iteration,       568.4577753626
Predicted improvement:        0.279025877
lambda =          1; f =          567.9621245
lambda =     1.9332; f =          567.6112515
lambda =     3.7372; f =          567.2353595
Norm of dx   0.030396
----
Improvement on iteration 45 =        1.222415821
-----------------
f at the beginning of new iteration,       567.2353595420
Predicted improvement:        0.754059816
lambda =          1; f =          565.9831395
lambda =     1.9332; f =          565.2463858
Norm of dx    0.12011
----
Improvement on iteration 46 =        1.988973751
-----------------
f at the beginning of new iteration,       565.2463857908
Predicted improvement:        0.596650016
lambda =          1; f =          564.4544230
Norm of dx    0.12932
----
Improvement on iteration 47 =        0.791962840
-----------------
f at the beginning of new iteration,       564.4544229512
Predicted improvement:        0.241179684
lambda =          1; f =          564.0843054
lambda =     1.9332; f =          563.9378512
Norm of dx   0.054658
----
Improvement on iteration 48 =        0.516571791
-----------------
f at the beginning of new iteration,       563.9378511605
Predicted improvement:        0.210383208
lambda =          1; f =          563.5491032
lambda =     1.9332; f =          563.2449477
lambda =     3.7372; f =          562.8225607
lambda =     7.2247; f =          562.6641409
Norm of dx   0.025407
----
Improvement on iteration 49 =        1.273710243
-----------------
f at the beginning of new iteration,       562.6641409173
Predicted improvement:        0.357133959
lambda =          1; f =          562.1643569
Norm of dx   0.032927
----
Improvement on iteration 50 =        0.499784064
-----------------
f at the beginning of new iteration,       562.1643568533
Predicted improvement:        0.213142866
lambda =          1; f =          561.8947018
Norm of dx   0.020759
----
Improvement on iteration 51 =        0.269655090
-----------------
f at the beginning of new iteration,       561.8947017630
Predicted improvement:        0.077693154
lambda =          1; f =          561.7741815
lambda =     1.9332; f =          561.7268904
Norm of dx   0.031307
----
Improvement on iteration 52 =        0.167811394
-----------------
f at the beginning of new iteration,       561.7268903693
Predicted improvement:        0.073327099
lambda =          1; f =          561.5950901
lambda =     1.9332; f =          561.4987143
lambda =     3.7372; f =          561.3844881
Norm of dx   0.022063
----
Improvement on iteration 53 =        0.342402270
-----------------
f at the beginning of new iteration,       561.3844880997
Predicted improvement:        0.219112974
lambda =          1; f =          560.9899009
lambda =     1.9332; f =          560.7017539
lambda =     3.7372; f =          560.3763754
Norm of dx   0.032734
----
Improvement on iteration 54 =        1.008112686
-----------------
f at the beginning of new iteration,       560.3763754142
Predicted improvement:        0.549864588
lambda =          1; f =          559.5446325
lambda =     1.9332; f =          559.9079668
lambda =     1.3017; f =          559.4351944
Norm of dx   0.083535
----
Improvement on iteration 55 =        0.941181053
-----------------
f at the beginning of new iteration,       559.4351943613
Predicted improvement:        0.738562557
lambda =          1; f =          559.0774546
lambda =    0.33333; f =          559.0760936
lambda =    0.64439; f =          558.9621576
Norm of dx    0.15029
----
Improvement on iteration 56 =        0.473036784
-----------------
f at the beginning of new iteration,       558.9621575774
Predicted improvement:        0.135025359
lambda =          1; f =          558.8171166
Norm of dx   0.021774
----
Improvement on iteration 57 =        0.145041013
-----------------
f at the beginning of new iteration,       558.8171165639
Predicted improvement:        0.046612426
lambda =          1; f =          558.7298052
lambda =     1.9332; f =          558.6591128
lambda =     3.7372; f =          558.5526624
lambda =     7.2247; f =          558.4646014
Norm of dx   0.014887
----
Improvement on iteration 58 =        0.352515164
-----------------
f at the beginning of new iteration,       558.4646013998
Predicted improvement:        0.273974820
lambda =          1; f =          558.0013374
lambda =     1.9332; f =          557.7140890
lambda =     3.7372; f =          557.5325645
Norm of dx   0.046491
----
Improvement on iteration 59 =        0.932036939
-----------------
f at the beginning of new iteration,       557.5325644608
Predicted improvement:        0.333213032
lambda =          1; f =          557.1897401
Norm of dx   0.094124
----
Improvement on iteration 60 =        0.342824348
-----------------
f at the beginning of new iteration,       557.1897401130
Predicted improvement:        0.070707631
lambda =          1; f =          557.0546487
lambda =     1.9332; f =          556.9400275
lambda =     3.7372; f =          556.7499589
lambda =     7.2247; f =          556.5015589
Norm of dx   0.013536
----
Improvement on iteration 61 =        0.688181203
-----------------
f at the beginning of new iteration,       556.5015589098
Predicted improvement:        0.585485217
lambda =          1; f =          555.5288978
lambda =     1.9332; f =          554.9829613
Norm of dx    0.12798
----
Improvement on iteration 62 =        1.518597624
-----------------
f at the beginning of new iteration,       554.9829612857
Predicted improvement:        0.827399544
lambda =          1; f =          553.7870885
lambda =     1.9332; f =          553.4541273
Norm of dx    0.24567
----
Improvement on iteration 63 =        1.528834024
-----------------
f at the beginning of new iteration,       553.4541272613
Predicted improvement:        0.255484371
lambda =          1; f =          553.0852326
lambda =     1.9332; f =          552.9927406
Norm of dx   0.039604
----
Improvement on iteration 64 =        0.461386705
-----------------
f at the beginning of new iteration,       552.9927405568
Predicted improvement:        0.197621163
lambda =          1; f =          552.6690678
lambda =     1.9332; f =          552.5003438
Norm of dx    0.02669
----
Improvement on iteration 65 =        0.492396724
-----------------
f at the beginning of new iteration,       552.5003438325
Predicted improvement:        0.337032848
lambda =          1; f =          552.0135970
lambda =     1.9332; f =          551.9078380
Norm of dx    0.11073
----
Improvement on iteration 66 =        0.592505841
-----------------
f at the beginning of new iteration,       551.9078379917
Predicted improvement:        0.165559083
lambda =          1; f =          551.6500539
lambda =     1.9332; f =          551.5383286
Norm of dx   0.044069
----
Improvement on iteration 67 =        0.369509440
-----------------
f at the beginning of new iteration,       551.5383285514
Predicted improvement:        0.221707579
lambda =          1; f =          551.1427165
lambda =     1.9332; f =          550.8587976
lambda =     3.7372; f =          550.5390572
Norm of dx   0.057455
----
Improvement on iteration 68 =        0.999271343
-----------------
f at the beginning of new iteration,       550.5390572085
Predicted improvement:        0.798940166
lambda =          1; f =          549.1467630
lambda =     1.9332; f =          548.3245764
lambda =     3.7372; f =          550.5390712
lambda =     2.5164; f =          548.4072102
Norm of dx    0.18451
----
Improvement on iteration 69 =        2.214480787
-----------------
f at the beginning of new iteration,       548.3245764213
Predicted improvement:        0.996356020
lambda =          1; f =          547.6047762
Norm of dx    0.29445
----
Improvement on iteration 70 =        0.719800179
-----------------
f at the beginning of new iteration,       547.6047762418
Predicted improvement:        2.412546272
lambda =          1; f =          554.3208198
lambda =    0.33333; f =          547.9222319
lambda =    0.11111; f =          547.3983189
Norm of dx    0.35571
----
Improvement on iteration 71 =        0.206457294
-----------------
f at the beginning of new iteration,       547.3983189479
Predicted improvement:        0.338585657
lambda =          1; f =          547.1143744
Norm of dx    0.20097
----
Improvement on iteration 72 =        0.283944581
-----------------
f at the beginning of new iteration,       547.1143743669
Predicted improvement:        0.085188714
lambda =          1; f =          546.9590311
lambda =     1.9332; f =          546.8415614
lambda =     3.7372; f =          546.6917963
Norm of dx   0.026603
----
Improvement on iteration 73 =        0.422578057
-----------------
f at the beginning of new iteration,       546.6917963097
Predicted improvement:        0.398713084
lambda =          1; f =          546.0044195
lambda =     1.9332; f =          545.5593360
lambda =     3.7372; f =          545.2598985
Norm of dx    0.11418
----
Improvement on iteration 74 =        1.431897807
-----------------
f at the beginning of new iteration,       545.2598985026
Predicted improvement:        1.107996945
lambda =          1; f =          543.5235504
lambda =     1.9332; f =          542.7246352
Norm of dx    0.13161
----
Improvement on iteration 75 =        2.535263294
-----------------
f at the beginning of new iteration,       542.7246352088
Predicted improvement:        1.234187022
lambda =          1; f =          541.0787786
Norm of dx    0.50642
----
Improvement on iteration 76 =        1.645856583
-----------------
f at the beginning of new iteration,       541.0787786261
Predicted improvement:        0.683017959
lambda =          1; f =          540.3434622
Norm of dx    0.65491
----
Improvement on iteration 77 =        0.735316391
-----------------
f at the beginning of new iteration,       540.3434622354
Predicted improvement:        0.306882342
lambda =          1; f =          540.1031743
Norm of dx    0.18378
----
Improvement on iteration 78 =        0.240287958
-----------------
f at the beginning of new iteration,       540.1031742778
Predicted improvement:        0.129183832
lambda =          1; f =          539.9235087
Norm of dx   0.065605
----
Improvement on iteration 79 =        0.179665604
-----------------
f at the beginning of new iteration,       539.9235086743
Predicted improvement:        0.201936532
lambda =          1; f =          539.6207114
lambda =     1.9332; f =          539.5261479
Norm of dx   0.073465
----
Improvement on iteration 80 =        0.397360793
-----------------
f at the beginning of new iteration,       539.5261478812
Predicted improvement:        0.324494730
lambda =          1; f =          539.0264690
lambda =     1.9332; f =          538.8517198
Norm of dx     0.1118
----
Improvement on iteration 81 =        0.674428082
-----------------
f at the beginning of new iteration,       538.8517197992
Predicted improvement:        0.470467117
lambda =          1; f =          538.2253557
Norm of dx   0.039607
----
Improvement on iteration 82 =        0.626364096
-----------------
f at the beginning of new iteration,       538.2253557029
Predicted improvement:        0.387235644
lambda =          1; f =          537.8938740
Norm of dx    0.37189
----
Improvement on iteration 83 =        0.331481742
-----------------
f at the beginning of new iteration,       537.8938739611
Predicted improvement:        0.183225676
lambda =          1; f =          537.7411119
Norm of dx    0.14339
----
Improvement on iteration 84 =        0.152762045
-----------------
f at the beginning of new iteration,       537.7411119166
Predicted improvement:        0.066035455
lambda =          1; f =          537.6234899
lambda =     1.9332; f =          537.5397659
lambda =     3.7372; f =          537.4490862
Norm of dx   0.020633
----
Improvement on iteration 85 =        0.292025744
-----------------
f at the beginning of new iteration,       537.4490861728
Predicted improvement:        0.266617329
lambda =          1; f =          537.0098261
lambda =     1.9332; f =          536.7762230
Norm of dx   0.035776
----
Improvement on iteration 86 =        0.672863184
-----------------
f at the beginning of new iteration,       536.7762229885
Predicted improvement:        0.933185057
lambda =          1; f =          535.2825902
lambda =     1.9332; f =          534.6878990
Norm of dx    0.20635
----
Improvement on iteration 87 =        2.088324012
-----------------
f at the beginning of new iteration,       534.6878989768
Predicted improvement:        1.239955657
lambda =          1; f =          533.0371581
Norm of dx    0.18553
----
Improvement on iteration 88 =        1.650740861
-----------------
f at the beginning of new iteration,       533.0371581158
Predicted improvement:        0.845198128
lambda =          1; f =          532.8062224
lambda =    0.33333; f =          532.6571032
Norm of dx    0.12119
----
Improvement on iteration 89 =        0.380054914
-----------------
f at the beginning of new iteration,       532.6571032013
Predicted improvement:        0.436192468
lambda =          1; f =          532.7978296
lambda =    0.33333; f =          532.4680673
Norm of dx    0.22223
----
Improvement on iteration 90 =        0.189035870
-----------------
f at the beginning of new iteration,       532.4680673311
Predicted improvement:        0.126249734
lambda =          1; f =          532.3383502
Norm of dx   0.069666
----
Improvement on iteration 91 =        0.129717092
-----------------
f at the beginning of new iteration,       532.3383502390
Predicted improvement:        0.060940694
lambda =          1; f =          532.2331626
lambda =     1.9332; f =          532.1638777
lambda =     3.7372; f =          532.1031445
Norm of dx   0.031877
----
Improvement on iteration 92 =        0.235205757
-----------------
f at the beginning of new iteration,       532.1031444815
Predicted improvement:        0.190800690
lambda =          1; f =          531.7525614
lambda =     1.9332; f =          531.4858056
lambda =     3.7372; f =          531.1632970
Norm of dx   0.045912
----
Improvement on iteration 93 =        0.939847516
-----------------
f at the beginning of new iteration,       531.1632969657
Predicted improvement:        0.559516707
lambda =          1; f =          530.5543893
Norm of dx    0.25883
----
Improvement on iteration 94 =        0.608907659
-----------------
f at the beginning of new iteration,       530.5543893064
Predicted improvement:        0.077598440
lambda =          1; f =          530.4629237
Norm of dx   0.066399
----
Improvement on iteration 95 =        0.091465628
-----------------
f at the beginning of new iteration,       530.4629236784
Predicted improvement:        0.041878123
lambda =          1; f =          530.3989146
lambda =     1.9332; f =          530.3726638
Norm of dx   0.011324
----
Improvement on iteration 96 =        0.090259831
-----------------
f at the beginning of new iteration,       530.3726638470
Predicted improvement:        0.045243802
lambda =          1; f =          530.2936377
lambda =     1.9332; f =          530.2396503
lambda =     3.7372; f =          530.1858450
Norm of dx   0.020244
----
Improvement on iteration 97 =        0.186818807
-----------------
f at the beginning of new iteration,       530.1858450397
Predicted improvement:        0.098215103
lambda =          1; f =          530.0225127
lambda =     1.9332; f =          529.9297025
Norm of dx   0.032578
----
Improvement on iteration 98 =        0.256142496
-----------------
f at the beginning of new iteration,       529.9297025439
Predicted improvement:        0.192920028
lambda =          1; f =          529.6574745
lambda =     1.9332; f =          529.6045916
Norm of dx   0.059441
----
Improvement on iteration 99 =        0.325110926
-----------------
f at the beginning of new iteration,       529.6045916181
Predicted improvement:        0.095787290
lambda =          1; f =          529.4492907
lambda =     1.9332; f =          529.3693568
Norm of dx    0.03261
----
Improvement on iteration 100 =        0.235234860
-----------------
f at the beginning of new iteration,       529.3693567586
Predicted improvement:        0.115800931
lambda =          1; f =          529.2093578
Norm of dx   0.045406
----
Improvement on iteration 101 =        0.159998999
-----------------
f at the beginning of new iteration,       529.2093577595
Predicted improvement:        0.074379036
lambda =          1; f =          529.1180843
Norm of dx   0.040418
----
Improvement on iteration 102 =        0.091273459
-----------------
f at the beginning of new iteration,       529.1180843002
Predicted improvement:        0.016548222
lambda =          1; f =          529.0964219
Norm of dx   0.020033
----
Improvement on iteration 103 =        0.021662428
-----------------
f at the beginning of new iteration,       529.0964218725
Predicted improvement:        0.007153044
lambda =          1; f =          529.0857557
lambda =     1.9332; f =          529.0823848
Norm of dx   0.007593
----
Improvement on iteration 104 =        0.014037096
-----------------
f at the beginning of new iteration,       529.0823847761
Predicted improvement:        0.006193931
lambda =          1; f =          529.0704434
lambda =     1.9332; f =          529.0601093
lambda =     3.7372; f =          529.0423723
lambda =     7.2247; f =          529.0166221
lambda =     13.967; f =          529.0000337
Norm of dx  0.0046105
----
Improvement on iteration 105 =        0.082351076
-----------------
f at the beginning of new iteration,       529.0000337005
Predicted improvement:        0.068507965
lambda =          1; f =          528.8738618
lambda =     1.9332; f =          528.7757884
lambda =     3.7372; f =          528.6408523
lambda =     7.2247; f =          528.5935103
Norm of dx   0.049186
----
Improvement on iteration 106 =        0.406523440
-----------------
f at the beginning of new iteration,       528.5935102600
Predicted improvement:        0.283707878
lambda =          1; f =          528.1205540
lambda =     1.9332; f =          527.8651739
Norm of dx    0.11392
----
Improvement on iteration 107 =        0.728336382
-----------------
f at the beginning of new iteration,       527.8651738782
Predicted improvement:        0.321023751
lambda =          1; f =          527.5540395
Norm of dx    0.23681
----
Improvement on iteration 108 =        0.311134404
-----------------
f at the beginning of new iteration,       527.5540394743
Predicted improvement:        0.079671554
lambda =          1; f =          527.4970502
Norm of dx   0.091905
----
Improvement on iteration 109 =        0.056989263
-----------------
f at the beginning of new iteration,       527.4970502110
Predicted improvement:        0.023885345
lambda =          1; f =          527.4741299
Norm of dx   0.031221
----
Improvement on iteration 110 =        0.022920342
-----------------
f at the beginning of new iteration,       527.4741298690
Predicted improvement:        0.004933410
lambda =          1; f =          527.4673201
Norm of dx   0.019446
----
Improvement on iteration 111 =        0.006809802
-----------------
f at the beginning of new iteration,       527.4673200674
Predicted improvement:        0.005678359
lambda =          1; f =          527.4579265
lambda =     1.9332; f =          527.4527263
Norm of dx   0.013128
----
Improvement on iteration 112 =        0.014593719
-----------------
f at the beginning of new iteration,       527.4527263486
Predicted improvement:        0.014635358
lambda =          1; f =          527.4262621
lambda =     1.9332; f =          527.4066037
lambda =     3.7372; f =          527.3823355
Norm of dx   0.010529
----
Improvement on iteration 113 =        0.070390861
-----------------
f at the beginning of new iteration,       527.3823354873
Predicted improvement:        0.077152125
lambda =          1; f =          527.2400640
lambda =     1.9332; f =          527.1293425
lambda =     3.7372; f =          526.9789533
Norm of dx   0.060928
----
Improvement on iteration 114 =        0.403382156
-----------------
f at the beginning of new iteration,       526.9789533310
Predicted improvement:        0.507854821
lambda =          1; f =          526.1598673
lambda =     1.9332; f =          525.8078929
Norm of dx    0.29913
----
Improvement on iteration 115 =        1.171060386
-----------------
f at the beginning of new iteration,       525.8078929450
Predicted improvement:        0.536863275
lambda =          1; f =          525.0788367
Norm of dx    0.15031
----
Improvement on iteration 116 =        0.729056269
-----------------
f at the beginning of new iteration,       525.0788366757
Predicted improvement:        0.314832912
lambda =          1; f =          524.8063998
Norm of dx    0.14226
----
Improvement on iteration 117 =        0.272436859
-----------------
f at the beginning of new iteration,       524.8063998162
Predicted improvement:        0.077252026
lambda =          1; f =          524.7681575
lambda =    0.33333; f =          524.7686469
lambda =    0.64439; f =          524.7567187
Norm of dx    0.15003
----
Improvement on iteration 118 =        0.049681072
-----------------
f at the beginning of new iteration,       524.7567187442
Predicted improvement:        0.011404717
lambda =          1; f =          524.7458068
Norm of dx   0.011752
----
Improvement on iteration 119 =        0.010911927
-----------------
f at the beginning of new iteration,       524.7458068174
Predicted improvement:        0.003382963
lambda =          1; f =          524.7418480
Norm of dx   0.021091
----
Improvement on iteration 120 =        0.003958838
-----------------
f at the beginning of new iteration,       524.7418479791
Predicted improvement:        0.000710423
lambda =          1; f =          524.7409134
Norm of dx  0.0050144
----
Improvement on iteration 121 =        0.000934603
-----------------
f at the beginning of new iteration,       524.7409133758
Predicted improvement:        0.000448269
lambda =          1; f =          524.7401638
lambda =     1.9332; f =          524.7397316
Norm of dx  0.0026969
----
Improvement on iteration 122 =        0.001181767
-----------------
f at the beginning of new iteration,       524.7397316088
Predicted improvement:        0.001069451
lambda =          1; f =          524.7377960
lambda =     1.9332; f =          524.7363590
lambda =     3.7372; f =          524.7345958
Norm of dx  0.0034377
----
Improvement on iteration 123 =        0.005135855
-----------------
f at the beginning of new iteration,       524.7345957538
Predicted improvement:        0.004935794
lambda =          1; f =          524.7252335
lambda =     1.9332; f =          524.7174234
lambda =     3.7372; f =          524.7048781
lambda =     7.2247; f =          524.6902758
Norm of dx   0.010725
----
Improvement on iteration 124 =        0.044319931
-----------------
f at the beginning of new iteration,       524.6902758233
Predicted improvement:        0.043796961
lambda =          1; f =          524.6072688
lambda =     1.9332; f =          524.5383050
lambda =     3.7372; f =          524.4295722
lambda =     7.2247; f =          524.3224140
Norm of dx     0.0707
----
Improvement on iteration 125 =        0.367861845
-----------------
f at the beginning of new iteration,       524.3224139778
Predicted improvement:        0.229410212
lambda =          1; f =          523.9575131
lambda =     1.9332; f =          523.7912532
Norm of dx    0.20856
----
Improvement on iteration 126 =        0.531160805
-----------------
f at the beginning of new iteration,       523.7912531729
Predicted improvement:        0.105083710
lambda =          1; f =          523.7315616
lambda =    0.33333; f =          523.7380393
lambda =    0.64439; f =          523.7185357
Norm of dx    0.12257
----
Improvement on iteration 127 =        0.072717503
-----------------
f at the beginning of new iteration,       523.7185356703
Predicted improvement:        0.010040434
lambda =          1; f =          523.7121834
Norm of dx   0.062803
----
Improvement on iteration 128 =        0.006352221
-----------------
f at the beginning of new iteration,       523.7121834494
Predicted improvement:        0.001718817
lambda =          1; f =          523.7106845
Norm of dx   0.012013
----
Improvement on iteration 129 =        0.001498957
-----------------
f at the beginning of new iteration,       523.7106844920
Predicted improvement:        0.000091896
lambda =          1; f =          523.7106096
Norm of dx  0.0039209
----
Improvement on iteration 130 =        0.000074929
-----------------
f at the beginning of new iteration,       523.7106095627
Predicted improvement:        0.000006183
lambda =          1; f =          523.7106025
Norm of dx  0.0016059
----
Improvement on iteration 131 =        0.000007089
-----------------
f at the beginning of new iteration,       523.7106024735
Predicted improvement:        0.000000579
lambda =          1; f =          523.7106016
lambda =     1.9332; f =          523.7106016
Norm of dx 0.00025138
----
Improvement on iteration 132 =        0.000000909
-----------------
f at the beginning of new iteration,       523.7106015645
Predicted improvement:        0.000000153
lambda =          1; f =          523.7106014
Norm of dx  0.0001281
----
Improvement on iteration 133 =        0.000000151
-----------------
f at the beginning of new iteration,       523.7106014134
Predicted improvement:        0.000000015
lambda =          1; f =          523.7106014
lambda =     1.9332; f =          523.7106014
Norm of dx 1.8391e-05
----
Improvement on iteration 134 =        0.000000026
improvement < crit termination

Final value of minus the log posterior (or likelihood):523.710601 

MODE CHECK

Fval obtained by the minimization routine (minus the posterior/likelihood)): 523.710601

RESULTS FROM POSTERIOR ESTIMATION
parameters
         prior mean     mode    s.d. prior pstdev

para_sp_b    0.050   0.0394  0.0037 beta  0.0050 
phiv         4.000   0.7880  0.1543 norm  1.5000 
thetav       0.500   0.5693  0.0467 beta  0.1000 
rhov         0.500   0.5757  0.0384 beta  0.2000 
zetav        1.500   1.4603  0.0601 gamm  0.2500 
zetay        0.125   0.0053  0.0068 gamm  0.1000 
pi_bar       0.620   0.9850  0.0941 gamm  0.1000 
iotapi       0.500   0.1966  0.0910 beta  0.1500 
constebeta   0.300   0.0998  0.0315 gamm  0.1000 
ytrend       0.400   0.7157  0.0190 norm  0.1000 
s_bar        0.500   0.3059  0.0431 gamm  0.1000 
rhov_a       0.500   0.8997  0.0218 beta  0.2000 
rhov_g       0.500   0.9059  0.0197 beta  0.2000 
rhov_i       0.500   0.9360  0.0147 beta  0.2000 
rhov_f       0.750   0.9460  0.0143 beta  0.1500 

standard deviation of shocks
         prior mean     mode    s.d. prior pstdev

e_a          0.100   1.3078  0.1099 invg  2.0000 
e_g          0.100   4.4718  0.3069 invg  2.0000 
e_rn         0.100   0.3612  0.0287 invg  2.0000 
e_i          0.100   1.2327  0.1364 invg  2.0000 
e_f          0.050   5.0876  0.6820 invg  4.0000 


Log data density [Laplace approximation] is -572.327353.

Estimation::mcmc: One Chain mode.
Estimation::mcmc: Initialization at the posterior mode.

Estimation::mcmc: Write details about the MCMC... Ok!
Estimation::mcmc: Details about the MCMC are available in NKBGG/metropolis\NKBGG_mh_history_0.mat


Estimation::mcmc: Number of mh files: 1 per block.
Estimation::mcmc: Total number of generated files: 1.
Estimation::mcmc: Total number of iterations: 500000.
Estimation::mcmc: Current acceptance ratio per chain: 
                                                       Chain  1: 49.2238%
Estimation::mcmc: Total number of MH draws per chain: 500000.
Estimation::mcmc: Total number of generated MH files: 1.
Estimation::mcmc: I'll use mh-files 1 to 1.
Estimation::mcmc: In MH-file number 1 I'll start at line 200001.
Estimation::mcmc: Finally I keep 300000 draws per chain.



MCMC Inefficiency factors per block
Parameter        Block 1
SE_e_a           138.100
SE_e_g           104.948
SE_e_rn          111.573
SE_e_i           147.865
SE_e_f           166.237
para_sp_b         89.971
phiv             156.941
thetav           123.566
rhov             110.022
zetav            128.056
zetay            177.604
pi_bar           104.135
iotapi           130.950
constebeta        96.973
ytrend           110.329
s_bar            129.395
rhov_a           140.617
rhov_g            96.959
rhov_i           118.969
rhov_f           131.110


Geweke (1992) Convergence Tests, based on means of draws 200000 to 260000 vs 350000 to 500000.
p-values are for Chi2-test for equality of means.
Parameter          Post. Mean        Post. Std   p-val No Taper   p-val 4% Taper   p-val 8% Taper  p-val 15% Taper
SE_e_a                  1.355            0.122            0.000            0.463            0.448            0.448
SE_e_g                  4.590            0.316            0.009            0.813            0.813            0.812
SE_e_rn                 0.363            0.029            0.000            0.192            0.194            0.232
SE_e_i                  1.300            0.155            0.000            0.730            0.711            0.703
SE_e_f                  5.396            0.746            0.000            0.167            0.126            0.113
para_sp_b               0.040            0.004            0.000            0.239            0.262            0.253
phiv                    0.861            0.178            0.131            0.906            0.913            0.914
thetav                  0.569            0.049            0.000            0.688            0.690            0.693
rhov                    0.583            0.038            0.000            0.263            0.241            0.277
zetav                   1.460            0.064            0.099            0.897            0.895            0.896
zetay                   0.012            0.009            0.000            0.135            0.187            0.200
pi_bar                  0.961            0.096            0.000            0.053            0.046            0.019
iotapi                  0.240            0.101            0.000            0.015            0.009            0.004
constebeta              0.109            0.032            0.000            0.361            0.386            0.347
ytrend                  0.716            0.019            0.000            0.638            0.636            0.613
s_bar                   0.294            0.041            0.000            0.129            0.103            0.094
rhov_a                  0.892            0.023            0.012            0.820            0.819            0.827
rhov_g                  0.904            0.020            0.000            0.603            0.559            0.531
rhov_i                  0.932            0.016            0.000            0.478            0.417            0.422
rhov_f                  0.944            0.015            0.000            0.296            0.298            0.254


Estimation::marginal density: I'm computing the posterior mean and covariance...  Done!
Estimation::marginal density: I'm computing the posterior log marginal density (modified harmonic mean)... Done!


ESTIMATION RESULTS

Log data density is -572.020505.

parameters
             prior mean   post. mean        90% HPD interval    prior       pstdev

para_sp_b         0.050       0.0396      0.0337      0.0456   beta        0.0050
phiv              4.000       0.8602      0.5773      1.1371   norm        1.5000
thetav            0.500       0.5695      0.4895      0.6508   beta        0.1000
rhov              0.500       0.5825      0.5214      0.6460   beta        0.2000
zetav             1.500       1.4587      1.3540      1.5611   gamm        0.2500
zetay             0.125       0.0119      0.0002      0.0235   gamm        0.1000
pi_bar            0.620       0.9618      0.8044      1.1183   gamm        0.1000
iotapi            0.500       0.2409      0.0791      0.3936   beta        0.1500
constebeta        0.300       0.1095      0.0565      0.1602   gamm        0.1000
ytrend            0.400       0.7162      0.6839      0.7477   norm        0.1000
s_bar             0.500       0.2945      0.2261      0.3627   gamm        0.1000
rhov_a            0.500       0.8926      0.8544      0.9305   beta        0.2000
rhov_g            0.500       0.9044      0.8729      0.9362   beta        0.2000
rhov_i            0.500       0.9320      0.9060      0.9580   beta        0.2000
rhov_f            0.750       0.9444      0.9204      0.9690   beta        0.1500

standard deviation of shocks
             prior mean   post. mean        90% HPD interval    prior       pstdev

e_a               0.100       1.3541      1.1575      1.5477   invg        2.0000
e_g               0.100       4.5921      4.0734      5.1040   invg        2.0000
e_rn              0.100       0.3633      0.3150      0.4104   invg        2.0000
e_i               0.100       1.2989      1.0476      1.5398   invg        2.0000
e_f               0.050       5.3932      4.1860      6.5661   invg        4.0000
Estimation::mcmc: Posterior (dsge) IRFs...
Estimation::mcmc: Posterior IRFs, done!
Estimation::mcmc: Smoothed variables
Estimation::mcmc: Smoothed variables, done!
Estimation::mcmc: Smoothed shocks
Estimation::mcmc: Smoothed shocks, done!
Estimation::mcmc: Trend_coefficients
Estimation::mcmc: Trend_coefficients, done!
Estimation::mcmc: Smoothed constant
Estimation::mcmc: Smoothed constant, done!
Estimation::mcmc: Smoothed trend
Estimation::mcmc: Smoothed trend, done!
Estimation::mcmc: Updated Variables
Estimation::mcmc: Updated Variables, done!
Estimation::mcmc: Forecasted variables (mean)
Estimation::mcmc: Forecasted variables (mean), done!
Estimation::mcmc: Forecasted variables (point)
Estimation::mcmc: Forecasted variables (point), done!
Total computing time : 1h47m59s
