Starting Dynare (version 4.5.7).
Starting preprocessing of the model file ...
WARNING: QPM08.mod:138.1-94: ''unit_root_vars'' is now obsolete; use the ''diffuse_filter'' option of ''estimation'' instead
Substitution of endo leads >= 2: added 6 auxiliary variables and equations.
Substitution of endo lags >= 2: added 16 auxiliary variables and equations.
Found 49 equation(s).
Evaluating expressions...done
Computing static model derivatives:
 - order 1
Computing dynamic model derivatives:
 - order 1
 - order 2
Processing outputs ...
done
Preprocessing completed.

STEADY-STATE RESULTS:

RR_US             		 1.8456
RR_US_BAR         		 1.8456
unr_obs           		 6.525
unr_obs_GAP       		 0
unr_obs_BAR       		 6.525
PIE_US            		 2.5
PIE_US4           		 2.5
Y_US              		 0
gdpl_rgd_obs      		 895.093
gdpl_rgd_obs_BAR  		 895.093
ffr_obs           		 1.0864
G_US              		 2.7599
cpil_obs          		 498.924
E4_PIE_US4        		 2.5
E1_Y_US           		 0
E1_PIE_US         		 2.5
UNR_G_US          		 0
GROWTH_US         		 2.7599
GROWTH4_US        		 2.7599
GROWTH4_US_BAR    		 2.7599
blt_obs           		 -8.87
blt_obs_BAR       		 -8.87
E                 		 0
E2                		 0
GROWTH_US_BAR     		 2.7599
RR_US_GAP         		 0
blt_obs_GAP       		 0

EIGENVALUES:
         Modulus             Real        Imaginary

               0               -0                0
               0               -0                0
               0               -0                0
               0                0                0
               0               -0                0
               0               -0                0
               0               -0                0
       1.235e-18        1.235e-18                0
       1.942e-18        1.942e-18                0
       2.211e-18        2.211e-18                0
       5.884e-18       -5.884e-18                0
       6.471e-18       -6.471e-18                0
       6.883e-18        6.883e-18                0
       1.077e-17        1.077e-17                0
       1.239e-17        1.239e-17                0
       3.545e-17       -3.545e-17                0
       8.732e-17       -8.732e-17                0
             0.1              0.1                0
          0.4822          -0.4822                0
          0.5118         -0.05828           0.5085
          0.5118         -0.05828          -0.5085
          0.6648           0.6648                0
          0.6992           0.6992                0
          0.7796           0.7796                0
             0.9              0.9                0
           0.951           0.9252           0.2203
           0.951           0.9252          -0.2203
               1                1                0
               1                1                0
               1                1                0
               1                1                0
           1.156            1.156                0
           1.718          -0.2063            1.706
           1.718          -0.2063           -1.706
           1.824           -1.824                0
           7.308            7.308                0
       3.137e+04        1.568e+04        2.717e+04
       3.137e+04        1.568e+04       -2.717e+04
       3.137e+04       -3.137e+04                0
             Inf              Inf                0


There are 9 eigenvalue(s) larger than 1 in modulus 
for 9 forward-looking variable(s)

The rank condition is verified.

Initial value of the log posterior (or likelihood): -1399.5669
-----------------
f at the beginning of new iteration,      1399.5668812858
Predicted improvement:      935.081215611
lambda =          1; f =          769.3595178
Norm of dx    0.43245
----
Improvement on iteration 1 =      630.207363521
-----------------
f at the beginning of new iteration,       769.3595177649
Predicted improvement:       99.902840415
lambda =          1; f =          645.9164275
Norm of dx    0.15184
----
Improvement on iteration 2 =      123.443090236
-----------------
f at the beginning of new iteration,       645.9164275291
Predicted improvement:       54.156103048
lambda =          1; f =          571.9810361
Norm of dx    0.16927
----
Improvement on iteration 3 =       73.935391473
-----------------
f at the beginning of new iteration,       571.9810360559
Predicted improvement:       15.741677302
lambda =          1; f =          551.4941496
Norm of dx    0.10763
----
Improvement on iteration 4 =       20.486886439
-----------------
f at the beginning of new iteration,       551.4941496173
Predicted improvement:       10.641292314
lambda =          1; f =          551.4948845
lambda =    0.33333; f =          551.4942078
lambda =    0.11111; f =          551.4941509
lambda =   0.037037; f =          550.7177801
lambda =   0.071599; f =          550.0146023
lambda =    0.13841; f =          551.4941534
lambda =     0.0932; f =          551.4941500
lambda =   0.073512; f =          551.4941496
lambda =   0.072168; f =          550.0031991
lambda =   0.072972; f =          551.4941496
Norm of dx   0.093561
Cliff.  Perturbing search direction.
Predicted improvement:       14.684457774
lambda =          1; f =          551.4947247
lambda =    0.33333; f =          551.4941930
lambda =    0.11111; f =          551.4941502
lambda =   0.037037; f =          550.4276057
lambda =   0.071599; f =          549.4701575
lambda =    0.13841; f =          551.4941519
lambda =     0.0932; f =          551.4941497
lambda =   0.073512; f =          549.4182194
lambda =   0.084761; f =          551.4941496
lambda =    0.07782; f =          549.3016509
lambda =   0.081913; f =          551.4941496
lambda =   0.079432; f =          549.2581774
lambda =   0.080912; f =          551.4941496
lambda =   0.080021; f =          549.2423269
Norm of dx    0.11395
Cliff again.  Try traversing
Predicted improvement:    38612.260915015
lambda =          1; f =         4934.3978919
lambda =    0.33333; f =         1010.2583777
lambda =    0.11111; f =          594.4751618
lambda =   0.037037; f =          554.2025784
lambda =   0.012346; f =          551.5214210
lambda =  0.0041152; f =          552.9083902
lambda =  0.0013717; f =          580.9007281
lambda = 0.00045725; f =          536.8027224
Norm of dx     277.89
----
Improvement on iteration 5 =       14.691427177
-----------------
f at the beginning of new iteration,       536.8027224399
Predicted improvement:        6.082946255
lambda =          1; f =          536.8027610
lambda =    0.33333; f =          536.8027224
lambda =    0.11111; f =          535.4791907
lambda =     0.2148; f =          534.2947954
lambda =    0.41524; f =          536.8027230
lambda =     0.2796; f =          533.5792774
lambda =    0.35448; f =          536.8027225
lambda =    0.30744; f =          533.2777015
lambda =    0.33486; f =          536.8027224
lambda =    0.31813; f =          533.1628604
lambda =    0.32806; f =          533.0565551
lambda =    0.33831; f =          536.8027224
lambda =    0.33213; f =          536.8027224
lambda =    0.32847; f =          533.0522439
Norm of dx   0.072864
Cliff.  Perturbing search direction.
Predicted improvement:       11.924247552
lambda =          1; f =          520.4398213
Norm of dx    0.12641

badg2 =

     0

----
Improvement on iteration 6 =       16.362901170
-----------------
f at the beginning of new iteration,       520.4398212698
Predicted improvement:        4.841587497
lambda =          1; f =          513.8697475
Norm of dx    0.12215
----
Improvement on iteration 7 =        6.570073735
-----------------
f at the beginning of new iteration,       513.8697475346
Predicted improvement:        2.630650146
lambda =          1; f =          510.3172481
Norm of dx    0.11457
----
Improvement on iteration 8 =        3.552499446
-----------------
f at the beginning of new iteration,       510.3172480885
Predicted improvement:        0.898152020
lambda =          1; f =          509.0890527
Norm of dx   0.074295
----
Improvement on iteration 9 =        1.228195389
-----------------
f at the beginning of new iteration,       509.0890526995
Predicted improvement:        0.407633876
lambda =          1; f =          508.4980751
lambda =     1.9332; f =          508.3383447
Norm of dx   0.044454
----
Improvement on iteration 10 =        0.750708019
-----------------
f at the beginning of new iteration,       508.3383446800
Predicted improvement:        0.205767676
lambda =          1; f =          507.9561193
lambda =     1.9332; f =          507.6547596
lambda =     3.7372; f =          507.2375038
lambda =     7.2247; f =          507.1446542
Norm of dx   0.012714
----
Improvement on iteration 11 =        1.193690480
-----------------
f at the beginning of new iteration,       507.1446542004
Predicted improvement:        0.229042105
lambda =          1; f =          506.8439348
Norm of dx   0.031126
----
Improvement on iteration 12 =        0.300719448
-----------------
f at the beginning of new iteration,       506.8439347527
Predicted improvement:        0.166776406
lambda =          1; f =          506.5734886
lambda =     1.9332; f =          506.4317967
Norm of dx    0.02167
----
Improvement on iteration 13 =        0.412138068
-----------------
f at the beginning of new iteration,       506.4317966850
Predicted improvement:        0.178778295
lambda =          1; f =          506.1467755
lambda =     1.9332; f =          506.0114261
Norm of dx   0.021045
----
Improvement on iteration 14 =        0.420370612
-----------------
f at the beginning of new iteration,       506.0114260734
Predicted improvement:        0.158878980
lambda =          1; f =          505.7457383
lambda =     1.9332; f =          505.5971077
Norm of dx   0.018903
----
Improvement on iteration 15 =        0.414318351
-----------------
f at the beginning of new iteration,       505.5971077228
Predicted improvement:        0.243499653
lambda =          1; f =          505.2323801
lambda =     1.9332; f =          505.1297562
Norm of dx   0.024502
----
Improvement on iteration 16 =        0.467351483
-----------------
f at the beginning of new iteration,       505.1297562398
Predicted improvement:        0.157918107
lambda =          1; f =          504.8894446
lambda =     1.9332; f =          504.7991887
Norm of dx   0.012131
----
Improvement on iteration 17 =        0.330567585
-----------------
f at the beginning of new iteration,       504.7991886546
Predicted improvement:        0.140158576
lambda =          1; f =          504.5694251
lambda =     1.9332; f =          504.4596832
Norm of dx   0.018652
----
Improvement on iteration 18 =        0.339505413
-----------------
f at the beginning of new iteration,       504.4596832418
Predicted improvement:        0.176230748
lambda =          1; f =          504.1872544
lambda =     1.9332; f =          504.0890506
Norm of dx   0.021286
----
Improvement on iteration 19 =        0.370632679
-----------------
f at the beginning of new iteration,       504.0890505632
Predicted improvement:        0.119365935
lambda =          1; f =          503.9192761
lambda =     1.9332; f =          503.8819638
Norm of dx    0.01555
----
Improvement on iteration 20 =        0.207086748
-----------------
f at the beginning of new iteration,       503.8819638151
Predicted improvement:        0.109480927
lambda =          1; f =          503.7183515
lambda =     1.9332; f =          503.6840346
Norm of dx   0.017752
----
Improvement on iteration 21 =        0.197929248
-----------------
f at the beginning of new iteration,       503.6840345668
Predicted improvement:        0.096922276
lambda =          1; f =          503.5634785
Norm of dx   0.014627
----
Improvement on iteration 22 =        0.120556112
-----------------
f at the beginning of new iteration,       503.5634784550
Predicted improvement:        0.040192318
lambda =          1; f =          503.5018059
lambda =     1.9332; f =          503.4775600
Norm of dx  0.0087412
----
Improvement on iteration 23 =        0.085918421
-----------------
f at the beginning of new iteration,       503.4775600337
Predicted improvement:        0.042275314
lambda =          1; f =          503.4046340
lambda =     1.9332; f =          503.3560304
lambda =     3.7372; f =          503.3084152
Norm of dx  0.0062494
----
Improvement on iteration 24 =        0.169144796
-----------------
f at the beginning of new iteration,       503.3084152376
Predicted improvement:        0.067437814
lambda =          1; f =          503.1947561
lambda =     1.9332; f =          503.1289191
Norm of dx   0.017845
----
Improvement on iteration 25 =        0.179496123
-----------------
f at the beginning of new iteration,       503.1289191145
Predicted improvement:        0.119548299
lambda =          1; f =          502.9353435
lambda =     1.9332; f =          502.8417789
Norm of dx   0.031771
----
Improvement on iteration 26 =        0.287140263
-----------------
f at the beginning of new iteration,       502.8417788515
Predicted improvement:        0.184517477
lambda =          1; f =          502.5148757
lambda =     1.9332; f =          502.3302674
lambda =     3.7372; f =          502.8417863
lambda =     2.5164; f =          502.3443389
Norm of dx   0.040784
----
Improvement on iteration 27 =        0.511511484
-----------------
f at the beginning of new iteration,       502.3302673679
Predicted improvement:        0.422457964
lambda =          1; f =          501.8412177
Norm of dx   0.052699
----
Improvement on iteration 28 =        0.489049619
-----------------
f at the beginning of new iteration,       501.8412177491
Predicted improvement:        1.253204808
lambda =          1; f =          501.7902982
lambda =    0.33333; f =          501.3479921
Norm of dx   0.059751
----
Improvement on iteration 29 =        0.493225635
-----------------
f at the beginning of new iteration,       501.3479921145
Predicted improvement:        1.566572554
lambda =          1; f =          501.3485837
lambda =    0.33333; f =          500.5582822
lambda =    0.64439; f =          501.3479923
lambda =     0.4339; f =          500.7452364
Norm of dx    0.11154
----
Improvement on iteration 30 =        0.789709905
-----------------
f at the beginning of new iteration,       500.5582822098
Predicted improvement:        0.463785115
lambda =          1; f =          499.9745032
Norm of dx   0.025684
----
Improvement on iteration 31 =        0.583779049
-----------------
f at the beginning of new iteration,       499.9745031606
Predicted improvement:        0.460073180
lambda =          1; f =          509.6145018
lambda =    0.33333; f =          499.8621369
Norm of dx   0.026259
----
Improvement on iteration 32 =        0.112366285
-----------------
f at the beginning of new iteration,       499.8621368759
Predicted improvement:        0.503160985
lambda =          1; f =          499.4599064
Norm of dx   0.036098
----
Improvement on iteration 33 =        0.402230443
-----------------
f at the beginning of new iteration,       499.4599064326
Predicted improvement:        0.094819494
lambda =          1; f =          499.3075798
lambda =     1.9332; f =          499.2362473
Norm of dx   0.010492
----
Improvement on iteration 34 =        0.223659102
-----------------
f at the beginning of new iteration,       499.2362473309
Predicted improvement:        0.039502475
lambda =          1; f =          499.1898225
Norm of dx   0.010489
----
Improvement on iteration 35 =        0.046424874
-----------------
f at the beginning of new iteration,       499.1898224569
Predicted improvement:        0.021086235
lambda =          1; f =          499.1534432
lambda =     1.9332; f =          499.1299143
lambda =     3.7372; f =          499.1128485
Norm of dx  0.0049582
----
Improvement on iteration 36 =        0.076973924
-----------------
f at the beginning of new iteration,       499.1128485333
Predicted improvement:        0.023661034
lambda =          1; f =          499.0803827
Norm of dx  0.0071187
----
Improvement on iteration 37 =        0.032465844
-----------------
f at the beginning of new iteration,       499.0803826888
Predicted improvement:        0.011478991
lambda =          1; f =          499.0659448
Norm of dx  0.0066901
----
Improvement on iteration 38 =        0.014437871
-----------------
f at the beginning of new iteration,       499.0659448176
Predicted improvement:        0.003664878
lambda =          1; f =          499.0601403
lambda =     1.9332; f =          499.0574584
Norm of dx  0.0029448
----
Improvement on iteration 39 =        0.008486369
-----------------
f at the beginning of new iteration,       499.0574584484
Predicted improvement:        0.003620046
lambda =          1; f =          499.0515468
lambda =     1.9332; f =          499.0484224
Norm of dx  0.0020089
----
Improvement on iteration 40 =        0.009036086
-----------------
f at the beginning of new iteration,       499.0484223626
Predicted improvement:        0.002979555
lambda =          1; f =          499.0439781
lambda =     1.9332; f =          499.0425722
Norm of dx   0.002107
----
Improvement on iteration 41 =        0.005850196
-----------------
f at the beginning of new iteration,       499.0425721663
Predicted improvement:        0.002110461
lambda =          1; f =          499.0386409
lambda =     1.9332; f =          499.0354952
lambda =     3.7372; f =          499.0308428
lambda =     7.2247; f =          499.0271764
Norm of dx  0.0012062
----
Improvement on iteration 42 =        0.015395816
-----------------
f at the beginning of new iteration,       499.0271763504
Predicted improvement:        0.004193681
lambda =          1; f =          499.0199636
lambda =     1.9332; f =          499.0153497
lambda =     3.7372; f =          499.0122139
Norm of dx  0.0034273
----
Improvement on iteration 43 =        0.014962445
-----------------
f at the beginning of new iteration,       499.0122139051
Predicted improvement:        0.003811064
lambda =          1; f =          499.0058397
lambda =     1.9332; f =          499.0021372
Norm of dx  0.0024041
----
Improvement on iteration 44 =        0.010076698
-----------------
f at the beginning of new iteration,       499.0021372070
Predicted improvement:        0.004454884
lambda =          1; f =          498.9953749
lambda =     1.9332; f =          498.9929127
Norm of dx  0.0048243
----
Improvement on iteration 45 =        0.009224478
-----------------
f at the beginning of new iteration,       498.9929127289
Predicted improvement:        0.003912449
lambda =          1; f =          498.9856454
lambda =     1.9332; f =          498.9798700
lambda =     3.7372; f =          498.9714444
lambda =     7.2247; f =          498.9652994
Norm of dx  0.0034947
----
Improvement on iteration 46 =        0.027613373
-----------------
f at the beginning of new iteration,       498.9652993561
Predicted improvement:        0.006065038
lambda =          1; f =          498.9549826
lambda =     1.9332; f =          498.9486635
lambda =     3.7372; f =          498.9457269
Norm of dx   0.002413
----
Improvement on iteration 47 =        0.019572417
-----------------
f at the beginning of new iteration,       498.9457269396
Predicted improvement:        0.006801579
lambda =          1; f =          498.9350660
lambda =     1.9332; f =          498.9303944
Norm of dx  0.0075174
----
Improvement on iteration 48 =        0.015332568
-----------------
f at the beginning of new iteration,       498.9303943719
Predicted improvement:        0.002507041
lambda =          1; f =          498.9267068
lambda =     1.9332; f =          498.9256664
Norm of dx  0.0061733
----
Improvement on iteration 49 =        0.004728008
-----------------
f at the beginning of new iteration,       498.9256663640
Predicted improvement:        0.001567258
lambda =          1; f =          498.9227921
lambda =     1.9332; f =          498.9205789
lambda =     3.7372; f =          498.9175747
Norm of dx  0.0009039
----
Improvement on iteration 50 =        0.008091700
-----------------
f at the beginning of new iteration,       498.9175746645
Predicted improvement:        0.003824831
lambda =          1; f =          498.9119432
lambda =     1.9332; f =          498.9103032
Norm of dx  0.0047541
----
Improvement on iteration 51 =        0.007271495
-----------------
f at the beginning of new iteration,       498.9103031691
Predicted improvement:        0.002201973
lambda =          1; f =          498.9064728
lambda =     1.9332; f =          498.9039386
lambda =     3.7372; f =          498.9019268
Norm of dx  0.0031821
----
Improvement on iteration 52 =        0.008376345
-----------------
f at the beginning of new iteration,       498.9019268240
Predicted improvement:        0.001224787
lambda =          1; f =          498.8998191
lambda =     1.9332; f =          498.8984727
lambda =     3.7372; f =          498.8975876
Norm of dx   0.001409
----
Improvement on iteration 53 =        0.004339217
-----------------
f at the beginning of new iteration,       498.8975876075
Predicted improvement:        0.002246230
lambda =          1; f =          498.8935398
lambda =     1.9332; f =          498.8905562
lambda =     3.7372; f =          498.8869155
Norm of dx  0.0026045
----
Improvement on iteration 54 =        0.010672126
-----------------
f at the beginning of new iteration,       498.8869154814
Predicted improvement:        0.005540979
lambda =          1; f =          498.8781812
lambda =     1.9332; f =          498.8742432
Norm of dx  0.0099826
----
Improvement on iteration 55 =        0.012672273
-----------------
f at the beginning of new iteration,       498.8742432085
Predicted improvement:        0.004098226
lambda =          1; f =          498.8678370
lambda =     1.9332; f =          498.8650665
Norm of dx  0.0065231
----
Improvement on iteration 56 =        0.009176660
-----------------
f at the beginning of new iteration,       498.8650665480
Predicted improvement:        0.001566999
lambda =          1; f =          498.8629170
Norm of dx  0.0020347
----
Improvement on iteration 57 =        0.002149531
-----------------
f at the beginning of new iteration,       498.8629170168
Predicted improvement:        0.000847198
lambda =          1; f =          498.8616149
lambda =     1.9332; f =          498.8611096
Norm of dx  0.0014555
----
Improvement on iteration 58 =        0.001807416
-----------------
f at the beginning of new iteration,       498.8611096006
Predicted improvement:        0.000928622
lambda =          1; f =          498.8593374
lambda =     1.9332; f =          498.8578374
lambda =     3.7372; f =          498.8553593
lambda =     7.2247; f =          498.8521485
Norm of dx  0.0013697
----
Improvement on iteration 59 =        0.008961084
-----------------
f at the beginning of new iteration,       498.8521485169
Predicted improvement:        0.003908200
lambda =          1; f =          498.8471535
Norm of dx   0.008911
----
Improvement on iteration 60 =        0.004994975
-----------------
f at the beginning of new iteration,       498.8471535422
Predicted improvement:        0.000879153
lambda =          1; f =          498.8459875
Norm of dx   0.003053
----
Improvement on iteration 61 =        0.001166003
-----------------
f at the beginning of new iteration,       498.8459875394
Predicted improvement:        0.000515126
lambda =          1; f =          498.8451205
lambda =     1.9332; f =          498.8446060
Norm of dx  0.0016319
----
Improvement on iteration 62 =        0.001381509
-----------------
f at the beginning of new iteration,       498.8446060305
Predicted improvement:        0.001211779
lambda =          1; f =          498.8425680
lambda =     1.9332; f =          498.8413628
Norm of dx  0.0030088
----
Improvement on iteration 63 =        0.003243267
-----------------
f at the beginning of new iteration,       498.8413627632
Predicted improvement:        0.002057751
lambda =          1; f =          498.8384335
lambda =     1.9332; f =          498.8378522
Norm of dx  0.0046057
----
Improvement on iteration 64 =        0.003510556
-----------------
f at the beginning of new iteration,       498.8378522076
Predicted improvement:        0.000619028
lambda =          1; f =          498.8369227
lambda =     1.9332; f =          498.8366117
Norm of dx   0.002185
----
Improvement on iteration 65 =        0.001240539
-----------------
f at the beginning of new iteration,       498.8366116682
Predicted improvement:        0.000350413
lambda =          1; f =          498.8359377
lambda =     1.9332; f =          498.8353573
lambda =     3.7372; f =          498.8343686
lambda =     7.2247; f =          498.8329549
lambda =     13.967; f =          498.8320837
Norm of dx 0.00091423
----
Improvement on iteration 66 =        0.004527942
-----------------
f at the beginning of new iteration,       498.8320837265
Predicted improvement:        0.002207602
lambda =          1; f =          498.8285812
lambda =     1.9332; f =          498.8269789
Norm of dx  0.0035933
----
Improvement on iteration 67 =        0.005104831
-----------------
f at the beginning of new iteration,       498.8269788953
Predicted improvement:        0.000482054
lambda =          1; f =          498.8262682
lambda =     1.9332; f =          498.8260643
Norm of dx  0.0029494
----
Improvement on iteration 68 =        0.000914588
-----------------
f at the beginning of new iteration,       498.8260643075
Predicted improvement:        0.000443260
lambda =          1; f =          498.8251843
lambda =     1.9332; f =          498.8243747
lambda =     3.7372; f =          498.8228414
lambda =     7.2247; f =          498.8199960
lambda =     13.967; f =          498.8149361
lambda =         27; f =          498.8067865
lambda =     52.196; f =          498.7970217
Norm of dx 0.00085616
----
Improvement on iteration 69 =        0.029042608
-----------------
f at the beginning of new iteration,       498.7970216996
Predicted improvement:        0.009965369
lambda =          1; f =          498.7844862
Norm of dx   0.036783
----
Improvement on iteration 70 =        0.012535475
-----------------
f at the beginning of new iteration,       498.7844862244
Predicted improvement:        0.001451856
lambda =          1; f =          498.7828131
Norm of dx   0.011375
----
Improvement on iteration 71 =        0.001673145
-----------------
f at the beginning of new iteration,       498.7828130789
Predicted improvement:        0.000257224
lambda =          1; f =          498.7823457
lambda =     1.9332; f =          498.7819944
lambda =     3.7372; f =          498.7815475
Norm of dx  0.0022984
----
Improvement on iteration 72 =        0.001265594
-----------------
f at the beginning of new iteration,       498.7815474845
Predicted improvement:        0.001181295
lambda =          1; f =          498.7794298
lambda =     1.9332; f =          498.7778942
lambda =     3.7372; f =          498.7761304
Norm of dx  0.0054933
----
Improvement on iteration 73 =        0.005417085
-----------------
f at the beginning of new iteration,       498.7761303994
Predicted improvement:        0.002681149
lambda =          1; f =          498.7721667
lambda =     1.9332; f =          498.7709971
Norm of dx  0.0051169
----
Improvement on iteration 74 =        0.005133296
-----------------
f at the beginning of new iteration,       498.7709971035
Predicted improvement:        0.000461392
lambda =          1; f =          498.7703190
lambda =     1.9332; f =          498.7701291
Norm of dx  0.0055952
----
Improvement on iteration 75 =        0.000868021
-----------------
f at the beginning of new iteration,       498.7701290825
Predicted improvement:        0.000296972
lambda =          1; f =          498.7695396
lambda =     1.9332; f =          498.7689974
lambda =     3.7372; f =          498.7679712
lambda =     7.2247; f =          498.7660694
lambda =     13.967; f =          498.7627004
lambda =         27; f =          498.7573491
lambda =     52.196; f =          498.7514386
Norm of dx  0.0010496
----
Improvement on iteration 76 =        0.018690458
-----------------
f at the beginning of new iteration,       498.7514386241
Predicted improvement:        0.008338819
lambda =          1; f =          498.7402960
Norm of dx   0.023664
----
Improvement on iteration 77 =        0.011142594
-----------------
f at the beginning of new iteration,       498.7402960302
Predicted improvement:        0.002041153
lambda =          1; f =          498.7381574
Norm of dx   0.013592
----
Improvement on iteration 78 =        0.002138626
-----------------
f at the beginning of new iteration,       498.7381574045
Predicted improvement:        0.000072438
lambda =          1; f =          498.7380462
lambda =     1.9332; f =          498.7380032
Norm of dx 0.00071683
----
Improvement on iteration 79 =        0.000154174
-----------------
f at the beginning of new iteration,       498.7380032306
Predicted improvement:        0.000103821
lambda =          1; f =          498.7378103
lambda =     1.9332; f =          498.7376568
lambda =     3.7372; f =          498.7374322
lambda =     7.2247; f =          498.7372676
Norm of dx  0.0022814
----
Improvement on iteration 80 =        0.000735627
-----------------
f at the beginning of new iteration,       498.7372676037
Predicted improvement:        0.000544633
lambda =          1; f =          498.7362650
lambda =     1.9332; f =          498.7354857
lambda =     3.7372; f =          498.7344062
lambda =     7.2247; f =          498.7339110
Norm of dx  0.0017461
----
Improvement on iteration 81 =        0.003356591
-----------------
f at the beginning of new iteration,       498.7339110130
Predicted improvement:        0.000437447
lambda =          1; f =          498.7333877
Norm of dx  0.0022574
----
Improvement on iteration 82 =        0.000523305
-----------------
f at the beginning of new iteration,       498.7333877081
Predicted improvement:        0.000070965
lambda =          1; f =          498.7332715
lambda =     1.9332; f =          498.7332094
Norm of dx 0.00051662
----
Improvement on iteration 83 =        0.000178286
-----------------
f at the beginning of new iteration,       498.7332094221
Predicted improvement:        0.000130545
lambda =          1; f =          498.7329748
lambda =     1.9332; f =          498.7328039
lambda =     3.7372; f =          498.7326048
Norm of dx 0.00073841
----
Improvement on iteration 84 =        0.000604642
-----------------
f at the beginning of new iteration,       498.7326047805
Predicted improvement:        0.000347741
lambda =          1; f =          498.7320658
lambda =     1.9332; f =          498.7318469
Norm of dx  0.0019131
----
Improvement on iteration 85 =        0.000757853
-----------------
f at the beginning of new iteration,       498.7318469276
Predicted improvement:        0.000081045
lambda =          1; f =          498.7317498
Norm of dx 0.00087354
----
Improvement on iteration 86 =        0.000097165
-----------------
f at the beginning of new iteration,       498.7317497625
Predicted improvement:        0.000012739
lambda =          1; f =          498.7317288
lambda =     1.9332; f =          498.7317173
Norm of dx 0.00024026
----
Improvement on iteration 87 =        0.000032443
-----------------
f at the beginning of new iteration,       498.7317173197
Predicted improvement:        0.000026068
lambda =          1; f =          498.7316699
lambda =     1.9332; f =          498.7316342
lambda =     3.7372; f =          498.7315882
Norm of dx 0.00027007
----
Improvement on iteration 88 =        0.000129077
-----------------
f at the beginning of new iteration,       498.7315882425
Predicted improvement:        0.000105028
lambda =          1; f =          498.7314153
lambda =     1.9332; f =          498.7313206
Norm of dx 0.00095066
----
Improvement on iteration 89 =        0.000267656
-----------------
f at the beginning of new iteration,       498.7313205865
Predicted improvement:        0.000094335
lambda =          1; f =          498.7312024
Norm of dx   0.001238
----
Improvement on iteration 90 =        0.000118179
-----------------
f at the beginning of new iteration,       498.7312024072
Predicted improvement:        0.000017785
lambda =          1; f =          498.7311779
Norm of dx 0.00043168
----
Improvement on iteration 91 =        0.000024530
-----------------
f at the beginning of new iteration,       498.7311778776
Predicted improvement:        0.000013733
lambda =          1; f =          498.7311547
lambda =     1.9332; f =          498.7311410
Norm of dx 0.00027984
----
Improvement on iteration 92 =        0.000036878
-----------------
f at the beginning of new iteration,       498.7311409998
Predicted improvement:        0.000034557
lambda =          1; f =          498.7310799
lambda =     1.9332; f =          498.7310372
lambda =     3.7372; f =          498.7309939
Norm of dx 0.00049162
----
Improvement on iteration 93 =        0.000147051
-----------------
f at the beginning of new iteration,       498.7309939489
Predicted improvement:        0.000092703
lambda =          1; f =          498.7308312
lambda =     1.9332; f =          498.7307199
lambda =     3.7372; f =          498.7306161
Norm of dx  0.0010277
----
Improvement on iteration 94 =        0.000377839
-----------------
f at the beginning of new iteration,       498.7306161099
Predicted improvement:        0.000032728
lambda =          1; f =          498.7305796
Norm of dx 0.00066377
----
Improvement on iteration 95 =        0.000036516
-----------------
f at the beginning of new iteration,       498.7305795936
Predicted improvement:        0.000001544
lambda =          1; f =          498.7305771
lambda =     1.9332; f =          498.7305757
Norm of dx  9.495e-05
----
Improvement on iteration 96 =        0.000003907
-----------------
f at the beginning of new iteration,       498.7305756869
Predicted improvement:        0.000003216
lambda =          1; f =          498.7305697
lambda =     1.9332; f =          498.7305649
lambda =     3.7372; f =          498.7305577
lambda =     7.2247; f =          498.7305517
Norm of dx 9.5915e-05
----
Improvement on iteration 97 =        0.000023958
-----------------
f at the beginning of new iteration,       498.7305517286
Predicted improvement:        0.000020558
lambda =          1; f =          498.7305110
lambda =     1.9332; f =          498.7304735
lambda =     3.7372; f =          498.7304028
lambda =     7.2247; f =          498.7302724
lambda =     13.967; f =          498.7300433
lambda =         27; f =          498.7296872
lambda =     52.196; f =          498.7293226
Norm of dx 0.00036638
----
Improvement on iteration 98 =        0.001229173
-----------------
f at the beginning of new iteration,       498.7293225561
Predicted improvement:        0.000123129
lambda =          1; f =          498.7291914
Norm of dx  0.0044531
----
Improvement on iteration 99 =        0.000131162
-----------------
f at the beginning of new iteration,       498.7291913942
Predicted improvement:        0.000002262
lambda =          1; f =          498.7291876
lambda =     1.9332; f =          498.7291855
Norm of dx 0.00019717
----
Improvement on iteration 100 =        0.000005921
-----------------
f at the beginning of new iteration,       498.7291854728
Predicted improvement:        0.000005271
lambda =          1; f =          498.7291758
lambda =     1.9332; f =          498.7291683
lambda =     3.7372; f =          498.7291582
Norm of dx 0.00025535
----
Improvement on iteration 101 =        0.000027283
-----------------
f at the beginning of new iteration,       498.7291581902
Predicted improvement:        0.000030049
lambda =          1; f =          498.7291040
lambda =     1.9332; f =          498.7290642
lambda =     3.7372; f =          498.7290167
Norm of dx  0.0010155
----
Improvement on iteration 102 =        0.000141470
-----------------
f at the beginning of new iteration,       498.7290167205
Predicted improvement:        0.000100964
lambda =          1; f =          498.7288477
lambda =     1.9332; f =          498.7287492
Norm of dx   0.002655
----
Improvement on iteration 103 =        0.000267515
-----------------
f at the beginning of new iteration,       498.7287492052
Predicted improvement:        0.000090636
lambda =          1; f =          498.7286474
Norm of dx  0.0023167
----
Improvement on iteration 104 =        0.000101821
-----------------
f at the beginning of new iteration,       498.7286473843
Predicted improvement:        0.000003112
lambda =          1; f =          498.7286441
Norm of dx 0.00037134
----
Improvement on iteration 105 =        0.000003286
-----------------
f at the beginning of new iteration,       498.7286440987
Predicted improvement:        0.000000026
lambda =          1; f =          498.7286441
Norm of dx 6.8324e-05
----
Improvement on iteration 106 =        0.000000025
improvement < crit termination

Final value of minus the log posterior (or likelihood):498.728644 

MODE CHECK

Fval obtained by the minimization routine (minus the posterior/likelihood)): 498.728644

RESULTS FROM POSTERIOR ESTIMATION
parameters
                                    prior mean     mode    s.d. prior pstdev

alpha_us1                               0.800   0.6651  0.0493 beta  0.1000 
alpha_us2                               0.300   0.2019  0.0200 gamm  0.2000 
alpha_us3                               0.500   0.5466  0.1335 beta  0.2000 
growth_us_ss                            2.500   2.7451  0.2183 norm  0.2500 
rr_us_bar_ss                            2.000   1.8750  0.1705 norm  0.2000 
rho_us                                  0.900   0.9242  0.0461 beta  0.0500 
tau_us                                  0.100   0.1106  0.0499 beta  0.0500 
beta_us1                                0.750   0.6853  0.0441 gamm  0.1000 
beta_us2                                0.150   0.0453  0.0483 beta  0.1000 
beta_us3                                0.200   0.0969  0.0207 gamm  0.0500 
lambda_us1                              0.500   0.5134  0.0446 beta  0.1000 
lambda_us2                              0.250   0.1977  0.0326 gamm  0.0500 
gamma_us1                               0.500   0.7439  0.0237 beta  0.0500 
gamma_us2                               0.500   0.2804  0.1001 gamm  0.3000 
gamma_us4                               0.200   0.2152  0.0549 gamm  0.0500 
kappa_us                               20.000  19.7891  0.4936 gamm  0.5000 
theta                                   1.000   1.4795  0.5723 gamm  0.5000 

standard deviation of shocks
                                    prior mean     mode    s.d. prior pstdev

RES_unr_obs_GAP                         0.200   0.0910  0.0290 invg     Inf 
RES_unr_obs_BAR                         0.100   0.0461  0.0188 invg     Inf 
RES_UNR_G_US                            0.100   0.1513  0.0290 invg     Inf 
RES_Y_US                                0.250   0.5997  0.0477 invg     Inf 
RES_gdpl_rgd_obs_BAR                    0.050   0.0230  0.0094 invg     Inf 
RES_G_US                                0.100   0.4733  0.1438 invg     Inf 
RES_PIE_US                              0.700   1.5636  0.0901 invg     Inf 
RES_ffr_obs                             0.700   0.9528  0.0558 invg     Inf 
RES_RR_US_BAR                           0.200   0.0928  0.0385 invg     Inf 
RES_blt_obs                             0.400   0.6746  0.2523 invg     Inf 
RES_blt_obs_BAR                         0.200   0.0921  0.0376 invg     Inf 

correlation of shocks
                                    prior mean     mode    s.d. prior pstdev

RES_Y_US,RES_G_US                       0.250   0.2497  0.1156 beta  0.1000 
RES_gdpl_rgd_obs_BAR,RES_PIE_US         0.050   0.0418  0.0185 beta  0.0200 


Log data density [Laplace approximation] is -560.394922.

Estimation::mcmc: One Chain mode.
Estimation::mcmc: Initialization at the posterior mode.

Estimation::mcmc: Write details about the MCMC... Ok!
Estimation::mcmc: Details about the MCMC are available in QPM08/metropolis\QPM08_mh_history_0.mat


Estimation::mcmc: Number of mh files: 2 per block.
Estimation::mcmc: Total number of generated files: 2.
Estimation::mcmc: Total number of iterations: 500000.
Estimation::mcmc: Current acceptance ratio per chain: 
                                                       Chain  1: 30.3808%
Estimation::mcmc: Total number of MH draws per chain: 500000.
Estimation::mcmc: Total number of generated MH files: 2.
Estimation::mcmc: I'll use mh-files 1 to 2.
Estimation::mcmc: In MH-file number 1 I'll start at line 200001.
Estimation::mcmc: Finally I keep 300000 draws per chain.



MCMC Inefficiency factors per block
Parameter                                Block 1
SE_RES_unr_obs_GAP                       158.736
SE_RES_unr_obs_BAR                       328.170
SE_RES_UNR_G_US                          375.488
SE_RES_Y_US                              466.161
SE_RES_gdpl_rgd_obs_BAR                  734.378
SE_RES_G_US                              523.698
SE_RES_PIE_US                            213.782
SE_RES_ffr_obs                           543.611
SE_RES_RR_US_BAR                         725.263
SE_RES_blt_obs                           432.850
SE_RES_blt_obs_BAR                       618.895
CC_RES_Y_US_RES_G_US                     164.493
CC_RES_gdpl_rgd_obs_BAR_RES_PIE_US       173.792
alpha_us1                                377.513
alpha_us2                                539.954
alpha_us3                                370.485
growth_us_ss                             159.525
rr_us_bar_ss                             181.368
rho_us                                   463.691
tau_us                                   287.454
beta_us1                                 343.601
beta_us2                                 434.060
beta_us3                                 441.727
lambda_us1                               367.584
lambda_us2                               332.805
gamma_us1                                514.468
gamma_us2                                217.217
gamma_us4                                157.149
kappa_us                                 170.440
theta                                    384.566


Geweke (1992) Convergence Tests, based on means of draws 200000 to 260000 vs 350000 to 500000.
p-values are for Chi2-test for equality of means.
Parameter                                  Post. Mean        Post. Std   p-val No Taper   p-val 4% Taper   p-val 8% Taper  p-val 15% Taper
SE_RES_unr_obs_GAP                              0.094            0.021            0.000            0.102            0.107            0.139
SE_RES_unr_obs_BAR                              0.068            0.028            0.000            0.335            0.356            0.387
SE_RES_UNR_G_US                                 0.098            0.038            0.000            0.002            0.013            0.046
SE_RES_Y_US                                     0.421            0.109            0.000            0.004            0.027            0.084
SE_RES_gdpl_rgd_obs_BAR                         0.313            0.234            0.000            0.000            0.004            0.029
SE_RES_G_US                                     0.351            0.291            0.000            0.000            0.005            0.031
SE_RES_PIE_US                                   1.598            0.095            0.000            0.445            0.452            0.453
SE_RES_ffr_obs                                  0.522            0.196            0.000            0.435            0.466            0.512
SE_RES_RR_US_BAR                                2.404            0.826            0.000            0.004            0.021            0.041
SE_RES_blt_obs                                  0.530            0.243            0.000            0.070            0.113            0.168
SE_RES_blt_obs_BAR                              0.159            0.103            0.000            0.879            0.896            0.904
CC_RES_Y_US_RES_G_US                            0.268            0.105            0.000            0.101            0.134            0.170
CC_RES_gdpl_rgd_obs_BAR_RES_PIE_US              0.046            0.019            0.000            0.288            0.332            0.363
alpha_us1                                       0.612            0.080            0.000            0.002            0.019            0.065
alpha_us2                                       0.266            0.054            0.000            0.001            0.010            0.044
alpha_us3                                       0.453            0.169            0.000            0.077            0.104            0.121
growth_us_ss                                    2.813            0.213            0.000            0.002            0.015            0.049
rr_us_bar_ss                                    1.902            0.176            0.000            0.636            0.621            0.577
rho_us                                          0.717            0.107            0.000            0.064            0.120            0.168
tau_us                                          0.117            0.056            0.000            0.064            0.142            0.234
beta_us1                                        0.646            0.058            0.000            0.869            0.873            0.875
beta_us2                                        0.167            0.092            0.000            0.356            0.426            0.500
beta_us3                                        0.115            0.029            0.000            0.013            0.034            0.056
lambda_us1                                      0.421            0.067            0.000            0.437            0.407            0.332
lambda_us2                                      0.228            0.043            0.000            0.001            0.000            0.000
gamma_us1                                       0.702            0.037            0.000            0.003            0.014            0.026
gamma_us2                                       0.260            0.093            0.000            0.013            0.026            0.037
gamma_us4                                       0.207            0.052            0.000            0.194            0.199            0.194
kappa_us                                       19.863            0.497            0.000            0.008            0.014            0.023
theta                                           1.451            0.534            0.000            0.488            0.535            0.569


Estimation::marginal density: I'm computing the posterior mean and covariance...  Done!
Estimation::marginal density: I'm computing the posterior log marginal density (modified harmonic mean)... Done!


ESTIMATION RESULTS

Log data density is -543.457211.

parameters
                                        prior mean   post. mean        90% HPD interval    prior       pstdev

alpha_us1                                    0.800       0.5679      0.4621      0.6747   beta        0.1000
alpha_us2                                    0.300       0.3000      0.2352      0.3728   gamm        0.2000
alpha_us3                                    0.500       0.4060      0.1334      0.6793   beta        0.2000
growth_us_ss                                 2.500       2.8722      2.5826      3.1699   norm        0.2500
rr_us_bar_ss                                 2.000       1.9101      1.6174      2.1941   norm        0.2000
rho_us                                       0.900       0.6811      0.5324      0.8294   beta        0.0500
tau_us                                       0.100       0.1008      0.0225      0.1775   beta        0.0500
beta_us1                                     0.750       0.6441      0.5480      0.7480   gamm        0.1000
beta_us2                                     0.150       0.1979      0.0520      0.3400   beta        0.1000
beta_us3                                     0.200       0.1198      0.0723      0.1622   gamm        0.0500
lambda_us1                                   0.500       0.4244      0.3228      0.5278   beta        0.1000
lambda_us2                                   0.250       0.2269      0.1565      0.2927   gamm        0.0500
gamma_us1                                    0.500       0.6937      0.6365      0.7537   beta        0.0500
gamma_us2                                    0.500       0.2712      0.1268      0.4116   gamm        0.3000
gamma_us4                                    0.200       0.2013      0.1204      0.2815   gamm        0.0500
kappa_us                                    20.000      19.8845     19.1023     20.7315   gamm        0.5000
theta                                        1.000       1.3810      0.5603      2.1621   gamm        0.5000

standard deviation of shocks
                                        prior mean   post. mean        90% HPD interval    prior       pstdev

RES_unr_obs_GAP                              0.200       0.0916      0.0593      0.1206   invg           Inf
RES_unr_obs_BAR                              0.100       0.0667      0.0268      0.1081   invg           Inf
RES_UNR_G_US                                 0.100       0.0792      0.0340      0.1257   invg           Inf
RES_Y_US                                     0.250       0.3547      0.2247      0.4891   invg           Inf
RES_gdpl_rgd_obs_BAR                         0.050       0.4868      0.3993      0.6327   invg           Inf
RES_G_US                                     0.100       0.1601      0.0222      0.3887   invg           Inf
RES_PIE_US                                   0.700       1.5935      1.4433      1.7462   invg           Inf
RES_ffr_obs                                  0.700       0.4867      0.2730      0.6947   invg           Inf
RES_RR_US_BAR                                0.200       2.6088      1.9686      3.1957   invg           Inf
RES_blt_obs                                  0.400       0.4809      0.1664      0.8051   invg           Inf
RES_blt_obs_BAR                              0.200       0.1639      0.0469      0.3020   invg           Inf

correlation of shocks
                                        prior mean   post. mean        90% HPD interval    prior       pstdev

RES_Y_US,RES_G_US                            0.250       0.2556      0.0910      0.4209   beta        0.1000
RES_gdpl_rgd_obs_BAR,RES_PIE_US              0.050       0.0439      0.0162      0.0707   beta        0.0200
Estimation::mcmc: Posterior (dsge) IRFs...
Estimation::mcmc: Posterior IRFs, done!
Estimation::mcmc: Smoothed variables
Estimation::mcmc: Smoothed variables, done!
Estimation::mcmc: Smoothed shocks
Estimation::mcmc: Smoothed shocks, done!
Estimation::mcmc: Trend_coefficients
Estimation::mcmc: Trend_coefficients, done!
Estimation::mcmc: Smoothed constant
Estimation::mcmc: Smoothed constant, done!
Estimation::mcmc: Smoothed trend
Estimation::mcmc: Smoothed trend, done!
Estimation::mcmc: Updated Variables
Estimation::mcmc: Updated Variables, done!
Estimation::mcmc: Forecasted variables (mean)
Estimation::mcmc: Forecasted variables (mean), done!
Estimation::mcmc: Forecasted variables (point)
Estimation::mcmc: Forecasted variables (point), done!
Total computing time : 2h16m55s
Note: 1 warning(s) encountered in the preprocessor
