Starting Dynare (version 4.5.7).
Starting preprocessing of the model file ...
WARNING: in the 'steady_state_model' block, variable 'ewma' is not assigned a value
WARNING: in the 'steady_state_model' block, variable 'epinfma' is not assigned a value
WARNING: in the 'steady_state_model' block, variable 'zcapf' is not assigned a value
WARNING: in the 'steady_state_model' block, variable 'rkf' is not assigned a value
WARNING: in the 'steady_state_model' block, variable 'kf' is not assigned a value
WARNING: in the 'steady_state_model' block, variable 'pkf' is not assigned a value
WARNING: in the 'steady_state_model' block, variable 'cf' is not assigned a value
WARNING: in the 'steady_state_model' block, variable 'invef' is not assigned a value
WARNING: in the 'steady_state_model' block, variable 'yf' is not assigned a value
WARNING: in the 'steady_state_model' block, variable 'labf' is not assigned a value
WARNING: in the 'steady_state_model' block, variable 'wf' is not assigned a value
WARNING: in the 'steady_state_model' block, variable 'rrf' is not assigned a value
WARNING: in the 'steady_state_model' block, variable 'mc' is not assigned a value
WARNING: in the 'steady_state_model' block, variable 'zcap' is not assigned a value
WARNING: in the 'steady_state_model' block, variable 'rk' is not assigned a value
WARNING: in the 'steady_state_model' block, variable 'k' is not assigned a value
WARNING: in the 'steady_state_model' block, variable 'pk' is not assigned a value
WARNING: in the 'steady_state_model' block, variable 'c' is not assigned a value
WARNING: in the 'steady_state_model' block, variable 'inve' is not assigned a value
WARNING: in the 'steady_state_model' block, variable 'y' is not assigned a value
WARNING: in the 'steady_state_model' block, variable 'lab' is not assigned a value
WARNING: in the 'steady_state_model' block, variable 'pinf' is not assigned a value
WARNING: in the 'steady_state_model' block, variable 'w' is not assigned a value
WARNING: in the 'steady_state_model' block, variable 'r' is not assigned a value
WARNING: in the 'steady_state_model' block, variable 'a' is not assigned a value
WARNING: in the 'steady_state_model' block, variable 'b' is not assigned a value
WARNING: in the 'steady_state_model' block, variable 'g' is not assigned a value
WARNING: in the 'steady_state_model' block, variable 'qs' is not assigned a value
WARNING: in the 'steady_state_model' block, variable 'ms' is not assigned a value
WARNING: in the 'steady_state_model' block, variable 'spinf' is not assigned a value
WARNING: in the 'steady_state_model' block, variable 'sw' is not assigned a value
WARNING: in the 'steady_state_model' block, variable 'kpf' is not assigned a value
WARNING: in the 'steady_state_model' block, variable 'kp' is not assigned a value
Found 40 equation(s).
Evaluating expressions...done
Computing static model derivatives:
 - order 1
Computing dynamic model derivatives:
 - order 1
 - order 2
Processing outputs ...
done
Preprocessing completed.
te_model' block, variable 'k' is not assigned a value
WARNING: in the 'steady_state_model' block, variable 'pk' is not assigned a value
WARNING: in the 'steady_state_model' block, variable 'c' is not assigned a value
WARNING: in the 'steady_state_model' block, variable 'inve' is not assigned a value
WARNING: in the 'steady_state_model' block, variable 'y' is not assigned a value
WARNING: in the 'steady_state_model' block, variable 'lab' is not assigned a value
WARNING: in the 'steady_state_model' block, variable 'pinf' is not assigned a value
WARNING: in the 'steady_state_model' block, variable 'w' is not assigned a value
WARNING: in the 'steady_state_model' block, variable 'r' is not assigned a value
WARNING: in the 'steady_state_model' block, variable 'a' is not assigned a value
WARNING: in the 'steady_state_model' block, variable 'b' is not assigned a value
WARNING: in the 'steady_state_model' block, variable 'g' is not assigned a value
WARNING: in the 'steady_state_model' block, variable 'qs' is not assigned a value
WARNING: in the 'steady_state_model' block, variable 'ms' is not assigned a value
WARNING: in the 'steady_state_model' block, variable 'spinf' is not assigned a value
WARNING: in the 'steady_state_model' block, variable 'sw' is not assigned a value
WARNING: in the 'steady_state_model' block, variable 'kpf' is not assigned a value
WARNING: in the 'steady_state_model' block, variable 'kp' is not assigned a value
Found 40 equation(s).
Evaluating expressions...done
Computing static model derivatives:
 - order 1
Computing dynamic model derivatives:
 - order 1
 - order 2
Processing outputs ...
done
Preprocessing completed.

[Warning: Some of the parameters have no value (ccs, cinvs, crdpi) when using initial_estimation_checks. If these parameters are not initialized in a steadystate file or a
steady_state_model-block, Dynare may not be able to solve the model...] 
Initial value of the log posterior (or likelihood): -2955.9545

==========================================================
   Change in the posterior covariance matrix = 4.
   Change in the posterior mean = 1.1419.
   Mode improvement = 1892.0416
   New value of jscale = 0.0031141
==========================================================

==========================================================
   Change in the posterior covariance matrix = 0.087335.
   Change in the posterior mean = 2.7245.
   Mode improvement = 58.6177
   New value of jscale = 0.23067
==========================================================

==========================================================
   Change in the posterior covariance matrix = 1.3016.
   Change in the posterior mean = 3.7.
   Mode improvement = 18.5867
   New value of jscale = 0.082727
==========================================================

Optimal value of the scale parameter = 0.082727


Final value of minus the log posterior (or likelihood):986.708452 

MODE CHECK

Fval obtained by the minimization routine (minus the posterior/likelihood)): 986.708452

RESULTS FROM POSTERIOR ESTIMATION
parameters
        prior mean     mode    s.d. prior pstdev

crhoa       0.500   0.9935  0.0030 beta  0.2000 
crhob       0.500   0.7745  0.0556 beta  0.2000 
crhog       0.500   0.8607  0.0400 beta  0.2000 
crhoqs      0.500   0.7102  0.0634 beta  0.2000 
crhoms      0.500   0.1468  0.0619 beta  0.2000 
crhopinf    0.500   0.9984  0.0388 beta  0.2000 
crhow       0.500   0.9825  0.0060 beta  0.2000 
cmap        0.500   0.8531  0.0335 beta  0.2000 
cmaw        0.500   0.8998  0.0465 beta  0.2000 
csadjcost   4.000   5.8813  0.7766 norm  1.5000 
csigma      1.500   0.8101  0.1201 norm  0.3750 
chabb       0.700   0.7564  0.0299 beta  0.1000 
cprobw      0.500   0.7662  0.0414 beta  0.1000 
csigl       2.000   2.1579  0.4201 norm  0.7500 
cprobp      0.500   0.7235  0.1007 beta  0.1000 
cindw       0.500   0.4654  0.0764 beta  0.1500 
cindp       0.500   0.2288  0.0560 beta  0.1500 
czcap       0.500   0.3140  0.1025 beta  0.1500 
cfc         1.250   1.5155  0.0420 norm  0.1250 
crpi        1.500   1.9300  0.1943 norm  0.2500 
crr         0.750   0.8259  0.0217 beta  0.1000 
cry         0.125   0.0524  0.0216 norm  0.0500 
crdy        0.125   0.2137  0.0217 norm  0.0500 
constepinf   0.625   0.6957  0.0350 gamm  0.1000 
constebeta   0.250   0.1766  0.0664 gamm  0.1000 
constelab   0.000   1.3112  1.1879 norm  2.0000 
ctrend      0.400   0.6126  0.0436 norm  0.1000 
cgy         0.500   0.4507  0.0673 norm  0.2500 
calfa       0.300   0.1277  0.0128 norm  0.0500 

standard deviation of shocks
        prior mean     mode    s.d. prior pstdev

ea          0.100   0.5089  0.0307 invg  2.0000 
eb          0.100   0.1238  0.0207 invg  2.0000 
eg          0.100   0.4919  0.0275 invg  2.0000 
eqs         0.100   0.3422  0.0500 invg  2.0000 
em          0.100   0.2293  0.0147 invg  2.0000 
epinf       0.100   0.1209  0.0139 invg  2.0000 
ew          0.100   0.2310  0.0238 invg  2.0000 


Log data density [Laplace approximation] is -1087.029472.

Estimation::mcmc: One Chain mode.
Estimation::mcmc: Initialization at the posterior mode.

Estimation::mcmc: Write details about the MCMC... Ok!
Estimation::mcmc: Details about the MCMC are available in SW07/metropolis\SW07_mh_history_0.mat


Estimation::mcmc: Number of mh files: 2 per block.
Estimation::mcmc: Total number of generated files: 2.
Estimation::mcmc: Total number of iterations: 500000.
Estimation::mcmc: Current acceptance ratio per chain: 
                                                       Chain  1: 39.2036%
Estimation::mcmc: Total number of MH draws per chain: 500000.
Estimation::mcmc: Total number of generated MH files: 2.
Estimation::mcmc: I'll use mh-files 1 to 2.
Estimation::mcmc: In MH-file number 1 I'll start at line 200001.
Estimation::mcmc: Finally I keep 300000 draws per chain.



MCMC Inefficiency factors per block
Parameter        Block 1
SE_ea            598.020
SE_eb            596.150
SE_eg            575.008
SE_eqs           649.832
SE_em            619.574
SE_epinf         633.570
SE_ew            618.234
crhoa            599.071
crhob            618.813
crhog            669.210
crhoqs           659.284
crhoms           636.432
crhopinf          96.125
crhow            612.743
cmap             704.943
cmaw             621.884
csadjcost        627.380
csigma           660.274
chabb            694.939
cprobw           672.129
csigl            677.273
cprobp           680.003
cindw            708.227
cindp            649.235
czcap            639.851
cfc              702.184
crpi             696.705
crr              636.890
cry              595.957
crdy             706.586
constepinf       729.310
constebeta       596.484
constelab        643.258
ctrend           630.889
cgy              622.130
calfa            604.069


Geweke (1992) Convergence Tests, based on means of draws 200000 to 260000 vs 350000 to 500000.
p-values are for Chi2-test for equality of means.
Parameter          Post. Mean        Post. Std   p-val No Taper   p-val 4% Taper   p-val 8% Taper  p-val 15% Taper
SE_ea                   0.512            0.032            0.000            0.033            0.053            0.047
SE_eb                   0.139            0.021            0.000            0.066            0.099            0.129
SE_eg                   0.499            0.028            0.000            0.614            0.627            0.611
SE_eqs                  0.384            0.056            0.000            0.000            0.003            0.007
SE_em                   0.239            0.016            0.000            0.000            0.002            0.002
SE_epinf                0.112            0.016            0.000            0.000            0.002            0.010
SE_ew                   0.230            0.022            0.000            0.024            0.027            0.034
crhoa                   0.991            0.003            0.000            0.113            0.108            0.085
crhob                   0.734            0.062            0.000            0.002            0.007            0.010
crhog                   0.890            0.039            0.000            0.905            0.924            0.932
crhoqs                  0.683            0.074            0.000            0.000            0.001            0.005
crhoms                  0.174            0.072            0.000            0.020            0.054            0.077
crhopinf                0.997            0.002            0.000            0.001            0.004            0.011
crhow                   0.981            0.007            0.000            0.078            0.130            0.165
cmap                    0.793            0.059            0.000            0.848            0.884            0.905
cmaw                    0.877            0.044            0.000            0.001            0.002            0.003
csadjcost               5.257            0.868            0.000            0.407            0.503            0.583
csigma                  0.954            0.130            0.000            0.744            0.796            0.828
chabb                   0.712            0.045            0.000            0.017            0.069            0.135
cprobw                  0.754            0.041            0.000            0.001            0.007            0.014
csigl                   2.215            0.480            0.000            0.156            0.204            0.185
cprobp                  0.705            0.047            0.000            0.000            0.008            0.032
cindw                   0.483            0.125            0.000            0.263            0.372            0.416
cindp                   0.178            0.069            0.000            0.000            0.000            0.001
czcap                   0.302            0.077            0.000            0.002            0.014            0.047
cfc                     1.542            0.065            0.000            0.325            0.428            0.516
crpi                    1.999            0.168            0.000            0.000            0.000            0.000
crr                     0.821            0.025            0.000            0.000            0.000            0.001
cry                     0.056            0.021            0.000            0.000            0.001            0.003
crdy                    0.229            0.027            0.000            0.412            0.534            0.611
constepinf              0.618            0.083            0.000            0.001            0.014            0.040
constebeta              0.141            0.048            0.000            0.768            0.806            0.834
constelab               1.940            1.428            0.000            0.082            0.130            0.168
ctrend                  0.625            0.047            0.000            0.002            0.009            0.020
cgy                     0.451            0.080            0.000            0.042            0.084            0.134
calfa                   0.132            0.013            0.000            0.127            0.194            0.222


Estimation::marginal density: I'm computing the posterior mean and covariance...  Done!
Estimation::marginal density: I'm computing the posterior log marginal density (modified harmonic mean)... Done!


ESTIMATION RESULTS

Log data density is -1080.405079.

parameters
            prior mean   post. mean        90% HPD interval    prior       pstdev

crhoa            0.500       0.9916      0.9877      0.9962   beta        0.2000
crhob            0.500       0.7345      0.6379      0.8304   beta        0.2000
crhog            0.500       0.8934      0.8387      0.9528   beta        0.2000
crhoqs           0.500       0.6866      0.5580      0.8101   beta        0.2000
crhoms           0.500       0.1839      0.0619      0.2998   beta        0.2000
crhopinf         0.500       0.9974      0.9951      0.9998   beta        0.2000
crhow            0.500       0.9817      0.9725      0.9911   beta        0.2000
cmap             0.500       0.7837      0.6853      0.8954   beta        0.2000
cmaw             0.500       0.8782      0.8110      0.9433   beta        0.2000
csadjcost        4.000       5.1103      3.6768      6.3680   norm        1.5000
csigma           1.500       0.9581      0.7433      1.1817   norm        0.3750
chabb            0.700       0.7039      0.6293      0.7720   beta        0.1000
cprobw           0.500       0.7505      0.6794      0.8179   beta        0.1000
csigl            2.000       2.1672      1.3047      2.8623   norm        0.7500
cprobp           0.500       0.6992      0.6198      0.7835   beta        0.1000
cindw            0.500       0.5448      0.3860      0.7526   beta        0.1500
cindp            0.500       0.1884      0.0691      0.2922   beta        0.1500
czcap            0.500       0.2992      0.1709      0.4064   beta        0.1500
cfc              1.250       1.5383      1.4367      1.6552   norm        0.1250
crpi             1.500       1.9933      1.7260      2.2464   norm        0.2500
crr              0.750       0.8181      0.7785      0.8586   beta        0.1000
cry              0.125       0.0560      0.0259      0.0882   norm        0.0500
crdy             0.125       0.2356      0.1896      0.2824   norm        0.0500
constepinf        0.625       0.6013      0.4623      0.7552   gamm        0.1000
constebeta        0.250       0.1385      0.0627      0.2153   gamm        0.1000
constelab        0.000       2.0847     -0.0407      4.5680   norm        2.0000
ctrend           0.400       0.6254      0.5552      0.7024   norm        0.1000
cgy              0.500       0.4515      0.3242      0.5766   norm        0.2500
calfa            0.300       0.1309      0.1078      0.1533   norm        0.0500

standard deviation of shocks
            prior mean   post. mean        90% HPD interval    prior       pstdev

ea               0.100       0.5151      0.4608      0.5674   invg        2.0000
eb               0.100       0.1403      0.1073      0.1717   invg        2.0000
eg               0.100       0.4985      0.4531      0.5415   invg        2.0000
eqs              0.100       0.3831      0.2959      0.4790   invg        2.0000
em               0.100       0.2404      0.2134      0.2655   invg        2.0000
epinf            0.100       0.1101      0.0837      0.1373   invg        2.0000
ew               0.100       0.2345      0.2006      0.2702   invg        2.0000
Estimation::mcmc: Posterior (dsge) IRFs...
Estimation::mcmc: Posterior IRFs, done!
Estimation::mcmc: Smoothed variables
Estimation::mcmc: Smoothed variables, done!
Estimation::mcmc: Smoothed shocks
Estimation::mcmc: Smoothed shocks, done!
Estimation::mcmc: Trend_coefficients
Estimation::mcmc: Trend_coefficients, done!
Estimation::mcmc: Smoothed constant
Estimation::mcmc: Smoothed constant, done!
Estimation::mcmc: Smoothed trend
Estimation::mcmc: Smoothed trend, done!
Estimation::mcmc: Updated Variables
Estimation::mcmc: Updated Variables, done!
Estimation::mcmc: Forecasted variables (mean)
Estimation::mcmc: Forecasted variables (mean), done!
Estimation::mcmc: Forecasted variables (point)
Estimation::mcmc: Forecasted variables (point), done!
Total computing time : 2h25m06s
Note: 33 warning(s) encountered in the preprocessor
Note: warning(s) encountered in MATLAB/Octave code
