Starting preprocessing of the model file ...
Found 50 equation(s).
Evaluating expressions...done
Computing static model derivatives (order 1).
Computing dynamic model derivatives (order 1).
Processing outputs ...
done
Preprocessing completed.
[Warning: Some of the parameters have no value (RHO_AM) when using steady. If these parameters are not initialized in
a steadystate file or a steady_state_model-block, Dynare may not be able to solve the model...] 

STEADY-STATE RESULTS:

a_c          		 0
a_h          		 0
a_j          		 0
a_k          		 0
a_s          		 0
a_t          		 0
a_z          		 0
b            		 0.531941
c            		 0.407149
c1           		 -1.2293
rc_obs       		 0.00468077
pi_dm_obs    		 0
rri_obs      		 0.00149615
rbi_obs      		 0.00743077
hwc_pd_obs   		 0
hwr_pd_obs   		 0
hp_r_obs     		 0.00318462
i_nom_obs    		 0
c_winf_obs   		 0
h_winf_obs   		 0
dp           		 0
h            		 2.66069
h1           		 0.824475
I            		 -1.65853
kc           		 3.09164
kh           		 -0.800203
lm           		 -2.55742
nc           		 -0.269438
nc1          		 -0.0723113
nh           		 -1.75529
nh1          		 -1.34491
q            		 -0.125672
r            		 0.00752827
rkc          		 -3.34299
rkh          		 -3.2819
uc           		 -0.407149
uc1          		 1.2293
wc           		 0.39831
wc1          		 -1.14454
wh           		 -0.616975
wh1          		 -2.37308
X            		 0.139762
xwc          		 0.139762
xwc1         		 0.139762
xwh          		 0.139762
xwh1         		 0.139762
Y            		 0.930807
gdpl_rgd_obs 		 0
zkc          		 0
zkh          		 0
[Warning: Some of the parameters have no value (RHO_AM) when using initial_estimation_checks. If these parameters are
not initialized in a steadystate file or a steady_state_model-block, Dynare may not be able to solve the model...] 
Initial value of the log posterior (or likelihood): 2091.8762

==========================================================
   Change in the posterior covariance matrix = 6.225.
   Change in the posterior mean = 1.1134.
   Mode improvement = 608.1207
   New value of jscale = 0.0050134
==========================================================

==========================================================
   Change in the posterior covariance matrix = 1.6459.
   Change in the posterior mean = 2.4897.
   Mode improvement = 51.1896
   New value of jscale = 0.28688
==========================================================

==========================================================
   Change in the posterior covariance matrix = 0.90119.
   Change in the posterior mean = 4.1137.
   Mode improvement = 28.7923
   New value of jscale = 0.23154
==========================================================

Optimal value of the scale parameter = 0.23154


Final value of minus the log posterior (or likelihood):-2779.978789 

MODE CHECK

Fval obtained by the minimization routine (minus the posterior/likelihood)): -2779.978789

RESULTS FROM POSTERIOR ESTIMATION
parameters
         prior mean     mode    s.d. prior pstdev

ALPHA        0.650   0.7781  0.0400 beta 0.0500 
EC           0.500   0.1491  0.0283 beta 0.0750 
EC1          0.500   0.4896  0.0562 beta 0.0750 
ETA          0.500   0.4999  0.0423 gamm 0.1000 
ETA1         0.500   0.4784  0.0544 gamm 0.1000 
FIKC        10.000  18.8738  1.2180 gamm 2.5000 
FIKH        10.000   9.0145  1.0471 gamm 2.5000 
LAGP         0.500   0.8695  0.0447 beta 0.2000 
LAGWC        0.500   0.5813  0.1308 beta 0.2000 
LAGWH        0.500   0.0801  0.1035 beta 0.2000 
NU          -1.000  -0.7926  0.0695 norm 0.1000 
NU1         -1.000  -0.9765  0.0557 norm 0.1000 
RHO_AC       0.800   0.8738  0.0276 beta 0.1000 
RHO_AH       0.800   0.9973  0.0020 beta 0.0900 
RHO_AJ       0.800   0.9451  0.0099 beta 0.1000 
RHO_AK       0.800   0.9918  0.0042 beta 0.1000 
RHO_AT       0.800   0.9572  0.0106 beta 0.1000 
RHO_AZ       0.800   0.9562  0.0105 beta 0.1000 
TAYLOR_P     1.500   1.6369  0.0527 norm 0.1000 
TAYLOR_R     0.750   0.8297  0.0205 beta 0.1000 
TAYLOR_Y     0.000   0.0950  0.0371 norm 0.1000 
TETA         0.667   0.8200  0.0209 beta 0.0500 
TETAWC       0.667   0.7746  0.0182 beta 0.0500 
TETAWH       0.667   0.9662  0.0087 beta 0.0500 
TREND_AC     0.005   0.0012  0.0003 norm 0.0100 
TREND_AH     0.005   0.0021  0.0017 norm 0.0100 
TREND_AK     0.005   0.0066  0.0005 norm 0.0100 
ZETAKC       0.500   0.9603  0.0310 beta 0.2000 

standard deviation of shocks
         prior mean     mode    s.d. prior pstdev

eps_c        0.001   0.0087  0.0007 invg 0.0100 
eps_e        0.001   0.0012  0.0002 invg 0.0100 
eps_h        0.001   0.0204  0.0013 invg 0.0100 
eps_j        0.001   0.0761  0.0100 invg 0.0100 
eps_k        0.001   0.0152  0.0014 invg 0.0100 
eps_p        0.001   0.0051  0.0006 invg 0.0100 
eps_s        0.100   0.0156  0.0020 invg 1.0000 
eps_t        0.001   0.0597  0.0047 invg 0.0100 
eps_z        0.001   0.0175  0.0121 invg 0.0100 

standard deviation of measurement errors
         prior mean     mode    s.d. prior pstdev

hwr_pd_obs   0.001   0.2137  0.0074 invg 0.0100 
h_winf_obs   0.001   0.0043  0.0006 invg 0.0100 


Log data density [Laplace approximation] is 2621.801587.

mh_jscale has been set equal to 0.29403

Estimation::mcmc: One Chain mode.
Estimation::mcmc: Initialization at the posterior mode.

Estimation::mcmc: Write details about the MCMC... Ok!
Estimation::mcmc: Details about the MCMC are available in IN10/metropolis\IN10_mh_history_0.mat


Estimation::mcmc: Number of mh files: 4 per block.
Estimation::mcmc: Total number of generated files: 4.
Estimation::mcmc: Total number of iterations: 1000000.
Estimation::mcmc: Current acceptance ratio per chain: 
                                                       Chain  1: 25.1256%
Estimation::mcmc: Total number of MH draws per chain: 1000000.
Estimation::mcmc: Total number of generated MH files: 4.
Estimation::mcmc: I'll use mh-files 1 to 4.
Estimation::mcmc: In MH-file number 1 I'll start at line 300001.
Estimation::mcmc: Finally I keep 700000 draws per chain.



MCMC Inefficiency factors per block
Parameter                Block 1
SE_eps_c                 248.139
SE_eps_e                 179.109
SE_eps_h                 316.635
SE_eps_j                 673.687
SE_eps_k                 335.147
SE_eps_p                 284.540
SE_eps_s                 218.173
SE_eps_t                 654.252
SE_eps_z                 454.755
SE_EOBS_hwr_pd_obs       698.758
SE_EOBS_h_winf_obs       167.115
ALPHA                    360.881
EC                       339.405
EC1                      510.725
ETA                      585.709
ETA1                     605.076
FIKC                     514.553
FIKH                     626.307
LAGP                     530.392
LAGWC                    427.975
LAGWH                    202.167
NU                       533.266
NU1                      529.061
RHO_AC                   348.741
RHO_AH                   482.566
RHO_AJ                   588.393
RHO_AK                   353.265
RHO_AT                   617.582
RHO_AZ                   675.174
TAYLOR_P                 391.451
TAYLOR_R                 268.464
TAYLOR_Y                 355.111
TETA                     384.728
TETAWC                   634.102
TETAWH                   277.613
TREND_AC                 204.278
TREND_AH                 216.685
TREND_AK                 235.746
ZETAKC                   262.687


Geweke (1992) Convergence Tests, based on means of draws 300000 to 440000 vs 650000 to 1000000.
p-values are for Chi2-test for equality of means.
Parameter                  Post. Mean        Post. Std   p-val No Taper   p-val 4% Taper   p-val 8% Taper  p-val 15% Taper
SE_eps_c                        0.009            0.001            0.000            0.008            0.008            0.008
SE_eps_e                        0.001            0.000            0.000            0.558            0.589            0.576
SE_eps_h                        0.021            0.002            0.000            0.081            0.080            0.073
SE_eps_j                        0.088            0.020            0.000            0.061            0.138            0.237
SE_eps_k                        0.015            0.002            0.000            0.011            0.025            0.028
SE_eps_p                        0.005            0.001            0.000            0.839            0.869            0.884
SE_eps_s                        0.016            0.002            0.000            0.001            0.001            0.000
SE_eps_t                        0.069            0.013            0.000            0.281            0.397            0.476
SE_eps_z                        0.020            0.006            0.000            0.381            0.409            0.399
SE_EOBS_hwr_pd_obs              0.221            0.020            0.000            0.109            0.197            0.246
SE_EOBS_h_winf_obs              0.004            0.000            0.961            0.998            0.998            0.998
ALPHA                           0.764            0.038            0.000            0.107            0.139            0.138
EC                              0.166            0.033            0.007            0.932            0.940            0.945
EC1                             0.499            0.079            0.000            0.117            0.193            0.230
ETA                             0.495            0.096            0.000            0.011            0.009            0.005
ETA1                            0.511            0.108            0.000            0.152            0.229            0.260
FIKC                           18.763            2.157            0.000            0.003            0.012            0.026
FIKH                            9.858            2.421            0.000            0.029            0.064            0.095
LAGP                            0.824            0.090            0.000            0.680            0.720            0.742
LAGWC                           0.598            0.138            0.000            0.002            0.003            0.005
LAGWH                           0.119            0.064            0.000            0.643            0.671            0.657
NU                             -0.815            0.111            0.000            0.068            0.114            0.147
NU1                            -0.986            0.107            0.000            0.021            0.042            0.050
RHO_AC                          0.867            0.032            0.000            0.746            0.741            0.706
RHO_AH                          0.995            0.003            0.000            0.892            0.896            0.902
RHO_AJ                          0.938            0.015            0.000            0.029            0.082            0.164
RHO_AK                          0.989            0.006            0.000            0.296            0.257            0.210
RHO_AT                          0.943            0.021            0.000            0.917            0.933            0.942
RHO_AZ                          0.950            0.021            0.000            0.151            0.175            0.162
TAYLOR_P                        1.659            0.077            0.000            0.738            0.744            0.742
TAYLOR_R                        0.831            0.020            0.000            0.723            0.739            0.749
TAYLOR_Y                        0.111            0.053            0.000            0.413            0.465            0.488
TETA                            0.823            0.023            0.000            0.759            0.803            0.828
TETAWC                          0.794            0.036            0.000            0.784            0.834            0.861
TETAWH                          0.964            0.007            0.000            0.028            0.051            0.084
TREND_AC                        0.001            0.000            0.000            0.077            0.139            0.189
TREND_AH                        0.002            0.001            0.000            0.146            0.202            0.250
TREND_AK                        0.006            0.000            0.000            0.802            0.808            0.819
ZETAKC                          0.944            0.032            0.000            0.848            0.844            0.841


Estimation::marginal density: I'm computing the posterior mean and covariance...  Done!
Estimation::marginal density: I'm computing the posterior log marginal density (modified harmonic mean)... Done!


ESTIMATION RESULTS

Log data density is 2640.582577.

parameters
             prior mean   post. mean        90% HPD interval    prior       pstdev

ALPHA             0.650       0.7644      0.7000      0.8261    beta       0.0500
EC                0.500       0.1659      0.1117      0.2194    beta       0.0750
EC1               0.500       0.4994      0.3761      0.6307    beta       0.0750
ETA               0.500       0.4904      0.3364      0.6440    gamm       0.1000
ETA1              0.500       0.5051      0.3275      0.6724    gamm       0.1000
FIKC             10.000      18.7422     15.0712     22.2632    gamm       2.5000
FIKH             10.000       9.8543      5.9738     13.7646    gamm       2.5000
LAGP              0.500       0.8289      0.6955      0.9695    beta       0.2000
LAGWC             0.500       0.6016      0.3719      0.8280    beta       0.2000
LAGWH             0.500       0.1197      0.0189      0.2133    beta       0.2000
NU               -1.000      -0.8138     -0.9874     -0.6323    norm       0.1000
NU1              -1.000      -0.9829     -1.1538     -0.8111    norm       0.1000
RHO_AC            0.800       0.8686      0.8194      0.9194    beta       0.1000
RHO_AH            0.800       0.9954      0.9915      0.9994    beta       0.0900
RHO_AJ            0.800       0.9370      0.9119      0.9634    beta       0.1000
RHO_AK            0.800       0.9890      0.9806      0.9979    beta       0.1000
RHO_AT            0.800       0.9413      0.9080      0.9758    beta       0.1000
RHO_AZ            0.800       0.9477      0.9153      0.9825    beta       0.1000
TAYLOR_P          1.500       1.6540      1.5285      1.7757    norm       0.1000
TAYLOR_R          0.750       0.8306      0.7989      0.8626    beta       0.1000
TAYLOR_Y          0.000       0.1090      0.0224      0.1914    norm       0.1000
TETA              0.667       0.8232      0.7863      0.8612    beta       0.0500
TETAWC            0.667       0.7969      0.7394      0.8572    beta       0.0500
TETAWH            0.667       0.9638      0.9535      0.9744    beta       0.0500
TREND_AC          0.005       0.0012      0.0008      0.0016    norm       0.0100
TREND_AH          0.005       0.0018     -0.0005      0.0041    norm       0.0100
TREND_AK          0.005       0.0064      0.0057      0.0072    norm       0.0100
ZETAKC            0.500       0.9444      0.8986      0.9921    beta       0.2000

standard deviation of shocks
             prior mean   post. mean        90% HPD interval    prior       pstdev

eps_c             0.001       0.0089      0.0076      0.0102    invg       0.0100
eps_e             0.001       0.0013      0.0010      0.0015    invg       0.0100
eps_h             0.001       0.0207      0.0183      0.0233    invg       0.0100
eps_j             0.001       0.0891      0.0554      0.1214    invg       0.0100
eps_k             0.001       0.0153      0.0126      0.0181    invg       0.0100
eps_p             0.001       0.0051      0.0042      0.0060    invg       0.0100
eps_s             0.100       0.0163      0.0133      0.0193    invg       1.0000
eps_t             0.001       0.0704      0.0493      0.0907    invg       0.0100
eps_z             0.001       0.0198      0.0118      0.0271    invg       0.0100

standard deviation of measurement errors
             prior mean   post. mean        90% HPD interval    prior       pstdev

hwr_pd_obs        0.001       0.2221      0.1911      0.2528    invg       0.0100
h_winf_obs        0.001       0.0045      0.0038      0.0052    invg       0.0100
Estimation::mcmc: Posterior (dsge) IRFs...
Estimation::mcmc: Posterior IRFs, done!
Estimation::mcmc: Smoothed variables
Estimation::mcmc: Smoothed variables, done!
Estimation::mcmc: Smoothed shocks
Estimation::mcmc: Smoothed shocks, done!
Estimation::mcmc: Trend_coefficients
Estimation::mcmc: Trend_coefficients, done!
Estimation::mcmc: Smoothed constant
Estimation::mcmc: Smoothed constant, done!
Estimation::mcmc: Smoothed trend
Estimation::mcmc: Smoothed trend, done!
Estimation::mcmc: Updated Variables
Estimation::mcmc: Updated Variables, done!
Estimation::mcmc: Smoothed measurement errors
Estimation::mcmc: Smoothed measurement errors, done!
Estimation::mcmc: Forecasted variables (mean)
Estimation::mcmc: Forecasted variables (mean), done!
Estimation::mcmc: Forecasted variables (point)
Estimation::mcmc: Forecasted variables (point), done!
Estimation::mcmc: Forecasted variables (point) with ME
Estimation::mcmc: Forecasted variables (point) with ME, done!
Total computing time : 5h09m06s
Note: warning(s) encountered in MATLAB/Octave code
