Starting Dynare (version 4.5.7).
Starting preprocessing of the model file ...
Found 61 equation(s).
Evaluating expressions...done
Computing static model derivatives:
 - order 1
Computing dynamic model derivatives:
 - order 1
 - order 2
Processing outputs ...
done
Preprocessing completed.
aN invg  2.0000 


Log data density [Laplace approximation] is NaN.


Configuring Dynare ...
[mex] Generalized QZ.
[mex] Sylvester equation solution.
[mex] Kronecker products.
[mex] Sparse kronecker products.
[mex] Local state space iteration (second order).
[mex] Bytecode evaluation.
[mex] k-order perturbation solver.
[mex] k-order solution simulation.
[mex] Quasi Monte-Carlo sequence (Sobol).
[mex] Markov Switching SBVAR.

Using 64-bit preprocessor
Starting Dynare (version 4.5.7).
Starting preprocessing of the model file ...
Found 61 equation(s).
Evaluating expressions...done
Computing static model derivatives:
 - order 1
Computing dynamic model derivatives:
 - order 1
 - order 2
Processing outputs ...
done
Preprocessing completed.


STEADY-STATE RESULTS:

hours_sw07_obs 		 0
ffr_obs        		 1.0101
gdpdef_obs     		 0.8
gdp_rgd_obs    		 0.43
c_rgd_obs      		 0.43
ifi_rgd_obs    		 0.43
wage_rgd_obs   		 0.43
ewma           		 0
epinfma        		 0
y              		 0
inv            		 0
ext_pr         		 0
pinf           		 0
c              		 0
lev            		 0
q              		 0
Lambda         		 0
ell            		 0
eta            		 0
v              		 0
rk             		 0
invss          		 0
z              		 0
s              		 0
mu             		 0
n              		 0
n_e            		 0
lend           		 0
u              		 0
w              		 0
G              		 0
r              		 0
a              		 0
x              		 0
spinf          		 0
sw             		 0
kq             		 0
zk             		 0
ms             		 0
yf             		 0
invf           		 0
ext_prf        		 0
cf             		 0
levf           		 0
qf             		 0
Lambdaf        		 0
ellf           		 0
etaf           		 0
vf             		 0
rkf            		 0
xf             		 0
zf             		 0
sf             		 0
muf            		 0
nf             		 0
n_ef           		 0
lendf          		 0
uf             		 0
wf             		 0
rf             		 0
zkf            		 0

EIGENVALUES:
         Modulus             Real        Imaginary

               0               -0                0
               0               -0                0
               0               -0                0
       2.536e-17        2.536e-17                0
       4.136e-17        4.136e-17                0
        6.58e-17        -6.58e-17                0
       6.999e-17        6.999e-17                0
        9.54e-17         9.54e-17                0
       1.073e-16        1.073e-16                0
       1.382e-16        1.382e-16                0
       2.188e-16        2.188e-16                0
       2.235e-15       -2.235e-15                0
         0.07425          0.07425                0
          0.2199           0.2199                0
          0.4744           0.4744                0
          0.6373           0.6311          0.08874
          0.6373           0.6311         -0.08874
          0.6928           0.6928                0
             0.8              0.8                0
             0.8              0.8                0
          0.8767           0.8767                0
          0.8779           0.8747          0.07471
          0.8779           0.8747         -0.07471
          0.8889           0.8854          0.07889
          0.8889           0.8854         -0.07889
          0.9349           0.9349                0
          0.9392           0.9392                0
          0.9583           0.9583                0
          0.9607           0.9607                0
           1.014            1.014                0
           1.014            1.014                0
           1.041            1.041                0
           1.042            1.042                0
             1.1            1.089           0.1532
             1.1            1.089          -0.1532
           1.145            1.145                0
           1.237            1.237                0
           1.318            1.318                0
       1.147e+15       -1.147e+15                0
        1.88e+16         1.88e+16                0
       4.582e+16        4.582e+16                0
       1.377e+17       -1.377e+17                0
        1.47e+17        -1.47e+17                0


There are 14 eigenvalue(s) larger than 1 in modulus 
for 14 forward-looking variable(s)

The rank condition is verified.

Initial value of the log posterior (or likelihood): -1441.3131
                                            First-order      Norm of
 Iter F-count            f(x)  Feasibility   optimality         step
    0      30    1.441313e+03    0.000e+00    4.820e+03
    1      63    1.405360e+03    0.000e+00    8.007e+03    4.825e+00
    2      93    1.233608e+03    0.000e+00    7.220e+03    1.437e+00
    3     124    1.188680e+03    0.000e+00    7.280e+03    6.666e-01
    4     155    1.176146e+03    0.000e+00    6.524e+03    7.182e-01
    5     187    1.156031e+03    0.000e+00    6.494e+03    4.595e-01
    6     218    1.074256e+03    0.000e+00    6.467e+03    1.833e+00
    7     249    1.028806e+03    0.000e+00    6.430e+03    8.907e-01
    8     280    1.011911e+03    0.000e+00    6.363e+03    4.241e-01
    9     311    1.005585e+03    0.000e+00    6.284e+03    6.705e-01
   10     343    9.955994e+02    0.000e+00    6.272e+03    1.050e+00
   11     375    9.858637e+02    0.000e+00    6.212e+03    7.891e-01
   12     405    9.565696e+02    0.000e+00    5.376e+03    2.290e+00
   13     437    9.427298e+02    0.000e+00    5.265e+03    1.086e+00
   14     467    9.355381e+02    0.000e+00    4.475e+03    1.272e+00
   15     499    9.329709e+02    0.000e+00    4.483e+03    4.132e-01
   16     529    9.239451e+02    0.000e+00    4.183e+03    1.323e+00
   17     562    9.235894e+02    0.000e+00    4.012e+03    5.478e-02
   18     594    9.165505e+02    0.000e+00    3.784e+03    6.237e-01
   19     625    9.115159e+02    0.000e+00    3.272e+03    8.852e-01
   20     656    9.061238e+02    0.000e+00    2.538e+03    3.561e-01
   21     686    9.006838e+02    0.000e+00    1.685e+03    4.968e-01
   22     717    8.998456e+02    0.000e+00    1.672e+03    9.059e-01
   23     748    8.967097e+02    0.000e+00    1.595e+03    2.245e-01
   24     780    8.925382e+02    0.000e+00    1.485e+03    7.560e-01
   25     812    8.912292e+02    0.000e+00    1.326e+03    7.560e-01
   26     845    8.895839e+02    0.000e+00    1.259e+03    2.046e-01
   27     876    8.883134e+02    0.000e+00    7.961e+02    1.520e-01
   28     907    8.857230e+02    0.000e+00    6.504e+02    4.198e-01
   29     937    8.799014e+02    0.000e+00    2.351e+02    3.307e-01
   30     969    8.786615e+02    0.000e+00    2.490e+02    2.171e-01

                                            First-order      Norm of
 Iter F-count            f(x)  Feasibility   optimality         step
   31    1002    8.777294e+02    0.000e+00    2.361e+02    1.015e-01
   32    1033    8.742244e+02    0.000e+00    6.401e+02    7.635e-01
   33    1064    8.734692e+02    0.000e+00    3.066e+02    4.178e-01
   34    1096    8.709228e+02    0.000e+00    2.856e+02    4.574e-01
   35    1128    8.696351e+02    0.000e+00    3.205e+02    2.432e-01
   36    1161    8.667012e+02    0.000e+00    3.360e+02    4.616e-01
   37    1192    8.661873e+02    0.000e+00    2.772e+02    4.140e-01
   38    1224    8.631014e+02    0.000e+00    5.467e+02    1.059e+00
   39    1255    8.587301e+02    0.000e+00    4.827e+02    1.399e+00
   40    1286    8.580228e+02    0.000e+00    9.955e+02    9.046e-01
   41    1317    8.522529e+02    0.000e+00    7.331e+02    6.767e-01
   42    1347    8.441533e+02    0.000e+00    1.217e+03    2.188e+00
   43    1377    8.289019e+02    0.000e+00    1.590e+03    4.653e-01
   44    1407    8.215036e+02    0.000e+00    1.190e+04    3.362e-01
   45    1437    8.111293e+02    0.000e+00    1.169e+04    2.018e-01
   46    1467    7.960281e+02    0.000e+00    2.172e+03    6.195e-01
   47    1497    7.806664e+02    0.000e+00    9.858e+02    4.614e-01
   48    1528    7.677655e+02    0.000e+00    1.749e+03    4.493e-01
   49    1558    7.610872e+02    0.000e+00    2.041e+03    1.145e-01
   50    1589    7.374757e+02    0.000e+00    2.602e+03    4.961e-01
   51    1619    7.288508e+02    0.000e+00    2.165e+03    8.226e-02
   52    1649    7.026790e+02    0.000e+00    1.567e+03    3.892e-01
   53    1679    6.957393e+02    0.000e+00    9.387e+03    2.987e-01
   54    1711    6.938504e+02    0.000e+00    2.902e+03    1.491e-01
   55    1743    6.901090e+02    0.000e+00    2.073e+03    5.153e-01
   56    1773    6.817604e+02    0.000e+00    2.294e+03    9.536e-02
   57    1804    6.712508e+02    0.000e+00    1.410e+03    6.204e-01
   58    1834    6.662512e+02    0.000e+00    1.504e+03    1.491e-01
Objective function returned Inf; trying a new point...
   59    1865    6.653137e+02    0.000e+00    1.311e+03    6.687e+00
   60    1895    6.497706e+02    0.000e+00    3.288e+03    2.759e+00

                                            First-order      Norm of
 Iter F-count            f(x)  Feasibility   optimality         step
   61    1925    6.485718e+02    0.000e+00    1.179e+03    6.621e-01
   62    1955    6.396327e+02    0.000e+00    7.842e+02    1.356e+00
   63    1985    6.332266e+02    0.000e+00    1.757e+03    7.805e-01
   64    2016    6.294604e+02    0.000e+00    1.170e+03    1.001e+00
   65    2046    6.229913e+02    0.000e+00    6.686e+02    5.641e-01
   66    2076    6.216648e+02    0.000e+00    4.491e+02    7.047e-01
   67    2106    6.187308e+02    0.000e+00    5.050e+02    7.268e-01
   68    2136    6.171328e+02    0.000e+00    4.977e+02    3.522e-01
   69    2166    6.156434e+02    0.000e+00    3.783e+02    4.558e-01
   70    2196    6.146338e+02    0.000e+00    2.722e+02    3.009e-01
   71    2226    6.139448e+02    0.000e+00    2.202e+02    1.357e-01
   72    2256    6.130719e+02    0.000e+00    1.588e+02    7.515e-02
   73    2286    6.123232e+02    0.000e+00    1.605e+02    2.873e-01
   74    2316    6.116796e+02    0.000e+00    2.101e+02    2.387e-01
   75    2348    6.115199e+02    0.000e+00    3.326e+02    1.407e-01
   76    2380    6.112451e+02    0.000e+00    4.334e+02    7.197e-01
   77    2410    6.089615e+02    0.000e+00    3.310e+02    2.263e-01
   78    2442    6.082097e+02    0.000e+00    3.516e+02    1.482e-01
   79    2472    6.040635e+02    0.000e+00    5.202e+02    4.664e-01
   80    2503    6.011961e+02    0.000e+00    5.165e+02    3.691e-01
   81    2534    5.994457e+02    0.000e+00    5.719e+02    3.093e-01
   82    2565    5.960259e+02    0.000e+00    4.576e+02    2.248e-01
   83    2595    5.940680e+02    0.000e+00    2.671e+02    2.091e-01
   84    2626    5.933455e+02    0.000e+00    2.798e+02    4.138e-01
   85    2656    5.906285e+02    0.000e+00    1.078e+02    3.074e-01
   86    2686    5.896647e+02    0.000e+00    9.901e+01    5.334e-02
   87    2716    5.893707e+02    0.000e+00    2.215e+02    2.242e-01
   88    2746    5.881579e+02    0.000e+00    7.648e+01    9.537e-02
   89    2776    5.876670e+02    0.000e+00    6.989e+01    1.105e-01
   90    2806    5.871714e+02    0.000e+00    1.763e+02    3.295e-01

                                            First-order      Norm of
 Iter F-count            f(x)  Feasibility   optimality         step
   91    2836    5.869868e+02    0.000e+00    1.816e+02    4.716e-02
   92    2866    5.868173e+02    0.000e+00    1.845e+02    3.228e-02
   93    2896    5.867710e+02    0.000e+00    1.810e+02    4.363e-02
   94    2926    5.867177e+02    0.000e+00    1.742e+02    3.511e-02
   95    2956    5.866810e+02    0.000e+00    1.681e+02    5.192e-02
   96    2986    5.866367e+02    0.000e+00    1.601e+02    5.831e-02
   97    3016    5.865888e+02    0.000e+00    1.529e+02    5.340e-02
   98    3046    5.865379e+02    0.000e+00    1.462e+02    4.035e-02
   99    3076    5.864852e+02    0.000e+00    1.399e+02    2.529e-02
  100    3106    5.864239e+02    0.000e+00    1.318e+02    3.533e-02
  101    3136    5.863314e+02    0.000e+00    1.172e+02    6.869e-02
  102    3166    5.861997e+02    0.000e+00    9.294e+01    1.034e-01
  103    3196    5.860535e+02    0.000e+00    6.393e+01    9.858e-02
  104    3226    5.859223e+02    0.000e+00    4.134e+01    4.669e-02
  105    3256    5.858059e+02    0.000e+00    4.765e+01    6.350e-02
  106    3286    5.857116e+02    0.000e+00    7.152e+01    8.566e-02
  107    3316    5.856313e+02    0.000e+00    7.274e+01    7.216e-02
  108    3346    5.855744e+02    0.000e+00    5.350e+01    3.694e-02
  109    3376    5.855398e+02    0.000e+00    3.185e+01    2.264e-02
  110    3406    5.855109e+02    0.000e+00    3.873e+01    4.020e-02
  111    3436    5.854887e+02    0.000e+00    4.700e+01    4.606e-02
  112    3466    5.854758e+02    0.000e+00    4.966e+01    2.668e-02
  113    3496    5.854673e+02    0.000e+00    4.724e+01    9.054e-03
  114    3526    5.854591e+02    0.000e+00    4.205e+01    6.238e-03
  115    3556    5.854475e+02    0.000e+00    4.331e+01    1.000e-02
  116    3586    5.854287e+02    0.000e+00    4.506e+01    2.336e-02
  117    3616    5.854002e+02    0.000e+00    3.678e+01    3.984e-02
  118    3646    5.853604e+02    0.000e+00    1.975e+01    4.912e-02
  119    3676    5.853109e+02    0.000e+00    2.269e+01    3.598e-02
  120    3706    5.852548e+02    0.000e+00    3.627e+01    1.908e-02

                                            First-order      Norm of
 Iter F-count            f(x)  Feasibility   optimality         step
  121    3736    5.851936e+02    0.000e+00    4.602e+01    6.030e-02
  122    3766    5.851410e+02    0.000e+00    3.269e+01    8.843e-02
  123    3796    5.851116e+02    0.000e+00    1.624e+01    5.306e-02
  124    3826    5.850920e+02    0.000e+00    1.213e+01    1.191e-02
  125    3856    5.850744e+02    0.000e+00    1.207e+01    2.963e-02
  126    3886    5.850670e+02    0.000e+00    1.558e+01    3.785e-02
  127    3916    5.850641e+02    0.000e+00    2.542e+01    2.680e-02
  128    3946    5.850628e+02    0.000e+00    3.173e+01    1.618e-02
  129    3976    5.850615e+02    0.000e+00    3.401e+01    8.517e-03
  130    4006    5.850607e+02    0.000e+00    3.104e+01    5.166e-03
  131    4036    5.850583e+02    0.000e+00    2.438e+01    9.742e-03
  132    4066    5.850541e+02    0.000e+00    1.400e+01    1.631e-02
  133    4096    5.850441e+02    0.000e+00    1.690e+01    1.889e-02
  134    4126    5.850283e+02    0.000e+00    3.188e+01    1.513e-02
  135    4156    5.850099e+02    0.000e+00    4.773e+01    1.413e-02
  136    4186    5.850006e+02    0.000e+00    4.688e+01    2.600e-02
  137    4216    5.849956e+02    0.000e+00    3.842e+01    1.961e-02
  138    4246    5.849934e+02    0.000e+00    3.240e+01    8.461e-03
  139    4276    5.849878e+02    0.000e+00    2.272e+01    1.033e-02
  140    4306    5.849757e+02    0.000e+00    9.743e+00    1.084e-02
  141    4336    5.849516e+02    0.000e+00    1.242e+01    1.105e-02
  142    4366    5.849182e+02    0.000e+00    2.629e+01    3.279e-02
  143    4396    5.848928e+02    0.000e+00    1.763e+01    4.956e-02
  144    4426    5.848854e+02    0.000e+00    1.073e+01    2.388e-02
  145    4456    5.848841e+02    0.000e+00    1.332e+01    4.355e-03
  146    4486    5.848834e+02    0.000e+00    1.455e+01    2.479e-03
  147    4516    5.848823e+02    0.000e+00    1.590e+01    2.364e-03
  148    4546    5.848803e+02    0.000e+00    1.729e+01    2.683e-03
  149    4576    5.848763e+02    0.000e+00    1.912e+01    3.383e-03
  150    4606    5.848682e+02    0.000e+00    2.059e+01    4.395e-03

                                            First-order      Norm of
 Iter F-count            f(x)  Feasibility   optimality         step
  151    4636    5.848533e+02    0.000e+00    2.673e+01    4.399e-03
  152    4666    5.848337e+02    0.000e+00    2.688e+01    6.087e-03
  153    4696    5.848212e+02    0.000e+00    1.523e+01    1.031e-02
  154    4726    5.848202e+02    0.000e+00    3.695e+00    6.127e-03
  155    4756    5.848214e+02    0.000e+00    2.508e-01    1.561e-03
  156    4786    5.848088e+02    0.000e+00    5.643e+00    3.133e-02
  157    4816    5.848080e+02    0.000e+00    8.965e-01    1.133e-02
  158    4846    5.848080e+02    0.000e+00    8.421e-02    1.884e-03
  159    4876    5.848080e+02    0.000e+00    8.298e-02    2.666e-04
  160    4906    5.848080e+02    0.000e+00    1.268e-02    1.380e-04
  161    4936    5.848080e+02    0.000e+00    7.385e-03    1.034e-04
  162    4966    5.848080e+02    0.000e+00    2.313e-03    3.157e-05
  163    4997    5.848080e+02    0.000e+00    3.671e-03    2.821e-05
  164    5028    5.848080e+02    0.000e+00    2.794e-03    6.292e-06

<a href = "matlab: helpview([docroot '/toolbox/optim/msg_csh/optim_msg_csh.map'],'local_min_poss_with_constr','CSHelpWindow');">Local minimum possible. Constraints satisfied</a>.

fmincon stopped because the <a href = "matlab: helpview([docroot '/toolbox/optim/msg_csh/optim_msg_csh.map'],'norm_curr_step_simple_fminconip','CSHelpWindow');">size of the current step</a> is less than
the value of the <a href = "matlab: helpview([docroot '/toolbox/optim/msg_csh/optim_msg_csh.map'],'step_size_tol','CSHelpWindow');">step size tolerance</a> and constraints are 
satisfied to within the value of the <a href = "matlab: helpview([docroot '/toolbox/optim/msg_csh/optim_msg_csh.map'],'constraint_tolerance','CSHelpWindow');">constraint tolerance</a>.

<<a href = "matlab: createExitMsg({'optimlib:sqpLineSearch:Exit2basic','fmincon'},{'optimlib:sqpLineSearch:Exit2detailed','1.000000e-06','0.000000e+00','1.000000e-06'},true,true);;">stopping criteria details</a>>

Final value of minus the log posterior (or likelihood):584.807977 

RESULTS FROM POSTERIOR ESTIMATION
parameters
       prior mean     mode    s.d. prior pstdev

RHO_A      0.500   0.8797  0.0521 beta  0.2000 
RHO_RP     0.500   0.9704  0.0117 beta  0.2000 
RHO_G      0.500   0.9018  0.0309 beta  0.2000 
RHO_X      0.500   0.9935  0.0045 beta  0.2000 
RHO_MS     0.500   0.6786  0.0558 beta  0.2000 
RHO_P      0.500   0.9817  0.0092 beta  0.2000 
RHO_W      0.500   0.0552  0.0408 beta  0.2000 
S_PRIMEP   4.000   8.8347  0.9673 norm  1.5000 
H          0.700   0.3424  0.0537 beta  0.1000 
SIGMA_W    0.750   0.8230  0.0265 beta  0.0500 
SIGMAP     0.750   0.8466  0.0165 beta  0.0500 
FCP        1.450   1.1586  0.0514 norm  0.1250 
PHI        0.330   1.5398  0.3897 gamm  0.2500 
SIGMA_WI   0.500   0.4546  0.1630 beta  0.1500 
SIGMA_PI   0.500   0.0967  0.0445 beta  0.1500 
ZETA       0.250   0.9103  0.0359 beta  0.1500 
IOTA_PI    1.700   1.6656  0.1295 norm  0.1500 
RHO_I      0.750   0.8410  0.0254 beta  0.1000 
IOTA_Y     0.125   0.0149  0.0052 gamm  0.0500 
IOTA_DY    0.063   0.0566  0.0133 norm  0.0500 
picbar     0.625   0.6640  0.0874 gamm  0.1000 
ctrend     0.400   0.5687  0.0495 norm  0.1000 

standard deviation of shocks
       prior mean     mode    s.d. prior pstdev

e_a        0.100   0.4639  0.0357 invg  2.0000 
e_x        0.100   0.5298  0.0975 invg  2.0000 
e_i        0.100   0.1148  0.0179 invg  2.0000 
e_kq       0.100   0.2201  0.0467 invg  2.0000 
e_g        0.100   2.3513  0.1768 invg  2.0000 
epinf      0.100   0.0519  0.0080 invg  2.0000 
ew         0.100   0.5122  0.0420 invg  2.0000 


Log data density [Laplace approximation] is -657.609198.

Estimation::mcmc: One Chain mode.
Estimation::mcmc: Initialization at the posterior mode.

Estimation::mcmc: Write details about the MCMC... Ok!
Estimation::mcmc: Details about the MCMC are available in VI16_GK/metropolis\VI16_GK_mh_history_0.mat


Estimation::mcmc: Number of mh files: 2 per block.
Estimation::mcmc: Total number of generated files: 2.
Estimation::mcmc: Total number of iterations: 500000.
Estimation::mcmc: Current acceptance ratio per chain: 
                                                       Chain  1: 39.1972%
Estimation::mcmc: Total number of MH draws per chain: 500000.
Estimation::mcmc: Total number of generated MH files: 2.
Estimation::mcmc: I'll use mh-files 1 to 2.
Estimation::mcmc: In MH-file number 1 I'll start at line 150001.
Estimation::mcmc: Finally I keep 350000 draws per chain.



MCMC Inefficiency factors per block
Parameter       Block 1
SE_e_a          198.920
SE_e_x          477.696
SE_e_i          186.396
SE_e_kq         191.420
SE_e_g          133.403
SE_epinf        183.970
SE_ew           135.979
RHO_A           142.309
RHO_RP          173.696
RHO_G           130.695
RHO_X           505.704
RHO_MS          151.070
RHO_P           217.356
RHO_W           203.108
S_PRIMEP        164.017
H               117.683
SIGMA_W         158.755
SIGMAP          180.017
FCP             138.152
PHI             136.382
SIGMA_WI         96.976
SIGMA_PI        177.020
ZETA            141.346
IOTA_PI         114.716
RHO_I           155.142
IOTA_Y          161.730
IOTA_DY         190.284
picbar          113.532
ctrend          137.624


Geweke (1992) Convergence Tests, based on means of draws 150000 to 220000 vs 325000 to 500000.
p-values are for Chi2-test for equality of means.
Parameter         Post. Mean        Post. Std   p-val No Taper   p-val 4% Taper   p-val 8% Taper  p-val 15% Taper
SE_e_a                 0.491            0.041            0.000            0.452            0.500            0.519
SE_e_x                 0.677            0.185            0.000            0.424            0.411            0.403
SE_e_i                 0.125            0.021            0.000            0.625            0.646            0.688
SE_e_kq                0.241            0.053            0.062            0.903            0.897            0.902
SE_e_g                 2.385            0.183            0.000            0.487            0.415            0.344
SE_epinf               0.055            0.009            0.000            0.688            0.657            0.639
SE_ew                  0.515            0.044            0.000            0.434            0.416            0.315
RHO_A                  0.911            0.043            0.000            0.070            0.064            0.041
RHO_RP                 0.965            0.013            0.000            0.455            0.421            0.422
RHO_G                  0.901            0.031            0.000            0.401            0.391            0.396
RHO_X                  0.987            0.010            0.000            0.171            0.172            0.136
RHO_MS                 0.673            0.056            0.002            0.824            0.831            0.827
RHO_P                  0.976            0.011            0.000            0.059            0.052            0.046
RHO_W                  0.086            0.049            0.460            0.964            0.966            0.964
S_PRIMEP               8.603            0.971            0.000            0.376            0.349            0.381
H                      0.343            0.052            0.478            0.952            0.952            0.950
SIGMA_W                0.812            0.028            0.000            0.040            0.051            0.029
SIGMAP                 0.846            0.018            0.001            0.813            0.814            0.811
FCP                    1.129            0.051            0.028            0.846            0.826            0.784
PHI                    1.606            0.408            0.000            0.011            0.009            0.004
SIGMA_WI               0.458            0.143            0.000            0.740            0.736            0.742
SIGMA_PI               0.123            0.050            0.000            0.390            0.354            0.307
ZETA                   0.899            0.037            0.660            0.972            0.968            0.964
IOTA_PI                1.705            0.127            0.585            0.954            0.951            0.952
RHO_I                  0.837            0.026            0.000            0.709            0.732            0.727
IOTA_Y                 0.017            0.006            0.000            0.649            0.631            0.619
IOTA_DY                0.062            0.015            0.022            0.870            0.878            0.892
picbar                 0.663            0.086            0.000            0.637            0.623            0.624
ctrend                 0.567            0.050            0.001            0.774            0.760            0.737


Estimation::marginal density: I'm computing the posterior mean and covariance...  Done!
Estimation::marginal density: I'm computing the posterior log marginal density (modified harmonic mean)... Done!


ESTIMATION RESULTS

Log data density is -656.754084.

parameters
           prior mean   post. mean        90% HPD interval    prior       pstdev

RHO_A           0.500       0.9121      0.8458      0.9778   beta        0.2000
RHO_RP          0.500       0.9646      0.9448      0.9854   beta        0.2000
RHO_G           0.500       0.9010      0.8518      0.9529   beta        0.2000
RHO_X           0.500       0.9863      0.9734      0.9989   beta        0.2000
RHO_MS          0.500       0.6732      0.5839      0.7649   beta        0.2000
RHO_P           0.500       0.9755      0.9593      0.9929   beta        0.2000
RHO_W           0.500       0.0866      0.0104      0.1580   beta        0.2000
S_PRIMEP        4.000       8.6199      7.0227     10.1863   norm        1.5000
H               0.700       0.3443      0.2582      0.4308   beta        0.1000
SIGMA_W         0.750       0.8122      0.7647      0.8579   beta        0.0500
SIGMAP          0.750       0.8456      0.8160      0.8759   beta        0.0500
FCP             1.450       1.1284      1.0429      1.2115   norm        0.1250
PHI             0.330       1.6001      0.9316      2.2257   gamm        0.2500
SIGMA_WI        0.500       0.4563      0.2222      0.6943   beta        0.1500
SIGMA_PI        0.500       0.1242      0.0419      0.2008   beta        0.1500
ZETA            0.250       0.8990      0.8420      0.9584   beta        0.1500
IOTA_PI         1.700       1.7053      1.4963      1.9134   norm        0.1500
RHO_I           0.750       0.8373      0.7950      0.8797   beta        0.1000
IOTA_Y          0.125       0.0168      0.0078      0.0257   gamm        0.0500
IOTA_DY         0.063       0.0623      0.0378      0.0862   norm        0.0500
picbar          0.625       0.6644      0.5220      0.8047   gamm        0.1000
ctrend          0.400       0.5668      0.4869      0.6487   norm        0.1000

standard deviation of shocks
           prior mean   post. mean        90% HPD interval    prior       pstdev

e_a             0.100       0.4916      0.4242      0.5568   invg        2.0000
e_x             0.100       0.6837      0.4179      0.9560   invg        2.0000
e_i             0.100       0.1249      0.0921      0.1557   invg        2.0000
e_kq            0.100       0.2425      0.1582      0.3259   invg        2.0000
e_g             0.100       2.3873      2.0910      2.6873   invg        2.0000
epinf           0.100       0.0548      0.0403      0.0689   invg        2.0000
ew              0.100       0.5154      0.4424      0.5872   invg        2.0000
Estimation::mcmc: Smoothed variables
Estimation::mcmc: Smoothed variables, done!
Estimation::mcmc: Smoothed shocks
Estimation::mcmc: Smoothed shocks, done!
Estimation::mcmc: Trend_coefficients
Estimation::mcmc: Trend_coefficients, done!
Estimation::mcmc: Smoothed constant
Estimation::mcmc: Smoothed constant, done!
Estimation::mcmc: Smoothed trend
Estimation::mcmc: Smoothed trend, done!
Estimation::mcmc: Updated Variables
Estimation::mcmc: Updated Variables, done!
Estimation::mcmc: Forecasted variables (mean)
Estimation::mcmc: Forecasted variables (mean), done!
Estimation::mcmc: Forecasted variables (point)
Estimation::mcmc: Forecasted variables (point), done!
Total computing time : 1h41m51s
