Starting Dynare (version 4.5.7).
Starting preprocessing of the model file ...
Found 48 equation(s).
Evaluating expressions...done
Computing static model derivatives:
 - order 1
Computing dynamic model derivatives:
 - order 1
Processing outputs ...
done
Preprocessing completed.

STEADY-STATE RESULTS:

lambda         		 0.761533
R              		 1.01604
pic            		 1.00798
c              		 1.33367
w_tilda        		 1.37266
w              		 1.37266
phi_w          		 10.3112
psi_w          		 5.04409
L              		 1.01067
k              		 17.2954
k_bar          		 17.3534
i              		 0.490335
Q              		 1
d              		 8.17366
n              		 9.17969
R_e            		 1.02131
r_k            		 0.0382175
u              		 1
R_d            		 1.01758
F1             		 0.00737821
F2             		 0.0031571
F1_prim        		 0.148605
omega          		 0.469293
mc             		 0.81057
p_tilda        		 1
phi_f          		 21.1686
psi_f          		 26.1157
y              		 2.52699
Delta          		 1
z              		 0.003345
lb             		 0
lphi           		 -0.223144
lmu            		 0
llambda_f      		 -1.45372
lg             		 0.322136
lA             		 0
lsigma         		 -1.22861
lnu            		 -0.0225524
gdp_rgd_obs    		 0.3345
c_rgd_obs      		 0.3345
ifi_rgd_obs    		 0.3345
hours_kr15_obs 		 662.979
wage_rgd_obs   		 0.3345
gdpdef_obs     		 0.795155
ffr_obs        		 1.60412
dlnD           		 0.6626
credit_nom_obs 		 1.45776
bbb1yffr_obs   		 0.153442

EIGENVALUES:
         Modulus             Real        Imaginary

       1.664e-16        1.664e-16                0
       9.139e-16       -9.139e-16                0
           0.106            0.106                0
           0.125            0.125                0
          0.4779           0.4779                0
          0.5042           0.5042                0
          0.5508           0.5508                0
           0.558           0.5044           0.2385
           0.558           0.5044          -0.2385
          0.5606           0.5606                0
          0.7947           0.7947                0
          0.8482           0.8482                0
           0.887            0.887                0
          0.9192           0.9192                0
          0.9306           0.9306                0
          0.9404           0.9404                0
          0.9509           0.9509                0
          0.9642           0.9642                0
            1.01             1.01                0
            1.08             1.08                0
           1.128            1.128                0
           1.251            1.251                0
           1.481            1.388           0.5173
           1.481            1.388          -0.5173
           1.651            1.651                0
           2.513            2.513                0
       1.587e+17       -1.587e+17                0
       1.656e+19        1.656e+19                0
       2.615e+20       -2.615e+20                0
       8.586e+20        8.586e+20                0
       1.733e+22       -1.733e+22                0
       1.831e+22       -1.831e+22                0
       3.481e+23        3.481e+23                0
       8.891e+33       -8.891e+33                0
             Inf              Inf                0


There are 17 eigenvalue(s) larger than 1 in modulus 
for 17 forward-looking variable(s)

The rank condition is verified.


Prior distribution for parameter rho_sigma has unbounded density!
Prior distribution for parameter rho_nu has unbounded density!
Initial value of the log posterior (or likelihood): -1028.2196
-----------------
f at the beginning of new iteration,      1028.2196036561
Predicted improvement:      567.796885078
lambda =          1; f =         1028.2654846
lambda =    0.33333; f =         1028.2238130
lambda =    0.11111; f =         1028.2198319
lambda =   0.037037; f =         1031.4168581
lambda =   0.012346; f =         1020.2941845
Norm of dx    0.33699
----
Improvement on iteration 1 =        7.925419109
-----------------
f at the beginning of new iteration,      1020.2941845475
Predicted improvement:      642.997073527
lambda =          1; f =         1020.3632681
lambda =    0.33333; f =         1020.2941963
lambda =    0.11111; f =          921.2214791
Norm of dx    0.52417
----
Improvement on iteration 2 =       99.072705452
-----------------
f at the beginning of new iteration,       921.2214790957
Predicted improvement:       44.915438887
lambda =          1; f =          899.7066176
lambda =    0.33333; f =          895.9302233
lambda =    0.64439; f =          883.8238963
Norm of dx   0.088299
----
Improvement on iteration 3 =       37.397582828
-----------------
f at the beginning of new iteration,       883.8238962677
Predicted improvement:       25.225886812
lambda =          1; f =          883.8239918
lambda =    0.33333; f =          874.1805169
Norm of dx   0.085424
----
Improvement on iteration 4 =        9.643379388
-----------------
f at the beginning of new iteration,       874.1805168795
Predicted improvement:        5.434669491
lambda =          1; f =          868.2289754
Norm of dx   0.038645
----
Improvement on iteration 5 =        5.951541466
-----------------
f at the beginning of new iteration,       868.2289754132
Predicted improvement:        2.953830515
lambda =          1; f =          864.3576733
Norm of dx    0.03665
----
Improvement on iteration 6 =        3.871302154
-----------------
f at the beginning of new iteration,       864.3576732594
Predicted improvement:        2.640909680
lambda =          1; f =          860.2895663
lambda =     1.9332; f =          859.0618569
Norm of dx   0.044413
----
Improvement on iteration 7 =        5.295816380
-----------------
f at the beginning of new iteration,       859.0618568795
Predicted improvement:        1.773486725
lambda =          1; f =          856.2423228
lambda =     1.9332; f =          854.8657412
Norm of dx   0.022876
----
Improvement on iteration 8 =        4.196115655
-----------------
f at the beginning of new iteration,       854.8657412248
Predicted improvement:        1.364019511
lambda =          1; f =          852.9574101
Norm of dx   0.031885
----
Improvement on iteration 9 =        1.908331118
-----------------
f at the beginning of new iteration,       852.9574101069
Predicted improvement:        1.481128706
lambda =          1; f =          850.5379406
lambda =     1.9332; f =          849.3382492
Norm of dx   0.046832
----
Improvement on iteration 10 =        3.619160902
-----------------
f at the beginning of new iteration,       849.3382492044
Predicted improvement:        1.975445143
lambda =          1; f =          846.5245198
lambda =     1.9332; f =          846.0109325
Norm of dx   0.055288
----
Improvement on iteration 11 =        3.327316659
-----------------
f at the beginning of new iteration,       846.0109325457
Predicted improvement:        0.855996354
lambda =          1; f =          844.8974345
Norm of dx   0.022314
----
Improvement on iteration 12 =        1.113498015
-----------------
f at the beginning of new iteration,       844.8974345312
Predicted improvement:        0.385814635
lambda =          1; f =          844.3206858
lambda =     1.9332; f =          844.1430732
Norm of dx   0.012919
----
Improvement on iteration 13 =        0.754361355
-----------------
f at the beginning of new iteration,       844.1430731762
Predicted improvement:        0.377060787
lambda =          1; f =          843.4745847
lambda =     1.9332; f =          843.0091391
lambda =     3.7372; f =          842.5664748
Norm of dx   0.021257
----
Improvement on iteration 14 =        1.576598337
-----------------
f at the beginning of new iteration,       842.5664748396
Predicted improvement:        0.851540800
lambda =          1; f =          841.5996204
Norm of dx   0.043158
----
Improvement on iteration 15 =        0.966854394
-----------------
f at the beginning of new iteration,       841.5996204456
Predicted improvement:        0.268343051
lambda =          1; f =          841.1493314
lambda =     1.9332; f =          840.8812500
Norm of dx   0.019741
----
Improvement on iteration 16 =        0.718370465
-----------------
f at the beginning of new iteration,       840.8812499811
Predicted improvement:        0.359737909
lambda =          1; f =          840.3813885
Norm of dx   0.031481
----
Improvement on iteration 17 =        0.499861502
-----------------
f at the beginning of new iteration,       840.3813884792
Predicted improvement:        0.230713231
lambda =          1; f =          840.0496807
lambda =     1.9332; f =          839.9734570
Norm of dx   0.020007
----
Improvement on iteration 18 =        0.407931455
-----------------
f at the beginning of new iteration,       839.9734570239
Predicted improvement:        0.138325039
lambda =          1; f =          839.7352874
lambda =     1.9332; f =          839.5831688
lambda =     3.7372; f =          839.4850771
Norm of dx  0.0054151
----
Improvement on iteration 19 =        0.488379935
-----------------
f at the beginning of new iteration,       839.4850770892
Predicted improvement:        0.185270650
lambda =          1; f =          839.2516296
Norm of dx   0.016774
----
Improvement on iteration 20 =        0.233447497
-----------------
f at the beginning of new iteration,       839.2516295923
Predicted improvement:        0.113388438
lambda =          1; f =          839.0752264
lambda =     1.9332; f =          839.0021353
Norm of dx    0.01872
----
Improvement on iteration 21 =        0.249494252
-----------------
f at the beginning of new iteration,       839.0021353401
Predicted improvement:        0.112256244
lambda =          1; f =          838.8202698
lambda =     1.9332; f =          838.7278560
Norm of dx   0.012301
----
Improvement on iteration 22 =        0.274279368
-----------------
f at the beginning of new iteration,       838.7278559716
Predicted improvement:        0.139972244
lambda =          1; f =          838.5368088
Norm of dx   0.020931
----
Improvement on iteration 23 =        0.191047219
-----------------
f at the beginning of new iteration,       838.5368087522
Predicted improvement:        0.116768247
lambda =          1; f =          838.3588277
lambda =     1.9332; f =          838.2924656
Norm of dx   0.015223
----
Improvement on iteration 24 =        0.244343157
-----------------
f at the beginning of new iteration,       838.2924655954
Predicted improvement:        0.110954105
lambda =          1; f =          838.1004699
lambda =     1.9332; f =          837.9761625
lambda =     3.7372; f =          837.8913693
Norm of dx   0.015908
----
Improvement on iteration 25 =        0.401096316
-----------------
f at the beginning of new iteration,       837.8913692792
Predicted improvement:        0.098587546
lambda =          1; f =          837.7649759
Norm of dx   0.013305
----
Improvement on iteration 26 =        0.126393352
-----------------
f at the beginning of new iteration,       837.7649759268
Predicted improvement:        0.060080051
lambda =          1; f =          837.6712778
lambda =     1.9332; f =          837.6325980
Norm of dx  0.0061008
----
Improvement on iteration 27 =        0.132377961
-----------------
f at the beginning of new iteration,       837.6325979655
Predicted improvement:        0.054745757
lambda =          1; f =          837.5361841
lambda =     1.9332; f =          837.4699956
lambda =     3.7372; f =          837.4082516
Norm of dx   0.012459
----
Improvement on iteration 28 =        0.224346382
-----------------
f at the beginning of new iteration,       837.4082515833
Predicted improvement:        0.089899469
lambda =          1; f =          837.2550364
lambda =     1.9332; f =          837.1599405
lambda =     3.7372; f =          837.1069252
Norm of dx   0.016461
----
Improvement on iteration 29 =        0.301326352
-----------------
f at the beginning of new iteration,       837.1069252314
Predicted improvement:        0.123891113
lambda =          1; f =          836.9049015
lambda =     1.9332; f =          836.7982551
Norm of dx   0.015483
----
Improvement on iteration 30 =        0.308670133
-----------------
f at the beginning of new iteration,       836.7982550987
Predicted improvement:        0.143257297
lambda =          1; f =          836.5810978
lambda =     1.9332; f =          836.5037488
Norm of dx    0.03341
----
Improvement on iteration 31 =        0.294506308
-----------------
f at the beginning of new iteration,       836.5037487911
Predicted improvement:        0.111791004
lambda =          1; f =          836.3145907
lambda =     1.9332; f =          836.2004587
lambda =     3.7372; f =          836.1522954
Norm of dx   0.031427
----
Improvement on iteration 32 =        0.351453369
-----------------
f at the beginning of new iteration,       836.1522954222
Predicted improvement:        0.113503965
lambda =          1; f =          835.9784240
lambda =     1.9332; f =          835.9102496
Norm of dx   0.018703
----
Improvement on iteration 33 =        0.242045805
-----------------
f at the beginning of new iteration,       835.9102496176
Predicted improvement:        0.126715139
lambda =          1; f =          835.6782844
lambda =     1.9332; f =          835.5001828
lambda =     3.7372; f =          835.2591812
Norm of dx   0.021147
----
Improvement on iteration 34 =        0.651068378
-----------------
f at the beginning of new iteration,       835.2591812399
Predicted improvement:        0.360234436
lambda =          1; f =          834.8121287
Norm of dx    0.13652
----
Improvement on iteration 35 =        0.447052562
-----------------
f at the beginning of new iteration,       834.8121286777
Predicted improvement:        0.064815522
lambda =          1; f =          834.7211806
lambda =     1.9332; f =          834.7068123
Norm of dx   0.044254
----
Improvement on iteration 36 =        0.105316354
-----------------
f at the beginning of new iteration,       834.7068123238
Predicted improvement:        0.042207104
lambda =          1; f =          834.6297080
lambda =     1.9332; f =          834.5708871
lambda =     3.7372; f =          834.4927686
Norm of dx   0.011181
----
Improvement on iteration 37 =        0.214043755
-----------------
f at the beginning of new iteration,       834.4927685692
Predicted improvement:        0.136567360
lambda =          1; f =          834.2918982
lambda =     1.9332; f =          834.2364846
Norm of dx   0.029112
----
Improvement on iteration 38 =        0.256283924
-----------------
f at the beginning of new iteration,       834.2364846455
Predicted improvement:        0.064573436
lambda =          1; f =          834.1253765
lambda =     1.9332; f =          834.0544206
lambda =     3.7372; f =          834.0079925
Norm of dx   0.037497
----
Improvement on iteration 39 =        0.228492154
-----------------
f at the beginning of new iteration,       834.0079924916
Predicted improvement:        0.084143382
lambda =          1; f =          833.8629824
lambda =     1.9332; f =          833.7695508
lambda =     3.7372; f =          833.7034389
Norm of dx   0.012695
----
Improvement on iteration 40 =        0.304553628
-----------------
f at the beginning of new iteration,       833.7034388635
Predicted improvement:        0.060796736
lambda =          1; f =          833.6212506
Norm of dx    0.02377
----
Improvement on iteration 41 =        0.082188257
-----------------
f at the beginning of new iteration,       833.6212506062
Predicted improvement:        0.029330466
lambda =          1; f =          833.5772732
lambda =     1.9332; f =          833.5627207
Norm of dx     0.0177
----
Improvement on iteration 42 =        0.058529900
-----------------
f at the beginning of new iteration,       833.5627207063
Predicted improvement:        0.024196249
lambda =          1; f =          833.5185698
lambda =     1.9332; f =          833.4850399
lambda =     3.7372; f =          833.4413579
Norm of dx   0.004885
----
Improvement on iteration 43 =        0.121362808
-----------------
f at the beginning of new iteration,       833.4413578983
Predicted improvement:        0.033105648
lambda =          1; f =          833.3961060
Norm of dx   0.012057
----
Improvement on iteration 44 =        0.045251919
-----------------
f at the beginning of new iteration,       833.3961059795
Predicted improvement:        0.025637583
lambda =          1; f =          833.3529624
lambda =     1.9332; f =          833.3274227
Norm of dx   0.012043
----
Improvement on iteration 45 =        0.068683281
-----------------
f at the beginning of new iteration,       833.3274226983
Predicted improvement:        0.059972824
lambda =          1; f =          833.2259983
lambda =     1.9332; f =          833.1646241
lambda =     3.7372; f =          833.1365068
Norm of dx   0.025422
----
Improvement on iteration 46 =        0.190915871
-----------------
f at the beginning of new iteration,       833.1365068270
Predicted improvement:        0.084122693
lambda =          1; f =          833.0049925
lambda =     1.9332; f =          832.9481319
Norm of dx   0.010267
----
Improvement on iteration 47 =        0.188374945
-----------------
f at the beginning of new iteration,       832.9481318816
Predicted improvement:        0.024263626
lambda =          1; f =          832.9124978
lambda =     1.9332; f =          832.9022013
Norm of dx   0.019002
----
Improvement on iteration 48 =        0.045930550
-----------------
f at the beginning of new iteration,       832.9022013316
Predicted improvement:        0.018552140
lambda =          1; f =          832.8660343
lambda =     1.9332; f =          832.8339212
lambda =     3.7372; f =          832.7760535
lambda =     7.2247; f =          832.6785066
lambda =     13.967; f =          832.5367146
lambda =         27; f =          832.4439257
Norm of dx  0.0070521
----
Improvement on iteration 49 =        0.458275610
-----------------
f at the beginning of new iteration,       832.4439257212
Predicted improvement:        0.435169988
lambda =          1; f =          831.7104114
lambda =     1.9332; f =          832.3130007
lambda =     1.3017; f =          831.6635046
Norm of dx    0.14007
----
Improvement on iteration 50 =        0.780421080
-----------------
f at the beginning of new iteration,       831.6635046408
Predicted improvement:        1.293021061
lambda =          1; f =          830.9929266
lambda =    0.33333; f =          830.9921392
lambda =    0.64439; f =          830.7407130
Norm of dx    0.10723
----
Improvement on iteration 51 =        0.922791685
-----------------
f at the beginning of new iteration,       830.7407129562
Predicted improvement:        0.904262520
lambda =          1; f =          830.6625065
lambda =    0.33333; f =          830.3311259
Norm of dx   0.044175
----
Improvement on iteration 52 =        0.409587081
-----------------
f at the beginning of new iteration,       830.3311258748
Predicted improvement:        0.764339164
lambda =          1; f =          833.5364820
lambda =    0.33333; f =          830.0636283
Norm of dx    0.21229
----
Improvement on iteration 53 =        0.267497590
-----------------
f at the beginning of new iteration,       830.0636282853
Predicted improvement:        0.406893592
lambda =          1; f =          829.7658799
Norm of dx   0.047538
----
Improvement on iteration 54 =        0.297748359
-----------------
f at the beginning of new iteration,       829.7658799261
Predicted improvement:        0.214555180
lambda =          1; f =          829.5424484
Norm of dx   0.027152
----
Improvement on iteration 55 =        0.223431564
-----------------
f at the beginning of new iteration,       829.5424483623
Predicted improvement:        0.187642868
lambda =          1; f =          829.3688441
Norm of dx   0.036899
----
Improvement on iteration 56 =        0.173604258
-----------------
f at the beginning of new iteration,       829.3688441042
Predicted improvement:        0.116352523
lambda =          1; f =          829.1796568
lambda =     1.9332; f =          829.0824993
Norm of dx   0.020931
----
Improvement on iteration 57 =        0.286344762
-----------------
f at the beginning of new iteration,       829.0824993423
Predicted improvement:        0.226048943
lambda =          1; f =          828.8045223
Norm of dx   0.033568
----
Improvement on iteration 58 =        0.277977090
-----------------
f at the beginning of new iteration,       828.8045222521
Predicted improvement:        0.404836542
lambda =          1; f =          828.5729687
lambda =    0.33333; f =          828.5974817
lambda =    0.64439; f =          828.5199336
Norm of dx   0.064315
----
Improvement on iteration 59 =        0.284588626
-----------------
f at the beginning of new iteration,       828.5199336259
Predicted improvement:        0.196808898
lambda =          1; f =          828.2662307
Norm of dx     0.0402
----
Improvement on iteration 60 =        0.253702957
-----------------
f at the beginning of new iteration,       828.2662306687
Predicted improvement:        0.107475507
lambda =          1; f =          828.1333557
Norm of dx    0.02569
----
Improvement on iteration 61 =        0.132874919
-----------------
f at the beginning of new iteration,       828.1333557496
Predicted improvement:        0.040873059
lambda =          1; f =          828.0715893
lambda =     1.9332; f =          828.0511754
Norm of dx   0.010169
----
Improvement on iteration 62 =        0.082180397
-----------------
f at the beginning of new iteration,       828.0511753523
Predicted improvement:        0.041764820
lambda =          1; f =          827.9748870
lambda =     1.9332; f =          827.9168739
lambda =     3.7372; f =          827.8415757
Norm of dx  0.0079322
----
Improvement on iteration 63 =        0.209599699
-----------------
f at the beginning of new iteration,       827.8415756537
Predicted improvement:        0.133150505
lambda =          1; f =          827.6561216
Norm of dx   0.031702
----
Improvement on iteration 64 =        0.185454038
-----------------
f at the beginning of new iteration,       827.6561216162
Predicted improvement:        0.168709425
lambda =          1; f =          827.4717259
Norm of dx   0.031358
----
Improvement on iteration 65 =        0.184395689
-----------------
f at the beginning of new iteration,       827.4717259270
Predicted improvement:        0.099013495
lambda =          1; f =          827.4279813
lambda =    0.33333; f =          827.4194185
lambda =    0.64439; f =          827.4005942
Norm of dx   0.032057
----
Improvement on iteration 66 =        0.071131718
-----------------
f at the beginning of new iteration,       827.4005942095
Predicted improvement:        0.099541891
lambda =          1; f =          827.3381535
Norm of dx    0.02779
----
Improvement on iteration 67 =        0.062440739
-----------------
f at the beginning of new iteration,       827.3381534707
Predicted improvement:        0.026534232
lambda =          1; f =          827.3035543
Norm of dx  0.0084123
----
Improvement on iteration 68 =        0.034599189
-----------------
f at the beginning of new iteration,       827.3035542813
Predicted improvement:        0.029073362
lambda =          1; f =          827.2724800
Norm of dx   0.010905
----
Improvement on iteration 69 =        0.031074300
-----------------
f at the beginning of new iteration,       827.2724799815
Predicted improvement:        0.029010913
lambda =          1; f =          827.2222638
lambda =     1.9332; f =          827.1899480
lambda =     3.7372; f =          827.1703625
Norm of dx   0.010341
----
Improvement on iteration 70 =        0.102117524
-----------------
f at the beginning of new iteration,       827.1703624571
Predicted improvement:        0.080870716
lambda =          1; f =          827.0497093
lambda =     1.9332; f =          827.0079262
Norm of dx   0.019685
----
Improvement on iteration 71 =        0.162436265
-----------------
f at the beginning of new iteration,       827.0079261925
Predicted improvement:        0.081316687
lambda =          1; f =          826.8959017
Norm of dx   0.027952
----
Improvement on iteration 72 =        0.112024516
-----------------
f at the beginning of new iteration,       826.8959016767
Predicted improvement:        0.078414952
lambda =          1; f =          826.7931609
Norm of dx   0.026772
----
Improvement on iteration 73 =        0.102740783
-----------------
f at the beginning of new iteration,       826.7931608936
Predicted improvement:        0.052294958
lambda =          1; f =          826.7188120
lambda =     1.9332; f =          826.7043165
Norm of dx   0.023775
----
Improvement on iteration 74 =        0.088844391
-----------------
f at the beginning of new iteration,       826.7043165026
Predicted improvement:        0.033911728
lambda =          1; f =          826.6573216
Norm of dx   0.013464
----
Improvement on iteration 75 =        0.046994854
-----------------
f at the beginning of new iteration,       826.6573216483
Predicted improvement:        0.025148474
lambda =          1; f =          826.6227180
Norm of dx  0.0096568
----
Improvement on iteration 76 =        0.034603646
-----------------
f at the beginning of new iteration,       826.6227180027
Predicted improvement:        0.019804301
lambda =          1; f =          826.5904049
lambda =     1.9332; f =          826.5732360
Norm of dx  0.0093313
----
Improvement on iteration 77 =        0.049481956
-----------------
f at the beginning of new iteration,       826.5732360470
Predicted improvement:        0.039145782
lambda =          1; f =          826.5025680
lambda =     1.9332; f =          826.4501961
lambda =     3.7372; f =          826.3851747
Norm of dx   0.017248
----
Improvement on iteration 78 =        0.188061312
-----------------
f at the beginning of new iteration,       826.3851747349
Predicted improvement:        0.163008411
lambda =          1; f =          826.1226303
lambda =     1.9332; f =          826.0070394
Norm of dx   0.071987
----
Improvement on iteration 79 =        0.378135372
-----------------
f at the beginning of new iteration,       826.0070393629
Predicted improvement:        0.243798777
lambda =          1; f =          825.7676877
Norm of dx   0.075221
----
Improvement on iteration 80 =        0.239351682
-----------------
f at the beginning of new iteration,       825.7676876806
Predicted improvement:        0.112715497
lambda =          1; f =          825.6368120
Norm of dx   0.023523
----
Improvement on iteration 81 =        0.130875658
-----------------
f at the beginning of new iteration,       825.6368120225
Predicted improvement:        0.037061863
lambda =          1; f =          825.5880495
Norm of dx  0.0068899
----
Improvement on iteration 82 =        0.048762479
-----------------
f at the beginning of new iteration,       825.5880495432
Predicted improvement:        0.033923723
lambda =          1; f =          825.5305273
lambda =     1.9332; f =          825.4948353
lambda =     3.7372; f =          825.4728753
Norm of dx   0.014427
----
Improvement on iteration 83 =        0.115174221
-----------------
f at the beginning of new iteration,       825.4728753226
Predicted improvement:        0.059779127
lambda =          1; f =          825.3698822
lambda =     1.9332; f =          825.3031596
lambda =     3.7372; f =          825.2520679
Norm of dx    0.02621
----
Improvement on iteration 84 =        0.220807382
-----------------
f at the beginning of new iteration,       825.2520679408
Predicted improvement:        0.077015867
lambda =          1; f =          825.1456235
Norm of dx   0.023775
----
Improvement on iteration 85 =        0.106444426
-----------------
f at the beginning of new iteration,       825.1456235148
Predicted improvement:        0.039060912
lambda =          1; f =          825.0977270
Norm of dx   0.021199
----
Improvement on iteration 86 =        0.047896484
-----------------
f at the beginning of new iteration,       825.0977270303
Predicted improvement:        0.012285410
lambda =          1; f =          825.0781159
lambda =     1.9332; f =          825.0695395
Norm of dx  0.0072522
----
Improvement on iteration 87 =        0.028187530
-----------------
f at the beginning of new iteration,       825.0695395008
Predicted improvement:        0.011016301
lambda =          1; f =          825.0527473
lambda =     1.9332; f =          825.0477078
Norm of dx  0.0075861
----
Improvement on iteration 88 =        0.021831713
-----------------
f at the beginning of new iteration,       825.0477077874
Predicted improvement:        0.009922725
lambda =          1; f =          825.0316701
lambda =     1.9332; f =          825.0233557
Norm of dx  0.0048868
----
Improvement on iteration 89 =        0.024352077
-----------------
f at the beginning of new iteration,       825.0233557102
Predicted improvement:        0.019051303
lambda =          1; f =          824.9901067
lambda =     1.9332; f =          824.9678362
lambda =     3.7372; f =          824.9488709
Norm of dx   0.007768
----
Improvement on iteration 90 =        0.074484813
-----------------
f at the beginning of new iteration,       824.9488708971
Predicted improvement:        0.030086850
lambda =          1; f =          824.9041316
lambda =     1.9332; f =          824.8902075
Norm of dx   0.017568
----
Improvement on iteration 91 =        0.058663356
-----------------
f at the beginning of new iteration,       824.8902075407
Predicted improvement:        0.002134395
lambda =          1; f =          824.8876388
Norm of dx  0.0044486
----
Improvement on iteration 92 =        0.002568746
-----------------
f at the beginning of new iteration,       824.8876387946
Predicted improvement:        0.001239630
lambda =          1; f =          824.8854166
lambda =     1.9332; f =          824.8838135
lambda =     3.7372; f =          824.8820119
Norm of dx  0.0014633
----
Improvement on iteration 93 =        0.005626904
-----------------
f at the beginning of new iteration,       824.8820118907
Predicted improvement:        0.004508048
lambda =          1; f =          824.8736946
lambda =     1.9332; f =          824.8671998
lambda =     3.7372; f =          824.8581384
lambda =     7.2247; f =          824.8538594
Norm of dx  0.0037363
----
Improvement on iteration 94 =        0.028152465
-----------------
f at the beginning of new iteration,       824.8538594253
Predicted improvement:        0.013290041
lambda =          1; f =          824.8344544
lambda =     1.9332; f =          824.8289117
Norm of dx   0.011962
----
Improvement on iteration 95 =        0.024947686
-----------------
f at the beginning of new iteration,       824.8289117396
Predicted improvement:        0.002242265
lambda =          1; f =          824.8256888
lambda =     1.9332; f =          824.8249420
Norm of dx  0.0050182
----
Improvement on iteration 96 =        0.003969752
-----------------
f at the beginning of new iteration,       824.8249419876
Predicted improvement:        0.001829674
lambda =          1; f =          824.8217377
lambda =     1.9332; f =          824.8195629
lambda =     3.7372; f =          824.8175748
Norm of dx  0.0045696
----
Improvement on iteration 97 =        0.007367146
-----------------
f at the beginning of new iteration,       824.8175748413
Predicted improvement:        0.004141718
lambda =          1; f =          824.8103066
lambda =     1.9332; f =          824.8053241
lambda =     3.7372; f =          824.8004589
Norm of dx   0.003735
----
Improvement on iteration 98 =        0.017115924
-----------------
f at the beginning of new iteration,       824.8004589171
Predicted improvement:        0.006961688
lambda =          1; f =          824.7889138
lambda =     1.9332; f =          824.7824327
Norm of dx    0.01123
----
Improvement on iteration 99 =        0.018026239
-----------------
f at the beginning of new iteration,       824.7824326783
Predicted improvement:        0.008484418
lambda =          1; f =          824.7709956
Norm of dx   0.012029
----
Improvement on iteration 100 =        0.011437117
-----------------
f at the beginning of new iteration,       824.7709955614
Predicted improvement:        0.003236453
lambda =          1; f =          824.7671810
Norm of dx  0.0058236
----
Improvement on iteration 101 =        0.003814608
-----------------
f at the beginning of new iteration,       824.7671809539
Predicted improvement:        0.001512874
lambda =          1; f =          824.7643412
lambda =     1.9332; f =          824.7620289
lambda =     3.7372; f =          824.7584945
lambda =     7.2247; f =          824.7552368
Norm of dx  0.0017253
----
Improvement on iteration 102 =        0.011944132
-----------------
f at the beginning of new iteration,       824.7552368223
Predicted improvement:        0.010246154
lambda =          1; f =          824.7359788
lambda =     1.9332; f =          824.7202110
lambda =     3.7372; f =          824.6956895
lambda =     7.2247; f =          824.6702151
Norm of dx   0.010162
----
Improvement on iteration 103 =        0.085021696
-----------------
f at the beginning of new iteration,       824.6702151264
Predicted improvement:        0.057097423
lambda =          1; f =          824.5759530
lambda =     1.9332; f =          824.5239158
Norm of dx    0.06392
----
Improvement on iteration 104 =        0.146299355
-----------------
f at the beginning of new iteration,       824.5239157717
Predicted improvement:        0.048671019
lambda =          1; f =          824.4641031
Norm of dx    0.08256
----
Improvement on iteration 105 =        0.059812708
-----------------
f at the beginning of new iteration,       824.4641030636
Predicted improvement:        0.009284756
lambda =          1; f =          824.4517042
Norm of dx   0.021751
----
Improvement on iteration 106 =        0.012398886
-----------------
f at the beginning of new iteration,       824.4517041781
Predicted improvement:        0.004542181
lambda =          1; f =          824.4445757
lambda =     1.9332; f =          824.4413929
Norm of dx   0.010331
----
Improvement on iteration 107 =        0.010311235
-----------------
f at the beginning of new iteration,       824.4413929432
Predicted improvement:        0.005457619
lambda =          1; f =          824.4313149
lambda =     1.9332; f =          824.4234038
lambda =     3.7372; f =          824.4121665
lambda =     7.2247; f =          824.4054311
Norm of dx  0.0067939
----
Improvement on iteration 108 =        0.035961819
-----------------
f at the beginning of new iteration,       824.4054311244
Predicted improvement:        0.013811203
lambda =          1; f =          824.3848788
lambda =     1.9332; f =          824.3787538
Norm of dx   0.011218
----
Improvement on iteration 109 =        0.026677358
-----------------
f at the beginning of new iteration,       824.3787537664
Predicted improvement:        0.001239424
lambda =          1; f =          824.3769629
lambda =     1.9332; f =          824.3765174
Norm of dx  0.0058472
----
Improvement on iteration 110 =        0.002236351
-----------------
f at the beginning of new iteration,       824.3765174151
Predicted improvement:        0.000849701
lambda =          1; f =          824.3749554
lambda =     1.9332; f =          824.3737470
lambda =     3.7372; f =          824.3721120
Norm of dx  0.0022067
----
Improvement on iteration 111 =        0.004405445
-----------------
f at the beginning of new iteration,       824.3721119699
Predicted improvement:        0.004731749
lambda =          1; f =          824.3638238
lambda =     1.9332; f =          824.3582247
lambda =     3.7372; f =          824.3533580
Norm of dx  0.0062575
----
Improvement on iteration 112 =        0.018753943
-----------------
f at the beginning of new iteration,       824.3533580269
Predicted improvement:        0.012059904
lambda =          1; f =          824.3331862
lambda =     1.9332; f =          824.3210375
Norm of dx    0.01849
----
Improvement on iteration 113 =        0.032320543
-----------------
f at the beginning of new iteration,       824.3210374837
Predicted improvement:        0.011229117
lambda =          1; f =          824.3091315
Norm of dx   0.024592
----
Improvement on iteration 114 =        0.011906005
-----------------
f at the beginning of new iteration,       824.3091314792
Predicted improvement:        0.001699840
lambda =          1; f =          824.3063715
lambda =     1.9332; f =          824.3049076
Norm of dx  0.0069446
----
Improvement on iteration 115 =        0.004223865
-----------------
f at the beginning of new iteration,       824.3049076145
Predicted improvement:        0.003097637
lambda =          1; f =          824.2993087
lambda =     1.9332; f =          824.2950944
lambda =     3.7372; f =          824.2894282
Norm of dx  0.0064676
----
Improvement on iteration 116 =        0.015479398
-----------------
f at the beginning of new iteration,       824.2894282161
Predicted improvement:        0.013921783
lambda =          1; f =          824.2641786
lambda =     1.9332; f =          824.2447931
lambda =     3.7372; f =          824.2169536
Norm of dx   0.030958
----
Improvement on iteration 117 =        0.072474659
-----------------
f at the beginning of new iteration,       824.2169535571
Predicted improvement:        0.055785225
lambda =          1; f =          824.1249843
lambda =     1.9332; f =          824.0713083
Norm of dx    0.12886
----
Improvement on iteration 118 =        0.145645262
-----------------
f at the beginning of new iteration,       824.0713082953
Predicted improvement:        0.066579998
lambda =          1; f =          823.9647983
lambda =     1.9332; f =          823.9138617
Norm of dx    0.18228
----
Improvement on iteration 119 =        0.157446609
-----------------
f at the beginning of new iteration,       823.9138616865
Predicted improvement:        0.091229961
lambda =          1; f =          823.7339150
lambda =     1.9332; f =          823.5646741
lambda =     3.7372; f =          823.4045165
lambda =     7.2247; f =          823.9139130
lambda =     4.8647; f =          824.3190131
lambda =      3.837; f =          823.4237308
lambda =     4.4242; f =          823.7211899
lambda =     4.0619; f =          823.4942208
Norm of dx    0.12855
----
Improvement on iteration 120 =        0.509345201
warning: possible inaccuracy in H matrix
-----------------
f at the beginning of new iteration,       823.4045164850
Predicted improvement:        0.168244688
lambda =          1; f =          823.5248405
lambda =    0.33333; f =          823.3701661
Norm of dx   0.080892
----
Improvement on iteration 121 =        0.034350382
-----------------
f at the beginning of new iteration,       823.3701661032
Predicted improvement:        0.070349944
lambda =          1; f =          823.3048818
Norm of dx   0.047965
----
Improvement on iteration 122 =        0.065284300
-----------------
f at the beginning of new iteration,       823.3048818032
Predicted improvement:        0.007746146
lambda =          1; f =          823.2970789
Norm of dx   0.055022
----
Improvement on iteration 123 =        0.007802950
-----------------
f at the beginning of new iteration,       823.2970788533
Predicted improvement:        0.000567444
lambda =          1; f =          823.2962488
lambda =     1.9332; f =          823.2960318
Norm of dx  0.0028962
----
Improvement on iteration 124 =        0.001047056
-----------------
f at the beginning of new iteration,       823.2960317977
Predicted improvement:        0.000647786
lambda =          1; f =          823.2948371
lambda =     1.9332; f =          823.2939076
lambda =     3.7372; f =          823.2926304
lambda =     7.2247; f =          823.2921940
Norm of dx   0.003457
----
Improvement on iteration 125 =        0.003837765
-----------------
f at the beginning of new iteration,       823.2921940331
Predicted improvement:        0.004254663
lambda =          1; f =          823.2845409
lambda =     1.9332; f =          823.2789019
lambda =     3.7372; f =          823.2719691
Norm of dx   0.012056
----
Improvement on iteration 126 =        0.020224956
-----------------
f at the beginning of new iteration,       823.2719690776
Predicted improvement:        0.017238366
lambda =          1; f =          823.2419381
lambda =     1.9332; f =          823.2217716
lambda =     3.7372; f =          823.2035940
Norm of dx   0.023904
----
Improvement on iteration 127 =        0.068375112
-----------------
f at the beginning of new iteration,       823.2035939658
Predicted improvement:        0.044671818
lambda =          1; f =          823.1251050
lambda =     1.9332; f =          823.0731203
lambda =     3.7372; f =          823.0419010
Norm of dx     0.1412
----
Improvement on iteration 128 =        0.161692985
-----------------
f at the beginning of new iteration,       823.0419009808
Predicted improvement:        0.211953081
lambda =          1; f =          822.7975274
Norm of dx    0.18578
----
Improvement on iteration 129 =        0.244373541
-----------------
f at the beginning of new iteration,       822.7975274394
Predicted improvement:        0.138500503
lambda =          1; f =          822.6269538
Norm of dx    0.13785
----
Improvement on iteration 130 =        0.170573600
-----------------
f at the beginning of new iteration,       822.6269538392
Predicted improvement:        0.078287523
lambda =          1; f =          822.5377321
Norm of dx     0.1219
----
Improvement on iteration 131 =        0.089221722
-----------------
f at the beginning of new iteration,       822.5377321172
Predicted improvement:        0.007814850
lambda =          1; f =          822.5289076
Norm of dx   0.014563
----
Improvement on iteration 132 =        0.008824558
-----------------
f at the beginning of new iteration,       822.5289075594
Predicted improvement:        0.000491949
lambda =          1; f =          822.5284183
Norm of dx   0.010343
----
Improvement on iteration 133 =        0.000489303
-----------------
f at the beginning of new iteration,       822.5284182561
Predicted improvement:        0.000021912
lambda =          1; f =          822.5283885
Norm of dx  0.0013609
----
Improvement on iteration 134 =        0.000029790
-----------------
f at the beginning of new iteration,       822.5283884660
Predicted improvement:        0.000019268
lambda =          1; f =          822.5283561
lambda =     1.9332; f =          822.5283367
Norm of dx  0.0004283
----
Improvement on iteration 135 =        0.000051740
-----------------
f at the beginning of new iteration,       822.5283367257
Predicted improvement:        0.000048419
lambda =          1; f =          822.5282493
lambda =     1.9332; f =          822.5281851
lambda =     3.7372; f =          822.5281088
Norm of dx 0.00048165
----
Improvement on iteration 136 =        0.000227889
-----------------
f at the beginning of new iteration,       822.5281088369
Predicted improvement:        0.000209320
lambda =          1; f =          822.5277068
lambda =     1.9332; f =          822.5273624
lambda =     3.7372; f =          822.5267816
lambda =     7.2247; f =          822.5259824
lambda =     13.967; f =          822.5256944
Norm of dx  0.0015133
----
Improvement on iteration 137 =        0.002414421
-----------------
f at the beginning of new iteration,       822.5256944156
Predicted improvement:        0.002450611
lambda =          1; f =          822.5209971
lambda =     1.9332; f =          822.5169747
lambda =     3.7372; f =          822.5101531
lambda =     7.2247; f =          822.5003400
lambda =     13.967; f =          822.4928508
Norm of dx  0.0090263
----
Improvement on iteration 138 =        0.032843620
-----------------
f at the beginning of new iteration,       822.4928507952
Predicted improvement:        0.015525789
lambda =          1; f =          822.4684462
lambda =     1.9332; f =          822.4577965
Norm of dx    0.10449
----
Improvement on iteration 139 =        0.035054253
-----------------
f at the beginning of new iteration,       822.4577965421
Predicted improvement:        0.005029249
lambda =          1; f =          822.4533446
Norm of dx   0.063748
----
Improvement on iteration 140 =        0.004451962
-----------------
f at the beginning of new iteration,       822.4533445802
Predicted improvement:        0.000224812
lambda =          1; f =          822.4531163
Norm of dx   0.010003
----
Improvement on iteration 141 =        0.000228255
-----------------
f at the beginning of new iteration,       822.4531163256
Predicted improvement:        0.000007639
lambda =          1; f =          822.4531075
Norm of dx  0.0012872
----
Improvement on iteration 142 =        0.000008783
-----------------
f at the beginning of new iteration,       822.4531075423
Predicted improvement:        0.000001131
lambda =          1; f =          822.4531057
lambda =     1.9332; f =          822.4531051
Norm of dx 0.00024653
----
Improvement on iteration 143 =        0.000002400
-----------------
f at the beginning of new iteration,       822.4531051422
Predicted improvement:        0.000001305
lambda =          1; f =          822.4531026
lambda =     1.9332; f =          822.4531002
lambda =     3.7372; f =          822.4530961
lambda =     7.2247; f =          822.4530884
lambda =     13.967; f =          822.4530766
lambda =         27; f =          822.4530639
Norm of dx 7.3583e-05
----
Improvement on iteration 144 =        0.000041257
-----------------
f at the beginning of new iteration,       822.4530638851
Predicted improvement:        0.000041028
lambda =          1; f =          822.4529845
lambda =     1.9332; f =          822.4529156
lambda =     3.7372; f =          822.4527961
lambda =     7.2247; f =          822.4526169
lambda =     13.967; f =          822.4524648
Norm of dx  0.0012422
----
Improvement on iteration 145 =        0.000599105
-----------------
f at the beginning of new iteration,       822.4524647805
Predicted improvement:        0.000485518
lambda =          1; f =          822.4515422
lambda =     1.9332; f =          822.4507724
lambda =     3.7372; f =          822.4495348
lambda =     7.2247; f =          822.4480884
Norm of dx  0.0099374
----
Improvement on iteration 146 =        0.004376409
-----------------
f at the beginning of new iteration,       822.4480883711
Predicted improvement:        0.000806583
lambda =          1; f =          822.4471993
Norm of dx   0.030861
----
Improvement on iteration 147 =        0.000889028
-----------------
f at the beginning of new iteration,       822.4471993430
Predicted improvement:        0.000022267
lambda =          1; f =          822.4471741
Norm of dx   0.001573
----
Improvement on iteration 148 =        0.000025229
-----------------
f at the beginning of new iteration,       822.4471741136
Predicted improvement:        0.000000375
lambda =          1; f =          822.4471736
lambda =     1.9332; f =          822.4471738
lambda =     1.3017; f =          822.4471736
Norm of dx  0.0002457
----
Improvement on iteration 149 =        0.000000562
-----------------
f at the beginning of new iteration,       822.4471735517
Predicted improvement:        0.000000017
lambda =          1; f =          822.4471735
lambda =     1.9332; f =          822.4471736
lambda =     1.3017; f =          822.4471735
lambda =     1.6503; f =          822.4471736
lambda =     1.4313; f =          822.4471735
lambda =     1.3141; f =          822.4471736
Norm of dx 2.9492e-05
Cliff.  Perturbing search direction.
Predicted improvement:        0.000018472
lambda =          1; f =          822.4471638
lambda =    0.33333; f =          822.4471642
lambda =    0.64439; f =          822.4471611
Norm of dx  0.0034667

badg2 =

     0

----
Improvement on iteration 150 =        0.000012493
-----------------
f at the beginning of new iteration,       822.4471610584
Predicted improvement:        0.000010797
lambda =          1; f =          822.4471414
lambda =     1.9332; f =          822.4471269
lambda =     3.7372; f =          822.4471087
Norm of dx   0.002053
----
Improvement on iteration 151 =        0.000052323
-----------------
f at the beginning of new iteration,       822.4471087356
Predicted improvement:        0.000008392
lambda =          1; f =          822.4471000
Norm of dx  0.0034718
----
Improvement on iteration 152 =        0.000008768
-----------------
f at the beginning of new iteration,       822.4470999680
Predicted improvement:        0.000000070
lambda =          1; f =          822.4471000
lambda =    0.33333; f =          822.4471000
lambda =    0.11111; f =          822.4470999
lambda =     0.2148; f =          822.4471000
lambda =    0.14463; f =          822.4470999
lambda =    0.18337; f =          822.4471000
lambda =    0.15903; f =          822.4471000
lambda =    0.17322; f =          822.4470999
lambda =    0.18867; f =          822.4470999
lambda =    0.20549; f =          822.4470999
lambda =    0.22382; f =          822.4471000
lambda =    0.21263; f =          822.4471000
Norm of dx 9.1067e-05
----
Improvement on iteration 153 =        0.000000082
improvement < crit termination
warning: possible inaccuracy in H matrix

Final value of minus the log posterior (or likelihood):822.447100 

MODE CHECK

Fval obtained by the minimization routine (minus the posterior/likelihood)): 822.447100
Exiting fzero: aborting search for an interval containing a sign change
    because complex function value encountered during search.
(Function value at -7 is -2.4656+0.03633i.)
Check function or try again with a different starting value.
Exiting fzero: aborting search for an interval containing a sign change
    because complex function value encountered during search.
(Function value at -7 is -2.2521+0.046538i.)
Check function or try again with a different starting value.
Exiting fzero: aborting search for an interval containing a sign change
    because complex function value encountered during search.
(Function value at -7 is -5.0936+0.0027723i.)
Check function or try again with a different starting value.

RESULTS FROM POSTERIOR ESTIMATION
parameters
           prior mean     mode    s.d. prior pstdev

alpha          0.330   0.1904  0.0213 beta  0.0500 
zeta_p         0.600   0.6966  0.0332 beta  0.2000 
iota_p         0.500   0.1268  0.0803 beta  0.2000 
s_bis          0.500   0.4599  0.0789 gamm  0.1000 
h              0.700   0.7229  0.0342 beta  0.0500 
a_bis          0.200   0.0403  0.0271 gamm  0.1000 
nu_l           2.000   2.2950  0.6726 gamm  0.7500 
zeta_w         0.600   0.3229  0.0427 beta  0.2000 
iota_w         0.500   0.0732  0.0448 beta  0.2000 
r_star         2.000   1.5582  0.4142 gamm  1.0000 
psi_1          1.500   1.5186  0.0885 gamm  0.4000 
psi_2          0.200   0.0191  0.0102 gamm  0.1000 
rho_R          0.500   0.5362  0.0441 beta  0.2000 
pi_star        3.010   4.0937  0.9828 norm  1.5000 
gamma_star     2.000   2.8200  0.2770 gamm  1.0000 
lambda_f       0.150   0.2429  0.1050 gamm  0.1000 
gg_star        0.300   0.2712  0.0743 gamm  0.1000 
L_adj        662.000 662.1371  0.9896 norm  1.0000 
D_adj          0.500   0.3835  0.0837 norm  0.1000 
chi            0.120   0.1208  0.0099 beta  0.0100 
nu             0.975   0.9767  0.0009 beta  0.0010 
sigma          0.300   0.2972  0.0101 gamm  0.0100 
rho_z          0.200   0.0669  0.0425 beta  0.1000 
rho_phi        0.600   0.9688  0.0089 beta  0.2000 
rho_lambda_f   0.600   0.9952  0.0036 beta  0.2000 
rho_mu         0.800   0.7710  0.0541 beta  0.0500 
rho_b          0.600   0.1419  0.0823 beta  0.2000 
rho_g          0.800   0.9170  0.0198 beta  0.0500 
rho_sigma      0.800   0.9160  0.0216 beta  0.2000 
rho_nu         0.800   0.4481  0.0828 beta  0.2000 

standard deviation of shocks
           prior mean     mode    s.d. prior pstdev

eps_z          0.500   0.6626  0.0510 invg     Inf 
eps_phi        2.000   3.8437  0.9198 invg     Inf 
eps_lambda_f   0.500   6.0158  2.1773 invg     Inf 
eps_mu         0.500   0.6999  0.0861 invg     Inf 
eps_b          0.500   1.6715  0.2426 invg     Inf 
eps_g          0.500   0.6060  0.0445 invg     Inf 
eps_R          0.250   0.3078  0.0273 invg     Inf 
eps_sigma      0.500   6.5332  1.0279 invg     Inf 
eps_nu         0.500   0.7184  0.0655 invg     Inf 


Log data density [Laplace approximation] is -903.007957.

Estimation::mcmc: One Chain mode.
Estimation::mcmc: Initialization at the posterior mode.

Estimation::mcmc: Write details about the MCMC... Ok!
Estimation::mcmc: Details about the MCMC are available in KR15_FF/metropolis\KR15_FF_mh_history_0.mat

Exiting fzero: aborting search for an interval containing a sign change
    because complex function value encountered during search.
(Function value at -7 is -4.5412+0.00059891i.)
Check function or try again with a different starting value.
Exiting fzero: aborting search for an interval containing a sign change
    because complex function value encountered during search.
(Function value at -7 is -1.9823+0.046868i.)
Check function or try again with a different starting value.
Exiting fzero: aborting search for an interval containing a sign change
    because complex function value encountered during search.
(Function value at -7 is -1.9277+0.0015216i.)
Check function or try again with a different starting value.
Exiting fzero: aborting search for an interval containing a sign change
    because complex function value encountered during search.
(Function value at -7 is -1.8673-0.040399i.)
Check function or try again with a different starting value.
Exiting fzero: aborting search for an interval containing a sign change
    because complex function value encountered during search.
(Function value at -7 is -3.5577+6.2159e-05i.)
Check function or try again with a different starting value.
Exiting fzero: aborting search for an interval containing a sign change
    because complex function value encountered during search.
(Function value at -7 is -3.0305+0.00010845i.)
Check function or try again with a different starting value.
Exiting fzero: aborting search for an interval containing a sign change
    because complex function value encountered during search.
(Function value at -7 is -2.6697-0.0025534i.)
Check function or try again with a different starting value.
Exiting fzero: aborting search for an interval containing a sign change
    because complex function value encountered during search.
(Function value at -7 is -2.9686-0.0030084i.)
Check function or try again with a different starting value.
Exiting fzero: aborting search for an interval containing a sign change
    because complex function value encountered during search.
(Function value at -7 is -2.915-0.002374i.)
Check function or try again with a different starting value.
Exiting fzero: aborting search for an interval containing a sign change
    because complex function value encountered during search.
(Function value at -7 is -3.0586+0.00039262i.)
Check function or try again with a different starting value.
Exiting fzero: aborting search for an interval containing a sign change
    because complex function value encountered during search.
(Function value at -7 is -3.0273+0.0036496i.)
Check function or try again with a different starting value.
Exiting fzero: aborting search for an interval containing a sign change
    because complex function value encountered during search.
(Function value at -7 is -2.9901+0.0037297i.)
Check function or try again with a different starting value.
Exiting fzero: aborting search for an interval containing a sign change
    because complex function value encountered during search.
(Function value at -7 is -3.165-0.00088942i.)
Check function or try again with a different starting value.
Exiting fzero: aborting search for an interval containing a sign change
    because complex function value encountered during search.
(Function value at -7 is -2.8683+0.0002758i.)
Check function or try again with a different starting value.
Exiting fzero: aborting search for an interval containing a sign change
    because complex function value encountered during search.
(Function value at -7 is -3.0786+0.0019258i.)
Check function or try again with a different starting value.
Exiting fzero: aborting search for an interval containing a sign change
    because complex function value encountered during search.
(Function value at -7 is -3.2264+0.00050427i.)
Check function or try again with a different starting value.
Exiting fzero: aborting search for an interval containing a sign change
    because complex function value encountered during search.
(Function value at -7 is -3.1518-0.001545i.)
Check function or try again with a different starting value.
Exiting fzero: aborting search for an interval containing a sign change
    because complex function value encountered during search.
(Function value at -7 is -2.9102+0.0024403i.)
Check function or try again with a different starting value.
Exiting fzero: aborting search for an interval containing a sign change
    because complex function value encountered during search.
(Function value at -7 is -3.0535+0.00090311i.)
Check function or try again with a different starting value.
Exiting fzero: aborting search for an interval containing a sign change
    because complex function value encountered during search.
(Function value at -7 is -3.0991-0.0020484i.)
Check function or try again with a different starting value.
Exiting fzero: aborting search for an interval containing a sign change
    because complex function value encountered during search.
(Function value at -7 is -3.4132-0.0014363i.)
Check function or try again with a different starting value.
Exiting fzero: aborting search for an interval containing a sign change
    because complex function value encountered during search.
(Function value at -7 is -3.7993+0.00069994i.)
Check function or try again with a different starting value.
Exiting fzero: aborting search for an interval containing a sign change
    because complex function value encountered during search.
(Function value at -7 is -1.8526-0.012877i.)
Check function or try again with a different starting value.
Exiting fzero: aborting search for an interval containing a sign change
    because complex function value encountered during search.
(Function value at -7 is -4.5355+0.0023819i.)
Check function or try again with a different starting value.
Exiting fzero: aborting search for an interval containing a sign change
    because complex function value encountered during search.
(Function value at -7 is -1.9937-0.014203i.)
Check function or try again with a different starting value.
Exiting fzero: aborting search for an interval containing a sign change
    because complex function value encountered during search.
(Function value at -7 is -2.0793-0.011867i.)
Check function or try again with a different starting value.
Exiting fzero: aborting search for an interval containing a sign change
    because complex function value encountered during search.
(Function value at -7 is -2.1522+0.042061i.)
Check function or try again with a different starting value.
Exiting fzero: aborting search for an interval containing a sign change
    because complex function value encountered during search.
(Function value at -7 is -2.1916+0.043603i.)
Check function or try again with a different starting value.
Exiting fzero: aborting search for an interval containing a sign change
    because complex function value encountered during search.
(Function value at -7 is -4.4662+0.0004649i.)
Check function or try again with a different starting value.
Exiting fzero: aborting search for an interval containing a sign change
    because complex function value encountered during search.
(Function value at -7 is -4.5875-0.014781i.)
Check function or try again with a different starting value.
Exiting fzero: aborting search for an interval containing a sign change
    because complex function value encountered during search.
(Function value at -7 is -4.5227-0.0075604i.)
Check function or try again with a different starting value.
Exiting fzero: aborting search for an interval containing a sign change
    because complex function value encountered during search.
(Function value at -7 is -4.4485-0.002931i.)
Check function or try again with a different starting value.
Exiting fzero: aborting search for an interval containing a sign change
    because complex function value encountered during search.
(Function value at -7 is -4.8872-0.013319i.)
Check function or try again with a different starting value.
Exiting fzero: aborting search for an interval containing a sign change
    because complex function value encountered during search.
(Function value at -7 is -4.6943-0.0078622i.)
Check function or try again with a different starting value.
Exiting fzero: aborting search for an interval containing a sign change
    because complex function value encountered during search.
(Function value at -7 is -4.2866-0.00065634i.)
Check function or try again with a different starting value.
Exiting fzero: aborting search for an interval containing a sign change
    because complex function value encountered during search.
(Function value at -7 is -4.4355-0.00046946i.)
Check function or try again with a different starting value.
Exiting fzero: aborting search for an interval containing a sign change
    because complex function value encountered during search.
(Function value at -7 is -4.3386-0.0004188i.)
Check function or try again with a different starting value.
Exiting fzero: aborting search for an interval containing a sign change
    because complex function value encountered during search.
(Function value at -7 is -3.4867-0.0040077i.)
Check function or try again with a different starting value.
Exiting fzero: aborting search for an interval containing a sign change
    because complex function value encountered during search.
(Function value at -7 is -3.0689-0.0033036i.)
Check function or try again with a different starting value.
Exiting fzero: aborting search for an interval containing a sign change
    because complex function value encountered during search.
(Function value at -7 is -3.1534-0.0029139i.)
Check function or try again with a different starting value.
Exiting fzero: aborting search for an interval containing a sign change
    because complex function value encountered during search.
(Function value at -7 is -3.3467+0.0038321i.)
Check function or try again with a different starting value.
Exiting fzero: aborting search for an interval containing a sign change
    because complex function value encountered during search.
(Function value at -7 is -3.3045-0.0004327i.)
Check function or try again with a different starting value.
Exiting fzero: aborting search for an interval containing a sign change
    because complex function value encountered during search.
(Function value at -7 is -3.6659+0.0051591i.)
Check function or try again with a different starting value.
Exiting fzero: aborting search for an interval containing a sign change
    because complex function value encountered during search.
(Function value at -7 is -3.7948+0.0035429i.)
Check function or try again with a different starting value.
Exiting fzero: aborting search for an interval containing a sign change
    because complex function value encountered during search.
(Function value at -7 is -3.7258+0.0052443i.)
Check function or try again with a different starting value.
Exiting fzero: aborting search for an interval containing a sign change
    because complex function value encountered during search.
(Function value at -7 is -3.4878+0.0065646i.)
Check function or try again with a different starting value.
Exiting fzero: aborting search for an interval containing a sign change
    because complex function value encountered during search.
(Function value at -7 is -3.5638+0.0044959i.)
Check function or try again with a different starting value.
Exiting fzero: aborting search for an interval containing a sign change
    because complex function value encountered during search.
(Function value at -7 is -3.5628+0.0058717i.)
Check function or try again with a different starting value.
Exiting fzero: aborting search for an interval containing a sign change
    because complex function value encountered during search.
(Function value at -7 is -3.6234+0.0062878i.)
Check function or try again with a different starting value.
Exiting fzero: aborting search for an interval containing a sign change
    because complex function value encountered during search.
(Function value at -7 is -4.1786-0.00036714i.)
Check function or try again with a different starting value.
Exiting fzero: aborting search for an interval containing a sign change
    because complex function value encountered during search.
(Function value at -7 is -4.3014-0.00052856i.)
Check function or try again with a different starting value.
Exiting fzero: aborting search for an interval containing a sign change
    because complex function value encountered during search.
(Function value at -7 is -3.829-0.00017414i.)
Check function or try again with a different starting value.
Exiting fzero: aborting search for an interval containing a sign change
    because complex function value encountered during search.
(Function value at -7 is -3.9296-0.00070585i.)
Check function or try again with a different starting value.
Exiting fzero: aborting search for an interval containing a sign change
    because complex function value encountered during search.
(Function value at -7 is -3.722-0.00079473i.)
Check function or try again with a different starting value.
Exiting fzero: aborting search for an interval containing a sign change
    because complex function value encountered during search.
(Function value at -7 is -4.0704+0.0026489i.)
Check function or try again with a different starting value.
Exiting fzero: aborting search for an interval containing a sign change
    because complex function value encountered during search.
(Function value at -7 is -4.2453+0.0047386i.)
Check function or try again with a different starting value.
Exiting fzero: aborting search for an interval containing a sign change
    because complex function value encountered during search.
(Function value at -7 is -4.2944+0.0041259i.)
Check function or try again with a different starting value.
Exiting fzero: aborting search for an interval containing a sign change
    because complex function value encountered during search.
(Function value at -7 is -4.3728+0.0054344i.)
Check function or try again with a different starting value.
Exiting fzero: aborting search for an interval containing a sign change
    because complex function value encountered during search.
(Function value at -7 is -4.0805+0.0070887i.)
Check function or try again with a different starting value.
Exiting fzero: aborting search for an interval containing a sign change
    because complex function value encountered during search.
(Function value at -7 is -3.6301+0.01059i.)
Check function or try again with a different starting value.
Exiting fzero: aborting search for an interval containing a sign change
    because complex function value encountered during search.
(Function value at -7 is -5.1513+0.0024054i.)
Check function or try again with a different starting value.
Exiting fzero: aborting search for an interval containing a sign change
    because complex function value encountered during search.
(Function value at -7 is -3.7113+0.0012867i.)
Check function or try again with a different starting value.
Exiting fzero: aborting search for an interval containing a sign change
    because complex function value encountered during search.
(Function value at -7 is -3.9407+0.0046971i.)
Check function or try again with a different starting value.
Exiting fzero: aborting search for an interval containing a sign change
    because complex function value encountered during search.
(Function value at -7 is -3.579+0.0040565i.)
Check function or try again with a different starting value.
Exiting fzero: aborting search for an interval containing a sign change
    because complex function value encountered during search.
(Function value at -7 is -4.2351+0.0036769i.)
Check function or try again with a different starting value.
Exiting fzero: aborting search for an interval containing a sign change
    because complex function value encountered during search.
(Function value at -7 is -2.3524-0.0032192i.)
Check function or try again with a different starting value.
Exiting fzero: aborting search for an interval containing a sign change
    because complex function value encountered during search.
(Function value at -7 is -3.2095-0.00047361i.)
Check function or try again with a different starting value.
Exiting fzero: aborting search for an interval containing a sign change
    because complex function value encountered during search.
(Function value at -7 is -3.2135+0.0022975i.)
Check function or try again with a different starting value.
Exiting fzero: aborting search for an interval containing a sign change
    because complex function value encountered during search.
(Function value at -7 is -3.7223-0.00070601i.)
Check function or try again with a different starting value.
Exiting fzero: aborting search for an interval containing a sign change
    because complex function value encountered during search.
(Function value at -7 is -5.9865-0.00017991i.)
Check function or try again with a different starting value.
Exiting fzero: aborting search for an interval containing a sign change
    because complex function value encountered during search.
(Function value at -7 is -6.5067-8.8886e-05i.)
Check function or try again with a different starting value.
Exiting fzero: aborting search for an interval containing a sign change
    because complex function value encountered during search.
(Function value at -7 is -3.7124-0.00063662i.)
Check function or try again with a different starting value.
Exiting fzero: aborting search for an interval containing a sign change
    because complex function value encountered during search.
(Function value at -7 is -3.6015-5.9284e-06i.)
Check function or try again with a different starting value.
Exiting fzero: aborting search for an interval containing a sign change
    because complex function value encountered during search.
(Function value at -7 is -3.0771+0.0062563i.)
Check function or try again with a different starting value.

Estimation::mcmc: Number of mh files: 4 per block.
Estimation::mcmc: Total number of generated files: 4.
Estimation::mcmc: Total number of iterations: 1000000.
Estimation::mcmc: Current acceptance ratio per chain: 
                                                       Chain  1: 25.9474%
Estimation::mcmc: Total number of MH draws per chain: 1000000.
Estimation::mcmc: Total number of generated MH files: 4.
Estimation::mcmc: I'll use mh-files 1 to 4.
Estimation::mcmc: In MH-file number 1 I'll start at line 300001.
Estimation::mcmc: Finally I keep 700000 draws per chain.



MCMC Inefficiency factors per block
Parameter             Block 1
SE_eps_z              277.232
SE_eps_phi            345.213
SE_eps_lambda_f       670.591
SE_eps_mu             231.539
SE_eps_b              320.500
SE_eps_g              213.302
SE_eps_R              205.337
SE_eps_sigma          342.536
SE_eps_nu             212.015
alpha                 342.927
zeta_p                268.308
iota_p                309.350
s_bis                 266.039
h                     264.608
a_bis                 677.929
nu_l                  302.759
zeta_w                236.427
iota_w                182.453
r_star                208.439
psi_1                 489.187
psi_2                 659.360
rho_R                 261.953
pi_star               283.877
gamma_star            235.756
lambda_f              476.072
gg_star               217.157
L_adj                 184.839
D_adj                 229.800
chi                   183.909
nu                    177.046
sigma                 194.514
rho_z                 274.476
rho_phi               341.395
rho_lambda_f          489.189
rho_mu                167.824
rho_b                 213.413
rho_g                 176.907
rho_sigma             188.934
rho_nu                308.335


Geweke (1992) Convergence Tests, based on means of draws 300000 to 440000 vs 650000 to 1000000.
p-values are for Chi2-test for equality of means.
Parameter               Post. Mean        Post. Std   p-val No Taper   p-val 4% Taper   p-val 8% Taper  p-val 15% Taper
SE_eps_z                     0.694            0.058            0.000            0.041            0.104            0.142
SE_eps_phi                   4.836            1.164            0.000            0.783            0.769            0.721
SE_eps_lambda_f              8.137            3.854            0.000            0.771            0.802            0.809
SE_eps_mu                    0.716            0.092            0.000            0.089            0.170            0.241
SE_eps_b                     1.740            0.279            0.000            0.159            0.266            0.321
SE_eps_g                     0.632            0.049            0.008            0.884            0.894            0.888
SE_eps_R                     0.316            0.029            0.000            0.295            0.292            0.229
SE_eps_sigma                 7.425            1.270            0.000            0.020            0.071            0.123
SE_eps_nu                    0.744            0.068            0.000            0.634            0.640            0.606
alpha                        0.199            0.024            0.000            0.100            0.208            0.279
zeta_p                       0.681            0.038            0.000            0.047            0.029            0.017
iota_p                       0.182            0.097            0.000            0.017            0.057            0.101
s_bis                        0.443            0.083            0.000            0.077            0.167            0.229
h                            0.719            0.036            0.000            0.311            0.421            0.485
a_bis                        0.136            0.095            0.000            0.039            0.062            0.056
nu_l                         2.954            0.788            0.000            0.112            0.109            0.113
zeta_w                       0.339            0.044            0.000            0.133            0.132            0.104
iota_w                       0.087            0.043            0.000            0.742            0.750            0.752
r_star                       1.733            0.434            0.000            0.002            0.003            0.004
psi_1                        1.601            0.131            0.000            0.089            0.190            0.250
psi_2                        0.036            0.028            0.000            0.048            0.132            0.190
rho_R                        0.551            0.046            0.000            0.096            0.199            0.266
pi_star                      3.781            0.952            0.000            0.365            0.428            0.437
gamma_star                   2.691            0.304            0.000            0.003            0.011            0.015
lambda_f                     0.221            0.100            0.000            0.482            0.550            0.559
gg_star                      0.278            0.059            0.000            0.291            0.347            0.365
L_adj                      662.071            0.992            0.000            0.212            0.271            0.272
D_adj                        0.434            0.079            0.000            0.065            0.100            0.125
chi                          0.121            0.010            0.000            0.552            0.555            0.522
nu                           0.977            0.001            0.000            0.055            0.100            0.129
sigma                        0.295            0.010            0.702            0.980            0.982            0.982
rho_z                        0.106            0.052            0.000            0.252            0.282            0.297
rho_phi                      0.961            0.011            0.000            0.040            0.087            0.099
rho_lambda_f                 0.990            0.006            0.000            0.076            0.159            0.211
rho_mu                       0.762            0.051            0.196            0.918            0.918            0.921
rho_b                        0.171            0.083            0.000            0.489            0.539            0.589
rho_g                        0.914            0.019            0.000            0.076            0.077            0.078
rho_sigma                    0.915            0.021            0.000            0.274            0.211            0.197
rho_nu                       0.504            0.084            0.000            0.014            0.055            0.091


Estimation::marginal density: I'm computing the posterior mean and covariance...  Done!
Estimation::marginal density: I'm computing the posterior log marginal density (modified harmonic mean)... Done!


ESTIMATION RESULTS

Log data density is -901.045447.

parameters
               prior mean   post. mean        90% HPD interval    prior       pstdev

alpha               0.330       0.2004      0.1618      0.2366   beta        0.0500
zeta_p              0.600       0.6814      0.6201      0.7447   beta        0.2000
iota_p              0.500       0.1837      0.0331      0.3284   beta        0.2000
s_bis               0.500       0.4421      0.3047      0.5782   gamm        0.1000
h                   0.700       0.7202      0.6610      0.7805   beta        0.0500
a_bis               0.200       0.1343      0.0162      0.2747   gamm        0.1000
nu_l                2.000       2.9606      1.6655      4.1829   gamm        0.7500
zeta_w              0.600       0.3402      0.2693      0.4144   beta        0.2000
iota_w              0.500       0.0865      0.0177      0.1501   beta        0.2000
r_star              2.000       1.7343      1.0279      2.4482   gamm        1.0000
psi_1               1.500       1.6068      1.4061      1.7814   gamm        0.4000
psi_2               0.200       0.0375      0.0064      0.0629   gamm        0.1000
rho_R               0.500       0.5522      0.4781      0.6306   beta        0.2000
pi_star             3.010       3.7705      2.2583      5.4135   norm        1.5000
gamma_star          2.000       2.6886      2.1887      3.1867   gamm        1.0000
lambda_f            0.150       0.2168      0.0576      0.3530   gamm        0.1000
gg_star             0.300       0.2761      0.1842      0.3803   gamm        0.1000
L_adj             662.000     662.0558    660.4996    663.7500   norm        1.0000
D_adj               0.500       0.4338      0.3071      0.5654   norm        0.1000
chi                 0.120       0.1208      0.1043      0.1368   beta        0.0100
nu                  0.975       0.9768      0.9753      0.9784   beta        0.0010
sigma               0.300       0.2949      0.2781      0.3108   gamm        0.0100
rho_z               0.200       0.1065      0.0238      0.1859   beta        0.1000
rho_phi             0.600       0.9609      0.9434      0.9785   beta        0.2000
rho_lambda_f        0.600       0.9901      0.9813      0.9990   beta        0.2000
rho_mu              0.800       0.7620      0.6788      0.8462   beta        0.0500
rho_b               0.600       0.1696      0.0374      0.2922   beta        0.2000
rho_g               0.800       0.9143      0.8832      0.9444   beta        0.0500
rho_sigma           0.800       0.9145      0.8796      0.9491   beta        0.2000
rho_nu              0.800       0.5058      0.3625      0.6408   beta        0.2000

standard deviation of shocks
               prior mean   post. mean        90% HPD interval    prior       pstdev

eps_z               0.500       0.6959      0.5989      0.7895   invg           Inf
eps_phi             2.000       4.8454      3.0058      6.6698   invg           Inf
eps_lambda_f        0.500       8.3447      3.4572     14.7054   invg           Inf
eps_mu              0.500       0.7154      0.5647      0.8629   invg           Inf
eps_b               0.500       1.7522      1.2953      2.1794   invg           Inf
eps_g               0.500       0.6326      0.5520      0.7104   invg           Inf
eps_R               0.250       0.3160      0.2687      0.3614   invg           Inf
eps_sigma           0.500       7.4608      5.3819      9.4370   invg           Inf
eps_nu              0.500       0.7448      0.6341      0.8564   invg           Inf
Estimation::mcmc: Posterior (dsge) IRFs...
Estimation::mcmc: Posterior IRFs, done!
Estimation::mcmc: Smoothed variables
Estimation::mcmc: Smoothed variables, done!
Estimation::mcmc: Smoothed shocks
Estimation::mcmc: Smoothed shocks, done!
Estimation::mcmc: Trend_coefficients
Estimation::mcmc: Trend_coefficients, done!
Estimation::mcmc: Smoothed constant
Estimation::mcmc: Smoothed constant, done!
Estimation::mcmc: Smoothed trend
Estimation::mcmc: Smoothed trend, done!
Estimation::mcmc: Updated Variables
Estimation::mcmc: Updated Variables, done!
Estimation::mcmc: Forecasted variables (mean)
Estimation::mcmc: Forecasted variables (mean), done!
Estimation::mcmc: Forecasted variables (point)
Estimation::mcmc: Forecasted variables (point), done!
Total computing time : 9h09m12s
