Starting Dynare (version 4.5.7).
Starting preprocessing of the model file ...
Found 43 equation(s).
Evaluating expressions...done
Computing static model derivatives:
 - order 1
Computing dynamic model derivatives:
 - order 1
 - order 2
Processing outputs ...
done
Preprocessing completed.
Initial value of the log posterior (or likelihood): -644.2832
-----------------
f at the beginning of new iteration,       644.2831715209
Predicted improvement:      271.017876522
lambda =          1; f =          644.2909159
lambda =    0.33333; f =          555.3718940
Norm of dx    0.23282
----
Improvement on iteration 1 =       88.911277508
-----------------
f at the beginning of new iteration,       555.3718940126
Predicted improvement:       30.112214277
lambda =          1; f =          555.3719232
lambda =    0.33333; f =          538.8395751
lambda =    0.64439; f =          529.9667505
Norm of dx   0.081618
----
Improvement on iteration 2 =       25.405143463
-----------------
f at the beginning of new iteration,       529.9667505500
Predicted improvement:       19.089584369
lambda =          1; f =          550.5009219
lambda =    0.33333; f =          520.3643840
lambda =    0.64439; f =          520.5687436
Norm of dx   0.089318
----
Improvement on iteration 3 =        9.602366590
-----------------
f at the beginning of new iteration,       520.3643839602
Predicted improvement:       24.690530826
lambda =          1; f =          526.2024513
lambda =    0.33333; f =          509.2381607
Norm of dx    0.14406
----
Improvement on iteration 4 =       11.126223254
-----------------
f at the beginning of new iteration,       509.2381607067
Predicted improvement:        9.496830542
lambda =          1; f =          500.9579035
Norm of dx   0.082666
----
Improvement on iteration 5 =        8.280257180
-----------------
f at the beginning of new iteration,       500.9579035263
Predicted improvement:       12.766896972
lambda =          1; f =          513.1509947
lambda =    0.33333; f =          497.5045148
Norm of dx   0.093679
----
Improvement on iteration 6 =        3.453388713
-----------------
f at the beginning of new iteration,       497.5045148129
Predicted improvement:        4.987343769
lambda =          1; f =          494.2819574
Norm of dx   0.037533
----
Improvement on iteration 7 =        3.222557380
-----------------
f at the beginning of new iteration,       494.2819574331
Predicted improvement:        2.717779172
lambda =          1; f =          491.5913353
Norm of dx   0.023629
----
Improvement on iteration 8 =        2.690622112
-----------------
f at the beginning of new iteration,       491.5913353206
Predicted improvement:        0.927331944
lambda =          1; f =          490.1706373
lambda =     1.9332; f =          489.6636368
Norm of dx    0.01915
----
Improvement on iteration 9 =        1.927698537
-----------------
f at the beginning of new iteration,       489.6636367837
Predicted improvement:        1.688202054
lambda =          1; f =          487.9890691
Norm of dx   0.039617
----
Improvement on iteration 10 =        1.674567712
-----------------
f at the beginning of new iteration,       487.9890690714
Predicted improvement:        1.008255293
lambda =          1; f =          486.4570772
lambda =     1.9332; f =          485.9055813
Norm of dx   0.028701
----
Improvement on iteration 11 =        2.083487802
-----------------
f at the beginning of new iteration,       485.9055812696
Predicted improvement:        0.953780756
lambda =          1; f =          484.2326306
lambda =     1.9332; f =          483.0695947
lambda =     3.7372; f =          481.8412353
Norm of dx   0.035795
----
Improvement on iteration 12 =        4.064345992
-----------------
f at the beginning of new iteration,       481.8412352781
Predicted improvement:        1.778557989
lambda =          1; f =          479.3727817
Norm of dx   0.064794
----
Improvement on iteration 13 =        2.468453588
-----------------
f at the beginning of new iteration,       479.3727816902
Predicted improvement:        0.927433627
lambda =          1; f =          478.1274700
Norm of dx   0.039661
----
Improvement on iteration 14 =        1.245311642
-----------------
f at the beginning of new iteration,       478.1274700481
Predicted improvement:        0.580166502
lambda =          1; f =          477.1654356
lambda =     1.9332; f =          476.6222279
Norm of dx   0.034368
----
Improvement on iteration 15 =        1.505242194
-----------------
f at the beginning of new iteration,       476.6222278544
Predicted improvement:        1.274251190
lambda =          1; f =          474.3231509
lambda =     1.9332; f =          472.6078681
lambda =     3.7372; f =          470.8539832
Norm of dx   0.075881
----
Improvement on iteration 16 =        5.768244660
-----------------
f at the beginning of new iteration,       470.8539831939
Predicted improvement:        3.744567666
lambda =          1; f =          467.2085272
Norm of dx    0.13636
----
Improvement on iteration 17 =        3.645455991
-----------------
f at the beginning of new iteration,       467.2085272025
Predicted improvement:       13.606984385
lambda =          1; f =          468.7298051
lambda =    0.33333; f =          461.4860089
Norm of dx     0.1729
----
Improvement on iteration 18 =        5.722518352
-----------------
f at the beginning of new iteration,       461.4860088503
Predicted improvement:        8.575481055
lambda =          1; f =          463.7406433
lambda =    0.33333; f =          458.4494821
Norm of dx    0.11689
----
Improvement on iteration 19 =        3.036526743
-----------------
f at the beginning of new iteration,       458.4494821069
Predicted improvement:        2.877278217
lambda =          1; f =          456.8594562
lambda =    0.33333; f =          456.9304303
lambda =    0.64439; f =          456.3241238
Norm of dx   0.077374
----
Improvement on iteration 20 =        2.125358344
-----------------
f at the beginning of new iteration,       456.3241237630
Predicted improvement:        1.261894670
lambda =          1; f =          454.9920147
Norm of dx   0.039116
----
Improvement on iteration 21 =        1.332109049
-----------------
f at the beginning of new iteration,       454.9920147144
Predicted improvement:        1.269676023
lambda =          1; f =          453.7661733
Norm of dx   0.033071
----
Improvement on iteration 22 =        1.225841452
-----------------
f at the beginning of new iteration,       453.7661732624
Predicted improvement:        0.616040482
lambda =          1; f =          452.9348131
Norm of dx   0.026114
----
Improvement on iteration 23 =        0.831360155
-----------------
f at the beginning of new iteration,       452.9348131077
Predicted improvement:        0.445087815
lambda =          1; f =          452.3855660
Norm of dx   0.031647
----
Improvement on iteration 24 =        0.549247069
-----------------
f at the beginning of new iteration,       452.3855660384
Predicted improvement:        0.218576492
lambda =          1; f =          452.0614957
lambda =     1.9332; f =          451.9654227
Norm of dx   0.018041
----
Improvement on iteration 25 =        0.420143307
-----------------
f at the beginning of new iteration,       451.9654227311
Predicted improvement:        0.232123618
lambda =          1; f =          451.6478282
Norm of dx   0.013769
----
Improvement on iteration 26 =        0.317594537
-----------------
f at the beginning of new iteration,       451.6478281945
Predicted improvement:        0.355570046
lambda =          1; f =          451.1578517
Norm of dx      0.025
----
Improvement on iteration 27 =        0.489976460
-----------------
f at the beginning of new iteration,       451.1578517344
Predicted improvement:        0.321356786
lambda =          1; f =          450.7179911
Norm of dx   0.027927
----
Improvement on iteration 28 =        0.439860651
-----------------
f at the beginning of new iteration,       450.7179910831
Predicted improvement:        0.336624432
lambda =          1; f =          450.2140622
lambda =     1.9332; f =          450.0865702
Norm of dx   0.029927
----
Improvement on iteration 29 =        0.631420893
-----------------
f at the beginning of new iteration,       450.0865701901
Predicted improvement:        0.435299354
lambda =          1; f =          449.4112788
lambda =     1.9332; f =          449.1037414
Norm of dx   0.023807
----
Improvement on iteration 30 =        0.982828784
-----------------
f at the beginning of new iteration,       449.1037414060
Predicted improvement:        0.413090348
lambda =          1; f =          448.4713698
lambda =     1.9332; f =          448.2476509
Norm of dx   0.050993
----
Improvement on iteration 31 =        0.856090513
-----------------
f at the beginning of new iteration,       448.2476508928
Predicted improvement:        0.356246764
lambda =          1; f =          447.6459415
lambda =     1.9332; f =          447.2808553
lambda =     3.7372; f =          447.1006239
Norm of dx   0.034536
----
Improvement on iteration 32 =        1.147026946
-----------------
f at the beginning of new iteration,       447.1006239470
Predicted improvement:        0.572969790
lambda =          1; f =          446.2542104
lambda =     1.9332; f =          445.9810473
Norm of dx   0.035265
----
Improvement on iteration 33 =        1.119576609
-----------------
f at the beginning of new iteration,       445.9810473380
Predicted improvement:        0.524298498
lambda =          1; f =          445.1287891
lambda =     1.9332; f =          444.6920961
Norm of dx   0.054701
----
Improvement on iteration 34 =        1.288951218
-----------------
f at the beginning of new iteration,       444.6920961196
Predicted improvement:        0.594946367
lambda =          1; f =          443.8002580
lambda =     1.9332; f =          443.5648177
Norm of dx    0.10042
----
Improvement on iteration 35 =        1.127278422
-----------------
f at the beginning of new iteration,       443.5648176975
Predicted improvement:        0.336551708
lambda =          1; f =          443.0578416
lambda =     1.9332; f =          442.8800055
Norm of dx   0.023634
----
Improvement on iteration 36 =        0.684812217
-----------------
f at the beginning of new iteration,       442.8800054807
Predicted improvement:        0.306943188
lambda =          1; f =          442.4110032
lambda =     1.9332; f =          442.2521273
Norm of dx     0.0254
----
Improvement on iteration 37 =        0.627878135
-----------------
f at the beginning of new iteration,       442.2521273457
Predicted improvement:        0.417942603
lambda =          1; f =          441.5714156
lambda =     1.9332; f =          441.2000569
Norm of dx   0.049357
----
Improvement on iteration 38 =        1.052070409
-----------------
f at the beginning of new iteration,       441.2000569372
Predicted improvement:        0.899220963
lambda =          1; f =          439.8413469
lambda =     1.9332; f =          439.4340969
Norm of dx    0.16272
----
Improvement on iteration 39 =        1.765960041
-----------------
f at the beginning of new iteration,       439.4340968966
Predicted improvement:        1.059360798
lambda =          1; f =          437.8469849
lambda =     1.9332; f =          437.3412446
Norm of dx   0.075169
----
Improvement on iteration 40 =        2.092852315
-----------------
f at the beginning of new iteration,       437.3412445820
Predicted improvement:        1.103453951
lambda =          1; f =          436.1026453
Norm of dx    0.11253
----
Improvement on iteration 41 =        1.238599270
-----------------
f at the beginning of new iteration,       436.1026453122
Predicted improvement:        0.338305458
lambda =          1; f =          435.6790414
Norm of dx   0.032641
----
Improvement on iteration 42 =        0.423603953
-----------------
f at the beginning of new iteration,       435.6790413593
Predicted improvement:        0.320553904
lambda =          1; f =          435.3347906
Norm of dx   0.089184
----
Improvement on iteration 43 =        0.344250712
-----------------
f at the beginning of new iteration,       435.3347906476
Predicted improvement:        0.165383201
lambda =          1; f =          435.1352984
Norm of dx   0.024593
----
Improvement on iteration 44 =        0.199492215
-----------------
f at the beginning of new iteration,       435.1352984328
Predicted improvement:        0.129303624
lambda =          1; f =          434.9636170
Norm of dx    0.02831
----
Improvement on iteration 45 =        0.171681444
-----------------
f at the beginning of new iteration,       434.9636169883
Predicted improvement:        0.098929959
lambda =          1; f =          434.8235287
lambda =     1.9332; f =          434.7955751
Norm of dx    0.01429
----
Improvement on iteration 46 =        0.168041936
-----------------
f at the beginning of new iteration,       434.7955750522
Predicted improvement:        0.083860549
lambda =          1; f =          434.6529385
lambda =     1.9332; f =          434.5653276
lambda =     3.7372; f =          434.5221428
Norm of dx   0.010712
----
Improvement on iteration 47 =        0.273432290
-----------------
f at the beginning of new iteration,       434.5221427621
Predicted improvement:        0.151797148
lambda =          1; f =          434.2761963
lambda =     1.9332; f =          434.1485164
Norm of dx   0.013961
----
Improvement on iteration 48 =        0.373626316
-----------------
f at the beginning of new iteration,       434.1485164464
Predicted improvement:        0.149848825
lambda =          1; f =          433.9245773
lambda =     1.9332; f =          433.8543307
Norm of dx   0.040307
----
Improvement on iteration 49 =        0.294185699
-----------------
f at the beginning of new iteration,       433.8543307471
Predicted improvement:        0.099303701
lambda =          1; f =          433.6882339
lambda =     1.9332; f =          433.5905374
Norm of dx   0.011534
----
Improvement on iteration 50 =        0.263793362
-----------------
f at the beginning of new iteration,       433.5905373853
Predicted improvement:        0.217564256
lambda =          1; f =          433.2860831
Norm of dx   0.071967
----
Improvement on iteration 51 =        0.304454315
-----------------
f at the beginning of new iteration,       433.2860830700
Predicted improvement:        0.176502464
lambda =          1; f =          433.0382543
lambda =     1.9332; f =          432.9968148
Norm of dx   0.052229
----
Improvement on iteration 52 =        0.289268257
-----------------
f at the beginning of new iteration,       432.9968148132
Predicted improvement:        0.086983565
lambda =          1; f =          432.8557807
lambda =     1.9332; f =          432.7838051
Norm of dx  0.0083085
----
Improvement on iteration 53 =        0.213009756
-----------------
f at the beginning of new iteration,       432.7838050570
Predicted improvement:        0.095643838
lambda =          1; f =          432.6420224
lambda =     1.9332; f =          432.6014300
Norm of dx   0.015212
----
Improvement on iteration 54 =        0.182375069
-----------------
f at the beginning of new iteration,       432.6014299882
Predicted improvement:        0.080318014
lambda =          1; f =          432.4763805
lambda =     1.9332; f =          432.4343663
Norm of dx   0.030357
----
Improvement on iteration 55 =        0.167063696
-----------------
f at the beginning of new iteration,       432.4343662918
Predicted improvement:        0.170040038
lambda =          1; f =          432.2273023
Norm of dx   0.040479
----
Improvement on iteration 56 =        0.207063973
-----------------
f at the beginning of new iteration,       432.2273023192
Predicted improvement:        0.062571958
lambda =          1; f =          432.1441145
Norm of dx   0.016815
----
Improvement on iteration 57 =        0.083187850
-----------------
f at the beginning of new iteration,       432.1441144691
Predicted improvement:        0.026329570
lambda =          1; f =          432.1100385
Norm of dx  0.0093097
----
Improvement on iteration 58 =        0.034075992
-----------------
f at the beginning of new iteration,       432.1100384767
Predicted improvement:        0.013695551
lambda =          1; f =          432.0888793
lambda =     1.9332; f =          432.0805224
Norm of dx  0.0053559
----
Improvement on iteration 59 =        0.029516091
-----------------
f at the beginning of new iteration,       432.0805223853
Predicted improvement:        0.018663022
lambda =          1; f =          432.0491116
lambda =     1.9332; f =          432.0303788
Norm of dx  0.0066399
----
Improvement on iteration 60 =        0.050143580
-----------------
f at the beginning of new iteration,       432.0303788056
Predicted improvement:        0.056019673
lambda =          1; f =          431.9482330
lambda =     1.9332; f =          431.9257185
Norm of dx   0.016013
----
Improvement on iteration 61 =        0.104660333
-----------------
f at the beginning of new iteration,       431.9257184723
Predicted improvement:        0.028390887
lambda =          1; f =          431.8809197
lambda =     1.9332; f =          431.8604060
Norm of dx   0.012022
----
Improvement on iteration 62 =        0.065312479
-----------------
f at the beginning of new iteration,       431.8604059933
Predicted improvement:        0.022136938
lambda =          1; f =          431.8262692
lambda =     1.9332; f =          431.8137309
Norm of dx  0.0090982
----
Improvement on iteration 63 =        0.046675118
-----------------
f at the beginning of new iteration,       431.8137308750
Predicted improvement:        0.025108355
lambda =          1; f =          431.7757790
lambda =     1.9332; f =          431.7622003
Norm of dx  0.0094791
----
Improvement on iteration 64 =        0.051530547
-----------------
f at the beginning of new iteration,       431.7622003281
Predicted improvement:        0.017460568
lambda =          1; f =          431.7386059
Norm of dx  0.0098513
----
Improvement on iteration 65 =        0.023594440
-----------------
f at the beginning of new iteration,       431.7386058885
Predicted improvement:        0.008977634
lambda =          1; f =          431.7252428
lambda =     1.9332; f =          431.7210389
Norm of dx  0.0074038
----
Improvement on iteration 66 =        0.017566963
-----------------
f at the beginning of new iteration,       431.7210389253
Predicted improvement:        0.006489061
lambda =          1; f =          431.7091709
lambda =     1.9332; f =          431.7001047
lambda =     3.7372; f =          431.6880842
Norm of dx  0.0035743
----
Improvement on iteration 67 =        0.032954751
-----------------
f at the beginning of new iteration,       431.6880841740
Predicted improvement:        0.014688116
lambda =          1; f =          431.6660854
lambda =     1.9332; f =          431.6590006
Norm of dx   0.011906
----
Improvement on iteration 68 =        0.029083606
-----------------
f at the beginning of new iteration,       431.6590005684
Predicted improvement:        0.010386225
lambda =          1; f =          431.6418191
lambda =     1.9332; f =          431.6323470
Norm of dx  0.0067818
----
Improvement on iteration 69 =        0.026653561
-----------------
f at the beginning of new iteration,       431.6323470075
Predicted improvement:        0.006915928
lambda =          1; f =          431.6243403
Norm of dx  0.0059619
----
Improvement on iteration 70 =        0.008006692
-----------------
f at the beginning of new iteration,       431.6243403151
Predicted improvement:        0.001957152
lambda =          1; f =          431.6210445
lambda =     1.9332; f =          431.6190839
Norm of dx  0.0036037
----
Improvement on iteration 71 =        0.005256428
-----------------
f at the beginning of new iteration,       431.6190838869
Predicted improvement:        0.003412829
lambda =          1; f =          431.6140638
lambda =     1.9332; f =          431.6126314
Norm of dx   0.005419
----
Improvement on iteration 72 =        0.006452475
-----------------
f at the beginning of new iteration,       431.6126314120
Predicted improvement:        0.001626740
lambda =          1; f =          431.6099986
lambda =     1.9332; f =          431.6086538
Norm of dx  0.0012955
----
Improvement on iteration 73 =        0.003977649
-----------------
f at the beginning of new iteration,       431.6086537626
Predicted improvement:        0.000691775
lambda =          1; f =          431.6077893
Norm of dx  0.0014177
----
Improvement on iteration 74 =        0.000864484
-----------------
f at the beginning of new iteration,       431.6077892789
Predicted improvement:        0.000207212
lambda =          1; f =          431.6074651
lambda =     1.9332; f =          431.6073215
Norm of dx 0.00086437
----
Improvement on iteration 75 =        0.000467763
-----------------
f at the beginning of new iteration,       431.6073215163
Predicted improvement:        0.000256495
lambda =          1; f =          431.6068403
lambda =     1.9332; f =          431.6064467
lambda =     3.7372; f =          431.6058380
lambda =     7.2247; f =          431.6052298
Norm of dx 0.00066093
----
Improvement on iteration 76 =        0.002091748
-----------------
f at the beginning of new iteration,       431.6052297680
Predicted improvement:        0.001268012
lambda =          1; f =          431.6030986
lambda =     1.9332; f =          431.6018404
Norm of dx  0.0024275
----
Improvement on iteration 77 =        0.003389350
-----------------
f at the beginning of new iteration,       431.6018404182
Predicted improvement:        0.000920774
lambda =          1; f =          431.6008391
Norm of dx  0.0030254
----
Improvement on iteration 78 =        0.001001282
-----------------
f at the beginning of new iteration,       431.6008391366
Predicted improvement:        0.000043257
lambda =          1; f =          431.6007705
lambda =     1.9332; f =          431.6007385
Norm of dx 0.00030507
----
Improvement on iteration 79 =        0.000100607
-----------------
f at the beginning of new iteration,       431.6007385298
Predicted improvement:        0.000055252
lambda =          1; f =          431.6006351
lambda =     1.9332; f =          431.6005508
lambda =     3.7372; f =          431.6004217
lambda =     7.2247; f =          431.6002981
Norm of dx 0.00026902
----
Improvement on iteration 80 =        0.000440383
-----------------
f at the beginning of new iteration,       431.6002981464
Predicted improvement:        0.000364242
lambda =          1; f =          431.5995977
lambda =     1.9332; f =          431.5989939
lambda =     3.7372; f =          431.5979633
lambda =     7.2247; f =          431.5964820
lambda =     13.967; f =          431.5955295
Norm of dx  0.0015954
----
Improvement on iteration 81 =        0.004768688
-----------------
f at the beginning of new iteration,       431.5955294582
Predicted improvement:        0.001623094
lambda =          1; f =          431.5931476
lambda =     1.9332; f =          431.5924923
Norm of dx   0.003504
----
Improvement on iteration 82 =        0.003037124
-----------------
f at the beginning of new iteration,       431.5924923338
Predicted improvement:        0.000533720
lambda =          1; f =          431.5915095
lambda =     1.9332; f =          431.5907441
lambda =     3.7372; f =          431.5896791
lambda =     7.2247; f =          431.5891638
Norm of dx  0.0024006
----
Improvement on iteration 83 =        0.003328498
-----------------
f at the beginning of new iteration,       431.5891638357
Predicted improvement:        0.002330600
lambda =          1; f =          431.5849399
lambda =     1.9332; f =          431.5817848
lambda =     3.7372; f =          431.5778422
Norm of dx  0.0062329
----
Improvement on iteration 84 =        0.011321627
-----------------
f at the beginning of new iteration,       431.5778422089
Predicted improvement:        0.003976356
lambda =          1; f =          431.5729099
Norm of dx   0.025155
----
Improvement on iteration 85 =        0.004932311
-----------------
f at the beginning of new iteration,       431.5729098975
Predicted improvement:        0.000589351
lambda =          1; f =          431.5721796
Norm of dx  0.0086591
----
Improvement on iteration 86 =        0.000730250
-----------------
f at the beginning of new iteration,       431.5721796476
Predicted improvement:        0.000184220
lambda =          1; f =          431.5718634
lambda =     1.9332; f =          431.5716627
lambda =     3.7372; f =          431.5715327
Norm of dx  0.0025509
----
Improvement on iteration 87 =        0.000646917
-----------------
f at the beginning of new iteration,       431.5715327310
Predicted improvement:        0.000444698
lambda =          1; f =          431.5706508
lambda =     1.9332; f =          431.5698414
lambda =     3.7372; f =          431.5683141
lambda =     7.2247; f =          431.5655016
lambda =     13.967; f =          431.5605880
lambda =         27; f =          431.5530509
lambda =     52.196; f =          431.5458514
Norm of dx  0.0006919
----
Improvement on iteration 88 =        0.025681347
-----------------
f at the beginning of new iteration,       431.5458513840
Predicted improvement:        0.019266964
lambda =          1; f =          431.5099635
lambda =     1.9332; f =          431.4813238
lambda =     3.7372; f =          431.4399429
lambda =     7.2247; f =          431.4207455
Norm of dx   0.084794
----
Improvement on iteration 89 =        0.125105927
-----------------
f at the beginning of new iteration,       431.4207454571
Predicted improvement:        0.034272710
lambda =          1; f =          431.3799788
Norm of dx    0.01871
----
Improvement on iteration 90 =        0.040766612
-----------------
f at the beginning of new iteration,       431.3799788455
Predicted improvement:        0.006932421
lambda =          1; f =          431.3732003
Norm of dx   0.084938
----
Improvement on iteration 91 =        0.006778590
-----------------
f at the beginning of new iteration,       431.3732002558
Predicted improvement:        0.000480217
lambda =          1; f =          431.3725647
Norm of dx  0.0046046
----
Improvement on iteration 92 =        0.000635542
-----------------
f at the beginning of new iteration,       431.3725647142
Predicted improvement:        0.000145137
lambda =          1; f =          431.3724015
Norm of dx  0.0096332
----
Improvement on iteration 93 =        0.000163207
-----------------
f at the beginning of new iteration,       431.3724015068
Predicted improvement:        0.000011942
lambda =          1; f =          431.3723818
lambda =     1.9332; f =          431.3723711
Norm of dx  0.0020468
----
Improvement on iteration 94 =        0.000030414
-----------------
f at the beginning of new iteration,       431.3723710925
Predicted improvement:        0.000022842
lambda =          1; f =          431.3723293
lambda =     1.9332; f =          431.3722972
lambda =     3.7372; f =          431.3722539
Norm of dx  0.0018779
----
Improvement on iteration 95 =        0.000117180
-----------------
f at the beginning of new iteration,       431.3722539125
Predicted improvement:        0.000126025
lambda =          1; f =          431.3720255
lambda =     1.9332; f =          431.3718548
lambda =     3.7372; f =          431.3716399
Norm of dx  0.0041105
----
Improvement on iteration 96 =        0.000614044
-----------------
f at the beginning of new iteration,       431.3716398689
Predicted improvement:        0.000487399
lambda =          1; f =          431.3708193
lambda =     1.9332; f =          431.3703300
Norm of dx  0.0055006
----
Improvement on iteration 97 =        0.001309904
-----------------
f at the beginning of new iteration,       431.3703299646
Predicted improvement:        0.000578106
lambda =          1; f =          431.3696335
Norm of dx   0.011375
----
Improvement on iteration 98 =        0.000696423
-----------------
f at the beginning of new iteration,       431.3696335413
Predicted improvement:        0.000056682
lambda =          1; f =          431.3695718
Norm of dx  0.0059951
----
Improvement on iteration 99 =        0.000061771
-----------------
f at the beginning of new iteration,       431.3695717702
Predicted improvement:        0.000001947
lambda =          1; f =          431.3695688
lambda =     1.9332; f =          431.3695676
Norm of dx  0.0007627
----
Improvement on iteration 100 =        0.000004157
-----------------
f at the beginning of new iteration,       431.3695676132
Predicted improvement:        0.000002024
lambda =          1; f =          431.3695636
lambda =     1.9332; f =          431.3695600
lambda =     3.7372; f =          431.3695534
lambda =     7.2247; f =          431.3695419
lambda =     13.967; f =          431.3695241
lambda =         27; f =          431.3695068
Norm of dx 0.00011776
----
Improvement on iteration 101 =        0.000060763
-----------------
f at the beginning of new iteration,       431.3695068497
Predicted improvement:        0.000044648
lambda =          1; f =          431.3694297
lambda =     1.9332; f =          431.3693793
lambda =     3.7372; f =          431.3693407
Norm of dx  0.0018716
----
Improvement on iteration 102 =        0.000166198
-----------------
f at the beginning of new iteration,       431.3693406516
Predicted improvement:        0.000007319
lambda =          1; f =          431.3693329
Norm of dx 0.00078021
----
Improvement on iteration 103 =        0.000007767
-----------------
f at the beginning of new iteration,       431.3693328847
Predicted improvement:        0.000000058
lambda =          1; f =          431.3693328
Norm of dx 6.1779e-05
----
Improvement on iteration 104 =        0.000000059
improvement < crit termination

Final value of minus the log posterior (or likelihood):431.369333 

RESULTS FROM POSTERIOR ESTIMATION
parameters
       prior mean     mode    s.d. prior pstdev

RHO_A      0.500   0.9758  0.0110 beta  0.2000 
RHO_EFP    0.500   0.9785  0.0135 beta  0.2000 
RHO_G      0.500   0.9714  0.0138 beta  0.2000 
RHO_X      0.500   0.9822  0.0158 beta  0.2000 
RHO_MS     0.500   0.4854  0.0779 beta  0.2000 
RHO_P      0.500   0.9894  0.0068 beta  0.2000 
RHO_W      0.500   0.0391  0.0298 beta  0.2000 
S_PRIMEP   4.000   5.8277  1.2107 norm  1.5000 
H          0.700   0.5372  0.0638 beta  0.1000 
SIGMA_W    0.750   0.7521  0.0282 beta  0.0500 
SIGMAP     0.750   0.8658  0.0169 beta  0.0500 
FCP        1.450   1.2854  0.0759 norm  0.1250 
PPHI       0.330   2.0625  0.3446 gamm  0.2500 
SIGMA_WI   0.500   0.3705  0.1453 beta  0.1500 
SIGMA_PI   0.500   0.0827  0.0390 beta  0.1500 
ZETA       0.250   0.9390  0.0263 beta  0.1500 
IOTA_PI    1.700   1.5919  0.1444 norm  0.1500 
RHO_I      0.750   0.8638  0.0231 beta  0.1000 
IOTA_Y     0.125   0.0252  0.0071 gamm  0.0500 
IOTA_DY    0.063   0.1512  0.0221 norm  0.0500 
VARKAPPA   0.155   0.0814  0.0191 unif  0.0837 
picbar     0.625   0.6641  0.0949 gamm  0.1000 
ctrend     0.400   0.7016  0.0625 norm  0.1000 

standard deviation of shocks
       prior mean     mode    s.d. prior pstdev

ea         0.100   0.4469  0.0383 invg  2.0000 
e_kq       0.100   0.2097  0.0286 invg  2.0000 
eg         0.100   2.2226  0.1668 invg  2.0000 
eqs        0.100   0.4828  0.1625 invg  2.0000 
em         0.100   0.0885  0.0082 invg  2.0000 
epinf      0.100   0.0444  0.0071 invg  2.0000 
ew         0.100   0.4508  0.0361 invg  2.0000 


Log data density [Laplace approximation] is -507.391717.

Estimation::mcmc: One Chain mode.
Estimation::mcmc: Initialization at the posterior mode.

Estimation::mcmc: Write details about the MCMC... Ok!
Estimation::mcmc: Details about the MCMC are available in VI16_BGG/metropolis\VI16_BGG_mh_history_0.mat


Estimation::mcmc: Number of mh files: 2 per block.
Estimation::mcmc: Total number of generated files: 2.
Estimation::mcmc: Total number of iterations: 500000.
Estimation::mcmc: Current acceptance ratio per chain: 
                                                       Chain  1: 35.459%
Estimation::mcmc: Total number of MH draws per chain: 500000.
Estimation::mcmc: Total number of generated MH files: 2.
Estimation::mcmc: I'll use mh-files 1 to 2.
Estimation::mcmc: In MH-file number 1 I'll start at line 150001.
Estimation::mcmc: Finally I keep 350000 draws per chain.



MCMC Inefficiency factors per block
Parameter       Block 1
SE_ea           158.623
SE_e_kq         232.995
SE_eg           133.500
SE_eqs          547.803
SE_em           145.760
SE_epinf        149.097
SE_ew           163.562
RHO_A           147.423
RHO_EFP         192.556
RHO_G           158.874
RHO_X           553.903
RHO_MS          143.970
RHO_P           223.144
RHO_W           251.908
S_PRIMEP        259.005
H               156.995
SIGMA_W         159.752
SIGMAP          149.478
FCP             125.608
PPHI            157.406
SIGMA_WI        120.519
SIGMA_PI        176.492
ZETA            159.542
IOTA_PI         128.811
RHO_I           153.308
IOTA_Y          146.632
IOTA_DY         141.656
VARKAPPA        277.975
picbar          121.416
ctrend          122.099


Geweke (1992) Convergence Tests, based on means of draws 150000 to 220000 vs 325000 to 500000.
p-values are for Chi2-test for equality of means.
Parameter         Post. Mean        Post. Std   p-val No Taper   p-val 4% Taper   p-val 8% Taper  p-val 15% Taper
SE_ea                  0.467            0.041            0.000            0.688            0.640            0.611
SE_e_kq                0.233            0.034            0.000            0.279            0.276            0.270
SE_eg                  2.253            0.173            0.000            0.064            0.068            0.089
SE_eqs                 0.725            0.275            0.000            0.449            0.486            0.468
SE_em                  0.092            0.009            0.000            0.429            0.393            0.349
SE_epinf               0.047            0.008            0.000            0.707            0.716            0.679
SE_ew                  0.456            0.038            0.000            0.664            0.640            0.603
RHO_A                  0.973            0.011            0.000            0.535            0.521            0.541
RHO_EFP                0.970            0.015            0.000            0.145            0.125            0.123
RHO_G                  0.964            0.015            0.000            0.278            0.267            0.185
RHO_X                  0.958            0.038            0.000            0.563            0.600            0.608
RHO_MS                 0.502            0.078            0.000            0.747            0.726            0.689
RHO_P                  0.985            0.008            0.030            0.885            0.876            0.856
RHO_W                  0.065            0.039            0.000            0.408            0.432            0.455
S_PRIMEP               5.722            1.151            0.006            0.907            0.914            0.917
H                      0.555            0.064            0.000            0.027            0.026            0.023
SIGMA_W                0.743            0.030            0.000            0.735            0.737            0.725
SIGMAP                 0.863            0.017            0.056            0.864            0.863            0.854
FCP                    1.281            0.076            0.000            0.148            0.097            0.055
PPHI                   2.162            0.377            0.000            0.539            0.524            0.521
SIGMA_WI               0.384            0.134            0.000            0.055            0.073            0.075
SIGMA_PI               0.104            0.043            0.000            0.362            0.380            0.368
ZETA                   0.929            0.027            0.000            0.186            0.184            0.105
IOTA_PI                1.594            0.144            0.000            0.307            0.335            0.305
RHO_I                  0.856            0.024            0.000            0.542            0.542            0.482
IOTA_Y                 0.027            0.007            0.000            0.683            0.696            0.691
IOTA_DY                0.150            0.023            0.000            0.304            0.277            0.267
VARKAPPA               0.073            0.018            0.000            0.669            0.698            0.724
picbar                 0.667            0.091            0.271            0.924            0.913            0.877
ctrend                 0.681            0.058            0.114            0.887            0.886            0.879


Estimation::marginal density: I'm computing the posterior mean and covariance...  Done!
Estimation::marginal density: I'm computing the posterior log marginal density (modified harmonic mean)... Done!


ESTIMATION RESULTS

Log data density is -506.681997.

parameters
           prior mean   post. mean        90% HPD interval    prior       pstdev

RHO_A           0.500       0.9725      0.9557      0.9910   beta        0.2000
RHO_EFP         0.500       0.9702      0.9481      0.9931   beta        0.2000
RHO_G           0.500       0.9643      0.9406      0.9891   beta        0.2000
RHO_X           0.500       0.9568      0.9043      0.9986   beta        0.2000
RHO_MS          0.500       0.5024      0.3778      0.6323   beta        0.2000
RHO_P           0.500       0.9846      0.9725      0.9975   beta        0.2000
RHO_W           0.500       0.0668      0.0077      0.1233   beta        0.2000
S_PRIMEP        4.000       5.7724      3.9779      7.5652   norm        1.5000
H               0.700       0.5540      0.4520      0.6596   beta        0.1000
SIGMA_W         0.750       0.7424      0.6924      0.7924   beta        0.0500
SIGMAP          0.750       0.8624      0.8338      0.8910   beta        0.0500
FCP             1.450       1.2814      1.1576      1.4053   norm        0.1250
PPHI            0.330       2.1604      1.5475      2.7603   gamm        0.2500
SIGMA_WI        0.500       0.3847      0.1661      0.6023   beta        0.1500
SIGMA_PI        0.500       0.1045      0.0348      0.1695   beta        0.1500
ZETA            0.250       0.9296      0.8866      0.9733   beta        0.1500
IOTA_PI         1.700       1.5899      1.3612      1.8295   norm        0.1500
RHO_I           0.750       0.8562      0.8174      0.8953   beta        0.1000
IOTA_Y          0.125       0.0267      0.0145      0.0383   gamm        0.0500
IOTA_DY         0.063       0.1499      0.1108      0.1868   norm        0.0500
VARKAPPA        0.155       0.0736      0.0449      0.1030   unif        0.0837
picbar          0.625       0.6665      0.5170      0.8179   gamm        0.1000
ctrend          0.400       0.6815      0.5901      0.7795   norm        0.1000

standard deviation of shocks
           prior mean   post. mean        90% HPD interval    prior       pstdev

ea              0.100       0.4671      0.3987      0.5320   invg        2.0000
e_kq            0.100       0.2334      0.1783      0.2867   invg        2.0000
eg              0.100       2.2545      1.9774      2.5438   invg        2.0000
eqs             0.100       0.7103      0.3344      1.1037   invg        2.0000
em              0.100       0.0915      0.0771      0.1053   invg        2.0000
epinf           0.100       0.0474      0.0350      0.0592   invg        2.0000
ew              0.100       0.4565      0.3950      0.5194   invg        2.0000
Estimation::mcmc: Smoothed variables
Estimation::mcmc: Smoothed variables, done!
Estimation::mcmc: Smoothed shocks
Estimation::mcmc: Smoothed shocks, done!
Estimation::mcmc: Trend_coefficients
Estimation::mcmc: Trend_coefficients, done!
Estimation::mcmc: Smoothed constant
Estimation::mcmc: Smoothed constant, done!
Estimation::mcmc: Smoothed trend
Estimation::mcmc: Smoothed trend, done!
Estimation::mcmc: Updated Variables
Estimation::mcmc: Updated Variables, done!
Estimation::mcmc: Forecasted variables (mean)
Estimation::mcmc: Forecasted variables (mean), done!
Estimation::mcmc: Forecasted variables (point)
Estimation::mcmc: Forecasted variables (point), done!
Total computing time : 1h53m57s
