Starting Dynare (version 4.5.7).
Starting preprocessing of the model file ...
Found 75 equation(s).
Evaluating expressions...done
Computing static model derivatives:
 - order 1
Computing dynamic model derivatives:
 - order 1
Processing outputs ...
done
Preprocessing completed.
Initial value of the log posterior (or likelihood): -1578.9738
-----------------
f at the beginning of new iteration,      1578.9738349091
Predicted improvement:   363165.246931546
lambda =          1; f =         1581.2688828
lambda =    0.33333; f =         1579.2251732
lambda =    0.11111; f =         1579.0006006
lambda =   0.037037; f =         1578.9764554
lambda =   0.012346; f =         1578.9740308
lambda =  0.0041152; f =         1578.9738379
lambda =  0.0013717; f =         1342.7171549
lambda = 0.00045725; f =         1422.8424973
Norm of dx     8.5225
----
Improvement on iteration 1 =      236.256679994
-----------------
f at the beginning of new iteration,      1342.7171549148
Predicted improvement:    47083.980478726
lambda =          1; f =         1348.4032642
lambda =    0.33333; f =         1343.3424706
lambda =    0.11111; f =         1342.7845515
lambda =   0.037037; f =         1342.7239984
lambda =   0.012346; f =         1342.7177365
lambda =  0.0041152; f =         1342.7171896
lambda =  0.0013717; f =         1342.7171551
lambda = 0.00045725; f =         1302.6339833
lambda = 0.00088394; f =         1287.7262481
Norm of dx     3.2617
----
Improvement on iteration 2 =       54.990906834
-----------------
f at the beginning of new iteration,      1287.7262480807
Predicted improvement:    60610.548233620
lambda =          1; f =         1296.7869935
lambda =    0.33333; f =         1288.7242341
lambda =    0.11111; f =         1287.8342859
lambda =   0.037037; f =         1287.7373599
lambda =   0.012346; f =         1287.7272153
lambda =  0.0041152; f =         1287.7262899
lambda =  0.0013717; f =         1150.0722461
lambda =  0.0026518; f =         1287.7262534
lambda =  0.0017856; f =         1422.7788074
lambda =  0.0014084; f =         1149.9980627
lambda =  0.0016239; f =         1192.9586777
Norm of dx      5.453
----
Improvement on iteration 3 =      137.728185424
warning: possible inaccuracy in H matrix
-----------------
f at the beginning of new iteration,      1149.9980626570
Predicted improvement:     7191.094566008
lambda =          1; f =         1150.2804860
lambda =    0.33333; f =         1150.0256326
lambda =    0.11111; f =         1150.0000742
lambda =   0.037037; f =         1149.9980924
lambda =   0.012346; f =         1173.5832047
lambda =  0.0041152; f =         1126.4673720
Norm of dx     1.3615
----
Improvement on iteration 4 =       23.530690649
-----------------
f at the beginning of new iteration,      1126.4673720085
Predicted improvement:     5719.851220166
lambda =          1; f =         1127.0330037
lambda =    0.33333; f =         1126.5231625
lambda =    0.11111; f =         1126.4716633
lambda =   0.037037; f =         1126.4674787
lambda =   0.012346; f =         1219.4595476
lambda =  0.0041152; f =         1087.6035049
lambda =  0.0079555; f =         1079.4864898
Norm of dx     1.5229
----
Improvement on iteration 5 =       46.980882209
-----------------
f at the beginning of new iteration,      1079.4864897991
Predicted improvement:    29063.763077813
lambda =          1; f =         1098.2584439
lambda =    0.33333; f =         1081.5270838
lambda =    0.11111; f =         1079.7003931
lambda =   0.037037; f =         1079.5069508
lambda =   0.012346; f =         1079.4878983
lambda =  0.0041152; f =         1079.4865156
lambda =  0.0013717; f =         1061.2363453
lambda = 0.00045725; f =         1058.0753877
lambda = 0.00088394; f =         1049.4386808
Norm of dx     8.1024
----
Improvement on iteration 6 =       30.047809035
-----------------
f at the beginning of new iteration,      1049.4386807645
Predicted improvement:     4356.989339395
lambda =          1; f =         1050.3502122
lambda =    0.33333; f =         1049.5337178
lambda =    0.11111; f =         1049.4475827
lambda =   0.037037; f =         1049.4392646
lambda =   0.012346; f =         1049.4386876
lambda =  0.0041152; f =         1026.3350303
Norm of dx     1.5234
----
Improvement on iteration 7 =       23.103650418
-----------------
f at the beginning of new iteration,      1026.3350303470
Predicted improvement:     2083.725024994
lambda =          1; f =         1026.5831296
lambda =    0.33333; f =         1026.3591411
lambda =    0.11111; f =         1026.3369212
lambda =   0.037037; f =         1026.3350775
lambda =   0.012346; f =          993.4444736
Norm of dx     0.9585
----
Improvement on iteration 8 =       32.890556746
-----------------
f at the beginning of new iteration,       993.4444736015
Predicted improvement:     2754.884053047
lambda =          1; f =          993.9332670
lambda =    0.33333; f =          993.4928408
lambda =    0.11111; f =          993.4491245
lambda =   0.037037; f =          993.4448166
lambda =   0.012346; f =          993.4444797
lambda =  0.0041152; f =          978.3458127
Norm of dx     1.4559
----
Improvement on iteration 9 =       15.098660875
-----------------
f at the beginning of new iteration,       978.3458127261
Predicted improvement:     1167.555941622
lambda =          1; f =          978.4330488
lambda =    0.33333; f =          978.3504775
lambda =    0.11111; f =          978.3459253
lambda =   0.037037; f =          978.3458148
lambda =   0.012346; f =          960.4333349
Norm of dx    0.76234
----
Improvement on iteration 10 =       17.912477793
-----------------
f at the beginning of new iteration,       960.4333349332
Predicted improvement:     2411.660807205
lambda =          1; f =          961.0409593
lambda =    0.33333; f =          960.4846332
lambda =    0.11111; f =          960.4358195
lambda =   0.037037; f =          960.4334124
lambda =   0.012346; f =          960.4333374
lambda =  0.0041152; f =          948.7036104
Norm of dx     1.6939
----
Improvement on iteration 11 =       11.729724555
-----------------
f at the beginning of new iteration,       948.7036103778
Predicted improvement:      523.172050052
lambda =          1; f =          948.7370327
lambda =    0.33333; f =          948.7043241
lambda =    0.11111; f =          948.7036292
lambda =   0.037037; f =          970.1345315
lambda =   0.012346; f =          943.7522001
Norm of dx    0.44431
----
Improvement on iteration 12 =        4.951410309
-----------------
f at the beginning of new iteration,       943.7522000691
Predicted improvement:      463.283834318
lambda =          1; f =          943.8172831
lambda =    0.33333; f =          943.7547918
lambda =    0.11111; f =          864.1046525
lambda =     0.2148; f =          943.7524329
lambda =    0.14463; f =          871.9563672
Norm of dx    0.42463
----
Improvement on iteration 13 =       79.647547560
-----------------
f at the beginning of new iteration,       864.1046525093
Predicted improvement:     1003.140553424
lambda =          1; f =          864.7325077
lambda =    0.33333; f =          864.1675677
lambda =    0.11111; f =          864.1096415
lambda =   0.037037; f =          864.1047759
lambda =   0.012346; f =          855.5701016
Norm of dx     1.0567
----
Improvement on iteration 14 =        8.534550929
-----------------
f at the beginning of new iteration,       855.5701015805
Predicted improvement:      220.462499898
lambda =          1; f =          855.5924881
lambda =    0.33333; f =          855.5719755
lambda =    0.11111; f =          855.5701818
lambda =   0.037037; f =          855.8648807
lambda =   0.012346; f =          851.9696211
Norm of dx    0.25469
----
Improvement on iteration 15 =        3.600480480
-----------------
f at the beginning of new iteration,       851.9696211003
Predicted improvement:      259.221079165
lambda =          1; f =          852.0011852
lambda =    0.33333; f =          851.9726425
lambda =    0.11111; f =          851.9698367
lambda =   0.037037; f =          851.9696263
lambda =   0.012346; f =          846.2997102
lambda =   0.023866; f =          851.9696211
lambda =    0.01607; f =          845.2778779
lambda =   0.020374; f =          846.9031063
Norm of dx    0.32061
----
Improvement on iteration 16 =        6.691743171
-----------------
f at the beginning of new iteration,       845.2778779294
Predicted improvement:      141.157374906
lambda =          1; f =          845.2797958
lambda =    0.33333; f =          845.2780052
lambda =    0.11111; f =          845.2778784
lambda =   0.037037; f =          839.2153704
Norm of dx    0.20269
----
Improvement on iteration 17 =        6.062507483
-----------------
f at the beginning of new iteration,       839.2153704467
Predicted improvement:      103.550221039
lambda =          1; f =          839.2154911
lambda =    0.33333; f =          865.8685954
lambda =    0.11111; f =          829.7498359
Norm of dx    0.19223
----
Improvement on iteration 18 =        9.465534576
-----------------
f at the beginning of new iteration,       829.7498358707
Predicted improvement:       66.840154495
lambda =          1; f =          829.7515875
lambda =    0.33333; f =          829.7499190
lambda =    0.11111; f =          825.2088647
Norm of dx    0.15211
----
Improvement on iteration 19 =        4.540971184
-----------------
f at the beginning of new iteration,       825.2088646871
Predicted improvement:      335.760408058
lambda =          1; f =          825.2690115
lambda =    0.33333; f =          825.2121749
lambda =    0.11111; f =          825.2090439
lambda =   0.037037; f =          825.2088719
lambda =   0.012346; f =          823.9490684
lambda =  0.0041152; f =          822.9553751
lambda =  0.0079555; f =          821.9879323
Norm of dx    0.71525
----
Improvement on iteration 20 =        3.220932436
-----------------
f at the beginning of new iteration,       821.9879322509
Predicted improvement:      102.268663467
lambda =          1; f =          821.9888942
lambda =    0.33333; f =          821.9879380
lambda =    0.11111; f =          814.0960955
Norm of dx    0.18933
----
Improvement on iteration 21 =        7.891836782
-----------------
f at the beginning of new iteration,       814.0960954692
Predicted improvement:      123.590829241
lambda =          1; f =          814.1018169
lambda =    0.33333; f =          846.7217010
lambda =    0.11111; f =          798.6283059
Norm of dx    0.22605
----
Improvement on iteration 22 =       15.467789557
-----------------
f at the beginning of new iteration,       798.6283059119
Predicted improvement:       19.923854977
lambda =          1; f =          818.2602662
lambda =    0.33333; f =          790.5414781
Norm of dx   0.062178
----
Improvement on iteration 23 =        8.086827782
-----------------
f at the beginning of new iteration,       790.5414781295
Predicted improvement:       32.585870869
lambda =          1; f =          790.5414811
lambda =    0.33333; f =          788.3289264
lambda =    0.11111; f =          784.7722313
lambda =     0.2148; f =          782.9700292
Norm of dx    0.13355
----
Improvement on iteration 24 =        7.571448964
-----------------
f at the beginning of new iteration,       782.9700291651
Predicted improvement:       22.116145145
lambda =          1; f =          883.6267558
lambda =    0.33333; f =          775.4396589
Norm of dx   0.090731
----
Improvement on iteration 25 =        7.530370287
-----------------
f at the beginning of new iteration,       775.4396588779
Predicted improvement:       12.881856041
lambda =          1; f =          771.2616359
lambda =    0.33333; f =          769.5946561
Norm of dx   0.056169
----
Improvement on iteration 26 =        5.845002743
-----------------
f at the beginning of new iteration,       769.5946561353
Predicted improvement:       16.205955997
lambda =          1; f =          769.5946691
lambda =    0.33333; f =          763.4516177
Norm of dx    0.10437
----
Improvement on iteration 27 =        6.143038462
-----------------
f at the beginning of new iteration,       763.4516176731
Predicted improvement:       26.025773790
lambda =          1; f =          761.5102755
lambda =    0.33333; f =          754.9561527
Norm of dx    0.15892
----
Improvement on iteration 28 =        8.495464947
-----------------
f at the beginning of new iteration,       754.9561527261
Predicted improvement:       14.631765795
lambda =          1; f =          741.6809729
Norm of dx    0.11343
----
Improvement on iteration 29 =       13.275179787
-----------------
f at the beginning of new iteration,       741.6809729389
Predicted improvement:        9.201156141
lambda =          1; f =          768.4369808
lambda =    0.33333; f =          737.8287704
Norm of dx    0.11657
----
Improvement on iteration 30 =        3.852202528
-----------------
f at the beginning of new iteration,       737.8287704112
Predicted improvement:        6.997351616
lambda =          1; f =          731.2304351
Norm of dx   0.078759
----
Improvement on iteration 31 =        6.598335304
-----------------
f at the beginning of new iteration,       731.2304351071
Predicted improvement:        3.258157376
lambda =          1; f =          727.0257577
Norm of dx   0.050172
----
Improvement on iteration 32 =        4.204677361
-----------------
f at the beginning of new iteration,       727.0257577464
Predicted improvement:        4.355276059
lambda =          1; f =          721.8577446
Norm of dx    0.10417
----
Improvement on iteration 33 =        5.168013186
-----------------
f at the beginning of new iteration,       721.8577445601
Predicted improvement:        4.295990229
lambda =          1; f =          718.0060604
Norm of dx    0.10133
----
Improvement on iteration 34 =        3.851684163
-----------------
f at the beginning of new iteration,       718.0060603969
Predicted improvement:        4.439892235
lambda =          1; f =          718.0061205
lambda =    0.33333; f =          716.5934789
Norm of dx   0.087249
----
Improvement on iteration 35 =        1.412581456
-----------------
f at the beginning of new iteration,       716.5934789408
Predicted improvement:        8.247758075
lambda =          1; f =          712.7389017
lambda =    0.33333; f =          713.1821250
Norm of dx   0.032583
----
Improvement on iteration 36 =        3.854577289
-----------------
f at the beginning of new iteration,       712.7389016519
Predicted improvement:        4.820199893
lambda =          1; f =          707.4784825
Norm of dx   0.025805
----
Improvement on iteration 37 =        5.260419182
-----------------
f at the beginning of new iteration,       707.4784824701
Predicted improvement:        4.358587923
lambda =          1; f =          700.7031911
lambda =     1.9332; f =          699.1040721
Norm of dx     0.0937
----
Improvement on iteration 38 =        8.374410349
-----------------
f at the beginning of new iteration,       699.1040721214
Correct for low angle: 0.00331258
Predicted improvement:       19.186729593
lambda =          1; f =          699.1040998
lambda =    0.33333; f =          699.1040730
lambda =    0.11111; f =          695.5285107
lambda =     0.2148; f =          699.1040722
lambda =    0.14463; f =          694.8538884
lambda =    0.18337; f =          694.7499506
Norm of dx    0.18978
----
Improvement on iteration 39 =        4.354121481
-----------------
f at the beginning of new iteration,       694.7499506401
Predicted improvement:       19.738046596
lambda =          1; f =          714.3129747
lambda =    0.33333; f =          694.4250859
lambda =    0.11111; f =          692.8045247
Norm of dx   0.082491
----
Improvement on iteration 40 =        1.945425965
-----------------
f at the beginning of new iteration,       692.8045246751
Predicted improvement:        5.845030382
lambda =          1; f =          687.3006963
Norm of dx   0.082846
----
Improvement on iteration 41 =        5.503828392
-----------------
f at the beginning of new iteration,       687.3006962829
Predicted improvement:        3.397667551
lambda =          1; f =          684.2959834
Norm of dx    0.09755
----
Improvement on iteration 42 =        3.004712897
-----------------
f at the beginning of new iteration,       684.2959833861
Predicted improvement:        3.211703560
lambda =          1; f =          680.2242317
Norm of dx    0.11837
----
Improvement on iteration 43 =        4.071751667
-----------------
f at the beginning of new iteration,       680.2242317186
Predicted improvement:        3.069167740
lambda =          1; f =          678.2555804
Norm of dx    0.09437
----
Improvement on iteration 44 =        1.968651331
-----------------
f at the beginning of new iteration,       678.2555803874
Predicted improvement:        2.416841541
lambda =          1; f =          676.3165524
Norm of dx   0.069547
----
Improvement on iteration 45 =        1.939027961
-----------------
f at the beginning of new iteration,       676.3165524261
Predicted improvement:        3.020249918
lambda =          1; f =          673.7223326
Norm of dx   0.026355
----
Improvement on iteration 46 =        2.594219830
-----------------
f at the beginning of new iteration,       673.7223325960
Predicted improvement:        1.623627811
lambda =          1; f =          671.0587115
lambda =     1.9332; f =          669.6568067
Norm of dx   0.034301
----
Improvement on iteration 47 =        4.065525909
-----------------
f at the beginning of new iteration,       669.6568066867
Predicted improvement:        3.667993383
lambda =          1; f =          665.7348175
Norm of dx    0.13535
----
Improvement on iteration 48 =        3.921989229
-----------------
f at the beginning of new iteration,       665.7348174573
Correct for low angle: 0.00492609
Predicted improvement:        2.869082001
lambda =          1; f =          662.2340568
Norm of dx    0.10672
----
Improvement on iteration 49 =        3.500760614
-----------------
f at the beginning of new iteration,       662.2340568438
Predicted improvement:        2.267186349
lambda =          1; f =          659.3942389
Norm of dx   0.053144
----
Improvement on iteration 50 =        2.839817931
-----------------
f at the beginning of new iteration,       659.3942389128
Predicted improvement:        1.339658449
lambda =          1; f =          657.6198032
Norm of dx   0.053455
----
Improvement on iteration 51 =        1.774435703
-----------------
f at the beginning of new iteration,       657.6198032101
Predicted improvement:        1.068480302
lambda =          1; f =          656.0700928
lambda =     1.9332; f =          655.6760468
Norm of dx   0.062175
----
Improvement on iteration 52 =        1.943756442
-----------------
f at the beginning of new iteration,       655.6760467685
Predicted improvement:        0.702007098
lambda =          1; f =          654.5796092
lambda =     1.9332; f =          654.0063668
Norm of dx   0.014865
----
Improvement on iteration 53 =        1.669679981
-----------------
f at the beginning of new iteration,       654.0063667879
Predicted improvement:        1.405573005
lambda =          1; f =          651.8809248
lambda =     1.9332; f =          651.6741980
Norm of dx   0.097177
----
Improvement on iteration 54 =        2.332168825
-----------------
f at the beginning of new iteration,       651.6741979625
Predicted improvement:        2.673416606
lambda =          1; f =          648.5497753
Norm of dx   0.091048
----
Improvement on iteration 55 =        3.124422692
-----------------
f at the beginning of new iteration,       648.5497752707
Predicted improvement:        1.966316886
lambda =          1; f =          645.6175372
lambda =     1.9332; f =          644.8894151
Norm of dx    0.14332
----
Improvement on iteration 56 =        3.660360177
-----------------
f at the beginning of new iteration,       644.8894150934
Correct for low angle: 0.00311926
Predicted improvement:        2.461003026
lambda =          1; f =          647.9506102
lambda =    0.33333; f =          643.9062110
Norm of dx   0.077586
----
Improvement on iteration 57 =        0.983204089
-----------------
f at the beginning of new iteration,       643.9062110041
Correct for low angle: 0.00473125
Predicted improvement:        1.638949797
lambda =          1; f =          641.7252784
Norm of dx   0.066655
----
Improvement on iteration 58 =        2.180932618
-----------------
f at the beginning of new iteration,       641.7252783863
Predicted improvement:        1.750318281
lambda =          1; f =          639.8358772
Norm of dx   0.091634
----
Improvement on iteration 59 =        1.889401151
-----------------