Starting Dynare (version 4.5.7).
Starting preprocessing of the model file ...
Found 75 equation(s).
Evaluating expressions...done
Computing static model derivatives:
 - order 1
Computing dynamic model derivatives:
 - order 1
Processing outputs ...
done
Preprocessing completed.
ing Dynare (version 4.5.7).
Starting preprocessing of the model file ...
Found 75 equation(s).
Evaluating expressions...done
Computing static model derivatives:
 - order 1
Computing dynamic model derivatives:
 - order 1
Processing outputs ...
done
Preprocessing completed.

Initial value of the log posterior (or likelihood): -1034.2624

==========================================================
   Change in the posterior covariance matrix = 400.
   Change in the posterior mean = 0.019942.
   Mode improvement = 295.9876
   New value of jscale = 2.2409e-05
==========================================================

==========================================================
   Change in the posterior covariance matrix = 0.00029996.
   Change in the posterior mean = 0.055189.
   Mode improvement = 27.6832
   New value of jscale = 0.70069
==========================================================

==========================================================
   Change in the posterior covariance matrix = 0.0084369.
   Change in the posterior mean = 0.31671.
   Mode improvement = 193.4962
   New value of jscale = 0.43111
==========================================================

Optimal value of the scale parameter = 0.43111


Final value of minus the log posterior (or likelihood):517.095442 

MODE CHECK

Fval obtained by the minimization routine (minus the posterior/likelihood)): 517.095442

RESULTS FROM POSTERIOR ESTIMATION
parameters
                prior mean     mode    s.d. prior pstdev

Hcnn                0.500   0.8779  0.0095 beta  0.1220 
Hcd                 0.500   0.6770  0.0053 beta  0.1220 
Hr                  0.500   0.3079  0.0047 beta  0.1220 
NU                  2.000   2.1413  0.0785 gamm  1.0000 
CHIp                2.000   1.9131  0.0343 gamm  1.0000 
ETAp                0.500   0.2221  0.0182 beta  0.2240 
CHIw                2.000   1.7127  0.0541 gamm  1.0000 
ETAw                0.500   0.4576  0.0100 beta  0.2240 
CHInr               2.000   3.0219  0.0784 gamm  1.0000 
CHIcd               2.000   1.5285  0.0528 gamm  1.0000 
CHIr                6.000  10.2086  0.0430 gamm  1.0000 
CHIl                2.000   0.7014  0.0409 gamm  1.0000 
ETAl                0.500   0.9073  0.0106 beta  0.2240 
PHIpaigdp           2.000   4.6903  0.0920 norm  1.0000 
PHIdeltapaigdp      0.500   0.4123  0.0231 norm  0.4000 
PHIhgdp             0.500   0.5634  0.0257 norm  0.4000 
PHIdeltahgdp        0.500  -0.1124  0.0146 norm  0.4000 
PHIr                0.750   0.8680  0.0109 beta  0.1120 
RHOanr              0.750   0.8581  0.0096 beta  0.1120 
RHOacd              0.750   0.9630  0.0033 beta  0.1120 
RHOar               0.500   0.7324  0.0067 beta  0.1500 
RHOxicnnsmall       0.750   0.8364  0.0025 beta  0.1120 
RHOxicdsmall        0.750   0.7154  0.0050 beta  0.1120 
RHOxirsmall         0.750   0.8656  0.0032 beta  0.1120 
RHOxilsmall         0.750   0.8975  0.0077 beta  0.1120 
RHOzm               0.500   0.2317  0.0121 beta  0.1500 
RHOzk               0.500   0.9218  0.0083 beta  0.1500 
RHOxgf              0.750   0.8739  0.0071 beta  0.1120 

standard deviation of shocks
                prior mean     mode    s.d. prior pstdev

epsilonanr          0.040   0.0735  0.0012 invg  0.0200 
epsilonacd          0.020   0.0494  0.0009 invg  0.0200 
epsilonar           0.040   0.0962  0.0012 invg  0.0200 
epsilonxicnnsmall   0.030   0.0174  0.0007 invg  0.0200 
epsilonxicdsmall    0.030   0.0269  0.0018 invg  0.0200 
epsilonxirsmall     0.030   0.0224  0.0014 invg  0.0200 
epsilonxilsmall     0.030   0.0367  0.0014 invg  0.0200 
epsilonr            0.002   0.0012  0.0002 invg  20.0000 
epsilonzm           0.005   0.0052  0.0007 invg  0.0200 
epsilonzk           0.005   0.0033  0.0005 invg  0.0200 
epsilonxgf          0.010   0.0056  0.0019 invg  0.0200 
epsilongthetaxc     0.005   0.0376  0.0007 invg  0.0200 
epsilongthetaxk     0.005   0.0024  0.0003 invg  0.0200 
epsilongthetal      0.005   0.0036  0.0006 invg  0.0200 
eta_xgdp            0.005   0.0024  0.0005 invg  2.0000 
eta_pgdp            0.005   0.0025  0.0002 invg  2.0000 
eta_pecnn           0.005   0.0035  0.0005 invg  2.0000 
eta_pecd            0.005   0.0264  0.0023 invg  2.0000 
eta_per             0.005   0.0217  0.0030 invg  2.0000 
eta_penr            0.005   0.0074  0.0037 invg  2.0000 
eta_paipc           0.005   0.0033  0.0003 invg  2.0000 
eta_paipk           0.005   0.0031  0.0006 invg  2.0000 
eta_wage            0.005   0.0068  0.0005 invg  2.0000 


Log data density [Laplace approximation] is -843.852014.

Estimation::mcmc: One Chain mode.
Estimation::mcmc: Initialization at the posterior mode.

Estimation::mcmc: Write details about the MCMC... Ok!
Estimation::mcmc: Details about the MCMC are available in FRBEDO08/metropolis\FRBEDO08_mh_history_0.mat


Estimation::mcmc: Number of mh files: 5 per block.
Estimation::mcmc: Total number of generated files: 5.
Estimation::mcmc: Total number of iterations: 1000000.
Estimation::mcmc: Current acceptance ratio per chain: 
                                                       Chain  1: 11.8488%
Estimation::mcmc: Total number of MH draws per chain: 1000000.
Estimation::mcmc: Total number of generated MH files: 5.
Estimation::mcmc: I'll use mh-files 2 to 5.
Estimation::mcmc: In MH-file number 2 I'll start at line 64151.
Estimation::mcmc: Finally I keep 700000 draws per chain.



MCMC Inefficiency factors per block
Parameter                  Block 1
SE_epsilonanr              716.122
SE_epsilonacd              736.926
SE_epsilonar               720.951
SE_epsilonxicnnsmall       738.898
SE_epsilonxicdsmall        713.618
SE_epsilonxirsmall         719.999
SE_epsilonxilsmall         678.569
SE_epsilonr                532.272
SE_epsilonzm               379.371
SE_epsilonzk               658.377
SE_epsilonxgf              653.630
SE_epsilongthetaxc         748.212
SE_epsilongthetaxk         695.806
SE_epsilongthetal          622.801
SE_eta_xgdp                368.004
SE_eta_pgdp                572.986
SE_eta_pecnn               295.557
SE_eta_pecd                353.155
SE_eta_per                 245.055
SE_eta_penr                162.554
SE_eta_paipc               352.985
SE_eta_paipk               274.349
SE_eta_wage                377.989
Hcnn                       611.826
Hcd                        737.100
Hr                         725.828
NU                         672.776
CHIp                       743.157
ETAp                       737.147
CHIw                       726.631
ETAw                       712.298
CHInr                      728.450
CHIcd                      730.970
CHIr                       728.453
CHIl                       124.192
ETAl                       730.507
PHIpaigdp                  701.716
PHIdeltapaigdp             744.375
PHIhgdp                    729.627
PHIdeltahgdp               746.951
PHIr                       729.120
RHOanr                     707.474
RHOacd                     734.603
RHOar                      696.813
RHOxicnnsmall              743.589
RHOxicdsmall               726.185
RHOxirsmall                745.387
RHOxilsmall                702.079
RHOzm                      708.941
RHOzk                      719.608
RHOxgf                     745.169


Geweke (1992) Convergence Tests, based on means of draws 300000 to 440000 vs 650000 to 1000000.
p-values are for Chi2-test for equality of means.
Parameter                    Post. Mean        Post. Std   p-val No Taper   p-val 4% Taper   p-val 8% Taper  p-val 15% Taper
SE_epsilonanr                     0.081            0.005            0.000            0.000            0.000            0.000
SE_epsilonacd                     0.057            0.006            0.000            0.000            0.000            0.000
SE_epsilonar                      0.089            0.005            0.000            0.000            0.000            0.000
SE_epsilonxicnnsmall              0.036            0.007            0.000            0.266            0.418            0.537
SE_epsilonxicdsmall               0.021            0.004            0.000            0.000            0.000            0.000
SE_epsilonxirsmall                0.022            0.006            0.000            0.000            0.000            0.000
SE_epsilonxilsmall                0.031            0.005            0.000            0.003            0.024            0.072
SE_epsilonr                       0.001            0.000            0.000            0.000            0.000            0.000
SE_epsilonzm                      0.005            0.001            0.000            0.000            0.000            0.001
SE_epsilonzk                      0.005            0.001            0.000            0.063            0.069            0.069
SE_epsilonxgf                     0.008            0.004            0.000            0.000            0.001            0.005
SE_epsilongthetaxc                0.048            0.009            0.000            0.000            0.000            0.000
SE_epsilongthetaxk                0.003            0.001            0.000            0.005            0.003            0.005
SE_epsilongthetal                 0.003            0.002            0.000            0.042            0.094            0.126
SE_eta_xgdp                       0.002            0.000            0.000            0.000            0.000            0.000
SE_eta_pgdp                       0.003            0.000            0.000            0.000            0.000            0.000
SE_eta_pecnn                      0.004            0.000            0.945            0.998            0.998            0.999
SE_eta_pecd                       0.029            0.003            0.000            0.443            0.472            0.485
SE_eta_per                        0.007            0.007            0.000            0.029            0.047            0.057
SE_eta_penr                       0.010            0.002            0.000            0.000            0.004            0.013
SE_eta_paipc                      0.004            0.000            0.000            0.000            0.000            0.000
SE_eta_paipk                      0.003            0.000            0.000            0.000            0.000            0.000
SE_eta_wage                       0.007            0.001            0.000            0.000            0.000            0.000
Hcnn                              0.957            0.026            0.000            0.000            0.000            0.000
Hcd                               0.619            0.035            0.000            0.040            0.120            0.218
Hr                                0.350            0.027            0.000            0.000            0.000            0.000
NU                                3.555            0.406            0.000            0.000            0.000            0.001
CHIp                              2.445            0.328            0.000            0.000            0.000            0.000
ETAp                              0.293            0.130            0.000            0.000            0.000            0.000
CHIw                              1.333            0.281            0.000            0.000            0.000            0.000
ETAw                              0.590            0.046            0.000            0.001            0.007            0.025
CHInr                             3.740            0.333            0.000            0.000            0.000            0.000
CHIcd                             1.793            0.261            0.000            0.000            0.000            0.001
CHIr                              9.915            0.253            0.000            0.015            0.065            0.140
CHIl                              0.134            0.277            0.000            0.000            0.000            0.000
ETAl                              0.863            0.058            0.000            0.000            0.000            0.000
PHIpaigdp                         5.240            0.325            0.000            0.000            0.000            0.000
PHIdeltapaigdp                    0.215            0.182            0.000            0.000            0.000            0.000
PHIhgdp                           0.292            0.159            0.000            0.000            0.000            0.000
PHIdeltahgdp                     -0.070            0.108            0.000            0.000            0.006            0.037
PHIr                              0.865            0.041            0.000            0.000            0.000            0.000
RHOanr                            0.795            0.034            0.000            0.318            0.428            0.491
RHOacd                            0.935            0.025            0.000            0.350            0.480            0.578
RHOar                             0.783            0.034            0.000            0.000            0.000            0.001
RHOxicnnsmall                     0.874            0.030            0.000            0.000            0.000            0.000
RHOxicdsmall                      0.653            0.031            0.000            0.011            0.052            0.115
RHOxirsmall                       0.874            0.037            0.000            0.000            0.000            0.000
RHOxilsmall                       0.907            0.022            0.000            0.000            0.000            0.000
RHOzm                             0.318            0.056            0.000            0.000            0.000            0.002
RHOzk                             0.886            0.034            0.000            0.214            0.319            0.396
RHOxgf                            0.816            0.049            0.000            0.007            0.052            0.142


Estimation::marginal density: I'm computing the posterior mean and covariance...  Done!
Estimation::marginal density: I'm computing the posterior log marginal density (modified harmonic mean)... Done!


ESTIMATION RESULTS

Log data density is -716.647804.

parameters
                    prior mean   post. mean        90% HPD interval    prior       pstdev

Hcnn                     0.500       0.9699      0.9547      0.9816   beta        0.1220
Hcd                      0.500       0.6138      0.5552      0.6619   beta        0.1220
Hr                       0.500       0.3514      0.3070      0.3918   beta        0.1220
NU                       2.000       3.7234      3.4940      3.9704   gamm        1.0000
CHIp                     2.000       2.4643      1.9626      2.9194   gamm        1.0000
ETAp                     0.500       0.3543      0.1789      0.4956   beta        0.2240
CHIw                     2.000       1.2312      0.8974      1.6659   gamm        1.0000
ETAw                     0.500       0.5942      0.5354      0.6594   beta        0.2240
CHInr                    2.000       3.7327      3.2482      4.2067   gamm        1.0000
CHIcd                    2.000       1.8152      1.4259      2.2436   gamm        1.0000
CHIr                     6.000       9.8793      9.4929     10.2752   gamm        1.0000
CHIl                     2.000       0.0073      0.0035      0.0117   gamm        1.0000
ETAl                     0.500       0.8570      0.7502      0.9420   beta        0.2240
PHIpaigdp                2.000       5.2742      4.9109      5.6681   norm        1.0000
PHIdeltapaigdp           0.500       0.1663     -0.1696      0.4419   norm        0.4000
PHIhgdp                  0.500       0.3062      0.0165      0.5373   norm        0.4000
PHIdeltahgdp             0.500      -0.0522     -0.2876      0.0958   norm        0.4000
PHIr                     0.750       0.8797      0.8272      0.9233   beta        0.1120
RHOanr                   0.750       0.7866      0.7443      0.8280   beta        0.1120
RHOacd                   0.750       0.9246      0.8907      0.9602   beta        0.1120
RHOar                    0.500       0.7997      0.7634      0.8341   beta        0.1500
RHOxicnnsmall            0.750       0.8718      0.8309      0.9181   beta        0.1120
RHOxicdsmall             0.750       0.6467      0.6115      0.6906   beta        0.1120
RHOxirsmall              0.750       0.8828      0.8219      0.9451   beta        0.1120
RHOxilsmall              0.750       0.9067      0.8705      0.9403   beta        0.1120
RHOzm                    0.500       0.3413      0.2811      0.4115   beta        0.1500
RHOzk                    0.500       0.8800      0.8226      0.9316   beta        0.1500
RHOxgf                   0.750       0.8088      0.7456      0.9203   beta        0.1120

standard deviation of shocks
                    prior mean   post. mean        90% HPD interval    prior       pstdev

epsilonanr               0.040       0.0819      0.0735      0.0892   invg        0.0200
epsilonacd               0.020       0.0593      0.0511      0.0673   invg        0.0200
epsilonar                0.040       0.0863      0.0813      0.0917   invg        0.0200
epsilonxicnnsmall        0.030       0.0389      0.0322      0.0465   invg        0.0200
epsilonxicdsmall         0.030       0.0211      0.0149      0.0274   invg        0.0200
epsilonxirsmall          0.030       0.0205      0.0125      0.0292   invg        0.0200
epsilonxilsmall          0.030       0.0304      0.0237      0.0367   invg        0.0200
epsilonr                 0.002       0.0011      0.0007      0.0013   invg       20.0000
epsilonzm                0.005       0.0053      0.0043      0.0063   invg        0.0200
epsilonzk                0.005       0.0048      0.0031      0.0066   invg        0.0200
epsilonxgf               0.010       0.0086      0.0032      0.0141   invg        0.0200
epsilongthetaxc          0.005       0.0485      0.0306      0.0621   invg        0.0200
epsilongthetaxk          0.005       0.0029      0.0012      0.0044   invg        0.0200
epsilongthetal           0.005       0.0030      0.0013      0.0049   invg        0.0200
eta_xgdp                 0.005       0.0024      0.0016      0.0032   invg        2.0000
eta_pgdp                 0.005       0.0026      0.0021      0.0031   invg        2.0000
eta_pecnn                0.005       0.0039      0.0033      0.0045   invg        2.0000
eta_pecd                 0.005       0.0292      0.0254      0.0330   invg        2.0000
eta_per                  0.005       0.0037      0.0012      0.0066   invg        2.0000
eta_penr                 0.005       0.0099      0.0072      0.0126   invg        2.0000
eta_paipc                0.005       0.0035      0.0030      0.0040   invg        2.0000
eta_paipk                0.005       0.0031      0.0025      0.0037   invg        2.0000
eta_wage                 0.005       0.0071      0.0061      0.0080   invg        2.0000
Estimation::mcmc: Posterior (dsge) IRFs...
Estimation::mcmc: Posterior IRFs, done!
Estimation::mcmc: Smoothed variables
Estimation::mcmc: Smoothed variables, done!
Estimation::mcmc: Smoothed shocks
Estimation::mcmc: Smoothed shocks, done!
Estimation::mcmc: Trend_coefficients
Estimation::mcmc: Trend_coefficients, done!
Estimation::mcmc: Smoothed constant
Estimation::mcmc: Smoothed constant, done!
Estimation::mcmc: Smoothed trend
Estimation::mcmc: Smoothed trend, done!
Estimation::mcmc: Updated Variables
Estimation::mcmc: Updated Variables, done!
Estimation::mcmc: Forecasted variables (mean)
Estimation::mcmc: Forecasted variables (mean), done!
Estimation::mcmc: Forecasted variables (point)
Estimation::mcmc: Forecasted variables (point), done!
Total computing time : 4h58m57s
