Starting Dynare (version 4.5.7).
Starting preprocessing of the model file ...
Found 16 equation(s).
Evaluating expressions...done
Computing static model derivatives:
 - order 1
Computing dynamic model derivatives:
 - order 1
 - order 2
Processing outputs ...
done
Preprocessing completed.
Initial value of the log posterior (or likelihood): -1747.8991
-----------------
f at the beginning of new iteration,      1747.8991101997
Predicted improvement: 17585951.804616205
lambda =          1; f =         1748.0745306
lambda =    0.33333; f =         1747.9173595
lambda =    0.11111; f =         1747.9007512
lambda =   0.037037; f =         1747.8991909
lambda =   0.012346; f =         1628.1989868
lambda =  0.0041152; f =         1198.4196803
lambda =  0.0013717; f =          823.8471838
lambda = 0.00045725; f =          526.8246631
lambda = 0.00015242; f =          475.0362996
lambda = 5.0805e-05; f =          821.4597110
Norm of dx     59.306
----
Improvement on iteration 1 =     1272.862810631
-----------------
f at the beginning of new iteration,       475.0362995689
Predicted improvement:    13013.101523116
lambda =          1; f =          477.3183703
lambda =    0.33333; f =          475.2838867
lambda =    0.11111; f =          475.0618844
lambda =   0.037037; f =          475.0385680
lambda =   0.012346; f =          475.0364227
lambda =  0.0041152; f =          475.0362996
lambda =  0.0013717; f =          464.8204822
lambda = 0.00045725; f =          464.9593960
lambda = 0.00088394; f =          460.2561912
Norm of dx     1.6138
----
Improvement on iteration 2 =       14.780108371
-----------------
f at the beginning of new iteration,       460.2561911975
Predicted improvement:     3024.279452049
lambda =          1; f =          460.9784921
lambda =    0.33333; f =          460.3333079
lambda =    0.11111; f =          460.2637580
lambda =   0.037037; f =          460.2567427
lambda =   0.012346; f =          460.2561982
lambda =  0.0041152; f =          454.9304284
lambda =  0.0013717; f =          453.2241091
lambda =  0.0026518; f =          450.2031219
Norm of dx    0.86306
----
Improvement on iteration 3 =       10.053069318
-----------------
f at the beginning of new iteration,       450.2031218798
Predicted improvement:      355.561515085
lambda =          1; f =          450.2673941
lambda =    0.33333; f =          450.2097565
lambda =    0.11111; f =          450.2037033
lambda =   0.037037; f =          450.2031478
lambda =   0.012346; f =          451.6352123
lambda =  0.0041152; f =          447.8698265
lambda =  0.0079555; f =          447.2884686
Norm of dx    0.28427
----
Improvement on iteration 4 =        2.914653273
-----------------
f at the beginning of new iteration,       447.2884686063
Predicted improvement:       78.944792851
lambda =          1; f =          447.3000125
lambda =    0.33333; f =          447.2896425
lambda =    0.11111; f =          447.2885660
lambda =   0.037037; f =          447.2884716
lambda =   0.012346; f =          447.2249663
lambda =  0.0041152; f =          446.7604437
lambda =  0.0079555; f =          446.5963447
Norm of dx    0.13765
----
Improvement on iteration 5 =        0.692123935
-----------------
f at the beginning of new iteration,       446.5963446713
Predicted improvement:       36.615625354
lambda =          1; f =          391.5024880
lambda =     1.9332; f =          363.3745367
Norm of dx    0.10105
----
Improvement on iteration 6 =       83.221807983
-----------------
f at the beginning of new iteration,       363.3745366879
Predicted improvement:       17.242692585
lambda =          1; f =          336.9698106
lambda =     1.9332; f =          325.8888121
Norm of dx    0.11516
----
Improvement on iteration 7 =       37.485724560
-----------------
f at the beginning of new iteration,       325.8888121277
Predicted improvement:       13.544618619
lambda =          1; f =          383.9384613
lambda =    0.33333; f =          320.3369377
Norm of dx    0.12827
----
Improvement on iteration 8 =        5.551874382
-----------------
f at the beginning of new iteration,       320.3369377452
Predicted improvement:        3.134819814
lambda =          1; f =          317.3811197
Norm of dx   0.026325
----
Improvement on iteration 9 =        2.955818064
-----------------
f at the beginning of new iteration,       317.3811196815
Predicted improvement:        3.062730969
lambda =          1; f =          312.2775222
lambda =     1.9332; f =          309.7449787
Norm of dx   0.043985
----
Improvement on iteration 10 =        7.636140941
-----------------
f at the beginning of new iteration,       309.7449787403
Predicted improvement:        3.745278733
lambda =          1; f =          304.8441318
Norm of dx   0.067054
----
Improvement on iteration 11 =        4.900846959
-----------------
f at the beginning of new iteration,       304.8441317816
Predicted improvement:        2.148862265
lambda =          1; f =          301.8219468
lambda =     1.9332; f =          301.5693770
Norm of dx   0.036539
----
Improvement on iteration 12 =        3.274754740
-----------------
f at the beginning of new iteration,       301.5693770420
Predicted improvement:        2.366807283
lambda =          1; f =          300.1698267
lambda =    0.33333; f =          300.3960997
lambda =    0.64439; f =          299.9675463
Norm of dx   0.028059
----
Improvement on iteration 13 =        1.601830770
-----------------
f at the beginning of new iteration,       299.9675462725
Predicted improvement:        1.281575154
lambda =          1; f =          297.9805368
lambda =     1.9332; f =          297.1068518
Norm of dx    0.01911
----
Improvement on iteration 14 =        2.860694503
-----------------
f at the beginning of new iteration,       297.1068517698
Predicted improvement:        2.445697782
lambda =          1; f =          292.8005929
lambda =     1.9332; f =          289.8817680
lambda =     3.7372; f =          287.6388956
Norm of dx   0.066012
----
Improvement on iteration 15 =        9.467956211
-----------------
f at the beginning of new iteration,       287.6388955590
Predicted improvement:        3.047938175
lambda =          1; f =          283.8770705
Norm of dx   0.090122
----
Improvement on iteration 16 =        3.761825103
-----------------
f at the beginning of new iteration,       283.8770704558
Predicted improvement:        1.164739369
lambda =          1; f =          282.6642867
Norm of dx   0.026575
----
Improvement on iteration 17 =        1.212783782
-----------------
f at the beginning of new iteration,       282.6642866737
Predicted improvement:        0.377921679
lambda =          1; f =          281.9937283
lambda =     1.9332; f =          281.5251183
lambda =     3.7372; f =          281.0929690
Norm of dx   0.024625
----
Improvement on iteration 18 =        1.571317692
-----------------
f at the beginning of new iteration,       281.0929689819
Predicted improvement:        1.502104531
lambda =          1; f =          279.2230506
Norm of dx   0.050686
----
Improvement on iteration 19 =        1.869918408
-----------------
f at the beginning of new iteration,       279.2230505738
Predicted improvement:        1.060354910
lambda =          1; f =          277.6918066
lambda =     1.9332; f =          280.1127272
lambda =     1.3017; f =          277.6587442
Norm of dx   0.079236
----
Improvement on iteration 20 =        1.564306400
-----------------
f at the beginning of new iteration,       277.6587441735
Predicted improvement:        1.229329148
lambda =          1; f =          275.9303258
lambda =     1.9332; f =          275.5402700
Norm of dx   0.049157
----
Improvement on iteration 21 =        2.118474159
-----------------
f at the beginning of new iteration,       275.5402700145
Predicted improvement:        2.057367077
lambda =          1; f =          288.8515434
lambda =    0.33333; f =          274.5807613
Norm of dx    0.12921
----
Improvement on iteration 22 =        0.959508682
-----------------
f at the beginning of new iteration,       274.5807613320
Predicted improvement:        0.262825861
lambda =          1; f =          274.3217701
Norm of dx   0.033484
----
Improvement on iteration 23 =        0.258991223
-----------------
f at the beginning of new iteration,       274.3217701092
Predicted improvement:        0.080762741
lambda =          1; f =          274.2639844
Norm of dx   0.015067
----
Improvement on iteration 24 =        0.057785750
-----------------
f at the beginning of new iteration,       274.2639843594
Predicted improvement:        0.079066533
lambda =          1; f =          274.1456710
lambda =     1.9332; f =          274.1096058
Norm of dx    0.01173
----
Improvement on iteration 25 =        0.154378567
-----------------
f at the beginning of new iteration,       274.1096057928
Predicted improvement:        0.076829892
lambda =          1; f =          273.9694091
lambda =     1.9332; f =          273.8635060
lambda =     3.7372; f =          273.7285076
Norm of dx  0.0076357
----
Improvement on iteration 26 =        0.381098167
-----------------
f at the beginning of new iteration,       273.7285076256
Predicted improvement:        0.294563402
lambda =          1; f =          273.2242399
lambda =     1.9332; f =          272.9077384
lambda =     3.7372; f =          272.7232026
Norm of dx   0.039621
----
Improvement on iteration 27 =        1.005305044
-----------------
f at the beginning of new iteration,       272.7232025815
Predicted improvement:        0.619198950
lambda =          1; f =          271.9210545
Norm of dx   0.044247
----
Improvement on iteration 28 =        0.802148114
-----------------
f at the beginning of new iteration,       271.9210544675
Predicted improvement:        0.226616742
lambda =          1; f =          271.6316000
Norm of dx   0.014832
----
Improvement on iteration 29 =        0.289454464
-----------------
f at the beginning of new iteration,       271.6316000032
Predicted improvement:        0.134535180
lambda =          1; f =          271.4133005
lambda =     1.9332; f =          271.3046488
Norm of dx   0.011932
----
Improvement on iteration 30 =        0.326951154
-----------------
f at the beginning of new iteration,       271.3046488495
Correct for low angle: 0.00425468
Predicted improvement:        0.412325869
lambda =          1; f =          270.5598174
lambda =     1.9332; f =          270.0036735
lambda =     3.7372; f =          269.2802462
Norm of dx   0.061783
----
Improvement on iteration 31 =        2.024402683
-----------------
f at the beginning of new iteration,       269.2802461662
Correct for low angle: 0.00375041
Predicted improvement:        2.058053812
lambda =          1; f =          267.2751126
Norm of dx    0.30063
----
Improvement on iteration 32 =        2.005133592
-----------------
f at the beginning of new iteration,       267.2751125746
Correct for low angle: 0.00106944
Predicted improvement:        9.891077583
lambda =          1; f =          285.8633106
lambda =    0.33333; f =          267.2850407
lambda =    0.11111; f =          265.9541119
Norm of dx    0.37356
----
Improvement on iteration 33 =        1.321000676
-----------------
f at the beginning of new iteration,       265.9541118983
Correct for low angle: 0.00412468
Predicted improvement:        2.030783784
lambda =          1; f =          264.6416920
Norm of dx    0.45262
----
Improvement on iteration 34 =        1.312419935
-----------------
f at the beginning of new iteration,       264.6416919635
Correct for low angle: 0.00134045
Predicted improvement:        3.622540085
lambda =          1; f =          270.9738942
lambda =    0.33333; f =          263.2955181
Norm of dx    0.16034
----
Improvement on iteration 35 =        1.346173887
-----------------
f at the beginning of new iteration,       263.2955180764
Predicted improvement:        0.293201774
lambda =          1; f =          262.8939118
Norm of dx    0.21918
----
Improvement on iteration 36 =        0.401606281
-----------------
f at the beginning of new iteration,       262.8939117952
Correct for low angle: 0.00336953
Predicted improvement:        0.166846328
lambda =          1; f =          263.4282857
lambda =    0.33333; f =          262.8845840
lambda =    0.11111; f =          262.8681029
Norm of dx    0.15172
----
Improvement on iteration 37 =        0.025808944
-----------------
f at the beginning of new iteration,       262.8681028516
Correct for low angle: 0.00218002
Predicted improvement:        0.251253926
lambda =          1; f =          266.8739794
lambda =    0.33333; f =          263.1239080
lambda =    0.11111; f =          262.8575108
lambda =   0.037037; f =          262.8546496
lambda =   0.071599; f =          262.8509623
Norm of dx    0.14794
----
Improvement on iteration 38 =        0.017140522
-----------------
f at the beginning of new iteration,       262.8509623300
Correct for low angle: 0.00228919
Predicted improvement:        0.241544636
lambda =          1; f =          265.0772305
lambda =    0.33333; f =          263.0305195
lambda =    0.11111; f =          262.8362669
lambda =   0.037037; f =          262.8372589
lambda =   0.071599; f =          262.8324788
Norm of dx    0.14248
----
Improvement on iteration 39 =        0.018483514
-----------------
f at the beginning of new iteration,       262.8324788164
Correct for low angle: 0.00256617
Predicted improvement:        0.207672352
lambda =          1; f =          265.2904402
lambda =    0.33333; f =          262.9735137
lambda =    0.11111; f =          262.8165939
Norm of dx    0.13677
----
Improvement on iteration 40 =        0.015884882
-----------------
f at the beginning of new iteration,       262.8165939346
Correct for low angle: 0.00155996
Predicted improvement:        0.339975251
lambda =          1; f =          265.9054118
lambda =    0.33333; f =          263.0767264
lambda =    0.11111; f =          262.7974466
lambda =   0.037037; f =          262.7975392
lambda =   0.071599; f =          262.7913036
Norm of dx    0.12737
----
Improvement on iteration 41 =        0.025290285
-----------------
f at the beginning of new iteration,       262.7913036498
Correct for low angle: 0.00355301
Predicted improvement:        0.138675059
lambda =          1; f =          263.2841484
lambda =    0.33333; f =          262.7795137
lambda =    0.11111; f =          262.7695322
lambda =     0.2148; f =          262.7651158
Norm of dx    0.12268
----
Improvement on iteration 42 =        0.026187845
-----------------
f at the beginning of new iteration,       262.7651158049
Correct for low angle: 0.00142461
Predicted improvement:        0.350689831
lambda =          1; f =          265.2988711
lambda =    0.33333; f =          262.9443020
lambda =    0.11111; f =          262.7347665
Norm of dx    0.11117
----
Improvement on iteration 43 =        0.030349264
-----------------
f at the beginning of new iteration,       262.7347665408
Correct for low angle: 0.0022505
Predicted improvement:        0.223816630
lambda =          1; f =          264.7885269
lambda =    0.33333; f =          262.8305829
lambda =    0.11111; f =          262.7116408
Norm of dx    0.10672
----
Improvement on iteration 44 =        0.023125694
-----------------
f at the beginning of new iteration,       262.7116408471
Correct for low angle: 0.00274285
Predicted improvement:        0.179757086
lambda =          1; f =          263.5062458
lambda =    0.33333; f =          262.7300651
lambda =    0.11111; f =          262.6871059
Norm of dx    0.10228
----
Improvement on iteration 45 =        0.024534920
-----------------
f at the beginning of new iteration,       262.6871059272
Correct for low angle: 0.00407779
Predicted improvement:        0.130559611
lambda =          1; f =          262.6646712
lambda =    0.33333; f =          262.6260783
lambda =    0.64439; f =          262.6164804
Norm of dx    0.10367
----
Improvement on iteration 46 =        0.070625556
-----------------
f at the beginning of new iteration,       262.6164803708
Correct for low angle: 0.00134843
Predicted improvement:        0.547149724
lambda =          1; f =          264.2426327
lambda =    0.33333; f =          262.5941284
lambda =    0.11111; f =          262.5340609
Norm of dx   0.093689
----
Improvement on iteration 47 =        0.082419505
-----------------
f at the beginning of new iteration,       262.5340608657
Predicted improvement:        0.175583602
lambda =          1; f =          262.2254647
lambda =     1.9332; f =          262.0128885
lambda =     3.7372; f =          261.7966809
Norm of dx    0.10581
----
Improvement on iteration 48 =        0.737379922
-----------------
f at the beginning of new iteration,       261.7966809437
Correct for low angle: 0.00459832
Predicted improvement:        0.338464771
lambda =          1; f =          261.2457888
lambda =     1.9332; f =          260.9530808
Norm of dx   0.053575
----
Improvement on iteration 49 =        0.843600116
-----------------
f at the beginning of new iteration,       260.9530808282
Predicted improvement:        0.268312953
lambda =          1; f =          260.5624785
lambda =     1.9332; f =          260.4752266
Norm of dx   0.060304
----
Improvement on iteration 50 =        0.477854243
-----------------
f at the beginning of new iteration,       260.4752265854
Predicted improvement:        0.084278671
lambda =          1; f =          260.3351395
lambda =     1.9332; f =          260.2549181
Norm of dx    0.04846
----
Improvement on iteration 51 =        0.220308458
-----------------
f at the beginning of new iteration,       260.2549181274
Predicted improvement:        0.071266210
lambda =          1; f =          260.1698902
Norm of dx   0.097463
----
Improvement on iteration 52 =        0.085027921
-----------------
f at the beginning of new iteration,       260.1698902060
Correct for low angle: 0.00320258
Predicted improvement:        0.050454850
lambda =          1; f =          260.2947125
lambda =    0.33333; f =          260.1611245
lambda =    0.11111; f =          260.1615541
lambda =     0.2148; f =          260.1586375
Norm of dx   0.077822
----
Improvement on iteration 53 =        0.011252675
-----------------
f at the beginning of new iteration,       260.1586375306
Correct for low angle: 0.00130231
Predicted improvement:        0.101159840
lambda =          1; f =          260.9425773
lambda =    0.33333; f =          260.2087194
lambda =    0.11111; f =          260.1491938
Norm of dx   0.055881
----
Improvement on iteration 54 =        0.009443744
-----------------
f at the beginning of new iteration,       260.1491937870
Correct for low angle: 0.00259647
Predicted improvement:        0.045415705
lambda =          1; f =          260.3223001
lambda =    0.33333; f =          260.1476157
lambda =    0.11111; f =          260.1424143
Norm of dx   0.041071
----
Improvement on iteration 55 =        0.006779527
-----------------
f at the beginning of new iteration,       260.1424142597
Predicted improvement:        0.022644335
lambda =          1; f =          260.1078399
lambda =     1.9332; f =          260.0936326
Norm of dx   0.035555
----
Improvement on iteration 56 =        0.048781628
-----------------
f at the beginning of new iteration,       260.0936326315
Correct for low angle: 0.00332341
Predicted improvement:        0.020553903
lambda =          1; f =          260.1024431
lambda =    0.33333; f =          260.0853169
Norm of dx   0.024647
----
Improvement on iteration 57 =        0.008315739
-----------------
f at the beginning of new iteration,       260.0853168920
Correct for low angle: 0.00245585
Predicted improvement:        0.028005092
lambda =          1; f =          260.1930689
lambda =    0.33333; f =          260.0846783
lambda =    0.11111; f =          260.0812085
Norm of dx   0.030348
----
Improvement on iteration 58 =        0.004108381
-----------------
f at the beginning of new iteration,       260.0812085108
Predicted improvement:        0.014920407
lambda =          1; f =          260.0589965
lambda =     1.9332; f =          260.0519579
Norm of dx   0.033727
----
Improvement on iteration 59 =        0.029250657
-----------------
f at the beginning of new iteration,       260.0519578539
Predicted improvement:        0.007894138
lambda =          1; f =          260.0373364
lambda =     1.9332; f =          260.0258966
lambda =     3.7372; f =          260.0098021
lambda =     7.2247; f =          260.0011172
Norm of dx  0.0030045
----
Improvement on iteration 60 =        0.050840681
-----------------
f at the beginning of new iteration,       260.0011171725
Predicted improvement:        0.038582990
lambda =          1; f =          259.9355697
lambda =     1.9332; f =          259.8967909
Norm of dx   0.018785
----
Improvement on iteration 61 =        0.104326269
-----------------
f at the beginning of new iteration,       259.8967909032
Predicted improvement:        0.157811340
lambda =          1; f =          259.6630152
lambda =     1.9332; f =          259.6024814
Norm of dx   0.094639
----
Improvement on iteration 62 =        0.294309538
-----------------
f at the beginning of new iteration,       259.6024813647
Predicted improvement:        0.088659367
lambda =          1; f =          259.4949038
Norm of dx    0.02234
----
Improvement on iteration 63 =        0.107577561
-----------------
f at the beginning of new iteration,       259.4949038036
Predicted improvement:        0.025494162
lambda =          1; f =          259.4641713
Norm of dx    0.01111
----
Improvement on iteration 64 =        0.030732541
-----------------
f at the beginning of new iteration,       259.4641712625
Predicted improvement:        0.005192844
lambda =          1; f =          259.4561895
lambda =     1.9332; f =          259.4529953
Norm of dx  0.0074358
----
Improvement on iteration 65 =        0.011176000
-----------------
f at the beginning of new iteration,       259.4529952624
Predicted improvement:        0.006026545
lambda =          1; f =          259.4414986
lambda =     1.9332; f =          259.4317402
lambda =     3.7372; f =          259.4155106
lambda =     7.2247; f =          259.3938650
Norm of dx  0.0045301
----
Improvement on iteration 66 =        0.059130288
-----------------
f at the beginning of new iteration,       259.3938649741
Predicted improvement:        0.067555244
lambda =          1; f =          259.2834301
lambda =     1.9332; f =          259.2259707
Norm of dx     0.0543
----
Improvement on iteration 67 =        0.167894240
-----------------
f at the beginning of new iteration,       259.2259707336
Predicted improvement:        0.074515776
lambda =          1; f =          259.1258758
Norm of dx   0.037115
----
Improvement on iteration 68 =        0.100094944
-----------------
f at the beginning of new iteration,       259.1258757898
Predicted improvement:        0.021559159
lambda =          1; f =          259.1047212
Norm of dx   0.018943
----
Improvement on iteration 69 =        0.021154605
-----------------
f at the beginning of new iteration,       259.1047211846
Predicted improvement:        0.001232992
lambda =          1; f =          259.1031554
Norm of dx  0.0089742
----
Improvement on iteration 70 =        0.001565748
-----------------
f at the beginning of new iteration,       259.1031554369
Correct for low angle: 0.00396254
Predicted improvement:        0.000497867
lambda =          1; f =          259.1027894
Norm of dx  0.0066792
----
Improvement on iteration 71 =        0.000366076
-----------------
f at the beginning of new iteration,       259.1027893608
Correct for low angle: 0.0011912
Predicted improvement:        0.001974671
lambda =          1; f =          259.1083495
lambda =    0.33333; f =          259.1024300
lambda =    0.11111; f =          259.1024209
lambda =     0.2148; f =          259.1023017
Norm of dx  0.0048687
----
Improvement on iteration 72 =        0.000487641
-----------------
f at the beginning of new iteration,       259.1023017200
Correct for low angle: 0.00431695
Predicted improvement:        0.000589613
lambda =          1; f =          259.1014868
Norm of dx   0.004004
----
Improvement on iteration 73 =        0.000814893
-----------------
f at the beginning of new iteration,       259.1014868267
Predicted improvement:        0.001657797
lambda =          1; f =          259.0986618
lambda =     1.9332; f =          259.0967675
lambda =     3.7372; f =          259.0951446
Norm of dx  0.0063136
----
Improvement on iteration 74 =        0.006342190
-----------------
f at the beginning of new iteration,       259.0951446366
Correct for low angle: 0.00238449
Predicted improvement:        0.009263621
lambda =          1; f =          259.0841581
Norm of dx  0.0061902
----
Improvement on iteration 75 =        0.010986523
-----------------
f at the beginning of new iteration,       259.0841581138
Correct for low angle: 0.0036823
Predicted improvement:        0.013561647
lambda =          1; f =          259.0796863
lambda =    0.33333; f =          259.0777663
lambda =    0.64439; f =          259.0761979
Norm of dx   0.020317
----
Improvement on iteration 76 =        0.007960232
-----------------
f at the beginning of new iteration,       259.0761978814
Correct for low angle: 0.00158356
Predicted improvement:        0.034118969
lambda =          1; f =          259.1896781
lambda =    0.33333; f =          259.0738575
lambda =    0.11111; f =          259.0707523
lambda =     0.2148; f =          259.0699040
Norm of dx   0.022858
----
Improvement on iteration 77 =        0.006293857
-----------------
f at the beginning of new iteration,       259.0699040244
Correct for low angle: 0.00219758
Predicted improvement:        0.018938855
lambda =          1; f =          259.1644877
lambda =    0.33333; f =          259.0719800
lambda =    0.11111; f =          259.0674458
Norm of dx   0.023002
----
Improvement on iteration 78 =        0.002458250
-----------------
f at the beginning of new iteration,       259.0674457743
Predicted improvement:        0.006598983
lambda =          1; f =          259.0595843
Norm of dx   0.022314
----
Improvement on iteration 79 =        0.007861493
-----------------
f at the beginning of new iteration,       259.0595842817
Correct for low angle: 0.00389627
Predicted improvement:        0.000717134
lambda =          1; f =          259.0596072
lambda =    0.33333; f =          259.0592350
lambda =    0.64439; f =          259.0592314
Norm of dx  0.0062406
----
Improvement on iteration 80 =        0.000352923
-----------------
f at the beginning of new iteration,       259.0592313590
Correct for low angle: 0.00181399
Predicted improvement:        0.001309629
lambda =          1; f =          259.0606877
lambda =    0.33333; f =          259.0588767
Norm of dx  0.0029219
----
Improvement on iteration 81 =        0.000354669
-----------------
f at the beginning of new iteration,       259.0588766896
Predicted improvement:        0.000270194
lambda =          1; f =          259.0583903
lambda =     1.9332; f =          259.0580277
lambda =     3.7372; f =          259.0575775
Norm of dx  0.0021617
----
Improvement on iteration 82 =        0.001299153
-----------------
f at the beginning of new iteration,       259.0575775362
Predicted improvement:        0.001215146
lambda =          1; f =          259.0553625
lambda =     1.9332; f =          259.0536627
lambda =     3.7372; f =          259.0513834
Norm of dx  0.0032971
----
Improvement on iteration 83 =        0.006194096
-----------------
f at the beginning of new iteration,       259.0513834406
Predicted improvement:        0.004911969
lambda =          1; f =          259.0439533
lambda =     1.9332; f =          259.0412566
Norm of dx  0.0080999
----
Improvement on iteration 84 =        0.010126817
-----------------
f at the beginning of new iteration,       259.0412566234
Predicted improvement:        0.001695090
lambda =          1; f =          259.0391081
Norm of dx  0.0055927
----
Improvement on iteration 85 =        0.002148530
-----------------
f at the beginning of new iteration,       259.0391080933
Predicted improvement:        0.000316529
lambda =          1; f =          259.0388529
Norm of dx  0.0035741
----
Improvement on iteration 86 =        0.000255151
-----------------
f at the beginning of new iteration,       259.0388529427
Predicted improvement:        0.000045981
lambda =          1; f =          259.0387989
Norm of dx   0.002183
----
Improvement on iteration 87 =        0.000054064
-----------------
f at the beginning of new iteration,       259.0387988789
Predicted improvement:        0.000008513
lambda =          1; f =          259.0387851
lambda =     1.9332; f =          259.0387773
Norm of dx 0.00064218
----
Improvement on iteration 88 =        0.000021628
-----------------
f at the beginning of new iteration,       259.0387772507
Predicted improvement:        0.000015724
lambda =          1; f =          259.0387509
lambda =     1.9332; f =          259.0387349
Norm of dx  0.0007443
----
Improvement on iteration 89 =        0.000042400
-----------------
f at the beginning of new iteration,       259.0387348506
Predicted improvement:        0.000044797
lambda =          1; f =          259.0386563
lambda =     1.9332; f =          259.0386019
lambda =     3.7372; f =          259.0385486
Norm of dx 0.00094688
----
Improvement on iteration 90 =        0.000186247
-----------------
f at the beginning of new iteration,       259.0385486038
Predicted improvement:        0.000135763
lambda =          1; f =          259.0382946
lambda =     1.9332; f =          259.0380882
lambda =     3.7372; f =          259.0377732
lambda =     7.2247; f =          259.0374783
Norm of dx  0.0011126
----
Improvement on iteration 91 =        0.001070349
-----------------
f at the beginning of new iteration,       259.0374782546
Predicted improvement:        0.000187941
lambda =          1; f =          259.0372563
Norm of dx  0.0048056
----
Improvement on iteration 92 =        0.000221953
-----------------
f at the beginning of new iteration,       259.0372563020
Predicted improvement:        0.000008678
lambda =          1; f =          259.0372455
Norm of dx 0.00086356
----
Improvement on iteration 93 =        0.000010773
-----------------
f at the beginning of new iteration,       259.0372455286
Predicted improvement:        0.000000547
lambda =          1; f =          259.0372445
lambda =     1.9332; f =          259.0372440
Norm of dx 0.00015996
----
Improvement on iteration 94 =        0.000001480
-----------------
f at the beginning of new iteration,       259.0372440489
Predicted improvement:        0.000000648
lambda =          1; f =          259.0372430
lambda =     1.9332; f =          259.0372422
lambda =     3.7372; f =          259.0372412
Norm of dx 5.2872e-05
----
Improvement on iteration 95 =        0.000002813
-----------------
f at the beginning of new iteration,       259.0372412356
Predicted improvement:        0.000003764
lambda =          1; f =          259.0372348
lambda =     1.9332; f =          259.0372299
lambda =     3.7372; f =          259.0372239
Norm of dx 0.00017386
----
Improvement on iteration 96 =        0.000017356
-----------------
f at the beginning of new iteration,       259.0372238791
Predicted improvement:        0.000018020
lambda =          1; f =          259.0371920
lambda =     1.9332; f =          259.0371696
lambda =     3.7372; f =          259.0371460
Norm of dx 0.00071867
----
Improvement on iteration 97 =        0.000077899
-----------------
f at the beginning of new iteration,       259.0371459804
Predicted improvement:        0.000035994
lambda =          1; f =          259.0370894
lambda =     1.9332; f =          259.0370688
Norm of dx  0.0012065
----
Improvement on iteration 98 =        0.000077133
-----------------
f at the beginning of new iteration,       259.0370688473
Predicted improvement:        0.000002582
lambda =          1; f =          259.0370655
Norm of dx 0.00037928
----
Improvement on iteration 99 =        0.000003375
-----------------
f at the beginning of new iteration,       259.0370654724
Predicted improvement:        0.000000014
lambda =          1; f =          259.0370654
lambda =     1.9332; f =          259.0370654
lambda =     3.7372; f =          259.0370655
lambda =     2.5164; f =          259.0370654
Norm of dx 3.9228e-05
----
Improvement on iteration 100 =        0.000000040
improvement < crit termination

Final value of minus the log posterior (or likelihood):259.037065 

MODE CHECK

Fval obtained by the minimization routine (minus the posterior/likelihood)): 259.037065

RESULTS FROM POSTERIOR ESTIMATION
parameters
         prior mean     mode    s.d. prior pstdev

trend        0.500   0.7379  0.0850 norm  0.2500 
piestarobs   1.000   0.9050  0.1789 norm  0.5000 
rstarobs     0.125   0.4342  0.0877 gamm  0.0625 
kappa        0.300   0.1024  0.0416 gamm  0.1500 
sigma        2.000   4.8675  0.6477 gamm  0.5000 
psi1         1.500   1.3232  0.1798 gamm  0.2500 
psi2         0.125   0.1215  0.1204 gamm  0.1000 
rhoR         0.500   0.7788  0.0284 beta  0.2000 
rhog         0.800   0.8689  0.0832 beta  0.1000 
rhoz         0.300   0.4362  0.0878 beta  0.1000 
rhoxi        0.500   0.5067  0.2769 beta  0.2000 
rhophi       0.500   0.9011  0.0273 beta  0.2000 

standard deviation of shocks
         prior mean     mode    s.d. prior pstdev

eR           0.003   0.0027  0.0002 invg  0.0014 
eg           0.006   0.0038  0.0008 invg  0.0032 
ez           0.009   0.0067  0.0007 invg  0.0043 
exi          0.005   0.0030  0.0010 invg  0.0040 
ephi         0.005   0.0271  0.0081 invg  0.0040 


Log data density [Laplace approximation] is -308.993961.

Estimation::mcmc: One Chain mode.
Estimation::mcmc: Initialization at the posterior mode.

Estimation::mcmc: Write details about the MCMC... Ok!
Estimation::mcmc: Details about the MCMC are available in WW11/metropolis\WW11_mh_history_0.mat


Estimation::mcmc: Number of mh files: 1 per block.
Estimation::mcmc: Total number of generated files: 1.
Estimation::mcmc: Total number of iterations: 500000.
Estimation::mcmc: Current acceptance ratio per chain: 
                                                       Chain  1: 43.9616%
Estimation::mcmc: Total number of MH draws per chain: 500000.
Estimation::mcmc: Total number of generated MH files: 1.
Estimation::mcmc: I'll use mh-files 1 to 1.
Estimation::mcmc: In MH-file number 1 I'll start at line 200001.
Estimation::mcmc: Finally I keep 300000 draws per chain.



MCMC Inefficiency factors per block
Parameter        Block 1
SE_eR            128.754
SE_eg            109.527
SE_ez            102.489
SE_exi           377.663
SE_ephi          328.713
trend            116.061
piestarobs       180.182
rstarobs         117.723
kappa            281.104
sigma            116.363
psi1             129.717
psi2             167.715
rhoR             129.723
rhog             112.698
rhoz             105.169
rhoxi             61.687
rhophi           154.253


Geweke (1992) Convergence Tests, based on means of draws 200000 to 260000 vs 350000 to 500000.
p-values are for Chi2-test for equality of means.
Parameter          Post. Mean        Post. Std   p-val No Taper   p-val 4% Taper   p-val 8% Taper  p-val 15% Taper
SE_eR                   0.003            0.000            0.000            0.054            0.041            0.022
SE_eg                   0.004            0.001            0.000            0.234            0.225            0.199
SE_ez                   0.007            0.001            0.000            0.281            0.288            0.306
SE_exi                  0.004            0.002            0.000            0.128            0.130            0.084
SE_ephi                 0.028            0.009            0.000            0.495            0.511            0.475
trend                   0.734            0.088            0.000            0.129            0.140            0.095
piestarobs              0.912            0.211            0.000            0.640            0.632            0.616
rstarobs                0.426            0.087            0.000            0.656            0.672            0.652
kappa                   0.106            0.039            0.000            0.040            0.057            0.031
sigma                   5.036            0.651            0.000            0.320            0.323            0.279
psi1                    1.403            0.184            0.969            0.997            0.997            0.997
psi2                    0.212            0.129            0.000            0.179            0.160            0.139
rhoR                    0.789            0.026            0.000            0.118            0.133            0.092
rhog                    0.836            0.083            0.011            0.814            0.831            0.839
rhoz                    0.447            0.085            0.000            0.149            0.137            0.112
rhoxi                   0.512            0.199            0.000            0.031            0.034            0.030
rhophi                  0.905            0.028            0.000            0.193            0.156            0.142


Estimation::marginal density: I'm computing the posterior mean and covariance...  Done!
Estimation::marginal density: I'm computing the posterior log marginal density (modified harmonic mean)... Done!


ESTIMATION RESULTS

Log data density is -308.965480.

parameters
             prior mean   post. mean        90% HPD interval    prior       pstdev

trend             0.500       0.7342      0.5937      0.8811   norm        0.2500
piestarobs        1.000       0.9065      0.5604      1.2396   norm        0.5000
rstarobs          0.125       0.4234      0.2796      0.5669   gamm        0.0625
kappa             0.300       0.1061      0.0464      0.1666   gamm        0.1500
sigma             2.000       5.0592      3.9930      6.1550   gamm        0.5000
psi1              1.500       1.4005      1.0981      1.6871   gamm        0.2500
psi2              0.125       0.2091      0.0098      0.3903   gamm        0.1000
rhoR              0.500       0.7889      0.7444      0.8316   beta        0.2000
rhog              0.800       0.8359      0.7120      0.9659   beta        0.1000
rhoz              0.300       0.4468      0.3106      0.5899   beta        0.1000
rhoxi             0.500       0.5127      0.1843      0.8375   beta        0.2000
rhophi            0.500       0.9044      0.8596      0.9517   beta        0.2000

standard deviation of shocks
             prior mean   post. mean        90% HPD interval    prior       pstdev

eR                0.003       0.0027      0.0025      0.0030   invg        0.0014
eg                0.006       0.0039      0.0027      0.0052   invg        0.0032
ez                0.009       0.0066      0.0055      0.0077   invg        0.0043
exi               0.005       0.0044      0.0018      0.0072   invg        0.0040
ephi              0.005       0.0285      0.0150      0.0414   invg        0.0040
Estimation::mcmc: Posterior (dsge) IRFs...
Estimation::mcmc: Posterior IRFs, done!
Estimation::mcmc: Smoothed variables
Estimation::mcmc: Smoothed variables, done!
Estimation::mcmc: Smoothed shocks
Estimation::mcmc: Smoothed shocks, done!
Estimation::mcmc: Trend_coefficients
Estimation::mcmc: Trend_coefficients, done!
Estimation::mcmc: Smoothed constant
Estimation::mcmc: Smoothed constant, done!
Estimation::mcmc: Smoothed trend
Estimation::mcmc: Smoothed trend, done!
Estimation::mcmc: Updated Variables
Estimation::mcmc: Updated Variables, done!
Estimation::mcmc: Forecasted variables (mean)
Estimation::mcmc: Forecasted variables (mean), done!
Estimation::mcmc: Forecasted variables (point)
Estimation::mcmc: Forecasted variables (point), done!
Total computing time : 1h28m20s
