Starting Dynare (version 4.5.7).
Starting preprocessing of the model file ...
Substitution of exo lags: added 2 auxiliary variables and equations.
Found 49 equation(s).
Evaluating expressions...done
Computing static model derivatives:
 - order 1
Computing dynamic model derivatives:
 - order 1
 - order 2
Processing outputs ...
done
Preprocessing completed.
[Warning: Some of the parameters have no value (bet, pistar, sprd, Fom, zstar, rstar, Rstarn, rkstar,
omegastar, Lstar, kstar, kbarstar, istar, ystar, cstar, wl_c, zwstar, sigwstar, omegabarstar, Gstar,
Gammastar, dGdomegastar, d2Gdomega2star, dGammadomegastar, d2Gammadomega2star, dGdsigmastar,
d2Gdomegadsigmastar, dGammadsigmastar, d2Gammadomegadsigmastar, muestar, nkstar, Rhostar, wekstar,
vkstar, nstar, vstar, GammamuG, GammamuGprime, zeta_bw, zeta_zw, zeta_bw_zw, zeta_bsigw, zeta_zsigw,
zeta_spsigw, zeta_bmue, zeta_zmue, zeta_spmue, Rkstar, zeta_Gw, zeta_Gsigw, zeta_nRk, zeta_nR,
zeta_nqk, zeta_nn, zeta_nmue, zeta_nsigw) when using steady. If these parameters are not initialized in
a steadystate file or a steady_state_model-block, Dynare may not be able to solve the model...] 

STEADY-STATE RESULTS:

y_t                  		 0
c_t                  		 0
i_t                  		 0
k_t                  		 0
kbar_t               		 0
L_t                  		 0
mc_t                 		 0
pi_t                 		 0
R_t                  		 0
rk_t                 		 0
u_t                  		 0
w_t                  		 0
muw_t                		 0
qk_t                 		 0
Rktil_t              		 0
n_t                  		 0
z_t                  		 0
ztil_t               		 0
b_t                  		 0
g_t                  		 0
laf_t                		 0
law_t                		 0
sigw_t               		 0
mu_t                 		 0
rm_t                 		 0
gdp_rgd_obs          		 0.675032
hours_dngs15_cql_obs 		 0.467095
wage_rgd_obs         		 0.675032
gdpdef_obs           		 0.636515
ffr_obs              		 1.24246
c_rgd_obs            		 0.675032
ifi_rgd_obs          		 0.675032
baag10_obs           		 0.449254
y_ft                 		 0
c_ft                 		 0
i_ft                 		 0
k_ft                 		 0
kbar_ft              		 0
L_ft                 		 0
r_ft                 		 0
rk_ft                		 0
u_ft                 		 0
w_ft                 		 0
qk_ft                		 0
outputgap_t          		 0
r_ft_obs             		 2.42378
r_ann_t              		 2.42378

EIGENVALUES:
         Modulus             Real        Imaginary

       5.628e-18       -5.628e-18                0
        1.04e-17         1.04e-17                0
       1.336e-17       -1.336e-17                0
       8.596e-17        8.596e-17                0
       4.352e-16       -4.352e-16                0
          0.1899           0.1743          0.07549
          0.1899           0.1743         -0.07549
          0.2185           0.2185                0
          0.2769           0.2719          0.05252
          0.2769           0.2719         -0.05252
          0.3298           0.3298                0
          0.3316           0.3316                0
          0.7042           0.7042                0
          0.8332           0.8332                0
          0.8395           0.8345          0.09142
          0.8395           0.8345         -0.09142
          0.9279           0.9279                0
          0.9326           0.9326                0
          0.9509           0.9509                0
          0.9583           0.9583                0
          0.9738           0.9738                0
          0.9788           0.9788                0
          0.9899           0.9899                0
           1.058            1.058                0
           1.138            1.138                0
           1.212            1.206           0.1134
           1.212            1.206          -0.1134
           1.231            1.231                0
           3.257            2.958            1.363
           3.257            2.958           -1.363
       2.405e+17        2.405e+17                0
       2.191e+18       -2.191e+18                0
       2.767e+18       -2.767e+18                0
       3.559e+18       -3.559e+18                0
             Inf             -Inf                0


There are 12 eigenvalue(s) larger than 1 in modulus 
for 12 forward-looking variable(s)

The rank condition is verified.

Initial value of the log posterior (or likelihood): -2547990.5096
-----------------
f at the beginning of new iteration,   2547990.5096163815
Predicted improvement: 63140151038.140762329
lambda =          1; f =      3202594.7657175
lambda =    0.33333; f =      2620322.0851183
lambda =    0.11111; f =      2555900.1223321
lambda =   0.037037; f =      2548830.0997148
lambda =   0.012346; f =      2548071.8814081
lambda =  0.0041152; f =      2547996.5614217
lambda =  0.0013717; f =      2547990.7162017
lambda = 0.00045725; f =        81001.0452933
lambda = 0.00015242; f =       242405.4378013
lambda = 5.0805e-05; f =       621908.0347806
Norm of dx     3553.6
----
Improvement on iteration 1 =  2466989.464323056
-----------------
f at the beginning of new iteration,     81001.0452933255
Predicted improvement: 16812592.795470044
lambda =          1; f =        81270.7127279
lambda =    0.33333; f =        81025.8438077
lambda =    0.11111; f =        81003.0091425
lambda =   0.037037; f =        81001.2351213
lambda =   0.012346; f =        81001.0600970
lambda =  0.0041152; f =        81001.0455822
lambda =  0.0013717; f =        49412.0767949
Norm of dx     57.995
----
Improvement on iteration 2 =    31588.968498443
-----------------
f at the beginning of new iteration,     49412.0767948824
Predicted improvement:  2680638.869127917
lambda =          1; f =        49484.4023166
lambda =    0.33333; f =        49418.2900757
lambda =    0.11111; f =        49412.4806003
lambda =   0.037037; f =        49412.0778948
lambda =   0.012346; f =        49412.0960348
lambda =  0.0041152; f =        49412.0770385
lambda =  0.0013717; f =        44271.0814146
Norm of dx     24.914
----
Improvement on iteration 3 =     5140.995380329
-----------------
f at the beginning of new iteration,     44271.0814145532
Predicted improvement:   642332.213071559
lambda =          1; f =        44341.7846783
lambda =    0.33333; f =        44277.3910863
lambda =    0.11111; f =        44271.4640755
lambda =   0.037037; f =        44271.0878276
lambda =   0.012346; f =        44271.0814157
lambda =  0.0041152; f =        40097.6225081
lambda =  0.0079555; f =        38058.5722919
Norm of dx     12.713
----
Improvement on iteration 4 =     6212.509122625
-----------------
f at the beginning of new iteration,     38058.5722919278
Predicted improvement:   450841.579599312
lambda =          1; f =        38097.3000714
lambda =    0.33333; f =        38061.2551015
lambda =    0.11111; f =        38058.6714760
lambda =   0.037037; f =        38059.5518646
lambda =   0.012346; f =        38059.5713197
lambda =  0.0041152; f =        34584.8961111
lambda =  0.0079555; f =        31911.3471038
lambda =   0.015379; f =        38059.5701423
lambda =   0.010356; f =        38059.5720098
lambda =   0.008168; f =        31783.1969386
lambda =  0.0094179; f =        31076.1490358
lambda =   0.010859; f =        38059.5718408
lambda =  0.0099698; f =        38059.5721370
lambda =  0.0094717; f =        31047.5455592
lambda =  0.0097675; f =        38059.5722029
lambda =  0.0095889; f =        38059.5722606
lambda =  0.0094833; f =        31041.3660391
Norm of dx     12.819
Cliff.  Perturbing search direction.
Predicted improvement:  2735492.193630063
lambda =          1; f =        38076.8492518
lambda =    0.33333; f =        38059.3229631
lambda =    0.11111; f =        38058.5724397
lambda =   0.037037; f =        38059.5551646
lambda =   0.012346; f =        38059.5705113
lambda =  0.0041152; f =        22263.8807105
lambda =  0.0079555; f =        38059.5721857
lambda =  0.0053568; f =        19451.1059590
Norm of dx     24.567

badg2 =

     0

----
Improvement on iteration 5 =    18607.466332928
-----------------
f at the beginning of new iteration,     19451.1059589998
Predicted improvement:    55998.842648954
lambda =          1; f =        19452.1973162
lambda =    0.33333; f =        19451.1067563
lambda =    0.11111; f =        18814.0391502
lambda =   0.037037; f =        16783.5612261
Norm of dx     3.4319
----
Improvement on iteration 6 =     2667.544732853
-----------------
f at the beginning of new iteration,     16783.5612261470
Predicted improvement:    78790.814039164
lambda =          1; f =        16795.0939214
lambda =    0.33333; f =        16784.1815732
lambda =    0.11111; f =        16783.5716554
lambda =   0.037037; f =        16784.5585438
lambda =   0.012346; f =        14989.2966984
lambda =   0.023866; f =        16784.5602832
lambda =    0.01607; f =        16784.5611713
lambda =   0.012676; f =        14945.9704940
lambda =   0.014615; f =        14696.7837778
lambda =   0.016851; f =        16784.5610864
lambda =   0.015472; f =        14589.8855254
lambda =   0.016285; f =        16784.5611481
lambda =   0.015792; f =        16784.5612014
lambda =   0.015503; f =        14585.9607642
lambda =   0.015676; f =        16784.5612139
Norm of dx     6.3168
Cliff.  Perturbing search direction.
Predicted improvement:   224345.973989639
lambda =          1; f =        16796.2771602
lambda =    0.33333; f =        16784.2326250
lambda =    0.11111; f =        16783.5612868
lambda =   0.037037; f =        16784.5588219
lambda =   0.012346; f =        12288.5605114
lambda =   0.023866; f =        16784.5604197
lambda =    0.01607; f =        11300.5230620
lambda =   0.020374; f =        16784.5608011
lambda =    0.01767; f =        16784.5610858
lambda =   0.016224; f =        11263.1422373
lambda =   0.017077; f =        16784.5611470
lambda =    0.01656; f =        16784.5612001
lambda =   0.016257; f =        11255.0547160
lambda =   0.016438; f =        16784.5612125
Norm of dx     8.4294
Cliff again.  Try traversing
Predicted improvement: 1478346333.702107430
lambda =          1; f =    223194172.6672223
lambda =    0.33333; f =     24803845.9033192
lambda =    0.11111; f =      2767445.9390567
lambda =   0.037037; f =       321276.5968823
lambda =   0.012346; f =        50243.9020451
lambda =  0.0041152; f =        20383.0073866
lambda =  0.0013717; f =        17149.0169961
lambda = 0.00045725; f =        16816.4828262
lambda = 0.00015242; f =        16785.6446841
lambda = 5.0805e-05; f =        16783.6001876
lambda = 1.6935e-05; f =        16783.5793657
lambda =  5.645e-06; f =         5765.0042150
Norm of dx      54375
----
Improvement on iteration 7 =    11018.557011185
-----------------
f at the beginning of new iteration,      5765.0042149618
Predicted improvement:     6067.459509473
lambda =          1; f =         5765.0048450
lambda =    0.33333; f =         4916.8023128
lambda =    0.11111; f =         4992.9003547
Norm of dx     1.0731
----
Improvement on iteration 8 =      848.201902196
-----------------
f at the beginning of new iteration,      4916.8023127659
Predicted improvement:     5985.373703661
lambda =          1; f =         4917.0515125
lambda =    0.33333; f =         4916.8023346
lambda =    0.11111; f =         3762.8500627
lambda =     0.2148; f =         3145.0776751
Norm of dx     1.4181
----
Improvement on iteration 9 =     1771.724637631
-----------------
f at the beginning of new iteration,      3145.0776751353
Predicted improvement:    12883.206716619
lambda =          1; f =         3145.4800908
lambda =    0.33333; f =         3145.0963123
lambda =    0.11111; f =         3145.0930366
lambda =   0.037037; f =         3145.0776904
lambda =   0.012346; f =         2841.1657631
lambda =   0.023866; f =         3145.0776758
lambda =    0.01607; f =         2756.3405163
lambda =   0.020374; f =         3145.0776751
lambda =    0.01767; f =         2721.3066681
lambda =   0.019246; f =         2688.0917316
lambda =   0.020963; f =         3145.0776752
lambda =   0.019915; f =         2674.7974409
lambda =   0.020537; f =         3145.0776751
lambda =   0.020162; f =         2670.2497293
lambda =   0.020386; f =         3145.0776751
Norm of dx     3.1341
Cliff.  Perturbing search direction.
Predicted improvement:    22552.266594066
lambda =          1; f =         3145.1619984
lambda =    0.33333; f =         3145.6494408
lambda =    0.11111; f =         3145.0979055
lambda =   0.037037; f =         3145.0776831
lambda =   0.012346; f =         2654.2591396
lambda =   0.023866; f =         3145.0776752
lambda =    0.01607; f =         2531.0731860
lambda =   0.020374; f =         2403.3698686
lambda =   0.025831; f =         3145.0776754
lambda =   0.022403; f =         2349.4988110
lambda =   0.024401; f =         3145.0776752
lambda =   0.023182; f =         2330.8418531
lambda =   0.023906; f =         3145.0776752
lambda =   0.023469; f =         3145.0776751
lambda =    0.02321; f =         2330.2193560
Norm of dx      3.564
Cliff again.  Try traversing
Predicted improvement: 70823314.477863416
lambda =          1; f =     18033410.4868491
lambda =    0.33333; f =      2003631.3959776
lambda =    0.11111; f =       224481.3042209
lambda =   0.037037; f =        27435.6120828
lambda =   0.012346; f =         5748.6284536
lambda =  0.0041152; f =         3407.6383202
lambda =  0.0013717; f =         3167.4578063
lambda = 0.00045725; f =         3146.2086132
lambda = 0.00015242; f =         3145.0783225
lambda = 5.0805e-05; f =         3145.1048637
lambda = 1.6935e-05; f =         1695.9857020
Norm of dx      11902
----
Improvement on iteration 10 =     1449.091973149
-----------------
f at the beginning of new iteration,      1695.9857019867
Predicted improvement:      687.563858954
lambda =          1; f =         1696.0193094
lambda =    0.33333; f =         1695.9867794
lambda =    0.11111; f =         1597.1667725
Norm of dx    0.43363
----
Improvement on iteration 11 =       98.818929453
-----------------
f at the beginning of new iteration,      1597.1667725338
Predicted improvement:      512.597718708
lambda =          1; f =         1597.1670719
lambda =    0.33333; f =         1452.5435445
Norm of dx    0.41962
----
Improvement on iteration 12 =      144.623228027
-----------------
f at the beginning of new iteration,      1452.5435445070
Predicted improvement:     1295.197687977
lambda =          1; f =         1452.6071117
lambda =    0.33333; f =         1452.5459381
lambda =    0.11111; f =         1229.3913890
lambda =     0.2148; f =         1452.5437082
lambda =    0.14463; f =         1272.6775360
Norm of dx      1.164
----
Improvement on iteration 13 =      223.152155524
-----------------
f at the beginning of new iteration,      1229.3913889825
Predicted improvement:     1112.728000514
lambda =          1; f =         1229.5765373
lambda =    0.33333; f =         1229.4004974
lambda =    0.11111; f =         1229.3915257
lambda =   0.037037; f =         1182.1277973
Norm of dx     1.0612
----
Improvement on iteration 14 =       47.263591648
-----------------
f at the beginning of new iteration,      1182.1277973343
Predicted improvement:      152.561768629
lambda =          1; f =         1061.0107920
Norm of dx     0.2174
----
Improvement on iteration 15 =      121.117005343
-----------------
f at the beginning of new iteration,      1061.0107919910
Predicted improvement:       78.180192409
lambda =          1; f =          941.3183869
lambda =     1.9332; f =         1061.0108167
lambda =     1.3017; f =          917.2025332
lambda =     1.6503; f =         1061.0107978
lambda =     1.4313; f =         1061.0107922
lambda =     1.3141; f =          916.5213371
lambda =     1.3832; f =          915.4249741
Norm of dx    0.15466
----
Improvement on iteration 16 =      145.585817915
warning: possible inaccuracy in H matrix
-----------------
f at the beginning of new iteration,       915.4249740758
Predicted improvement:      258.791081005
lambda =          1; f =          915.4249807
lambda =    0.33333; f =          862.3595755
Norm of dx    0.41213
----
Improvement on iteration 17 =       53.065398607
-----------------
f at the beginning of new iteration,       862.3595754691
Predicted improvement:       72.522150281
lambda =          1; f =          825.5572874
lambda =    0.33333; f =          819.9990222
lambda =    0.64439; f =          796.7537068
lambda =     1.2457; f =          862.3597762
lambda =     0.8388; f =          799.4296326
Norm of dx    0.25308
----
Improvement on iteration 18 =       65.605868664
-----------------
f at the beginning of new iteration,       796.7537068047
Predicted improvement:       62.258712444
lambda =          1; f =          796.7570366
lambda =    0.33333; f =          796.7537472
lambda =    0.11111; f =          784.1015094
lambda =     0.2148; f =          777.0531022
lambda =    0.41524; f =          796.7537300
lambda =     0.2796; f =          796.7537171
lambda =    0.22054; f =          777.6739729
Norm of dx    0.29999
----
Improvement on iteration 19 =       19.700604634
-----------------
f at the beginning of new iteration,       777.0531021712
Predicted improvement:      147.244317017
lambda =          1; f =          777.0689333
lambda =    0.33333; f =          777.0541957
lambda =    0.11111; f =          777.0531068
lambda =   0.037037; f =          767.7365264
lambda =   0.071599; f =          761.3052431
lambda =    0.13841; f =          777.0531376
lambda =     0.0932; f =          760.3797354
Norm of dx     0.5385
----
Improvement on iteration 20 =       16.673366780
-----------------
f at the beginning of new iteration,       760.3797353908
Predicted improvement:      262.482541816
lambda =          1; f =          760.3810663
lambda =    0.33333; f =          768.2263974
lambda =    0.11111; f =          738.5812800
Norm of dx     0.6632
----
Improvement on iteration 21 =       21.798455386
-----------------
f at the beginning of new iteration,       738.5812800048
Predicted improvement:       19.260032622
lambda =          1; f =          705.7220813
lambda =     1.9332; f =          686.4824927
Norm of dx    0.10996
----
Improvement on iteration 22 =       52.098787313
-----------------
f at the beginning of new iteration,       686.4824926920
Predicted improvement:       30.378363533
lambda =          1; f =          686.4829049
lambda =    0.33333; f =          668.2893943
lambda =    0.64439; f =          686.4825520
lambda =     0.4339; f =          686.4824927
lambda =    0.34224; f =          667.9033590
lambda =    0.39461; f =          666.1502936
lambda =    0.45499; f =          686.4824937
lambda =    0.41773; f =          666.4568659
lambda =     0.4397; f =          686.4824929
lambda =    0.42639; f =          668.5523245
Norm of dx    0.19517
----
Improvement on iteration 23 =       20.332199114
warning: possible inaccuracy in H matrix
-----------------
f at the beginning of new iteration,       666.1502935782
Predicted improvement:       77.267651650
lambda =          1; f =          666.1522299
lambda =    0.33333; f =          637.7407769
Norm of dx      0.434
----
Improvement on iteration 24 =       28.409516720
-----------------
f at the beginning of new iteration,       637.7407768583
Predicted improvement:       46.183660303
lambda =          1; f =          611.9486163
lambda =    0.33333; f =          616.7032965
Norm of dx    0.13236
----
Improvement on iteration 25 =       25.792160522
-----------------
f at the beginning of new iteration,       611.9486163365
Predicted improvement:       17.094612789
lambda =          1; f =          611.9486172
lambda =    0.33333; f =          601.6740425
lambda =    0.64439; f =          594.6954712
lambda =     1.2457; f =          611.9486203
lambda =     0.8388; f =          611.9486164
lambda =    0.66161; f =          594.4506267
lambda =    0.76285; f =          594.4626489
Norm of dx   0.060479
----
Improvement on iteration 26 =       17.497989666
warning: possible inaccuracy in H matrix
-----------------
f at the beginning of new iteration,       594.4506266706
Predicted improvement:       70.377921758
lambda =          1; f =          594.4515930
lambda =    0.33333; f =          586.3156463
lambda =    0.11111; f =          585.5016226
Norm of dx    0.25721
----
Improvement on iteration 27 =        8.949004089
-----------------
f at the beginning of new iteration,       585.5016225817
Predicted improvement:       15.264387377
lambda =          1; f =          571.1237644
Norm of dx    0.10091
----
Improvement on iteration 28 =       14.377858192
-----------------
f at the beginning of new iteration,       571.1237643895
Predicted improvement:       17.263539437
lambda =          1; f =          571.1238638
lambda =    0.33333; f =          562.8043178
lambda =    0.64439; f =          571.1237663
lambda =     0.4339; f =          561.5991331
Norm of dx   0.076744
----
Improvement on iteration 29 =        9.524631307
-----------------
f at the beginning of new iteration,       561.5991330827
Predicted improvement:       21.701369658
lambda =          1; f =          549.2741564
lambda =    0.33333; f =          552.6734644
Norm of dx    0.11154
----
Improvement on iteration 30 =       12.324976687
-----------------
f at the beginning of new iteration,       549.2741563957
Predicted improvement:        7.768711756
lambda =          1; f =          535.6526314
lambda =     1.9332; f =          526.6606207
lambda =     3.7372; f =          549.2741568
lambda =     2.5164; f =          523.7021766
Norm of dx   0.094559
----
Improvement on iteration 31 =       25.571979797
-----------------
f at the beginning of new iteration,       523.7021765983
Predicted improvement:       22.789690837
lambda =          1; f =          523.7023882
lambda =    0.33333; f =          513.2825047
Norm of dx    0.23326
----
Improvement on iteration 32 =       10.419671872
-----------------
f at the beginning of new iteration,       513.2825047259
Predicted improvement:       13.713728909
lambda =          1; f =          513.2825065
lambda =    0.33333; f =          504.9563088
lambda =    0.64439; f =          499.0498544
lambda =     1.2457; f =          513.2825140
lambda =     0.8388; f =          513.2825048
lambda =    0.66161; f =          498.8244892
lambda =    0.76285; f =          498.2212067
lambda =    0.87957; f =          513.2825050
lambda =    0.80755; f =          499.6522933
Norm of dx    0.23739
----
Improvement on iteration 33 =       15.061298018
warning: possible inaccuracy in H matrix
-----------------
f at the beginning of new iteration,       498.2212067075
Predicted improvement:      207.965313654
lambda =          1; f =          498.4508735
lambda =    0.33333; f =          498.2214291
lambda =    0.11111; f =          498.2228063
lambda =   0.037037; f =          498.2212068
lambda =   0.012346; f =          493.8102347
lambda =   0.023866; f =          498.2212067
lambda =    0.01607; f =          492.7369758
lambda =   0.020374; f =          491.8650089
lambda =   0.025831; f =          498.2212067
lambda =   0.022403; f =          492.6484680
Norm of dx     3.1508
----
Improvement on iteration 34 =        6.356197831
warning: possible inaccuracy in H matrix
-----------------
f at the beginning of new iteration,       491.8650088766
Predicted improvement:      273.308628595
lambda =          1; f =          492.5632518
lambda =    0.33333; f =          491.8692606
lambda =    0.11111; f =          491.8741796
lambda =   0.037037; f =          492.8645122
lambda =   0.012346; f =          486.4740493
lambda =   0.023866; f =          492.8647824
lambda =    0.01607; f =          492.8649417
lambda =   0.012676; f =          486.3538233
lambda =   0.014615; f =          492.8649713
lambda =   0.013418; f =          492.8649957
lambda =   0.012748; f =          486.3275735
lambda =   0.013146; f =          492.8650012
lambda =   0.012906; f =          492.8650061
lambda =   0.012764; f =          486.3218890
Norm of dx     4.0313
Cliff.  Perturbing search direction.
Predicted improvement:      332.624647507
lambda =          1; f =          492.5852611
lambda =    0.33333; f =          491.8692964
lambda =    0.11111; f =          491.8809488
lambda =   0.037037; f =          491.8650614
lambda =   0.012346; f =          485.1914625
lambda =   0.023866; f =          492.8647803
lambda =    0.01607; f =          492.8649402
lambda =   0.012676; f =          485.0422402
lambda =   0.014615; f =          492.8649700
lambda =   0.013418; f =          492.8649945
lambda =   0.012748; f =          492.8650082
Norm of dx     4.3353
Cliff again.  Try traversing
Predicted improvement:    19059.327262212
lambda =          1; f =         2043.9819537
lambda =    0.33333; f =          631.6579044
lambda =    0.11111; f =          499.1523450
lambda =   0.037037; f =          491.8998344
lambda =   0.012346; f =          491.8651176
lambda =  0.0041152; f =          491.9947084
lambda =  0.0013717; f =          491.8722820
lambda = 0.00045725; f =          475.8043293
lambda = 0.00088394; f =          491.8663347
lambda =  0.0005952; f =          491.8650649
lambda = 0.00046946; f =          475.7100381
lambda =  0.0005413; f =          491.8650132
lambda = 0.00049698; f =          476.1564996
lambda = 0.00052311; f =          491.8650089
lambda = 0.00050727; f =          476.9906576
lambda = 0.00051672; f =          479.1172304
Norm of dx     195.24
----
Improvement on iteration 35 =       16.154970765
warning: possible inaccuracy in H matrix
-----------------
f at the beginning of new iteration,       475.7100381118
Predicted improvement:       22.688186222
lambda =          1; f =          475.7100687
lambda =    0.33333; f =          472.7051674
lambda =    0.11111; f =          471.6227674
lambda =     0.2148; f =          470.1782088
Norm of dx    0.83247
----
Improvement on iteration 36 =        5.531829277
-----------------
f at the beginning of new iteration,       470.1782088347
Predicted improvement:       65.982420901
lambda =          1; f =          470.1802135
lambda =    0.33333; f =          546.9437747
lambda =    0.11111; f =          469.1464869
lambda =   0.037037; f =          467.6547544
Norm of dx     1.4674
----
Improvement on iteration 37 =        2.523454477
-----------------
f at the beginning of new iteration,       467.6547543582
Predicted improvement:       13.762938747
lambda =          1; f =          467.6547813
lambda =    0.33333; f =          461.1929467
lambda =    0.64439; f =          467.6547552
lambda =     0.4339; f =          460.5030817
Norm of dx   0.071236
----
Improvement on iteration 38 =        7.151672628
-----------------
f at the beginning of new iteration,       460.5030817298
Predicted improvement:       14.155150745
lambda =          1; f =          450.9943434
Norm of dx   0.079091
----
Improvement on iteration 39 =        9.508738359
-----------------
f at the beginning of new iteration,       450.9943433705
Predicted improvement:        4.657873248
lambda =          1; f =          445.0753149
Norm of dx   0.026981
----
Improvement on iteration 40 =        5.919028430
-----------------
f at the beginning of new iteration,       445.0753149403
Predicted improvement:        5.397612516
lambda =          1; f =          435.8113978
lambda =     1.9332; f =          429.6692289
lambda =     3.7372; f =          425.8256160
Norm of dx   0.076099
----
Improvement on iteration 41 =       19.249698929
-----------------
f at the beginning of new iteration,       425.8256160114
Predicted improvement:        5.263479917
lambda =          1; f =          421.1047281
Norm of dx    0.15011
----
Improvement on iteration 42 =        4.720887906
-----------------
f at the beginning of new iteration,       421.1047281054
Predicted improvement:        2.691718948
lambda =          1; f =          416.6205889
lambda =     1.9332; f =          414.1106115
Norm of dx   0.067587
----
Improvement on iteration 43 =        6.994116618
-----------------
f at the beginning of new iteration,       414.1106114878
Predicted improvement:        3.220696692
lambda =          1; f =          410.4900865
Norm of dx   0.091147
----
Improvement on iteration 44 =        3.620525034
-----------------
f at the beginning of new iteration,       410.4900864541
Predicted improvement:        0.799981716
lambda =          1; f =          409.3330516
lambda =     1.9332; f =          409.0659853
Norm of dx   0.048418
----
Improvement on iteration 45 =        1.424101158
-----------------
f at the beginning of new iteration,       409.0659852961
Predicted improvement:        0.579551639
lambda =          1; f =          408.1213145
lambda =     1.9332; f =          407.6103714
Norm of dx   0.016829
----
Improvement on iteration 46 =        1.455613915
-----------------
f at the beginning of new iteration,       407.6103713815
Predicted improvement:        0.931981368
lambda =          1; f =          405.9979614
lambda =     1.9332; f =          404.9482989
lambda =     3.7372; f =          404.2328373
Norm of dx   0.046672
----
Improvement on iteration 47 =        3.377534101
-----------------
f at the beginning of new iteration,       404.2328372809
Predicted improvement:        1.488842999
lambda =          1; f =          401.7534126
lambda =     1.9332; f =          400.3306227
Norm of dx   0.057523
----
Improvement on iteration 48 =        3.902214609
-----------------
f at the beginning of new iteration,       400.3306226722
Predicted improvement:        1.389796558
lambda =          1; f =          398.3030693
lambda =     1.9332; f =          397.8064843
Norm of dx   0.096112
----
Improvement on iteration 49 =        2.524138388
-----------------
f at the beginning of new iteration,       397.8064842845
Predicted improvement:        0.905596952
lambda =          1; f =          396.4465781
lambda =     1.9332; f =          395.9909014
Norm of dx   0.046689
----
Improvement on iteration 50 =        1.815582900
-----------------
f at the beginning of new iteration,       395.9909013841
Predicted improvement:        1.200125679
lambda =          1; f =          394.5534132
Norm of dx   0.059736
----
Improvement on iteration 51 =        1.437488165
-----------------
f at the beginning of new iteration,       394.5534132186
Predicted improvement:        0.433722081
lambda =          1; f =          393.8702505
lambda =     1.9332; f =          393.6144142
Norm of dx   0.041199
----
Improvement on iteration 52 =        0.938999006
-----------------
f at the beginning of new iteration,       393.6144142130
Predicted improvement:        0.636274386
lambda =          1; f =          392.5762933
lambda =     1.9332; f =          391.9944077
Norm of dx   0.029521
----
Improvement on iteration 53 =        1.620006493
-----------------
f at the beginning of new iteration,       391.9944077205
Predicted improvement:        1.422856876
lambda =          1; f =          389.7084239
lambda =     1.9332; f =          388.5665794
Norm of dx   0.080705
----
Improvement on iteration 54 =        3.427828367
-----------------
f at the beginning of new iteration,       388.5665793533
Predicted improvement:        2.249238635
lambda =          1; f =          386.0316919
Norm of dx    0.10949
----
Improvement on iteration 55 =        2.534887470
-----------------
f at the beginning of new iteration,       386.0316918833
Predicted improvement:        2.122593788
lambda =          1; f =          383.8385968
Norm of dx    0.10112
----
Improvement on iteration 56 =        2.193095099
-----------------
f at the beginning of new iteration,       383.8385967848
Predicted improvement:        1.914922323
lambda =          1; f =          383.1739355
lambda =    0.33333; f =          382.9439459
lambda =    0.64439; f =          382.7336382
Norm of dx    0.12476
----
Improvement on iteration 57 =        1.104958606
-----------------
f at the beginning of new iteration,       382.7336381783
Predicted improvement:        0.512176093
lambda =          1; f =          381.9189989
lambda =     1.9332; f =          381.5567377
Norm of dx   0.025676
----
Improvement on iteration 58 =        1.176900493
-----------------
f at the beginning of new iteration,       381.5567376854
Predicted improvement:        0.435225006
lambda =          1; f =          380.8747586
lambda =     1.9332; f =          380.5667055
Norm of dx   0.026452
----
Improvement on iteration 59 =        0.990032147
-----------------
f at the beginning of new iteration,       380.5667055381
Predicted improvement:        0.319889507
lambda =          1; f =          380.0444264
lambda =     1.9332; f =          379.7617719
Norm of dx   0.021078
----
Improvement on iteration 60 =        0.804933638
-----------------
f at the beginning of new iteration,       379.7617719004
Predicted improvement:        0.318185279
lambda =          1; f =          379.2934698
lambda =     1.9332; f =          379.1505179
Norm of dx   0.020731
----
Improvement on iteration 61 =        0.611254040
-----------------
f at the beginning of new iteration,       379.1505178608
Predicted improvement:        0.142260605
lambda =          1; f =          378.9451152
lambda =     1.9332; f =          378.8882196
Norm of dx   0.018119
----
Improvement on iteration 62 =        0.262298274
-----------------
f at the beginning of new iteration,       378.8882195867
Predicted improvement:        0.178358222
lambda =          1; f =          378.6204562
lambda =     1.9332; f =          378.5417525
Norm of dx   0.027471
----
Improvement on iteration 63 =        0.346467086
-----------------
f at the beginning of new iteration,       378.5417525011
Predicted improvement:        0.193087735
lambda =          1; f =          378.1940418
lambda =     1.9332; f =          377.9372846
lambda =     3.7372; f =          377.6190193
Norm of dx   0.011402
----
Improvement on iteration 64 =        0.922733170
-----------------
f at the beginning of new iteration,       377.6190193315
Predicted improvement:        0.348668024
lambda =          1; f =          377.0616886
lambda =     1.9332; f =          376.7936405
Norm of dx   0.039003
----
Improvement on iteration 65 =        0.825378805
-----------------
f at the beginning of new iteration,       376.7936405261
Predicted improvement:        0.375207028
lambda =          1; f =          376.1875444
lambda =     1.9332; f =          375.8865468
Norm of dx    0.03778
----
Improvement on iteration 66 =        0.907093686
-----------------
f at the beginning of new iteration,       375.8865468401
Predicted improvement:        0.265560197
lambda =          1; f =          375.5212565
Norm of dx   0.022562
----
Improvement on iteration 67 =        0.365290363
-----------------
f at the beginning of new iteration,       375.5212564775
Predicted improvement:        0.149060821
lambda =          1; f =          375.3021283
lambda =     1.9332; f =          375.2452063
Norm of dx   0.013856
----
Improvement on iteration 68 =        0.276050137
-----------------
f at the beginning of new iteration,       375.2452063407
Predicted improvement:        0.126398845
lambda =          1; f =          375.0107680
lambda =     1.9332; f =          374.8249540
lambda =     3.7372; f =          374.5550863
lambda =     7.2247; f =          374.3648910
Norm of dx    0.01291
----
Improvement on iteration 69 =        0.880315348
-----------------
f at the beginning of new iteration,       374.3648909924
Predicted improvement:        0.219834658
lambda =          1; f =          373.9820186
lambda =     1.9332; f =          373.7268751
lambda =     3.7372; f =          373.5132687
Norm of dx    0.02154
----
Improvement on iteration 70 =        0.851622270
-----------------
f at the beginning of new iteration,       373.5132687224
Predicted improvement:        0.227503590
lambda =          1; f =          373.1474141
lambda =     1.9332; f =          372.9648581
Norm of dx   0.020233
----
Improvement on iteration 71 =        0.548410598
-----------------
f at the beginning of new iteration,       372.9648581245
Predicted improvement:        0.218596128
lambda =          1; f =          372.6766913
Norm of dx   0.026972
----
Improvement on iteration 72 =        0.288166816
-----------------
f at the beginning of new iteration,       372.6766913083
Predicted improvement:        0.165754166
lambda =          1; f =          372.4359811
lambda =     1.9332; f =          372.3806786
Norm of dx   0.027079
----
Improvement on iteration 73 =        0.296012735
-----------------
f at the beginning of new iteration,       372.3806785736
Predicted improvement:        0.155216809
lambda =          1; f =          372.1539304
lambda =     1.9332; f =          372.0878460
Norm of dx   0.023825
----
Improvement on iteration 74 =        0.292832525
-----------------
f at the beginning of new iteration,       372.0878460489
Predicted improvement:        0.216776051
lambda =          1; f =          371.7232265
lambda =     1.9332; f =          371.5094690
Norm of dx   0.025934
----
Improvement on iteration 75 =        0.578377062
-----------------
f at the beginning of new iteration,       371.5094689873
Predicted improvement:        0.400495443
lambda =          1; f =          370.9530536
Norm of dx   0.064932
----
Improvement on iteration 76 =        0.556415409
-----------------
f at the beginning of new iteration,       370.9530535782
Predicted improvement:        0.237796182
lambda =          1; f =          370.6563723
Norm of dx   0.039484
----
Improvement on iteration 77 =        0.296681270
-----------------
f at the beginning of new iteration,       370.6563723081
Predicted improvement:        0.067826003
lambda =          1; f =          370.5512110
lambda =     1.9332; f =          370.5080493
Norm of dx   0.014935
----
Improvement on iteration 78 =        0.148323020
-----------------
f at the beginning of new iteration,       370.5080492882
Predicted improvement:        0.069053844
lambda =          1; f =          370.3787197
lambda =     1.9332; f =          370.2739076
lambda =     3.7372; f =          370.1150734
lambda =     7.2247; f =          369.9741907
Norm of dx  0.0090677
----
Improvement on iteration 79 =        0.533858631
-----------------
f at the beginning of new iteration,       369.9741906568
Predicted improvement:        0.252751365
lambda =          1; f =          369.5656187
lambda =     1.9332; f =          369.3686266
Norm of dx   0.035227
----
Improvement on iteration 80 =        0.605564093
-----------------
f at the beginning of new iteration,       369.3686265640
Predicted improvement:        0.189012014
lambda =          1; f =          369.1129826
Norm of dx   0.026452
----
Improvement on iteration 81 =        0.255643965
-----------------
f at the beginning of new iteration,       369.1129825987
Predicted improvement:        0.186497474
lambda =          1; f =          368.8780105
Norm of dx   0.045168
----
Improvement on iteration 82 =        0.234972083
-----------------
f at the beginning of new iteration,       368.8780105156
Predicted improvement:        0.101847321
lambda =          1; f =          368.7429446
Norm of dx   0.019562
----
Improvement on iteration 83 =        0.135065899
-----------------
f at the beginning of new iteration,       368.7429446163
Predicted improvement:        0.074209935
lambda =          1; f =          368.6280708
lambda =     1.9332; f =          368.5814152
Norm of dx   0.025365
----
Improvement on iteration 84 =        0.161529380
-----------------
f at the beginning of new iteration,       368.5814152358
Predicted improvement:        0.084877901
lambda =          1; f =          368.4352593
lambda =     1.9332; f =          368.3410098
lambda =     3.7372; f =          368.2723674
Norm of dx   0.015822
----
Improvement on iteration 85 =        0.309047797
-----------------
f at the beginning of new iteration,       368.2723674392
Predicted improvement:        0.162923649
lambda =          1; f =          368.0436349
lambda =     1.9332; f =          368.0315830
Norm of dx   0.043342
----
Improvement on iteration 86 =        0.240784488
-----------------
f at the beginning of new iteration,       368.0315829515
Predicted improvement:        0.162796351
lambda =          1; f =          367.8182938
Norm of dx   0.035082
----
Improvement on iteration 87 =        0.213289102
-----------------
f at the beginning of new iteration,       367.8182938493
Predicted improvement:        0.120841900
lambda =          1; f =          367.6650167
Norm of dx    0.02321
----
Improvement on iteration 88 =        0.153277139
-----------------
f at the beginning of new iteration,       367.6650167107
Predicted improvement:        0.066657363
lambda =          1; f =          367.5893165
Norm of dx    0.01754
----
Improvement on iteration 89 =        0.075700250
-----------------
f at the beginning of new iteration,       367.5893164604
Predicted improvement:        0.033333940
lambda =          1; f =          367.5339589
lambda =     1.9332; f =          367.5027508
Norm of dx  0.0094888
----
Improvement on iteration 90 =        0.086565627
-----------------
f at the beginning of new iteration,       367.5027508331
Predicted improvement:        0.067107435
lambda =          1; f =          367.3928057
lambda =     1.9332; f =          367.3337733
Norm of dx   0.015098
----
Improvement on iteration 91 =        0.168977515
-----------------
f at the beginning of new iteration,       367.3337733180
Predicted improvement:        0.093019320
lambda =          1; f =          367.1872015
lambda =     1.9332; f =          367.1204920
Norm of dx   0.021165
----
Improvement on iteration 92 =        0.213281360
-----------------
f at the beginning of new iteration,       367.1204919577
Predicted improvement:        0.059558656
lambda =          1; f =          367.0348093
lambda =     1.9332; f =          367.0152776
Norm of dx  0.0097825
----
Improvement on iteration 93 =        0.105214373
-----------------
f at the beginning of new iteration,       367.0152775846
Predicted improvement:        0.020805235
lambda =          1; f =          366.9804348
lambda =     1.9332; f =          366.9602509
Norm of dx   0.007409
----
Improvement on iteration 94 =        0.055026648
-----------------
f at the beginning of new iteration,       366.9602509364
Predicted improvement:        0.042549153
lambda =          1; f =          366.8973083
lambda =     1.9332; f =          366.8807105
Norm of dx  0.0099649
----
Improvement on iteration 95 =        0.079540391
-----------------
f at the beginning of new iteration,       366.8807105454
Predicted improvement:        0.036081104
lambda =          1; f =          366.8219012
lambda =     1.9332; f =          366.7907527
Norm of dx   0.011177
----
Improvement on iteration 96 =        0.089957832
-----------------
f at the beginning of new iteration,       366.7907527131
Predicted improvement:        0.032617238
lambda =          1; f =          366.7480755
Norm of dx   0.018614
----
Improvement on iteration 97 =        0.042677261
-----------------
f at the beginning of new iteration,       366.7480754522
Predicted improvement:        0.018884668
lambda =          1; f =          366.7169454
lambda =     1.9332; f =          366.6999917
Norm of dx  0.0094096
----
Improvement on iteration 98 =        0.048083781
-----------------
f at the beginning of new iteration,       366.6999916715
Predicted improvement:        0.034548969
lambda =          1; f =          366.6427360
lambda =     1.9332; f =          366.6109726
Norm of dx  0.0090203
----
Improvement on iteration 99 =        0.089019076
-----------------
f at the beginning of new iteration,       366.6109725956
Predicted improvement:        0.048723368
lambda =          1; f =          366.5413538
lambda =     1.9332; f =          366.5262257
Norm of dx   0.019293
----
Improvement on iteration 100 =        0.084746919
-----------------
f at the beginning of new iteration,       366.5262256771
Predicted improvement:        0.017736364
lambda =          1; f =          366.5010246
lambda =     1.9332; f =          366.4959051
Norm of dx  0.0085278
----
Improvement on iteration 101 =        0.030320537
-----------------
f at the beginning of new iteration,       366.4959051400
Predicted improvement:        0.010186239
lambda =          1; f =          366.4784871
lambda =     1.9332; f =          366.4675471
lambda =     3.7372; f =          366.4607639
Norm of dx  0.0058534
----
Improvement on iteration 102 =        0.035141225
-----------------
f at the beginning of new iteration,       366.4607639151
Predicted improvement:        0.025206804
lambda =          1; f =          366.4150666
lambda =     1.9332; f =          366.3810139
lambda =     3.7372; f =          366.3393271
Norm of dx  0.0077935
----
Improvement on iteration 103 =        0.121436845
-----------------
f at the beginning of new iteration,       366.3393270700
Predicted improvement:        0.051234630
lambda =          1; f =          366.2689547
Norm of dx   0.017194
----
Improvement on iteration 104 =        0.070372365
-----------------
f at the beginning of new iteration,       366.2689547052
Predicted improvement:        0.022266690
lambda =          1; f =          366.2420854
Norm of dx  0.0094132
----
Improvement on iteration 105 =        0.026869289
-----------------
f at the beginning of new iteration,       366.2420854157
Predicted improvement:        0.004480755
lambda =          1; f =          366.2352071
lambda =     1.9332; f =          366.2325267
Norm of dx  0.0023971
----
Improvement on iteration 106 =        0.009558680
-----------------
f at the beginning of new iteration,       366.2325267356
Predicted improvement:        0.004069872
lambda =          1; f =          366.2248739
lambda =     1.9332; f =          366.2186028
lambda =     3.7372; f =          366.2088571
lambda =     7.2247; f =          366.1988705
Norm of dx  0.0017381
----
Improvement on iteration 107 =        0.033656223
-----------------
f at the beginning of new iteration,       366.1988705124
Predicted improvement:        0.020835575
lambda =          1; f =          366.1608647
lambda =     1.9332; f =          366.1319864
lambda =     3.7372; f =          366.0941232
Norm of dx  0.0057122
----
Improvement on iteration 108 =        0.104747313
-----------------
f at the beginning of new iteration,       366.0941231998
Predicted improvement:        0.064773096
lambda =          1; f =          366.0009664
lambda =     1.9332; f =          365.9797130
Norm of dx    0.02304
----
Improvement on iteration 109 =        0.114410198
-----------------
f at the beginning of new iteration,       365.9797130022
Predicted improvement:        0.017596160
lambda =          1; f =          365.9567797
Norm of dx  0.0081107
----
Improvement on iteration 110 =        0.022933254
-----------------
f at the beginning of new iteration,       365.9567797478
Predicted improvement:        0.003682577
lambda =          1; f =          365.9524869
Norm of dx  0.0052312
----
Improvement on iteration 111 =        0.004292800
-----------------
f at the beginning of new iteration,       365.9524869483
Predicted improvement:        0.000850460
lambda =          1; f =          365.9509404
lambda =     1.9332; f =          365.9497764
lambda =     3.7372; f =          365.9482882
Norm of dx  0.0016578
----
Improvement on iteration 112 =        0.004198755
-----------------
f at the beginning of new iteration,       365.9482881933
Predicted improvement:        0.004179620
lambda =          1; f =          365.9405847
lambda =     1.9332; f =          365.9345718
lambda =     3.7372; f =          365.9261478
lambda =     7.2247; f =          365.9217121
Norm of dx  0.0045591
----
Improvement on iteration 113 =        0.026576132
-----------------
f at the beginning of new iteration,       365.9217120608
Predicted improvement:        0.017777765
lambda =          1; f =          365.8903596
lambda =     1.9332; f =          365.8686593
lambda =     3.7372; f =          365.8473590
Norm of dx  0.0066506
----
Improvement on iteration 114 =        0.074353018
-----------------
f at the beginning of new iteration,       365.8473590426
Predicted improvement:        0.007255490
lambda =          1; f =          365.8397041
Norm of dx    0.01141
----
Improvement on iteration 115 =        0.007654919
-----------------
f at the beginning of new iteration,       365.8397041238
Predicted improvement:        0.000431790
lambda =          1; f =          365.8390738
lambda =     1.9332; f =          365.8389056
Norm of dx  0.0016231
----
Improvement on iteration 116 =        0.000798559
-----------------
f at the beginning of new iteration,       365.8389055647
Predicted improvement:        0.000372355
lambda =          1; f =          365.8382140
lambda =     1.9332; f =          365.8376601
lambda =     3.7372; f =          365.8368390
lambda =     7.2247; f =          365.8361843
Norm of dx 0.00073528
----
Improvement on iteration 117 =        0.002721217
-----------------
f at the beginning of new iteration,       365.8361843480
Predicted improvement:        0.002015951
lambda =          1; f =          365.8323337
lambda =     1.9332; f =          365.8290718
lambda =     3.7372; f =          365.8236738
lambda =     7.2247; f =          365.8166364
Norm of dx  0.0020812
----
Improvement on iteration 118 =        0.019547993
-----------------
f at the beginning of new iteration,       365.8166363546
Predicted improvement:        0.012545104
lambda =          1; f =          365.7996574
Norm of dx   0.017068
----
Improvement on iteration 119 =        0.016978996
-----------------
f at the beginning of new iteration,       365.7996573587
Predicted improvement:        0.004496962
lambda =          1; f =          365.7944910
Norm of dx   0.010544
----
Improvement on iteration 120 =        0.005166364
-----------------
f at the beginning of new iteration,       365.7944909944
Predicted improvement:        0.000403696
lambda =          1; f =          365.7939135
lambda =     1.9332; f =          365.7937962
Norm of dx  0.0022449
----
Improvement on iteration 121 =        0.000694787
-----------------
f at the beginning of new iteration,       365.7937962078
Predicted improvement:        0.000249212
lambda =          1; f =          365.7933218
lambda =     1.9332; f =          365.7929216
lambda =     3.7372; f =          365.7922646
lambda =     7.2247; f =          365.7914300
Norm of dx  0.0007163
----
Improvement on iteration 122 =        0.002366212
-----------------
f at the beginning of new iteration,       365.7914299958
Predicted improvement:        0.002442641
lambda =          1; f =          365.7869622
lambda =     1.9332; f =          365.7835449
lambda =     3.7372; f =          365.7789915
Norm of dx  0.0028509
----
Improvement on iteration 123 =        0.012438448
-----------------
f at the beginning of new iteration,       365.7789915476
Predicted improvement:        0.010928129
lambda =          1; f =          365.7613466
lambda =     1.9332; f =          365.7524500
Norm of dx   0.017908
----
Improvement on iteration 124 =        0.026541558
-----------------
f at the beginning of new iteration,       365.7524499897
Predicted improvement:        0.008671794
lambda =          1; f =          365.7410757
Norm of dx   0.019044
----
Improvement on iteration 125 =        0.011374250
-----------------
f at the beginning of new iteration,       365.7410757400
Predicted improvement:        0.002056840
lambda =          1; f =          365.7385758
Norm of dx  0.0070009
----
Improvement on iteration 126 =        0.002499951
-----------------
f at the beginning of new iteration,       365.7385757889
Predicted improvement:        0.000622685
lambda =          1; f =          365.7374657
lambda =     1.9332; f =          365.7366746
lambda =     3.7372; f =          365.7358165
Norm of dx  0.0017154
----
Improvement on iteration 127 =        0.002759290
-----------------
f at the beginning of new iteration,       365.7358164988
Predicted improvement:        0.002292538
lambda =          1; f =          365.7313818
lambda =     1.9332; f =          365.7275159
lambda =     3.7372; f =          365.7207898
lambda =     7.2247; f =          365.7105884
lambda =     13.967; f =          365.7013988
Norm of dx  0.0034047
----
Improvement on iteration 128 =        0.034417707
-----------------
f at the beginning of new iteration,       365.7013987922
Predicted improvement:        0.022959272
lambda =          1; f =          365.6628603
lambda =     1.9332; f =          365.6401599
Norm of dx   0.025451
----
Improvement on iteration 129 =        0.061238915
-----------------
f at the beginning of new iteration,       365.6401598776
Predicted improvement:        0.012842593
lambda =          1; f =          365.6269321
Norm of dx   0.029564
----
Improvement on iteration 130 =        0.013227801
-----------------
f at the beginning of new iteration,       365.6269320763
Predicted improvement:        0.000360710
lambda =          1; f =          365.6263320
lambda =     1.9332; f =          365.6259907
Norm of dx  0.0017777
----
Improvement on iteration 131 =        0.000941339
-----------------
f at the beginning of new iteration,       365.6259907372
Predicted improvement:        0.000908635
lambda =          1; f =          365.6243572
lambda =     1.9332; f =          365.6231663
lambda =     3.7372; f =          365.6217698
Norm of dx  0.0037845
----
Improvement on iteration 132 =        0.004220977
-----------------
f at the beginning of new iteration,       365.6217697600
Predicted improvement:        0.003599081
lambda =          1; f =          365.6149794
lambda =     1.9332; f =          365.6093760
lambda =     3.7372; f =          365.6005284
lambda =     7.2247; f =          365.5907061
Norm of dx  0.0071235
----
Improvement on iteration 133 =        0.031063638
-----------------
f at the beginning of new iteration,       365.5907061221
Predicted improvement:        0.019763821
lambda =          1; f =          365.5582673
lambda =     1.9332; f =          365.5406990
Norm of dx   0.021245
----
Improvement on iteration 134 =        0.050007105
-----------------
f at the beginning of new iteration,       365.5406990171
Predicted improvement:        0.010221675
lambda =          1; f =          365.5296095
Norm of dx   0.016547
----
Improvement on iteration 135 =        0.011089541
-----------------
f at the beginning of new iteration,       365.5296094766
Predicted improvement:        0.000390226
lambda =          1; f =          365.5290243
lambda =     1.9332; f =          365.5288368
Norm of dx  0.0029095
----
Improvement on iteration 136 =        0.000772672
-----------------
f at the beginning of new iteration,       365.5288368045
Predicted improvement:        0.000373200
lambda =          1; f =          365.5281066
lambda =     1.9332; f =          365.5274539
lambda =     3.7372; f =          365.5262703
lambda =     7.2247; f =          365.5242716
lambda =     13.967; f =          365.5214730
lambda =         27; f =          365.5199430
Norm of dx 0.00085909
----
Improvement on iteration 137 =        0.008893787
-----------------
f at the beginning of new iteration,       365.5199430174
Predicted improvement:        0.008154535
lambda =          1; f =          365.5039418
lambda =     1.9332; f =          365.4895697
lambda =     3.7372; f =          365.4633249
lambda =     7.2247; f =          365.4183828
lambda =     13.967; f =          365.3534797
lambda =         27; f =          365.3127973
Norm of dx  0.0091234
----
Improvement on iteration 138 =        0.207145764
-----------------
f at the beginning of new iteration,       365.3127972535
Predicted improvement:        0.179780263
lambda =          1; f =          364.9776661
lambda =     1.9332; f =          364.7123927
lambda =     3.7372; f =          364.3701912
lambda =     7.2247; f =          364.7613409
lambda =     4.8647; f =          364.3127056
Norm of dx    0.14594
----
Improvement on iteration 139 =        1.000091675
-----------------
f at the beginning of new iteration,       364.3127055786
Predicted improvement:        0.616244227
lambda =          1; f =          363.9117869
Norm of dx    0.53251
----
Improvement on iteration 140 =        0.400918725
-----------------
f at the beginning of new iteration,       363.9117868533
Predicted improvement:        0.099755149
lambda =          1; f =          363.8034902
Norm of dx   0.060198
----
Improvement on iteration 141 =        0.108296680
-----------------
f at the beginning of new iteration,       363.8034901732
Predicted improvement:        0.005590355
lambda =          1; f =          363.7951302
lambda =     1.9332; f =          363.7924660
Norm of dx   0.013654
----
Improvement on iteration 142 =        0.011024210
-----------------
f at the beginning of new iteration,       363.7924659630
Predicted improvement:        0.010826923
lambda =          1; f =          363.7723355
lambda =     1.9332; f =          363.7563285
lambda =     3.7372; f =          363.7331416
lambda =     7.2247; f =          363.7183759
Norm of dx   0.009951
----
Improvement on iteration 143 =        0.074090026
-----------------
f at the beginning of new iteration,       363.7183759367
Predicted improvement:        0.083551080
lambda =          1; f =          363.5691053
lambda =     1.9332; f =          363.4614150
lambda =     3.7372; f =          363.3371605
Norm of dx   0.056193
----
Improvement on iteration 144 =        0.381215415
-----------------
f at the beginning of new iteration,       363.3371605218
Predicted improvement:        0.283669865
lambda =          1; f =          362.9326693
lambda =     1.9332; f =          362.9064907
Norm of dx    0.38678
----
Improvement on iteration 145 =        0.430669813
-----------------
f at the beginning of new iteration,       362.9064907091
Predicted improvement:        0.292565094
lambda =          1; f =          362.6509048
Norm of dx    0.18567
----
Improvement on iteration 146 =        0.255585928
-----------------
f at the beginning of new iteration,       362.6509047808
Predicted improvement:        0.080868856
lambda =          1; f =          362.5483489
Norm of dx   0.024878
----
Improvement on iteration 147 =        0.102555886
-----------------
f at the beginning of new iteration,       362.5483488945
Predicted improvement:        0.038685419
lambda =          1; f =          362.5024403
Norm of dx   0.073102
----
Improvement on iteration 148 =        0.045908628
-----------------
f at the beginning of new iteration,       362.5024402668
Predicted improvement:        0.010602192
lambda =          1; f =          362.4923136
Norm of dx   0.039681
----
Improvement on iteration 149 =        0.010126647
-----------------
f at the beginning of new iteration,       362.4923136199
Predicted improvement:        0.003746611
lambda =          1; f =          362.4877022
Norm of dx   0.018731
----
Improvement on iteration 150 =        0.004611425
-----------------
f at the beginning of new iteration,       362.4877021953
Predicted improvement:        0.002672931
lambda =          1; f =          362.4832283
lambda =     1.9332; f =          362.4806282
Norm of dx  0.0088983
----
Improvement on iteration 151 =        0.007074023
-----------------
f at the beginning of new iteration,       362.4806281723
Predicted improvement:        0.007029122
lambda =          1; f =          362.4681373
lambda =     1.9332; f =          362.4593160
lambda =     3.7372; f =          362.4500660
Norm of dx   0.015663
----
Improvement on iteration 152 =        0.030562137
-----------------
f at the beginning of new iteration,       362.4500660351
Predicted improvement:        0.024984903
lambda =          1; f =          362.4022903
lambda =     1.9332; f =          362.3616578
lambda =     3.7372; f =          362.2939506
lambda =     7.2247; f =          362.2040898
Norm of dx   0.016669
----
Improvement on iteration 153 =        0.245976276
-----------------
f at the beginning of new iteration,       362.2040897591
Predicted improvement:        0.180231415
lambda =          1; f =          361.9567631
Norm of dx    0.18556
----
Improvement on iteration 154 =        0.247326641
-----------------
f at the beginning of new iteration,       361.9567631182
Predicted improvement:        0.072357518
lambda =          1; f =          361.8820000
Norm of dx    0.13668
----
Improvement on iteration 155 =        0.074763165
-----------------
f at the beginning of new iteration,       361.8819999528
Predicted improvement:        0.004344432
lambda =          1; f =          361.8780259
Norm of dx   0.024857
----
Improvement on iteration 156 =        0.003974098
-----------------
f at the beginning of new iteration,       361.8780258548
Correct for low angle: 0.00281132
Predicted improvement:        0.001412370
lambda =          1; f =          361.8762104
Norm of dx  0.0086177
----
Improvement on iteration 157 =        0.001815428
-----------------
f at the beginning of new iteration,       361.8762104266
Predicted improvement:        0.000908506
lambda =          1; f =          361.8746844
lambda =     1.9332; f =          361.8737816
Norm of dx  0.0047753
----
Improvement on iteration 158 =        0.002428850
-----------------
f at the beginning of new iteration,       361.8737815767
Predicted improvement:        0.002407768
lambda =          1; f =          361.8694465
lambda =     1.9332; f =          361.8662643
lambda =     3.7372; f =          361.8624769
Norm of dx  0.0067068
----
Improvement on iteration 159 =        0.011304649
-----------------
f at the beginning of new iteration,       361.8624769278
Predicted improvement:        0.010549962
lambda =          1; f =          361.8424588
lambda =     1.9332; f =          361.8257279
lambda =     3.7372; f =          361.7987645
lambda =     7.2247; f =          361.7670905
Norm of dx  0.0054858
----
Improvement on iteration 160 =        0.095386400
-----------------
f at the beginning of new iteration,       361.7670905274
Predicted improvement:        0.085757634
lambda =          1; f =          361.6236211
lambda =     1.9332; f =          361.5572613
Norm of dx   0.051859
----
Improvement on iteration 161 =        0.209829225
-----------------
f at the beginning of new iteration,       361.5572613021
Predicted improvement:        0.078262689
lambda =          1; f =          361.4597808
Norm of dx   0.032802
----
Improvement on iteration 162 =        0.097480503
-----------------
f at the beginning of new iteration,       361.4597807990
Predicted improvement:        0.019941435
lambda =          1; f =          361.4509647
lambda =    0.33333; f =          361.4499884
lambda =    0.64439; f =          361.4470792
Norm of dx   0.022567
----
Improvement on iteration 163 =        0.012701590
-----------------
f at the beginning of new iteration,       361.4470792090
Predicted improvement:        0.001716770
lambda =          1; f =          361.4457626
Norm of dx   0.013555
----
Improvement on iteration 164 =        0.001316587
-----------------
f at the beginning of new iteration,       361.4457626221
Predicted improvement:        0.000134454
lambda =          1; f =          361.4456268
Norm of dx  0.0077162
----
Improvement on iteration 165 =        0.000135842
-----------------
f at the beginning of new iteration,       361.4456267800
Predicted improvement:        0.000015270
lambda =          1; f =          361.4456010
lambda =     1.9332; f =          361.4455848
lambda =     3.7372; f =          361.4455747
Norm of dx  0.0006987
----
Improvement on iteration 166 =        0.000052105
-----------------
f at the beginning of new iteration,       361.4455746746
Predicted improvement:        0.000051953
lambda =          1; f =          361.4454732
lambda =     1.9332; f =          361.4453832
lambda =     3.7372; f =          361.4452224
lambda =     7.2247; f =          361.4449605
lambda =     13.967; f =          361.4446371
Norm of dx 0.00023318
----
Improvement on iteration 167 =        0.000937587
-----------------
f at the beginning of new iteration,       361.4446370873
Predicted improvement:        0.000931469
lambda =          1; f =          361.4429910
lambda =     1.9332; f =          361.4418458
lambda =     3.7372; f =          361.4407143
Norm of dx  0.0016085
----
Improvement on iteration 168 =        0.003922811
-----------------
f at the beginning of new iteration,       361.4407142763
Predicted improvement:        0.002015968
lambda =          1; f =          361.4377506
lambda =     1.9332; f =          361.4369360
Norm of dx   0.014554
----
Improvement on iteration 169 =        0.003778321
-----------------
f at the beginning of new iteration,       361.4369359555
Predicted improvement:        0.000362070
lambda =          1; f =          361.4366189
Norm of dx  0.0056226
----
Improvement on iteration 170 =        0.000317079
-----------------
f at the beginning of new iteration,       361.4366188767
Predicted improvement:        0.000015490
lambda =          1; f =          361.4366001
Norm of dx  0.0010542
----
Improvement on iteration 171 =        0.000018741
-----------------
f at the beginning of new iteration,       361.4366001361
Predicted improvement:        0.000005357
lambda =          1; f =          361.4365899
lambda =     1.9332; f =          361.4365817
lambda =     3.7372; f =          361.4365695
lambda =     7.2247; f =          361.4365596
Norm of dx  0.0004103
----
Improvement on iteration 172 =        0.000040562
-----------------
f at the beginning of new iteration,       361.4365595742
Predicted improvement:        0.000036332
lambda =          1; f =          361.4364874
lambda =     1.9332; f =          361.4364213
lambda =     3.7372; f =          361.4362965
lambda =     7.2247; f =          361.4360668
lambda =     13.967; f =          361.4356662
lambda =         27; f =          361.4350543
lambda =     52.196; f =          361.4344793
Norm of dx 0.00025491
----
Improvement on iteration 173 =        0.002080228
-----------------
f at the beginning of new iteration,       361.4344793461
Predicted improvement:        0.002383750
lambda =          1; f =          361.4298342
lambda =     1.9332; f =          361.4257170
lambda =     3.7372; f =          361.4183537
lambda =     7.2247; f =          361.4063468
lambda =     13.967; f =          361.3914684
Norm of dx   0.020659
----
Improvement on iteration 174 =        0.043010903
-----------------
f at the beginning of new iteration,       361.3914684434
Correct for low angle: 0.00460495
Predicted improvement:        0.032141836
lambda =          1; f =          361.3460825
lambda =     1.9332; f =          361.3384022
Norm of dx    0.32669
----
Improvement on iteration 175 =        0.053066243
-----------------
f at the beginning of new iteration,       361.3384022006
Predicted improvement:        0.007278803
lambda =          1; f =          361.3310823
Norm of dx   0.062362
----
Improvement on iteration 176 =        0.007319874
-----------------
f at the beginning of new iteration,       361.3310823262
Predicted improvement:        0.000121726
lambda =          1; f =          361.3309659
Norm of dx  0.0049681
----
Improvement on iteration 177 =        0.000116445
-----------------
f at the beginning of new iteration,       361.3309658809
Predicted improvement:        0.000003517
lambda =          1; f =          361.3309632
Norm of dx  0.0016489
----
Improvement on iteration 178 =        0.000002677
-----------------
f at the beginning of new iteration,       361.3309632036
Predicted improvement:        0.000000070
lambda =          1; f =          361.3309631
lambda =     1.9332; f =          361.3309631
lambda =     1.3017; f =          361.3309631
Norm of dx 0.00015018
----
Improvement on iteration 179 =        0.000000114
-----------------
f at the beginning of new iteration,       361.3309630898
Predicted improvement:        0.000000008
lambda =          1; f =          361.3309631
lambda =    0.33333; f =          361.3309631
lambda =    0.11111; f =          361.3309631
Norm of dx  3.905e-05
----
Improvement on iteration 180 =        0.000000001
improvement < crit termination

Final value of minus the log posterior (or likelihood):361.330963 

RESULTS FROM POSTERIOR ESTIMATION
parameters
         prior mean     mode    s.d. prior pstdev

psi1         1.500   1.5665  0.1190 norm  0.2500 
rho_r        0.750   0.6719  0.0378 beta  0.1000 
psi2         0.120  -0.0281  0.0075 norm  0.0500 
psi3         0.120   0.1279  0.0251 norm  0.0500 
zeta_spb     0.050   0.0510  0.0043 beta  0.0050 
sprd_aux     2.000   1.9086  0.0886 gamm  0.1000 
alp          0.300   0.1357  0.0172 norm  0.0500 
Bigphi       1.250   1.7077  0.0882 norm  0.1200 
h            0.700   0.3625  0.0567 beta  0.1000 
nu_l         2.000   1.4926  0.3011 norm  0.7500 
rstar_aux    0.250   0.1388  0.0543 gamm  0.1000 
pistar_aux   0.750   0.3033  0.1524 gamm  0.4000 
zstar_aux    0.400   0.5117  0.0664 norm  0.1000 
sigmac       1.500   0.9234  0.1290 norm  0.3700 
Lmean      -45.000 -47.0714  2.0222 norm  5.0000 
rho_z        0.500   0.9904  0.0041 beta  0.2000 
rho_b        0.500   0.9317  0.0188 beta  0.2000 
rho_g        0.500   0.9818  0.0108 beta  0.2000 
rho_mu       0.500   0.8140  0.0405 beta  0.2000 
rho_rm       0.500   0.2539  0.0465 beta  0.2000 
rho_laf      0.500   0.9914  0.0038 beta  0.2000 
rho_law      0.500   0.9804  0.0058 beta  0.2000 
eta_laf      0.500   0.0375  0.0268 beta  0.2000 
eta_law      0.500   0.0568  0.0377 beta  0.2000 
eta_gz       0.500   0.3255  0.2152 beta  0.2000 
rho_sigw     0.750   0.9912  0.0078 beta  0.1500 

standard deviation of shocks
         prior mean     mode    s.d. prior pstdev

z_sh         0.100   0.4056  0.0321 invg  2.0000 
g_sh         0.100   2.1675  0.1561 invg  2.0000 
b_sh         0.100   0.0312  0.0044 invg  2.0000 
mu_sh        0.100   0.5528  0.0447 invg  2.0000 
laf_sh       0.100   0.7307  0.0926 invg  2.0000 
law_sh       0.100   1.1940  0.1136 invg  2.0000 
sigw_sh      0.050   0.0550  0.0052 invg  4.0000 
rm_sh        0.100   0.1740  0.0190 invg  2.0000 


Log data density [Laplace approximation] is -449.606763.

Estimation::mcmc: One Chain mode.
Estimation::mcmc: Initialization at the posterior mode.

Estimation::mcmc: Write details about the MCMC... Ok!
Estimation::mcmc: Details about the MCMC are available in DNGS15_cql_nofa/metropolis\DNGS15_cql_nofa_mh_history_0.mat


Estimation::mcmc: Number of mh files: 2 per block.
Estimation::mcmc: Total number of generated files: 2.
Estimation::mcmc: Total number of iterations: 500000.
Estimation::mcmc: Current acceptance ratio per chain: 
                                                       Chain  1: 34.996%
Estimation::mcmc: Total number of MH draws per chain: 500000.
Estimation::mcmc: Total number of generated MH files: 2.
Estimation::mcmc: I'll use mh-files 1 to 2.
Estimation::mcmc: In MH-file number 1 I'll start at line 150001.
Estimation::mcmc: Finally I keep 350000 draws per chain.



MCMC Inefficiency factors per block
Parameter        Block 1
SE_z_sh          155.426
SE_g_sh          155.827
SE_b_sh          224.350
SE_mu_sh         171.184
SE_laf_sh        236.452
SE_law_sh        235.871
SE_sigw_sh       173.323
SE_rm_sh         155.553
psi1             187.724
rho_r            138.522
psi2             223.005
psi3             143.089
zeta_spb         139.787
sprd_aux         128.911
alp              244.963
Bigphi           200.444
h                290.944
nu_l             218.482
rstar_aux        180.412
pistar_aux       173.226
zstar_aux        255.264
sigmac           280.414
Lmean            212.029
rho_z            426.430
rho_b            186.761
rho_g            211.968
rho_mu           178.851
rho_rm           150.746
rho_laf          184.807
rho_law          162.051
eta_laf          152.901
eta_law          123.817
eta_gz           102.663
rho_sigw         371.697


Geweke (1992) Convergence Tests, based on means of draws 150000 to 220000 vs 325000 to 500000.
p-values are for Chi2-test for equality of means.
Parameter          Post. Mean        Post. Std   p-val No Taper   p-val 4% Taper   p-val 8% Taper  p-val 15% Taper
SE_z_sh                 0.410            0.033            0.000            0.475            0.447            0.425
SE_g_sh                 2.219            0.166            0.000            0.743            0.731            0.717
SE_b_sh                 0.033            0.005            0.000            0.688            0.686            0.697
SE_mu_sh                0.587            0.049            0.000            0.743            0.764            0.777
SE_laf_sh               0.789            0.115            0.000            0.120            0.104            0.095
SE_law_sh               1.294            0.141            0.000            0.298            0.291            0.276
SE_sigw_sh              0.058            0.006            0.000            0.673            0.666            0.612
SE_rm_sh                0.180            0.020            0.064            0.848            0.833            0.815
psi1                    1.617            0.131            0.000            0.492            0.492            0.489
rho_r                   0.675            0.038            0.000            0.484            0.455            0.412
psi2                   -0.028            0.009            0.000            0.034            0.049            0.072
psi3                    0.128            0.027            0.033            0.842            0.853            0.862
zeta_spb                0.053            0.004            0.004            0.827            0.833            0.822
sprd_aux                1.907            0.089            0.000            0.121            0.119            0.087
alp                     0.129            0.022            0.000            0.600            0.602            0.565
Bigphi                  1.679            0.096            0.000            0.123            0.098            0.072
h                       0.387            0.074            0.000            0.609            0.613            0.603
nu_l                    1.676            0.350            0.000            0.009            0.007            0.003
rstar_aux               0.171            0.061            0.000            0.023            0.019            0.035
pistar_aux              0.397            0.165            0.000            0.380            0.370            0.392
zstar_aux               0.538            0.078            0.000            0.677            0.645            0.602
sigmac                  0.844            0.149            0.000            0.458            0.468            0.428
Lmean                 -46.534            2.395            0.000            0.443            0.468            0.502
rho_z                   0.987            0.010            0.000            0.208            0.232            0.234
rho_b                   0.944            0.019            0.684            0.977            0.977            0.977
rho_g                   0.978            0.012            0.000            0.561            0.587            0.599
rho_mu                  0.824            0.042            0.274            0.938            0.940            0.939
rho_rm                  0.243            0.048            0.000            0.359            0.354            0.324
rho_laf                 0.992            0.004            0.000            0.350            0.361            0.384
rho_law                 0.981            0.006            0.000            0.426            0.423            0.448
eta_laf                 0.051            0.028            0.000            0.430            0.428            0.422
eta_law                 0.070            0.036            0.000            0.383            0.350            0.323
eta_gz                  0.389            0.185            0.000            0.596            0.606            0.591
rho_sigw                0.980            0.014            0.000            0.521            0.526            0.461


Estimation::marginal density: I'm computing the posterior mean and covariance...  Done!
Estimation::marginal density: I'm computing the posterior log marginal density (modified harmonic mean)... Done!


ESTIMATION RESULTS

Log data density is -448.741400.

parameters
             prior mean   post. mean        90% HPD interval    prior       pstdev

psi1              1.500       1.6156      1.4022      1.8209   norm        0.2500
rho_r             0.750       0.6751      0.6162      0.7384   beta        0.1000
psi2              0.120      -0.0280     -0.0425     -0.0144   norm        0.0500
psi3              0.120       0.1284      0.0857      0.1713   norm        0.0500
zeta_spb          0.050       0.0528      0.0459      0.0599   beta        0.0050
sprd_aux          2.000       1.9056      1.7593      2.0500   gamm        0.1000
alp               0.300       0.1300      0.0977      0.1644   norm        0.0500
Bigphi            1.250       1.6799      1.5318      1.8420   norm        0.1200
h                 0.700       0.3833      0.2682      0.5003   beta        0.1000
nu_l              2.000       1.6704      1.0977      2.2084   norm        0.7500
rstar_aux         0.250       0.1704      0.0702      0.2664   gamm        0.1000
pistar_aux        0.750       0.3923      0.1343      0.6492   gamm        0.4000
zstar_aux         0.400       0.5343      0.4076      0.6563   norm        0.1000
sigmac            1.500       0.8511      0.6106      1.0897   norm        0.3700
Lmean           -45.000     -46.5633    -50.6081    -42.7490   norm        5.0000
rho_z             0.500       0.9880      0.9795      0.9978   beta        0.2000
rho_b             0.500       0.9430      0.9122      0.9753   beta        0.2000
rho_g             0.500       0.9776      0.9597      0.9965   beta        0.2000
rho_mu            0.500       0.8228      0.7566      0.8924   beta        0.2000
rho_rm            0.500       0.2437      0.1615      0.3201   beta        0.2000
rho_laf           0.500       0.9919      0.9860      0.9981   beta        0.2000
rho_law           0.500       0.9810      0.9714      0.9912   beta        0.2000
eta_laf           0.500       0.0507      0.0074      0.0929   beta        0.2000
eta_law           0.500       0.0694      0.0125      0.1221   beta        0.2000
eta_gz            0.500       0.3872      0.0852      0.6757   beta        0.2000
rho_sigw          0.750       0.9807      0.9624      0.9988   beta        0.1500

standard deviation of shocks
             prior mean   post. mean        90% HPD interval    prior       pstdev

z_sh              0.100       0.4106      0.3545      0.4635   invg        2.0000
g_sh              0.100       2.2203      1.9460      2.4823   invg        2.0000
b_sh              0.100       0.0334      0.0249      0.0419   invg        2.0000
mu_sh             0.100       0.5869      0.5066      0.6652   invg        2.0000
laf_sh            0.100       0.7866      0.6066      0.9605   invg        2.0000
law_sh            0.100       1.2908      1.0599      1.5066   invg        2.0000
sigw_sh           0.050       0.0578      0.0485      0.0668   invg        4.0000
rm_sh             0.100       0.1798      0.1475      0.2119   invg        2.0000
Estimation::mcmc: Smoothed variables
Estimation::mcmc: Smoothed variables, done!
Estimation::mcmc: Smoothed shocks
Estimation::mcmc: Smoothed shocks, done!
Estimation::mcmc: Trend_coefficients
Estimation::mcmc: Trend_coefficients, done!
Estimation::mcmc: Smoothed constant
Estimation::mcmc: Smoothed constant, done!
Estimation::mcmc: Smoothed trend
Estimation::mcmc: Smoothed trend, done!
Estimation::mcmc: Updated Variables
Estimation::mcmc: Updated Variables, done!
Estimation::mcmc: Forecasted variables (mean)
Estimation::mcmc: Forecasted variables (mean), done!
Estimation::mcmc: Forecasted variables (point)
Estimation::mcmc: Forecasted variables (point), done!
Total computing time : 4h45m22s
Note: warning(s) encountered in MATLAB/Octave code
