Starting Dynare (version 4.5.7).
Starting preprocessing of the model file ...
Found 34 equation(s).
Evaluating expressions...done
Computing static model derivatives:
 - order 1
Computing dynamic model derivatives:
 - order 1
 - order 2
Processing outputs ...
done
Preprocessing completed.

Initial value of the log posterior (or likelihood): -10801.9458
-----------------
f at the beginning of new iteration,     10801.9457657621
Predicted improvement:    83902.558711261
lambda =          1; f =        10805.2798398
lambda =    0.33333; f =        10801.9709882
lambda =    0.11111; f =         4555.4678239
Norm of dx     4.0964
----
Improvement on iteration 1 =     6246.477941834
-----------------
f at the beginning of new iteration,      4555.4678239280
Predicted improvement:     8824.927419597
lambda =          1; f =         4555.5013973
lambda =    0.33333; f =         4555.4686163
lambda =    0.11111; f =         3101.7860254
lambda =     0.2148; f =         4555.4678243
lambda =    0.14463; f =         3030.0392776
Norm of dx     1.4035
----
Improvement on iteration 2 =     1525.428546355
-----------------
f at the beginning of new iteration,      3030.0392775733
Predicted improvement:    19119.714769275
lambda =          1; f =         3030.0398414
lambda =    0.33333; f =         3030.4648456
lambda =    0.11111; f =         3030.0700161
lambda =   0.037037; f =         3030.0398980
lambda =   0.012346; f =         3618.5659528
lambda =  0.0041152; f =         2979.5680851
Norm of dx     3.5436
----
Improvement on iteration 3 =       50.471192442
-----------------
f at the beginning of new iteration,      2979.5680851311
Predicted improvement:     6190.213168562
lambda =          1; f =         2979.5703303
lambda =    0.33333; f =         2979.5694079
lambda =    0.11111; f =         2447.6659577
Norm of dx     1.4659
----
Improvement on iteration 4 =      531.902127471
-----------------
f at the beginning of new iteration,      2447.6659576597
Predicted improvement:     1909.054382651
lambda =          1; f =         2447.6660045
lambda =    0.33333; f =         2043.5457103
Norm of dx    0.76914
----
Improvement on iteration 5 =      404.120247401
-----------------
f at the beginning of new iteration,      2043.5457102587
Predicted improvement:      570.979979306
lambda =          1; f =         1427.9405046
Norm of dx    0.38845
----
Improvement on iteration 6 =      615.605205612
-----------------
f at the beginning of new iteration,      1427.9405046470
Predicted improvement:      267.179066847
lambda =          1; f =         1531.3007283
lambda =    0.33333; f =         1267.7000724
lambda =    0.64439; f =         1183.1524266
lambda =     1.2457; f =         1427.9410505
lambda =     0.8388; f =         1245.4624673
Norm of dx    0.26716
----
Improvement on iteration 7 =      244.788078013
-----------------
f at the beginning of new iteration,      1183.1524266338
Predicted improvement:      595.655045297
lambda =          1; f =         1183.1530305
lambda =    0.33333; f =          892.2388777
lambda =    0.64439; f =          922.7777081
Norm of dx     0.6528
----
Improvement on iteration 8 =      290.913548965
-----------------
f at the beginning of new iteration,       892.2388776690
Predicted improvement:      285.630555428
lambda =          1; f =          892.2427460
lambda =    0.33333; f =          738.1545595
lambda =    0.64439; f =          892.2395218
lambda =     0.4339; f =          892.2388905
lambda =    0.34224; f =          735.5539838
lambda =    0.39461; f =          725.1532109
lambda =    0.45499; f =          892.2389110
lambda =    0.41773; f =          892.2388813
lambda =    0.39686; f =          725.2054641
lambda =    0.40926; f =          892.2388787
lambda =    0.40177; f =          892.2388777
lambda =    0.39735; f =          725.2666488
Norm of dx    0.51655
Cliff.  Perturbing search direction.
Predicted improvement:      430.187339654
lambda =          1; f =          892.2444721
lambda =    0.33333; f =          719.6587405
Norm of dx    0.63697

badg2 =

     0

----
Improvement on iteration 9 =      172.580137126
-----------------
f at the beginning of new iteration,       719.6587405431
Predicted improvement:      873.931902437
lambda =          1; f =          719.6670822
lambda =    0.33333; f =          719.6592349
lambda =    0.11111; f =          719.6587726
lambda =   0.037037; f =          719.6587406
lambda =   0.012346; f =          698.4238458
lambda =   0.023866; f =          679.5159611
lambda =   0.046138; f =          719.6587412
lambda =   0.031067; f =          668.5484200
lambda =   0.039387; f =          719.6587406
lambda =    0.03416; f =          664.5304271
lambda =   0.037207; f =          719.6587406
lambda =   0.035348; f =          719.6587405
lambda =   0.034277; f =          664.4183475
lambda =   0.034915; f =          664.1025382
lambda =   0.035566; f =          719.6587405
lambda =   0.035174; f =          665.0123811
Norm of dx     1.4042
Cliff.  Perturbing search direction.
Predicted improvement:     2479.520310649
lambda =          1; f =          719.6619584
lambda =    0.33333; f =          719.6636701
lambda =    0.11111; f =          719.6589310
lambda =   0.037037; f =          771.1248084
lambda =   0.012346; f =          666.1262672
lambda =   0.023866; f =          649.7110491
Norm of dx     1.4904

badg2 =

     0

----
Improvement on iteration 10 =       69.947691446
-----------------
f at the beginning of new iteration,       649.7110490968
Predicted improvement:      293.157354374
lambda =          1; f =          649.7110649
lambda =    0.33333; f =          650.7148897
lambda =    0.11111; f =          587.5008811
lambda =     0.2148; f =          579.6241133
Norm of dx    0.57861
----
Improvement on iteration 11 =       70.086935800
-----------------
f at the beginning of new iteration,       579.6241132972
Predicted improvement:      486.685115112
lambda =          1; f =          579.6259494
lambda =    0.33333; f =          579.6242395
lambda =    0.11111; f =          580.6272702
lambda =   0.037037; f =          555.5131937
Norm of dx    0.88068
----
Improvement on iteration 12 =       24.110919592
-----------------
f at the beginning of new iteration,       555.5131937048
Predicted improvement:      717.738405125
lambda =          1; f =          555.5138680
lambda =    0.33333; f =          556.5162867
lambda =    0.11111; f =          499.4420183
Norm of dx    0.73574
----
Improvement on iteration 13 =       56.071175407
-----------------
f at the beginning of new iteration,       499.4420182983
Predicted improvement:      197.342208240
lambda =          1; f =          499.4420599
lambda =    0.33333; f =          457.6069335
Norm of dx    0.22932
----
Improvement on iteration 14 =       41.835084767
-----------------
f at the beginning of new iteration,       457.6069335310
Predicted improvement:      127.159653309
lambda =          1; f =          457.6116135
lambda =    0.33333; f =          457.6071036
lambda =    0.11111; f =          458.6929394
lambda =   0.037037; f =          449.8671276
lambda =   0.071599; f =          447.7534757
Norm of dx    0.45282
----
Improvement on iteration 15 =        9.853457847
-----------------
f at the beginning of new iteration,       447.7534756838
Predicted improvement:       34.036699924
lambda =          1; f =          398.9218319
lambda =     1.9332; f =          469.3982610
lambda =     1.3017; f =          393.2630398
Norm of dx    0.15277
----
Improvement on iteration 16 =       54.490435866
-----------------
f at the beginning of new iteration,       393.2630398180
Predicted improvement:       26.251818686
lambda =          1; f =          371.6300142
Norm of dx      0.169
----
Improvement on iteration 17 =       21.633025602
-----------------
f at the beginning of new iteration,       371.6300142157
Predicted improvement:        4.286806288
lambda =          1; f =          365.5727829
lambda =     1.9332; f =          362.1175515
Norm of dx   0.042148
----
Improvement on iteration 18 =        9.512462687
-----------------
f at the beginning of new iteration,       362.1175515285
Predicted improvement:       22.370701145
lambda =          1; f =          362.1175553
lambda =    0.33333; f =          349.1165925
lambda =    0.64439; f =          340.4148111
lambda =     1.2457; f =          362.1175915
lambda =     0.8388; f =          339.0446775
Norm of dx    0.41033
----
Improvement on iteration 19 =       23.072874012
-----------------
f at the beginning of new iteration,       339.0446775167
Predicted improvement:       51.337889590
lambda =          1; f =          312.6112312
lambda =    0.33333; f =          323.8900020
Norm of dx    0.87381
----
Improvement on iteration 20 =       26.433446269
-----------------
f at the beginning of new iteration,       312.6112312482
Predicted improvement:        2.464958421
lambda =          1; f =          308.3209209
lambda =     1.9332; f =          305.3637466
lambda =     3.7372; f =          302.0503946
Norm of dx   0.037272
----
Improvement on iteration 21 =       10.560836681
-----------------
f at the beginning of new iteration,       302.0503945675
Predicted improvement:        3.414893826
lambda =          1; f =          296.1047932
lambda =     1.9332; f =          292.3070919
lambda =     3.7372; f =          292.2897116
Norm of dx    0.12096
----
Improvement on iteration 22 =        9.760682919
-----------------
f at the beginning of new iteration,       292.2897116486
Predicted improvement:        8.591735688
lambda =          1; f =          282.2510200
Norm of dx   0.071012
----
Improvement on iteration 23 =       10.038691636
-----------------
f at the beginning of new iteration,       282.2510200127
Predicted improvement:        5.438352797
lambda =          1; f =          276.3237960
Norm of dx    0.15368
----
Improvement on iteration 24 =        5.927223963
-----------------
f at the beginning of new iteration,       276.3237960499
Predicted improvement:        4.949979822
lambda =          1; f =          267.5473223
lambda =     1.9332; f =          261.4847528
lambda =     3.7372; f =          256.6837742
Norm of dx    0.10036
----
Improvement on iteration 25 =       19.640021853
-----------------
f at the beginning of new iteration,       256.6837741968
Predicted improvement:        1.406872523
lambda =          1; f =          254.4461945
lambda =     1.9332; f =          253.4252673
Norm of dx    0.13163
----
Improvement on iteration 26 =        3.258506932
-----------------
f at the beginning of new iteration,       253.4252672647
Predicted improvement:        2.134193347
lambda =          1; f =          249.9517908
lambda =     1.9332; f =          247.9829310
Norm of dx   0.091147
----
Improvement on iteration 27 =        5.442336236
-----------------
f at the beginning of new iteration,       247.9829310289
Predicted improvement:        3.904471325
lambda =          1; f =          242.1840795
lambda =     1.9332; f =          240.6056005
Norm of dx    0.14335
----
Improvement on iteration 28 =        7.377330563
-----------------
f at the beginning of new iteration,       240.6056004658
Predicted improvement:        3.021231376
lambda =          1; f =          236.1358419
lambda =     1.9332; f =          234.4638797
Norm of dx    0.14755
----
Improvement on iteration 29 =        6.141720751
-----------------
f at the beginning of new iteration,       234.4638797153
Predicted improvement:        2.887039159
lambda =          1; f =          229.7920613
lambda =     1.9332; f =          227.9889193
Norm of dx    0.19162
----
Improvement on iteration 30 =        6.474960385
-----------------
f at the beginning of new iteration,       227.9889193306
Predicted improvement:        1.865801028
lambda =          1; f =          226.9142703
lambda =    0.33333; f =          227.0305115
lambda =    0.64439; f =          226.6656136
Norm of dx   0.054265
----
Improvement on iteration 31 =        1.323305768
-----------------
f at the beginning of new iteration,       226.6656135624
Predicted improvement:        1.068106172
lambda =          1; f =          225.2164456
Norm of dx    0.04736
----
Improvement on iteration 32 =        1.449167946
-----------------
f at the beginning of new iteration,       225.2164456167
Predicted improvement:        0.773615592
lambda =          1; f =          224.0059780
lambda =     1.9332; f =          223.4957052
Norm of dx   0.025039
----
Improvement on iteration 33 =        1.720740446
-----------------
f at the beginning of new iteration,       223.4957051708
Predicted improvement:        0.989848704
lambda =          1; f =          221.9302112
lambda =     1.9332; f =          221.1936721
Norm of dx    0.10283
----
Improvement on iteration 34 =        2.302033102
-----------------
f at the beginning of new iteration,       221.1936720686
Predicted improvement:        0.708169176
lambda =          1; f =          220.1930215
lambda =     1.9332; f =          219.9639395
Norm of dx    0.11817
----
Improvement on iteration 35 =        1.229732537
-----------------
f at the beginning of new iteration,       219.9639395320
Predicted improvement:        0.619985132
lambda =          1; f =          218.9402739
lambda =     1.9332; f =          218.3974561
Norm of dx     0.1166
----
Improvement on iteration 36 =        1.566483414
-----------------
f at the beginning of new iteration,       218.3974561185
Predicted improvement:        0.948908079
lambda =          1; f =          216.9292313
lambda =     1.9332; f =          216.2848796
Norm of dx    0.12701
----
Improvement on iteration 37 =        2.112576537
-----------------
f at the beginning of new iteration,       216.2848795811
Predicted improvement:        0.385669678
lambda =          1; f =          215.7594810
Norm of dx   0.022571
----
Improvement on iteration 38 =        0.525398580
-----------------
f at the beginning of new iteration,       215.7594810013
Predicted improvement:        0.281123301
lambda =          1; f =          215.2913547
lambda =     1.9332; f =          215.0214576
Norm of dx   0.026032
----
Improvement on iteration 39 =        0.738023369
-----------------
f at the beginning of new iteration,       215.0214576321
Predicted improvement:        0.581967495
lambda =          1; f =          214.0212611
lambda =     1.9332; f =          213.3854548
lambda =     3.7372; f =          213.0045610
Norm of dx   0.055583
----
Improvement on iteration 40 =        2.016896621
-----------------
f at the beginning of new iteration,       213.0045610112
Predicted improvement:        0.961176561
lambda =          1; f =          211.3612224
lambda =     1.9332; f =          210.3872799
lambda =     3.7372; f =          210.3927003
Norm of dx    0.01889
----
Improvement on iteration 41 =        2.617281149
-----------------
f at the beginning of new iteration,       210.3872798624
Predicted improvement:        0.788680434
lambda =          1; f =          209.5955404
Norm of dx   0.080232
----
Improvement on iteration 42 =        0.791739427
-----------------
f at the beginning of new iteration,       209.5955404350
Predicted improvement:        0.140567721
lambda =          1; f =          209.3456593
lambda =     1.9332; f =          209.1678943
lambda =     3.7372; f =          208.9715325
Norm of dx   0.014548
----
Improvement on iteration 43 =        0.624007942
-----------------
f at the beginning of new iteration,       208.9715324929
Predicted improvement:        0.559172405
lambda =          1; f =          207.9970492
lambda =     1.9332; f =          207.3537833
lambda =     3.7372; f =          206.8914788
Norm of dx   0.075377
----
Improvement on iteration 44 =        2.080053732
-----------------
f at the beginning of new iteration,       206.8914787611
Predicted improvement:        0.865024160
lambda =          1; f =          205.8149024
Norm of dx    0.15156
----
Improvement on iteration 45 =        1.076576337
-----------------
f at the beginning of new iteration,       205.8149024237
Predicted improvement:        0.410190721
lambda =          1; f =          205.3413123
Norm of dx    0.11062
----
Improvement on iteration 46 =        0.473590169
-----------------
f at the beginning of new iteration,       205.3413122552
Predicted improvement:        0.125662501
lambda =          1; f =          205.1294171
lambda =     1.9332; f =          205.0014062
Norm of dx   0.024248
----
Improvement on iteration 47 =        0.339906059
-----------------
f at the beginning of new iteration,       205.0014061966
Predicted improvement:        0.532471086
lambda =          1; f =          204.0981217
lambda =     1.9332; f =          203.5447086
lambda =     3.7372; f =          203.2669373
Norm of dx   0.071719
----
Improvement on iteration 48 =        1.734468896
-----------------
f at the beginning of new iteration,       203.2669373001
Predicted improvement:        1.454362828
lambda =          1; f =          200.7895891
lambda =     1.9332; f =          199.2162424
lambda =     3.7372; f =          198.0919944
Norm of dx   0.075779
----
Improvement on iteration 49 =        5.174942932
-----------------
f at the beginning of new iteration,       198.0919943676
Predicted improvement:        1.837828018
lambda =          1; f =          195.3872589
lambda =     1.9332; f =          194.6354270
Norm of dx    0.15631
----
Improvement on iteration 50 =        3.456567323
-----------------
f at the beginning of new iteration,       194.6354270451
Predicted improvement:        0.885601343
lambda =          1; f =          193.3670203
lambda =     1.9332; f =          193.1230113
Norm of dx    0.17691
----
Improvement on iteration 51 =        1.512415771
-----------------
f at the beginning of new iteration,       193.1230112740
Predicted improvement:        0.899362625
lambda =          1; f =          191.6026194
lambda =     1.9332; f =          190.6736657
lambda =     3.7372; f =          190.1697737
Norm of dx    0.10377
----
Improvement on iteration 52 =        2.953237576
-----------------
f at the beginning of new iteration,       190.1697736977
Predicted improvement:        1.867419147
lambda =          1; f =          187.1770092
lambda =     1.9332; f =          185.5655488
Norm of dx    0.11528
----
Improvement on iteration 53 =        4.604224904
-----------------
f at the beginning of new iteration,       185.5655487937
Predicted improvement:        2.249864361
lambda =          1; f =          183.4041751
Norm of dx    0.41433
----
Improvement on iteration 54 =        2.161373723
-----------------
f at the beginning of new iteration,       183.4041750705
Predicted improvement:        0.756315403
lambda =          1; f =          182.8595718
Norm of dx    0.16295
----
Improvement on iteration 55 =        0.544603294
-----------------
f at the beginning of new iteration,       182.8595717766
Predicted improvement:        0.251202830
lambda =          1; f =          182.6598935
Norm of dx     0.1053
----
Improvement on iteration 56 =        0.199678277
-----------------
f at the beginning of new iteration,       182.6598934995
Predicted improvement:        0.071464442
lambda =          1; f =          182.5538766
lambda =     1.9332; f =          182.5239988
Norm of dx   0.016867
----
Improvement on iteration 57 =        0.135894723
-----------------
f at the beginning of new iteration,       182.5239987766
Predicted improvement:        0.066866425
lambda =          1; f =          182.3971750
lambda =     1.9332; f =          182.2912494
lambda =     3.7372; f =          182.1205082
lambda =     7.2247; f =          181.9180432
Norm of dx   0.019861
----
Improvement on iteration 58 =        0.605955619
-----------------
f at the beginning of new iteration,       181.9180431573
Predicted improvement:        0.340460916
lambda =          1; f =          181.3757954
lambda =     1.9332; f =          181.1107380
Norm of dx   0.038439
----
Improvement on iteration 59 =        0.807305162
-----------------
f at the beginning of new iteration,       181.1107379957
Predicted improvement:        0.314361305
lambda =          1; f =          180.6439666
lambda =     1.9332; f =          180.4834126
Norm of dx    0.18752
----
Improvement on iteration 60 =        0.627325372
-----------------
f at the beginning of new iteration,       180.4834126237
Predicted improvement:        0.076653898
lambda =          1; f =          180.3832849
Norm of dx   0.059368
----
Improvement on iteration 61 =        0.100127738
-----------------
f at the beginning of new iteration,       180.3832848855
Predicted improvement:        0.030994469
lambda =          1; f =          180.3375837
lambda =     1.9332; f =          180.3239387
Norm of dx   0.042172
----
Improvement on iteration 62 =        0.059346174
-----------------
f at the beginning of new iteration,       180.3239387112
Predicted improvement:        0.022716302
lambda =          1; f =          180.2816799
lambda =     1.9332; f =          180.2479151
lambda =     3.7372; f =          180.1979484
lambda =     7.2247; f =          180.1573334
Norm of dx   0.009591
----
Improvement on iteration 63 =        0.166605311
-----------------
f at the beginning of new iteration,       180.1573333998
Predicted improvement:        0.058852877
lambda =          1; f =          180.0503058
lambda =     1.9332; f =          179.9698025
lambda =     3.7372; f =          179.8679379
Norm of dx   0.010463
----
Improvement on iteration 64 =        0.289395545
-----------------
f at the beginning of new iteration,       179.8679378546
Predicted improvement:        0.224123781
lambda =          1; f =          179.5057191
lambda =     1.9332; f =          179.3136301
Norm of dx   0.033199
----
Improvement on iteration 65 =        0.554307773
-----------------
f at the beginning of new iteration,       179.3136300813
Predicted improvement:        0.245391662
lambda =          1; f =          178.9533092
lambda =     1.9332; f =          178.8468245
Norm of dx   0.035682
----
Improvement on iteration 66 =        0.466805631
-----------------
f at the beginning of new iteration,       178.8468244504
Predicted improvement:        0.035439856
lambda =          1; f =          178.7976360
Norm of dx    0.01635
----
Improvement on iteration 67 =        0.049188445
-----------------
f at the beginning of new iteration,       178.7976360058
Predicted improvement:        0.021115918
lambda =          1; f =          178.7694817
Norm of dx   0.019094
----
Improvement on iteration 68 =        0.028154334
-----------------
f at the beginning of new iteration,       178.7694816717
Predicted improvement:        0.014509831
lambda =          1; f =          178.7449761
lambda =     1.9332; f =          178.7304269
Norm of dx  0.0062433
----
Improvement on iteration 69 =        0.039054758
-----------------
f at the beginning of new iteration,       178.7304269138
Predicted improvement:        0.037167901
lambda =          1; f =          178.6653017
lambda =     1.9332; f =          178.6213351
lambda =     3.7372; f =          178.5833221
Norm of dx   0.014292
----
Improvement on iteration 70 =        0.147104839
-----------------
f at the beginning of new iteration,       178.5833220743
Predicted improvement:        0.100928578
lambda =          1; f =          178.3965505
lambda =     1.9332; f =          178.2494967
lambda =     3.7372; f =          178.0403491
lambda =     7.2247; f =          177.9266229
Norm of dx   0.030113
----
Improvement on iteration 71 =        0.656699181
-----------------
f at the beginning of new iteration,       177.9266228934
Predicted improvement:        0.142070777
lambda =          1; f =          177.7251141
lambda =     1.9332; f =          177.6814559
Norm of dx   0.079639
----
Improvement on iteration 72 =        0.245167000
-----------------
f at the beginning of new iteration,       177.6814558929
Predicted improvement:        0.044443885
lambda =          1; f =          177.6296041
Norm of dx    0.02692
----
Improvement on iteration 73 =        0.051851761
-----------------
f at the beginning of new iteration,       177.6296041317
Predicted improvement:        0.011103070
lambda =          1; f =          177.6115542
lambda =     1.9332; f =          177.6022292
Norm of dx   0.016204
----
Improvement on iteration 74 =        0.027374884
-----------------
f at the beginning of new iteration,       177.6022292482
Predicted improvement:        0.019073475
lambda =          1; f =          177.5682822
lambda =     1.9332; f =          177.5442132
lambda =     3.7372; f =          177.5187452
Norm of dx   0.010576
----
Improvement on iteration 75 =        0.083484056
-----------------
f at the beginning of new iteration,       177.5187451919
Predicted improvement:        0.064843220
lambda =          1; f =          177.3947546
lambda =     1.9332; f =          177.2893034
lambda =     3.7372; f =          177.1135309
lambda =     7.2247; f =          176.8791079
Norm of dx   0.020529
----
Improvement on iteration 76 =        0.639637318
-----------------
f at the beginning of new iteration,       176.8791078735
Predicted improvement:        0.578079442
lambda =          1; f =          175.9998589
lambda =     1.9332; f =          175.7379085
Norm of dx    0.22523
----
Improvement on iteration 77 =        1.141199331
-----------------
f at the beginning of new iteration,       175.7379085423
Predicted improvement:        0.399497286
lambda =          1; f =          175.2503294
Norm of dx   0.065053
----
Improvement on iteration 78 =        0.487579167
-----------------
f at the beginning of new iteration,       175.2503293751
Predicted improvement:        0.162990341
lambda =          1; f =          175.0839036
Norm of dx   0.071041
----
Improvement on iteration 79 =        0.166425787
-----------------
f at the beginning of new iteration,       175.0839035885
Correct for low angle: 0.00468977
Predicted improvement:        0.013606683
lambda =          1; f =          175.0623349
lambda =     1.9332; f =          175.0523771
Norm of dx   0.039353
----
Improvement on iteration 80 =        0.031526488
-----------------
f at the beginning of new iteration,       175.0523771005
Predicted improvement:        0.021269391
lambda =          1; f =          175.0168532
lambda =     1.9332; f =          174.9960684
Norm of dx   0.041792
----
Improvement on iteration 81 =        0.056308695
-----------------
f at the beginning of new iteration,       174.9960684054
Predicted improvement:        0.046992709
lambda =          1; f =          174.9163569
lambda =     1.9332; f =          174.8669455
lambda =     3.7372; f =          174.8361178
Norm of dx   0.063528
----
Improvement on iteration 82 =        0.159950621
-----------------
f at the beginning of new iteration,       174.8361177839
Predicted improvement:        0.075941777
lambda =          1; f =          174.7056329
lambda =     1.9332; f =          174.6227627
lambda =     3.7372; f =          174.5713683
Norm of dx   0.037609
----
Improvement on iteration 83 =        0.264749451
-----------------
f at the beginning of new iteration,       174.5713683329
Predicted improvement:        0.045415916
lambda =          1; f =          174.5150634
Norm of dx   0.054439
----
Improvement on iteration 84 =        0.056304978
-----------------
f at the beginning of new iteration,       174.5150633547
Predicted improvement:        0.013105168
lambda =          1; f =          174.4992968
Norm of dx   0.027187
----
Improvement on iteration 85 =        0.015766533
-----------------
f at the beginning of new iteration,       174.4992968221
Predicted improvement:        0.002915618
lambda =          1; f =          174.4954234
Norm of dx  0.0067687
----
Improvement on iteration 86 =        0.003873373
-----------------
f at the beginning of new iteration,       174.4954234490
Predicted improvement:        0.001770401
lambda =          1; f =          174.4925819
lambda =     1.9332; f =          174.4911889
Norm of dx  0.0042044
----
Improvement on iteration 87 =        0.004234581
-----------------
f at the beginning of new iteration,       174.4911888676
Predicted improvement:        0.002901850
lambda =          1; f =          174.4857330
lambda =     1.9332; f =          174.4812699
lambda =     3.7372; f =          174.4743470
lambda =     7.2247; f =          174.4672511
Norm of dx   0.002709
----
Improvement on iteration 88 =        0.023937798
-----------------
f at the beginning of new iteration,       174.4672510700
Predicted improvement:        0.021393936
lambda =          1; f =          174.4257531
lambda =     1.9332; f =          174.3893363
lambda =     3.7372; f =          174.3251667
lambda =     7.2247; f =          174.2238914
lambda =     13.967; f =          174.1100703
Norm of dx   0.017214
----
Improvement on iteration 89 =        0.357180814
-----------------
f at the beginning of new iteration,       174.1100702557
Predicted improvement:        0.343732514
lambda =          1; f =          173.4754996
lambda =     1.9332; f =          172.9752579
lambda =     3.7372; f =          172.2500992
lambda =     7.2247; f =          171.7908798
Norm of dx    0.20657
----
Improvement on iteration 90 =        2.319190443
-----------------
f at the beginning of new iteration,       171.7908798131
Predicted improvement:        1.619601057
lambda =          1; f =          169.4430163
lambda =     1.9332; f =          171.2452506
lambda =     1.3017; f =          169.2933722
Norm of dx    0.69393
----
Improvement on iteration 91 =        2.497507575
-----------------
f at the beginning of new iteration,       169.2933722376
Predicted improvement:        4.159378368
lambda =          1; f =          180.2712503
lambda =    0.33333; f =          168.2742800
Norm of dx     1.2342
----
Improvement on iteration 92 =        1.019092190
-----------------
f at the beginning of new iteration,       168.2742800475
Predicted improvement:        2.603817299
lambda =          1; f =          169.4064490
lambda =    0.33333; f =          167.2113163
Norm of dx     1.2423
----
Improvement on iteration 93 =        1.062963733
-----------------
f at the beginning of new iteration,       167.2113163148
Predicted improvement:        0.967318953
lambda =          1; f =          167.8144078
lambda =    0.33333; f =          166.7645954
Norm of dx    0.85569
----
Improvement on iteration 94 =        0.446720887
-----------------
f at the beginning of new iteration,       166.7645954278
Predicted improvement:        0.250478913
lambda =          1; f =          166.5316641
Norm of dx     0.1731
----
Improvement on iteration 95 =        0.232931355
-----------------
f at the beginning of new iteration,       166.5316640727
Predicted improvement:        0.056857818
lambda =          1; f =          166.4520718
Norm of dx   0.051245
----
Improvement on iteration 96 =        0.079592274
-----------------
f at the beginning of new iteration,       166.4520717989
Predicted improvement:        0.081077904
lambda =          1; f =          166.3611011
Norm of dx   0.031331
----
Improvement on iteration 97 =        0.090970726
-----------------
f at the beginning of new iteration,       166.3611010732
Predicted improvement:        0.018075324
lambda =          1; f =          166.3408018
Norm of dx   0.016159
----
Improvement on iteration 98 =        0.020299265
-----------------
f at the beginning of new iteration,       166.3408018078
Correct for low angle: 0.00202316
Predicted improvement:        0.013291781
lambda =          1; f =          166.3181278
lambda =     1.9332; f =          166.3040188
lambda =     3.7372; f =          166.2960208
Norm of dx   0.021186
----
Improvement on iteration 99 =        0.044780965
-----------------
f at the beginning of new iteration,       166.2960208432
Predicted improvement:        0.030198313
lambda =          1; f =          166.2448985
lambda =     1.9332; f =          166.2139234
lambda =     3.7372; f =          166.1998592
Norm of dx   0.014779
----
Improvement on iteration 100 =        0.096161599
-----------------
f at the beginning of new iteration,       166.1998592438
Predicted improvement:        0.083917908
lambda =          1; f =          166.0471961
lambda =     1.9332; f =          165.9327540
lambda =     3.7372; f =          165.7919819
Norm of dx    0.02915
----
Improvement on iteration 101 =        0.407877335
-----------------
f at the beginning of new iteration,       165.7919819086
Predicted improvement:        0.284210710
lambda =          1; f =          165.3136200
lambda =     1.9332; f =          165.0586048
Norm of dx   0.027013
----
Improvement on iteration 102 =        0.733377148
-----------------
f at the beginning of new iteration,       165.0586047607
Predicted improvement:        0.458169992
lambda =          1; f =          164.4498143
Norm of dx    0.10633
----
Improvement on iteration 103 =        0.608790433
-----------------
f at the beginning of new iteration,       164.4498143277
Predicted improvement:        0.317507564
lambda =          1; f =          164.1537528
Norm of dx    0.24831
----
Improvement on iteration 104 =        0.296061574
-----------------
f at the beginning of new iteration,       164.1537527533
Predicted improvement:        0.095513648
lambda =          1; f =          164.0561091
Norm of dx   0.049692
----
Improvement on iteration 105 =        0.097643682
-----------------
f at the beginning of new iteration,       164.0561090714
Predicted improvement:        0.040054294
lambda =          1; f =          163.9983898
lambda =     1.9332; f =          163.9834620
Norm of dx   0.038815
----
Improvement on iteration 106 =        0.072647033
-----------------
f at the beginning of new iteration,       163.9834620384
Predicted improvement:        0.012738648
lambda =          1; f =          163.9708241
Norm of dx   0.032536
----
Improvement on iteration 107 =        0.012637953
-----------------
f at the beginning of new iteration,       163.9708240851
Predicted improvement:        0.001268036
lambda =          1; f =          163.9697386
Norm of dx   0.010692
----
Improvement on iteration 108 =        0.001085465
-----------------
f at the beginning of new iteration,       163.9697386203
Predicted improvement:        0.000128035
lambda =          1; f =          163.9695993
Norm of dx  0.0013908
----
Improvement on iteration 109 =        0.000139350
-----------------
f at the beginning of new iteration,       163.9695992706
Predicted improvement:        0.000018389
lambda =          1; f =          163.9695684
lambda =     1.9332; f =          163.9695495
Norm of dx 0.00059442
----
Improvement on iteration 110 =        0.000049739
-----------------
f at the beginning of new iteration,       163.9695495317
Predicted improvement:        0.000051769
lambda =          1; f =          163.9694620
lambda =     1.9332; f =          163.9694085
lambda =     3.7372; f =          163.9693824
Norm of dx  0.0016536
----
Improvement on iteration 111 =        0.000167178
-----------------
f at the beginning of new iteration,       163.9693823534
Predicted improvement:        0.000131070
lambda =          1; f =          163.9691306
lambda =     1.9332; f =          163.9689149
lambda =     3.7372; f =          163.9685503
lambda =     7.2247; f =          163.9680424
lambda =     13.967; f =          163.9677987
Norm of dx 0.00067307
----
Improvement on iteration 112 =        0.001583633
-----------------
f at the beginning of new iteration,       163.9677987204
Predicted improvement:        0.001832557
lambda =          1; f =          163.9643450
lambda =     1.9332; f =          163.9615021
lambda =     3.7372; f =          163.9570372
lambda =     7.2247; f =          163.9522068
Norm of dx  0.0074099
----
Improvement on iteration 113 =        0.015591919
-----------------
f at the beginning of new iteration,       163.9522068010
Predicted improvement:        0.011563791
lambda =          1; f =          163.9338007
lambda =     1.9332; f =          163.9254925
Norm of dx   0.052196
----
Improvement on iteration 114 =        0.026714346
-----------------
f at the beginning of new iteration,       163.9254924548
Predicted improvement:        0.006296372
lambda =          1; f =          163.9186660
Norm of dx   0.052935
----
Improvement on iteration 115 =        0.006826430
-----------------
f at the beginning of new iteration,       163.9186660247
Predicted improvement:        0.000568780
lambda =          1; f =          163.9182828
Norm of dx   0.013476
----
Improvement on iteration 116 =        0.000383257
-----------------
f at the beginning of new iteration,       163.9182827678
Predicted improvement:        0.000065326
lambda =          1; f =          163.9182188
Norm of dx  0.0028825
----
Improvement on iteration 117 =        0.000063970
-----------------
f at the beginning of new iteration,       163.9182187979
Predicted improvement:        0.000000916
lambda =          1; f =          163.9182174
lambda =     1.9332; f =          163.9182168
Norm of dx 0.00012434
----
Improvement on iteration 118 =        0.000001952
-----------------
f at the beginning of new iteration,       163.9182168464
Predicted improvement:        0.000001466
lambda =          1; f =          163.9182140
lambda =     1.9332; f =          163.9182115
lambda =     3.7372; f =          163.9182073
lambda =     7.2247; f =          163.9182009
lambda =     13.967; f =          163.9181959
Norm of dx 3.4214e-05
----
Improvement on iteration 119 =        0.000020928
-----------------
f at the beginning of new iteration,       163.9181959188
Predicted improvement:        0.000018900
lambda =          1; f =          163.9181585
lambda =     1.9332; f =          163.9181242
lambda =     3.7372; f =          163.9180595
lambda =     7.2247; f =          163.9179406
lambda =     13.967; f =          163.9177342
lambda =         27; f =          163.9174220
lambda =     52.196; f =          163.9171425
Norm of dx 0.00015102
----
Improvement on iteration 120 =        0.001053465
-----------------
f at the beginning of new iteration,       163.9171424541
Predicted improvement:        0.000837352
lambda =          1; f =          163.9156584
lambda =     1.9332; f =          163.9146174
lambda =     3.7372; f =          163.9135375
Norm of dx  0.0048395
----
Improvement on iteration 121 =        0.003604974
-----------------
f at the beginning of new iteration,       163.9135374800
Predicted improvement:        0.000305237
lambda =          1; f =          163.9132163
Norm of dx  0.0045393
----
Improvement on iteration 122 =        0.000321210
-----------------
f at the beginning of new iteration,       163.9132162695
Predicted improvement:        0.000002401
lambda =          1; f =          163.9132139
Norm of dx 0.00045894
----
Improvement on iteration 123 =        0.000002387
-----------------
f at the beginning of new iteration,       163.9132138828
Predicted improvement:        0.000000015
lambda =          1; f =          163.9132139
Norm of dx 3.9409e-05
----
Improvement on iteration 124 =        0.000000013
improvement < crit termination

Final value of minus the log posterior (or likelihood):163.913214 

RESULTS FROM POSTERIOR ESTIMATION
parameters
         prior mean     mode    s.d. prior pstdev

para_sp_b    0.050   0.0431  0.0041 beta  0.0050 
phiv         4.000   1.1961  0.3479 norm  1.5000 
thetav       0.500   0.6670  0.0389 beta  0.1000 
rhov         0.500   0.8136  0.0215 beta  0.2000 
zetav        1.500   1.6485  0.1847 gamm  0.2500 
zetay        0.125   0.0537  0.0169 gamm  0.1000 
pi_bar       0.620   0.5033  0.0734 gamm  0.1000 
iotapi       0.500   0.1400  0.0693 beta  0.1500 
constebeta   0.300   0.1122  0.0366 gamm  0.1000 
ytrend       0.400   0.3435  0.0571 norm  0.1000 
s_bar        0.500   0.3153  0.0475 gamm  0.1000 
rhov_a       0.500   0.9683  0.0071 beta  0.2000 
rhov_g       0.500   0.8713  0.0504 beta  0.2000 
rhov_i       0.500   0.9092  0.0331 beta  0.2000 
rhov_f       0.750   0.8897  0.0275 beta  0.1500 

standard deviation of shocks
         prior mean     mode    s.d. prior pstdev

e_a          0.100   1.9522  0.1809 invg  2.0000 
e_g          0.100   4.8493  0.5145 invg  2.0000 
e_rn         0.100   0.1144  0.0105 invg  2.0000 
e_i          0.100   1.0132  0.1924 invg  2.0000 
e_f          0.050   4.9406  0.7053 invg  4.0000 


Log data density [Laplace approximation] is -208.351789.

Estimation::mcmc: One Chain mode.
Estimation::mcmc: Initialization at the posterior mode.

Estimation::mcmc: Write details about the MCMC... Ok!
Estimation::mcmc: Details about the MCMC are available in NKBGG/metropolis\NKBGG_mh_history_0.mat


Estimation::mcmc: Number of mh files: 1 per block.
Estimation::mcmc: Total number of generated files: 1.
Estimation::mcmc: Total number of iterations: 500000.
Estimation::mcmc: Current acceptance ratio per chain: 
                                                       Chain  1: 48.635%
Estimation::mcmc: Total number of MH draws per chain: 500000.
Estimation::mcmc: Total number of generated MH files: 1.
Estimation::mcmc: I'll use mh-files 1 to 1.
Estimation::mcmc: In MH-file number 1 I'll start at line 150001.
Estimation::mcmc: Finally I keep 350000 draws per chain.



MCMC Inefficiency factors per block
Parameter        Block 1
SE_e_a           119.700
SE_e_g           223.827
SE_e_rn          120.947
SE_e_i           448.996
SE_e_f           137.043
para_sp_b         97.566
phiv             420.763
thetav           184.450
rhov             148.571
zetav            161.050
zetay            316.512
pi_bar           122.184
iotapi           147.322
constebeta       114.353
ytrend           151.822
s_bar            107.113
rhov_a           223.599
rhov_g           161.985
rhov_i           265.851
rhov_f           180.825


Geweke (1992) Convergence Tests, based on means of draws 150000 to 220000 vs 325000 to 500000.
p-values are for Chi2-test for equality of means.
Parameter          Post. Mean        Post. Std   p-val No Taper   p-val 4% Taper   p-val 8% Taper  p-val 15% Taper
SE_e_a                  1.943            0.185            0.000            0.262            0.269            0.247
SE_e_g                  5.256            0.661            0.000            0.549            0.531            0.503
SE_e_rn                 0.115            0.011            0.000            0.414            0.402            0.330
SE_e_i                  1.340            0.389            0.000            0.126            0.129            0.125
SE_e_f                  5.152            0.755            0.000            0.278            0.286            0.290
para_sp_b               0.044            0.004            0.000            0.508            0.469            0.386
phiv                    1.621            0.645            0.000            0.187            0.207            0.216
thetav                  0.655            0.044            0.734            0.979            0.981            0.981
rhov                    0.823            0.022            0.000            0.216            0.231            0.219
zetav                   1.787            0.202            0.000            0.237            0.231            0.216
zetay                   0.063            0.024            0.687            0.984            0.983            0.981
pi_bar                  0.519            0.074            0.000            0.333            0.304            0.314
iotapi                  0.180            0.080            0.000            0.197            0.177            0.156
constebeta              0.126            0.039            0.162            0.901            0.899            0.896
ytrend                  0.367            0.057            0.000            0.499            0.488            0.429
s_bar                   0.313            0.046            0.261            0.908            0.898            0.887
rhov_a                  0.964            0.009            0.000            0.808            0.785            0.730
rhov_g                  0.867            0.050            0.001            0.766            0.749            0.747
rhov_i                  0.893            0.040            0.000            0.023            0.029            0.033
rhov_f                  0.878            0.033            0.544            0.964            0.962            0.959


Estimation::marginal density: I'm computing the posterior mean and covariance...  Done!
Estimation::marginal density: I'm computing the posterior log marginal density (modified harmonic mean)... Done!


ESTIMATION RESULTS

Log data density is -207.402882.

parameters
             prior mean   post. mean        90% HPD interval    prior       pstdev

para_sp_b         0.050       0.0441      0.0376      0.0512   beta        0.0050
phiv              4.000       1.6317      0.7024      2.5725   norm        1.5000
thetav            0.500       0.6555      0.5845      0.7271   beta        0.1000
rhov              0.500       0.8229      0.7872      0.8581   beta        0.2000
zetav             1.500       1.7885      1.4540      2.1099   gamm        0.2500
zetay             0.125       0.0640      0.0238      0.1031   gamm        0.1000
pi_bar            0.620       0.5192      0.3930      0.6355   gamm        0.1000
iotapi            0.500       0.1801      0.0544      0.3002   beta        0.1500
constebeta        0.300       0.1259      0.0632      0.1875   gamm        0.1000
ytrend            0.400       0.3679      0.2765      0.4623   norm        0.1000
s_bar             0.500       0.3134      0.2378      0.3880   gamm        0.1000
rhov_a            0.500       0.9638      0.9504      0.9779   beta        0.2000
rhov_g            0.500       0.8671      0.7905      0.9509   beta        0.2000
rhov_i            0.500       0.8931      0.8273      0.9592   beta        0.2000
rhov_f            0.750       0.8773      0.8259      0.9312   beta        0.1500

standard deviation of shocks
             prior mean   post. mean        90% HPD interval    prior       pstdev

e_a               0.100       1.9422      1.6447      2.2489   invg        2.0000
e_g               0.100       5.2589      4.2444      6.2501   invg        2.0000
e_rn              0.100       0.1149      0.0976      0.1326   invg        2.0000
e_i               0.100       1.3490      0.7842      1.8921   invg        2.0000
e_f               0.050       5.1494      3.9188      6.2961   invg        4.0000
Estimation::mcmc: Smoothed variables
Estimation::mcmc: Smoothed variables, done!
Estimation::mcmc: Smoothed shocks
Estimation::mcmc: Smoothed shocks, done!
Estimation::mcmc: Trend_coefficients
Estimation::mcmc: Trend_coefficients, done!
Estimation::mcmc: Smoothed constant
Estimation::mcmc: Smoothed constant, done!
Estimation::mcmc: Smoothed trend
Estimation::mcmc: Smoothed trend, done!
Estimation::mcmc: Updated Variables
Estimation::mcmc: Updated Variables, done!
Estimation::mcmc: Forecasted variables (mean)
Estimation::mcmc: Forecasted variables (mean), done!
Estimation::mcmc: Forecasted variables (point)
Estimation::mcmc: Forecasted variables (point), done!
Total computing time : 1h33m17s
