Starting Dynare (version 4.5.7).
Starting preprocessing of the model file ...
Found 43 equation(s).
Evaluating expressions...done
Computing static model derivatives:
 - order 1
Computing dynamic model derivatives:
 - order 1
 - order 2
Processing outputs ...
done
Preprocessing completed.
Initial value of the log posterior (or likelihood): -537.4986
-----------------
f at the beginning of new iteration,       537.4985637277
Predicted improvement:      383.723033906
lambda =          1; f =          537.5203314
lambda =    0.33333; f =          537.4986781
lambda =    0.11111; f =          486.1033271
Norm of dx    0.27703
----
Improvement on iteration 1 =       51.395236609
-----------------
f at the beginning of new iteration,       486.1033271186
Predicted improvement:       20.299940501
lambda =          1; f =          467.3041266
Norm of dx   0.061511
----
Improvement on iteration 2 =       18.799200525
-----------------
f at the beginning of new iteration,       467.3041265938
Predicted improvement:       10.981744541
lambda =          1; f =          467.3041786
lambda =    0.33333; f =          463.9638784
Norm of dx    0.04756
----
Improvement on iteration 3 =        3.340248181
-----------------
f at the beginning of new iteration,       463.9638784123
Predicted improvement:       19.239260219
lambda =          1; f =          489.3204865
lambda =    0.33333; f =          461.5085867
lambda =    0.11111; f =          461.4175482
Norm of dx   0.080183
----
Improvement on iteration 4 =        2.546330172
-----------------
f at the beginning of new iteration,       461.4175482408
Predicted improvement:        5.959328301
lambda =          1; f =          458.8746965
lambda =    0.33333; f =          458.5139666
lambda =    0.64439; f =          457.6777955
Norm of dx   0.046724
----
Improvement on iteration 5 =        3.739752697
-----------------
f at the beginning of new iteration,       457.6777955437
Predicted improvement:        2.894149261
lambda =          1; f =          455.4326538
Norm of dx   0.035538
----
Improvement on iteration 6 =        2.245141761
-----------------
f at the beginning of new iteration,       455.4326537828
Predicted improvement:        2.112103765
lambda =          1; f =          455.6348895
lambda =    0.33333; f =          454.4627924
Norm of dx   0.025315
----
Improvement on iteration 7 =        0.969861423
-----------------
f at the beginning of new iteration,       454.4627923601
Predicted improvement:        0.740314924
lambda =          1; f =          453.6567001
Norm of dx    0.01158
----
Improvement on iteration 8 =        0.806092272
-----------------
f at the beginning of new iteration,       453.6567000881
Predicted improvement:        0.234502477
lambda =          1; f =          453.2513360
lambda =     1.9332; f =          452.9879510
lambda =     3.7372; f =          452.7956653
Norm of dx   0.009822
----
Improvement on iteration 9 =        0.861034808
-----------------
f at the beginning of new iteration,       452.7956652804
Predicted improvement:        0.318622843
lambda =          1; f =          452.2880451
lambda =     1.9332; f =          452.0457123
Norm of dx   0.012836
----
Improvement on iteration 10 =        0.749952993
-----------------
f at the beginning of new iteration,       452.0457122869
Predicted improvement:        0.494451684
lambda =          1; f =          451.2123029
lambda =     1.9332; f =          450.7399590
Norm of dx   0.026141
----
Improvement on iteration 11 =        1.305753306
-----------------
f at the beginning of new iteration,       450.7399589812
Predicted improvement:        0.904591092
lambda =          1; f =          449.3315400
lambda =     1.9332; f =          448.7437871
Norm of dx   0.050018
----
Improvement on iteration 12 =        1.996171917
-----------------
f at the beginning of new iteration,       448.7437870643
Predicted improvement:        1.157524785
lambda =          1; f =          446.8560874
lambda =     1.9332; f =          445.8830582
Norm of dx   0.079575
----
Improvement on iteration 13 =        2.860728849
-----------------
f at the beginning of new iteration,       445.8830582148
Predicted improvement:        1.217820341
lambda =          1; f =          444.3756101
Norm of dx   0.074463
----
Improvement on iteration 14 =        1.507448101
-----------------
f at the beginning of new iteration,       444.3756101136
Predicted improvement:        0.508355351
lambda =          1; f =          443.6158120
lambda =     1.9332; f =          443.4147331
Norm of dx   0.043252
----
Improvement on iteration 15 =        0.960877002
-----------------
f at the beginning of new iteration,       443.4147331114
Predicted improvement:        0.468668867
lambda =          1; f =          442.6467823
lambda =     1.9332; f =          442.1995944
Norm of dx   0.013965
----
Improvement on iteration 16 =        1.215138731
-----------------
f at the beginning of new iteration,       442.1995943806
Predicted improvement:        1.746741532
lambda =          1; f =          439.6195062
lambda =     1.9332; f =          438.9409972
Norm of dx    0.12184
----
Improvement on iteration 17 =        3.258597199
-----------------
f at the beginning of new iteration,       438.9409971815
Predicted improvement:        0.889631850
lambda =          1; f =          438.0199605
Norm of dx   0.033033
----
Improvement on iteration 18 =        0.921036721
-----------------
f at the beginning of new iteration,       438.0199604609
Predicted improvement:        2.004374663
lambda =          1; f =          437.3231061
lambda =    0.33333; f =          437.1280874
Norm of dx    0.12156
----
Improvement on iteration 19 =        0.891873098
-----------------
f at the beginning of new iteration,       437.1280873629
Predicted improvement:        0.901190022
lambda =          1; f =          435.6636647
lambda =     1.9332; f =          434.9061278
Norm of dx    0.04152
----
Improvement on iteration 20 =        2.221959547
-----------------
f at the beginning of new iteration,       434.9061278159
Predicted improvement:        1.248753288
lambda =          1; f =          433.1362616
lambda =     1.9332; f =          432.8727155
Norm of dx   0.055781
----
Improvement on iteration 21 =        2.033412310
-----------------
f at the beginning of new iteration,       432.8727155063
Predicted improvement:        0.937103046
lambda =          1; f =          431.7040998
Norm of dx   0.053463
----
Improvement on iteration 22 =        1.168615750
-----------------
f at the beginning of new iteration,       431.7040997565
Predicted improvement:        0.420857991
lambda =          1; f =          431.1117847
lambda =     1.9332; f =          431.0509931
Norm of dx   0.016164
----
Improvement on iteration 23 =        0.653106654
-----------------
f at the beginning of new iteration,       431.0509931024
Predicted improvement:        0.493922650
lambda =          1; f =          430.8753678
lambda =    0.33333; f =          430.8385885
Norm of dx   0.016228
----
Improvement on iteration 24 =        0.212404613
-----------------
f at the beginning of new iteration,       430.8385884895
Predicted improvement:        0.475556979
lambda =          1; f =          430.2725581
Norm of dx    0.04734
----
Improvement on iteration 25 =        0.566030348
-----------------
f at the beginning of new iteration,       430.2725581412
Predicted improvement:        0.221394371
lambda =          1; f =          429.9092362
lambda =     1.9332; f =          429.7162851
Norm of dx   0.020188
----
Improvement on iteration 26 =        0.556273077
-----------------
f at the beginning of new iteration,       429.7162850637
Predicted improvement:        0.325079366
lambda =          1; f =          429.2130460
lambda =     1.9332; f =          429.0375336
Norm of dx   0.028863
----
Improvement on iteration 27 =        0.678751449
-----------------
f at the beginning of new iteration,       429.0375336151
Predicted improvement:        0.239059772
lambda =          1; f =          428.6766595
lambda =     1.9332; f =          428.5407420
Norm of dx   0.014322
----
Improvement on iteration 28 =        0.496791649
-----------------
f at the beginning of new iteration,       428.5407419661
Predicted improvement:        0.163756792
lambda =          1; f =          428.2990283
lambda =     1.9332; f =          428.2285307
Norm of dx   0.015463
----
Improvement on iteration 29 =        0.312211274
-----------------
f at the beginning of new iteration,       428.2285306918
Predicted improvement:        0.123322976
lambda =          1; f =          428.0177293
lambda =     1.9332; f =          427.8850414
lambda =     3.7372; f =          427.8013939
Norm of dx   0.011094
----
Improvement on iteration 30 =        0.427136832
-----------------
f at the beginning of new iteration,       427.8013938596
Predicted improvement:        0.225678923
lambda =          1; f =          427.4312652
lambda =     1.9332; f =          427.2383933
Norm of dx   0.035748
----
Improvement on iteration 31 =        0.563000528
-----------------
f at the beginning of new iteration,       427.2383933315
Predicted improvement:        0.480363771
lambda =          1; f =          426.4668771
lambda =     1.9332; f =          426.1180784
Norm of dx   0.065928
----
Improvement on iteration 32 =        1.120314944
-----------------
f at the beginning of new iteration,       426.1180783879
Predicted improvement:        0.519380840
lambda =          1; f =          425.3184888
lambda =     1.9332; f =          425.0159934
Norm of dx   0.061984
----
Improvement on iteration 33 =        1.102084998
-----------------
f at the beginning of new iteration,       425.0159933899
Predicted improvement:        0.251247510
lambda =          1; f =          424.6916077
Norm of dx   0.015005
----
Improvement on iteration 34 =        0.324385724
-----------------
f at the beginning of new iteration,       424.6916076657
Predicted improvement:        0.128676879
lambda =          1; f =          424.5050643
lambda =     1.9332; f =          424.4603458
Norm of dx   0.023985
----
Improvement on iteration 35 =        0.231261890
-----------------
f at the beginning of new iteration,       424.4603457757
Predicted improvement:        0.150239376
lambda =          1; f =          424.2154332
lambda =     1.9332; f =          424.0903776
Norm of dx    0.03307
----
Improvement on iteration 36 =        0.369968181
-----------------
f at the beginning of new iteration,       424.0903775946
Predicted improvement:        0.362657479
lambda =          1; f =          423.4816435
lambda =     1.9332; f =          423.1138139
Norm of dx      0.066
----
Improvement on iteration 37 =        0.976563722
-----------------
f at the beginning of new iteration,       423.1138138725
Predicted improvement:        0.567008301
lambda =          1; f =          422.2821665
lambda =     1.9332; f =          422.0617900
Norm of dx    0.15017
----
Improvement on iteration 38 =        1.052023918
-----------------
f at the beginning of new iteration,       422.0617899541
Predicted improvement:        0.321785612
lambda =          1; f =          421.5377832
lambda =     1.9332; f =          421.2629006
Norm of dx   0.018307
----
Improvement on iteration 39 =        0.798889401
-----------------
f at the beginning of new iteration,       421.2629005534
Predicted improvement:        0.666412752
lambda =          1; f =          420.3423469
Norm of dx   0.091657
----
Improvement on iteration 40 =        0.920553660
-----------------
f at the beginning of new iteration,       420.3423468937
Predicted improvement:        0.491679943
lambda =          1; f =          419.6681759
Norm of dx    0.10964
----
Improvement on iteration 41 =        0.674171020
-----------------
f at the beginning of new iteration,       419.6681758735
Predicted improvement:        0.318194264
lambda =          1; f =          419.2244594
Norm of dx   0.072378
----
Improvement on iteration 42 =        0.443716459
-----------------
f at the beginning of new iteration,       419.2244594146
Predicted improvement:        0.245910971
lambda =          1; f =          418.8731033
lambda =     1.9332; f =          418.8592511
Norm of dx   0.051408
----
Improvement on iteration 43 =        0.365208273
-----------------
f at the beginning of new iteration,       418.8592511419
Predicted improvement:        0.339663833
lambda =          1; f =          418.8026149
lambda =    0.33333; f =          418.7229845
Norm of dx    0.10411
----
Improvement on iteration 44 =        0.136266683
-----------------
f at the beginning of new iteration,       418.7229844584
Predicted improvement:        0.377820927
lambda =          1; f =          418.2836699
Norm of dx   0.036982
----
Improvement on iteration 45 =        0.439314560
-----------------
f at the beginning of new iteration,       418.2836698981
Predicted improvement:        0.266417419
lambda =          1; f =          417.8565911
lambda =     1.9332; f =          417.6563048
Norm of dx   0.025107
----
Improvement on iteration 46 =        0.627365136
-----------------
f at the beginning of new iteration,       417.6563047623
Predicted improvement:        0.323000551
lambda =          1; f =          417.2765150
Norm of dx   0.073319
----
Improvement on iteration 47 =        0.379789781
-----------------
f at the beginning of new iteration,       417.2765149811
Predicted improvement:        0.196653749
lambda =          1; f =          417.0671279
Norm of dx   0.032309
----
Improvement on iteration 48 =        0.209387057
-----------------
f at the beginning of new iteration,       417.0671279245
Predicted improvement:        0.038376662
lambda =          1; f =          417.0111839
lambda =     1.9332; f =          416.9973097
Norm of dx  0.0094736
----
Improvement on iteration 49 =        0.069818191
-----------------
f at the beginning of new iteration,       416.9973097336
Predicted improvement:        0.044949576
lambda =          1; f =          416.9213890
lambda =     1.9332; f =          416.8750548
lambda =     3.7372; f =          416.8498622
Norm of dx  0.0065963
----
Improvement on iteration 50 =        0.147447534
-----------------
f at the beginning of new iteration,       416.8498621998
Predicted improvement:        0.085502125
lambda =          1; f =          416.7349929
Norm of dx   0.015928
----
Improvement on iteration 51 =        0.114869345
-----------------
f at the beginning of new iteration,       416.7349928552
Predicted improvement:        0.074206866
lambda =          1; f =          416.6300966
lambda =     1.9332; f =          416.6124007
Norm of dx   0.020113
----
Improvement on iteration 52 =        0.122592137
-----------------
f at the beginning of new iteration,       416.6124007186
Predicted improvement:        0.035166077
lambda =          1; f =          416.5626295
lambda =     1.9332; f =          416.5520588
Norm of dx  0.0075893
----
Improvement on iteration 53 =        0.060341919
-----------------
f at the beginning of new iteration,       416.5520587996
Predicted improvement:        0.019312626
lambda =          1; f =          416.5209773
lambda =     1.9332; f =          416.5059114
Norm of dx  0.0090807
----
Improvement on iteration 54 =        0.046147402
-----------------
f at the beginning of new iteration,       416.5059113977
Predicted improvement:        0.027832486
lambda =          1; f =          416.4599344
lambda =     1.9332; f =          416.4346517
Norm of dx   0.012828
----
Improvement on iteration 55 =        0.071259692
-----------------
f at the beginning of new iteration,       416.4346517057
Predicted improvement:        0.042022506
lambda =          1; f =          416.3737102
lambda =     1.9332; f =          416.3581189
Norm of dx   0.016395
----
Improvement on iteration 56 =        0.076532828
-----------------
f at the beginning of new iteration,       416.3581188781
Predicted improvement:        0.024066218
lambda =          1; f =          416.3190282
lambda =     1.9332; f =          416.2988461
Norm of dx  0.0065185
----
Improvement on iteration 57 =        0.059272773
-----------------
f at the beginning of new iteration,       416.2988461046
Predicted improvement:        0.028736773
lambda =          1; f =          416.2558400
lambda =     1.9332; f =          416.2418223
Norm of dx  0.0088065
----
Improvement on iteration 58 =        0.057023757
-----------------
f at the beginning of new iteration,       416.2418223477
Predicted improvement:        0.020677443
lambda =          1; f =          416.2067462
lambda =     1.9332; f =          416.1853331
lambda =     3.7372; f =          416.1748546
Norm of dx  0.0089207
----
Improvement on iteration 59 =        0.066967753
-----------------
f at the beginning of new iteration,       416.1748545945
Predicted improvement:        0.021025288
lambda =          1; f =          416.1464694
Norm of dx   0.010759
----
Improvement on iteration 60 =        0.028385230
-----------------
f at the beginning of new iteration,       416.1464693647
Predicted improvement:        0.019718781
lambda =          1; f =          416.1172028
lambda =     1.9332; f =          416.1082555
Norm of dx  0.0085739
----
Improvement on iteration 61 =        0.038213865
-----------------
f at the beginning of new iteration,       416.1082554995
Predicted improvement:        0.016862532
lambda =          1; f =          416.0791667
lambda =     1.9332; f =          416.0604107
lambda =     3.7372; f =          416.0471798
Norm of dx  0.0091726
----
Improvement on iteration 62 =        0.061075740
-----------------
f at the beginning of new iteration,       416.0471797596
Predicted improvement:        0.018577452
lambda =          1; f =          416.0243166
Norm of dx  0.0057294
----
Improvement on iteration 63 =        0.022863208
-----------------
f at the beginning of new iteration,       416.0243165512
Predicted improvement:        0.003838609
lambda =          1; f =          416.0191577
Norm of dx  0.0027169
----
Improvement on iteration 64 =        0.005158871
-----------------
f at the beginning of new iteration,       416.0191576799
Predicted improvement:        0.002080435
lambda =          1; f =          416.0159578
lambda =     1.9332; f =          416.0146951
Norm of dx  0.0020363
----
Improvement on iteration 65 =        0.004462570
-----------------
f at the beginning of new iteration,       416.0146951096
Predicted improvement:        0.001987079
lambda =          1; f =          416.0111476
lambda =     1.9332; f =          416.0086041
lambda =     3.7372; f =          416.0057884
Norm of dx  0.0014819
----
Improvement on iteration 66 =        0.008906739
-----------------
f at the beginning of new iteration,       416.0057883701
Predicted improvement:        0.002539172
lambda =          1; f =          416.0022084
lambda =     1.9332; f =          416.0015870
Norm of dx  0.0026172
----
Improvement on iteration 67 =        0.004201374
-----------------
f at the beginning of new iteration,       416.0015869966
Predicted improvement:        0.001538972
lambda =          1; f =          415.9988036
lambda =     1.9332; f =          415.9967409
lambda =     3.7372; f =          415.9942248
Norm of dx  0.0020242
----
Improvement on iteration 68 =        0.007362190
-----------------
f at the beginning of new iteration,       415.9942248068
Predicted improvement:        0.005688927
lambda =          1; f =          415.9848290
lambda =     1.9332; f =          415.9796429
Norm of dx  0.0052215
----
Improvement on iteration 69 =        0.014581884
-----------------
f at the beginning of new iteration,       415.9796429229
Predicted improvement:        0.005666630
lambda =          1; f =          415.9723681
Norm of dx  0.0089698
----
Improvement on iteration 70 =        0.007274822
-----------------
f at the beginning of new iteration,       415.9723681013
Predicted improvement:        0.001351733
lambda =          1; f =          415.9706664
Norm of dx  0.0036279
----
Improvement on iteration 71 =        0.001701722
-----------------
f at the beginning of new iteration,       415.9706663790
Predicted improvement:        0.000432174
lambda =          1; f =          415.9699707
lambda =     1.9332; f =          415.9696233
Norm of dx  0.0010798
----
Improvement on iteration 72 =        0.001043051
-----------------
f at the beginning of new iteration,       415.9696233283
Predicted improvement:        0.000670431
lambda =          1; f =          415.9683859
lambda =     1.9332; f =          415.9674158
lambda =     3.7372; f =          415.9660453
lambda =     7.2247; f =          415.9652794
Norm of dx   0.001404
----
Improvement on iteration 73 =        0.004343924
-----------------
f at the beginning of new iteration,       415.9652794048
Predicted improvement:        0.003069046
lambda =          1; f =          415.9596167
lambda =     1.9332; f =          415.9551889
lambda =     3.7372; f =          415.9489686
lambda =     7.2247; f =          415.9456578
Norm of dx  0.0048912
----
Improvement on iteration 74 =        0.019621584
-----------------
f at the beginning of new iteration,       415.9456578210
Predicted improvement:        0.003903065
lambda =          1; f =          415.9404555
Norm of dx  0.0076111
----
Improvement on iteration 75 =        0.005202353
-----------------
f at the beginning of new iteration,       415.9404554677
Predicted improvement:        0.001522834
lambda =          1; f =          415.9383688
Norm of dx    0.00679
----
Improvement on iteration 76 =        0.002086692
-----------------
f at the beginning of new iteration,       415.9383687759
Predicted improvement:        0.001225678
lambda =          1; f =          415.9363084
lambda =     1.9332; f =          415.9350839
Norm of dx  0.0053159
----
Improvement on iteration 77 =        0.003284882
-----------------
f at the beginning of new iteration,       415.9350838935
Predicted improvement:        0.003051947
lambda =          1; f =          415.9297461
lambda =     1.9332; f =          415.9261316
lambda =     3.7372; f =          415.9228399
Norm of dx  0.0095034
----
Improvement on iteration 78 =        0.012243951
-----------------
f at the beginning of new iteration,       415.9228399426
Predicted improvement:        0.006695534
lambda =          1; f =          415.9113012
lambda =     1.9332; f =          415.9038944
lambda =     3.7372; f =          415.8988858
Norm of dx  0.0077168
----
Improvement on iteration 79 =        0.023954160
-----------------
f at the beginning of new iteration,       415.8988857830
Predicted improvement:        0.000879586
lambda =          1; f =          415.8977486
Norm of dx  0.0074999
----
Improvement on iteration 80 =        0.001137216
-----------------
f at the beginning of new iteration,       415.8977485668
Predicted improvement:        0.000428274
lambda =          1; f =          415.8970060
lambda =     1.9332; f =          415.8965215
lambda =     3.7372; f =          415.8961583
Norm of dx  0.0026202
----
Improvement on iteration 81 =        0.001590311
-----------------
f at the beginning of new iteration,       415.8961582561
Predicted improvement:        0.001149526
lambda =          1; f =          415.8938955
lambda =     1.9332; f =          415.8918486
lambda =     3.7372; f =          415.8880679
lambda =     7.2247; f =          415.8814141
lambda =     13.967; f =          415.8709696
lambda =         27; f =          415.8596161
Norm of dx  0.0033179
----
Improvement on iteration 82 =        0.036542156
-----------------
f at the beginning of new iteration,       415.8596161004
Predicted improvement:        0.005335191
lambda =          1; f =          415.8538533
Norm of dx   0.026772
----
Improvement on iteration 83 =        0.005762819
-----------------
f at the beginning of new iteration,       415.8538532818
Predicted improvement:        0.000403153
lambda =          1; f =          415.8532014
lambda =     1.9332; f =          415.8528717
Norm of dx  0.0031846
----
Improvement on iteration 84 =        0.000981605
-----------------
f at the beginning of new iteration,       415.8528716765
Predicted improvement:        0.000561611
lambda =          1; f =          415.8518522
lambda =     1.9332; f =          415.8510874
lambda =     3.7372; f =          415.8501200
Norm of dx  0.0011756
----
Improvement on iteration 85 =        0.002751722
-----------------
f at the beginning of new iteration,       415.8501199545
Predicted improvement:        0.002501139
lambda =          1; f =          415.8455994
lambda =     1.9332; f =          415.8422458
lambda =     3.7372; f =          415.8381251
Norm of dx  0.0051851
----
Improvement on iteration 86 =        0.011994853
-----------------
f at the beginning of new iteration,       415.8381251013
Predicted improvement:        0.007321345
lambda =          1; f =          415.8270278
lambda =     1.9332; f =          415.8230182
Norm of dx   0.022147
----
Improvement on iteration 87 =        0.015106862
-----------------
f at the beginning of new iteration,       415.8230182391
Predicted improvement:        0.001573092
lambda =          1; f =          415.8210318
Norm of dx  0.0057791
----
Improvement on iteration 88 =        0.001986436
-----------------
f at the beginning of new iteration,       415.8210318030
Predicted improvement:        0.000320805
lambda =          1; f =          415.8205448
lambda =     1.9332; f =          415.8203707
Norm of dx  0.0023107
----
Improvement on iteration 89 =        0.000661076
-----------------
f at the beginning of new iteration,       415.8203707272
Predicted improvement:        0.000337307
lambda =          1; f =          415.8196997
lambda =     1.9332; f =          415.8190804
lambda =     3.7372; f =          415.8179019
lambda =     7.2247; f =          415.8156941
lambda =     13.967; f =          415.8116883
lambda =         27; f =          415.8049232
lambda =     52.196; f =          415.7954884
lambda =      100.9; f =          415.7907667
Norm of dx  0.0012078
----
Improvement on iteration 90 =        0.029604008
-----------------
f at the beginning of new iteration,       415.7907667192
Predicted improvement:        0.025697679
lambda =          1; f =          415.7422586
lambda =     1.9332; f =          415.7021977
lambda =     3.7372; f =          415.6390328
lambda =     7.2247; f =          415.5707312
Norm of dx   0.046848
----
Improvement on iteration 91 =        0.220035483
-----------------
f at the beginning of new iteration,       415.5707312360
Predicted improvement:        0.059940308
lambda =          1; f =          415.4924814
Norm of dx    0.23913
----
Improvement on iteration 92 =        0.078249790
-----------------
f at the beginning of new iteration,       415.4924814459
Predicted improvement:        0.016868530
lambda =          1; f =          415.4726175
Norm of dx   0.083368
----
Improvement on iteration 93 =        0.019863960
-----------------
f at the beginning of new iteration,       415.4726174864
Predicted improvement:        0.003032645
lambda =          1; f =          415.4679806
lambda =     1.9332; f =          415.4661044
Norm of dx   0.031931
----
Improvement on iteration 94 =        0.006513055
-----------------
f at the beginning of new iteration,       415.4661044312
Predicted improvement:        0.002551215
lambda =          1; f =          415.4616572
lambda =     1.9332; f =          415.4586631
lambda =     3.7372; f =          415.4559272
Norm of dx  0.0090975
----
Improvement on iteration 95 =        0.010177267
-----------------
f at the beginning of new iteration,       415.4559271642
Predicted improvement:        0.007189536
lambda =          1; f =          415.4434220
lambda =     1.9332; f =          415.4352164
lambda =     3.7372; f =          415.4294104
Norm of dx   0.044973
----
Improvement on iteration 96 =        0.026516813
-----------------
f at the beginning of new iteration,       415.4294103512
Predicted improvement:        0.020526129
lambda =          1; f =          415.3942623
lambda =     1.9332; f =          415.3722089
lambda =     3.7372; f =          415.3594636
Norm of dx   0.019049
----
Improvement on iteration 97 =        0.069946725
-----------------
f at the beginning of new iteration,       415.3594636260
Predicted improvement:        0.010667541
lambda =          1; f =          415.3478547
Norm of dx   0.021668
----
Improvement on iteration 98 =        0.011608900
-----------------
f at the beginning of new iteration,       415.3478547257
Predicted improvement:        0.001318006
lambda =          1; f =          415.3460633
Norm of dx  0.0021232
----
Improvement on iteration 99 =        0.001791468
-----------------
f at the beginning of new iteration,       415.3460632581
Predicted improvement:        0.001308352
lambda =          1; f =          415.3437735
lambda =     1.9332; f =          415.3422295
lambda =     3.7372; f =          415.3408815
Norm of dx   0.005103
----
Improvement on iteration 100 =        0.005181773
-----------------
f at the beginning of new iteration,       415.3408814851
Predicted improvement:        0.003860225
lambda =          1; f =          415.3334020
lambda =     1.9332; f =          415.3268550
lambda =     3.7372; f =          415.3153889
lambda =     7.2247; f =          415.2977120
lambda =     13.967; f =          415.2806506
Norm of dx   0.013915
----
Improvement on iteration 101 =        0.060230871
-----------------
f at the beginning of new iteration,       415.2806506141
Predicted improvement:        0.015328527
lambda =          1; f =          415.2652630
Norm of dx   0.045625
----
Improvement on iteration 102 =        0.015387582
-----------------
f at the beginning of new iteration,       415.2652630316
Predicted improvement:        0.000548228
lambda =          1; f =          415.2646858
Norm of dx    0.02503
----
Improvement on iteration 103 =        0.000577185
-----------------
f at the beginning of new iteration,       415.2646858466
Predicted improvement:        0.000010217
lambda =          1; f =          415.2646741
Norm of dx  0.0018294
----
Improvement on iteration 104 =        0.000011742
-----------------
f at the beginning of new iteration,       415.2646741051
Predicted improvement:        0.000000502
lambda =          1; f =          415.2646736
Norm of dx 0.00046152
----
Improvement on iteration 105 =        0.000000547
-----------------
f at the beginning of new iteration,       415.2646735577
Predicted improvement:        0.000000007
lambda =          1; f =          415.2646735
Norm of dx  2.699e-05
----
Improvement on iteration 106 =        0.000000009
improvement < crit termination

Final value of minus the log posterior (or likelihood):415.264674 

RESULTS FROM POSTERIOR ESTIMATION
parameters
       prior mean     mode    s.d. prior pstdev

RHO_A      0.500   0.9620  0.0171 beta  0.2000 
RHO_EFP    0.500   0.9246  0.0234 beta  0.2000 
RHO_G      0.500   0.9728  0.0160 beta  0.2000 
RHO_X      0.500   0.9849  0.0098 beta  0.2000 
RHO_MS     0.500   0.3524  0.0755 beta  0.2000 
RHO_P      0.500   0.9961  0.0026 beta  0.2000 
RHO_W      0.500   0.1619  0.0738 beta  0.2000 
S_PRIMEP   4.000   5.3448  1.1522 norm  1.5000 
H          0.700   0.6074  0.0557 beta  0.1000 
SIGMA_W    0.750   0.8432  0.0230 beta  0.0500 
SIGMAP     0.750   0.7814  0.0254 beta  0.0500 
FCP        1.450   1.3655  0.0808 norm  0.1250 
PPHI       0.330   2.0891  0.4232 gamm  0.2500 
SIGMA_WI   0.500   0.2673  0.1136 beta  0.1500 
SIGMA_PI   0.500   0.1090  0.0503 beta  0.1500 
ZETA       0.250   0.8814  0.0447 beta  0.1500 
IOTA_PI    1.700   1.6073  0.1390 norm  0.1500 
RHO_I      0.750   0.7972  0.0263 beta  0.1000 
IOTA_Y     0.125   0.0512  0.0115 gamm  0.0500 
IOTA_DY    0.063   0.1637  0.0250 norm  0.0500 
VARKAPPA   0.155   0.1165  0.0134 unif  0.0837 
picbar     0.625   0.6396  0.0946 gamm  0.1000 
ctrend     0.400   0.5712  0.0595 norm  0.1000 

standard deviation of shocks
       prior mean     mode    s.d. prior pstdev

ea         0.100   0.3637  0.0304 invg  2.0000 
e_kq       0.100   0.2303  0.0395 invg  2.0000 
eg         0.100   2.1581  0.1630 invg  2.0000 
eqs        0.100   0.5615  0.1619 invg  2.0000 
em         0.100   0.1165  0.0093 invg  2.0000 
epinf      0.100   0.0701  0.0120 invg  2.0000 
ew         0.100   0.2880  0.0317 invg  2.0000 


Log data density [Laplace approximation] is -489.782213.

Estimation::mcmc: One Chain mode.
Estimation::mcmc: Initialization at the posterior mode.

Estimation::mcmc: Write details about the MCMC... Ok!
Estimation::mcmc: Details about the MCMC are available in VI16_BGG/metropolis\VI16_BGG_mh_history_0.mat


Estimation::mcmc: Number of mh files: 2 per block.
Estimation::mcmc: Total number of generated files: 2.
Estimation::mcmc: Total number of iterations: 500000.
Estimation::mcmc: Current acceptance ratio per chain: 
                                                       Chain  1: 38.0832%
Estimation::mcmc: Total number of MH draws per chain: 500000.
Estimation::mcmc: Total number of generated MH files: 2.
Estimation::mcmc: I'll use mh-files 1 to 2.
Estimation::mcmc: In MH-file number 1 I'll start at line 150001.
Estimation::mcmc: Finally I keep 350000 draws per chain.



MCMC Inefficiency factors per block
Parameter       Block 1
SE_ea           150.518
SE_e_kq         232.701
SE_eg           140.311
SE_eqs          524.610
SE_em           132.410
SE_epinf        192.049
SE_ew           144.555
RHO_A           235.118
RHO_EFP         196.110
RHO_G           160.169
RHO_X           452.118
RHO_MS          144.775
RHO_P           280.416
RHO_W           151.941
S_PRIMEP        286.739
H               169.268
SIGMA_W         154.231
SIGMAP          173.485
FCP             127.505
PPHI            149.253
SIGMA_WI        137.434
SIGMA_PI        161.985
ZETA            122.790
IOTA_PI         122.261
RHO_I           147.242
IOTA_Y          213.600
IOTA_DY         133.974
VARKAPPA        301.367
picbar          113.964
ctrend          141.862


Geweke (1992) Convergence Tests, based on means of draws 150000 to 220000 vs 325000 to 500000.
p-values are for Chi2-test for equality of means.
Parameter         Post. Mean        Post. Std   p-val No Taper   p-val 4% Taper   p-val 8% Taper  p-val 15% Taper
SE_ea                  0.378            0.033            0.000            0.562            0.512            0.484
SE_e_kq                0.274            0.050            0.000            0.300            0.325            0.297
SE_eg                  2.192            0.170            0.258            0.922            0.920            0.914
SE_eqs                 0.759            0.252            0.000            0.815            0.828            0.819
SE_em                  0.119            0.010            0.000            0.199            0.247            0.245
SE_epinf               0.074            0.013            0.000            0.223            0.170            0.090
SE_ew                  0.292            0.033            0.000            0.546            0.524            0.407
RHO_A                  0.951            0.021            0.000            0.158            0.176            0.172
RHO_EFP                0.907            0.027            0.000            0.592            0.608            0.564
RHO_G                  0.966            0.017            0.000            0.744            0.734            0.707
RHO_X                  0.973            0.019            0.000            0.189            0.180            0.169
RHO_MS                 0.367            0.077            0.000            0.774            0.777            0.776
RHO_P                  0.994            0.004            0.000            0.539            0.546            0.537
RHO_W                  0.189            0.075            0.000            0.335            0.374            0.380
S_PRIMEP               5.231            1.116            0.000            0.371            0.383            0.352
H                      0.619            0.056            0.239            0.934            0.930            0.926
SIGMA_W                0.834            0.025            0.000            0.391            0.425            0.443
SIGMAP                 0.775            0.026            0.000            0.364            0.300            0.192
FCP                    1.357            0.081            0.000            0.302            0.282            0.221
PPHI                   2.176            0.437            0.063            0.883            0.883            0.882
SIGMA_WI               0.311            0.115            0.225            0.927            0.934            0.933
SIGMA_PI               0.138            0.057            0.000            0.028            0.021            0.013
ZETA                   0.870            0.044            0.000            0.664            0.671            0.665
IOTA_PI                1.628            0.140            0.000            0.528            0.511            0.464
RHO_I                  0.792            0.027            0.002            0.825            0.827            0.824
IOTA_Y                 0.055            0.013            0.000            0.752            0.759            0.753
IOTA_DY                0.159            0.026            0.000            0.701            0.703            0.700
VARKAPPA               0.106            0.014            0.000            0.812            0.815            0.811
picbar                 0.640            0.091            0.000            0.535            0.533            0.531
ctrend                 0.579            0.058            0.000            0.456            0.484            0.501


Estimation::marginal density: I'm computing the posterior mean and covariance...  Done!
Estimation::marginal density: I'm computing the posterior log marginal density (modified harmonic mean)... Done!


ESTIMATION RESULTS

Log data density is -488.893585.

parameters
           prior mean   post. mean        90% HPD interval    prior       pstdev

RHO_A           0.500       0.9514      0.9210      0.9842   beta        0.2000
RHO_EFP         0.500       0.9081      0.8649      0.9515   beta        0.2000
RHO_G           0.500       0.9657      0.9410      0.9915   beta        0.2000
RHO_X           0.500       0.9731      0.9475      0.9971   beta        0.2000
RHO_MS          0.500       0.3671      0.2409      0.4972   beta        0.2000
RHO_P           0.500       0.9941      0.9890      0.9994   beta        0.2000
RHO_W           0.500       0.1900      0.0644      0.3131   beta        0.2000
S_PRIMEP        4.000       5.1752      3.3102      7.0344   norm        1.5000
H               0.700       0.6205      0.5286      0.7140   beta        0.1000
SIGMA_W         0.750       0.8336      0.7913      0.8749   beta        0.0500
SIGMAP          0.750       0.7757      0.7322      0.8187   beta        0.0500
FCP             1.450       1.3567      1.2266      1.4932   norm        0.1250
PPHI            0.330       2.1820      1.4605      2.9029   gamm        0.2500
SIGMA_WI        0.500       0.3117      0.1244      0.4965   beta        0.1500
SIGMA_PI        0.500       0.1377      0.0472      0.2236   beta        0.1500
ZETA            0.250       0.8695      0.8003      0.9434   beta        0.1500
IOTA_PI         1.700       1.6281      1.3962      1.8584   norm        0.1500
RHO_I           0.750       0.7927      0.7509      0.8378   beta        0.1000
IOTA_Y          0.125       0.0551      0.0335      0.0767   gamm        0.0500
IOTA_DY         0.063       0.1588      0.1161      0.2001   norm        0.0500
VARKAPPA        0.155       0.1048      0.0804      0.1291   unif        0.0837
picbar          0.625       0.6375      0.4862      0.7823   gamm        0.1000
ctrend          0.400       0.5801      0.4859      0.6747   norm        0.1000

standard deviation of shocks
           prior mean   post. mean        90% HPD interval    prior       pstdev

ea              0.100       0.3775      0.3230      0.4298   invg        2.0000
e_kq            0.100       0.2741      0.1944      0.3544   invg        2.0000
eg              0.100       2.1924      1.9169      2.4644   invg        2.0000
eqs             0.100       0.7787      0.3791      1.1910   invg        2.0000
em              0.100       0.1195      0.1034      0.1350   invg        2.0000
epinf           0.100       0.0736      0.0525      0.0945   invg        2.0000
ew              0.100       0.2918      0.2370      0.3445   invg        2.0000
Estimation::mcmc: Smoothed variables
Estimation::mcmc: Smoothed variables, done!
Estimation::mcmc: Smoothed shocks
Estimation::mcmc: Smoothed shocks, done!
Estimation::mcmc: Trend_coefficients
Estimation::mcmc: Trend_coefficients, done!
Estimation::mcmc: Smoothed constant
Estimation::mcmc: Smoothed constant, done!
Estimation::mcmc: Smoothed trend
Estimation::mcmc: Smoothed trend, done!
Estimation::mcmc: Updated Variables
Estimation::mcmc: Updated Variables, done!
Estimation::mcmc: Forecasted variables (mean)
Estimation::mcmc: Forecasted variables (mean), done!
Estimation::mcmc: Forecasted variables (point)
Estimation::mcmc: Forecasted variables (point), done!
Total computing time : 2h16m42s
