Starting Dynare (version 4.5.7).
Starting preprocessing of the model file ...
Substitution of exo lags: added 2 auxiliary variables and equations.
Found 49 equation(s).
Evaluating expressions...done
Computing static model derivatives:
 - order 1
Computing dynamic model derivatives:
 - order 1
 - order 2
Processing outputs ...
done
Preprocessing completed.
_forecast_ew2020Q2_2</a> (<a href="matlab: opentoline('C:\Users\dev\Documents\GitHub\MMB_forecast_application\gen_forecast_ew2020Q2_2.m',219,0)">line 219</a>)] 

RESULTS FROM POSTERIOR ESTIMATION
parameters
         prior mean     mode    s.d. prior pstdev

psi1         1.500   1.1442     NaN norm  0.2500 
rho_r        0.750   0.7016     NaN beta  0.1000 
psi2         0.120   0.0013     NaN norm  0.0500 
psi3         0.120   0.1629     NaN norm  0.0500 
zeta_p       0.500   0.6793     NaN beta  0.1000 
zeta_w       0.500   0.7012     NaN beta  0.1000 
iota_w       0.500   0.2319     NaN beta  0.1500 
iota_p       0.500   0.3497     NaN beta  0.1500 
zeta_spb     0.050   0.0563     NaN beta  0.0050 
sprd_aux     2.000   1.6511     NaN gamm  0.1000 
alp          0.300   0.1521     NaN norm  0.0500 
Bigphi       1.250   1.4270     NaN norm  0.1200 
h            0.700   0.6754     NaN beta  0.1000 
nu_l         2.000   3.0518     NaN norm  0.7500 
rstar_aux    0.250   0.1595     NaN gamm  0.1000 
pistar_aux   0.750   0.6511     NaN gamm  0.4000 
zstar_aux    0.400   0.6965     NaN norm  0.1000 
s2           4.000   1.8645     NaN norm  1.5000 
sigmac       1.500   0.5815     NaN norm  0.3700 
ppsi         0.500   0.4203     NaN beta  0.1500 
Lmean      -45.000 -45.5367     NaN norm  5.0000 
rho_z        0.500   0.9902     NaN beta  0.2000 
rho_b        0.500   0.9742     NaN beta  0.2000 
rho_g        0.500   0.9088     NaN beta  0.2000 
rho_mu       0.500   0.9867     NaN beta  0.2000 
rho_rm       0.500   0.1789     NaN beta  0.2000 
rho_laf      0.500   0.9986     NaN beta  0.2000 
rho_law      0.500   0.9695     NaN beta  0.2000 
eta_laf      0.500   0.7805     NaN beta  0.2000 
eta_law      0.500   0.8451     NaN beta  0.2000 
eta_gz       0.500   0.6900     NaN beta  0.2000 
rho_sigw     0.750   0.9956     NaN beta  0.1500 

standard deviation of shocks
         prior mean     mode    s.d. prior pstdev

z_sh         0.100   0.5112     NaN invg  2.0000 
g_sh         0.100   2.5738     NaN invg  2.0000 
b_sh         0.100   0.0216     NaN invg  2.0000 
mu_sh        0.100   0.6687     NaN invg  2.0000 
laf_sh       0.100   0.1307     NaN invg  2.0000 
law_sh       0.100   0.3786     NaN invg  2.0000 
sigw_sh      0.050   0.0635     NaN invg  4.0000 
rm_sh        0.100   0.2502     NaN invg  2.0000 


Log data density [Laplace approximation] is NaN.


Configuring Dynare ...
[mex] Generalized QZ.
[mex] Sylvester equation solution.
[mex] Kronecker products.
[mex] Sparse kronecker products.
[mex] Local state space iteration (second order).
[mex] Bytecode evaluation.
[mex] k-order perturbation solver.
[mex] k-order solution simulation.
[mex] Quasi Monte-Carlo sequence (Sobol).
[mex] Markov Switching SBVAR.

Using 64-bit preprocessor
Starting Dynare (version 4.5.7).
Starting preprocessing of the model file ...
Substitution of exo lags: added 2 auxiliary variables and equations.
Found 49 equation(s).
Evaluating expressions...done
Computing static model derivatives:
 - order 1
Computing dynamic model derivatives:
 - order 1
 - order 2
Processing outputs ...
done
Preprocessing completed.

[Warning: Some of the parameters have no value (bet, pistar, sprd, Fom, zstar, rstar, Rstarn, rkstar, omegastar, Lstar, kstar, kbarstar, istar, ystar, cstar, wl_c, zwstar, sigwstar,
omegabarstar, Gstar, Gammastar, dGdomegastar, d2Gdomega2star, dGammadomegastar, d2Gammadomega2star, dGdsigmastar, d2Gdomegadsigmastar, dGammadsigmastar, d2Gammadomegadsigmastar,
muestar, nkstar, Rhostar, wekstar, vkstar, nstar, vstar, GammamuG, GammamuGprime, zeta_bw, zeta_zw, zeta_bw_zw, zeta_bsigw, zeta_zsigw, zeta_spsigw, zeta_bmue, zeta_zmue,
zeta_spmue, Rkstar, zeta_Gw, zeta_Gsigw, zeta_nRk, zeta_nR, zeta_nqk, zeta_nn, zeta_nmue, zeta_nsigw) when using steady. If these parameters are not initialized in a steadystate
file or a steady_state_model-block, Dynare may not be able to solve the model...] 

STEADY-STATE RESULTS:

y_t              		 0
c_t              		 0
i_t              		 0
k_t              		 0
kbar_t           		 0
L_t              		 0
mc_t             		 0
pi_t             		 0
R_t              		 0
rk_t             		 0
u_t              		 0
w_t              		 0
muw_t            		 0
qk_t             		 0
Rktil_t          		 0
n_t              		 0
z_t              		 0
ztil_t           		 0
b_t              		 0
g_t              		 0
laf_t            		 0
law_t            		 0
sigw_t           		 0
mu_t             		 0
rm_t             		 0
gdp_rgd_obs      		 0.675032
hours_dngs15_obs 		 0.467095
wage_rgd_obs     		 0.675032
gdpdef_obs       		 0.636515
ffr_obs          		 1.24246
c_rgd_obs        		 0.675032
ifi_rgd_obs      		 0.675032
baag10_obs       		 0.449254
y_ft             		 0
c_ft             		 0
i_ft             		 0
k_ft             		 0
kbar_ft          		 0
L_ft             		 0
r_ft             		 0
rk_ft            		 0
u_ft             		 0
w_ft             		 0
qk_ft            		 0
outputgap_t      		 0
r_ft_obs         		 2.42378
r_ann_t          		 2.42378

EIGENVALUES:
         Modulus             Real        Imaginary

       8.974e-18       -8.974e-18                0
       2.728e-17       -2.728e-17                0
       3.683e-17       -3.683e-17                0
       1.093e-16       -1.093e-16                0
       1.576e-16        1.576e-16                0
          0.2185           0.2185                0
          0.2654           0.2654                0
          0.3293           0.3293                0
          0.3298           0.3298                0
          0.3639           0.3639                0
          0.6151           0.6151                0
          0.7042           0.7042                0
          0.8408           0.8408                0
          0.9034           0.9002          0.07578
          0.9034           0.9002         -0.07578
          0.9077           0.9063          0.04968
          0.9077           0.9063         -0.04968
          0.9279           0.9279                0
          0.9326           0.9326                0
          0.9583           0.9583                0
          0.9729           0.9729                0
          0.9738           0.9738                0
          0.9788           0.9788                0
           1.053            1.053                0
           1.108            1.106          0.07199
           1.108            1.106         -0.07199
           1.135            1.125           0.1509
           1.135            1.125          -0.1509
           1.253            1.225           0.2632
           1.253            1.225          -0.2632
       8.717e+16       -8.717e+16                0
       2.359e+18       -2.359e+18                0
       3.913e+18        3.913e+18                0
       9.308e+18        9.308e+18                0
             Inf             -Inf                0


There are 12 eigenvalue(s) larger than 1 in modulus 
for 12 forward-looking variable(s)

The rank condition is verified.

Initial value of the log posterior (or likelihood): -2448994.336

==========================================================
   Change in the posterior covariance matrix = 24.9717.
   Change in the posterior mean = 5.0096.
   Mode improvement = 2446916.1181
   New value of jscale = 0.0017794
==========================================================

==========================================================
   Change in the posterior covariance matrix = 0.18537.
   Change in the posterior mean = 5.2536.
   Mode improvement = 49.3164
   New value of jscale = 0.12493
==========================================================

==========================================================
   Change in the posterior covariance matrix = 0.20218.
   Change in the posterior mean = 2.3006.
   Mode improvement = 373.3156
   New value of jscale = 0.075179
==========================================================

Optimal value of the scale parameter = 0.075179


Final value of minus the log posterior (or likelihood):1655.585955 

MODE CHECK

Fval obtained by the minimization routine (minus the posterior/likelihood)): 1655.585955

RESULTS FROM POSTERIOR ESTIMATION
parameters
         prior mean     mode    s.d. prior pstdev

psi1         1.500   1.3250  0.0220 norm  0.2500 
rho_r        0.750   0.4719  0.0215 beta  0.1000 
psi2         0.120   0.0310  0.0052 norm  0.0500 
psi3         0.120   0.0765  0.0102 norm  0.0500 
zeta_p       0.500   0.6602  0.0103 beta  0.1000 
zeta_w       0.500   0.5387  0.0122 beta  0.1000 
iota_w       0.500   0.6907  0.0165 beta  0.1500 
iota_p       0.500   0.0372  0.0354 beta  0.1500 
zeta_spb     0.050   0.0465  0.0006 beta  0.0050 
sprd_aux     2.000   1.6903  0.0103 gamm  0.1000 
alp          0.300   0.2815  0.0031 norm  0.0500 
Bigphi       1.250   1.0949  0.0099 norm  0.1200 
h            0.700   0.3315  0.0190 beta  0.1000 
nu_l         2.000   3.6225  0.0498 norm  0.7500 
rstar_aux    0.250   0.0179  0.0056 gamm  0.1000 
pistar_aux   0.750   0.0648  0.0466 gamm  0.4000 
zstar_aux    0.400   0.8797  0.0196 norm  0.1000 
s2           4.000   6.0854  0.1120 norm  1.5000 
sigmac       1.500   1.7955  0.0313 norm  0.3700 
ppsi         0.500   0.0927  0.0074 beta  0.1500 
Lmean      -45.000 -48.2294  0.3959 norm  5.0000 
rho_z        0.500   0.5514  0.0023 beta  0.2000 
rho_b        0.500   0.9990  0.0350 beta  0.2000 
rho_g        0.500   0.9992  0.0056 beta  0.2000 
rho_mu       0.500   0.5018  0.0014 beta  0.2000 
rho_rm       0.500   0.5377  0.0157 beta  0.2000 
rho_laf      0.500   0.9997  0.0026 beta  0.2000 
rho_law      0.500   0.9555  0.0168 beta  0.2000 
eta_laf      0.500   0.1989  0.0186 beta  0.2000 
eta_law      0.500   0.5889  0.0172 beta  0.2000 
eta_gz       0.500   0.0105  0.0255 beta  0.2000 
rho_sigw     0.750   0.7296  0.0006 beta  0.1500 

standard deviation of shocks
         prior mean     mode    s.d. prior pstdev

z_sh         0.100   1.1963  0.0641 invg  2.0000 
g_sh         0.100   4.7447  0.3758 invg  2.0000 
b_sh         0.100   0.0201  0.0110 invg  2.0000 
mu_sh        0.100   0.7978  0.0632 invg  2.0000 
laf_sh       0.100   0.1338  0.0212 invg  2.0000 
law_sh       0.100   0.4298  0.1183 invg  2.0000 
sigw_sh      0.050   0.1293  0.0637 invg  4.0000 
rm_sh        0.100   0.2578  0.0192 invg  2.0000 


Log data density [Laplace approximation] is -1860.143937.

Estimation::mcmc: One Chain mode.
Estimation::mcmc: Initialization at the posterior mode.

Estimation::mcmc: Write details about the MCMC... Ok!
Estimation::mcmc: Details about the MCMC are available in DNGS15/metropolis\DNGS15_mh_history_0.mat


Estimation::mcmc: Number of mh files: 2 per block.
Estimation::mcmc: Total number of generated files: 2.
Estimation::mcmc: Total number of iterations: 500000.
Estimation::mcmc: Current acceptance ratio per chain: 
                                                       Chain  1: 14.8758%
Estimation::mcmc: Total number of MH draws per chain: 500000.
Estimation::mcmc: Total number of generated MH files: 2.
Estimation::mcmc: I'll use mh-files 1 to 2.
Estimation::mcmc: In MH-file number 1 I'll start at line 200001.
Estimation::mcmc: Finally I keep 300000 draws per chain.



MCMC Inefficiency factors per block
Parameter        Block 1
SE_z_sh          734.449
SE_g_sh          712.897
SE_b_sh          417.702
SE_mu_sh         688.469
SE_laf_sh        607.462
SE_law_sh        597.385
SE_sigw_sh       485.068
SE_rm_sh         661.182
psi1             735.026
rho_r            746.418
psi2             682.267
psi3             743.434
zeta_p           741.627
zeta_w           718.400
iota_w           738.733
iota_p           732.939
zeta_spb         736.102
sprd_aux         743.982
alp              719.214
Bigphi           740.387
h                745.688
nu_l             744.339
rstar_aux        744.408
pistar_aux       728.406
zstar_aux        723.928
s2               745.231
sigmac           737.347
ppsi             731.894
Lmean            746.632
rho_z            741.783
rho_b             60.555
rho_g            137.814
rho_mu           740.892
rho_rm           744.581
rho_laf          286.308
rho_law          729.946
eta_laf          730.430
eta_law          731.287
eta_gz           728.946
rho_sigw         748.477


Geweke (1992) Convergence Tests, based on means of draws 200000 to 260000 vs 350000 to 500000.
p-values are for Chi2-test for equality of means.
Parameter          Post. Mean        Post. Std   p-val No Taper   p-val 4% Taper   p-val 8% Taper  p-val 15% Taper
SE_z_sh                 1.079            0.070            0.000            0.000            0.000            0.001
SE_g_sh                 3.733            0.398            0.000            0.001            0.012            0.045
SE_b_sh                 0.020            0.001            0.000            0.507            0.593            0.652
SE_mu_sh                0.787            0.046            0.000            0.257            0.380            0.456
SE_laf_sh               0.121            0.009            0.000            0.000            0.001            0.002
SE_law_sh               0.420            0.022            0.000            0.056            0.111            0.153
SE_sigw_sh              0.132            0.007            0.000            0.000            0.000            0.000
SE_rm_sh                0.250            0.012            0.000            0.485            0.545            0.552
psi1                    1.354            0.024            0.000            0.000            0.000            0.000
rho_r                   0.556            0.037            0.000            0.000            0.000            0.000
psi2                    0.029            0.002            0.000            0.443            0.510            0.505
psi3                    0.074            0.008            0.000            0.000            0.004            0.024
zeta_p                  0.639            0.011            0.000            0.004            0.031            0.086
zeta_w                  0.543            0.011            0.000            0.038            0.120            0.209
iota_w                  0.678            0.022            0.000            0.458            0.587            0.674
iota_p                  0.091            0.021            0.000            0.641            0.722            0.771
zeta_spb                0.046            0.001            0.000            0.001            0.014            0.054
sprd_aux                1.731            0.021            0.000            0.000            0.000            0.000
alp                     0.286            0.004            0.000            0.498            0.600            0.665
Bigphi                  1.160            0.029            0.000            0.000            0.000            0.000
h                       0.344            0.014            0.000            0.004            0.034            0.099
nu_l                    3.703            0.098            0.000            0.000            0.000            0.000
rstar_aux               0.035            0.018            0.000            0.000            0.000            0.000
pistar_aux              0.252            0.093            0.000            0.000            0.000            0.000
zstar_aux               0.898            0.010            0.000            0.003            0.017            0.037
s2                      5.742            0.174            0.000            0.040            0.135            0.251
sigmac                  1.781            0.030            0.000            0.000            0.000            0.000
ppsi                    0.104            0.009            0.000            0.000            0.000            0.000
Lmean                 -49.115            0.804            0.000            0.000            0.001            0.015
rho_z                   0.564            0.006            0.000            0.018            0.076            0.147
rho_b                   0.999            0.001            0.000            0.000            0.000            0.001
rho_g                   1.000            0.000            0.000            0.007            0.027            0.048
rho_mu                  0.502            0.003            0.000            0.000            0.000            0.000
rho_rm                  0.473            0.037            0.000            0.000            0.000            0.000
rho_laf                 0.999            0.000            0.671            0.982            0.983            0.982
rho_law                 0.960            0.008            0.000            0.000            0.000            0.000
eta_laf                 0.201            0.019            0.000            0.000            0.005            0.029
eta_law                 0.572            0.013            0.000            0.514            0.605            0.653
eta_gz                  0.031            0.017            0.000            0.000            0.000            0.000
rho_sigw                0.722            0.004            0.000            0.000            0.000            0.000


Estimation::marginal density: I'm computing the posterior mean and covariance...  Done!
Estimation::marginal density: I'm computing the posterior log marginal density (modified harmonic mean)... Done!


ESTIMATION RESULTS

Log data density is -1757.265675.

parameters
             prior mean   post. mean        90% HPD interval    prior       pstdev

psi1              1.500       1.3621      1.3276      1.4010   norm        0.2500
rho_r             0.750       0.5796      0.5443      0.6134   beta        0.1000
psi2              0.120       0.0283      0.0250      0.0317   norm        0.0500
psi3              0.120       0.0752      0.0617      0.0897   norm        0.0500
zeta_p            0.500       0.6333      0.6220      0.6487   beta        0.1000
zeta_w            0.500       0.5480      0.5341      0.5665   beta        0.1000
iota_w            0.500       0.6835      0.6589      0.7206   beta        0.1500
iota_p            0.500       0.1015      0.0795      0.1207   beta        0.1500
zeta_spb          0.050       0.0455      0.0445      0.0466   beta        0.0050
sprd_aux          2.000       1.7435      1.7197      1.7725   gamm        0.1000
alp               0.300       0.2874      0.2815      0.2930   norm        0.0500
Bigphi            1.250       1.1803      1.1646      1.2033   norm        0.1200
h                 0.700       0.3466      0.3183      0.3711   beta        0.1000
nu_l              2.000       3.6671      3.5548      3.8017   norm        0.7500
rstar_aux         0.250       0.0449      0.0272      0.0734   gamm        0.1000
pistar_aux        0.750       0.3138      0.2259      0.3974   gamm        0.4000
zstar_aux         0.400       0.9039      0.8934      0.9150   norm        0.1000
s2                4.000       5.6947      5.3562      5.9754   norm        1.5000
sigmac            1.500       1.7915      1.7528      1.8441   norm        0.3700
ppsi              0.500       0.1089      0.0983      0.1260   beta        0.1500
Lmean           -45.000     -49.2125    -51.0283    -48.0867   norm        5.0000
rho_z             0.500       0.5676      0.5582      0.5743   beta        0.2000
rho_b             0.500       0.9987      0.9977      0.9998   beta        0.2000
rho_g             0.500       0.9996      0.9993      0.9999   beta        0.2000
rho_mu            0.500       0.5018      0.4964      0.5058   beta        0.2000
rho_rm            0.500       0.4484      0.4074      0.4887   beta        0.2000
rho_laf           0.500       0.9995      0.9990      0.9999   beta        0.2000
rho_law           0.500       0.9625      0.9507      0.9751   beta        0.2000
eta_laf           0.500       0.2070      0.1736      0.2362   beta        0.2000
eta_law           0.500       0.5689      0.5469      0.5883   beta        0.2000
eta_gz            0.500       0.0389      0.0129      0.0658   beta        0.2000
rho_sigw          0.750       0.7194      0.7130      0.7247   beta        0.1500

standard deviation of shocks
             prior mean   post. mean        90% HPD interval    prior       pstdev

z_sh              0.100       1.0555      0.9474      1.1570   invg        2.0000
g_sh              0.100       3.4813      3.3077      3.6651   invg        2.0000
b_sh              0.100       0.0191      0.0170      0.0211   invg        2.0000
mu_sh             0.100       0.7795      0.7073      0.8603   invg        2.0000
laf_sh            0.100       0.1171      0.1065      0.1284   invg        2.0000
law_sh            0.100       0.4152      0.3840      0.4496   invg        2.0000
sigw_sh           0.050       0.1332      0.1213      0.1459   invg        4.0000
rm_sh             0.100       0.2485      0.2293      0.2662   invg        2.0000
Estimation::mcmc: Posterior (dsge) IRFs...
Estimation::mcmc: Posterior IRFs, done!
Estimation::mcmc: Smoothed variables
Estimation::mcmc: Smoothed variables, done!
Estimation::mcmc: Smoothed shocks
Estimation::mcmc: Smoothed shocks, done!
Estimation::mcmc: Trend_coefficients
Estimation::mcmc: Trend_coefficients, done!
Estimation::mcmc: Smoothed constant
Estimation::mcmc: Smoothed constant, done!
Estimation::mcmc: Smoothed trend
Estimation::mcmc: Smoothed trend, done!
Estimation::mcmc: Updated Variables
Estimation::mcmc: Updated Variables, done!
Estimation::mcmc: Forecasted variables (mean)
Estimation::mcmc: Forecasted variables (mean), done!
Estimation::mcmc: Forecasted variables (point)
Estimation::mcmc: Forecasted variables (point), done!
Total computing time : 5h31m08s
Note: warning(s) encountered in MATLAB/Octave code
