Starting Dynare (version 4.5.7).
Starting preprocessing of the model file ...
Substitution of endo leads >= 2: added 78 auxiliary variables and equations.
Substitution of endo lags >= 2: added 215 auxiliary variables and equations.
Found 349 equation(s).
Evaluating expressions...done
Computing static model derivatives:
 - order 1
Computing dynamic model derivatives:
 - order 1
Processing outputs ...
Warning: A .m file created by Dynare will have more than 32 nested parenthesis. Matlab cannot support this. 
         We are going to modify, albeit inefficiently, this output to have fewer than 32 nested parenthesis. 
         It would hence behoove you to use the use_dll option of the model block to circumnavigate this problem.
         If you have not yet set up a compiler on your system, see the Matlab documentation for doing so.
         For Windows, see: https://www.mathworks.com/help/matlab/matlab_external/install-mingw-support-package.html

done
Preprocessing completed.

STEADY-STATE RESULTS:

c                      		 1.57075
cnds_rim_obs           		 0.557593
credit_rgd_obs         		 0.909733
epsil                  		 1
Fp                     		 7.02868
Fw                     		 2.37527
g                      		 0.608271
gamma                  		 0.985
gdp_rgd_obs            		 0.489775
h                      		 1.01373
hours_cmr14_obs        		 -771.593
i                      		 0.798323
gdpdef_obs             		 0.458081
igid_rim_obs           		 0.953723
kbar                   		 24.1271
lambdaf                		 1.2
lambdaz                		 0.610222
muup                   		 1
muzstar                		 1.00412
n                      		 11.9712
networth_rgd_cmr14_obs 		 1
omegabar               		 0.500971
phi                    		 0.598353
pi                     		 1.00601
igiddef_rgd_obs        		 -0.428793
pitarget               		 1.00601
baag10_obs             		 0.617511
pstar                  		 1
q                      		 1
Re                     		 0.0114707
ffr_obs                		 0.605654
RealRe_obs             		 1
rL                     		 1.00543
rk                     		 0.050015
Rk                     		 0.0188063
RL                     		 0.0114707
s                      		 0.833333
sigma                  		 0.259199
xi0                    		 1
xi1                    		 1
xi2                    		 1
xi3                    		 1
xi4                    		 1
xi5                    		 1
xi6                    		 1
xi7                    		 1
xi8                    		 1
g10ffr_obs             		 0.361386
term                   		 1
volEquity              		 0.536401
u                      		 1
wage_rgd_obs           		 0.352074
wtilde                 		 1.77074
wstar                  		 1
zetac                  		 1
zetai                  		 1

EIGENVALUES:
         Modulus             Real        Imaginary

               0                0                0
               0                0                0
       4.265e-38        4.265e-38                0
       5.111e-38        5.111e-38                0
       7.477e-38        7.477e-38                0
       2.129e-37       -2.129e-37                0
       3.873e-37       -3.873e-37                0
        9.24e-26         9.24e-26                0
       6.424e-24       -6.424e-24                0
       2.105e-23       -2.105e-23                0
       4.237e-23        4.237e-23                0
       4.955e-23        4.955e-23                0
       1.157e-22        1.157e-22                0
       1.298e-22       -1.298e-22                0
        1.74e-22         1.74e-22                0
       1.763e-22       -1.763e-22                0
       2.208e-22        2.208e-22                0
       2.617e-22        2.617e-22                0
       3.315e-22        3.315e-22                0
       3.324e-22        3.324e-22                0
       3.611e-22       -3.611e-22                0
       3.723e-22       -3.723e-22                0
       4.462e-22       -4.462e-22                0
       4.736e-22       -4.736e-22                0
       4.837e-22       -4.837e-22                0
        4.85e-22         4.85e-22                0
       5.148e-22       -5.148e-22                0
        5.29e-22         5.29e-22                0
       5.407e-22       -5.407e-22                0
       5.418e-22        5.418e-22                0
       5.682e-22        5.682e-22                0
       5.914e-22       -5.914e-22                0
       5.949e-22       -5.949e-22                0
       6.332e-22        6.332e-22                0
       7.114e-22       -7.114e-22                0
       7.256e-22        7.256e-22                0
       7.444e-22       -7.444e-22                0
       7.519e-22       -7.519e-22                0
       8.766e-22        8.766e-22                0
       8.959e-22        8.959e-22                0
       9.066e-22        9.066e-22                0
       9.821e-22        9.821e-22                0
       1.014e-21        1.014e-21                0
       1.046e-21       -1.046e-21                0
       1.065e-21       -1.065e-21                0
       1.071e-21       -1.071e-21                0
       1.141e-21       -1.141e-21                0
       1.142e-21       -1.142e-21                0
       1.158e-21        1.158e-21                0
        1.18e-21         1.18e-21                0
       1.196e-21        1.196e-21                0
       1.255e-21       -1.255e-21                0
       1.365e-21        1.365e-21                0
       1.377e-21       -1.377e-21                0
       1.404e-21        1.404e-21                0
       1.483e-21       -1.483e-21                0
       1.501e-21        1.501e-21                0
       1.573e-21        1.573e-21                0
       1.601e-21       -1.601e-21                0
       1.746e-21       -1.746e-21                0
       1.881e-21        1.881e-21                0
       1.887e-21       -1.887e-21                0
       2.284e-21       -2.284e-21                0
       2.355e-21       -2.355e-21                0
       2.366e-21       -2.366e-21                0
        2.42e-21        -2.42e-21                0
       2.422e-21        2.422e-21                0
       2.432e-21        2.432e-21                0
       2.463e-21        2.463e-21                0
       2.893e-21       -2.893e-21                0
        2.93e-21         2.93e-21                0
       3.325e-21       -3.325e-21                0
       3.779e-21        3.779e-21                0
       3.806e-21        3.806e-21                0
       4.083e-21        4.083e-21                0
       4.498e-21        4.498e-21                0
       4.513e-21       -4.513e-21                0
       5.086e-21       -5.086e-21                0
         5.1e-21          5.1e-21                0
       6.175e-21       -6.175e-21                0
       6.215e-21       -6.215e-21                0
        6.37e-21         6.37e-21                0
       7.513e-21        7.513e-21                0
       8.151e-21        8.151e-21                0
       8.885e-21       -8.885e-21                0
       9.739e-21        9.739e-21                0
       1.118e-20        1.118e-20                0
       1.166e-20       -1.166e-20                0
        1.45e-20         1.45e-20                0
       1.983e-20        1.983e-20                0
       2.867e-20       -2.867e-20                0
        3.12e-20         3.12e-20                0
       3.215e-20        3.215e-20                0
       3.241e-20       -3.241e-20                0
        3.68e-20         3.68e-20                0
       3.716e-20       -3.716e-20                0
       4.058e-20        4.058e-20                0
       4.138e-20        4.138e-20                0
       4.265e-20       -4.265e-20                0
       4.297e-20       -4.297e-20                0
       4.609e-20        4.609e-20                0
       4.631e-20        4.631e-20                0
       4.741e-20       -4.741e-20                0
       5.135e-20       -5.135e-20                0
       5.176e-20        5.176e-20                0
       5.204e-20        5.204e-20                0
       5.342e-20        5.342e-20                0
       6.297e-20       -6.297e-20                0
       6.363e-20        6.363e-20                0
       6.457e-20       -6.457e-20                0
       7.697e-20       -7.697e-20                0
       8.374e-20        8.374e-20                0
       8.551e-20       -8.551e-20                0
       8.578e-20       -8.578e-20                0
       8.977e-20        8.977e-20                0
        9.18e-20         9.18e-20                0
       9.869e-20       -9.869e-20                0
       1.018e-19       -1.018e-19                0
       1.048e-19       -1.048e-19                0
       1.071e-19       -1.071e-19                0
         1.1e-19          1.1e-19                0
       1.114e-19        1.114e-19                0
       1.127e-19        1.127e-19                0
       1.134e-19        1.134e-19                0
       1.153e-19       -1.153e-19                0
       1.168e-19        1.168e-19                0
       1.185e-19        1.185e-19                0
       1.192e-19        1.192e-19                0
       1.193e-19        1.193e-19                0
       1.229e-19        1.229e-19                0
       1.256e-19        1.256e-19                0
       1.282e-19       -1.282e-19                0
       1.295e-19       -1.295e-19                0
        1.31e-19         1.31e-19                0
       1.325e-19        1.325e-19                0
       1.389e-19        1.389e-19                0
       1.402e-19       -1.402e-19                0
       1.424e-19        1.424e-19                0
       1.462e-19       -1.462e-19                0
       1.499e-19        1.499e-19                0
       1.628e-19       -1.628e-19                0
       1.651e-19       -1.651e-19                0
       1.685e-19        1.685e-19                0
       1.778e-19        1.778e-19                0
       1.784e-19       -1.784e-19                0
       1.795e-19       -1.795e-19                0
       1.799e-19       -1.799e-19                0
       1.856e-19        1.856e-19                0
       1.857e-19       -1.857e-19                0
       1.969e-19        1.969e-19                0
       2.005e-19       -2.005e-19                0
       2.016e-19       -2.016e-19                0
        2.04e-19         2.04e-19                0
       2.065e-19        2.065e-19                0
       2.193e-19       -2.193e-19                0
       2.207e-19       -2.207e-19                0
       2.234e-19        2.234e-19                0
       2.235e-19       -2.235e-19                0
       2.248e-19       -2.248e-19                0
       2.248e-19       -2.248e-19                0
       2.258e-19       -2.258e-19                0
       2.284e-19       -2.284e-19                0
       2.293e-19        2.293e-19                0
       2.339e-19        2.339e-19                0
       2.459e-19        2.459e-19                0
        2.56e-19        -2.56e-19                0
       2.598e-19        2.598e-19                0
       2.631e-19       -2.631e-19                0
       2.661e-19       -2.661e-19                0
       2.752e-19        2.752e-19                0
       2.791e-19        2.791e-19                0
       2.816e-19        2.816e-19                0
       2.905e-19        2.905e-19                0
       2.915e-19        2.915e-19                0
        2.92e-19        -2.92e-19                0
       3.031e-19        3.031e-19                0
       3.035e-19        3.035e-19                0
       3.122e-19        3.122e-19                0
        3.15e-19        -3.15e-19                0
        3.18e-19        -3.18e-19                0
       3.315e-19        3.315e-19                0
       3.337e-19       -3.337e-19                0
       3.707e-19       -3.707e-19                0
       4.344e-19       -4.344e-19                0
        4.38e-19        -4.38e-19                0
       4.623e-19        4.623e-19                0
       4.651e-19        4.651e-19                0
       4.855e-19        4.855e-19                0
       5.966e-19       -5.966e-19                0
       6.576e-19        6.576e-19                0
       7.142e-19        7.142e-19                0
       1.834e-18       -1.834e-18                0
       2.549e-18       -2.549e-18                0
       2.642e-18        2.642e-18                0
       2.661e-18       -2.661e-18                0
       3.412e-18        3.412e-18                0
        3.98e-18        -3.98e-18                0
       4.839e-18       -4.839e-18                0
       6.375e-18       -6.375e-18                0
       6.608e-18        6.608e-18                0
       6.744e-18       -6.744e-18                0
       6.791e-18       -6.791e-18                0
       7.029e-18        7.029e-18                0
       7.766e-18        7.766e-18                0
       8.063e-18       -8.063e-18                0
       9.005e-18       -9.005e-18                0
       9.296e-18       -9.296e-18                0
       9.684e-18        9.684e-18                0
       1.021e-17        1.021e-17                0
       1.039e-17        1.039e-17                0
       1.056e-17       -1.056e-17                0
       1.088e-17       -1.088e-17                0
       1.273e-17        1.273e-17                0
       1.386e-17        1.386e-17                0
       1.458e-17       -1.458e-17                0
       1.461e-17        1.461e-17                0
        1.51e-17        -1.51e-17                0
        1.53e-17         1.53e-17                0
       1.774e-17       -1.774e-17                0
       1.875e-17       -1.875e-17                0
       1.933e-17       -1.933e-17                0
        2.02e-17        -2.02e-17                0
       2.093e-17        2.093e-17                0
        3.17e-17         3.17e-17                0
       3.238e-17        3.238e-17                0
       3.438e-17        3.438e-17                0
       2.324e-14        2.324e-14                0
         0.09864          0.09864                0
          0.1459           0.1459                0
          0.7412           0.7412                0
          0.7453           0.7396           0.0916
          0.7453           0.7396          -0.0916
          0.8057           0.8057                0
          0.8089           0.8089                0
          0.8128           0.8128                0
          0.8968           0.8968                0
          0.9087           0.9087                0
          0.9109           0.9109                0
          0.9251           0.9245          0.03449
          0.9251           0.9245         -0.03449
          0.9427           0.9427                0
          0.9706           0.9706                0
          0.9744           0.9744                0
          0.9747           0.9747                0
           0.975            0.975                0
           0.987            0.987                0
           1.056            1.047           0.1404
           1.056            1.047          -0.1404
           1.083            1.082          0.04506
           1.083            1.082         -0.04506
           1.232            1.232                0
           1.255            1.255                0
           1.351            1.351                0
           1.358            1.358                0
       1.044e+17       -1.044e+17                0
        1.34e+17        -1.34e+17                0
       1.527e+17        1.527e+17                0
       1.585e+17        1.585e+17                0
       1.626e+17        1.626e+17                0
       1.659e+17        1.659e+17                0
        1.83e+17        -1.83e+17                0
       1.934e+17       -1.934e+17                0
       2.064e+17       -2.064e+17                0
       2.086e+17       -2.086e+17                0
       2.274e+17       -2.274e+17                0
       2.424e+17       -2.424e+17                0
        2.68e+17        -2.68e+17                0
       2.729e+17        2.729e+17                0
       2.839e+17        2.839e+17                0
       2.858e+17       -2.858e+17                0
       3.088e+17       -3.088e+17                0
       3.798e+17        3.798e+17                0
       3.837e+17        3.837e+17                0
       4.171e+17       -4.171e+17                0
       6.431e+17        6.431e+17                0
       6.695e+17       -6.695e+17                0
       6.981e+17       -6.981e+17                0
       9.629e+17        9.629e+17                0
       9.793e+17        9.793e+17                0
        1.05e+18         1.05e+18                0
       1.225e+18        1.225e+18                0
       1.239e+18        1.239e+18                0
       1.266e+18        1.266e+18                0
       1.392e+18        1.392e+18                0
       1.751e+18        1.751e+18                0
       1.867e+18       -1.867e+18                0
       1.887e+18       -1.887e+18                0
       1.949e+18       -1.949e+18                0
       2.164e+18        2.164e+18                0
       2.334e+18        2.334e+18                0
       2.634e+18        2.634e+18                0
       2.836e+18        2.836e+18                0
       2.848e+18       -2.848e+18                0
       2.854e+18        2.854e+18                0
       3.174e+18       -3.174e+18                0
       3.466e+18       -3.466e+18                0
       3.504e+18        3.504e+18                0
       3.647e+18        3.647e+18                0
       3.767e+18       -3.767e+18                0
       3.895e+18        3.895e+18                0
       3.935e+18        3.935e+18                0
       4.042e+18        4.042e+18                0
        4.51e+18         4.51e+18                0
       4.537e+18        4.537e+18                0
       4.644e+18       -4.644e+18                0
       4.754e+18        4.754e+18                0
       4.873e+18       -4.873e+18                0
       4.975e+18        4.975e+18                0
       5.021e+18        5.021e+18                0
        5.05e+18         5.05e+18                0
       5.226e+18        5.226e+18                0
         6.2e+18         -6.2e+18                0
       6.498e+18       -6.498e+18                0
       7.767e+18        7.767e+18                0
       9.218e+18       -9.218e+18                0
       9.911e+18        9.911e+18                0
       1.354e+19        1.354e+19                0
        1.39e+19        -1.39e+19                0
       1.422e+19       -1.422e+19                0
       1.889e+19       -1.889e+19                0
       2.072e+19        2.072e+19                0
       2.129e+19        2.129e+19                0
       2.371e+19       -2.371e+19                0
       2.748e+19       -2.748e+19                0
       3.251e+19        3.251e+19                0
       4.665e+19        4.665e+19                0
       4.948e+19       -4.948e+19                0
        6.04e+19         6.04e+19                0
       6.192e+19       -6.192e+19                0
       6.439e+19       -6.439e+19                0
       8.641e+19       -8.641e+19                0
       1.378e+20        1.378e+20                0
       2.606e+20       -2.606e+20                0
       3.774e+20        3.774e+20                0
       5.223e+21       -5.223e+21                0
       5.906e+21       -5.906e+21                0
       2.513e+47       -2.513e+47                0
             Inf             -Inf                0
             Inf             -Inf                0
             Inf              Inf                0


There are 94 eigenvalue(s) larger than 1 in modulus 
for 94 forward-looking variable(s)

The rank condition is verified.

The standard deviation of e_sigma is not estimated (the value provided in estimated_params_init is not used).

Initial value of the log posterior (or likelihood): -597.222
-----------------
f at the beginning of new iteration,       597.2219990217
Predicted improvement:    91788.341516500
lambda =          1; f =          600.1868309
lambda =    0.33333; f =          597.5487229
lambda =    0.11111; f =          597.2574414
lambda =   0.037037; f =          597.2256893
lambda =   0.012346; f =          597.2223607
lambda =  0.0041152; f =          597.2220277
lambda =  0.0013717; f =          597.2219997
lambda = 0.00045725; f =          579.1323725
lambda = 0.00015242; f =          574.5530359
lambda = 0.00029465; f =          564.9078948
Norm of dx     4.2846
----
Improvement on iteration 1 =       32.314104188
-----------------
f at the beginning of new iteration,       564.9078948338
Predicted improvement:   135244.126280872
lambda =          1; f =          566.4928243
lambda =    0.33333; f =          565.0794378
lambda =    0.11111; f =          564.9255352
lambda =   0.037037; f =          564.9094194
lambda =   0.012346; f =          564.9079555
lambda =  0.0041152; f =          890.4626935
lambda =  0.0013717; f =          626.8541957
lambda = 0.00045725; f =          542.5435262
lambda = 0.00015242; f =          541.2184485
Norm of dx     8.1795
----
Improvement on iteration 2 =       23.689446379
-----------------
f at the beginning of new iteration,       541.2184484549
Predicted improvement:     8192.455830576
lambda =          1; f =          541.9303893
lambda =    0.33333; f =          541.2938796
lambda =    0.11111; f =          541.2256991
lambda =   0.037037; f =          541.2189393
lambda =   0.012346; f =          541.2184525
lambda =  0.0041152; f =          531.8156223
lambda =  0.0013717; f =          523.7483121
lambda =  0.0026518; f =          517.9226203
Norm of dx     1.3723
----
Improvement on iteration 3 =       23.295828175
-----------------
f at the beginning of new iteration,       517.9226202803
Predicted improvement:     8569.547146558
lambda =          1; f =          519.1345704
lambda =    0.33333; f =          518.0527958
lambda =    0.11111; f =          517.9357639
lambda =   0.037037; f =          517.9236933
lambda =   0.012346; f =          517.9226527
lambda =  0.0041152; f =          588.6384389
lambda =  0.0013717; f =          505.8114072
Norm of dx     1.9414
----
Improvement on iteration 4 =       12.111213051
-----------------
f at the beginning of new iteration,       505.8114072293
Predicted improvement:     1442.044591676
lambda =          1; f =          505.8320552
lambda =    0.33333; f =          505.8130166
lambda =    0.11111; f =          505.8114474
lambda =   0.037037; f =          544.3588580
lambda =   0.012346; f =          485.6284853
Norm of dx     0.6256
----
Improvement on iteration 5 =       20.182921888
-----------------
f at the beginning of new iteration,       485.6284853412
Predicted improvement:     1153.512935380
lambda =          1; f =          485.7757977
lambda =    0.33333; f =          485.6438127
lambda =    0.11111; f =          485.6299429
lambda =   0.037037; f =          485.6285798
lambda =   0.012346; f =          485.6284854
lambda =  0.0041152; f =          497.1217818
lambda =  0.0013717; f =          483.8907487
Norm of dx    0.69034
----
Improvement on iteration 6 =        1.737736631
-----------------
f at the beginning of new iteration,       483.8907487098
Predicted improvement:      493.167452522
lambda =          1; f =          483.9434340
lambda =    0.33333; f =          483.8952556
lambda =    0.11111; f =          483.8909355
lambda =   0.037037; f =          483.8907539
lambda =   0.012346; f =          487.7329326
lambda =  0.0041152; f =          480.8128572
lambda =  0.0079555; f =          480.1049470
Norm of dx    0.42527
----
Improvement on iteration 7 =        3.785801711
-----------------
f at the beginning of new iteration,       480.1049469986
Predicted improvement:      598.136881997
lambda =          1; f =          480.2234977
lambda =    0.33333; f =          480.1159913
lambda =    0.11111; f =          480.1056129
lambda =   0.037037; f =         5335.4981775
lambda =   0.012346; f =          492.4107705
lambda =  0.0041152; f =          478.3472019
Norm of dx    0.61179
----
Improvement on iteration 8 =        1.757745146
-----------------
f at the beginning of new iteration,       478.3472018525
Predicted improvement:      157.207724372
lambda =          1; f =          478.3587237
lambda =    0.33333; f =          478.3476832
lambda =    0.11111; f =          478.3472214
lambda =   0.037037; f =          478.3472021
lambda =   0.012346; f =          477.4927888
lambda =  0.0041152; f =          477.3335474
lambda =  0.0079555; f =          476.9764664
Norm of dx    0.22576
----
Improvement on iteration 9 =        1.370735492
-----------------
f at the beginning of new iteration,       476.9764663601
Predicted improvement:      351.935251326
lambda =          1; f =          477.0504528
lambda =    0.33333; f =          476.9805922
lambda =    0.11111; f =        32216.7192287
lambda =   0.037037; f =          479.2895894
lambda =   0.012346; f =          470.8389636
lambda =   0.023866; f =          470.5133851
Norm of dx    0.55179
----
Improvement on iteration 10 =        6.463081296
-----------------
f at the beginning of new iteration,       470.5133850637
Predicted improvement:      115.462901284
lambda =          1; f =          470.5135532
lambda =    0.33333; f =          423.6795252
Norm of dx    0.20898
----
Improvement on iteration 11 =       46.833859885
-----------------
f at the beginning of new iteration,       423.6795251782
Predicted improvement:      186.535916315
lambda =          1; f =          423.6826557
lambda =    0.33333; f =          423.6795692
lambda =    0.11111; f =          407.7705654
Norm of dx    0.38827
----
Improvement on iteration 12 =       15.908959779
-----------------
f at the beginning of new iteration,       407.7705653996
Predicted improvement:      252.526645176
lambda =          1; f =          407.7705868
lambda =    0.33333; f =          407.7748028
lambda =    0.11111; f =          403.1137674
lambda =   0.037037; f =          394.9811149
Norm of dx    0.55824
----
Improvement on iteration 13 =       12.789450520
-----------------
f at the beginning of new iteration,       394.9811148797
Predicted improvement:      135.659073876
lambda =          1; f =          395.0138955
lambda =    0.33333; f =          394.9829861
lambda =    0.11111; f =          417.4312585
lambda =   0.037037; f =          392.5893938
lambda =   0.012346; f =          392.6452182
Norm of dx    0.34492
----
Improvement on iteration 14 =        2.391721044
-----------------
f at the beginning of new iteration,       392.5893938358
Predicted improvement:       24.940296511
lambda =          1; f =          392.5912164
lambda =    0.33333; f =          392.5894054
lambda =    0.11111; f =          388.1743450
lambda =     0.2148; f =          387.8085933
Norm of dx   0.082778
----
Improvement on iteration 15 =        4.780800490
-----------------
f at the beginning of new iteration,       387.8085933460
Predicted improvement:       27.607058504
lambda =          1; f =          372.5675218
lambda =    0.33333; f =          375.4818392
Norm of dx   0.069603
----
Improvement on iteration 16 =       15.241071516
-----------------
f at the beginning of new iteration,       372.5675218300
Predicted improvement:        4.901889128
lambda =          1; f =          365.0671866
lambda =     1.9332; f =          362.3706967
Norm of dx    0.03265
----
Improvement on iteration 17 =       10.196825146
-----------------
f at the beginning of new iteration,       362.3706966842
Predicted improvement:        7.391940103
lambda =          1; f =          358.4990743
lambda =    0.33333; f =          358.3700624
lambda =    0.64439; f =          356.7426142
Norm of dx   0.072864
----
Improvement on iteration 18 =        5.628082449
-----------------
f at the beginning of new iteration,       356.7426142353
Predicted improvement:        2.750029017
lambda =          1; f =          352.6982897
lambda =     1.9332; f =          351.9806901
Norm of dx   0.040713
----
Improvement on iteration 19 =        4.761924125
-----------------
f at the beginning of new iteration,       351.9806901105
Predicted improvement:        1.723142672
lambda =          1; f =          350.2752533
Norm of dx   0.016425
----
Improvement on iteration 20 =        1.705436810
-----------------
f at the beginning of new iteration,       350.2752533005
Predicted improvement:        1.153835001
lambda =          1; f =          348.7527408
Norm of dx    0.02996
----
Improvement on iteration 21 =        1.522512501
-----------------
f at the beginning of new iteration,       348.7527407995
Predicted improvement:        0.937762597
lambda =          1; f =          347.4936254
Norm of dx   0.032753
----
Improvement on iteration 22 =        1.259115378
-----------------
f at the beginning of new iteration,       347.4936254214
Predicted improvement:        0.706678763
lambda =          1; f =          346.6436794
Norm of dx   0.024875
----
Improvement on iteration 23 =        0.849946034
-----------------
f at the beginning of new iteration,       346.6436793876
Predicted improvement:        0.347229281
lambda =          1; f =          346.0852933
lambda =     1.9332; f =          345.8047516
Norm of dx     0.0171
----
Improvement on iteration 24 =        0.838927742
-----------------
f at the beginning of new iteration,       345.8047516451
Predicted improvement:        0.587845614
lambda =          1; f =          344.8994815
lambda =     1.9332; f =          344.6342202
Norm of dx   0.027997
----
Improvement on iteration 25 =        1.170531482
-----------------
f at the beginning of new iteration,       344.6342201631
Predicted improvement:        0.554858830
lambda =          1; f =          343.8773539
Norm of dx   0.016779
----
Improvement on iteration 26 =        0.756866265
-----------------
f at the beginning of new iteration,       343.8773538979
Predicted improvement:        0.481138996
lambda =          1; f =          343.1871763
lambda =     1.9332; f =          343.0507910
Norm of dx   0.024532
----
Improvement on iteration 27 =        0.826562905
-----------------
f at the beginning of new iteration,       343.0507909926
Predicted improvement:        0.401981160
lambda =          1; f =          342.4277084
lambda =     1.9332; f =          342.1662555
Norm of dx   0.011105
----
Improvement on iteration 28 =        0.884535522
-----------------
f at the beginning of new iteration,       342.1662554704
Predicted improvement:        0.687809076
lambda =          1; f =          341.2192887
Norm of dx   0.043724
----
Improvement on iteration 29 =        0.946966731
-----------------
f at the beginning of new iteration,       341.2192887393
Predicted improvement:        0.675551569
lambda =          1; f =          340.3310600
Norm of dx   0.069299
----
Improvement on iteration 30 =        0.888228722
-----------------
f at the beginning of new iteration,       340.3310600176
Predicted improvement:        0.651251252
lambda =          1; f =          339.4833344
Norm of dx   0.085195
----
Improvement on iteration 31 =        0.847725637
-----------------
f at the beginning of new iteration,       339.4833343808
Predicted improvement:        0.650175438
lambda =          1; f =          338.5190998
lambda =     1.9332; f =          338.1993629
Norm of dx   0.084281
----
Improvement on iteration 32 =        1.283971486
-----------------
f at the beginning of new iteration,       338.1993628943
Predicted improvement:        0.656124742
lambda =          1; f =          337.2485379
lambda =     1.9332; f =          336.9452354
Norm of dx   0.045921
----
Improvement on iteration 33 =        1.254127526
-----------------
f at the beginning of new iteration,       336.9452353684
Predicted improvement:        0.164834556
lambda =          1; f =          336.7285016
Norm of dx   0.011384
----
Improvement on iteration 34 =        0.216733722
-----------------
f at the beginning of new iteration,       336.7285016468
Predicted improvement:        0.090360578
lambda =          1; f =          336.5975094
lambda =     1.9332; f =          336.5690724
Norm of dx  0.0082995
----
Improvement on iteration 35 =        0.159429197
-----------------
f at the beginning of new iteration,       336.5690724497
Predicted improvement:        0.078027779
lambda =          1; f =          336.4387280
lambda =     1.9332; f =          336.3606645
Norm of dx  0.0079157
----
Improvement on iteration 36 =        0.208407911
-----------------
f at the beginning of new iteration,       336.3606645382
Predicted improvement:        0.157592614
lambda =          1; f =          336.1577780
Norm of dx   0.019783
----
Improvement on iteration 37 =        0.202886499
-----------------
f at the beginning of new iteration,       336.1577780389
Predicted improvement:        0.079818715
lambda =          1; f =          336.0527328
Norm of dx   0.011514
----
Improvement on iteration 38 =        0.105045218
-----------------
f at the beginning of new iteration,       336.0527328213
Predicted improvement:        0.054805226
lambda =          1; f =          335.9821989
Norm of dx   0.013116
----
Improvement on iteration 39 =        0.070533919
-----------------
f at the beginning of new iteration,       335.9821989026
Predicted improvement:        0.028874262
lambda =          1; f =          335.9425153
Norm of dx  0.0057193
----
Improvement on iteration 40 =        0.039683622
-----------------
f at the beginning of new iteration,       335.9425152807
Predicted improvement:        0.021256941
lambda =          1; f =          335.9113510
lambda =     1.9332; f =          335.9048615
Norm of dx  0.0052657
----
Improvement on iteration 41 =        0.037653800
-----------------
f at the beginning of new iteration,       335.9048614805
Predicted improvement:        0.013172904
lambda =          1; f =          335.8834510
lambda =     1.9332; f =          335.8725372
Norm of dx  0.0041612
----
Improvement on iteration 42 =        0.032324322
-----------------
f at the beginning of new iteration,       335.8725371582
Predicted improvement:        0.010596467
lambda =          1; f =          335.8566379
lambda =     1.9332; f =          335.8524134
Norm of dx  0.0043115
----
Improvement on iteration 43 =        0.020123740
-----------------
f at the beginning of new iteration,       335.8524134178
Predicted improvement:        0.004523446
lambda =          1; f =          335.8449578
lambda =     1.9332; f =          335.8406357
Norm of dx  0.0014158
----
Improvement on iteration 44 =        0.011777717
-----------------
f at the beginning of new iteration,       335.8406357010
Predicted improvement:        0.006293947
lambda =          1; f =          335.8312152
lambda =     1.9332; f =          335.8279426
Norm of dx  0.0029903
----
Improvement on iteration 45 =        0.012693094
-----------------
f at the beginning of new iteration,       335.8279426068
Predicted improvement:        0.005803006
lambda =          1; f =          335.8173649
lambda =     1.9332; f =          335.8093975
lambda =     3.7372; f =          335.7992081
Norm of dx  0.0027045
----
Improvement on iteration 46 =        0.028734542
-----------------
f at the beginning of new iteration,       335.7992080649
Predicted improvement:        0.016183826
lambda =          1; f =          335.7752399
lambda =     1.9332; f =          335.7680801
Norm of dx  0.0087433
----
Improvement on iteration 47 =        0.031127983
-----------------
f at the beginning of new iteration,       335.7680800821
Predicted improvement:        0.015079787
lambda =          1; f =          335.7412503
lambda =     1.9332; f =          335.7219374
lambda =     3.7372; f =          335.7002272
Norm of dx  0.0071175
----
Improvement on iteration 48 =        0.067852906
-----------------
f at the beginning of new iteration,       335.7002271761
Predicted improvement:        0.022226201
lambda =          1; f =          335.6709275
Norm of dx   0.014489
----
Improvement on iteration 49 =        0.029299645
-----------------
f at the beginning of new iteration,       335.6709275312
Predicted improvement:        0.011421360
lambda =          1; f =          335.6543905
lambda =     1.9332; f =          335.6497296
Norm of dx   0.010591
----
Improvement on iteration 50 =        0.021197885
-----------------
f at the beginning of new iteration,       335.6497296462
Predicted improvement:        0.006976252
lambda =          1; f =          335.6377167
lambda =     1.9332; f =          335.6303386
lambda =     3.7372; f =          335.6265055
Norm of dx  0.0019909
----
Improvement on iteration 51 =        0.023224132
-----------------
f at the beginning of new iteration,       335.6265055137
Predicted improvement:        0.006707540
lambda =          1; f =          335.6167177
lambda =     1.9332; f =          335.6137992
Norm of dx  0.0049157
----
Improvement on iteration 52 =        0.012706271
-----------------
f at the beginning of new iteration,       335.6137992426
Predicted improvement:        0.007432479
lambda =          1; f =          335.6019227
lambda =     1.9332; f =          335.5963044
Norm of dx  0.0055933
----
Improvement on iteration 53 =        0.017494864
-----------------
f at the beginning of new iteration,       335.5963043785
Predicted improvement:        0.005684442
lambda =          1; f =          335.5878696
lambda =     1.9332; f =          335.5855126
Norm of dx  0.0062526
----
Improvement on iteration 54 =        0.010791812
-----------------
f at the beginning of new iteration,       335.5855125661
Predicted improvement:        0.003335455
lambda =          1; f =          335.5799028
lambda =     1.9332; f =          335.5765361
Norm of dx  0.0016739
----
Improvement on iteration 55 =        0.008976458
-----------------
f at the beginning of new iteration,       335.5765361081
Predicted improvement:        0.003660248
lambda =          1; f =          335.5718928
Norm of dx  0.0031148
----
Improvement on iteration 56 =        0.004643346
-----------------
f at the beginning of new iteration,       335.5718927625
Predicted improvement:        0.001116080
lambda =          1; f =          335.5702789
lambda =     1.9332; f =          335.5699231
Norm of dx  0.0020838
----
Improvement on iteration 57 =        0.001969660
-----------------
f at the beginning of new iteration,       335.5699231023
Predicted improvement:        0.000477363
lambda =          1; f =          335.5691330
lambda =     1.9332; f =          335.5686634
Norm of dx 0.00045644
----
Improvement on iteration 58 =        0.001259715
-----------------
f at the beginning of new iteration,       335.5686633877
Predicted improvement:        0.000788115
lambda =          1; f =          335.5674542
lambda =     1.9332; f =          335.5669514
Norm of dx 0.00094736
----
Improvement on iteration 59 =        0.001712010
-----------------
f at the beginning of new iteration,       335.5669513780
Predicted improvement:        0.000787811
lambda =          1; f =          335.5655388
lambda =     1.9332; f =          335.5645533
lambda =     3.7372; f =          335.5635537
Norm of dx  0.0013079
----
Improvement on iteration 60 =        0.003397723
-----------------
f at the beginning of new iteration,       335.5635536545
Predicted improvement:        0.001123757
lambda =          1; f =          335.5615354
lambda =     1.9332; f =          335.5602549
lambda =     3.7372; f =          335.5594291
Norm of dx  0.0016273
----
Improvement on iteration 61 =        0.004124538
-----------------
f at the beginning of new iteration,       335.5594291164
Predicted improvement:        0.001644989
lambda =          1; f =          335.5565529
lambda =     1.9332; f =          335.5546684
lambda =     3.7372; f =          335.5532176
Norm of dx  0.0011736
----
Improvement on iteration 62 =        0.006211492
-----------------
f at the beginning of new iteration,       335.5532176244
Predicted improvement:        0.001265778
lambda =          1; f =          335.5511918
lambda =     1.9332; f =          335.5503672
Norm of dx  0.0034217
----
Improvement on iteration 63 =        0.002850416
-----------------
f at the beginning of new iteration,       335.5503672086
Predicted improvement:        0.001002742
lambda =          1; f =          335.5486765
lambda =     1.9332; f =          335.5476182
lambda =     3.7372; f =          335.5469890
Norm of dx   0.002366
----
Improvement on iteration 64 =        0.003378243
-----------------
f at the beginning of new iteration,       335.5469889652
Predicted improvement:        0.001078944
lambda =          1; f =          335.5454611
lambda =     1.9332; f =          335.5450768
Norm of dx  0.0019274
----
Improvement on iteration 65 =        0.001912170
-----------------
f at the beginning of new iteration,       335.5450767954
Predicted improvement:        0.000304609
lambda =          1; f =          335.5445353
lambda =     1.9332; f =          335.5442629
Norm of dx  0.0013209
----
Improvement on iteration 66 =        0.000813883
-----------------
f at the beginning of new iteration,       335.5442629129
Predicted improvement:        0.000294441
lambda =          1; f =          335.5436782
lambda =     1.9332; f =          335.5432289
lambda =     3.7372; f =          335.5426231
lambda =     7.2247; f =          335.5424283
Norm of dx  0.0012309
----
Improvement on iteration 67 =        0.001834591
-----------------
f at the beginning of new iteration,       335.5424283219
Predicted improvement:        0.001156950
lambda =          1; f =          335.5405109
lambda =     1.9332; f =          335.5393272
Norm of dx  0.0013934
----
Improvement on iteration 68 =        0.003101138
-----------------
f at the beginning of new iteration,       335.5393271843
Predicted improvement:        0.001958529
lambda =          1; f =          335.5367505
Norm of dx  0.0043058
----
Improvement on iteration 69 =        0.002576641
-----------------
f at the beginning of new iteration,       335.5367505433
Predicted improvement:        0.000572953
lambda =          1; f =          335.5358979
lambda =     1.9332; f =          335.5357445
Norm of dx  0.0034621
----
Improvement on iteration 70 =        0.001006049
-----------------
f at the beginning of new iteration,       335.5357444944
Predicted improvement:        0.000312999
lambda =          1; f =          335.5352267
lambda =     1.9332; f =          335.5348579
lambda =     3.7372; f =          335.5344564
Norm of dx 0.00056196
----
Improvement on iteration 71 =        0.001288079
-----------------
f at the beginning of new iteration,       335.5344564158
Predicted improvement:        0.001065574
lambda =          1; f =          335.5327368
lambda =     1.9332; f =          335.5315105
lambda =     3.7372; f =          335.5301872
Norm of dx    0.00259
----
Improvement on iteration 72 =        0.004269199
-----------------
f at the beginning of new iteration,       335.5301872167
Correct for low angle: 0.00302769
Predicted improvement:        0.004750694
lambda =          1; f =          335.5330079
lambda =    0.33333; f =          335.5283736
Norm of dx   0.010226
----
Improvement on iteration 73 =        0.001813658
-----------------
f at the beginning of new iteration,       335.5283735592
Correct for low angle: 0.00273522
Predicted improvement:        0.007631956
lambda =          1; f =          335.5505074
lambda =    0.33333; f =          335.5276685
lambda =    0.11111; f =          335.5272782
Norm of dx   0.013719
----
Improvement on iteration 74 =        0.001095392
-----------------
f at the beginning of new iteration,       335.5272781671
Predicted improvement:        0.005062754
lambda =          1; f =          335.5200736
lambda =     1.9332; f =          335.5173740
Norm of dx   0.016871
----
Improvement on iteration 75 =        0.009904168
-----------------
f at the beginning of new iteration,       335.5173739995
Correct for low angle: 0.00219773
Predicted improvement:        0.009380157
lambda =          1; f =          335.5441388
lambda =    0.33333; f =          335.5160235
lambda =    0.11111; f =          335.5157428
lambda =     0.2148; f =          335.5152908
Norm of dx    0.01266
----
Improvement on iteration 76 =        0.002083204
-----------------
f at the beginning of new iteration,       335.5152907953
Correct for low angle: 0.00261958
Predicted improvement:        0.008567762
lambda =          1; f =          335.5406499
lambda =    0.33333; f =          335.5144567
lambda =    0.11111; f =          335.5140064
Norm of dx   0.013792
----
Improvement on iteration 77 =        0.001284359
-----------------
f at the beginning of new iteration,       335.5140064361
Predicted improvement:        0.005402544
lambda =          1; f =          335.5049668
lambda =     1.9332; f =          335.4996910
Norm of dx   0.016968
----
Improvement on iteration 78 =        0.014315393
-----------------
f at the beginning of new iteration,       335.4996910436
Correct for low angle: 0.00178339
Predicted improvement:        0.024090077
lambda =          1; f =          335.7203291
lambda =    0.33333; f =          335.5149933
lambda =    0.11111; f =          335.4976315
Norm of dx   0.029422
----
Improvement on iteration 79 =        0.002059517
-----------------
f at the beginning of new iteration,       335.4976315268
Correct for low angle: 0.00170085
Predicted improvement:        0.028070782
lambda =          1; f =          335.8223249
lambda =    0.33333; f =          335.5198107
lambda =    0.11111; f =          335.4960626
lambda =   0.037037; f =          335.4961337
lambda =   0.071599; f =          335.4956128
Norm of dx   0.030011
----
Improvement on iteration 80 =        0.002018748
-----------------
f at the beginning of new iteration,       335.4956127793
Correct for low angle: 0.00468539
Predicted improvement:        0.009042086
lambda =          1; f =          335.4843081
Norm of dx   0.029575
----
Improvement on iteration 81 =        0.011304686
-----------------
f at the beginning of new iteration,       335.4843080934
Correct for low angle: 0.00117951
Predicted improvement:        0.020870996
lambda =          1; f =          335.6120909
lambda =    0.33333; f =          335.4890267
lambda =    0.11111; f =          335.4818420
Norm of dx   0.016991
----
Improvement on iteration 82 =        0.002466048
-----------------
f at the beginning of new iteration,       335.4818420454
Predicted improvement:        0.003360433
lambda =          1; f =          335.4770865
lambda =     1.9332; f =          335.4771534
Norm of dx   0.016397
----
Improvement on iteration 83 =        0.004755584
-----------------
f at the beginning of new iteration,       335.4770864619
Predicted improvement:        0.000699305
lambda =          1; f =          335.4759351
lambda =     1.9332; f =          335.4755823
Norm of dx  0.0041192
----
Improvement on iteration 84 =        0.001504158
-----------------
f at the beginning of new iteration,       335.4755823041
Predicted improvement:        0.000484680
lambda =          1; f =          335.4746740
lambda =     1.9332; f =          335.4738645
lambda =     3.7372; f =          335.4724037
lambda =     7.2247; f =          335.4699690
lambda =     13.967; f =          335.4667192
Norm of dx 0.00043146
----
Improvement on iteration 85 =        0.008863067
-----------------
f at the beginning of new iteration,       335.4667192371
Predicted improvement:        0.011077720
lambda =          1; f =          335.4473159
lambda =     1.9332; f =          335.4336035
lambda =     3.7372; f =          335.4191676
Norm of dx   0.024924
----
Improvement on iteration 86 =        0.047551590
-----------------
f at the beginning of new iteration,       335.4191676474
Correct for low angle: 0.00254115
Predicted improvement:        0.058481451
lambda =          1; f =          337.0140562
lambda =    0.33333; f =          335.5497246
lambda =    0.11111; f =          335.4247429
lambda =   0.037037; f =          335.4170207
Norm of dx    0.10166
----
Improvement on iteration 87 =        0.002146993
-----------------
f at the beginning of new iteration,       335.4170206542
Correct for low angle: 0.00178134
Predicted improvement:        0.087251980
lambda =          1; f =          337.9340804
lambda =    0.33333; f =          335.7191183
lambda =    0.11111; f =          335.4397092
lambda =   0.037037; f =          335.4150581
Norm of dx    0.10587
----
Improvement on iteration 88 =        0.001962537
-----------------
f at the beginning of new iteration,       335.4150581169
Correct for low angle: 0.00121461
Predicted improvement:        0.133795774
lambda =          1; f =          343.5537350
lambda =    0.33333; f =          336.0229694
lambda =    0.11111; f =          335.4572432
lambda =   0.037037; f =          335.4132345
lambda =   0.012346; f =          335.4127502
Norm of dx    0.10781
----
Improvement on iteration 89 =        0.002307931
-----------------
f at the beginning of new iteration,       335.4127501861
Correct for low angle: 0.00331602
Predicted improvement:        0.049010394
lambda =          1; f =          336.5061141
lambda =    0.33333; f =          335.5005356
lambda =    0.11111; f =          335.4151911
lambda =   0.037037; f =          335.4107119
Norm of dx    0.11154
----
Improvement on iteration 90 =        0.002038265
-----------------
f at the beginning of new iteration,       335.4107119207
Correct for low angle: 0.00206009
Predicted improvement:        0.076364432
lambda =          1; f =          337.7622624
lambda =    0.33333; f =          335.6937375
lambda =    0.11111; f =          335.4326570
lambda =   0.037037; f =          335.4092049
lambda =   0.012346; f =          335.4091981
lambda =   0.023866; f =          335.4087017
Norm of dx    0.10984
----
Improvement on iteration 91 =        0.002010235
-----------------
f at the beginning of new iteration,       335.4087016861
Correct for low angle: 0.00239602
Predicted improvement:        0.068250355
lambda =          1; f =          338.9825562
lambda =    0.33333; f =          335.7050471
lambda =    0.11111; f =          335.4300170
lambda =   0.037037; f =          335.4078501
lambda =   0.012346; f =          335.4075562
Norm of dx    0.11428
----
Improvement on iteration 92 =        0.001145457
-----------------
f at the beginning of new iteration,       335.4075562286
Predicted improvement:        0.033233241
lambda =          1; f =          335.3539384
lambda =     1.9332; f =          335.3275750
Norm of dx      0.117
----
Improvement on iteration 93 =        0.079981213
-----------------
f at the beginning of new iteration,       335.3275750158
Correct for low angle: 0.00166718
Predicted improvement:        0.025341075
lambda =          1; f =          336.5108344
lambda =    0.33333; f =          335.4661552
lambda =    0.11111; f =          335.3395096
lambda =   0.037037; f =          335.3274928
lambda =   0.012346; f =          335.3270865
lambda =   0.023866; f =          335.3270478
Norm of dx   0.066706
----
Improvement on iteration 94 =        0.000527214
-----------------
f at the beginning of new iteration,       335.3270478022
Correct for low angle: 0.00135222
Predicted improvement:        0.030669847
lambda =          1; f =          337.5225844
lambda =    0.33333; f =          335.5243685
lambda =    0.11111; f =          335.3438525
lambda =   0.037037; f =          335.3275331
lambda =   0.012346; f =          335.3266525
Norm of dx   0.065279
----
Improvement on iteration 95 =        0.000395310
-----------------
f at the beginning of new iteration,       335.3266524925
Predicted improvement:        0.007902569
lambda =          1; f =          335.3178172
Norm of dx   0.065258
----
Improvement on iteration 96 =        0.008835328
-----------------
f at the beginning of new iteration,       335.3178171642
Predicted improvement:        0.000187294
lambda =          1; f =          335.3174786
lambda =     1.9332; f =          335.3172525
lambda =     3.7372; f =          335.3170605
Norm of dx  0.0032591
----
Improvement on iteration 97 =        0.000756634
-----------------
f at the beginning of new iteration,       335.3170605299
Predicted improvement:        0.000453790
lambda =          1; f =          335.3162068
lambda =     1.9332; f =          335.3154604
lambda =     3.7372; f =          335.3141552
lambda =     7.2247; f =          335.3121482
lambda =     13.967; f =          335.3102043
Norm of dx  0.0010745
----
Improvement on iteration 98 =        0.006856184
-----------------
f at the beginning of new iteration,       335.3102043459
Predicted improvement:        0.002137689
lambda =          1; f =          335.3070306
lambda =     1.9332; f =          335.3060305
Norm of dx   0.017058
----
Improvement on iteration 99 =        0.004173824
-----------------
f at the beginning of new iteration,       335.3060305220
Predicted improvement:        0.000239830
lambda =          1; f =          335.3056979
Norm of dx  0.0026641
----
Improvement on iteration 100 =        0.000332586
-----------------
f at the beginning of new iteration,       335.3056979364
Predicted improvement:        0.000044204
lambda =          1; f =          335.3056089
lambda =     1.9332; f =          335.3055519
lambda =     3.7372; f =          335.3055131
Norm of dx 0.00042559
----
Improvement on iteration 101 =        0.000184815
-----------------
f at the beginning of new iteration,       335.3055131216
Predicted improvement:        0.000094937
lambda =          1; f =          335.3053370
lambda =     1.9332; f =          335.3051864
lambda =     3.7372; f =          335.3049331
lambda =     7.2247; f =          335.3045845
Norm of dx 0.00052773
----
Improvement on iteration 102 =        0.000928613
-----------------
f at the beginning of new iteration,       335.3045845082
Predicted improvement:        0.001158761
lambda =          1; f =          335.3025227
lambda =     1.9332; f =          335.3011662
lambda =     3.7372; f =          335.3001038
Norm of dx  0.0064535
----
Improvement on iteration 103 =        0.004480732
-----------------
f at the beginning of new iteration,       335.3001037762
Predicted improvement:        0.001865981
lambda =          1; f =          335.2968660
lambda =     1.9332; f =          335.2951688
Norm of dx  0.0047294
----
Improvement on iteration 104 =        0.004934963
-----------------
f at the beginning of new iteration,       335.2951688127
Predicted improvement:        0.000439810
lambda =          1; f =          335.2944838
lambda =     1.9332; f =          335.2944341
Norm of dx  0.0061715
----
Improvement on iteration 105 =        0.000734698
-----------------
f at the beginning of new iteration,       335.2944341152
Correct for low angle: 0.00344103
Predicted improvement:        0.000335064
lambda =          1; f =          335.2942100
Norm of dx  0.0030765
----
Improvement on iteration 106 =        0.000224113
-----------------
f at the beginning of new iteration,       335.2942100020
Correct for low angle: 0.00264566
Predicted improvement:        0.000555478
lambda =          1; f =          335.2944396
lambda =    0.33333; f =          335.2939556
Norm of dx  0.0027692
----
Improvement on iteration 107 =        0.000254367
-----------------
f at the beginning of new iteration,       335.2939556350
Predicted improvement:        0.000376819
lambda =          1; f =          335.2933303
lambda =     1.9332; f =          335.2928687
lambda =     3.7372; f =          335.2922986
Norm of dx  0.0015261
----
Improvement on iteration 108 =        0.001656998
-----------------
f at the beginning of new iteration,       335.2922986373
Predicted improvement:        0.002376871
lambda =          1; f =          335.2879703
lambda =     1.9332; f =          335.2845572
lambda =     3.7372; f =          335.2796561
lambda =     7.2247; f =          335.2764271
Norm of dx  0.0079433
----
Improvement on iteration 109 =        0.015871531
-----------------
f at the beginning of new iteration,       335.2764271061
Correct for low angle: 0.00213616
Predicted improvement:        0.030589805
lambda =          1; f =          335.5052539
lambda =    0.33333; f =          335.2877296
lambda =    0.11111; f =          335.2733289
Norm of dx   0.059729
----
Improvement on iteration 110 =        0.003098223
-----------------
f at the beginning of new iteration,       335.2733288832
Correct for low angle: 0.000991162
Predicted improvement:        0.083061903
lambda =          1; f =          337.4202009
lambda =    0.33333; f =          335.5215955
lambda =    0.11111; f =          335.2900534
lambda =   0.037037; f =          335.2709242
Norm of dx   0.076735
----
Improvement on iteration 111 =        0.002404726
-----------------
f at the beginning of new iteration,       335.2709241572
Correct for low angle: 0.0014893
Predicted improvement:        0.064469927
lambda =          1; f =          339.0088883
lambda =    0.33333; f =          335.5781950
lambda =    0.11111; f =          335.2937896
lambda =   0.037037; f =          335.2704271
lambda =   0.012346; f =          335.2698812
Norm of dx   0.085792
----
Improvement on iteration 112 =        0.001042986
-----------------
f at the beginning of new iteration,       335.2698811716
Predicted improvement:        0.019577321
lambda =          1; f =          335.2329895
lambda =     1.9332; f =          335.2026972
lambda =     3.7372; f =          335.1554440
lambda =     7.2247; f =          335.1064102
Norm of dx   0.088046
----
Improvement on iteration 113 =        0.163470966
-----------------
f at the beginning of new iteration,       335.1064102054
Correct for low angle: 0.000234371
Predicted improvement:        0.872624268
lambda =          1; f =          355.3824770
lambda =    0.33333; f =          338.6340095
lambda =    0.11111; f =          335.4800559
lambda =   0.037037; f =          335.1092601
lambda =   0.012346; f =          335.0922530
Norm of dx     0.2677
----
Improvement on iteration 114 =        0.014157160
-----------------
f at the beginning of new iteration,       335.0922530454
Correct for low angle: 0.000641841
Predicted improvement:        0.269734558
lambda =          1; f =          350.1969645
lambda =    0.33333; f =          337.1950641
lambda =    0.11111; f =          335.3171171
lambda =   0.037037; f =          335.1048255
lambda =   0.012346; f =          335.0890857
Norm of dx    0.27847
----
Improvement on iteration 115 =        0.003167312
-----------------
f at the beginning of new iteration,       335.0890857330
Correct for low angle: 0.000549362
Predicted improvement:        0.294979175
lambda =          1; f =          519.4013266
lambda =    0.33333; f =          341.0603234
lambda =    0.11111; f =          335.5546661
lambda =   0.037037; f =          335.1227454
lambda =   0.012346; f =          335.0881168
lambda =  0.0041152; f =          335.0874529
Norm of dx    0.27727
----
Improvement on iteration 116 =        0.001632877
-----------------
f at the beginning of new iteration,       335.0874528563
Correct for low angle: 0.00109387
Predicted improvement:        0.142886914
lambda =          1; f =          350.9467137
lambda =    0.33333; f =          336.2897927
lambda =    0.11111; f =          335.1885708
lambda =   0.037037; f =          335.0916706
lambda =   0.012346; f =          335.0857075
Norm of dx    0.27306
----
Improvement on iteration 117 =        0.001745315
-----------------
f at the beginning of new iteration,       335.0857075416
Correct for low angle: 0.000707486
Predicted improvement:        0.218425283
lambda =          1; f =          352.3361628
lambda =    0.33333; f =          338.0825748
lambda =    0.11111; f =          335.4598023
lambda =   0.037037; f =          335.1191650
lambda =   0.012346; f =          335.0856951
lambda =  0.0041152; f =          335.0844214
lambda =  0.0079555; f =          335.0843827
Norm of dx    0.27916
----
Improvement on iteration 118 =        0.001324882
-----------------
f at the beginning of new iteration,       335.0843826598
Correct for low angle: 0.000767791
Predicted improvement:        0.201421171
lambda =          1; f =          513.0555906
lambda =    0.33333; f =          340.9385909
lambda =    0.11111; f =          335.5544910
lambda =   0.037037; f =          335.1232321
lambda =   0.012346; f =          335.0855234
lambda =  0.0041152; f =          335.0834943
Norm of dx    0.28012
----
Improvement on iteration 119 =        0.000888390
-----------------
f at the beginning of new iteration,       335.0834942700
Correct for low angle: 0.0018574
Predicted improvement:        0.080596036
lambda =          1; f =          336.3828439
lambda =    0.33333; f =          335.1840428
lambda =    0.11111; f =          335.0823192
lambda =   0.037037; f =          335.0793138
lambda =   0.071599; f =          335.0788228
Norm of dx    0.27911
----
Improvement on iteration 120 =        0.004671479
-----------------
f at the beginning of new iteration,       335.0788227910
Correct for low angle: 0.000362105
Predicted improvement:        0.365101766
lambda =          1; f =          597.6987317
lambda =    0.33333; f =          342.1063945
lambda =    0.11111; f =          335.6067435
lambda =   0.037037; f =          335.1148102
lambda =   0.012346; f =          335.0769129
lambda =  0.0041152; f =          335.0766964
lambda =  0.0079555; f =          335.0760493
Norm of dx     0.2585
----
Improvement on iteration 121 =        0.002773456
-----------------
f at the beginning of new iteration,       335.0760493350
Correct for low angle: 0.00185578
Predicted improvement:        0.065244610
lambda =          1; f =          339.0245240
lambda =    0.33333; f =          335.5468536
lambda =    0.11111; f =          335.1205630
lambda =   0.037037; f =          335.0775928
lambda =   0.012346; f =          335.0750552
Norm of dx    0.25777
----
Improvement on iteration 122 =        0.000994111
-----------------
f at the beginning of new iteration,       335.0750552235
Correct for low angle: 0.00112501
Predicted improvement:        0.106016113
lambda =          1; f =          458.9000694
lambda =    0.33333; f =          339.9070882
lambda =    0.11111; f =          335.4832639
lambda =   0.037037; f =          335.1126368
lambda =   0.012346; f =          335.0776320
lambda =  0.0041152; f =          335.0748423
lambda =  0.0013717; f =          335.0748664
Norm of dx    0.25874
----
Improvement on iteration 123 =        0.000212879
-----------------
f at the beginning of new iteration,       335.0748423448
Correct for low angle: 0.00188536
Predicted improvement:        0.062391215
lambda =          1; f =          345.7136796
lambda =    0.33333; f =          336.7762457
lambda =    0.11111; f =          335.2841467
lambda =   0.037037; f =          335.0957756
lambda =   0.012346; f =          335.0759922
lambda =  0.0041152; f =          335.0745622
Norm of dx    0.25779
----
Improvement on iteration 124 =        0.000280113
-----------------
f at the beginning of new iteration,       335.0745622322
Correct for low angle: 0.0016433
Predicted improvement:        0.071303491
lambda =          1; f =          403.9779576
lambda =    0.33333; f =          338.4535025
lambda =    0.11111; f =          335.3725856
lambda =   0.037037; f =          335.1027644
lambda =   0.012346; f =          335.0766747
lambda =  0.0041152; f =          335.0744778
lambda =  0.0013717; f =          335.0744472
Norm of dx    0.25753
----
Improvement on iteration 125 =        0.000114984
-----------------
f at the beginning of new iteration,       335.0744472478
Correct for low angle: 0.00463393
Predicted improvement:        0.027616879
lambda =          1; f =          335.4540609
lambda =    0.33333; f =          335.1024362
lambda =    0.11111; f =          335.0737300
lambda =   0.037037; f =          335.0731227
Norm of dx    0.28029
----
Improvement on iteration 126 =        0.001324551
-----------------
f at the beginning of new iteration,       335.0731226965
Correct for low angle: 0.000911468
Predicted improvement:        0.094843028
lambda =          1; f =          344.2914745
lambda =    0.33333; f =          336.4962565
lambda =    0.11111; f =          335.2400764
lambda =   0.037037; f =          335.0874891
lambda =   0.012346; f =          335.0730132
lambda =  0.0041152; f =          335.0725297
lambda =  0.0079555; f =          335.0724798
Norm of dx    0.17592
----
Improvement on iteration 127 =        0.000642880
-----------------
f at the beginning of new iteration,       335.0724798163
Correct for low angle: 0.00131652
Predicted improvement:        0.062480029
lambda =          1; f =          360.2436401
lambda =    0.33333; f =          336.7121206
lambda =    0.11111; f =          335.2223132
lambda =   0.037037; f =          335.0857452
lambda =   0.012346; f =          335.0730592
lambda =  0.0041152; f =          335.0722542
Norm of dx    0.16962
----
Improvement on iteration 128 =        0.000225603
-----------------
f at the beginning of new iteration,       335.0722542137
Predicted improvement:        0.016402589
lambda =          1; f =          335.0520893
Norm of dx    0.17085
----
Improvement on iteration 129 =        0.020164934
-----------------
f at the beginning of new iteration,       335.0520892802
Correct for low angle: 0.000451952
Predicted improvement:        0.017830752
lambda =          1; f =          337.5342268
lambda =    0.33333; f =          335.3732507
lambda =    0.11111; f =          335.0868816
lambda =   0.037037; f =          335.0549212
lambda =   0.012346; f =          335.0520299
lambda =  0.0041152; f =          335.0519569
lambda =  0.0079555; f =          335.0519350
Norm of dx   0.071316
----
Improvement on iteration 130 =        0.000154267
-----------------
f at the beginning of new iteration,       335.0519350130
Correct for low angle: 0.000687001
Predicted improvement:        0.011352044
lambda =          1; f =          339.1538899
lambda =    0.33333; f =          335.4147976
lambda =    0.11111; f =          335.0886431
lambda =   0.037037; f =          335.0556003
lambda =   0.012346; f =          335.0522315
lambda =  0.0041152; f =          335.0519320
lambda =  0.0013717; f =          335.0519227
Norm of dx   0.071761
----
Improvement on iteration 131 =        0.000012274
-----------------
f at the beginning of new iteration,       335.0519227387
Correct for low angle: 0.00116543
Predicted improvement:        0.006592322
lambda =          1; f =          338.0611214
lambda =    0.33333; f =          335.3277687
lambda =    0.11111; f =          335.0804761
lambda =   0.037037; f =          335.0549167
lambda =   0.012346; f =          335.0522138
lambda =  0.0041152; f =          335.0519419
lambda =  0.0013717; f =          335.0519205
lambda = 0.00045725; f =          335.0519210
lambda = 0.00015242; f =          335.0519221
Norm of dx   0.071342
----
Improvement on iteration 132 =        0.000002248
-----------------
f at the beginning of new iteration,       335.0519204905
Correct for low angle: 0.0029178
Predicted improvement:        0.002621514
lambda =          1; f =          335.7104279
lambda =    0.33333; f =          335.1186830
lambda =    0.11111; f =          335.0590498
lambda =   0.037037; f =          335.0526781
lambda =   0.012346; f =          335.0519954
lambda =  0.0041152; f =          335.0519258
lambda =  0.0013717; f =          335.0519201
lambda = 0.00045725; f =          335.0519201
lambda = 0.00015242; f =          335.0519203
lambda = 5.0805e-05; f =          335.0519204
lambda = 1.6935e-05; f =          335.0519205
lambda =  5.645e-06; f =          335.0519205
lambda = 1.8817e-06; f =          335.0519205
lambda = 6.2723e-07; f =          335.0519205
lambda = 2.0908e-07; f =          335.0519205
lambda = 6.9692e-08; f =          335.0519205
lambda = 1.3473e-07; f =          335.0519205
lambda = 9.0717e-08; f =          335.0519205
lambda = 7.1554e-08; f =          335.0519205
Norm of dx   0.071768
----
Improvement on iteration 133 =        0.000000416
-----------------
f at the beginning of new iteration,       335.0519200749
Predicted improvement:        0.001517342
lambda =          1; f =          335.0504900
Norm of dx   0.072183
----
Improvement on iteration 134 =        0.001430071
-----------------
f at the beginning of new iteration,       335.0504900043
Correct for low angle: 0.000437933
Predicted improvement:        0.000066711
lambda =          1; f =          335.0587779
lambda =    0.33333; f =          335.0514770
lambda =    0.11111; f =          335.0506242
lambda =   0.037037; f =          335.0505132
lambda =   0.012346; f =          335.0504953
lambda =  0.0041152; f =          335.0504915
lambda =  0.0013717; f =          335.0504905
lambda = 0.00045725; f =          335.0504902
lambda = 0.00015242; f =          335.0504901
lambda = 5.0805e-05; f =          335.0504900
lambda = 1.6935e-05; f =          335.0504900
lambda =  5.645e-06; f =          335.0504900
lambda = 1.8817e-06; f =          335.0504900
lambda = 6.2723e-07; f =          335.0504900
lambda = 1.2125e-06; f =          335.0504900
lambda = 8.1646e-07; f =          335.0504900
lambda = 6.4398e-07; f =          335.0504900
lambda = 6.3221e-07; f =          335.0504900
Norm of dx  0.0037525
Cliff.  Perturbing search direction.
Correct for low angle: 0.00398617
Predicted improvement:        0.000103428
lambda =          1; f =          335.0586063
lambda =    0.33333; f =          335.0513894
lambda =    0.11111; f =          335.0505888
lambda =   0.037037; f =          335.0505006
lambda =   0.012346; f =          335.0504911
lambda =  0.0041152; f =          335.0504901
lambda =  0.0013717; f =          335.0504900
lambda = 0.00045725; f =          335.0504900
lambda = 0.00015242; f =          335.0504900
lambda = 5.0805e-05; f =          335.0504900
lambda = 1.6935e-05; f =          335.0504900
lambda =  5.645e-06; f =          335.0504900
lambda = 1.0913e-05; f =          335.0504900
lambda = 7.3481e-06; f =          335.0504900
lambda = 5.7958e-06; f =          335.0504900
Norm of dx  0.0058177

badg2 =

     0

----
Improvement on iteration 135 =        0.000000006
improvement < crit termination

Final value of minus the log posterior (or likelihood):335.050490 

MODE CHECK

Fval obtained by the minimization routine (minus the posterior/likelihood)): 335.050490

RESULTS FROM POSTERIOR ESTIMATION
parameters
                     prior mean     mode    s.d. prior pstdev

xiw_p                    0.750   0.6950  0.0368 beta  0.1000 
b_p                      0.500   0.8311  0.0303 beta  0.1000 
Fomegabar_p              0.007   0.0102  0.0039 beta  0.0037 
mu_p                     0.275   0.1824  0.0538 beta  0.1500 
sigmaa_p                 1.000   2.7871  0.6454 norm  1.0000 
Sdoupr_p                 5.000   9.2861  1.4878 norm  3.0000 
xip_p                    0.500   0.8190  0.0203 beta  0.1000 
aptil_p                  1.500   2.1212  0.1733 norm  0.2500 
rhotil_p                 0.750   0.8954  0.0128 beta  0.1000 
iota_p                   0.500   0.8754  0.0560 beta  0.1500 
iotaw_p                  0.500   0.6595  0.1366 beta  0.1500 
iotamu_p                 0.500   0.9392  0.0287 beta  0.1500 
adytil_p                 0.250   0.3401  0.0991 norm  0.1000 
signal_corr_p            0.000   0.3584  0.0921 norm  0.5000 
rholambdaf_p             0.500   0.9898  0.0056 beta  0.2000 
rhomuup_p                0.500   0.8862  0.0465 beta  0.2000 
rhog_p                   0.500   0.9867  0.0103 beta  0.2000 
rhomuzstar_p             0.500   0.0365  0.0276 beta  0.2000 
rhoepsil_p               0.500   0.9846  0.0093 beta  0.2000 
rhosigma_p               0.500   0.9761  0.0107 beta  0.2000 
rhozetac_p               0.500   0.8618  0.0329 beta  0.2000 
rhozetai_p               0.500   0.1818  0.1230 beta  0.2000 
rhoterm_p                0.500   0.9538  0.0725 beta  0.2000 
stdsigma2_p              0.001   0.0262  0.0023 invg2 0.0012 
stdsigma1_p              0.002   0.0011  0.0006 invg2 0.0033 

standard deviation of shocks
                     prior mean     mode    s.d. prior pstdev

e_lambdaf                0.002   0.0168  0.0024 invg2 0.0033 
e_muup                   0.002   0.0041  0.0003 invg2 0.0033 
e_g                      0.002   0.0203  0.0018 invg2 0.0033 
e_muzstar                0.002   0.0100  0.0009 invg2 0.0033 
e_gamma                  0.002   0.0046  0.0006 invg2 0.0033 
e_epsil                  0.002   0.0062  0.0005 invg2 0.0033 
e_xp                     0.583   0.3792  0.0287 invg2 0.8250 
e_zetac                  0.002   0.0254  0.0036 invg2 0.0033 
e_zetai                  0.002   0.0184  0.0028 invg2 0.0033 
e_term                   0.002   0.0018  0.0020 invg2 0.0033 

standard deviation of measurement errors
                     prior mean     mode    s.d. prior pstdev

networth_rgd_cmr14_obs   0.010   0.0534  0.0046 invg  5.0000 


Log data density [Laplace approximation] is -465.604818.

Estimation::mcmc: One Chain mode.
Estimation::mcmc: Initialization at the posterior mode.

Estimation::mcmc: Write details about the MCMC... Ok!
Estimation::mcmc: Details about the MCMC are available in CMR14/metropolis\CMR14_mh_history_0.mat


ans =

    'Error using CMR14_steadystate>findomega (line 584)
     (findomega) s must be larger than 1'


Estimation::mcmc: Number of mh files: 1 per block.
Estimation::mcmc: Total number of generated files: 1.
Estimation::mcmc: Total number of iterations: 100000.
Estimation::mcmc: Current acceptance ratio per chain: 
                                                       Chain  1: 23.255%
Estimation::mcmc: Total number of MH draws per chain: 100000.
Estimation::mcmc: Total number of generated MH files: 1.
Estimation::mcmc: I'll use mh-files 1 to 1.
Estimation::mcmc: In MH-file number 1 I'll start at line 30001.
Estimation::mcmc: Finally I keep 70000 draws per chain.



MCMC Inefficiency factors per block
Parameter                            Block 1
SE_e_lambdaf                         217.542
SE_e_muup                            238.455
SE_e_g                               213.583
SE_e_muzstar                         237.364
SE_e_gamma                           203.101
SE_e_epsil                           191.770
SE_e_xp                              187.156
SE_e_zetac                           301.364
SE_e_zetai                           193.395
SE_e_term                            163.285
SE_EOBS_networth_rgd_cmr14_obs       241.140
xiw_p                                229.887
b_p                                  287.552
Fomegabar_p                          487.817
mu_p                                 562.986
sigmaa_p                             185.875
Sdoupr_p                             212.241
xip_p                                233.583
aptil_p                              196.076
rhotil_p                             182.280
iota_p                               253.428
iotaw_p                              190.048
iotamu_p                             204.689
adytil_p                             185.923
signal_corr_p                        223.224
rholambdaf_p                         258.573
rhomuup_p                            175.647
rhog_p                               325.638
rhomuzstar_p                         307.878
rhoepsil_p                           438.396
rhosigma_p                           301.061
rhozetac_p                           289.828
rhozetai_p                           200.203
rhoterm_p                             96.560
stdsigma2_p                          260.900
stdsigma1_p                          517.498


Geweke (1992) Convergence Tests, based on means of draws 30000 to 44000 vs 65000 to 100000.
p-values are for Chi2-test for equality of means.
Parameter                              Post. Mean        Post. Std   p-val No Taper   p-val 4% Taper   p-val 8% Taper  p-val 15% Taper
SE_e_lambdaf                                0.017            0.002            0.000            0.386            0.381            0.382
SE_e_muup                                   0.004            0.000            0.000            0.702            0.734            0.752
SE_e_g                                      0.021            0.002            0.067            0.901            0.908            0.906
SE_e_muzstar                                0.011            0.001            0.000            0.489            0.500            0.496
SE_e_gamma                                  0.005            0.001            0.000            0.317            0.296            0.261
SE_e_epsil                                  0.006            0.000            0.000            0.375            0.353            0.305
SE_e_xp                                     0.385            0.029            0.000            0.634            0.627            0.562
SE_e_zetac                                  0.027            0.004            0.000            0.108            0.181            0.223
SE_e_zetai                                  0.020            0.003            0.000            0.413            0.412            0.379
SE_e_term                                   0.002            0.001            0.014            0.839            0.865            0.884
SE_EOBS_networth_rgd_cmr14_obs              0.055            0.005            0.000            0.192            0.226            0.176
xiw_p                                       0.686            0.035            0.000            0.009            0.012            0.008
b_p                                         0.831            0.032            0.257            0.951            0.961            0.965
Fomegabar_p                                 0.011            0.004            0.000            0.000            0.000            0.005
mu_p                                        0.187            0.054            0.000            0.000            0.000            0.007
sigmaa_p                                    2.916            0.681            0.029            0.869            0.881            0.887
Sdoupr_p                                    9.088            1.509            0.000            0.734            0.758            0.749
xip_p                                       0.815            0.021            0.000            0.230            0.241            0.232
aptil_p                                     2.167            0.163            0.000            0.001            0.002            0.001
rhotil_p                                    0.896            0.012            0.000            0.189            0.209            0.234
iota_p                                      0.853            0.062            0.000            0.471            0.479            0.474
iotaw_p                                     0.621            0.130            0.000            0.082            0.113            0.115
iotamu_p                                    0.926            0.030            0.000            0.531            0.509            0.487
adytil_p                                    0.347            0.096            0.000            0.326            0.335            0.356
signal_corr_p                               0.351            0.095            0.000            0.794            0.811            0.798
rholambdaf_p                                0.987            0.006            0.027            0.901            0.915            0.918
rhomuup_p                                   0.873            0.045            0.000            0.036            0.045            0.070
rhog_p                                      0.975            0.015            0.000            0.245            0.284            0.282
rhomuzstar_p                                0.059            0.034            0.000            0.313            0.354            0.344
rhoepsil_p                                  0.971            0.016            0.000            0.007            0.011            0.015
rhosigma_p                                  0.969            0.013            0.000            0.330            0.372            0.420
rhozetac_p                                  0.853            0.037            0.000            0.773            0.810            0.827
rhozetai_p                                  0.268            0.126            0.000            0.163            0.170            0.175
rhoterm_p                                   0.944            0.022            0.000            0.622            0.675            0.717
stdsigma2_p                                 0.027            0.002            0.000            0.000            0.000            0.001
stdsigma1_p                                 0.003            0.002            0.000            0.045            0.109            0.183


Estimation::marginal density: I'm computing the posterior mean and covariance...  Done!
Estimation::marginal density: I'm computing the posterior log marginal density (modified harmonic mean)... Done!


ESTIMATION RESULTS

Log data density is -465.947971.

parameters
                         prior mean   post. mean        90% HPD interval    prior       pstdev

xiw_p                         0.750       0.6853      0.6304      0.7453   beta        0.1000
b_p                           0.500       0.8316      0.7768      0.8807   beta        0.1000
Fomegabar_p                   0.007       0.0103      0.0042      0.0157   beta        0.0037
mu_p                          0.275       0.1945      0.1084      0.2747   beta        0.1500
sigmaa_p                      1.000       2.9041      1.7907      3.9715   norm        1.0000
Sdoupr_p                      5.000       9.0560      6.6722     11.4200   norm        3.0000
xip_p                         0.500       0.8153      0.7837      0.8484   beta        0.1000
aptil_p                       1.500       2.1706      1.8893      2.4399   norm        0.2500
rhotil_p                      0.750       0.8955      0.8765      0.9160   beta        0.1000
iota_p                        0.500       0.8532      0.7628      0.9513   beta        0.1500
iotaw_p                       0.500       0.6241      0.4232      0.8458   beta        0.1500
iotamu_p                      0.500       0.9247      0.8794      0.9733   beta        0.1500
adytil_p                      0.250       0.3483      0.1827      0.5027   norm        0.1000
signal_corr_p                 0.000       0.3438      0.1872      0.4934   norm        0.5000
rholambdaf_p                  0.500       0.9871      0.9782      0.9963   beta        0.2000
rhomuup_p                     0.500       0.8718      0.7951      0.9446   beta        0.2000
rhog_p                        0.500       0.9748      0.9543      0.9958   beta        0.2000
rhomuzstar_p                  0.500       0.0588      0.0076      0.1121   beta        0.2000
rhoepsil_p                    0.500       0.9719      0.9489      0.9950   beta        0.2000
rhosigma_p                    0.500       0.9698      0.9499      0.9907   beta        0.2000
rhozetac_p                    0.500       0.8536      0.7983      0.9156   beta        0.2000
rhozetai_p                    0.500       0.2762      0.0655      0.4762   beta        0.2000
rhoterm_p                     0.500       0.9457      0.9123      0.9782   beta        0.2000
stdsigma2_p                   0.001       0.0273      0.0233      0.0313   invg2       0.0012
stdsigma1_p                   0.002       0.0021      0.0004      0.0039   invg2       0.0033

standard deviation of shocks
                         prior mean   post. mean        90% HPD interval    prior       pstdev

e_lambdaf                     0.002       0.0171      0.0134      0.0210   invg2       0.0033
e_muup                        0.002       0.0042      0.0037      0.0047   invg2       0.0033
e_g                           0.002       0.0209      0.0177      0.0239   invg2       0.0033
e_muzstar                     0.002       0.0106      0.0090      0.0122   invg2       0.0033
e_gamma                       0.002       0.0047      0.0037      0.0057   invg2       0.0033
e_epsil                       0.002       0.0063      0.0056      0.0071   invg2       0.0033
e_xp                          0.583       0.3857      0.3425      0.4362   invg2       0.8250
e_zetac                       0.002       0.0275      0.0211      0.0340   invg2       0.0033
e_zetai                       0.002       0.0197      0.0150      0.0246   invg2       0.0033
e_term                        0.002       0.0021      0.0011      0.0031   invg2       0.0033

standard deviation of measurement errors
                         prior mean   post. mean        90% HPD interval    prior       pstdev

networth_rgd_cmr14_obs        0.010       0.0546      0.0468      0.0626   invg        5.0000
Estimation::mcmc: Posterior (dsge) IRFs...
Estimation::mcmc: Posterior IRFs, done!
Estimation::mcmc: Smoothed variables
Estimation::mcmc: Smoothed variables, done!
Estimation::mcmc: Smoothed shocks
Estimation::mcmc: Smoothed shocks, done!
Estimation::mcmc: Trend_coefficients
Estimation::mcmc: Trend_coefficients, done!
Estimation::mcmc: Smoothed constant
Estimation::mcmc: Smoothed constant, done!
Estimation::mcmc: Smoothed trend
Estimation::mcmc: Smoothed trend, done!
Estimation::mcmc: Updated Variables
Estimation::mcmc: Updated Variables, done!
Estimation::mcmc: Smoothed measurement errors
Estimation::mcmc: Smoothed measurement errors, done!
Estimation::mcmc: Forecasted variables (mean)
Estimation::mcmc: Forecasted variables (mean), done!
Estimation::mcmc: Forecasted variables (point)
Estimation::mcmc: Forecasted variables (point), done!
Estimation::mcmc: Forecasted variables (point) with ME
Estimation::mcmc: Forecasted variables (point) with ME, done!
Total computing time : 86h38m24s
