Starting Dynare (version 4.5.7).
Starting preprocessing of the model file ...
Substitution of endo leads >= 2: added 78 auxiliary variables and equations.
Substitution of endo lags >= 2: added 215 auxiliary variables and equations.
Found 349 equation(s).
Evaluating expressions...done
Computing static model derivatives:
 - order 1
Computing dynamic model derivatives:
 - order 1
Processing outputs ...
Warning: A .m file created by Dynare will have more than 32 nested parenthesis. Matlab cannot support this. 
         We are going to modify, albeit inefficiently, this output to have fewer than 32 nested parenthesis. 
         It would hence behoove you to use the use_dll option of the model block to circumnavigate this problem.
         If you have not yet set up a compiler on your system, see the Matlab documentation for doing so.
         For Windows, see: https://www.mathworks.com/help/matlab/matlab_external/install-mingw-support-package.html

done
Preprocessing completed.

STEADY-STATE RESULTS:

c                      		 1.57075
cnds_rim_obs           		 0.723162
credit_rgd_obs         		 1.07024
epsil                  		 1
Fp                     		 7.02868
Fw                     		 2.37527
g                      		 0.608271
gamma                  		 0.985
gdp_rgd_obs            		 0.747705
h                      		 1.01373
hours_cmr14_obs        		 -752.435
i                      		 0.798323
gdpdef_obs             		 0.630177
igid_rim_obs           		 0.99751
kbar                   		 24.1271
lambdaf                		 1.2
lambdaz                		 0.610222
muup                   		 1
muzstar                		 1.00412
n                      		 11.9712
networth_rgd_cmr14_obs 		 1
omegabar               		 0.500971
phi                    		 0.598353
pi                     		 1.00601
igiddef_rgd_obs        		 -0.455108
pitarget               		 1.00601
baag10_obs             		 0.529494
pstar                  		 1
q                      		 1
Re                     		 0.0114707
ffr_obs                		 1.29488
RealRe_obs             		 1
rL                     		 1.00543
rk                     		 0.050015
Rk                     		 0.0188063
RL                     		 0.0114707
s                      		 0.833333
sigma                  		 0.259199
xi0                    		 1
xi1                    		 1
xi2                    		 1
xi3                    		 1
xi4                    		 1
xi5                    		 1
xi6                    		 1
xi7                    		 1
xi8                    		 1
g10ffr_obs             		 0.351238
term                   		 1
volEquity              		 0.536401
u                      		 1
wage_rgd_obs           		 0.378133
wtilde                 		 1.77074
wstar                  		 1
zetac                  		 1
zetai                  		 1

EIGENVALUES:
         Modulus             Real        Imaginary

               0                0                0
               0                0                0
       4.265e-38        4.265e-38                0
       5.111e-38        5.111e-38                0
       7.477e-38        7.477e-38                0
       2.129e-37       -2.129e-37                0
       3.873e-37       -3.873e-37                0
        9.24e-26         9.24e-26                0
       6.424e-24       -6.424e-24                0
       2.105e-23       -2.105e-23                0
       4.237e-23        4.237e-23                0
       4.955e-23        4.955e-23                0
       1.157e-22        1.157e-22                0
       1.298e-22       -1.298e-22                0
        1.74e-22         1.74e-22                0
       1.763e-22       -1.763e-22                0
       2.208e-22        2.208e-22                0
       2.617e-22        2.617e-22                0
       3.315e-22        3.315e-22                0
       3.324e-22        3.324e-22                0
       3.611e-22       -3.611e-22                0
       3.723e-22       -3.723e-22                0
       4.462e-22       -4.462e-22                0
       4.736e-22       -4.736e-22                0
       4.837e-22       -4.837e-22                0
        4.85e-22         4.85e-22                0
       5.148e-22       -5.148e-22                0
        5.29e-22         5.29e-22                0
       5.407e-22       -5.407e-22                0
       5.418e-22        5.418e-22                0
       5.682e-22        5.682e-22                0
       5.914e-22       -5.914e-22                0
       5.949e-22       -5.949e-22                0
       6.332e-22        6.332e-22                0
       7.114e-22       -7.114e-22                0
       7.256e-22        7.256e-22                0
       7.444e-22       -7.444e-22                0
       7.519e-22       -7.519e-22                0
       8.766e-22        8.766e-22                0
       8.959e-22        8.959e-22                0
       9.066e-22        9.066e-22                0
       9.821e-22        9.821e-22                0
       1.014e-21        1.014e-21                0
       1.046e-21       -1.046e-21                0
       1.065e-21       -1.065e-21                0
       1.071e-21       -1.071e-21                0
       1.141e-21       -1.141e-21                0
       1.142e-21       -1.142e-21                0
       1.158e-21        1.158e-21                0
        1.18e-21         1.18e-21                0
       1.196e-21        1.196e-21                0
       1.255e-21       -1.255e-21                0
       1.365e-21        1.365e-21                0
       1.377e-21       -1.377e-21                0
       1.404e-21        1.404e-21                0
       1.483e-21       -1.483e-21                0
       1.501e-21        1.501e-21                0
       1.573e-21        1.573e-21                0
       1.601e-21       -1.601e-21                0
       1.746e-21       -1.746e-21                0
       1.881e-21        1.881e-21                0
       1.887e-21       -1.887e-21                0
       2.284e-21       -2.284e-21                0
       2.355e-21       -2.355e-21                0
       2.366e-21       -2.366e-21                0
        2.42e-21        -2.42e-21                0
       2.422e-21        2.422e-21                0
       2.432e-21        2.432e-21                0
       2.463e-21        2.463e-21                0
       2.893e-21       -2.893e-21                0
        2.93e-21         2.93e-21                0
       3.325e-21       -3.325e-21                0
       3.779e-21        3.779e-21                0
       3.806e-21        3.806e-21                0
       4.083e-21        4.083e-21                0
       4.498e-21        4.498e-21                0
       4.513e-21       -4.513e-21                0
       5.086e-21       -5.086e-21                0
         5.1e-21          5.1e-21                0
       6.175e-21       -6.175e-21                0
       6.215e-21       -6.215e-21                0
        6.37e-21         6.37e-21                0
       7.513e-21        7.513e-21                0
       8.151e-21        8.151e-21                0
       8.885e-21       -8.885e-21                0
       9.739e-21        9.739e-21                0
       1.118e-20        1.118e-20                0
       1.166e-20       -1.166e-20                0
        1.45e-20         1.45e-20                0
       1.983e-20        1.983e-20                0
       2.867e-20       -2.867e-20                0
        3.12e-20         3.12e-20                0
       3.215e-20        3.215e-20                0
       3.241e-20       -3.241e-20                0
        3.68e-20         3.68e-20                0
       3.716e-20       -3.716e-20                0
       4.058e-20        4.058e-20                0
       4.138e-20        4.138e-20                0
       4.265e-20       -4.265e-20                0
       4.297e-20       -4.297e-20                0
       4.609e-20        4.609e-20                0
       4.631e-20        4.631e-20                0
       4.741e-20       -4.741e-20                0
       5.135e-20       -5.135e-20                0
       5.176e-20        5.176e-20                0
       5.204e-20        5.204e-20                0
       5.342e-20        5.342e-20                0
       6.297e-20       -6.297e-20                0
       6.363e-20        6.363e-20                0
       6.457e-20       -6.457e-20                0
       7.697e-20       -7.697e-20                0
       8.374e-20        8.374e-20                0
       8.551e-20       -8.551e-20                0
       8.578e-20       -8.578e-20                0
       8.977e-20        8.977e-20                0
        9.18e-20         9.18e-20                0
       9.869e-20       -9.869e-20                0
       1.018e-19       -1.018e-19                0
       1.048e-19       -1.048e-19                0
       1.071e-19       -1.071e-19                0
         1.1e-19          1.1e-19                0
       1.114e-19        1.114e-19                0
       1.127e-19        1.127e-19                0
       1.134e-19        1.134e-19                0
       1.153e-19       -1.153e-19                0
       1.168e-19        1.168e-19                0
       1.185e-19        1.185e-19                0
       1.192e-19        1.192e-19                0
       1.193e-19        1.193e-19                0
       1.229e-19        1.229e-19                0
       1.256e-19        1.256e-19                0
       1.282e-19       -1.282e-19                0
       1.295e-19       -1.295e-19                0
        1.31e-19         1.31e-19                0
       1.325e-19        1.325e-19                0
       1.389e-19        1.389e-19                0
       1.402e-19       -1.402e-19                0
       1.424e-19        1.424e-19                0
       1.462e-19       -1.462e-19                0
       1.499e-19        1.499e-19                0
       1.628e-19       -1.628e-19                0
       1.651e-19       -1.651e-19                0
       1.685e-19        1.685e-19                0
       1.778e-19        1.778e-19                0
       1.784e-19       -1.784e-19                0
       1.795e-19       -1.795e-19                0
       1.799e-19       -1.799e-19                0
       1.856e-19        1.856e-19                0
       1.857e-19       -1.857e-19                0
       1.969e-19        1.969e-19                0
       2.005e-19       -2.005e-19                0
       2.016e-19       -2.016e-19                0
        2.04e-19         2.04e-19                0
       2.065e-19        2.065e-19                0
       2.193e-19       -2.193e-19                0
       2.207e-19       -2.207e-19                0
       2.234e-19        2.234e-19                0
       2.235e-19       -2.235e-19                0
       2.248e-19       -2.248e-19                0
       2.248e-19       -2.248e-19                0
       2.258e-19       -2.258e-19                0
       2.284e-19       -2.284e-19                0
       2.293e-19        2.293e-19                0
       2.339e-19        2.339e-19                0
       2.459e-19        2.459e-19                0
        2.56e-19        -2.56e-19                0
       2.598e-19        2.598e-19                0
       2.631e-19       -2.631e-19                0
       2.661e-19       -2.661e-19                0
       2.752e-19        2.752e-19                0
       2.791e-19        2.791e-19                0
       2.816e-19        2.816e-19                0
       2.905e-19        2.905e-19                0
       2.915e-19        2.915e-19                0
        2.92e-19        -2.92e-19                0
       3.031e-19        3.031e-19                0
       3.035e-19        3.035e-19                0
       3.122e-19        3.122e-19                0
        3.15e-19        -3.15e-19                0
        3.18e-19        -3.18e-19                0
       3.315e-19        3.315e-19                0
       3.337e-19       -3.337e-19                0
       3.707e-19       -3.707e-19                0
       4.344e-19       -4.344e-19                0
        4.38e-19        -4.38e-19                0
       4.623e-19        4.623e-19                0
       4.651e-19        4.651e-19                0
       4.855e-19        4.855e-19                0
       5.966e-19       -5.966e-19                0
       6.576e-19        6.576e-19                0
       7.142e-19        7.142e-19                0
       1.834e-18       -1.834e-18                0
       2.549e-18       -2.549e-18                0
       2.642e-18        2.642e-18                0
       2.661e-18       -2.661e-18                0
       3.412e-18        3.412e-18                0
        3.98e-18        -3.98e-18                0
       4.839e-18       -4.839e-18                0
       6.375e-18       -6.375e-18                0
       6.608e-18        6.608e-18                0
       6.744e-18       -6.744e-18                0
       6.791e-18       -6.791e-18                0
       7.029e-18        7.029e-18                0
       7.766e-18        7.766e-18                0
       8.063e-18       -8.063e-18                0
       9.005e-18       -9.005e-18                0
       9.296e-18       -9.296e-18                0
       9.684e-18        9.684e-18                0
       1.021e-17        1.021e-17                0
       1.039e-17        1.039e-17                0
       1.056e-17       -1.056e-17                0
       1.088e-17       -1.088e-17                0
       1.273e-17        1.273e-17                0
       1.386e-17        1.386e-17                0
       1.458e-17       -1.458e-17                0
       1.461e-17        1.461e-17                0
        1.51e-17        -1.51e-17                0
        1.53e-17         1.53e-17                0
       1.774e-17       -1.774e-17                0
       1.875e-17       -1.875e-17                0
       1.933e-17       -1.933e-17                0
        2.02e-17        -2.02e-17                0
       2.093e-17        2.093e-17                0
        3.17e-17         3.17e-17                0
       3.238e-17        3.238e-17                0
       3.438e-17        3.438e-17                0
       2.324e-14        2.324e-14                0
         0.09864          0.09864                0
          0.1459           0.1459                0
          0.7412           0.7412                0
          0.7453           0.7396           0.0916
          0.7453           0.7396          -0.0916
          0.8057           0.8057                0
          0.8089           0.8089                0
          0.8128           0.8128                0
          0.8968           0.8968                0
          0.9087           0.9087                0
          0.9109           0.9109                0
          0.9251           0.9245          0.03449
          0.9251           0.9245         -0.03449
          0.9427           0.9427                0
          0.9706           0.9706                0
          0.9744           0.9744                0
          0.9747           0.9747                0
           0.975            0.975                0
           0.987            0.987                0
           1.056            1.047           0.1404
           1.056            1.047          -0.1404
           1.083            1.082          0.04506
           1.083            1.082         -0.04506
           1.232            1.232                0
           1.255            1.255                0
           1.351            1.351                0
           1.358            1.358                0
       1.044e+17       -1.044e+17                0
        1.34e+17        -1.34e+17                0
       1.527e+17        1.527e+17                0
       1.585e+17        1.585e+17                0
       1.626e+17        1.626e+17                0
       1.659e+17        1.659e+17                0
        1.83e+17        -1.83e+17                0
       1.934e+17       -1.934e+17                0
       2.064e+17       -2.064e+17                0
       2.086e+17       -2.086e+17                0
       2.274e+17       -2.274e+17                0
       2.424e+17       -2.424e+17                0
        2.68e+17        -2.68e+17                0
       2.729e+17        2.729e+17                0
       2.839e+17        2.839e+17                0
       2.858e+17       -2.858e+17                0
       3.088e+17       -3.088e+17                0
       3.798e+17        3.798e+17                0
       3.837e+17        3.837e+17                0
       4.171e+17       -4.171e+17                0
       6.431e+17        6.431e+17                0
       6.695e+17       -6.695e+17                0
       6.981e+17       -6.981e+17                0
       9.629e+17        9.629e+17                0
       9.793e+17        9.793e+17                0
        1.05e+18         1.05e+18                0
       1.225e+18        1.225e+18                0
       1.239e+18        1.239e+18                0
       1.266e+18        1.266e+18                0
       1.392e+18        1.392e+18                0
       1.751e+18        1.751e+18                0
       1.867e+18       -1.867e+18                0
       1.887e+18       -1.887e+18                0
       1.949e+18       -1.949e+18                0
       2.164e+18        2.164e+18                0
       2.334e+18        2.334e+18                0
       2.634e+18        2.634e+18                0
       2.836e+18        2.836e+18                0
       2.848e+18       -2.848e+18                0
       2.854e+18        2.854e+18                0
       3.174e+18       -3.174e+18                0
       3.466e+18       -3.466e+18                0
       3.504e+18        3.504e+18                0
       3.647e+18        3.647e+18                0
       3.767e+18       -3.767e+18                0
       3.895e+18        3.895e+18                0
       3.935e+18        3.935e+18                0
       4.042e+18        4.042e+18                0
        4.51e+18         4.51e+18                0
       4.537e+18        4.537e+18                0
       4.644e+18       -4.644e+18                0
       4.754e+18        4.754e+18                0
       4.873e+18       -4.873e+18                0
       4.975e+18        4.975e+18                0
       5.021e+18        5.021e+18                0
        5.05e+18         5.05e+18                0
       5.226e+18        5.226e+18                0
         6.2e+18         -6.2e+18                0
       6.498e+18       -6.498e+18                0
       7.767e+18        7.767e+18                0
       9.218e+18       -9.218e+18                0
       9.911e+18        9.911e+18                0
       1.354e+19        1.354e+19                0
        1.39e+19        -1.39e+19                0
       1.422e+19       -1.422e+19                0
       1.889e+19       -1.889e+19                0
       2.072e+19        2.072e+19                0
       2.129e+19        2.129e+19                0
       2.371e+19       -2.371e+19                0
       2.748e+19       -2.748e+19                0
       3.251e+19        3.251e+19                0
       4.665e+19        4.665e+19                0
       4.948e+19       -4.948e+19                0
        6.04e+19         6.04e+19                0
       6.192e+19       -6.192e+19                0
       6.439e+19       -6.439e+19                0
       8.641e+19       -8.641e+19                0
       1.378e+20        1.378e+20                0
       2.606e+20       -2.606e+20                0
       3.774e+20        3.774e+20                0
       5.223e+21       -5.223e+21                0
       5.906e+21       -5.906e+21                0
       2.513e+47       -2.513e+47                0
             Inf             -Inf                0
             Inf             -Inf                0
             Inf              Inf                0


There are 94 eigenvalue(s) larger than 1 in modulus 
for 94 forward-looking variable(s)

The rank condition is verified.

The standard deviation of e_sigma is not estimated (the value provided in estimated_params_init is not used).

Initial value of the log posterior (or likelihood): -351.9044
-----------------
f at the beginning of new iteration,       351.9043918021
Predicted improvement:    14783.461064864
lambda =          1; f =          352.5565681
lambda =    0.33333; f =          351.9718290
lambda =    0.11111; f =          351.9108701
lambda =   0.037037; f =          351.9049412
lambda =   0.012346; f =          351.9044193
lambda =  0.0041152; f =          785.8574969
lambda =  0.0013717; f =          337.8008667
Norm of dx     1.7195
----
Improvement on iteration 1 =       14.103525130
-----------------
f at the beginning of new iteration,       337.8008666724
Predicted improvement:     5066.367253166
lambda =          1; f =          338.3282410
lambda =    0.33333; f =          337.8531981
lambda =    0.11111; f =          337.8052718
lambda =   0.037037; f =          337.8011421
lambda =   0.012346; f =          337.8008728
lambda =  0.0041152; f =         1108.2461480
lambda =  0.0013717; f =          336.9056885
lambda = 0.00045725; f =          334.2822482
lambda = 0.00088394; f =          333.4862004
Norm of dx      1.166
----
Improvement on iteration 2 =        4.314666231
-----------------
f at the beginning of new iteration,       333.4862004414
Predicted improvement:    24801.539641609
lambda =          1; f =          348.2972785
lambda =    0.33333; f =          335.0940588
lambda =    0.11111; f =          333.6529184
lambda =   0.037037; f =          333.5014188
lambda =   0.012346; f =          333.4873285
lambda =  0.0041152; f =          333.4862389
lambda =  0.0013717; f =          323.5873030
lambda = 0.00045725; f =          318.2677713
Norm of dx     6.1269
----
Improvement on iteration 3 =       15.218429146
-----------------
f at the beginning of new iteration,       318.2677712958
Predicted improvement:    16906.313314525
lambda =          1; f =          328.4819298
lambda =    0.33333; f =          319.3759375
lambda =    0.11111; f =          318.3826613
lambda =   0.037037; f =          318.2784189
lambda =   0.012346; f =          318.2686457
lambda =  0.0041152; f =          318.2678074
lambda =  0.0013717; f =          326.8169808
lambda = 0.00045725; f =          304.8593286
lambda = 0.00088394; f =          299.8620047
Norm of dx     4.5648
----
Improvement on iteration 4 =       18.405766614
-----------------
f at the beginning of new iteration,       299.8620046820
Predicted improvement:     2787.996696936
lambda =          1; f =          300.0235098
lambda =    0.33333; f =          299.8751316
lambda =    0.11111; f =          299.8624719
lambda =   0.037037; f =          299.8620089
lambda =   0.012346; f =          280.3379400
lambda =  0.0041152; f =          283.8646266
Norm of dx     1.0595
----
Improvement on iteration 5 =       19.524064696
-----------------
f at the beginning of new iteration,       280.3379399857
Predicted improvement:     2968.366131936
lambda =          1; f =          280.7672596
lambda =    0.33333; f =          280.3775443
lambda =    0.11111; f =          280.3405753
lambda =   0.037037; f =          280.3380224
lambda =   0.012346; f =         1149.8046763
lambda =  0.0041152; f =          271.3185162
Norm of dx      1.363
----
Improvement on iteration 6 =        9.019423813
-----------------
f at the beginning of new iteration,       271.3185161731
Predicted improvement:      819.832444259
lambda =          1; f =          271.4129070
lambda =    0.33333; f =          271.3262601
lambda =    0.11111; f =          271.3189460
lambda =   0.037037; f =          271.3185178
lambda =   0.012346; f =          280.6507719
lambda =  0.0041152; f =          267.3399920
Norm of dx     0.5491
----
Improvement on iteration 7 =        3.978524192
-----------------
f at the beginning of new iteration,       267.3399919810
Predicted improvement:      348.798331695
lambda =          1; f =          267.3781779
lambda =    0.33333; f =          267.3422451
lambda =    0.11111; f =          267.3400018
lambda =   0.037037; f =          267.3399920
lambda =   0.012346; f =          262.6827586
Norm of dx    0.34785
----
Improvement on iteration 8 =        4.657233368
-----------------
f at the beginning of new iteration,       262.6827586128
Predicted improvement:      170.202053696
lambda =          1; f =          262.7037678
lambda =    0.33333; f =          262.6837412
lambda =    0.11111; f =          565.4121985
lambda =   0.037037; f =          271.8276967
lambda =   0.012346; f =          261.3139392
Norm of dx     0.2426
----
Improvement on iteration 9 =        1.368819414
-----------------
f at the beginning of new iteration,       261.3139391989
Predicted improvement:       36.657935638
lambda =          1; f =          261.3143588
lambda =    0.33333; f =          261.3139513
lambda =    0.11111; f =          267.8787180
lambda =   0.037037; f =          259.7648117
Norm of dx   0.087643
----
Improvement on iteration 10 =        1.549127505
-----------------
f at the beginning of new iteration,       259.7648116940
Predicted improvement:       78.371867024
lambda =          1; f =          259.7655447
lambda =    0.33333; f =          259.7648232
lambda =    0.11111; f =          259.7648117
lambda =   0.037037; f =          256.5140750
Norm of dx    0.20624
----
Improvement on iteration 11 =        3.250736657
-----------------
f at the beginning of new iteration,       256.5140750371
Predicted improvement:      449.635833932
lambda =          1; f =          256.5346051
lambda =    0.33333; f =          256.5364934
lambda =    0.11111; f =          256.5152630
lambda =   0.037037; f =          258.5327497
lambda =   0.012346; f =          249.2701868
Norm of dx     1.2021
----
Improvement on iteration 12 =        7.243888241
-----------------
f at the beginning of new iteration,       249.2701867958
Predicted improvement:       19.430072070
lambda =          1; f =          249.2703351
lambda =    0.33333; f =          341.0882151
lambda =    0.11111; f =          249.9387584
lambda =   0.037037; f =          248.2903925
Norm of dx   0.075806
----
Improvement on iteration 13 =        0.979794278
-----------------
f at the beginning of new iteration,       248.2903925177
Predicted improvement:       32.729930485
lambda =          1; f =          281.6744817
lambda =    0.33333; f =          240.8248744
Norm of dx    0.14483
----
Improvement on iteration 14 =        7.465518082
-----------------
f at the beginning of new iteration,       240.8248744360
Predicted improvement:       10.672390179
lambda =          1; f =          253.4999724
lambda =    0.33333; f =          236.6389741
Norm of dx   0.056312
----
Improvement on iteration 15 =        4.185900383
-----------------
f at the beginning of new iteration,       236.6389740533
Predicted improvement:        3.640569713
lambda =          1; f =          233.4664243
Norm of dx   0.031373
----
Improvement on iteration 16 =        3.172549714
-----------------
f at the beginning of new iteration,       233.4664243388
Predicted improvement:        4.322875122
lambda =          1; f =          229.6492190
Norm of dx   0.043211
----
Improvement on iteration 17 =        3.817205360
-----------------
f at the beginning of new iteration,       229.6492189793
Predicted improvement:        2.187860670
lambda =          1; f =          226.6886401
Norm of dx   0.019069
----
Improvement on iteration 18 =        2.960578928
-----------------
f at the beginning of new iteration,       226.6886400511
Predicted improvement:        2.327097427
lambda =          1; f =          224.3890027
Norm of dx    0.05316
----
Improvement on iteration 19 =        2.299637355
-----------------
f at the beginning of new iteration,       224.3890026964
Predicted improvement:        1.994599088
lambda =          1; f =          224.4656038
lambda =    0.33333; f =          223.7516605
Norm of dx   0.046757
----
Improvement on iteration 20 =        0.637342162
-----------------
f at the beginning of new iteration,       223.7516605342
Predicted improvement:        0.958267004
lambda =          1; f =          222.6763129
Norm of dx   0.015296
----
Improvement on iteration 21 =        1.075347631
-----------------
f at the beginning of new iteration,       222.6763129033
Predicted improvement:        0.538748437
lambda =          1; f =          222.0039906
Norm of dx   0.015362
----
Improvement on iteration 22 =        0.672322306
-----------------
f at the beginning of new iteration,       222.0039905977
Predicted improvement:        0.334024838
lambda =          1; f =          221.5625612
Norm of dx   0.014237
----
Improvement on iteration 23 =        0.441429439
-----------------
f at the beginning of new iteration,       221.5625611592
Predicted improvement:        0.388783019
lambda =          1; f =          221.0957315
Norm of dx   0.017019
----
Improvement on iteration 24 =        0.466829705
-----------------
f at the beginning of new iteration,       221.0957314544
Predicted improvement:        0.282878291
lambda =          1; f =          220.7132872
Norm of dx   0.018091
----
Improvement on iteration 25 =        0.382444224
-----------------
f at the beginning of new iteration,       220.7132872301
Predicted improvement:        0.302226458
lambda =          1; f =          220.3229836
Norm of dx   0.018845
----
Improvement on iteration 26 =        0.390303600
-----------------
f at the beginning of new iteration,       220.3229836298
Predicted improvement:        0.192080103
lambda =          1; f =          220.0504987
lambda =     1.9332; f =          220.0291083
Norm of dx    0.01818
----
Improvement on iteration 27 =        0.293875328
-----------------
f at the beginning of new iteration,       220.0291083014
Predicted improvement:        0.268564722
lambda =          1; f =          219.7184893
Norm of dx  0.0064215
----
Improvement on iteration 28 =        0.310618967
-----------------
f at the beginning of new iteration,       219.7184893340
Predicted improvement:        0.205144266
lambda =          1; f =          219.3601712
lambda =     1.9332; f =          219.1150176
lambda =     3.7372; f =          218.8708222
Norm of dx   0.011386
----
Improvement on iteration 29 =        0.847667148
-----------------
f at the beginning of new iteration,       218.8708221861
Predicted improvement:        0.391863071
lambda =          1; f =          218.3594717
Norm of dx   0.040881
----
Improvement on iteration 30 =        0.511350467
-----------------
f at the beginning of new iteration,       218.3594717187
Predicted improvement:        0.417465835
lambda =          1; f =          217.8407083
Norm of dx   0.030295
----
Improvement on iteration 31 =        0.518763431
-----------------
f at the beginning of new iteration,       217.8407082882
Predicted improvement:        0.273243029
lambda =          1; f =          217.4273723
lambda =     1.9332; f =          217.2755789
Norm of dx   0.023692
----
Improvement on iteration 32 =        0.565129343
-----------------
f at the beginning of new iteration,       217.2755789450
Predicted improvement:        0.301520648
lambda =          1; f =          216.7639706
lambda =     1.9332; f =          216.4424316
lambda =     3.7372; f =          216.2128770
Norm of dx   0.023406
----
Improvement on iteration 33 =        1.062701950
-----------------
f at the beginning of new iteration,       216.2128769947
Predicted improvement:        0.694614900
lambda =          1; f =          215.4541864
Norm of dx   0.071615
----
Improvement on iteration 34 =        0.758690613
-----------------
f at the beginning of new iteration,       215.4541863820
Predicted improvement:        1.182408189
lambda =          1; f =          215.1224099
lambda =    0.33333; f =          214.8990240
lambda =    0.64439; f =          214.7885610
Norm of dx   0.042748
----
Improvement on iteration 35 =        0.665625389
-----------------
f at the beginning of new iteration,       214.7885609930
Predicted improvement:        0.644425814
lambda =          1; f =          213.8875733
Norm of dx    0.04541
----
Improvement on iteration 36 =        0.900987679
-----------------
f at the beginning of new iteration,       213.8875733139
Predicted improvement:        0.394435057
lambda =          1; f =          213.3715290
Norm of dx   0.047124
----
Improvement on iteration 37 =        0.516044282
-----------------
f at the beginning of new iteration,       213.3715290323
Predicted improvement:        0.271294419
lambda =          1; f =          212.9506900
lambda =     1.9332; f =          212.7750667
Norm of dx   0.031185
----
Improvement on iteration 38 =        0.596462376
-----------------
f at the beginning of new iteration,       212.7750666567
Predicted improvement:        0.235662592
lambda =          1; f =          212.3850544
lambda =     1.9332; f =          212.1609979
Norm of dx   0.017068
----
Improvement on iteration 39 =        0.614068709
-----------------
f at the beginning of new iteration,       212.1609979478
Predicted improvement:        0.307449320
lambda =          1; f =          211.6803474
lambda =     1.9332; f =          211.4679380
Norm of dx   0.025565
----
Improvement on iteration 40 =        0.693059917
-----------------
f at the beginning of new iteration,       211.4679380311
Predicted improvement:        0.280787197
lambda =          1; f =          210.9923572
lambda =     1.9332; f =          210.7055706
lambda =     3.7372; f =          210.6341475
Norm of dx   0.023171
----
Improvement on iteration 41 =        0.833790491
-----------------
f at the beginning of new iteration,       210.6341475403
Predicted improvement:        0.492738985
lambda =          1; f =          210.1617530
Norm of dx   0.045932
----
Improvement on iteration 42 =        0.472394494
-----------------
f at the beginning of new iteration,       210.1617530464
Predicted improvement:        0.390203575
lambda =          1; f =          209.7837543
Norm of dx   0.024561
----
Improvement on iteration 43 =        0.377998707
-----------------
f at the beginning of new iteration,       209.7837543391
Predicted improvement:        0.299466161
lambda =          1; f =          209.3812901
Norm of dx   0.044701
----
Improvement on iteration 44 =        0.402464217
-----------------
f at the beginning of new iteration,       209.3812901224
Predicted improvement:        0.279862954
lambda =          1; f =          209.0666035
Norm of dx   0.049323
----
Improvement on iteration 45 =        0.314686632
-----------------
f at the beginning of new iteration,       209.0666034903
Predicted improvement:        0.192132679
lambda =          1; f =          208.8457299
Norm of dx   0.015245
----
Improvement on iteration 46 =        0.220873610
-----------------
f at the beginning of new iteration,       208.8457298799
Predicted improvement:        0.159404523
lambda =          1; f =          208.6589769
Norm of dx   0.020966
----
Improvement on iteration 47 =        0.186753020
-----------------
f at the beginning of new iteration,       208.6589768600
Predicted improvement:        0.080803677
lambda =          1; f =          208.5432376
lambda =     1.9332; f =          208.5178444
Norm of dx  0.0091233
----
Improvement on iteration 48 =        0.141132458
-----------------
f at the beginning of new iteration,       208.5178444023
Predicted improvement:        0.051320204
lambda =          1; f =          208.4385292
lambda =     1.9332; f =          208.4072470
Norm of dx  0.0046282
----
Improvement on iteration 49 =        0.110597392
-----------------
f at the beginning of new iteration,       208.4072470104
Predicted improvement:        0.047069891
lambda =          1; f =          208.3349710
lambda =     1.9332; f =          208.3084482
Norm of dx   0.012317
----
Improvement on iteration 50 =        0.098798780
-----------------
f at the beginning of new iteration,       208.3084482300
Predicted improvement:        0.050036133
lambda =          1; f =          208.2247404
lambda =     1.9332; f =          208.1781019
Norm of dx   0.010367
----
Improvement on iteration 51 =        0.130346375
-----------------
f at the beginning of new iteration,       208.1781018551
Predicted improvement:        0.086531131
lambda =          1; f =          208.0548740
lambda =     1.9332; f =          208.0567000
Norm of dx    0.01947
----
Improvement on iteration 52 =        0.123227847
-----------------
f at the beginning of new iteration,       208.0548740077
Predicted improvement:        0.075021141
lambda =          1; f =          207.9617771
Norm of dx   0.017132
----
Improvement on iteration 53 =        0.093096861
-----------------
f at the beginning of new iteration,       207.9617771472
Predicted improvement:        0.036119852
lambda =          1; f =          207.9115065
Norm of dx  0.0081116
----
Improvement on iteration 54 =        0.050270634
-----------------
f at the beginning of new iteration,       207.9115065135
Predicted improvement:        0.025387229
lambda =          1; f =          207.8797576
Norm of dx  0.0078241
----
Improvement on iteration 55 =        0.031748884
-----------------
f at the beginning of new iteration,       207.8797576299
Predicted improvement:        0.011275459
lambda =          1; f =          207.8642663
Norm of dx   0.004584
----
Improvement on iteration 56 =        0.015491302
-----------------
f at the beginning of new iteration,       207.8642663277
Predicted improvement:        0.012079361
lambda =          1; f =          207.8475959
Norm of dx  0.0053695
----
Improvement on iteration 57 =        0.016670441
-----------------
f at the beginning of new iteration,       207.8475958867
Predicted improvement:        0.009129963
lambda =          1; f =          207.8344586
lambda =     1.9332; f =          207.8318700
Norm of dx  0.0046348
----
Improvement on iteration 58 =        0.015725929
-----------------
f at the beginning of new iteration,       207.8318699581
Predicted improvement:        0.004291803
lambda =          1; f =          207.8251605
lambda =     1.9332; f =          207.8222524
Norm of dx  0.0022084
----
Improvement on iteration 59 =        0.009617575
-----------------
f at the beginning of new iteration,       207.8222523834
Predicted improvement:        0.002843514
lambda =          1; f =          207.8178612
lambda =     1.9332; f =          207.8160261
Norm of dx  0.0019372
----
Improvement on iteration 60 =        0.006226303
-----------------
f at the beginning of new iteration,       207.8160260809
Predicted improvement:        0.002835044
lambda =          1; f =          207.8111132
lambda =     1.9332; f =          207.8077408
lambda =     3.7372; f =          207.8045502
Norm of dx  0.0027854
----
Improvement on iteration 61 =        0.011475910
-----------------
f at the beginning of new iteration,       207.8045501712
Predicted improvement:        0.004879514
lambda =          1; f =          207.7967987
lambda =     1.9332; f =          207.7926442
Norm of dx  0.0031987
----
Improvement on iteration 62 =        0.011905956
-----------------
f at the beginning of new iteration,       207.7926442154
Predicted improvement:        0.005486993
lambda =          1; f =          207.7848516
lambda =     1.9332; f =          207.7826123
Norm of dx  0.0040933
----
Improvement on iteration 63 =        0.010031881
-----------------
f at the beginning of new iteration,       207.7826123344
Predicted improvement:        0.003473117
lambda =          1; f =          207.7766813
lambda =     1.9332; f =          207.7728845
lambda =     3.7372; f =          207.7703021
Norm of dx  0.0022657
----
Improvement on iteration 64 =        0.012310214
-----------------
f at the beginning of new iteration,       207.7703021203
Predicted improvement:        0.002559249
lambda =          1; f =          207.7659273
lambda =     1.9332; f =          207.7630295
lambda =     3.7372; f =          207.7606851
Norm of dx  0.0020527
----
Improvement on iteration 65 =        0.009617026
-----------------
f at the beginning of new iteration,       207.7606850943
Predicted improvement:        0.004042372
lambda =          1; f =          207.7533690
lambda =     1.9332; f =          207.7482289
lambda =     3.7372; f =          207.7428499
Norm of dx  0.0034901
----
Improvement on iteration 66 =        0.017835167
-----------------
f at the beginning of new iteration,       207.7428499270
Predicted improvement:        0.004591529
lambda =          1; f =          207.7363782
lambda =     1.9332; f =          207.7356095
Norm of dx  0.0050842
----
Improvement on iteration 67 =        0.007240429
-----------------
f at the beginning of new iteration,       207.7356094977
Predicted improvement:        0.001488376
lambda =          1; f =          207.7332828
lambda =     1.9332; f =          207.7323001
Norm of dx  0.0019631
----
Improvement on iteration 68 =        0.003309420
-----------------
f at the beginning of new iteration,       207.7323000773
Predicted improvement:        0.001388151
lambda =          1; f =          207.7298141
lambda =     1.9332; f =          207.7282084
lambda =     3.7372; f =          207.7270524
Norm of dx  0.0016903
----
Improvement on iteration 69 =        0.005247640
-----------------
f at the beginning of new iteration,       207.7270524370
Predicted improvement:        0.001033344
lambda =          1; f =          207.7253021
lambda =     1.9332; f =          207.7244300
Norm of dx  0.0020324
----
Improvement on iteration 70 =        0.002622466
-----------------
f at the beginning of new iteration,       207.7244299714
Predicted improvement:        0.000939302
lambda =          1; f =          207.7227043
lambda =     1.9332; f =          207.7215466
lambda =     3.7372; f =          207.7205471
Norm of dx  0.0016849
----
Improvement on iteration 71 =        0.003882900
-----------------
f at the beginning of new iteration,       207.7205470712
Predicted improvement:        0.001614082
lambda =          1; f =          207.7177520
lambda =     1.9332; f =          207.7158136
lambda =     3.7372; f =          207.7138986
Norm of dx  0.0014742
----
Improvement on iteration 72 =        0.006648484
-----------------
f at the beginning of new iteration,       207.7138985873
Predicted improvement:        0.002094698
lambda =          1; f =          207.7105082
lambda =     1.9332; f =          207.7085334
Norm of dx  0.0034852
----
Improvement on iteration 73 =        0.005365228
-----------------
f at the beginning of new iteration,       207.7085333593
Predicted improvement:        0.003066559
lambda =          1; f =          207.7044476
Norm of dx  0.0069748
----
Improvement on iteration 74 =        0.004085722
-----------------
f at the beginning of new iteration,       207.7044476370
Predicted improvement:        0.001667559
lambda =          1; f =          207.7020880
lambda =     1.9332; f =          207.7016944
Norm of dx  0.0039316
----
Improvement on iteration 75 =        0.002753257
-----------------
f at the beginning of new iteration,       207.7016943797
Predicted improvement:        0.000737561
lambda =          1; f =          207.7004543
lambda =     1.9332; f =          207.6997823
Norm of dx  0.0017988
----
Improvement on iteration 76 =        0.001912118
-----------------
f at the beginning of new iteration,       207.6997822612
Predicted improvement:        0.000862436
lambda =          1; f =          207.6983061
lambda =     1.9332; f =          207.6974980
Norm of dx  0.0012306
----
Improvement on iteration 77 =        0.002284266
-----------------
f at the beginning of new iteration,       207.6974979951
Predicted improvement:        0.001264165
lambda =          1; f =          207.6953531
lambda =     1.9332; f =          207.6942016
Norm of dx  0.0032589
----
Improvement on iteration 78 =        0.003296368
-----------------
f at the beginning of new iteration,       207.6942016269
Predicted improvement:        0.001061497
lambda =          1; f =          207.6927763
Norm of dx  0.0038879
----
Improvement on iteration 79 =        0.001425376
-----------------
f at the beginning of new iteration,       207.6927762509
Predicted improvement:        0.000280183
lambda =          1; f =          207.6924122
Norm of dx  0.0013235
----
Improvement on iteration 80 =        0.000364084
-----------------
f at the beginning of new iteration,       207.6924121670
Predicted improvement:        0.000159252
lambda =          1; f =          207.6921481
lambda =     1.9332; f =          207.6919854
Norm of dx 0.00065199
----
Improvement on iteration 81 =        0.000426802
-----------------
f at the beginning of new iteration,       207.6919853646
Predicted improvement:        0.000476688
lambda =          1; f =          207.6911739
lambda =     1.9332; f =          207.6906365
lambda =     3.7372; f =          207.6901992
Norm of dx  0.0015805
----
Improvement on iteration 82 =        0.001786202
-----------------
f at the beginning of new iteration,       207.6901991629
Predicted improvement:        0.001194222
lambda =          1; f =          207.6879890
lambda =     1.9332; f =          207.6862330
lambda =     3.7372; f =          207.6836793
lambda =     7.2247; f =          207.6818968
Norm of dx  0.0025581
----
Improvement on iteration 83 =        0.008302331
-----------------
f at the beginning of new iteration,       207.6818968317
Predicted improvement:        0.000272242
lambda =          1; f =          207.6815134
lambda =     1.9332; f =          207.6815049
Norm of dx  0.0013611
----
Improvement on iteration 84 =        0.000391956
-----------------
f at the beginning of new iteration,       207.6815048760
Predicted improvement:        0.000152815
lambda =          1; f =          207.6812759
lambda =     1.9332; f =          207.6811716
Norm of dx 0.00082647
----
Improvement on iteration 85 =        0.000333307
-----------------
f at the beginning of new iteration,       207.6811715686
Predicted improvement:        0.000249927
lambda =          1; f =          207.6807105
lambda =     1.9332; f =          207.6803253
lambda =     3.7372; f =          207.6797044
lambda =     7.2247; f =          207.6789657
Norm of dx  0.0011713
----
Improvement on iteration 86 =        0.002205856
-----------------
f at the beginning of new iteration,       207.6789657123
Predicted improvement:        0.002292819
lambda =          1; f =          207.6747596
lambda =     1.9332; f =          207.6714081
lambda =     3.7372; f =          207.6665057
lambda =     7.2247; f =          207.6629922
Norm of dx  0.0088609
----
Improvement on iteration 87 =        0.015973500
-----------------
f at the beginning of new iteration,       207.6629922125
Correct for low angle: 0.00462103
Predicted improvement:        0.009702916
lambda =          1; f =          207.6477239
lambda =     1.9332; f =          207.6408098
Norm of dx   0.018237
----
Improvement on iteration 88 =        0.022182398
-----------------
f at the beginning of new iteration,       207.6408098146
Correct for low angle: 0.00269065
Predicted improvement:        0.006116762
lambda =          1; f =          207.6552070
lambda =    0.33333; f =          207.6397656
lambda =    0.11111; f =          207.6398174
lambda =     0.2148; f =          207.6394719
Norm of dx   0.020141
----
Improvement on iteration 89 =        0.001337934
-----------------
f at the beginning of new iteration,       207.6394718810
Correct for low angle: 0.00261334
Predicted improvement:        0.003347719
lambda =          1; f =          207.6531678
lambda =    0.33333; f =          207.6394461
lambda =    0.11111; f =          207.6389465
lambda =     0.2148; f =          207.6389232
Norm of dx    0.01433
----
Improvement on iteration 90 =        0.000548714
-----------------
f at the beginning of new iteration,       207.6389231666
Correct for low angle: 0.00164656
Predicted improvement:        0.004096687
lambda =          1; f =          207.6608903
lambda =    0.33333; f =          207.6396292
lambda =    0.11111; f =          207.6384411
Norm of dx    0.01132
----
Improvement on iteration 91 =        0.000482115
-----------------
f at the beginning of new iteration,       207.6384410517
Predicted improvement:        0.000931416
lambda =          1; f =          207.6373550
Norm of dx   0.010418
----
Improvement on iteration 92 =        0.001086021
-----------------
f at the beginning of new iteration,       207.6373550311
Predicted improvement:        0.000279885
lambda =          1; f =          207.6368483
lambda =     1.9332; f =          207.6364727
lambda =     3.7372; f =          207.6360130
Norm of dx  0.0033202
----
Improvement on iteration 93 =        0.001342041
-----------------
f at the beginning of new iteration,       207.6360129899
Predicted improvement:        0.001241723
lambda =          1; f =          207.6336600
lambda =     1.9332; f =          207.6317751
lambda =     3.7372; f =          207.6289944
lambda =     7.2247; f =          207.6269392
Norm of dx  0.0079221
----
Improvement on iteration 94 =        0.009073815
-----------------
f at the beginning of new iteration,       207.6269391748
Predicted improvement:        0.005376095
lambda =          1; f =          207.6175013
lambda =     1.9332; f =          207.6113748
lambda =     3.7372; f =          207.6068501
Norm of dx  0.0050632
----
Improvement on iteration 95 =        0.020089048
-----------------
f at the beginning of new iteration,       207.6068501267
Correct for low angle: 0.00387219
Predicted improvement:        0.001760280
lambda =          1; f =          207.6054835
Norm of dx  0.0059715
----
Improvement on iteration 96 =        0.001366663
-----------------
f at the beginning of new iteration,       207.6054834642
Correct for low angle: 0.00244204
Predicted improvement:        0.001440139
lambda =          1; f =          207.6057354
lambda =    0.33333; f =          207.6048560
Norm of dx  0.0065507
----
Improvement on iteration 97 =        0.000627447
-----------------
f at the beginning of new iteration,       207.6048560170
Predicted improvement:        0.000526453
lambda =          1; f =          207.6039630
lambda =     1.9332; f =          207.6036065
Norm of dx  0.0060778
----
Improvement on iteration 98 =        0.001249564
-----------------
f at the beginning of new iteration,       207.6036064534
Predicted improvement:        0.000561464
lambda =          1; f =          207.6025170
lambda =     1.9332; f =          207.6015802
lambda =     3.7372; f =          207.5999862
lambda =     7.2247; f =          207.5977024
lambda =     13.967; f =          207.5961818
Norm of dx  0.0013806
----
Improvement on iteration 99 =        0.007424682
-----------------
f at the beginning of new iteration,       207.5961817712
Correct for low angle: 0.00284949
Predicted improvement:        0.007720064
lambda =          1; f =          207.5903691
Norm of dx   0.016805
----
Improvement on iteration 100 =        0.005812641
-----------------
f at the beginning of new iteration,       207.5903691305
Correct for low angle: 0.00159931
Predicted improvement:        0.024227968
lambda =          1; f =          207.6315890
lambda =    0.33333; f =          207.5841036
Norm of dx   0.024841
----
Improvement on iteration 101 =        0.006265514
-----------------
f at the beginning of new iteration,       207.5841036169
Correct for low angle: 0.00187322
Predicted improvement:        0.022147955
lambda =          1; f =          207.6952461
lambda =    0.33333; f =          207.5863287
lambda =    0.11111; f =          207.5811445
Norm of dx   0.029778
----
Improvement on iteration 102 =        0.002959094
-----------------
f at the beginning of new iteration,       207.5811445228
Predicted improvement:        0.007706053
lambda =          1; f =          207.5697413
lambda =     1.9332; f =          207.5660781
Norm of dx   0.032505
----
Improvement on iteration 103 =        0.015066433
-----------------
f at the beginning of new iteration,       207.5660780899
Correct for low angle: 0.00186805
Predicted improvement:        0.002283981
lambda =          1; f =          207.5707022
lambda =    0.33333; f =          207.5655506
Norm of dx  0.0070082
----
Improvement on iteration 104 =        0.000527473
-----------------
f at the beginning of new iteration,       207.5655506172
Correct for low angle: 0.00189104
Predicted improvement:        0.001059134
lambda =          1; f =          207.5678955
lambda =    0.33333; f =          207.5653897
lambda =    0.11111; f =          207.5653931
Norm of dx  0.0040426
----
Improvement on iteration 105 =        0.000160923
-----------------
f at the beginning of new iteration,       207.5653896944
Correct for low angle: 0.00202253
Predicted improvement:        0.000423887
lambda =          1; f =          207.5660187
lambda =    0.33333; f =          207.5652449
Norm of dx   0.002614
----
Improvement on iteration 106 =        0.000144777
-----------------
f at the beginning of new iteration,       207.5652449169
Correct for low angle: 0.00300062
Predicted improvement:        0.000143013
lambda =          1; f =          207.5653421
lambda =    0.33333; f =          207.5652114
Norm of dx  0.0014263
----
Improvement on iteration 107 =        0.000033510
-----------------
f at the beginning of new iteration,       207.5652114069
Predicted improvement:        0.000057836
lambda =          1; f =          207.5651596
Norm of dx  0.0024209
----
Improvement on iteration 108 =        0.000051840
-----------------
f at the beginning of new iteration,       207.5651595671
Predicted improvement:        0.000062535
lambda =          1; f =          207.5650739
Norm of dx 0.00063166
----
Improvement on iteration 109 =        0.000085684
-----------------
f at the beginning of new iteration,       207.5650738835
Predicted improvement:        0.000180848
lambda =          1; f =          207.5648066
lambda =     1.9332; f =          207.5646914
Norm of dx  0.0011865
----
Improvement on iteration 110 =        0.000382484
-----------------
f at the beginning of new iteration,       207.5646913996
Predicted improvement:        0.000266656
lambda =          1; f =          207.5642215
lambda =     1.9332; f =          207.5638730
lambda =     3.7372; f =          207.5634453
Norm of dx  0.0030109
----
Improvement on iteration 111 =        0.001246116
-----------------
f at the beginning of new iteration,       207.5634452832
Predicted improvement:        0.000738148
lambda =          1; f =          207.5623190
lambda =     1.9332; f =          207.5620484
Norm of dx  0.0031264
----
Improvement on iteration 112 =        0.001396884
-----------------
f at the beginning of new iteration,       207.5620483991
Correct for low angle: 0.00378688
Predicted improvement:        0.000159275
lambda =          1; f =          207.5620270
lambda =    0.33333; f =          207.5619835
Norm of dx  0.0020935
----
Improvement on iteration 113 =        0.000064852
-----------------
f at the beginning of new iteration,       207.5619835466
Predicted improvement:        0.000063141
lambda =          1; f =          207.5618982
Norm of dx  0.0025386
----
Improvement on iteration 114 =        0.000085330
-----------------
f at the beginning of new iteration,       207.5618982170
Correct for low angle: 0.00080084
Predicted improvement:        0.000011923
lambda =          1; f =          207.5620454
lambda =    0.33333; f =          207.5618964
lambda =    0.11111; f =          207.5618920
lambda =     0.2148; f =          207.5618912
lambda =    0.41524; f =          207.5619038
lambda =     0.2796; f =          207.5618933
lambda =    0.35448; f =          207.5618980
lambda =    0.30744; f =          207.5618947
Norm of dx 0.00086836
----
Improvement on iteration 115 =        0.000007004
warning: possible inaccuracy in H matrix
-----------------
f at the beginning of new iteration,       207.5618912133
Correct for low angle: 0.00105398
Predicted improvement:        0.000035184
lambda =          1; f =          207.5620533
lambda =    0.33333; f =          207.5619048
lambda =    0.11111; f =          207.5618913
lambda =   0.037037; f =          207.5618907
lambda =   0.012346; f =          207.5618910
lambda =  0.0041152; f =          207.5618911
lambda =  0.0013717; f =          207.5618912
lambda = 0.00045725; f =          207.5618912
lambda = 0.00015242; f =          207.5618912
lambda = 5.0805e-05; f =          207.5618912
Norm of dx 0.00068434
----
Improvement on iteration 116 =        0.000000479
-----------------
f at the beginning of new iteration,       207.5618907342
Correct for low angle: 0.000756373
Predicted improvement:        0.000049172
lambda =          1; f =          207.5624592
lambda =    0.33333; f =          207.5619530
lambda =    0.11111; f =          207.5618974
lambda =   0.037037; f =          207.5618914
lambda =   0.012346; f =          207.5618908
lambda =  0.0041152; f =          207.5618907
lambda =  0.0013717; f =          207.5618907
lambda = 0.00045725; f =          207.5618907
lambda = 0.00015242; f =          207.5618907
lambda = 5.0805e-05; f =          207.5618907
lambda = 1.6935e-05; f =          207.5618907
Norm of dx  0.0011871
----
Improvement on iteration 117 =        0.000000004
improvement < crit termination

Final value of minus the log posterior (or likelihood):207.561891 

MODE CHECK

Fval obtained by the minimization routine (minus the posterior/likelihood)): 207.561891

RESULTS FROM POSTERIOR ESTIMATION
parameters
                     prior mean     mode    s.d. prior pstdev

xiw_p                    0.750   0.7471  0.0345 beta  0.1000 
b_p                      0.500   0.7705  0.0456 beta  0.1000 
Fomegabar_p              0.007   0.0120  0.0045 beta  0.0037 
mu_p                     0.275   0.1887  0.0538 beta  0.1500 
sigmaa_p                 1.000   2.0718  0.6855 norm  1.0000 
Sdoupr_p                 5.000  10.6725  1.9904 norm  3.0000 
xip_p                    0.500   0.6692  0.0316 beta  0.1000 
aptil_p                  1.500   2.2720  0.1863 norm  0.2500 
rhotil_p                 0.750   0.8582  0.0170 beta  0.1000 
iota_p                   0.500   0.8910  0.0529 beta  0.1500 
iotaw_p                  0.500   0.5577  0.1554 beta  0.1500 
iotamu_p                 0.500   0.9355  0.0296 beta  0.1500 
adytil_p                 0.250   0.3350  0.0995 norm  0.1000 
signal_corr_p            0.000   0.2908  0.1183 norm  0.5000 
rholambdaf_p             0.500   0.9863  0.0104 beta  0.2000 
rhomuup_p                0.500   0.9581  0.0174 beta  0.2000 
rhog_p                   0.500   0.9455  0.0195 beta  0.2000 
rhomuzstar_p             0.500   0.1900  0.0781 beta  0.2000 
rhoepsil_p               0.500   0.8415  0.0739 beta  0.2000 
rhosigma_p               0.500   0.9764  0.0155 beta  0.2000 
rhozetac_p               0.500   0.8484  0.0501 beta  0.2000 
rhozetai_p               0.500   0.1529  0.1026 beta  0.2000 
rhoterm_p                0.500   0.9491  0.0306 beta  0.2000 
stdsigma2_p              0.001   0.0199  0.0018 invg2 0.0012 
stdsigma1_p              0.002   0.0011  0.0006 invg2 0.0033 

standard deviation of shocks
                     prior mean     mode    s.d. prior pstdev

e_lambdaf                0.002   0.0071  0.0009 invg2 0.0033 
e_muup                   0.002   0.0033  0.0002 invg2 0.0033 
e_g                      0.002   0.0160  0.0012 invg2 0.0033 
e_muzstar                0.002   0.0067  0.0005 invg2 0.0033 
e_gamma                  0.002   0.0040  0.0005 invg2 0.0033 
e_epsil                  0.002   0.0041  0.0003 invg2 0.0033 
e_xp                     0.583   0.5105  0.0417 invg2 0.8250 
e_zetac                  0.002   0.0188  0.0026 invg2 0.0033 
e_zetai                  0.002   0.0160  0.0019 invg2 0.0033 
e_term                   0.002   0.0024  0.0011 invg2 0.0033 

standard deviation of measurement errors
                     prior mean     mode    s.d. prior pstdev

networth_rgd_cmr14_obs   0.010   0.0569  0.0047 invg  5.0000 


Log data density [Laplace approximation] is -336.137938.

Estimation::mcmc: One Chain mode.
Estimation::mcmc: Initialization at the posterior mode.

Estimation::mcmc: Write details about the MCMC... Ok!
Estimation::mcmc: Details about the MCMC are available in CMR14/metropolis\CMR14_mh_history_0.mat


ans =

    'Error using CMR14_steadystate>findomega (line 584)
     (findomega) s must be larger than 1'


ans =

    'Error using CMR14_steadystate>findomega (line 584)
     (findomega) s must be larger than 1'


ans =

    'Error using CMR14_steadystate>findomega (line 584)
     (findomega) s must be larger than 1'


ans =

    'Error using CMR14_steadystate>findomega (line 584)
     (findomega) s must be larger than 1'


ans =

    'Error using CMR14_steadystate>findomega (line 584)
     (findomega) s must be larger than 1'


ans =

    'Error using CMR14_steadystate>findomega (line 584)
     (findomega) s must be larger than 1'


ans =

    'Error using CMR14_steadystate>findomega (line 584)
     (findomega) s must be larger than 1'


ans =

    'Error using CMR14_steadystate>findomega (line 584)
     (findomega) s must be larger than 1'


ans =

    'Error using CMR14_steadystate>findomega (line 584)
     (findomega) s must be larger than 1'


Estimation::mcmc: Number of mh files: 1 per block.
Estimation::mcmc: Total number of generated files: 1.
Estimation::mcmc: Total number of iterations: 100000.
Estimation::mcmc: Current acceptance ratio per chain: 
                                                       Chain  1: 22.608%
Estimation::mcmc: Total number of MH draws per chain: 100000.
Estimation::mcmc: Total number of generated MH files: 1.
Estimation::mcmc: I'll use mh-files 1 to 1.
Estimation::mcmc: In MH-file number 1 I'll start at line 30001.
Estimation::mcmc: Finally I keep 70000 draws per chain.



MCMC Inefficiency factors per block
Parameter                            Block 1
SE_e_lambdaf                         279.891
SE_e_muup                            187.352
SE_e_g                               221.034
SE_e_muzstar                         232.850
SE_e_gamma                           233.005
SE_e_epsil                           258.692
SE_e_xp                              254.295
SE_e_zetac                           404.056
SE_e_zetai                           295.241
SE_e_term                            255.262
SE_EOBS_networth_rgd_cmr14_obs       278.359
xiw_p                                213.227
b_p                                  336.227
Fomegabar_p                          577.616
mu_p                                 681.722
sigmaa_p                             265.842
Sdoupr_p                             230.388
xip_p                                272.672
aptil_p                              211.225
rhotil_p                             205.667
iota_p                               322.406
iotaw_p                              193.111
iotamu_p                             254.021
adytil_p                             219.432
signal_corr_p                        339.008
rholambdaf_p                         366.700
rhomuup_p                            230.418
rhog_p                               242.335
rhomuzstar_p                         208.094
rhoepsil_p                           235.381
rhosigma_p                           309.189
rhozetac_p                           461.414
rhozetai_p                           231.096
rhoterm_p                            208.229
stdsigma2_p                          628.705
stdsigma1_p                          742.864


Geweke (1992) Convergence Tests, based on means of draws 30000 to 44000 vs 65000 to 100000.
p-values are for Chi2-test for equality of means.
Parameter                              Post. Mean        Post. Std   p-val No Taper   p-val 4% Taper   p-val 8% Taper  p-val 15% Taper
SE_e_lambdaf                                0.007            0.001            0.000            0.012            0.016            0.010
SE_e_muup                                   0.003            0.000            0.319            0.936            0.939            0.941
SE_e_g                                      0.016            0.001            0.085            0.899            0.902            0.894
SE_e_muzstar                                0.007            0.001            0.000            0.037            0.049            0.074
SE_e_gamma                                  0.004            0.001            0.000            0.000            0.000            0.000
SE_e_epsil                                  0.004            0.000            0.567            0.971            0.975            0.975
SE_e_xp                                     0.525            0.044            0.000            0.000            0.000            0.000
SE_e_zetac                                  0.021            0.004            0.000            0.017            0.044            0.060
SE_e_zetai                                  0.018            0.002            0.000            0.000            0.000            0.000
SE_e_term                                   0.003            0.001            0.000            0.548            0.587            0.584
SE_EOBS_networth_rgd_cmr14_obs              0.056            0.005            0.000            0.000            0.000            0.000
xiw_p                                       0.734            0.035            0.000            0.000            0.000            0.000
b_p                                         0.797            0.050            0.014            0.896            0.909            0.910
Fomegabar_p                                 0.010            0.004            0.000            0.000            0.000            0.000
mu_p                                        0.249            0.081            0.000            0.000            0.000            0.000
sigmaa_p                                    2.136            0.690            0.000            0.187            0.211            0.198
Sdoupr_p                                   10.423            1.961            0.000            0.028            0.052            0.046
xip_p                                       0.661            0.034            0.000            0.009            0.013            0.017
aptil_p                                     2.268            0.184            0.000            0.000            0.000            0.000
rhotil_p                                    0.860            0.017            0.000            0.039            0.059            0.074
iota_p                                      0.855            0.064            0.000            0.344            0.380            0.417
iotaw_p                                     0.564            0.135            0.000            0.001            0.001            0.000
iotamu_p                                    0.923            0.032            0.000            0.087            0.103            0.118
adytil_p                                    0.327            0.099            0.000            0.010            0.013            0.006
signal_corr_p                               0.251            0.141            0.000            0.000            0.001            0.002
rholambdaf_p                                0.979            0.013            0.000            0.004            0.018            0.024
rhomuup_p                                   0.954            0.018            0.000            0.412            0.413            0.388
rhog_p                                      0.944            0.021            0.000            0.000            0.000            0.000
rhomuzstar_p                                0.206            0.073            0.000            0.563            0.583            0.549
rhoepsil_p                                  0.845            0.061            0.043            0.887            0.906            0.914
rhosigma_p                                  0.971            0.016            0.000            0.000            0.000            0.000
rhozetac_p                                  0.786            0.093            0.000            0.824            0.844            0.837
rhozetai_p                                  0.204            0.100            0.000            0.009            0.010            0.009
rhoterm_p                                   0.941            0.022            0.000            0.005            0.010            0.009
stdsigma2_p                                 0.016            0.004            0.000            0.000            0.000            0.000
stdsigma1_p                                 0.021            0.017            0.000            0.000            0.000            0.000


Estimation::marginal density: I'm computing the posterior mean and covariance...  Done!
Estimation::marginal density: I'm computing the posterior log marginal density (modified harmonic mean)... Done!


ESTIMATION RESULTS

Log data density is -331.824666.

parameters
                         prior mean   post. mean        90% HPD interval    prior       pstdev

xiw_p                         0.750       0.7367      0.6795      0.7903   beta        0.1000
b_p                           0.500       0.7933      0.7260      0.8706   beta        0.1000
Fomegabar_p                   0.007       0.0088      0.0039      0.0146   beta        0.0037
mu_p                          0.275       0.2713      0.1465      0.3983   beta        0.1500
sigmaa_p                      1.000       2.1474      1.0401      3.2112   norm        1.0000
Sdoupr_p                      5.000      10.3930      7.2490     13.5826   norm        3.0000
xip_p                         0.500       0.6593      0.6085      0.7157   beta        0.1000
aptil_p                       1.500       2.2501      1.9548      2.5572   norm        0.2500
rhotil_p                      0.750       0.8612      0.8355      0.8891   beta        0.1000
iota_p                        0.500       0.8506      0.7593      0.9578   beta        0.1500
iotaw_p                       0.500       0.5772      0.3725      0.8060   beta        0.1500
iotamu_p                      0.500       0.9246      0.8770      0.9739   beta        0.1500
adytil_p                      0.250       0.3250      0.1600      0.4880   norm        0.1000
signal_corr_p                 0.000       0.2399     -0.0058      0.4791   norm        0.5000
rholambdaf_p                  0.500       0.9781      0.9598      0.9974   beta        0.2000
rhomuup_p                     0.500       0.9542      0.9270      0.9826   beta        0.2000
rhog_p                        0.500       0.9426      0.9100      0.9784   beta        0.2000
rhomuzstar_p                  0.500       0.2051      0.0871      0.3214   beta        0.2000
rhoepsil_p                    0.500       0.8409      0.7456      0.9430   beta        0.2000
rhosigma_p                    0.500       0.9708      0.9473      0.9949   beta        0.2000
rhozetac_p                    0.500       0.8002      0.6872      0.9057   beta        0.2000
rhozetai_p                    0.500       0.1965      0.0439      0.3436   beta        0.2000
rhoterm_p                     0.500       0.9412      0.9062      0.9747   beta        0.2000
stdsigma2_p                   0.001       0.0145      0.0093      0.0205   invg2       0.0012
stdsigma1_p                   0.002       0.0283      0.0007      0.0456   invg2       0.0033

standard deviation of shocks
                         prior mean   post. mean        90% HPD interval    prior       pstdev

e_lambdaf                     0.002       0.0073      0.0058      0.0088   invg2       0.0033
e_muup                        0.002       0.0034      0.0030      0.0038   invg2       0.0033
e_g                           0.002       0.0164      0.0146      0.0185   invg2       0.0033
e_muzstar                     0.002       0.0069      0.0060      0.0078   invg2       0.0033
e_gamma                       0.002       0.0037      0.0029      0.0045   invg2       0.0033
e_epsil                       0.002       0.0042      0.0036      0.0047   invg2       0.0033
e_xp                          0.583       0.5230      0.4509      0.5941   invg2       0.8250
e_zetac                       0.002       0.0204      0.0151      0.0259   invg2       0.0033
e_zetai                       0.002       0.0178      0.0146      0.0210   invg2       0.0033
e_term                        0.002       0.0028      0.0016      0.0042   invg2       0.0033

standard deviation of measurement errors
                         prior mean   post. mean        90% HPD interval    prior       pstdev

networth_rgd_cmr14_obs        0.010       0.0548      0.0468      0.0632   invg        5.0000
Estimation::mcmc: Posterior (dsge) IRFs...
Estimation::mcmc: Posterior IRFs, done!
Estimation::mcmc: Smoothed variables
Estimation::mcmc: Smoothed variables, done!
Estimation::mcmc: Smoothed shocks
Estimation::mcmc: Smoothed shocks, done!
Estimation::mcmc: Trend_coefficients
Estimation::mcmc: Trend_coefficients, done!
Estimation::mcmc: Smoothed constant
Estimation::mcmc: Smoothed constant, done!
Estimation::mcmc: Smoothed trend
Estimation::mcmc: Smoothed trend, done!
Estimation::mcmc: Updated Variables
Estimation::mcmc: Updated Variables, done!
Estimation::mcmc: Smoothed measurement errors
Estimation::mcmc: Smoothed measurement errors, done!
Estimation::mcmc: Forecasted variables (mean)
Estimation::mcmc: Forecasted variables (mean), done!
Estimation::mcmc: Forecasted variables (point)
Estimation::mcmc: Forecasted variables (point), done!
Estimation::mcmc: Forecasted variables (point) with ME
Estimation::mcmc: Forecasted variables (point) with ME, done!
Total computing time : 26h36m35s
