Starting Dynare (version 4.5.7).
Starting preprocessing of the model file ...
Substitution of endo lags >= 2: added 2 auxiliary variables and equations.
Found 13 equation(s).
Evaluating expressions...done
Computing static model derivatives:
 - order 1
Computing dynamic model derivatives:
 - order 1
 - order 2
Processing outputs ...
done
Preprocessing completed.
Initial value of the log posterior (or likelihood): -1380.4263
-----------------
f at the beginning of new iteration,      1380.4263498848
Predicted improvement:  6788628.276196300
lambda =          1; f =         2589.6078374
lambda =    0.33333; f =         1486.6223084
lambda =    0.11111; f =         1385.2276770
lambda =   0.037037; f =         2341.2203410
lambda =   0.012346; f =         1734.4775591
lambda =  0.0041152; f =         1215.0589733
lambda =  0.0013717; f =          828.5744751
lambda = 0.00045725; f =          626.6932117
lambda = 0.00015242; f =          691.5146606
Norm of dx     36.847
----
Improvement on iteration 1 =      753.733138169
-----------------
f at the beginning of new iteration,       626.6932117159
Predicted improvement:    18463.276337076
lambda =          1; f =          627.1813143
lambda =    0.33333; f =          626.7433215
lambda =    0.11111; f =          626.6975135
lambda =   0.037037; f =          626.6933764
lambda =   0.012346; f =          574.6615777
lambda =  0.0041152; f =          568.7904491
Norm of dx     1.9242
----
Improvement on iteration 2 =       57.902762660
-----------------
f at the beginning of new iteration,       568.7904490556
Predicted improvement:     4493.099495641
lambda =          1; f =          569.3180785
lambda =    0.33333; f =          568.8455507
lambda =    0.11111; f =          568.7955138
lambda =   0.037037; f =          568.7907262
lambda =   0.012346; f =          860.5611204
lambda =  0.0041152; f =          533.5681863
lambda =  0.0079555; f =          515.4615136
lambda =   0.015379; f =          568.7904496
lambda =   0.010356; f =          560.6158238
lambda =   0.008168; f =          516.0853904
lambda =  0.0094179; f =          529.6119804
Norm of dx     1.0573
----
Improvement on iteration 3 =       53.328935499
warning: possible inaccuracy in H matrix
-----------------
f at the beginning of new iteration,       515.4615135563
Predicted improvement:       64.487561440
lambda =          1; f =          461.3462194
Norm of dx    0.11157
----
Improvement on iteration 4 =       54.115294202
-----------------
f at the beginning of new iteration,       461.3462193545
Predicted improvement:       16.192497207
lambda =          1; f =          435.4933141
lambda =     1.9332; f =          487.4994698
lambda =     1.3017; f =          434.6627512
Norm of dx   0.034994
----
Improvement on iteration 5 =       26.683468181
-----------------
f at the beginning of new iteration,       434.6627511731
Predicted improvement:        7.924355586
lambda =          1; f =          425.7132838
Norm of dx   0.013875
----
Improvement on iteration 6 =        8.949467386
-----------------
f at the beginning of new iteration,       425.7132837871
Predicted improvement:       18.095908522
lambda =          1; f =          387.1277257
lambda =     1.9332; f =          425.7149819
lambda =     1.3017; f =          425.7133769
lambda =     1.0267; f =          386.3017213
lambda =     1.1838; f =          425.7132979
lambda =     1.0869; f =          385.6995750
lambda =     1.1441; f =          425.7132869
lambda =     1.1094; f =          425.7132838
lambda =     1.0891; f =          385.7844286
lambda =     1.1012; f =          386.8877553
lambda =     1.1135; f =          425.7132838
Norm of dx   0.073972
Cliff.  Perturbing search direction.
Predicted improvement:      108.380822410
lambda =          1; f =          425.7133156
lambda =    0.33333; f =          357.2410502
lambda =    0.64439; f =          703.7702508
lambda =     0.4339; f =          351.2301941
lambda =    0.55011; f =          405.0983428
lambda =     0.4771; f =          358.2721499
Norm of dx   0.067441

badg2 =

     0

----
Improvement on iteration 7 =       74.483089645
warning: possible inaccuracy in H matrix
-----------------
f at the beginning of new iteration,       351.2301941419
Predicted improvement:       21.848499205
lambda =          1; f =          351.2301996
lambda =    0.33333; f =          339.0680180
lambda =    0.64439; f =          333.9577542
Norm of dx   0.078059
----
Improvement on iteration 8 =       17.272439941
-----------------
f at the beginning of new iteration,       333.9577542005
Predicted improvement:      128.956459866
lambda =          1; f =          333.9577611
lambda =    0.33333; f =          333.9636464
lambda =    0.11111; f =          333.9578754
lambda =   0.037037; f =          326.4278233
lambda =   0.071599; f =          326.4205305
Norm of dx    0.33851
----
Improvement on iteration 9 =        7.537223670
-----------------
f at the beginning of new iteration,       326.4205305301
Predicted improvement:       45.211911529
lambda =          1; f =          360.5412743
lambda =    0.33333; f =          323.0446167
lambda =    0.11111; f =          322.5027017
Norm of dx   0.039654
----
Improvement on iteration 10 =        3.917828845
-----------------
f at the beginning of new iteration,       322.5027016847
Predicted improvement:        4.329986413
lambda =          1; f =          317.4721057
Norm of dx   0.029416
----
Improvement on iteration 11 =        5.030596022
-----------------
f at the beginning of new iteration,       317.4721056622
Predicted improvement:       11.727105268
lambda =          1; f =          302.0906036
Norm of dx    0.11134
----
Improvement on iteration 12 =       15.381502109
-----------------
f at the beginning of new iteration,       302.0906035534
Predicted improvement:       13.606388186
lambda =          1; f =          324.1259327
lambda =    0.33333; f =          296.0074377
Norm of dx    0.16876
----
Improvement on iteration 13 =        6.083165879
-----------------
f at the beginning of new iteration,       296.0074376745
Predicted improvement:        1.889177072
lambda =          1; f =          295.5195824
lambda =    0.33333; f =          295.1295648
Norm of dx   0.044082
----
Improvement on iteration 14 =        0.877872880
-----------------
f at the beginning of new iteration,       295.1295647948
Predicted improvement:        1.375678985
lambda =          1; f =          294.5533130
lambda =    0.33333; f =          294.4257151
lambda =    0.64439; f =          294.1962185
Norm of dx   0.059889
----
Improvement on iteration 15 =        0.933346337
-----------------
f at the beginning of new iteration,       294.1962184577
Predicted improvement:        0.925629015
lambda =          1; f =          292.5580340
lambda =     1.9332; f =          291.3532628
lambda =     3.7372; f =          289.6225719
Norm of dx   0.026635
----
Improvement on iteration 16 =        4.573646534
-----------------
f at the beginning of new iteration,       289.6225719238
Predicted improvement:        6.817815761
lambda =          1; f =          289.6225837
lambda =    0.33333; f =          285.2043333
lambda =    0.64439; f =          286.4440841
Norm of dx    0.24151
----
Improvement on iteration 17 =        4.418238598
-----------------
f at the beginning of new iteration,       285.2043333256
Predicted improvement:       19.138128578
lambda =          1; f =          285.4086479
lambda =    0.33333; f =          285.2102917
lambda =    0.11111; f =          288.8015500
lambda =   0.037037; f =          284.0188483
lambda =   0.071599; f =          283.9617021
Norm of dx    0.78269
----
Improvement on iteration 18 =        1.242631180
-----------------
f at the beginning of new iteration,       283.9617021458
Predicted improvement:        1.543083653
lambda =          1; f =          283.1435288
lambda =    0.33333; f =          283.2133292
lambda =    0.64439; f =          282.9710599
Norm of dx   0.031999
----
Improvement on iteration 19 =        0.990642268
-----------------
f at the beginning of new iteration,       282.9710598777
Predicted improvement:        0.169368458
lambda =          1; f =          282.7209144
lambda =     1.9332; f =          282.6736755
Norm of dx  0.0093457
----
Improvement on iteration 20 =        0.297384338
-----------------
f at the beginning of new iteration,       282.6736755397
Predicted improvement:        0.277126878
lambda =          1; f =          282.2235976
lambda =     1.9332; f =          281.9815746
Norm of dx  0.0081127
----
Improvement on iteration 21 =        0.692100962
-----------------
f at the beginning of new iteration,       281.9815745782
Predicted improvement:        0.837747913
lambda =          1; f =          280.6163793
lambda =     1.9332; f =          279.8830225
Norm of dx   0.039023
----
Improvement on iteration 22 =        2.098552115
-----------------
f at the beginning of new iteration,       279.8830224631
Predicted improvement:        0.516039570
lambda =          1; f =          279.9633159
lambda =    0.33333; f =          279.6291453
lambda =    0.64439; f =          279.6073128
Norm of dx   0.054182
----
Improvement on iteration 23 =        0.275709619
-----------------
f at the beginning of new iteration,       279.6073128438
Predicted improvement:        0.311077082
lambda =          1; f =          279.3926707
Norm of dx   0.018639
----
Improvement on iteration 24 =        0.214642178
-----------------
f at the beginning of new iteration,       279.3926706658
Predicted improvement:        0.074970347
lambda =          1; f =          279.2737570
lambda =     1.9332; f =          279.2191210
Norm of dx  0.0045593
----
Improvement on iteration 25 =        0.173549682
-----------------
f at the beginning of new iteration,       279.2191209840
Predicted improvement:        0.092543573
lambda =          1; f =          279.0462374
lambda =     1.9332; f =          278.9076733
lambda =     3.7372; f =          278.7062120
lambda =     7.2247; f =          278.5992086
Norm of dx   0.013226
----
Improvement on iteration 26 =        0.619912369
-----------------
f at the beginning of new iteration,       278.5992086150
Predicted improvement:        0.590810336
lambda =          1; f =          277.6600658
lambda =     1.9332; f =          277.1602798
Norm of dx   0.043394
----
Improvement on iteration 27 =        1.438928776
-----------------
f at the beginning of new iteration,       277.1602798394
Predicted improvement:        0.733010370
lambda =          1; f =          276.1854978
Norm of dx    0.11945
----
Improvement on iteration 28 =        0.974782042
-----------------
f at the beginning of new iteration,       276.1854977976
Correct for low angle: 0.00385003
Predicted improvement:        0.238940651
lambda =          1; f =          276.0056567
Norm of dx   0.071293
----
Improvement on iteration 29 =        0.179841139
-----------------
f at the beginning of new iteration,       276.0056566582
Predicted improvement:        0.093896391
lambda =          1; f =          275.8692386
lambda =     1.9332; f =          275.8267498
Norm of dx   0.013309
----
Improvement on iteration 30 =        0.178906817
-----------------
f at the beginning of new iteration,       275.8267498408
Predicted improvement:        0.092751546
lambda =          1; f =          275.6440247
lambda =     1.9332; f =          275.4781746
lambda =     3.7372; f =          275.1726188
lambda =     7.2247; f =          274.6638966
lambda =     13.967; f =          274.3149713
Norm of dx   0.011776
----
Improvement on iteration 31 =        1.511778556
-----------------
f at the beginning of new iteration,       274.3149712851
Predicted improvement:        0.597016392
lambda =          1; f =          273.5561627
Norm of dx   0.040948
----
Improvement on iteration 32 =        0.758808599
-----------------
f at the beginning of new iteration,       273.5561626856
Correct for low angle: 0.00404424
Predicted improvement:        0.463735591
lambda =          1; f =          272.9730390
Norm of dx    0.10046
----
Improvement on iteration 33 =        0.583123682
-----------------
f at the beginning of new iteration,       272.9730390035
Correct for low angle: 0.00412366
Predicted improvement:        0.381057023
lambda =          1; f =          272.4370752
lambda =     1.9332; f =          272.2812161
Norm of dx   0.088727
----
Improvement on iteration 34 =        0.691822917
-----------------
f at the beginning of new iteration,       272.2812160866
Correct for low angle: 0.00275015
Predicted improvement:        1.203683685
lambda =          1; f =          273.4535451
lambda =    0.33333; f =          271.7787694
Norm of dx    0.16327
----
Improvement on iteration 35 =        0.502446694
-----------------
f at the beginning of new iteration,       271.7787693927
Predicted improvement:        0.513365718
lambda =          1; f =          271.0859729
Norm of dx    0.14615
----
Improvement on iteration 36 =        0.692796472
-----------------
f at the beginning of new iteration,       271.0859729210
Correct for low angle: 0.00331077
Predicted improvement:        0.890806792
lambda =          1; f =          270.8828032
lambda =    0.33333; f =          270.6711369
Norm of dx    0.14031
----
Improvement on iteration 37 =        0.414836010
-----------------
f at the beginning of new iteration,       270.6711369113
Predicted improvement:        0.413709700
lambda =          1; f =          270.1977413
Norm of dx    0.17868
----
Improvement on iteration 38 =        0.473395636
-----------------
f at the beginning of new iteration,       270.1977412757
Correct for low angle: 0.00498132
Predicted improvement:        0.122743482
lambda =          1; f =          269.9962245
lambda =     1.9332; f =          269.8859931
Norm of dx   0.068806
----
Improvement on iteration 39 =        0.311748199
-----------------
f at the beginning of new iteration,       269.8859930769
Correct for low angle: 0.00170777
Predicted improvement:        0.751608049
lambda =          1; f =          274.0848563
lambda =    0.33333; f =          269.9084072
lambda =    0.11111; f =          269.7745973
Norm of dx    0.15627
----
Improvement on iteration 40 =        0.111395803
-----------------
f at the beginning of new iteration,       269.7745972741
Predicted improvement:        0.403043577
lambda =          1; f =          269.0671107
lambda =     1.9332; f =          268.5754910
lambda =     3.7372; f =          268.0520958
Norm of dx    0.15968
----
Improvement on iteration 41 =        1.722501462
-----------------
f at the beginning of new iteration,       268.0520958120
Correct for low angle: 0.00225393
Predicted improvement:        1.815049995
lambda =          1; f =          269.4648617
lambda =    0.33333; f =          267.4979377
Norm of dx    0.17978
----
Improvement on iteration 42 =        0.554158093
-----------------
f at the beginning of new iteration,       267.4979377192
Correct for low angle: 0.00468224
Predicted improvement:        1.051566888
lambda =          1; f =          266.3678611
Norm of dx     0.1258
----
Improvement on iteration 43 =        1.130076648
-----------------
f at the beginning of new iteration,       266.3678610709
Correct for low angle: 0.00206762
Predicted improvement:        1.719691543
lambda =          1; f =          269.0273373
lambda =    0.33333; f =          265.9182188
Norm of dx    0.14811
----
Improvement on iteration 44 =        0.449642264
-----------------
f at the beginning of new iteration,       265.9182188065
Predicted improvement:        0.281874257
lambda =          1; f =          265.7098228
Norm of dx    0.03695
----
Improvement on iteration 45 =        0.208396048
-----------------
f at the beginning of new iteration,       265.7098227589
Correct for low angle: 0.00212253
Predicted improvement:        0.265528729
lambda =          1; f =          266.1123462
lambda =    0.33333; f =          265.6447965
Norm of dx   0.054638
----
Improvement on iteration 46 =        0.065026224
-----------------
f at the beginning of new iteration,       265.6447965350
Correct for low angle: 0.0012047
Predicted improvement:        0.092812846
lambda =          1; f =          266.1896401
lambda =    0.33333; f =          265.6601163
lambda =    0.11111; f =          265.6328894
Norm of dx   0.040721
----
Improvement on iteration 47 =        0.011907179
-----------------
f at the beginning of new iteration,       265.6328893560
Correct for low angle: 0.00437536
Predicted improvement:        0.016680246
lambda =          1; f =          265.6257595
lambda =    0.33333; f =          265.6247014
lambda =    0.64439; f =          265.6223113
Norm of dx   0.046365
----
Improvement on iteration 48 =        0.010578035
-----------------
f at the beginning of new iteration,       265.6223113213
Correct for low angle: 0.00182279
Predicted improvement:        0.023737059
lambda =          1; f =          265.6513713
lambda =    0.33333; f =          265.6148442
Norm of dx   0.021455
----
Improvement on iteration 49 =        0.007467113
-----------------
f at the beginning of new iteration,       265.6148442080
Correct for low angle: 0.00297708
Predicted improvement:        0.015916884
lambda =          1; f =          265.6292972
lambda =    0.33333; f =          265.6095442
Norm of dx    0.02291
----
Improvement on iteration 50 =        0.005300011
-----------------
f at the beginning of new iteration,       265.6095441968
Correct for low angle: 0.00269886
Predicted improvement:        0.020380432
lambda =          1; f =          265.6314632
lambda =    0.33333; f =          265.6026834
Norm of dx   0.022994
----
Improvement on iteration 51 =        0.006860782
-----------------
f at the beginning of new iteration,       265.6026834144
Correct for low angle: 0.0029928
Predicted improvement:        0.026022324
lambda =          1; f =          265.6096240
lambda =    0.33333; f =          265.5919745
Norm of dx   0.022783
----
Improvement on iteration 52 =        0.010708890
-----------------
f at the beginning of new iteration,       265.5919745245
Predicted improvement:        0.022834585
lambda =          1; f =          265.5500184
lambda =     1.9332; f =          265.5179322
lambda =     3.7372; f =          265.4753904
Norm of dx    0.02402
----
Improvement on iteration 53 =        0.116584099
-----------------
f at the beginning of new iteration,       265.4753904254
Predicted improvement:        0.089427225
lambda =          1; f =          265.3305573
lambda =     1.9332; f =          265.2560311
Norm of dx   0.028237
----
Improvement on iteration 54 =        0.219359330
-----------------
f at the beginning of new iteration,       265.2560310957
Correct for low angle: 0.00149008
Predicted improvement:        0.240048365
lambda =          1; f =          268.6458528
lambda =    0.33333; f =          265.5970655
lambda =    0.11111; f =          265.2609021
lambda =   0.037037; f =          265.2446145
Norm of dx    0.12697
----
Improvement on iteration 55 =        0.011416641
-----------------
f at the beginning of new iteration,       265.2446144550
Predicted improvement:        0.068857832
lambda =          1; f =          265.1582909
Norm of dx     0.1317
----
Improvement on iteration 56 =        0.086323547
-----------------
f at the beginning of new iteration,       265.1582909077
Correct for low angle: 0.000930674
Predicted improvement:        0.087827232
lambda =          1; f =          266.9959470
lambda =    0.33333; f =          265.3027169
lambda =    0.11111; f =          265.1611161
lambda =   0.037037; f =          265.1544158
Norm of dx   0.084647
----
Improvement on iteration 57 =        0.003875151
-----------------
f at the beginning of new iteration,       265.1544157562
Correct for low angle: 0.00300322
Predicted improvement:        0.020478162
lambda =          1; f =          265.4729280
lambda =    0.33333; f =          265.1801795
lambda =    0.11111; f =          265.1542236
lambda =   0.037037; f =          265.1533808
Norm of dx   0.072865
----
Improvement on iteration 58 =        0.001034938
-----------------
f at the beginning of new iteration,       265.1533808183
Correct for low angle: 0.00375694
Predicted improvement:        0.015276470
lambda =          1; f =          265.3163884
lambda =    0.33333; f =          265.1645629
lambda =    0.11111; f =          265.1525155
lambda =   0.037037; f =          265.1525893
Norm of dx   0.069213
----
Improvement on iteration 59 =        0.000865281
-----------------
f at the beginning of new iteration,       265.1525155377
Correct for low angle: 0.000931174
Predicted improvement:        0.056770354
lambda =          1; f =          266.4602130
lambda =    0.33333; f =          265.2876339
lambda =    0.11111; f =          265.1593875
lambda =   0.037037; f =          265.1503676
Norm of dx    0.06271
----
Improvement on iteration 60 =        0.002147910
-----------------
f at the beginning of new iteration,       265.1503676281
Correct for low angle: 0.00290438
Predicted improvement:        0.015392207
lambda =          1; f =          265.5584962
lambda =    0.33333; f =          265.1871807
lambda =    0.11111; f =          265.1523700
lambda =   0.037037; f =          265.1499204
Norm of dx   0.061026
----
Improvement on iteration 61 =        0.000447206
-----------------
f at the beginning of new iteration,       265.1499204224
Correct for low angle: 0.00225835
Predicted improvement:        0.018753909
lambda =          1; f =          265.7013195
lambda =    0.33333; f =          265.2063602
lambda =    0.11111; f =          265.1533337
lambda =   0.037037; f =          265.1492972
Norm of dx   0.059268
----
Improvement on iteration 62 =        0.000623207
-----------------
f at the beginning of new iteration,       265.1492972157
Correct for low angle: 0.00173489
Predicted improvement:        0.023380525
lambda =          1; f =          266.0841269
lambda =    0.33333; f =          265.2354205
lambda =    0.11111; f =          265.1554910
lambda =   0.037037; f =          265.1489459
lambda =   0.012346; f =          265.1489147
Norm of dx   0.057581
----
Improvement on iteration 63 =        0.000382490
-----------------
f at the beginning of new iteration,       265.1489147262
Predicted improvement:        0.007797701
lambda =          1; f =          265.1406084
Norm of dx   0.057261
----
Improvement on iteration 64 =        0.008306310
-----------------
f at the beginning of new iteration,       265.1406084164
Correct for low angle: 0.00459776
Predicted improvement:        0.001059087
lambda =          1; f =          265.1390316
lambda =     1.9332; f =          265.1384989
Norm of dx   0.011091
----
Improvement on iteration 65 =        0.002109526
-----------------
f at the beginning of new iteration,       265.1384988900
Correct for low angle: 0.00308498
Predicted improvement:        0.002994606
lambda =          1; f =          265.1357490
Norm of dx  0.0057821
----
Improvement on iteration 66 =        0.002749841
-----------------
f at the beginning of new iteration,       265.1357490487
Predicted improvement:        0.003839403
lambda =          1; f =          265.1283030
lambda =     1.9332; f =          265.1217254
lambda =     3.7372; f =          265.1100243
lambda =     7.2247; f =          265.0911962
lambda =     13.967; f =          265.0690059
Norm of dx   0.005857
----
Improvement on iteration 67 =        0.066743196
-----------------
f at the beginning of new iteration,       265.0690058526
Predicted improvement:        0.042879366
lambda =          1; f =          264.9991259
lambda =     1.9332; f =          264.9637315
Norm of dx   0.033246
----
Improvement on iteration 68 =        0.105274309
-----------------
f at the beginning of new iteration,       264.9637315436
Correct for low angle: 0.00335656
Predicted improvement:        0.058059005
lambda =          1; f =          264.9764980
lambda =    0.33333; f =          264.9395531
Norm of dx   0.056162
----
Improvement on iteration 69 =        0.024178434
-----------------
f at the beginning of new iteration,       264.9395531100
Correct for low angle: 0.00423436
Predicted improvement:        0.038965412
lambda =          1; f =          264.9149980
Norm of dx   0.040774
----
Improvement on iteration 70 =        0.024555091
-----------------
f at the beginning of new iteration,       264.9149980190
Correct for low angle: 0.0027292
Predicted improvement:        0.026761876
lambda =          1; f =          264.9118651
lambda =    0.33333; f =          264.9027832
Norm of dx   0.014221
----
Improvement on iteration 71 =        0.012214817
-----------------
f at the beginning of new iteration,       264.9027832023
Predicted improvement:        0.004346719
lambda =          1; f =          264.8967540
Norm of dx  0.0039636
----
Improvement on iteration 72 =        0.006029251
-----------------
f at the beginning of new iteration,       264.8967539512
Predicted improvement:        0.003550175
lambda =          1; f =          264.8907997
lambda =     1.9332; f =          264.8873044
Norm of dx  0.0039905
----
Improvement on iteration 73 =        0.009449532
-----------------
f at the beginning of new iteration,       264.8873044195
Predicted improvement:        0.008553019
lambda =          1; f =          264.8722439
lambda =     1.9332; f =          264.8618744
lambda =     3.7372; f =          264.8521757
Norm of dx  0.0078951
----
Improvement on iteration 74 =        0.035128754
-----------------
f at the beginning of new iteration,       264.8521756658
Correct for low angle: 0.00306434
Predicted improvement:        0.036033698
lambda =          1; f =          264.8040519
Norm of dx   0.016059
----
Improvement on iteration 75 =        0.048123746
-----------------
f at the beginning of new iteration,       264.8040519197
Predicted improvement:        0.030556661
lambda =          1; f =          264.7668004
Norm of dx   0.036017
----
Improvement on iteration 76 =        0.037251530
-----------------
f at the beginning of new iteration,       264.7668003895
Correct for low angle: 0.00213694
Predicted improvement:        0.012484054
lambda =          1; f =          264.8000502
lambda =    0.33333; f =          264.7649133
lambda =    0.11111; f =          264.7647865
lambda =     0.2148; f =          264.7641497
Norm of dx   0.018323
----
Improvement on iteration 77 =        0.002650680
-----------------
f at the beginning of new iteration,       264.7641497097
Correct for low angle: 0.00492856
Predicted improvement:        0.002473552
lambda =          1; f =          264.7617350
Norm of dx   0.012701
----
Improvement on iteration 78 =        0.002414699
-----------------
f at the beginning of new iteration,       264.7617350112
Correct for low angle: 0.00199684
Predicted improvement:        0.000149623
lambda =          1; f =          264.7629014
lambda =    0.33333; f =          264.7618468
lambda =    0.11111; f =          264.7617416
lambda =   0.037037; f =          264.7617338
lambda =   0.012346; f =          264.7617342
lambda =  0.0041152; f =          264.7617347
lambda =  0.0013717; f =          264.7617349
lambda = 0.00045725; f =          264.7617350
lambda = 0.00015242; f =          264.7617350
lambda = 5.0805e-05; f =          264.7617350
lambda = 1.6935e-05; f =          264.7617350
lambda =  5.645e-06; f =          264.7617350
lambda = 1.8817e-06; f =          264.7617350
lambda = 6.2723e-07; f =          264.7617350
lambda = 2.0908e-07; f =          264.7617350
lambda = 6.9692e-08; f =          264.7617350
lambda = 2.3231e-08; f =          264.7617350
lambda = 7.7435e-09; f =          264.7617350
lambda = 2.5812e-09; f =          264.7617350
Norm of dx  0.0027431
----
Improvement on iteration 79 =        0.000001197
smallest step still improving too slow
-----------------
f at the beginning of new iteration,       264.7617338141
Correct for low angle: 0.00318819
Predicted improvement:        0.000088440
lambda =          1; f =          264.7620749
lambda =    0.33333; f =          264.7617579
lambda =    0.11111; f =          264.7617319
lambda =   0.037037; f =          264.7617321
lambda =   0.012346; f =          264.7617331
Norm of dx  0.0028191
----
Improvement on iteration 80 =        0.000001883
-----------------
f at the beginning of new iteration,       264.7617319313
Correct for low angle: 0.00454082
Predicted improvement:        0.000049041
lambda =          1; f =          264.7616856
Norm of dx  0.0026588
----
Improvement on iteration 81 =        0.000046366
-----------------
f at the beginning of new iteration,       264.7616855652
Correct for low angle: 0.00101059
Predicted improvement:        0.000123817
lambda =          1; f =          264.7624962
lambda =    0.33333; f =          264.7617572
lambda =    0.11111; f =          264.7616875
lambda =   0.037037; f =          264.7616838
lambda =   0.012346; f =          264.7616847
lambda =  0.0041152; f =          264.7616852
Norm of dx  0.0013637
----
Improvement on iteration 82 =        0.000001811
-----------------
f at the beginning of new iteration,       264.7616837539
Correct for low angle: 0.00127808
Predicted improvement:        0.000089551
lambda =          1; f =          264.7624573
lambda =    0.33333; f =          264.7617650
lambda =    0.11111; f =          264.7616913
lambda =   0.037037; f =          264.7616841
lambda =   0.012346; f =          264.7616836
lambda =  0.0041152; f =          264.7616837
lambda =  0.0013717; f =          264.7616837
lambda = 0.00045725; f =          264.7616837
lambda = 0.00015242; f =          264.7616838
lambda = 5.0805e-05; f =          264.7616838
lambda = 1.6935e-05; f =          264.7616838
lambda =  5.645e-06; f =          264.7616838
lambda = 1.8817e-06; f =          264.7616838
lambda = 6.2723e-07; f =          264.7616838
lambda = 2.0908e-07; f =          264.7616838
lambda = 6.9692e-08; f =          264.7616838
lambda = 2.3231e-08; f =          264.7616838
lambda = 7.7435e-09; f =          264.7616838
lambda = 2.5812e-09; f =          264.7616838
Norm of dx  0.0013973
----
Improvement on iteration 83 =        0.000000131
smallest step still improving too slow
-----------------
f at the beginning of new iteration,       264.7616836227
Correct for low angle: 0.00138573
Predicted improvement:        0.000077014
lambda =          1; f =          264.7624012
lambda =    0.33333; f =          264.7617628
lambda =    0.11111; f =          264.7616923
lambda =   0.037037; f =          264.7616845
lambda =   0.012346; f =          264.7616837
lambda =  0.0041152; f =          264.7616836
lambda =  0.0013717; f =          264.7616836
lambda = 0.00045725; f =          264.7616836
lambda = 0.00015242; f =          264.7616836
lambda = 5.0805e-05; f =          264.7616836
lambda = 1.6935e-05; f =          264.7616836
lambda =  5.645e-06; f =          264.7616836
lambda = 1.8817e-06; f =          264.7616836
lambda = 6.2723e-07; f =          264.7616836
lambda = 2.0908e-07; f =          264.7616836
lambda = 6.9692e-08; f =          264.7616836
lambda = 2.3231e-08; f =          264.7616836
lambda = 7.7435e-09; f =          264.7616836
lambda = 2.5812e-09; f =          264.7616836
Norm of dx  0.0013814
----
Improvement on iteration 84 =        0.000000001
improvement < crit termination
smallest step still improving too slow

Final value of minus the log posterior (or likelihood):264.761684 

MODE CHECK

Fval obtained by the minimization routine (minus the posterior/likelihood)): 264.761684

RESULTS FROM POSTERIOR ESTIMATION
parameters
             prior mean     mode    s.d. prior pstdev

trend            0.500   0.7354  0.0928 norm  0.2500 
inflationqstar   1.000   1.0638  0.4379 norm  0.5000 
rstar            0.500   0.5824  0.0934 gamm  0.2500 
kappa            0.300   0.0550  0.0246 gamm  0.1500 
tau              2.000   4.5046  0.6005 gamm  0.5000 
psi1             1.500   1.1621  0.1753 gamm  0.2500 
psi2             0.125   0.2691  0.1596 gamm  0.1000 
rhoR             0.500   0.7999  0.0293 beta  0.2000 
rhog             0.800   0.9792  0.0093 beta  0.1000 
rhoz             0.300   0.4237  0.0909 beta  0.1000 

standard deviation of shocks
             prior mean     mode    s.d. prior pstdev

epsilon_R        0.003   0.0027  0.0002 invg  0.0014 
epsilon_g        0.006   0.0037  0.0007 invg  0.0032 
epsilon_z        0.009   0.0076  0.0006 invg  0.0043 


Log data density [Laplace approximation] is -303.931274.

Estimation::mcmc: One Chain mode.
Estimation::mcmc: Initialization at the posterior mode.

Estimation::mcmc: Write details about the MCMC... Ok!
Estimation::mcmc: Details about the MCMC are available in DS04/metropolis\DS04_mh_history_0.mat


Estimation::mcmc: Number of mh files: 1 per block.
Estimation::mcmc: Total number of generated files: 1.
Estimation::mcmc: Total number of iterations: 500000.
Estimation::mcmc: Current acceptance ratio per chain: 
                                                       Chain  1: 50.5738%
Estimation::mcmc: Total number of MH draws per chain: 500000.
Estimation::mcmc: Total number of generated MH files: 1.
Estimation::mcmc: I'll use mh-files 1 to 1.
Estimation::mcmc: In MH-file number 1 I'll start at line 200001.
Estimation::mcmc: Finally I keep 300000 draws per chain.



MCMC Inefficiency factors per block
Parameter            Block 1
SE_epsilon_R         109.096
SE_epsilon_g         171.499
SE_epsilon_z          98.000
trend                102.423
inflationqstar        93.008
rstar                 86.966
kappa                268.681
tau                  106.213
psi1                 161.228
psi2                 165.379
rhoR                 145.910
rhog                 111.795
rhoz                  97.637


Geweke (1992) Convergence Tests, based on means of draws 200000 to 260000 vs 350000 to 500000.
p-values are for Chi2-test for equality of means.
Parameter              Post. Mean        Post. Std   p-val No Taper   p-val 4% Taper   p-val 8% Taper  p-val 15% Taper
SE_epsilon_R                0.003            0.000            0.000            0.603            0.629            0.655
SE_epsilon_g                0.004            0.001            0.073            0.871            0.854            0.851
SE_epsilon_z                0.008            0.001            0.012            0.791            0.792            0.777
trend                       0.730            0.098            0.000            0.052            0.048            0.024
inflationqstar              1.073            0.433            0.000            0.687            0.658            0.652
rstar                       0.581            0.096            0.612            0.956            0.955            0.952
kappa                       0.067            0.028            0.000            0.694            0.693            0.701
tau                         4.536            0.596            0.697            0.969            0.964            0.957
psi1                        1.295            0.165            0.000            0.545            0.567            0.562
psi2                        0.398            0.150            0.002            0.795            0.797            0.778
rhoR                        0.807            0.027            0.000            0.699            0.699            0.668
rhog                        0.977            0.008            0.000            0.595            0.566            0.535
rhoz                        0.449            0.089            0.074            0.844            0.849            0.841


Estimation::marginal density: I'm computing the posterior mean and covariance...  Done!
Estimation::marginal density: I'm computing the posterior log marginal density (modified harmonic mean)... Done!


ESTIMATION RESULTS

Log data density is -303.848615.

parameters
                 prior mean   post. mean        90% HPD interval    prior       pstdev

trend                 0.500       0.7289      0.5702      0.8909   norm        0.2500
inflationqstar        1.000       1.0786      0.3643      1.8003   norm        0.5000
rstar                 0.500       0.5819      0.4271      0.7408   gamm        0.2500
kappa                 0.300       0.0671      0.0239      0.1078   gamm        0.1500
tau                   2.000       4.5354      3.5360      5.4836   gamm        0.5000
psi1                  1.500       1.2973      1.0132      1.5308   gamm        0.2500
psi2                  0.125       0.3958      0.1549      0.6229   gamm        0.1000
rhoR                  0.500       0.8073      0.7635      0.8529   beta        0.2000
rhog                  0.800       0.9773      0.9642      0.9913   beta        0.1000
rhoz                  0.300       0.4496      0.3032      0.5972   beta        0.1000

standard deviation of shocks
                 prior mean   post. mean        90% HPD interval    prior       pstdev

epsilon_R             0.003       0.0028      0.0025      0.0031   invg        0.0014
epsilon_g             0.006       0.0039      0.0028      0.0050   invg        0.0032
epsilon_z             0.009       0.0076      0.0066      0.0085   invg        0.0043
Estimation::mcmc: Posterior (dsge) IRFs...
Estimation::mcmc: Posterior IRFs, done!
Estimation::mcmc: Smoothed variables
Estimation::mcmc: Smoothed variables, done!
Estimation::mcmc: Smoothed shocks
Estimation::mcmc: Smoothed shocks, done!
Estimation::mcmc: Trend_coefficients
Estimation::mcmc: Trend_coefficients, done!
Estimation::mcmc: Smoothed constant
Estimation::mcmc: Smoothed constant, done!
Estimation::mcmc: Smoothed trend
Estimation::mcmc: Smoothed trend, done!
Estimation::mcmc: Updated Variables
Estimation::mcmc: Updated Variables, done!
Estimation::mcmc: Forecasted variables (mean)
Estimation::mcmc: Forecasted variables (mean), done!
Estimation::mcmc: Forecasted variables (point)
Estimation::mcmc: Forecasted variables (point), done!
Total computing time : 1h20m09s
