Starting Dynare (version 4.5.7).
Starting preprocessing of the model file ...
Found 75 equation(s).
Evaluating expressions...done
Computing static model derivatives:
 - order 1
Computing dynamic model derivatives:
 - order 1
Processing outputs ...
done
Preprocessing completed.
lonxicnnsmall   0.030   0.0237     NaN invg  0.0200 
epsilonxicdsmall    0.030   0.0131     NaN invg  0.0200 
epsilonxirsmall     0.030   0.0119     NaN invg  0.0200 
epsilonxilsmall     0.030   0.0198     NaN invg  0.0200 
epsilonr            0.002   0.0008     NaN invg  20.0000 
epsilonzm           0.005   0.0075     NaN invg  0.0200 
epsilonzk           0.005   0.0050     NaN invg  0.0200 
epsilonxgf          0.010   0.0133     NaN invg  0.0200 
epsilongthetaxc     0.005   0.0068     NaN invg  0.0200 
epsilongthetaxk     0.005   0.0033     NaN invg  0.0200 
epsilongthetal      0.005   0.0076     NaN invg  0.0200 
eta_xgdp            0.005   0.0053     NaN invg  2.0000 
eta_pgdp            0.005   0.0032     NaN invg  2.0000 
eta_pecnn           0.005   0.0043     NaN invg  2.0000 
eta_pecd            0.005   0.0149     NaN invg  2.0000 
eta_per             0.005   0.0124     NaN invg  2.0000 
eta_penr            0.005   0.0018     NaN invg  2.0000 
eta_paipc           0.005   0.0035     NaN invg  2.0000 
eta_paipk           0.005   0.0043     NaN invg  2.0000 
eta_wage            0.005   0.0087     NaN invg  2.0000 


Log data density [Laplace approximation] is NaN.


Configuring Dynare ...
[mex] Generalized QZ.
[mex] Sylvester equation solution.
[mex] Kronecker products.
[mex] Sparse kronecker products.
[mex] Local state space iteration (second order).
[mex] Bytecode evaluation.
[mex] k-order perturbation solver.
[mex] k-order solution simulation.
[mex] Quasi Monte-Carlo sequence (Sobol).
[mex] Markov Switching SBVAR.

Using 64-bit preprocessor
Starting Dynare (version 4.5.7).
Starting preprocessing of the model file ...
Found 75 equation(s).
Evaluating expressions...done
Computing static model derivatives:
 - order 1
Computing dynamic model derivatives:
 - order 1
Processing outputs ...
done
Preprocessing completed.

Initial value of the log posterior (or likelihood): -1047.9534
                                            First-order      Norm of
 Iter F-count            f(x)  Feasibility   optimality         step
    0      52    1.047953e+03    0.000e+00    5.905e+04
    1     107    9.147271e+02    0.000e+00    2.275e+04    3.126e-01
    2     159    8.288035e+02    0.000e+00    5.016e+05    8.421e-01
    3     211    7.417301e+02    0.000e+00    4.274e+04    3.317e+00
    4     264    6.194805e+02    0.000e+00    2.227e+04    1.623e+00
    5     317    6.107132e+02    0.000e+00    2.572e+04    1.410e-01
    6     370    6.082341e+02    0.000e+00    2.649e+04    6.708e-01
    7     424    5.967550e+02    0.000e+00    3.081e+04    1.776e+00
    8     477    5.941567e+02    0.000e+00    3.274e+04    1.539e+00
    9     531    5.874312e+02    0.000e+00    3.544e+04    7.431e-01
   10     585    5.848743e+02    0.000e+00    3.553e+04    3.084e-01
   11     639    5.701967e+02    0.000e+00    3.471e+04    1.705e+00
   12     692    5.664041e+02    0.000e+00    3.477e+04    6.889e-01
   13     745    5.628010e+02    0.000e+00    3.353e+04    2.098e-01
   14     799    5.588780e+02    0.000e+00    3.352e+04    7.968e-01
   15     853    5.533081e+02    0.000e+00    2.996e+04    6.033e-01
   16     906    5.482450e+02    0.000e+00    2.707e+04    4.849e-01
   17     959    5.467851e+02    0.000e+00    2.104e+04    4.467e-01
   18    1013    5.434126e+02    0.000e+00    1.098e+04    5.951e-01
   19    1066    5.371951e+02    0.000e+00    7.062e+03    3.206e-01
   20    1119    5.350673e+02    0.000e+00    3.149e+04    1.999e+00
   21    1173    5.324575e+02    0.000e+00    2.216e+04    3.241e-01
   22    1226    5.297315e+02    0.000e+00    4.414e+03    5.791e-01
   23    1280    5.235363e+02    0.000e+00    1.860e+04    1.152e+00
   24    1333    5.201752e+02    0.000e+00    4.595e+03    1.303e+00
   25    1386    5.161680e+02    0.000e+00    3.560e+04    1.192e+00
   26    1440    5.131790e+02    0.000e+00    3.333e+04    6.889e-01
   27    1494    5.108530e+02    0.000e+00    3.970e+04    7.037e-01
   28    1547    5.060748e+02    0.000e+00    1.132e+04    1.388e+00
   29    1601    5.058035e+02    0.000e+00    9.031e+03    6.259e-01
   30    1654    5.034393e+02    0.000e+00    1.451e+04    1.781e+00

                                            First-order      Norm of
 Iter F-count            f(x)  Feasibility   optimality         step
   31    1707    5.016381e+02    0.000e+00    3.019e+04    6.737e-01
   32    1760    5.015270e+02    0.000e+00    3.883e+04    1.237e+00
   33    1813    4.997978e+02    0.000e+00    1.131e+04    8.209e-01
   34    1867    4.981877e+02    0.000e+00    7.968e+03    3.348e-01
   35    1920    4.967296e+02    0.000e+00    6.217e+03    9.862e-01
   36    1974    4.936293e+02    0.000e+00    5.525e+03    4.862e-01
   37    2027    4.922474e+02    0.000e+00    5.704e+03    8.942e-01
   38    2081    4.918621e+02    0.000e+00    9.666e+03    7.843e-01
   39    2135    4.901887e+02    0.000e+00    1.071e+04    6.230e-01
   40    2189    4.889513e+02    0.000e+00    5.162e+03    4.611e-01
   41    2243    4.874171e+02    0.000e+00    3.619e+03    3.699e-01
   42    2297    4.862534e+02    0.000e+00    6.660e+03    3.760e-01
   43    2350    4.856071e+02    0.000e+00    1.557e+03    1.163e+00
   44    2405    4.847796e+02    0.000e+00    1.710e+03    5.724e-01
   45    2459    4.839485e+02    0.000e+00    2.054e+03    3.091e-01
   46    2513    4.820227e+02    0.000e+00    2.073e+03    8.704e-01
   47    2566    4.803900e+02    0.000e+00    4.019e+03    3.131e-01
   48    2620    4.782498e+02    0.000e+00    3.849e+03    6.837e-01
   49    2673    4.768131e+02    0.000e+00    5.669e+03    9.116e-01
   50    2726    4.750063e+02    0.000e+00    4.206e+03    4.965e-01
   51    2779    4.738444e+02    0.000e+00    9.842e+03    9.292e-01
   52    2832    4.709631e+02    0.000e+00    7.122e+03    3.509e-01
   53    2885    4.700593e+02    0.000e+00    5.504e+03    4.131e-01
   54    2939    4.681510e+02    0.000e+00    6.757e+03    7.202e-01
   55    2992    4.675127e+02    0.000e+00    5.634e+03    2.939e-01
   56    3045    4.661475e+02    0.000e+00    3.302e+03    3.915e-01
   57    3100    4.658906e+02    0.000e+00    2.047e+03    1.262e-01
   58    3153    4.657362e+02    0.000e+00    3.176e+03    5.328e-01
   59    3208    4.654888e+02    0.000e+00    3.693e+03    1.422e-01
   60    3262    4.650780e+02    0.000e+00    2.729e+03    1.992e-01

                                            First-order      Norm of
 Iter F-count            f(x)  Feasibility   optimality         step
   61    3317    4.648192e+02    0.000e+00    1.915e+03    2.594e-01
   62    3371    4.646146e+02    0.000e+00    1.300e+03    3.017e-01
   63    3425    4.644707e+02    0.000e+00    1.110e+03    1.150e-01
   64    3482    4.642307e+02    0.000e+00    1.831e+03    1.081e-01
   65    3536    4.642317e+02    0.000e+00    6.644e+02    1.687e-01
   66    3590    4.640452e+02    0.000e+00    4.152e+02    1.422e-01
   67    3648    4.639525e+02    0.000e+00    8.095e+02    7.010e-02
   68    3701    4.639010e+02    0.000e+00    3.868e+02    8.794e-02
   69    3755    4.638703e+02    0.000e+00    4.589e+02    1.060e-01
   70    3810    4.638060e+02    0.000e+00    1.913e+03    2.822e-01
   71    3864    4.637911e+02    0.000e+00    2.127e+03    8.777e-02
   72    3919    4.635816e+02    0.000e+00    4.977e+02    2.360e-01
   73    3976    4.635215e+02    0.000e+00    1.921e+02    2.274e-01
   74    4030    4.634648e+02    0.000e+00    4.297e+02    1.225e-01
   75    4088    4.634249e+02    0.000e+00    1.754e+02    3.215e-02
   76    4142    4.634125e+02    0.000e+00    3.865e+02    3.020e-02
   77    4199    4.633733e+02    0.000e+00    2.525e+02    3.865e-02
   78    4253    4.633653e+02    0.000e+00    3.755e+02    4.751e-02
   79    4309    4.633192e+02    0.000e+00    9.375e+02    1.015e-01
   80    4362    4.633150e+02    0.000e+00    1.134e+03    9.202e-02
   81    4420    4.632729e+02    0.000e+00    1.678e+02    2.571e-02
   82    4473    4.632382e+02    0.000e+00    1.500e+02    4.889e-02
   83    4527    4.632229e+02    0.000e+00    2.714e+02    7.025e-02
   84    4586    4.631865e+02    0.000e+00    2.893e+02    1.167e-02
   85    4639    4.631464e+02    0.000e+00    1.451e+02    6.491e-02
   86    4694    4.631193e+02    0.000e+00    1.616e+02    1.200e-01
   87    4747    4.631726e+02    0.000e+00    4.109e+02    1.111e-01
   88    4802    4.630844e+02    0.000e+00    4.201e+02    2.754e-01
   89    4862    4.630717e+02    0.000e+00    4.293e+02    1.269e-02
   90    4915    4.630550e+02    0.000e+00    3.592e+02    2.307e-02

                                            First-order      Norm of
 Iter F-count            f(x)  Feasibility   optimality         step
   91    4969    4.630190e+02    0.000e+00    2.581e+02    9.558e-02
   92    5027    4.629955e+02    0.000e+00    5.122e+01    3.702e-02
   93    5082    4.629847e+02    0.000e+00    1.234e+02    4.873e-02
   94    5139    4.629620e+02    0.000e+00    2.811e+01    4.475e-02
   95    5197    4.629580e+02    0.000e+00    2.333e+00    4.687e-02
   96    5258    4.629560e+02    0.000e+00    1.011e+01    1.203e-02
   97    5314    4.629549e+02    0.000e+00    2.595e+01    3.744e-02
   98    5371    4.629540e+02    0.000e+00    2.204e+01    2.187e-02
   99    5426    4.629540e+02    0.000e+00    2.156e+01    2.863e-03
  100    5482    4.629529e+02    0.000e+00    2.172e+01    8.574e-03
  101    5536    4.629529e+02    0.000e+00    1.643e+01    4.216e-03
  102    5593    4.629526e+02    0.000e+00    6.875e+00    9.334e-03
  103    5648    4.629526e+02    0.000e+00    6.951e+00    2.123e-03
  104    5704    4.629524e+02    0.000e+00    8.341e+00    3.953e-03
  105    5762    4.629523e+02    0.000e+00    1.840e+01    1.665e-03
  106    5820    4.629523e+02    0.000e+00    9.397e+00    9.314e-04
  107    5873    4.629522e+02    0.000e+00    2.115e+01    7.839e-04
  108    5929    4.629521e+02    0.000e+00    2.759e+01    2.382e-03
  109    5982    4.629520e+02    0.000e+00    1.849e+01    5.270e-03
  110    6038    4.629519e+02    0.000e+00    1.909e+01    1.050e-02
  111    6097    4.629518e+02    0.000e+00    2.066e+01    2.677e-03
  112    6150    4.629518e+02    0.000e+00    1.169e+01    2.526e-03
  113    6206    4.629517e+02    0.000e+00    1.458e+01    5.188e-03
  114    6261    4.629517e+02    0.000e+00    1.499e+01    2.809e-03
  115    6316    4.629516e+02    0.000e+00    1.453e+01    3.755e-03
  116    6371    4.629517e+02    0.000e+00    2.153e+01    5.814e-03
  117    6424    4.629515e+02    0.000e+00    1.601e+01    3.492e-03
  118    6477    4.629515e+02    0.000e+00    2.391e+01    3.376e-03
  119    6530    4.629514e+02    0.000e+00    3.501e+01    3.130e-03
  120    6583    4.629514e+02    0.000e+00    4.007e+01    2.924e-03

                                            First-order      Norm of
 Iter F-count            f(x)  Feasibility   optimality         step
  121    6636    4.629513e+02    0.000e+00    1.099e+01    4.739e-03
  122    6691    4.629513e+02    0.000e+00    1.528e+01    1.156e-03
  123    6748    4.629512e+02    0.000e+00    1.086e+01    1.242e-03
  124    6804    4.629512e+02    0.000e+00    2.847e+00    1.060e-03
  125    6859    4.629512e+02    0.000e+00    3.471e+00    2.484e-04
  126    6915    4.629512e+02    0.000e+00    6.984e-02    5.168e-04
  127    6969    4.629512e+02    0.000e+00    7.231e+00    4.828e-04
  128    7025    4.629512e+02    0.000e+00    2.960e+00    1.083e-03
  129    7080    4.629512e+02    0.000e+00    8.773e+00    5.650e-04
  130    7135    4.629512e+02    0.000e+00    1.434e+01    1.140e-03
  131    7188    4.629512e+02    0.000e+00    1.087e+01    4.916e-03
  132    7243    4.629512e+02    0.000e+00    2.105e+01    9.324e-04
  133    7296    4.629511e+02    0.000e+00    2.022e+01    1.272e-03
  134    7349    4.629511e+02    0.000e+00    9.622e+00    1.964e-03
  135    7408    4.629511e+02    0.000e+00    3.503e+00    5.991e-04
  136    7462    4.629511e+02    0.000e+00    5.296e+00    2.895e-04
  137    7517    4.629511e+02    0.000e+00    1.275e+01    7.409e-04
  138    7572    4.629511e+02    0.000e+00    1.052e+01    3.238e-04
  139    7628    4.629511e+02    0.000e+00    3.972e+00    1.030e-03
  140    7682    4.629511e+02    0.000e+00    4.898e+00    2.729e-04
  141    7739    4.629511e+02    0.000e+00    6.943e-01    6.333e-04
  142    7792    4.629511e+02    0.000e+00    1.670e+00    2.793e-04
  143    7845    4.629511e+02    0.000e+00    2.259e+00    8.612e-04
  144    7904    4.629511e+02    0.000e+00    7.574e-02    3.266e-04
  145    7957    4.629511e+02    0.000e+00    2.370e+00    1.861e-04
  146    8010    4.629511e+02    0.000e+00    3.699e+00    4.897e-04
  147    8068    4.629511e+02    0.000e+00    7.177e+00    3.228e-04
  148    8123    4.629511e+02    0.000e+00    8.069e+00    9.676e-05
  149    8180    4.629511e+02    0.000e+00    5.696e-01    1.703e-04
  150    8235    4.629511e+02    0.000e+00    1.035e+00    5.915e-05

                                            First-order      Norm of
 Iter F-count            f(x)  Feasibility   optimality         step
  151    8291    4.629511e+02    0.000e+00    3.744e-01    2.684e-04
  152    8347    4.629511e+02    0.000e+00    2.446e-01    2.811e-04
  153    8402    4.629511e+02    0.000e+00    8.059e-01    3.657e-05
  154    8458    4.629511e+02    0.000e+00    1.384e-01    1.396e-04
  155    8511    4.629510e+02    0.000e+00    3.045e+00    6.437e-05
  156    8567    4.629510e+02    0.000e+00    3.111e-01    1.820e-04
  157    8621    4.629510e+02    0.000e+00    1.155e+01    1.761e-04
  158    8681    4.629510e+02    0.000e+00    9.508e-01    3.768e-05
  159    8734    4.629510e+02    0.000e+00    1.053e+00    8.589e-06
  160    8790    4.629510e+02    0.000e+00    3.612e-01    6.113e-05
  161    8846    4.629510e+02    0.000e+00    1.106e-01    6.054e-05
  162    8899    4.629510e+02    0.000e+00    2.652e+00    2.805e-05
  163    8955    4.629510e+02    0.000e+00    8.699e-01    1.633e-04
  164    9013    4.629510e+02    0.000e+00    3.773e-01    9.921e-05
  165    9068    4.629510e+02    0.000e+00    7.595e-01    7.092e-06
  166    9124    4.629510e+02    0.000e+00    3.837e-01    6.340e-05
  167    9182    4.629510e+02    0.000e+00    3.649e-01    1.017e-05

<a href = "matlab: helpview([docroot '/toolbox/optim/msg_csh/optim_msg_csh.map'],'local_min_poss_with_constr','CSHelpWindow');">Local minimum possible. Constraints satisfied</a>.

fmincon stopped because the <a href = "matlab: helpview([docroot '/toolbox/optim/msg_csh/optim_msg_csh.map'],'norm_curr_step_simple_fminconip','CSHelpWindow');">size of the current step</a> is less than
the value of the <a href = "matlab: helpview([docroot '/toolbox/optim/msg_csh/optim_msg_csh.map'],'step_size_tol','CSHelpWindow');">step size tolerance</a> and constraints are 
satisfied to within the value of the <a href = "matlab: helpview([docroot '/toolbox/optim/msg_csh/optim_msg_csh.map'],'constraint_tolerance','CSHelpWindow');">constraint tolerance</a>.

<<a href = "matlab: createExitMsg({'optimlib:sqpLineSearch:Exit2basic','fmincon'},{'optimlib:sqpLineSearch:Exit2detailed','1.000000e-06','0.000000e+00','1.000000e-06'},true,true);;">stopping criteria details</a>>

Final value of minus the log posterior (or likelihood):462.951040 

MODE CHECK

Fval obtained by the minimization routine (minus the posterior/likelihood)): 462.951040

RESULTS FROM POSTERIOR ESTIMATION
parameters
                prior mean     mode    s.d. prior pstdev

Hcnn                0.500   0.9567  0.0200 beta  0.1220 
Hcd                 0.500   0.5135  0.1382 beta  0.1220 
Hr                  0.500   0.4816  0.1302 beta  0.1220 
NU                  2.000   2.6701  0.7089 gamm  1.0000 
CHIp                2.000   1.7916  0.9639 gamm  1.0000 
ETAp                0.500   0.3569  0.3241 beta  0.2240 
CHIw                2.000   3.2869  1.1274 gamm  1.0000 
ETAw                0.500   0.2153  0.1684 beta  0.2240 
CHInr               2.000   2.2642  0.6896 gamm  1.0000 
CHIcd               2.000   2.5481  0.8657 gamm  1.0000 
CHIr                6.000   7.1337  0.9645 gamm  1.0000 
CHIl                2.000   0.0088  0.0064 gamm  1.0000 
ETAl                0.500   0.7796  0.1434 beta  0.2240 
PHIpaigdp           2.000   5.5091  0.5183 norm  1.0000 
PHIdeltapaigdp      0.500   0.5115  0.4041 norm  0.4000 
PHIhgdp             0.500   0.3406  0.2178 norm  0.4000 
PHIdeltahgdp        0.500  -0.1028  0.0889 norm  0.4000 
PHIr                0.750   0.6820  0.1905 beta  0.1120 
RHOanr              0.750   0.8307  0.0415 beta  0.1120 
RHOacd              0.750   0.7907  0.1150 beta  0.1120 
RHOar               0.500   0.7767  0.0613 beta  0.1500 
RHOxicnnsmall       0.750   0.6916  0.1303 beta  0.1120 
RHOxicdsmall        0.750   0.9611  0.0135 beta  0.1120 
RHOxirsmall         0.750   0.7920  0.1179 beta  0.1120 
RHOxilsmall         0.750   0.9401  0.0247 beta  0.1120 
RHOzm               0.500   0.8201  0.0601 beta  0.1500 
RHOzk               0.500   0.8232  0.0638 beta  0.1500 
RHOxgf              0.750   0.7898  0.1188 beta  0.1120 

standard deviation of shocks
                prior mean     mode    s.d. prior pstdev

epsilonanr          0.040   0.0461  0.0115 invg  0.0200 
epsilonacd          0.020   0.0117  0.0045 invg  0.0200 
epsilonar           0.040   0.0446  0.0080 invg  0.0200 
epsilonxicnnsmall   0.030   0.0449  0.0200 invg  0.0200 
epsilonxicdsmall    0.030   0.1040  0.0301 invg  0.0200 
epsilonxirsmall     0.030   0.0197  0.0067 invg  0.0200 
epsilonxilsmall     0.030   0.0449  0.0107 invg  0.0200 
epsilonr            0.002   0.0005  0.0003 invg  20.0000 
epsilonzm           0.005   0.0034  0.0007 invg  0.0200 
epsilonzk           0.005   0.0049  0.0012 invg  0.0200 
epsilonxgf          0.010   0.0050  0.0021 invg  0.0200 
epsilongthetaxc     0.005   0.0024  0.0009 invg  0.0200 
epsilongthetaxk     0.005   0.0024  0.0009 invg  0.0200 
epsilongthetal      0.005   0.0024  0.0009 invg  0.0200 
eta_xgdp            0.005   0.0035  0.0004 invg  2.0000 
eta_pgdp            0.005   0.0031  0.0002 invg  2.0000 
eta_pecnn           0.005   0.0036  0.0007 invg  2.0000 
eta_pecd            0.005   0.0320  0.0025 invg  2.0000 
eta_per             0.005   0.0023  0.0009 invg  2.0000 
eta_penr            0.005   0.0105  0.0018 invg  2.0000 
eta_paipc           0.005   0.0039  0.0003 invg  2.0000 
eta_paipk           0.005   0.0032  0.0004 invg  2.0000 
eta_wage            0.005   0.0061  0.0005 invg  2.0000 


Log data density [Laplace approximation] is -627.237770.

Estimation::mcmc: One Chain mode.
Estimation::mcmc: Initialization at the posterior mode.

Estimation::mcmc: Write details about the MCMC... Ok!
Estimation::mcmc: Details about the MCMC are available in FRBEDO08/metropolis\FRBEDO08_mh_history_0.mat


Estimation::mcmc: Number of mh files: 5 per block.
Estimation::mcmc: Total number of generated files: 5.
Estimation::mcmc: Total number of iterations: 1000000.
Estimation::mcmc: Current acceptance ratio per chain: 
                                                       Chain  1: 3.6811%
Estimation::mcmc: Total number of MH draws per chain: 1000000.
Estimation::mcmc: Total number of generated MH files: 5.
Estimation::mcmc: I'll use mh-files 2 to 5.
Estimation::mcmc: In MH-file number 2 I'll start at line 64151.
Estimation::mcmc: Finally I keep 700000 draws per chain.



MCMC Inefficiency factors per block
Parameter                  Block 1
SE_epsilonanr              628.356
SE_epsilonacd              747.320
SE_epsilonar               547.620
SE_epsilonxicnnsmall       538.446
SE_epsilonxicdsmall        660.839
SE_epsilonxirsmall         660.500
SE_epsilonxilsmall         572.363
SE_epsilonr                693.235
SE_epsilonzm               590.569
SE_epsilonzk               565.195
SE_epsilonxgf              651.101
SE_epsilongthetaxc         692.295
SE_epsilongthetaxk         730.255
SE_epsilongthetal          733.361
SE_eta_xgdp                610.448
SE_eta_pgdp                573.754
SE_eta_pecnn               427.160
SE_eta_pecd                548.302
SE_eta_per                 708.070
SE_eta_penr                562.113
SE_eta_paipc               515.060
SE_eta_paipk               454.638
SE_eta_wage                562.626
Hcnn                       369.264
Hcd                        515.531
Hr                         513.707
NU                         625.195
CHIp                       608.476
ETAp                       449.312
CHIw                       625.869
ETAw                       534.693
CHInr                      612.632
CHIcd                      663.690
CHIr                       567.622
CHIl                       712.504
ETAl                       539.539
PHIpaigdp                  658.567
PHIdeltapaigdp             548.808
PHIhgdp                    650.632
PHIdeltahgdp               728.072
PHIr                       366.041
RHOanr                     594.028
RHOacd                     565.498
RHOar                      547.474
RHOxicnnsmall              514.084
RHOxicdsmall               702.124
RHOxirsmall                537.519
RHOxilsmall                616.353
RHOzm                      666.818
RHOzk                      585.138
RHOxgf                     526.108


Geweke (1992) Convergence Tests, based on means of draws 300000 to 440000 vs 650000 to 1000000.
p-values are for Chi2-test for equality of means.
Parameter                    Post. Mean        Post. Std   p-val No Taper   p-val 4% Taper   p-val 8% Taper  p-val 15% Taper
SE_epsilonanr                     0.055            0.016            0.000            0.197            0.213            0.166
SE_epsilonacd                     0.041            0.046            0.000            0.000            0.000            0.000
SE_epsilonar                      0.045            0.007            0.000            0.834            0.848            0.852
SE_epsilonxicnnsmall              0.032            0.014            0.000            0.212            0.223            0.238
SE_epsilonxicdsmall               0.099            0.036            0.000            0.001            0.003            0.005
SE_epsilonxirsmall                0.028            0.013            0.000            0.346            0.388            0.429
SE_epsilonxilsmall                0.037            0.011            0.000            0.263            0.308            0.314
SE_epsilonr                       0.001            0.000            0.000            0.057            0.138            0.222
SE_epsilonzm                      0.004            0.001            0.000            0.213            0.300            0.404
SE_epsilonzk                      0.006            0.001            0.000            0.061            0.067            0.045
SE_epsilonxgf                     0.006            0.003            0.000            0.512            0.548            0.520
SE_epsilongthetaxc                0.004            0.002            0.000            0.791            0.810            0.818
SE_epsilongthetaxk                0.004            0.003            0.000            0.044            0.105            0.138
SE_epsilongthetal                 0.004            0.003            0.000            0.069            0.151            0.196
SE_eta_xgdp                       0.003            0.000            0.001            0.950            0.956            0.961
SE_eta_pgdp                       0.003            0.000            0.000            0.451            0.491            0.514
SE_eta_pecnn                      0.004            0.000            0.000            0.064            0.121            0.197
SE_eta_pecd                       0.030            0.003            0.000            0.225            0.263            0.303
SE_eta_per                        0.004            0.002            0.000            0.729            0.750            0.765
SE_eta_penr                       0.012            0.002            0.000            0.026            0.038            0.035
SE_eta_paipc                      0.003            0.000            0.000            0.089            0.093            0.093
SE_eta_paipk                      0.003            0.000            0.000            0.031            0.034            0.034
SE_eta_wage                       0.006            0.001            0.000            0.786            0.751            0.724
Hcnn                              0.973            0.009            0.000            0.394            0.439            0.490
Hcd                               0.510            0.127            0.000            0.346            0.363            0.389
Hr                                0.482            0.122            0.000            0.185            0.133            0.145
NU                                3.041            0.792            0.000            0.042            0.067            0.056
CHIp                              2.068            1.026            0.000            0.028            0.060            0.081
ETAp                              0.325            0.152            0.000            0.010            0.017            0.012
CHIw                              4.267            1.368            0.000            0.154            0.183            0.217
ETAw                              0.271            0.155            0.000            0.887            0.889            0.886
CHInr                             2.708            0.838            0.000            0.001            0.001            0.001
CHIcd                             3.651            1.273            0.000            0.000            0.004            0.014
CHIr                              7.113            1.028            0.000            0.536            0.556            0.545
CHIl                              0.018            0.013            0.000            0.223            0.345            0.429
ETAl                              0.792            0.125            0.000            0.907            0.913            0.920
PHIpaigdp                         3.146            0.747            0.000            0.020            0.054            0.081
PHIdeltapaigdp                    0.911            0.404            0.000            0.232            0.185            0.082
PHIhgdp                           0.916            0.266            0.000            0.002            0.004            0.008
PHIdeltahgdp                      0.254            0.317            0.000            0.013            0.048            0.090
PHIr                              0.901            0.013            0.001            0.940            0.949            0.954
RHOanr                            0.830            0.049            0.000            0.775            0.791            0.798
RHOacd                            0.722            0.117            0.000            0.001            0.005            0.014
RHOar                             0.898            0.045            0.000            0.320            0.406            0.475
RHOxicnnsmall                     0.733            0.106            0.000            0.176            0.198            0.164
RHOxicdsmall                      0.949            0.024            0.000            0.000            0.008            0.031
RHOxirsmall                       0.755            0.115            0.000            0.883            0.892            0.879
RHOxilsmall                       0.945            0.028            0.000            0.055            0.118            0.150
RHOzm                             0.734            0.099            0.000            0.542            0.550            0.548
RHOzk                             0.797            0.075            0.000            0.612            0.626            0.640
RHOxgf                            0.756            0.110            0.000            0.156            0.142            0.109


Estimation::marginal density: I'm computing the posterior mean and covariance...  Done!
Estimation::marginal density: I'm computing the posterior log marginal density (modified harmonic mean)... Done!


ESTIMATION RESULTS

Log data density is -612.153618.

parameters
                    prior mean   post. mean        90% HPD interval    prior       pstdev

Hcnn                     0.500       0.9734      0.9619      0.9816   beta        0.1220
Hcd                      0.500       0.5110      0.3044      0.7248   beta        0.1220
Hr                       0.500       0.4817      0.2906      0.6789   beta        0.1220
NU                       2.000       3.1141      1.8603      4.4344   gamm        1.0000
CHIp                     2.000       1.9039      0.6059      3.1737   gamm        1.0000
ETAp                     0.500       0.3145      0.0702      0.5499   beta        0.2240
CHIw                     2.000       4.3236      2.0685      6.5554   gamm        1.0000
ETAw                     0.500       0.2707      0.0249      0.4942   beta        0.2240
CHInr                    2.000       2.7038      1.3686      4.0011   gamm        1.0000
CHIcd                    2.000       3.7654      1.7333      5.8240   gamm        1.0000
CHIr                     6.000       7.1145      5.4220      8.7383   gamm        1.0000
CHIl                     2.000       0.0187      0.0035      0.0380   gamm        1.0000
ETAl                     0.500       0.8006      0.6144      0.9630   beta        0.2240
PHIpaigdp                2.000       3.2331      2.0257      4.4062   norm        1.0000
PHIdeltapaigdp           0.500       0.9209      0.2443      1.5634   norm        0.4000
PHIhgdp                  0.500       0.8990      0.4593      1.3194   norm        0.4000
PHIdeltahgdp             0.500       0.1993     -0.2428      0.7187   norm        0.4000
PHIr                     0.750       0.9017      0.8804      0.9229   beta        0.1120
RHOanr                   0.750       0.8328      0.7565      0.9104   beta        0.1120
RHOacd                   0.750       0.7132      0.5256      0.9106   beta        0.1120
RHOar                    0.500       0.8998      0.8338      0.9606   beta        0.1500
RHOxicnnsmall            0.750       0.7371      0.5690      0.9116   beta        0.1120
RHOxicdsmall             0.750       0.9474      0.9118      0.9834   beta        0.1120
RHOxirsmall              0.750       0.7518      0.5713      0.9417   beta        0.1120
RHOxilsmall              0.750       0.9432      0.9031      0.9876   beta        0.1120
RHOzm                    0.500       0.7256      0.5873      0.8716   beta        0.1500
RHOzk                    0.500       0.8058      0.6968      0.9180   beta        0.1500
RHOxgf                   0.750       0.7578      0.5858      0.9359   beta        0.1120

standard deviation of shocks
                    prior mean   post. mean        90% HPD interval    prior       pstdev

epsilonanr               0.040       0.0547      0.0305      0.0771   invg        0.0200
epsilonacd               0.020       0.0518      0.0060      0.1255   invg        0.0200
epsilonar                0.040       0.0460      0.0358      0.0566   invg        0.0200
epsilonxicnnsmall        0.030       0.0309      0.0116      0.0509   invg        0.0200
epsilonxicdsmall         0.030       0.0999      0.0415      0.1585   invg        0.0200
epsilonxirsmall          0.030       0.0269      0.0118      0.0431   invg        0.0200
epsilonxilsmall          0.030       0.0373      0.0206      0.0546   invg        0.0200
epsilonr                 0.002       0.0013      0.0011      0.0016   invg       20.0000
epsilonzm                0.005       0.0043      0.0030      0.0057   invg        0.0200
epsilonzk                0.005       0.0058      0.0036      0.0077   invg        0.0200
epsilonxgf               0.010       0.0066      0.0027      0.0108   invg        0.0200
epsilongthetaxc          0.005       0.0037      0.0013      0.0066   invg        0.0200
epsilongthetaxk          0.005       0.0040      0.0012      0.0062   invg        0.0200
epsilongthetal           0.005       0.0045      0.0011      0.0086   invg        0.0200
eta_xgdp                 0.005       0.0033      0.0025      0.0041   invg        2.0000
eta_pgdp                 0.005       0.0026      0.0022      0.0030   invg        2.0000
eta_pecnn                0.005       0.0039      0.0033      0.0046   invg        2.0000
eta_pecd                 0.005       0.0304      0.0262      0.0344   invg        2.0000
eta_per                  0.005       0.0039      0.0013      0.0073   invg        2.0000
eta_penr                 0.005       0.0118      0.0088      0.0148   invg        2.0000
eta_paipc                0.005       0.0032      0.0028      0.0037   invg        2.0000
eta_paipk                0.005       0.0027      0.0023      0.0032   invg        2.0000
eta_wage                 0.005       0.0063      0.0054      0.0072   invg        2.0000
Estimation::mcmc: Posterior (dsge) IRFs...
Estimation::mcmc: Posterior IRFs, done!
Estimation::mcmc: Smoothed variables
Estimation::mcmc: Smoothed variables, done!
Estimation::mcmc: Smoothed shocks
Estimation::mcmc: Smoothed shocks, done!
Estimation::mcmc: Trend_coefficients
Estimation::mcmc: Trend_coefficients, done!
Estimation::mcmc: Smoothed constant
Estimation::mcmc: Smoothed constant, done!
Estimation::mcmc: Smoothed trend
Estimation::mcmc: Smoothed trend, done!
Estimation::mcmc: Updated Variables
Estimation::mcmc: Updated Variables, done!
Estimation::mcmc: Forecasted variables (mean)
Estimation::mcmc: Forecasted variables (mean), done!
Estimation::mcmc: Forecasted variables (point)
Estimation::mcmc: Forecasted variables (point), done!
Total computing time : 4h00m10s
