Starting preprocessing of the model file ...
WARNING: in the 'steady_state_model' block, variable 'ewma' is not assigned a value
WARNING: in the 'steady_state_model' block, variable 'epinfma' is not assigned a value
WARNING: in the 'steady_state_model' block, variable 'zcapf' is not assigned a value
WARNING: in the 'steady_state_model' block, variable 'rkf' is not assigned a value
WARNING: in the 'steady_state_model' block, variable 'kf' is not assigned a value
WARNING: in the 'steady_state_model' block, variable 'pkf' is not assigned a value
WARNING: in the 'steady_state_model' block, variable 'cf' is not assigned a value
WARNING: in the 'steady_state_model' block, variable 'invef' is not assigned a value
WARNING: in the 'steady_state_model' block, variable 'yf' is not assigned a value
WARNING: in the 'steady_state_model' block, variable 'labf' is not assigned a value
WARNING: in the 'steady_state_model' block, variable 'wf' is not assigned a value
WARNING: in the 'steady_state_model' block, variable 'rrf' is not assigned a value
WARNING: in the 'steady_state_model' block, variable 'mc' is not assigned a value
WARNING: in the 'steady_state_model' block, variable 'zcap' is not assigned a value
WARNING: in the 'steady_state_model' block, variable 'rk' is not assigned a value
WARNING: in the 'steady_state_model' block, variable 'k' is not assigned a value
WARNING: in the 'steady_state_model' block, variable 'pk' is not assigned a value
WARNING: in the 'steady_state_model' block, variable 'c' is not assigned a value
WARNING: in the 'steady_state_model' block, variable 'inve' is not assigned a value
WARNING: in the 'steady_state_model' block, variable 'y' is not assigned a value
WARNING: in the 'steady_state_model' block, variable 'lab' is not assigned a value
WARNING: in the 'steady_state_model' block, variable 'pinf' is not assigned a value
WARNING: in the 'steady_state_model' block, variable 'w' is not assigned a value
WARNING: in the 'steady_state_model' block, variable 'r' is not assigned a value
WARNING: in the 'steady_state_model' block, variable 'a' is not assigned a value
WARNING: in the 'steady_state_model' block, variable 'b' is not assigned a value
WARNING: in the 'steady_state_model' block, variable 'g' is not assigned a value
WARNING: in the 'steady_state_model' block, variable 'qs' is not assigned a value
WARNING: in the 'steady_state_model' block, variable 'ms' is not assigned a value
WARNING: in the 'steady_state_model' block, variable 'spinf' is not assigned a value
WARNING: in the 'steady_state_model' block, variable 'sw' is not assigned a value
WARNING: in the 'steady_state_model' block, variable 'kpf' is not assigned a value
WARNING: in the 'steady_state_model' block, variable 'kp' is not assigned a value
Found 40 equation(s).
Evaluating expressions...done
Computing static model derivatives (order 1).
Computing dynamic model derivatives (order 2).
Processing outputs ...
done
Preprocessing completed.
[Warning: Some of the parameters have no value (ccs, cinvs, crdpi) when using
initial_estimation_checks. If these parameters are not initialized in a steadystate file or a
steady_state_model-block, Dynare may not be able to solve the model...] 
Initial value of the log posterior (or likelihood): -836.0356

==========================================================
   Change in the posterior covariance matrix = 3.9998.
   Change in the posterior mean = 0.65526.
   Mode improvement = 322.0701
   New value of jscale = 0.0046026
==========================================================

==========================================================
   Change in the posterior covariance matrix = 0.42466.
   Change in the posterior mean = 1.1724.
   Mode improvement = 28.6166
   New value of jscale = 0.41028
==========================================================

==========================================================
   Change in the posterior covariance matrix = 2.7166.
   Change in the posterior mean = 1.9609.
   Mode improvement = 12.2069
   New value of jscale = 0.208
==========================================================

Optimal value of the scale parameter = 0.208


Final value of minus the log posterior (or likelihood):473.141981 

RESULTS FROM POSTERIOR ESTIMATION
parameters
             prior mean     mode    s.d. prior pstdev

crhoa            0.500   0.9874  0.0087 beta 0.2000 
crhob            0.500   0.1187  0.1013 beta 0.2000 
crhog            0.500   0.9478  0.0311 beta 0.2000 
crhoqs           0.500   0.6805  0.0707 beta 0.2000 
crhoms           0.500   0.2105  0.0811 beta 0.2000 
crhopinf         0.500   0.9904  0.0538 beta 0.2000 
crhow            0.500   0.9570  0.0183 beta 0.2000 
cmap             0.500   0.8064  0.0782 beta 0.2000 
cmaw             0.500   0.6339  0.0775 beta 0.2000 
csadjcost        4.000   5.0388  0.8347 norm 1.5000 
csigma           1.500   1.1240  0.1309 norm 0.3750 
chabb            0.700   0.8365  0.0443 beta 0.1000 
cprobw           0.500   0.7380  0.0389 beta 0.1000 
csigl            2.000   2.1271  0.6812 norm 0.7500 
cprobp           0.500   0.6613  0.0579 beta 0.1000 
cindw            0.500   0.5892  0.1072 beta 0.1500 
cindp            0.500   0.3603  0.0897 beta 0.1500 
czcap            0.500   0.6477  0.0646 beta 0.1500 
cfc              1.250   1.6263  0.0857 norm 0.1250 
crpi             1.500   1.5964  0.1834 norm 0.2500 
crr              0.750   0.6729  0.0351 beta 0.1000 
cry              0.125   0.0010  0.0285 norm 0.0500 
crdy             0.125   0.1303  0.0305 norm 0.0500 
constepinf       0.625   0.6851  0.0733 gamm 0.1000 
constebeta       0.250   0.2045  0.0779 gamm 0.1000 
constelab        0.000   0.5078  1.7996 norm 2.0000 
ctrend           0.400   0.5438  0.0857 norm 0.1000 
cgy              0.500   0.5540  0.1128 norm 0.2500 
calfa            0.300   0.2158  0.0180 norm 0.0500 

standard deviation of shocks
             prior mean     mode    s.d. prior pstdev

ea               0.100   0.3717  0.0370 invg 2.0000 
eb               0.100   0.2398  0.0277 invg 2.0000 
eg               0.100   0.4916  0.0376 invg 2.0000 
eqs              0.100   0.4195  0.0601 invg 2.0000 
em               0.100   0.2579  0.0237 invg 2.0000 
epinf            0.100   0.1066  0.0169 invg 2.0000 
ew               0.100   0.1437  0.0226 invg 2.0000 


Log data density [Laplace approximation] is -557.591310.

mh_jscale has been set equal to 0.22777

Estimation::mcmc: One Chain mode.
Estimation::mcmc: Initialization at the posterior mode.

Estimation::mcmc: Write details about the MCMC... Ok!
Estimation::mcmc: Details about the MCMC are available in SW07/metropolis\SW07_mh_history_0.mat


Estimation::mcmc: Number of mh files: 4 per block.
Estimation::mcmc: Total number of generated files: 4.
Estimation::mcmc: Total number of iterations: 1000000.
Estimation::mcmc: Current acceptance ratio per chain: 
                                                       Chain  1: 22.7101%
Estimation::mcmc: Total number of MH draws per chain: 1000000.
Estimation::mcmc: Total number of generated MH files: 4.
Estimation::mcmc: I'll use mh-files 1 to 4.
Estimation::mcmc: In MH-file number 1 I'll start at line 300001.
Estimation::mcmc: Finally I keep 700000 draws per chain.



MCMC Inefficiency factors per block
Parameter        Block 1
SE_ea            342.437
SE_eb            395.859
SE_eg            357.283
SE_eqs           456.161
SE_em            327.578
SE_epinf         693.696
SE_ew            590.436
crhoa            743.180
crhob            445.113
crhog            415.933
crhoqs           433.896
crhoms           451.475
crhopinf         720.215
crhow            555.297
cmap             680.661
cmaw             610.550
csadjcost        456.021
csigma           444.237
chabb            442.180
cprobw           635.095
csigl            530.910
cprobp           729.730
cindw            529.868
cindp            582.812
czcap            597.269
cfc              409.508
crpi             471.649
crr              640.730
cry              694.324
crdy             561.741
constepinf       522.834
constebeta       393.875
constelab        382.218
ctrend           645.879
cgy              491.015
calfa            450.203


Geweke (1992) Convergence Tests, based on means of draws 300000 to 440000 vs 650000 to 1000000.
p-values are for Chi2-test for equality of means.
Parameter          Post. Mean        Post. Std   p-val No Taper   p-val 4% Taper   p-val 8% Taper  p-val 15% Taper
SE_ea                   0.367            0.031            0.000            0.026            0.073            0.120
SE_eb                   0.238            0.027            0.000            0.137            0.158            0.149
SE_eg                   0.509            0.038            0.000            0.040            0.057            0.061
SE_eqs                  0.479            0.072            0.000            0.000            0.000            0.000
SE_em                   0.262            0.020            0.000            0.476            0.492            0.463
SE_epinf                0.114            0.031            0.000            0.000            0.000            0.001
SE_ew                   0.137            0.030            0.000            0.000            0.000            0.000
crhoa                   0.915            0.075            0.000            0.123            0.249            0.352
crhob                   0.198            0.103            0.000            0.000            0.000            0.000
crhog                   0.936            0.032            0.000            0.173            0.189            0.208
crhoqs                  0.651            0.078            0.000            0.000            0.000            0.000
crhoms                  0.187            0.083            0.000            0.101            0.154            0.200
crhopinf                0.935            0.088            0.000            0.000            0.000            0.000
crhow                   0.948            0.021            0.000            0.000            0.000            0.000
cmap                    0.766            0.127            0.000            0.000            0.001            0.005
cmaw                    0.639            0.118            0.000            0.146            0.208            0.245
csadjcost               5.186            0.964            0.000            0.481            0.536            0.575
csigma                  1.178            0.129            0.000            0.000            0.000            0.000
chabb                   0.810            0.040            0.000            0.000            0.000            0.000
cprobw                  0.761            0.064            0.000            0.000            0.000            0.000
csigl                   2.149            0.621            0.000            0.895            0.914            0.923
cprobp                  0.725            0.125            0.000            0.000            0.000            0.000
cindw                   0.532            0.141            0.000            0.000            0.000            0.001
cindp                   0.372            0.120            0.000            0.717            0.775            0.810
czcap                   0.635            0.114            0.000            0.002            0.012            0.030
cfc                     1.632            0.082            0.000            0.193            0.234            0.272
crpi                    1.744            0.178            0.000            0.813            0.847            0.871
crr                     0.740            0.061            0.000            0.000            0.000            0.000
cry                     0.051            0.050            0.000            0.000            0.000            0.000
crdy                    0.162            0.037            0.000            0.000            0.003            0.014
constepinf              0.671            0.094            0.000            0.041            0.055            0.073
constebeta              0.202            0.070            0.000            0.809            0.830            0.854
constelab               1.159            1.315            0.000            0.150            0.215            0.281
ctrend                  0.632            0.089            0.000            0.251            0.390            0.489
cgy                     0.535            0.132            0.000            0.125            0.189            0.237
calfa                   0.213            0.021            0.816            0.995            0.995            0.996


Estimation::marginal density: I'm computing the posterior mean and covariance...  Done!
Estimation::marginal density: I'm computing the posterior log marginal density (modified harmonic mean)... Done!


ESTIMATION RESULTS

Log data density is -548.512545.

parameters
                 prior mean   post. mean        90% HPD interval    prior       pstdev

crhoa                 0.500       0.9169      0.8022      0.9989    beta       0.2000
crhob                 0.500       0.2027      0.0383      0.3565    beta       0.2000
crhog                 0.500       0.9351      0.8887      0.9851    beta       0.2000
crhoqs                0.500       0.6474      0.5194      0.7782    beta       0.2000
crhoms                0.500       0.1811      0.0515      0.3058    beta       0.2000
crhopinf              0.500       0.9284      0.7824      0.9993    beta       0.2000
crhow                 0.500       0.9463      0.9158      0.9768    beta       0.2000
cmap                  0.500       0.7858      0.6067      0.9691    beta       0.2000
cmaw                  0.500       0.6382      0.4604      0.8356    beta       0.2000
csadjcost             4.000       5.1649      3.5620      6.7236    norm       1.5000
csigma                1.500       1.1846      0.9861      1.3796    norm       0.3750
chabb                 0.700       0.8079      0.7456      0.8745    beta       0.1000
cprobw                0.500       0.7687      0.6702      0.8789    beta       0.1000
csigl                 2.000       2.1839      1.1437      3.2060    norm       0.7500
cprobp                0.500       0.7411      0.5841      0.9294    beta       0.1000
cindw                 0.500       0.5230      0.2890      0.7602    beta       0.1500
cindp                 0.500       0.3778      0.1753      0.5713    beta       0.1500
czcap                 0.500       0.6232      0.4419      0.8114    beta       0.1500
cfc                   1.250       1.6295      1.4976      1.7676    norm       0.1250
crpi                  1.500       1.7443      1.4443      2.0466    norm       0.2500
crr                   0.750       0.7485      0.6592      0.8528    beta       0.1000
cry                   0.125       0.0584      0.0010      0.1436    norm       0.0500
crdy                  0.125       0.1636      0.1020      0.2239    norm       0.0500
constepinf            0.625       0.6762      0.5287      0.8302    gamm       0.1000
constebeta            0.250       0.2025      0.0849      0.3108    gamm       0.1000
constelab             0.000       1.1274     -1.0467      3.2400    norm       2.0000
ctrend                0.400       0.6283      0.4885      0.7521    norm       0.1000
cgy                   0.500       0.5347      0.3220      0.7515    norm       0.2500
calfa                 0.300       0.2123      0.1785      0.2468    norm       0.0500

standard deviation of shocks
                 prior mean   post. mean        90% HPD interval    prior       pstdev

ea                    0.100       0.3687      0.3182      0.4183    invg       2.0000
eb                    0.100       0.2378      0.1936      0.2850    invg       2.0000
eg                    0.100       0.5078      0.4471      0.5700    invg       2.0000
eqs                   0.100       0.4826      0.3650      0.5982    invg       2.0000
em                    0.100       0.2616      0.2279      0.2944    invg       2.0000
epinf                 0.100       0.1190      0.0754      0.1854    invg       2.0000
ew                    0.100       0.1332      0.0805      0.1789    invg       2.0000
Estimation::mcmc: Smoothed variables
Estimation::mcmc: Smoothed variables, done!
Estimation::mcmc: Smoothed shocks
Estimation::mcmc: Smoothed shocks, done!
Estimation::mcmc: Trend_coefficients
Estimation::mcmc: Trend_coefficients, done!
Estimation::mcmc: Smoothed constant
Estimation::mcmc: Smoothed constant, done!
Estimation::mcmc: Smoothed trend
Estimation::mcmc: Smoothed trend, done!
Estimation::mcmc: Updated Variables
Estimation::mcmc: Updated Variables, done!
Estimation::mcmc: Forecasted variables (mean)
Estimation::mcmc: Forecasted variables (mean), done!
Estimation::mcmc: Forecasted variables (point)
Estimation::mcmc: Forecasted variables (point), done!
Total computing time : 6h35m09s
Note: 33 warning(s) encountered in the preprocessor
Note: warning(s) encountered in MATLAB/Octave code
