Starting Dynare (version 4.5.7).
Starting preprocessing of the model file ...
Substitution of exo lags: added 2 auxiliary variables and equations.
Found 40 equation(s).
Evaluating expressions...done
Computing static model derivatives:
 - order 1
Computing dynamic model derivatives:
 - order 1
 - order 2
Processing outputs ...
done
Preprocessing completed.
Initial value of the log posterior (or likelihood): -698.5444
-----------------
f at the beginning of new iteration,       698.5443625867
Predicted improvement:     2897.832667967
lambda =          1; f =          698.8536161
lambda =    0.33333; f =          698.5712019
lambda =    0.11111; f =          698.5454566
lambda =   0.037037; f =          671.6334288
lambda =   0.012346; f =          643.1886737
lambda =   0.023866; f =          626.7183058
Norm of dx    0.76129
----
Improvement on iteration 1 =       71.826056769
-----------------
f at the beginning of new iteration,       626.7183058177
Predicted improvement:      177.771827136
lambda =          1; f =          637.1586177
lambda =    0.33333; f =          572.5699185
Norm of dx    0.19381
----
Improvement on iteration 2 =       54.148387365
-----------------
f at the beginning of new iteration,       572.5699184523
Predicted improvement:       62.997634141
lambda =          1; f =          572.5710130
lambda =    0.33333; f =          556.0680654
Norm of dx    0.13403
----
Improvement on iteration 3 =       16.501853008
-----------------
f at the beginning of new iteration,       556.0680654442
Predicted improvement:       69.039127870
lambda =          1; f =          556.0683132
lambda =    0.33333; f =          520.8779727
lambda =    0.64439; f =          514.8802498
Norm of dx     0.1704
----
Improvement on iteration 4 =       41.187815621
-----------------
f at the beginning of new iteration,       514.8802498228
Predicted improvement:       31.599418990
lambda =          1; f =          514.8802557
lambda =    0.33333; f =          497.9149969
lambda =    0.64439; f =          488.3160744
Norm of dx   0.088228
----
Improvement on iteration 5 =       26.564175397
-----------------
f at the beginning of new iteration,       488.3160744262
Predicted improvement:       23.999958323
lambda =          1; f =          455.6223477
Norm of dx    0.11275
----
Improvement on iteration 6 =       32.693726682
-----------------
f at the beginning of new iteration,       455.6223477446
Predicted improvement:       17.264583733
lambda =          1; f =          447.0768071
lambda =    0.33333; f =          446.7624341
lambda =    0.64439; f =          443.6251115
Norm of dx    0.10546
----
Improvement on iteration 7 =       11.997236200
-----------------
f at the beginning of new iteration,       443.6251115448
Predicted improvement:        8.805353861
lambda =          1; f =          441.4931849
lambda =    0.33333; f =          439.0653004
lambda =    0.64439; f =          437.7697021
Norm of dx   0.089075
----
Improvement on iteration 8 =        5.855409460
-----------------
f at the beginning of new iteration,       437.7697020848
Predicted improvement:        7.502604093
lambda =          1; f =          432.5472222
Norm of dx   0.048072
----
Improvement on iteration 9 =        5.222479866
-----------------
f at the beginning of new iteration,       432.5472222191
Predicted improvement:        3.946365480
lambda =          1; f =          427.8797126
Norm of dx   0.034308
----
Improvement on iteration 10 =        4.667509635
-----------------
f at the beginning of new iteration,       427.8797125838
Predicted improvement:        3.763215305
lambda =          1; f =          421.7345947
lambda =     1.9332; f =          418.5584809
Norm of dx   0.043555
----
Improvement on iteration 11 =        9.321231656
-----------------
f at the beginning of new iteration,       418.5584809278
Predicted improvement:        5.199364009
lambda =          1; f =          411.5503330
Norm of dx    0.10946
----
Improvement on iteration 12 =        7.008147939
-----------------
f at the beginning of new iteration,       411.5503329890
Predicted improvement:        6.343061716
lambda =          1; f =          402.0787477
lambda =     1.9332; f =          401.7037829
Norm of dx    0.13548
----
Improvement on iteration 13 =        9.846550098
-----------------
f at the beginning of new iteration,       401.7037828906
Predicted improvement:        8.715268354
lambda =          1; f =          393.2035984
Norm of dx   0.053904
----
Improvement on iteration 14 =        8.500184509
-----------------
f at the beginning of new iteration,       393.2035983816
Predicted improvement:        2.073395401
lambda =          1; f =          390.1168859
lambda =     1.9332; f =          389.0536874
Norm of dx   0.026841
----
Improvement on iteration 15 =        4.149910984
-----------------
f at the beginning of new iteration,       389.0536873973
Predicted improvement:        2.403786711
lambda =          1; f =          385.7990563
Norm of dx   0.041944
----
Improvement on iteration 16 =        3.254631145
-----------------
f at the beginning of new iteration,       385.7990562526
Predicted improvement:        3.704331557
lambda =          1; f =          380.8101875
Norm of dx    0.14517
----
Improvement on iteration 17 =        4.988868782
-----------------
f at the beginning of new iteration,       380.8101874710
Predicted improvement:        3.241918719
lambda =          1; f =          376.3980122
Norm of dx    0.11004
----
Improvement on iteration 18 =        4.412175237
-----------------
f at the beginning of new iteration,       376.3980122337
Predicted improvement:        1.753151939
lambda =          1; f =          374.1651222
Norm of dx   0.050269
----
Improvement on iteration 19 =        2.232890005
-----------------
f at the beginning of new iteration,       374.1651222291
Predicted improvement:        0.639851706
lambda =          1; f =          373.2755341
Norm of dx   0.015562
----
Improvement on iteration 20 =        0.889588109
-----------------
f at the beginning of new iteration,       373.2755341206
Predicted improvement:        0.486708170
lambda =          1; f =          372.5518967
lambda =     1.9332; f =          372.3334639
Norm of dx   0.018706
----
Improvement on iteration 21 =        0.942070249
-----------------
f at the beginning of new iteration,       372.3334638714
Predicted improvement:        0.376888290
lambda =          1; f =          371.6953649
lambda =     1.9332; f =          371.3005204
lambda =     3.7372; f =          371.0471743
Norm of dx   0.012322
----
Improvement on iteration 22 =        1.286289608
-----------------
f at the beginning of new iteration,       371.0471742636
Predicted improvement:        0.275448448
lambda =          1; f =          370.5919630
lambda =     1.9332; f =          370.3524729
Norm of dx   0.021256
----
Improvement on iteration 23 =        0.694701361
-----------------
f at the beginning of new iteration,       370.3524729021
Predicted improvement:        0.510083707
lambda =          1; f =          369.6905764
Norm of dx   0.031107
----
Improvement on iteration 24 =        0.661896544
-----------------
f at the beginning of new iteration,       369.6905763580
Predicted improvement:        0.519131736
lambda =          1; f =          368.9590287
lambda =     1.9332; f =          368.8302151
Norm of dx   0.041905
----
Improvement on iteration 25 =        0.860361250
-----------------
f at the beginning of new iteration,       368.8302151076
Predicted improvement:        0.275733125
lambda =          1; f =          368.3842322
lambda =     1.9332; f =          368.1529171
Norm of dx   0.014529
----
Improvement on iteration 26 =        0.677298034
-----------------
f at the beginning of new iteration,       368.1529170734
Predicted improvement:        0.383274444
lambda =          1; f =          367.5126945
lambda =     1.9332; f =          367.1440273
Norm of dx   0.030249
----
Improvement on iteration 27 =        1.008889748
-----------------
f at the beginning of new iteration,       367.1440273259
Predicted improvement:        0.605713943
lambda =          1; f =          366.2257605
lambda =     1.9332; f =          365.9129718
Norm of dx   0.073566
----
Improvement on iteration 28 =        1.231055531
-----------------
f at the beginning of new iteration,       365.9129717951
Predicted improvement:        0.271419507
lambda =          1; f =          365.4849625
lambda =     1.9332; f =          365.2876411
Norm of dx   0.019269
----
Improvement on iteration 29 =        0.625330743
-----------------
f at the beginning of new iteration,       365.2876410521
Predicted improvement:        0.205376520
lambda =          1; f =          364.9723126
lambda =     1.9332; f =          364.8470160
Norm of dx   0.015773
----
Improvement on iteration 30 =        0.440625048
-----------------
f at the beginning of new iteration,       364.8470160041
Predicted improvement:        0.131416037
lambda =          1; f =          364.6295774
lambda =     1.9332; f =          364.5084612
Norm of dx    0.01666
----
Improvement on iteration 31 =        0.338554779
-----------------
f at the beginning of new iteration,       364.5084612253
Predicted improvement:        0.135017274
lambda =          1; f =          364.3365095
Norm of dx   0.023304
----
Improvement on iteration 32 =        0.171951736
-----------------
f at the beginning of new iteration,       364.3365094889
Predicted improvement:        0.065888352
lambda =          1; f =          364.2325569
lambda =     1.9332; f =          364.1871088
Norm of dx   0.013097
----
Improvement on iteration 33 =        0.149400721
-----------------
f at the beginning of new iteration,       364.1871087679
Predicted improvement:        0.072510286
lambda =          1; f =          364.0689110
lambda =     1.9332; f =          364.0078795
Norm of dx    0.01112
----
Improvement on iteration 34 =        0.179229288
-----------------
f at the beginning of new iteration,       364.0078794798
Predicted improvement:        0.080292802
lambda =          1; f =          363.8895673
lambda =     1.9332; f =          363.8562460
Norm of dx  0.0095036
----
Improvement on iteration 35 =        0.151633511
-----------------
f at the beginning of new iteration,       363.8562459687
Predicted improvement:        0.045978274
lambda =          1; f =          363.7817729
lambda =     1.9332; f =          363.7440942
Norm of dx  0.0073905
----
Improvement on iteration 36 =        0.112151719
-----------------
f at the beginning of new iteration,       363.7440942495
Predicted improvement:        0.039396710
lambda =          1; f =          363.6856854
lambda =     1.9332; f =          363.6690639
Norm of dx  0.0090811
----
Improvement on iteration 37 =        0.075030343
-----------------
f at the beginning of new iteration,       363.6690639069
Predicted improvement:        0.030891926
lambda =          1; f =          363.6137784
lambda =     1.9332; f =          363.5739424
lambda =     3.7372; f =          363.5292708
Norm of dx   0.004531
----
Improvement on iteration 38 =        0.139793108
-----------------
f at the beginning of new iteration,       363.5292707992
Predicted improvement:        0.055222399
lambda =          1; f =          363.4372578
lambda =     1.9332; f =          363.3847379
Norm of dx   0.010945
----
Improvement on iteration 39 =        0.144532870
-----------------
f at the beginning of new iteration,       363.3847379292
Predicted improvement:        0.078307270
lambda =          1; f =          363.2756127
Norm of dx   0.021077
----
Improvement on iteration 40 =        0.109125266
-----------------
f at the beginning of new iteration,       363.2756126634
Predicted improvement:        0.041025732
lambda =          1; f =          363.2226213
Norm of dx   0.012288
----
Improvement on iteration 41 =        0.052991403
-----------------
f at the beginning of new iteration,       363.2226212601
Predicted improvement:        0.014990175
lambda =          1; f =          363.1997565
lambda =     1.9332; f =          363.1912218
Norm of dx  0.0048893
----
Improvement on iteration 42 =        0.031399489
-----------------
f at the beginning of new iteration,       363.1912217713
Predicted improvement:        0.012707831
lambda =          1; f =          363.1675202
lambda =     1.9332; f =          363.1484864
lambda =     3.7372; f =          363.1201262
lambda =     7.2247; f =          363.0967975
Norm of dx  0.0027213
----
Improvement on iteration 43 =        0.094424321
-----------------
f at the beginning of new iteration,       363.0967974508
Predicted improvement:        0.040434139
lambda =          1; f =          363.0270029
lambda =     1.9332; f =          362.9819667
lambda =     3.7372; f =          362.9505132
Norm of dx   0.008968
----
Improvement on iteration 44 =        0.146284272
-----------------
f at the beginning of new iteration,       362.9505131789
Predicted improvement:        0.036028814
lambda =          1; f =          362.9012425
Norm of dx   0.010184
----
Improvement on iteration 45 =        0.049270679
-----------------
f at the beginning of new iteration,       362.9012424997
Predicted improvement:        0.014610686
lambda =          1; f =          362.8815213
Norm of dx  0.0082645
----
Improvement on iteration 46 =        0.019721223
-----------------
f at the beginning of new iteration,       362.8815212766
Predicted improvement:        0.009614510
lambda =          1; f =          362.8655144
lambda =     1.9332; f =          362.8563751
Norm of dx  0.0060467
----
Improvement on iteration 47 =        0.025146137
-----------------
f at the beginning of new iteration,       362.8563751395
Predicted improvement:        0.019546553
lambda =          1; f =          362.8229145
lambda =     1.9332; f =          362.8018528
lambda =     3.7372; f =          362.7889182
Norm of dx  0.0099587
----
Improvement on iteration 48 =        0.067456949
-----------------
f at the beginning of new iteration,       362.7889181906
Predicted improvement:        0.029342356
lambda =          1; f =          362.7401377
lambda =     1.9332; f =          362.7126818
Norm of dx  0.0052607
----
Improvement on iteration 49 =        0.076236433
-----------------
f at the beginning of new iteration,       362.7126817576
Predicted improvement:        0.024398209
lambda =          1; f =          362.6764419
lambda =     1.9332; f =          362.6655654
Norm of dx   0.012113
----
Improvement on iteration 50 =        0.047116400
-----------------
f at the beginning of new iteration,       362.6655653572
Predicted improvement:        0.023331615
lambda =          1; f =          362.6209590
lambda =     1.9332; f =          362.5830347
lambda =     3.7372; f =          362.5197896
lambda =     7.2247; f =          362.4348550
Norm of dx  0.0085555
----
Improvement on iteration 51 =        0.230710374
-----------------
f at the beginning of new iteration,       362.4348549836
Predicted improvement:        0.200950178
lambda =          1; f =          362.1837203
Norm of dx      0.109
----
Improvement on iteration 52 =        0.251134700
-----------------
f at the beginning of new iteration,       362.1837202836
Predicted improvement:        0.077927698
lambda =          1; f =          362.0719297
lambda =     1.9332; f =          362.0482227
Norm of dx   0.050351
----
Improvement on iteration 53 =        0.135497538
-----------------
f at the beginning of new iteration,       362.0482227454
Predicted improvement:        0.033192958
lambda =          1; f =          361.9957268
lambda =     1.9332; f =          361.9713738
Norm of dx    0.01743
----
Improvement on iteration 54 =        0.076848991
-----------------
f at the beginning of new iteration,       361.9713737545
Predicted improvement:        0.044702655
lambda =          1; f =          361.8951587
lambda =     1.9332; f =          361.8480424
lambda =     3.7372; f =          361.8238608
Norm of dx  0.0094932
----
Improvement on iteration 55 =        0.147512963
-----------------
f at the beginning of new iteration,       361.8238607918
Predicted improvement:        0.111236253
lambda =          1; f =          361.6415266
lambda =     1.9332; f =          361.5543315
Norm of dx   0.040008
----
Improvement on iteration 56 =        0.269529243
-----------------
f at the beginning of new iteration,       361.5543315484
Predicted improvement:        0.179234471
lambda =          1; f =          361.3540929
Norm of dx   0.064353
----
Improvement on iteration 57 =        0.200238669
-----------------
f at the beginning of new iteration,       361.3540928796
Predicted improvement:        0.059105722
lambda =          1; f =          361.2813621
Norm of dx   0.016172
----
Improvement on iteration 58 =        0.072730823
-----------------
f at the beginning of new iteration,       361.2813620568
Predicted improvement:        0.038579062
lambda =          1; f =          361.2375772
Norm of dx    0.03287
----
Improvement on iteration 59 =        0.043784811
-----------------
f at the beginning of new iteration,       361.2375772455
Predicted improvement:        0.028093680
lambda =          1; f =          361.2000120
Norm of dx  0.0085294
----
Improvement on iteration 60 =        0.037565232
-----------------
f at the beginning of new iteration,       361.2000120132
Predicted improvement:        0.036206549
lambda =          1; f =          361.1438961
lambda =     1.9332; f =          361.1212172
Norm of dx   0.018237
----
Improvement on iteration 61 =        0.078794844
-----------------
f at the beginning of new iteration,       361.1212171690
Predicted improvement:        0.030899156
lambda =          1; f =          361.0732030
lambda =     1.9332; f =          361.0532966
Norm of dx  0.0075679
----
Improvement on iteration 62 =        0.067920603
-----------------
f at the beginning of new iteration,       361.0532965658
Predicted improvement:        0.019904298
lambda =          1; f =          361.0262430
Norm of dx  0.0093522
----
Improvement on iteration 63 =        0.027053538
-----------------
f at the beginning of new iteration,       361.0262430275
Predicted improvement:        0.014961027
lambda =          1; f =          361.0036490
lambda =     1.9332; f =          360.9958167
Norm of dx  0.0063909
----
Improvement on iteration 64 =        0.030426304
-----------------
f at the beginning of new iteration,       360.9958167239
Predicted improvement:        0.015677176
lambda =          1; f =          360.9665569
lambda =     1.9332; f =          360.9430403
lambda =     3.7372; f =          360.9080734
lambda =     7.2247; f =          360.8805547
Norm of dx  0.0095319
----
Improvement on iteration 65 =        0.115262041
-----------------
f at the beginning of new iteration,       360.8805546832
Predicted improvement:        0.060647328
lambda =          1; f =          360.7939540
lambda =     1.9332; f =          360.7758297
Norm of dx   0.014693
----
Improvement on iteration 66 =        0.104724968
-----------------
f at the beginning of new iteration,       360.7758297155
Predicted improvement:        0.014410368
lambda =          1; f =          360.7583554
Norm of dx   0.016101
----
Improvement on iteration 67 =        0.017474285
-----------------
f at the beginning of new iteration,       360.7583554306
Predicted improvement:        0.003881228
lambda =          1; f =          360.7523052
lambda =     1.9332; f =          360.7497631
Norm of dx  0.0053812
----
Improvement on iteration 68 =        0.008592348
-----------------
f at the beginning of new iteration,       360.7497630826
Predicted improvement:        0.005538708
lambda =          1; f =          360.7392849
lambda =     1.9332; f =          360.7305926
lambda =     3.7372; f =          360.7167876
lambda =     7.2247; f =          360.7014850
Norm of dx  0.0060584
----
Improvement on iteration 69 =        0.048278133
-----------------
f at the beginning of new iteration,       360.7014849500
Predicted improvement:        0.039380557
lambda =          1; f =          360.6362267
lambda =     1.9332; f =          360.5999314
Norm of dx     0.0216
----
Improvement on iteration 70 =        0.101553557
-----------------
f at the beginning of new iteration,       360.5999313931
Predicted improvement:        0.042690442
lambda =          1; f =          360.5479611
Norm of dx   0.031952
----
Improvement on iteration 71 =        0.051970268
-----------------
f at the beginning of new iteration,       360.5479611246
Predicted improvement:        0.009494903
lambda =          1; f =          360.5340836
lambda =     1.9332; f =          360.5302600
Norm of dx  0.0055173
----
Improvement on iteration 72 =        0.017701127
-----------------
f at the beginning of new iteration,       360.5302599976
Predicted improvement:        0.007020469
lambda =          1; f =          360.5167774
lambda =     1.9332; f =          360.5051936
lambda =     3.7372; f =          360.4855536
lambda =     7.2247; f =          360.4580192
lambda =     13.967; f =          360.4448943
Norm of dx  0.0072139
----
Improvement on iteration 73 =        0.085365705
-----------------
f at the beginning of new iteration,       360.4448942927
Predicted improvement:        0.065302746
lambda =          1; f =          360.3345873
lambda =     1.9332; f =          360.2649793
lambda =     3.7372; f =          360.2080813
Norm of dx   0.020463
----
Improvement on iteration 74 =        0.236812980
-----------------
f at the beginning of new iteration,       360.2080813123
Predicted improvement:        0.065765579
lambda =          1; f =          360.1172260
Norm of dx   0.062447
----
Improvement on iteration 75 =        0.090855264
-----------------
f at the beginning of new iteration,       360.1172260484
Predicted improvement:        0.025743967
lambda =          1; f =          360.0886961
Norm of dx   0.049445
----
Improvement on iteration 76 =        0.028529902
-----------------
f at the beginning of new iteration,       360.0886961462
Predicted improvement:        0.005649791
lambda =          1; f =          360.0797391
lambda =     1.9332; f =          360.0757830
Norm of dx  0.0086383
----
Improvement on iteration 77 =        0.012913113
-----------------
f at the beginning of new iteration,       360.0757830328
Predicted improvement:        0.013632042
lambda =          1; f =          360.0528334
lambda =     1.9332; f =          360.0389900
Norm of dx   0.012835
----
Improvement on iteration 78 =        0.036793010
-----------------
f at the beginning of new iteration,       360.0389900231
Predicted improvement:        0.037381770
lambda =          1; f =          359.9776846
lambda =     1.9332; f =          359.9445773
Norm of dx    0.03384
----
Improvement on iteration 79 =        0.094412692
-----------------
f at the beginning of new iteration,       359.9445773309
Predicted improvement:        0.058733763
lambda =          1; f =          359.8536461
lambda =     1.9332; f =          359.8167528
Norm of dx    0.03585
----
Improvement on iteration 80 =        0.127824545
-----------------
f at the beginning of new iteration,       359.8167527862
Predicted improvement:        0.042821449
lambda =          1; f =          359.7582163
Norm of dx   0.024621
----
Improvement on iteration 81 =        0.058536515
-----------------
f at the beginning of new iteration,       359.7582162715
Predicted improvement:        0.020871612
lambda =          1; f =          359.7356631
Norm of dx   0.023437
----
Improvement on iteration 82 =        0.022553190
-----------------
f at the beginning of new iteration,       359.7356630811
Predicted improvement:        0.004551040
lambda =          1; f =          359.7286576
lambda =     1.9332; f =          359.7259169
Norm of dx  0.0064806
----
Improvement on iteration 83 =        0.009746183
-----------------
f at the beginning of new iteration,       359.7259168980
Predicted improvement:        0.006671363
lambda =          1; f =          359.7142375
lambda =     1.9332; f =          359.7063366
lambda =     3.7372; f =          359.6993079
Norm of dx  0.0096596
----
Improvement on iteration 84 =        0.026609026
-----------------
f at the beginning of new iteration,       359.6993078721
Predicted improvement:        0.019697417
lambda =          1; f =          359.6629342
lambda =     1.9332; f =          359.6345380
lambda =     3.7372; f =          359.5952780
lambda =     7.2247; f =          359.5814317
Norm of dx   0.010732
----
Improvement on iteration 85 =        0.117876176
-----------------
f at the beginning of new iteration,       359.5814316966
Predicted improvement:        0.077447981
lambda =          1; f =          359.4693373
lambda =     1.9332; f =          359.4431622
Norm of dx   0.065969
----
Improvement on iteration 86 =        0.138269523
-----------------
f at the beginning of new iteration,       359.4431621733
Predicted improvement:        0.025131224
lambda =          1; f =          359.4131441
Norm of dx   0.020262
----
Improvement on iteration 87 =        0.030018051
-----------------
f at the beginning of new iteration,       359.4131441226
Predicted improvement:        0.007482049
lambda =          1; f =          359.4026617
lambda =     1.9332; f =          359.4009434
Norm of dx    0.01578
----
Improvement on iteration 88 =        0.012200718
-----------------
f at the beginning of new iteration,       359.4009434043
Predicted improvement:        0.005916676
lambda =          1; f =          359.3907366
lambda =     1.9332; f =          359.3840176
lambda =     3.7372; f =          359.3781086
Norm of dx  0.0038445
----
Improvement on iteration 89 =        0.022834806
-----------------
f at the beginning of new iteration,       359.3781085978
Predicted improvement:        0.017956093
lambda =          1; f =          359.3453301
lambda =     1.9332; f =          359.3203609
lambda =     3.7372; f =          359.2873587
Norm of dx   0.012299
----
Improvement on iteration 90 =        0.090749928
-----------------
f at the beginning of new iteration,       359.2873586700
Predicted improvement:        0.071876541
lambda =          1; f =          359.1967386
Norm of dx   0.083336
----
Improvement on iteration 91 =        0.090620039
-----------------
f at the beginning of new iteration,       359.1967386313
Predicted improvement:        0.019403144
lambda =          1; f =          359.1758107
Norm of dx   0.042546
----
Improvement on iteration 92 =        0.020927922
-----------------
f at the beginning of new iteration,       359.1758107096
Predicted improvement:        0.002035995
lambda =          1; f =          359.1733920
Norm of dx   0.003215
----
Improvement on iteration 93 =        0.002418745
-----------------
f at the beginning of new iteration,       359.1733919646
Predicted improvement:        0.000506148
lambda =          1; f =          359.1727568
Norm of dx  0.0018164
----
Improvement on iteration 94 =        0.000635180
-----------------
f at the beginning of new iteration,       359.1727567847
Predicted improvement:        0.000388717
lambda =          1; f =          359.1720759
lambda =     1.9332; f =          359.1716160
lambda =     3.7372; f =          359.1712064
Norm of dx 0.00066834
----
Improvement on iteration 95 =        0.001550348
-----------------
f at the beginning of new iteration,       359.1712064372
Predicted improvement:        0.001243931
lambda =          1; f =          359.1687950
lambda =     1.9332; f =          359.1666787
lambda =     3.7372; f =          359.1629522
lambda =     7.2247; f =          359.1570990
lambda =     13.967; f =          359.1507462
Norm of dx  0.0015775
----
Improvement on iteration 96 =        0.020460194
-----------------
f at the beginning of new iteration,       359.1507462429
Predicted improvement:        0.013001149
lambda =          1; f =          359.1304045
lambda =     1.9332; f =          359.1216128
Norm of dx   0.026166
----
Improvement on iteration 97 =        0.029133404
-----------------
f at the beginning of new iteration,       359.1216128388
Predicted improvement:        0.004942386
lambda =          1; f =          359.1154207
Norm of dx   0.010491
----
Improvement on iteration 98 =        0.006192123
-----------------
f at the beginning of new iteration,       359.1154207153
Predicted improvement:        0.001285795
lambda =          1; f =          359.1135723
lambda =     1.9332; f =          359.1131466
Norm of dx  0.0042328
----
Improvement on iteration 99 =        0.002274072
-----------------
f at the beginning of new iteration,       359.1131466434
Predicted improvement:        0.001010251
lambda =          1; f =          359.1112089
lambda =     1.9332; f =          359.1095440
lambda =     3.7372; f =          359.1067175
lambda =     7.2247; f =          359.1027173
lambda =     13.967; f =          359.1004461
Norm of dx  0.0018551
----
Improvement on iteration 100 =        0.012700512
-----------------
f at the beginning of new iteration,       359.1004461315
Predicted improvement:        0.011025218
lambda =          1; f =          359.0809684
lambda =     1.9332; f =          359.0674453
lambda =     3.7372; f =          359.0541198
Norm of dx   0.018095
----
Improvement on iteration 101 =        0.046326336
-----------------
f at the beginning of new iteration,       359.0541197954
Predicted improvement:        0.017507798
lambda =          1; f =          359.0325578
Norm of dx   0.043396
----
Improvement on iteration 102 =        0.021561970
-----------------
f at the beginning of new iteration,       359.0325578255
Predicted improvement:        0.003105451
lambda =          1; f =          359.0290100
Norm of dx   0.015915
----
Improvement on iteration 103 =        0.003547833
-----------------
f at the beginning of new iteration,       359.0290099921
Predicted improvement:        0.000737945
lambda =          1; f =          359.0276560
lambda =     1.9332; f =          359.0266140
lambda =     3.7372; f =          359.0252092
Norm of dx  0.0036318
----
Improvement on iteration 104 =        0.003800783
-----------------
f at the beginning of new iteration,       359.0252092094
Predicted improvement:        0.004394927
lambda =          1; f =          359.0171913
lambda =     1.9332; f =          359.0111123
lambda =     3.7372; f =          359.0032355
Norm of dx   0.014101
----
Improvement on iteration 105 =        0.021973718
-----------------
f at the beginning of new iteration,       359.0032354912
Predicted improvement:        0.022817788
lambda =          1; f =          358.9619239
lambda =     1.9332; f =          358.9311951
lambda =     3.7372; f =          358.8933301
Norm of dx   0.056591
----
Improvement on iteration 106 =        0.109905417
-----------------
f at the beginning of new iteration,       358.8933300745
Predicted improvement:        0.078069086
lambda =          1; f =          358.7710116
lambda =     1.9332; f =          358.7174417
Norm of dx    0.16706
----
Improvement on iteration 107 =        0.175888411
-----------------
f at the beginning of new iteration,       358.7174416631
Predicted improvement:        0.032373135
lambda =          1; f =          358.6764037
Norm of dx   0.027745
----
Improvement on iteration 108 =        0.041037973
-----------------
f at the beginning of new iteration,       358.6764036900
Predicted improvement:        0.006880327
lambda =          1; f =          358.6676227
Norm of dx   0.011034
----
Improvement on iteration 109 =        0.008780988
-----------------
f at the beginning of new iteration,       358.6676227020
Predicted improvement:        0.003537507
lambda =          1; f =          358.6614434
lambda =     1.9332; f =          358.6573180
lambda =     3.7372; f =          358.6539925
Norm of dx  0.0064673
----
Improvement on iteration 110 =        0.013630233
-----------------
f at the beginning of new iteration,       358.6539924685
Predicted improvement:        0.010808581
lambda =          1; f =          358.6327693
lambda =     1.9332; f =          358.6136759
lambda =     3.7372; f =          358.5787166
lambda =     7.2247; f =          358.5184498
lambda =     13.967; f =          358.4294847
lambda =         27; f =          358.3623393
Norm of dx   0.020927
----
Improvement on iteration 111 =        0.291653120
-----------------
f at the beginning of new iteration,       358.3623393482
Predicted improvement:        0.110493433
lambda =          1; f =          358.2021030
lambda =     1.9332; f =          358.1706736
Norm of dx   0.097837
----
Improvement on iteration 112 =        0.191665739
-----------------
f at the beginning of new iteration,       358.1706736093
Predicted improvement:        0.027567745
lambda =          1; f =          358.1426333
Norm of dx   0.030102
----
Improvement on iteration 113 =        0.028040309
-----------------
f at the beginning of new iteration,       358.1426333005
Predicted improvement:        0.003736898
lambda =          1; f =          358.1372476
lambda =     1.9332; f =          358.1359926
Norm of dx   0.033629
----
Improvement on iteration 114 =        0.006640659
-----------------
f at the beginning of new iteration,       358.1359926416
Predicted improvement:        0.004001857
lambda =          1; f =          358.1284036
lambda =     1.9332; f =          358.1220779
lambda =     3.7372; f =          358.1119317
lambda =     7.2247; f =          358.1001804
Norm of dx    0.00861
----
Improvement on iteration 115 =        0.035812278
-----------------
f at the beginning of new iteration,       358.1001803638
Predicted improvement:        0.037058479
lambda =          1; f =          358.0335077
lambda =     1.9332; f =          357.9846400
lambda =     3.7372; f =          357.9265480
Norm of dx   0.057164
----
Improvement on iteration 116 =        0.173632398
-----------------
f at the beginning of new iteration,       357.9265479662
Predicted improvement:        0.091267451
lambda =          1; f =          357.8002221
Norm of dx    0.21774
----
Improvement on iteration 117 =        0.126325818
-----------------
f at the beginning of new iteration,       357.8002221482
Predicted improvement:        0.040277607
lambda =          1; f =          357.7562955
Norm of dx    0.11895
----
Improvement on iteration 118 =        0.043926615
-----------------
f at the beginning of new iteration,       357.7562955336
Predicted improvement:        0.002103879
lambda =          1; f =          357.7534857
Norm of dx   0.014498
----
Improvement on iteration 119 =        0.002809814
-----------------
f at the beginning of new iteration,       357.7534857191
Predicted improvement:        0.001117529
lambda =          1; f =          357.7517699
lambda =     1.9332; f =          357.7510969
Norm of dx  0.0067943
----
Improvement on iteration 120 =        0.002388864
-----------------
f at the beginning of new iteration,       357.7510968554
Predicted improvement:        0.001398323
lambda =          1; f =          357.7484617
lambda =     1.9332; f =          357.7462910
lambda =     3.7372; f =          357.7428827
lambda =     7.2247; f =          357.7392289
Norm of dx  0.0081692
----
Improvement on iteration 121 =        0.011867970
-----------------
f at the beginning of new iteration,       357.7392288858
Predicted improvement:        0.009695921
lambda =          1; f =          357.7239705
lambda =     1.9332; f =          357.7171869
Norm of dx   0.011343
----
Improvement on iteration 122 =        0.022041995
-----------------
f at the beginning of new iteration,       357.7171868903
Predicted improvement:        0.004529223
lambda =          1; f =          357.7117474
Norm of dx   0.019279
----
Improvement on iteration 123 =        0.005439444
-----------------
f at the beginning of new iteration,       357.7117474467
Predicted improvement:        0.000492962
lambda =          1; f =          357.7111729
Norm of dx  0.0039414
----
Improvement on iteration 124 =        0.000574568
-----------------
f at the beginning of new iteration,       357.7111728788
Predicted improvement:        0.000082648
lambda =          1; f =          357.7110409
lambda =     1.9332; f =          357.7109746
Norm of dx  0.0015157
----
Improvement on iteration 125 =        0.000198324
-----------------
f at the beginning of new iteration,       357.7109745551
Predicted improvement:        0.000132098
lambda =          1; f =          357.7107315
lambda =     1.9332; f =          357.7105403
lambda =     3.7372; f =          357.7102672
lambda =     7.2247; f =          357.7100961
Norm of dx  0.0023911
----
Improvement on iteration 126 =        0.000878419
-----------------
f at the beginning of new iteration,       357.7100961358
Predicted improvement:        0.000685381
lambda =          1; f =          357.7087827
lambda =     1.9332; f =          357.7076629
lambda =     3.7372; f =          357.7057891
lambda =     7.2247; f =          357.7032580
Norm of dx  0.0016773
----
Improvement on iteration 127 =        0.006838115
-----------------
f at the beginning of new iteration,       357.7032580208
Predicted improvement:        0.002541433
lambda =          1; f =          357.7005121
Norm of dx   0.014019
----
Improvement on iteration 128 =        0.002745874
-----------------
f at the beginning of new iteration,       357.7005121473
Predicted improvement:        0.000116989
lambda =          1; f =          357.7003725
Norm of dx  0.0040094
----
Improvement on iteration 129 =        0.000139669
-----------------
f at the beginning of new iteration,       357.7003724781
Predicted improvement:        0.000012309
lambda =          1; f =          357.7003587
Norm of dx  0.0014866
----
Improvement on iteration 130 =        0.000013747
-----------------
f at the beginning of new iteration,       357.7003587311
Predicted improvement:        0.000000359
lambda =          1; f =          357.7003582
lambda =     1.9332; f =          357.7003582
Norm of dx 0.00039069
----
Improvement on iteration 131 =        0.000000538
-----------------
f at the beginning of new iteration,       357.7003581930
Predicted improvement:        0.000000189
lambda =          1; f =          357.7003579
Norm of dx 0.00021086
----
Improvement on iteration 132 =        0.000000252
-----------------
f at the beginning of new iteration,       357.7003579415
Predicted improvement:        0.000000259
lambda =          1; f =          357.7003575
lambda =     1.9332; f =          357.7003573
Norm of dx  0.0001856
----
Improvement on iteration 133 =        0.000000628
-----------------
f at the beginning of new iteration,       357.7003573140
Predicted improvement:        0.000000613
lambda =          1; f =          357.7003562
lambda =     1.9332; f =          357.7003554
lambda =     3.7372; f =          357.7003542
Norm of dx 0.00018729
----
Improvement on iteration 134 =        0.000003129
-----------------
f at the beginning of new iteration,       357.7003541848
Predicted improvement:        0.000003868
lambda =          1; f =          357.7003472
lambda =     1.9332; f =          357.7003418
lambda =     3.7372; f =          357.7003346
Norm of dx 0.00051742
----
Improvement on iteration 135 =        0.000019626
-----------------
f at the beginning of new iteration,       357.7003345590
Predicted improvement:        0.000021954
lambda =          1; f =          357.7002943
lambda =     1.9332; f =          357.7002633
lambda =     3.7372; f =          357.7002210
Norm of dx  0.0017797
----
Improvement on iteration 136 =        0.000113553
-----------------
f at the beginning of new iteration,       357.7002210059
Predicted improvement:        0.000117343
lambda =          1; f =          357.7000194
lambda =     1.9332; f =          357.6998910
lambda =     3.7372; f =          357.6998058
Norm of dx  0.0086368
----
Improvement on iteration 137 =        0.000415208
-----------------
f at the beginning of new iteration,       357.6998057981
Predicted improvement:        0.000159176
lambda =          1; f =          357.6995624
lambda =     1.9332; f =          357.6994715
Norm of dx  0.0058274
----
Improvement on iteration 138 =        0.000334343
-----------------
f at the beginning of new iteration,       357.6994714546
Predicted improvement:        0.000003761
lambda =          1; f =          357.6994675
Norm of dx  0.0025441
----
Improvement on iteration 139 =        0.000003939
-----------------
f at the beginning of new iteration,       357.6994675152
Predicted improvement:        0.000000001
lambda =          1; f =          357.6994675
lambda =    0.33333; f =          357.6994675
lambda =    0.11111; f =          357.6994675
lambda =   0.037037; f =          357.6994675
lambda =   0.012346; f =          357.6994675
lambda =  0.0041152; f =          357.6994675
lambda =  0.0013717; f =          357.6994675
lambda = 0.00045725; f =          357.6994675
lambda = 0.00015242; f =          357.6994675
lambda = 5.0805e-05; f =          357.6994675
lambda = 1.6935e-05; f =          357.6994675
lambda = 3.2739e-05; f =          357.6994675
lambda = 2.2044e-05; f =          357.6994675
lambda = 1.7388e-05; f =          357.6994675
lambda = 2.0048e-05; f =          357.6994675
lambda = 2.3116e-05; f =          357.6994675
lambda = 2.1223e-05; f =          357.6994675
lambda = 1.9485e-05; f =          357.6994675
lambda =  1.789e-05; f =          357.6994675
lambda = 1.6996e-05; f =          357.6994675
Norm of dx 1.5369e-05
Cliff.  Perturbing search direction.
Predicted improvement:        0.000000003
lambda =          1; f =          357.6994676
lambda =    0.33333; f =          357.6994675
lambda =    0.11111; f =          357.6994675
lambda =   0.037037; f =          357.6994675
lambda =   0.012346; f =          357.6994675
lambda =  0.0041152; f =          357.6994675
lambda =  0.0013717; f =          357.6994675
lambda = 0.00045725; f =          357.6994675
lambda = 0.00015242; f =          357.6994675
lambda = 0.00029465; f =          357.6994675
lambda =  0.0001984; f =          357.6994675
lambda = 0.00015649; f =          357.6994675
lambda = 0.00015363; f =          357.6994675
Norm of dx 2.7522e-05
Cliff again.  Try traversing
Predicted improvement:        0.000000000
lambda =          1; f =          357.6994675
lambda =    0.33333; f =          357.6994675
lambda =    0.11111; f =          357.6994675
lambda =   0.037037; f =          357.6994675
lambda =   0.012346; f =          357.6994675
lambda =   0.023866; f =          357.6994675
lambda =   0.046138; f =          357.6994675
lambda =   0.031067; f =          357.6994675
lambda =   0.039387; f =          357.6994675
lambda =   0.049936; f =          357.6994675
Norm of dx 1.3393e-05
----
Improvement on iteration 140 =        0.000000000
improvement < crit termination
back and forth on step length never finished

Final value of minus the log posterior (or likelihood):357.699468 

RESULTS FROM POSTERIOR ESTIMATION
parameters
           prior mean     mode    s.d. prior pstdev

rhoZ           0.500   0.9732  0.0070 beta  0.2000 
rhob2          0.500   0.7924  0.0822 beta  0.2000 
rhog           0.500   0.9366  0.0274 beta  0.2000 
rhomu          0.500   0.7845  0.0580 beta  0.2000 
rhoms          0.500   0.4692  0.0774 beta  0.2000 
rhop           0.500   0.9870  0.0077 beta  0.2000 
rhow           0.500   0.8813  0.0757 beta  0.2000 
thetap         0.500   0.8594  0.0490 beta  0.2000 
thetaw         0.500   0.8217  0.0842 beta  0.2000 
inv_adj_cost   4.000   5.7426  1.1154 norm  1.5000 
sigma_c        1.500   1.5913  0.2042 norm  0.3750 
h              0.700   0.5210  0.0774 beta  0.1000 
zeta_w         0.500   0.6672  0.0761 beta  0.1000 
nu_L           2.000   1.6332  0.4090 norm  0.7500 
zeta_p         0.500   0.7678  0.0347 beta  0.1000 
iota_w         0.500   0.4578  0.1693 beta  0.1500 
iota_p         0.500   0.2300  0.0874 beta  0.1500 
czcap          0.500   0.8804  0.0522 beta  0.1500 
Phi            1.250   1.6840  0.0843 norm  0.1250 
psi1           1.500   1.7962  0.1875 norm  0.2500 
rhoR           0.750   0.8697  0.0191 beta  0.1000 
psi2           0.125   0.0222  0.0111 norm  0.0500 
psi3           0.125   0.1086  0.0201 norm  0.0500 
const_pi       0.625   0.8281  0.0880 gamm  0.1000 
constebeta     0.250   0.2100  0.0917 gamm  0.1000 
const_L        0.000  -1.6928  1.3874 norm  2.0000 
ctrend         0.400   0.5404  0.0520 norm  0.1000 
rhogZ          0.500   0.5700  0.1041 norm  0.2500 
alpha          0.300   0.2712  0.0379 norm  0.0500 

standard deviation of shocks
           prior mean     mode    s.d. prior pstdev

eZ             0.100   0.3957  0.0344 invg  2.0000 
eb2            0.100   0.0654  0.0180 invg  2.0000 
eg             0.100   0.3787  0.0278 invg  2.0000 
emu            0.100   0.2700  0.0370 invg  2.0000 
ems            0.100   0.0839  0.0076 invg  2.0000 
ep             0.100   0.1054  0.0120 invg  2.0000 
ew             0.100   0.4563  0.0404 invg  2.0000 


Log data density [Laplace approximation] is -437.136111.

Estimation::mcmc: One Chain mode.
Estimation::mcmc: Initialization at the posterior mode.

Estimation::mcmc: Write details about the MCMC... Ok!
Estimation::mcmc: Details about the MCMC are available in FU20/metropolis\FU20_mh_history_0.mat


Estimation::mcmc: Number of mh files: 2 per block.
Estimation::mcmc: Total number of generated files: 2.
Estimation::mcmc: Total number of iterations: 500000.
Estimation::mcmc: Current acceptance ratio per chain: 
                                                       Chain  1: 29.5922%
Estimation::mcmc: Total number of MH draws per chain: 500000.
Estimation::mcmc: Total number of generated MH files: 2.
Estimation::mcmc: I'll use mh-files 1 to 2.
Estimation::mcmc: In MH-file number 1 I'll start at line 150001.
Estimation::mcmc: Finally I keep 350000 draws per chain.



MCMC Inefficiency factors per block
Parameter          Block 1
SE_eZ              176.022
SE_eb2             398.210
SE_eg              170.441
SE_emu             223.298
SE_ems             197.480
SE_ep              212.416
SE_ew              331.684
rhoZ               213.887
rhob2              390.086
rhog               150.182
rhomu              241.188
rhoms              164.350
rhop               367.636
rhow               684.643
thetap             315.982
thetaw             583.573
inv_adj_cost       190.246
sigma_c            260.625
h                  230.596
zeta_w             499.194
nu_L               201.689
zeta_p             238.825
iota_w             146.884
iota_p             183.437
czcap              167.505
Phi                194.724
psi1               223.807
rhoR               169.831
psi2               336.103
psi3               209.405
const_pi           189.577
constebeta         204.496
const_L            194.664
ctrend             199.420
rhogZ              157.290
alpha              177.676


Geweke (1992) Convergence Tests, based on means of draws 150000 to 220000 vs 325000 to 500000.
p-values are for Chi2-test for equality of means.
Parameter            Post. Mean        Post. Std   p-val No Taper   p-val 4% Taper   p-val 8% Taper  p-val 15% Taper
SE_eZ                     0.411            0.037            0.000            0.284            0.261            0.218
SE_eb2                    0.074            0.025            0.000            0.564            0.589            0.578
SE_eg                     0.387            0.029            0.000            0.182            0.174            0.160
SE_emu                    0.280            0.040            0.497            0.965            0.966            0.965
SE_ems                    0.088            0.008            0.000            0.001            0.002            0.001
SE_ep                     0.101            0.013            0.000            0.432            0.395            0.335
SE_ew                     0.488            0.053            0.000            0.022            0.048            0.074
rhoZ                      0.974            0.007            0.000            0.490            0.509            0.522
rhob2                     0.761            0.111            0.000            0.708            0.721            0.710
rhog                      0.931            0.025            0.000            0.008            0.010            0.005
rhomu                     0.786            0.063            0.000            0.420            0.405            0.313
rhoms                     0.482            0.077            0.000            0.070            0.062            0.021
rhop                      0.983            0.011            0.000            0.064            0.090            0.083
rhow                      0.547            0.261            0.000            0.058            0.109            0.147
thetap                    0.818            0.074            0.000            0.127            0.117            0.055
thetaw                    0.548            0.184            0.000            0.142            0.206            0.250
inv_adj_cost              6.177            1.143            0.025            0.898            0.899            0.883
sigma_c                   1.542            0.218            0.000            0.115            0.131            0.124
h                         0.569            0.075            0.000            0.844            0.838            0.827
zeta_w                    0.748            0.086            0.000            0.058            0.097            0.120
nu_L                      1.864            0.413            0.000            0.173            0.117            0.086
zeta_p                    0.761            0.040            0.000            0.690            0.679            0.624
iota_w                    0.438            0.147            0.000            0.494            0.502            0.541
iota_p                    0.244            0.088            0.000            0.795            0.783            0.743
czcap                     0.873            0.050            0.000            0.122            0.140            0.154
Phi                       1.671            0.088            0.000            0.018            0.014            0.009
psi1                      1.782            0.195            0.000            0.217            0.243            0.286
rhoR                      0.870            0.020            0.000            0.043            0.042            0.037
psi2                      0.023            0.012            0.000            0.038            0.058            0.051
psi3                      0.114            0.021            0.000            0.083            0.092            0.112
const_pi                  0.792            0.092            0.000            0.018            0.027            0.021
constebeta                0.254            0.104            0.000            0.036            0.016            0.010
const_L                  -1.361            1.447            0.000            0.093            0.094            0.097
ctrend                    0.525            0.055            0.000            0.030            0.045            0.041
rhogZ                     0.566            0.103            0.000            0.601            0.527            0.506
alpha                     0.271            0.037            0.000            0.019            0.020            0.009


Estimation::marginal density: I'm computing the posterior mean and covariance...  Done!
Estimation::marginal density: I'm computing the posterior log marginal density (modified harmonic mean)... Done!


ESTIMATION RESULTS

Log data density is -434.995935.

parameters
               prior mean   post. mean        90% HPD interval    prior       pstdev

rhoZ                0.500       0.9734      0.9618      0.9848   beta        0.2000
rhob2               0.500       0.7585      0.5771      0.9298   beta        0.2000
rhog                0.500       0.9311      0.8914      0.9722   beta        0.2000
rhomu               0.500       0.7865      0.6817      0.8863   beta        0.2000
rhoms               0.500       0.4816      0.3523      0.6049   beta        0.2000
rhop                0.500       0.9831      0.9681      0.9975   beta        0.2000
rhow                0.500       0.5758      0.1942      0.9467   beta        0.2000
thetap              0.500       0.8238      0.7269      0.9209   beta        0.2000
thetaw              0.500       0.5692      0.2908      0.8599   beta        0.2000
inv_adj_cost        4.000       6.1576      4.2278      7.9973   norm        1.5000
sigma_c             1.500       1.5447      1.2014      1.9071   norm        0.3750
h                   0.700       0.5686      0.4455      0.6936   beta        0.1000
zeta_w              0.500       0.7399      0.5988      0.8652   beta        0.1000
nu_L                2.000       1.8435      1.1834      2.4957   norm        0.7500
zeta_p              0.500       0.7624      0.6961      0.8254   beta        0.1000
iota_w              0.500       0.4406      0.2054      0.6905   beta        0.1500
iota_p              0.500       0.2456      0.0999      0.3853   beta        0.1500
czcap               0.500       0.8723      0.7927      0.9534   beta        0.1500
Phi                 1.250       1.6711      1.5269      1.8160   norm        0.1250
psi1                1.500       1.7833      1.4542      2.0961   norm        0.2500
rhoR                0.750       0.8696      0.8380      0.9023   beta        0.1000
psi2                0.125       0.0232      0.0044      0.0431   norm        0.0500
psi3                0.125       0.1132      0.0778      0.1479   norm        0.0500
const_pi            0.625       0.7946      0.6441      0.9459   gamm        0.1000
constebeta          0.250       0.2534      0.0896      0.4066   gamm        0.1000
const_L             0.000      -1.3544     -3.7362      1.0234   norm        2.0000
ctrend              0.400       0.5254      0.4343      0.6147   norm        0.1000
rhogZ               0.500       0.5677      0.4024      0.7440   norm        0.2500
alpha               0.300       0.2710      0.2104      0.3342   norm        0.0500

standard deviation of shocks
               prior mean   post. mean        90% HPD interval    prior       pstdev

eZ                  0.100       0.4103      0.3496      0.4691   invg        2.0000
eb2                 0.100       0.0743      0.0354      0.1120   invg        2.0000
eg                  0.100       0.3876      0.3394      0.4357   invg        2.0000
emu                 0.100       0.2797      0.2160      0.3432   invg        2.0000
ems                 0.100       0.0878      0.0739      0.1012   invg        2.0000
ep                  0.100       0.1019      0.0809      0.1230   invg        2.0000
ew                  0.100       0.4873      0.4012      0.5738   invg        2.0000
Estimation::mcmc: Smoothed variables
Estimation::mcmc: Smoothed variables, done!
Estimation::mcmc: Smoothed shocks
Estimation::mcmc: Smoothed shocks, done!
Estimation::mcmc: Trend_coefficients
Estimation::mcmc: Trend_coefficients, done!
Estimation::mcmc: Smoothed constant
Estimation::mcmc: Smoothed constant, done!
Estimation::mcmc: Smoothed trend
Estimation::mcmc: Smoothed trend, done!
Estimation::mcmc: Updated Variables
Estimation::mcmc: Updated Variables, done!
Estimation::mcmc: Forecasted variables (mean)
Estimation::mcmc: Forecasted variables (mean), done!
Estimation::mcmc: Forecasted variables (point)
Estimation::mcmc: Forecasted variables (point), done!
Total computing time : 2h01m13s
