Starting Dynare (version 4.5.7).
Starting preprocessing of the model file ...
WARNING: A16.mod:107.1-156.5: Symbol s_phi declared twice.
Substitution of endo leads >= 2: added 6 auxiliary variables and equations.
Substitution of endo lags >= 2: added 10 auxiliary variables and equations.
Found 101 equation(s).
Evaluating expressions...done
Computing static model derivatives:
 - order 1
Computing dynamic model derivatives:
 - order 1
Processing outputs ...
done
Preprocessing completed.

<a href = "matlab: helpview([docroot '/toolbox/optim/msg_csh/optim_msg_csh.map'],'local_min_found','CSHelpWindow');">Local minimum found that satisfies the constraints</a>.

Optimization completed because the objective function is non-decreasing in 
<a href = "matlab: helpview([docroot '/toolbox/optim/msg_csh/optim_msg_csh.map'],'feasible_directions','CSHelpWindow');">feasible directions</a>, to within the value of the <a href = "matlab: helpview([docroot '/toolbox/optim/msg_csh/optim_msg_csh.map'],'optimality_tolerance_msgcsh','CSHelpWindow');">optimality tolerance</a>,
and constraints are satisfied to within the value of the <a href = "matlab: helpview([docroot '/toolbox/optim/msg_csh/optim_msg_csh.map'],'constraint_tolerance','CSHelpWindow');">constraint tolerance</a>.

<<a href = "matlab: createExitMsg({'optimlib:sqpLineSearch:Exit1basic'},{'optimlib:sqpLineSearch:Exit1detailed','0.000000e+00','1.000000e-04','1.179887e-10','1.000000e-06'},true,true);;">stopping criteria details</a>>

Initial value of the log posterior (or likelihood): -3797.8824

==========================================================
   Change in the posterior covariance matrix = 3.998.
   Change in the posterior mean = 0.83975.
   Mode improvement = 3205.8872
   New value of jscale = 0.00088097
==========================================================

==========================================================
   Change in the posterior covariance matrix = 0.032072.
   Change in the posterior mean = 0.75562.
   Mode improvement = 27.7031
   New value of jscale = 0.29664
==========================================================

==========================================================
   Change in the posterior covariance matrix = 0.031878.
   Change in the posterior mean = 1.5577.
   Mode improvement = 24.4819
   New value of jscale = 0.61991
==========================================================

Optimal value of the scale parameter = 0.61991


Final value of minus the log posterior (or likelihood):539.810186 

RESULTS FROM POSTERIOR ESTIMATION
parameters
            prior mean     mode    s.d. prior pstdev

bet_s           0.750   0.7282  0.0015 gamm  0.0500 
nu              2.000   1.7349  0.0798 gamm  0.7500 
h               0.500   0.9413  0.0041 beta  0.2000 
eta             0.600   0.6588  0.0079 beta  0.1000 
xi_p            0.750   0.8462  0.0045 beta  0.1500 
iota_p          0.500   0.1396  0.0340 beta  0.1500 
xi_w            0.750   0.9409  0.0012 beta  0.1500 
iota_w          0.500   0.1753  0.0107 beta  0.1500 
theta           0.750   0.6198  0.0045 beta  0.0500 
theta_I         4.000   1.9448  0.0468 gamm  2.0000 
pis             0.500   0.4338  0.0052 gamm  0.1000 
rho_i           0.850   0.8748  0.0058 beta  0.1000 
phi_pi          0.700   0.3819  0.0016 norm  0.0500 
phi_DY          0.125   0.2148  0.0026 norm  0.0500 
tB              0.500   0.2132  0.0079 gamm  0.2000 
rho_z           0.500   0.4606  0.0329 beta  0.2000 
rho_g           0.500   0.9999  0.0001 beta  0.2000 
rho_beta        0.500   0.4195  0.0057 beta  0.2000 
rho_tau         0.500   0.9983  0.0009 beta  0.2000 
decay           0.500   0.6611  0.0059 beta  0.2000 
rho_p           0.500   0.9997  0.0004 beta  0.2000 
rho_w           0.500   0.1770  0.0071 beta  0.2000 
theta_p         0.500   0.0635  0.0080 beta  0.2000 
theta_w         0.500   0.2953  0.0113 beta  0.2000 

standard deviation of shocks
            prior mean     mode    s.d. prior pstdev

eps_z           0.500   1.0192  0.0501 invg2 1.0000 
eps_g           0.500   0.8740  0.0651 invg2 1.0000 
eps_i           0.100   0.1305  0.0100 invg2 1.0000 
eps_tau         0.500   0.1796  0.0078 invg2 1.0000 
eps_tau_trans   0.500   0.1147  0.0165 invg2 1.0000 
eps_beta        0.500   6.5755  0.0408 invg2 1.0000 
eps_p           0.100   0.0516  0.0061 invg2 1.0000 
eps_w           0.100   0.2597  0.0210 invg2 1.0000 
eps_meas        0.050   0.2802  0.0014 invg2 0.0500 
eps_meas_sp     0.050   0.0608  0.0026 invg2 0.0500 


Log data density [Laplace approximation] is -736.630572.

Estimation::mcmc: One Chain mode.
Estimation::mcmc: Initialization at the posterior mode.

Estimation::mcmc: Write details about the MCMC... Ok!
Estimation::mcmc: Details about the MCMC are available in A16/metropolis\A16_mh_history_0.mat


Estimation::mcmc: Number of mh files: 1 per block.
Estimation::mcmc: Total number of generated files: 1.
Estimation::mcmc: Total number of iterations: 100000.
Estimation::mcmc: Current acceptance ratio per chain: 
                                                       Chain  1: 29.379%
Estimation::mcmc: Total number of MH draws per chain: 100000.
Estimation::mcmc: Total number of generated MH files: 1.
Estimation::mcmc: I'll use mh-files 1 to 1.
Estimation::mcmc: In MH-file number 1 I'll start at line 30001.
Estimation::mcmc: Finally I keep 70000 draws per chain.



MCMC Inefficiency factors per block
Parameter              Block 1
SE_eps_z               496.398
SE_eps_g               264.200
SE_eps_i               180.392
SE_eps_tau             475.448
SE_eps_tau_trans       179.180
SE_eps_beta            701.584
SE_eps_p               496.547
SE_eps_w               451.323
SE_eps_meas            702.502
SE_eps_meas_sp         694.803
bet_s                  719.007
nu                     608.557
h                      299.959
eta                    594.122
xi_p                   630.502
iota_p                 532.907
xi_w                   690.360
iota_w                 664.390
theta                  567.364
theta_I                659.236
pis                    672.313
rho_i                  509.317
phi_pi                 625.578
phi_DY                 719.986
tB                     618.401
rho_z                  504.687
rho_g                  319.347
rho_beta               660.309
rho_tau                370.275
decay                  680.792
rho_p                  314.360
rho_w                  705.967
theta_p                688.962
theta_w                722.241


Geweke (1992) Convergence Tests, based on means of draws 30000 to 44000 vs 65000 to 100000.
p-values are for Chi2-test for equality of means.
Parameter                Post. Mean        Post. Std   p-val No Taper   p-val 4% Taper   p-val 8% Taper  p-val 15% Taper
SE_eps_z                      1.026            0.069            0.000            0.002            0.012            0.033
SE_eps_g                      0.893            0.066            0.000            0.330            0.404            0.456
SE_eps_i                      0.133            0.010            0.000            0.013            0.016            0.015
SE_eps_tau                    0.193            0.020            0.000            0.192            0.263            0.264
SE_eps_tau_trans              0.121            0.011            0.000            0.313            0.362            0.360
SE_eps_beta                   6.480            0.278            0.000            0.047            0.133            0.231
SE_eps_p                      0.054            0.008            0.000            0.002            0.013            0.033
SE_eps_w                      0.279            0.026            0.000            0.138            0.187            0.236
SE_eps_meas                   0.293            0.009            0.000            0.045            0.134            0.232
SE_eps_meas_sp                0.079            0.014            0.000            0.277            0.416            0.516
bet_s                         0.729            0.011            0.000            0.000            0.000            0.000
nu                            2.055            0.190            0.000            0.000            0.000            0.000
h                             0.941            0.005            0.000            0.509            0.584            0.641
eta                           0.652            0.015            0.000            0.035            0.098            0.137
xi_p                          0.849            0.013            0.000            0.000            0.000            0.001
iota_p                        0.134            0.036            0.000            0.000            0.000            0.000
xi_w                          0.927            0.004            0.000            0.000            0.000            0.000
iota_w                        0.175            0.025            0.000            0.855            0.893            0.917
theta                         0.617            0.010            0.000            0.026            0.090            0.167
theta_I                       2.132            0.268            0.000            0.029            0.085            0.152
pis                           0.396            0.027            0.000            0.000            0.000            0.000
rho_i                         0.878            0.009            0.000            0.299            0.435            0.534
phi_pi                        0.388            0.005            0.000            0.001            0.009            0.020
phi_DY                        0.210            0.014            0.000            0.286            0.439            0.554
tB                            0.207            0.023            0.000            0.003            0.021            0.056
rho_z                         0.463            0.037            0.000            0.065            0.165            0.273
rho_g                         1.000            0.000            0.000            0.754            0.766            0.762
rho_beta                      0.346            0.040            0.000            0.392            0.522            0.611
rho_tau                       0.997            0.002            0.000            0.173            0.213            0.206
decay                         0.691            0.035            0.000            0.734            0.796            0.834
rho_p                         0.999            0.001            0.000            0.582            0.604            0.585
rho_w                         0.211            0.037            0.000            0.001            0.018            0.061
theta_p                       0.086            0.029            0.004            0.925            0.944            0.954
theta_w                       0.256            0.063            0.000            0.000            0.002            0.018


Estimation::marginal density: I'm computing the posterior mean and covariance...  Done!
Estimation::marginal density: I'm computing the posterior log marginal density (modified harmonic mean)... Done!


ESTIMATION RESULTS

Log data density is -666.208806.

parameters
                prior mean   post. mean        90% HPD interval    prior       pstdev

bet_s                0.750       0.7299      0.7142      0.7484   gamm        0.0500
nu                   2.000       2.0799      1.8090      2.3174   gamm        0.7500
h                    0.500       0.9413      0.9329      0.9500   beta        0.2000
eta                  0.600       0.6489      0.6237      0.6769   beta        0.1000
xi_p                 0.750       0.8513      0.8314      0.8707   beta        0.1500
iota_p               0.500       0.1246      0.0657      0.1832   beta        0.1500
xi_w                 0.750       0.9261      0.9194      0.9314   beta        0.1500
iota_w               0.500       0.1705      0.1285      0.2106   beta        0.1500
theta                0.750       0.6136      0.6021      0.6254   beta        0.0500
theta_I              4.000       2.1820      1.7273      2.5834   gamm        2.0000
pis                  0.500       0.3987      0.3615      0.4311   gamm        0.1000
rho_i                0.850       0.8796      0.8656      0.8951   beta        0.1000
phi_pi               0.700       0.3884      0.3819      0.3952   norm        0.0500
phi_DY               0.125       0.2121      0.1921      0.2387   norm        0.0500
tB                   0.500       0.2037      0.1651      0.2390   gamm        0.2000
rho_z                0.500       0.4681      0.4134      0.5239   beta        0.2000
rho_g                0.500       0.9997      0.9993      0.9999   beta        0.2000
rho_beta             0.500       0.3296      0.2826      0.3739   beta        0.2000
rho_tau              0.500       0.9966      0.9940      0.9991   beta        0.2000
decay                0.500       0.6953      0.6285      0.7477   beta        0.2000
rho_p                0.500       0.9988      0.9978      0.9998   beta        0.2000
rho_w                0.500       0.2189      0.1542      0.2797   beta        0.2000
theta_p              0.500       0.0872      0.0406      0.1424   beta        0.2000
theta_w              0.500       0.2493      0.1498      0.3729   beta        0.2000

standard deviation of shocks
                prior mean   post. mean        90% HPD interval    prior       pstdev

eps_z                0.500       1.0351      0.9126      1.1471   invg2       1.0000
eps_g                0.500       0.9015      0.7945      1.0084   invg2       1.0000
eps_i                0.100       0.1331      0.1174      0.1491   invg2       1.0000
eps_tau              0.500       0.1920      0.1598      0.2233   invg2       1.0000
eps_tau_trans        0.500       0.1212      0.1031      0.1391   invg2       1.0000
eps_beta             0.500       6.5017      6.0570      6.9442   invg2       1.0000
eps_p                0.100       0.0535      0.0409      0.0659   invg2       1.0000
eps_w                0.100       0.2791      0.2366      0.3187   invg2       1.0000
eps_meas             0.050       0.2955      0.2801      0.3083   invg2       0.0500
eps_meas_sp          0.050       0.0834      0.0612      0.1032   invg2       0.0500
Estimation::mcmc: Smoothed variables
Estimation::mcmc: Smoothed variables, done!
Estimation::mcmc: Smoothed shocks
Estimation::mcmc: Smoothed shocks, done!
Estimation::mcmc: Trend_coefficients
Estimation::mcmc: Trend_coefficients, done!
Estimation::mcmc: Smoothed constant
Estimation::mcmc: Smoothed constant, done!
Estimation::mcmc: Smoothed trend
Estimation::mcmc: Smoothed trend, done!
Estimation::mcmc: Updated Variables
Estimation::mcmc: Updated Variables, done!
Estimation::mcmc: Forecasted variables (mean)
Estimation::mcmc: Forecasted variables (mean), done!
Estimation::mcmc: Forecasted variables (point)
Estimation::mcmc: Forecasted variables (point), done!
Total computing time : 20h23m03s
Note: 1 warning(s) encountered in the preprocessor
