Starting Dynare (version 4.5.7).
Starting preprocessing of the model file ...
WARNING: in the 'steady_state_model' block, variable 'ewma' is not assigned a value
WARNING: in the 'steady_state_model' block, variable 'epinfma' is not assigned a value
WARNING: in the 'steady_state_model' block, variable 'zcapf' is not assigned a value
WARNING: in the 'steady_state_model' block, variable 'rkf' is not assigned a value
WARNING: in the 'steady_state_model' block, variable 'kf' is not assigned a value
WARNING: in the 'steady_state_model' block, variable 'pkf' is not assigned a value
WARNING: in the 'steady_state_model' block, variable 'cf' is not assigned a value
WARNING: in the 'steady_state_model' block, variable 'invef' is not assigned a value
WARNING: in the 'steady_state_model' block, variable 'yf' is not assigned a value
WARNING: in the 'steady_state_model' block, variable 'labf' is not assigned a value
WARNING: in the 'steady_state_model' block, variable 'wf' is not assigned a value
WARNING: in the 'steady_state_model' block, variable 'rrf' is not assigned a value
WARNING: in the 'steady_state_model' block, variable 'mc' is not assigned a value
WARNING: in the 'steady_state_model' block, variable 'zcap' is not assigned a value
WARNING: in the 'steady_state_model' block, variable 'rk' is not assigned a value
WARNING: in the 'steady_state_model' block, variable 'k' is not assigned a value
WARNING: in the 'steady_state_model' block, variable 'pk' is not assigned a value
WARNING: in the 'steady_state_model' block, variable 'c' is not assigned a value
WARNING: in the 'steady_state_model' block, variable 'inve' is not assigned a value
WARNING: in the 'steady_state_model' block, variable 'y' is not assigned a value
WARNING: in the 'steady_state_model' block, variable 'lab' is not assigned a value
WARNING: in the 'steady_state_model' block, variable 'pinf' is not assigned a value
WARNING: in the 'steady_state_model' block, variable 'w' is not assigned a value
WARNING: in the 'steady_state_model' block, variable 'r' is not assigned a value
WARNING: in the 'steady_state_model' block, variable 'a' is not assigned a value
WARNING: in the 'steady_state_model' block, variable 'b' is not assigned a value
WARNING: in the 'steady_state_model' block, variable 'g' is not assigned a value
WARNING: in the 'steady_state_model' block, variable 'qs' is not assigned a value
WARNING: in the 'steady_state_model' block, variable 'ms' is not assigned a value
WARNING: in the 'steady_state_model' block, variable 'spinf' is not assigned a value
WARNING: in the 'steady_state_model' block, variable 'sw' is not assigned a value
WARNING: in the 'steady_state_model' block, variable 'kpf' is not assigned a value
WARNING: in the 'steady_state_model' block, variable 'kp' is not assigned a value
Found 40 equation(s).
Evaluating expressions...done
Computing static model derivatives:
 - order 1
Computing dynamic model derivatives:
 - order 1
 - order 2
Processing outputs ...
done
Preprocessing completed.
[Warning: Some of the parameters have no value (ccs, cinvs, crdpi) when using initial_estimation_checks. If these
parameters are not initialized in a steadystate file or a steady_state_model-block, Dynare may not be able to solve the
model...] 
Initial value of the log posterior (or likelihood): -699.6358
-----------------
f at the beginning of new iteration,       699.6358297429
Predicted improvement:     1540.576717194
lambda =          1; f =          699.7770237
lambda =    0.33333; f =          699.6465619
lambda =    0.11111; f =          699.6359987
lambda =   0.037037; f =          663.3981833
Norm of dx    0.55508
----
Improvement on iteration 1 =       36.237646482
-----------------
f at the beginning of new iteration,       663.3981832605
Predicted improvement:      301.357670500
lambda =          1; f =          663.3982734
lambda =    0.33333; f =          611.4135158
lambda =    0.11111; f =          619.1543852
Norm of dx    0.26064
----
Improvement on iteration 2 =       51.984667458
-----------------
f at the beginning of new iteration,       611.4135158029
Predicted improvement:       54.862008591
lambda =          1; f =          545.3592182
Norm of dx    0.10766
----
Improvement on iteration 3 =       66.054297562
-----------------
f at the beginning of new iteration,       545.3592182410
Predicted improvement:       34.648914410
lambda =          1; f =          545.3592320
lambda =    0.33333; f =          527.7115522
lambda =    0.64439; f =          523.2588961
Norm of dx    0.10892
----
Improvement on iteration 4 =       22.100322183
-----------------
f at the beginning of new iteration,       523.2588960583
Predicted improvement:       20.675865740
lambda =          1; f =          496.6188264
Norm of dx   0.084746
----
Improvement on iteration 5 =       26.640069676
-----------------
f at the beginning of new iteration,       496.6188263828
Predicted improvement:       56.606523473
lambda =          1; f =          802.9639106
lambda =    0.33333; f =          478.1341869
Norm of dx    0.26312
----
Improvement on iteration 6 =       18.484639439
-----------------
f at the beginning of new iteration,       478.1341869435
Predicted improvement:       10.723210093
lambda =          1; f =          465.5546974
Norm of dx   0.055362
----
Improvement on iteration 7 =       12.579489539
-----------------
f at the beginning of new iteration,       465.5546974041
Predicted improvement:       18.262659852
lambda =          1; f =          469.9380474
lambda =    0.33333; f =          456.2483931
lambda =    0.64439; f =          454.7131711
Norm of dx    0.16932
----
Improvement on iteration 8 =       10.841526281
-----------------
f at the beginning of new iteration,       454.7131711226
Predicted improvement:        4.450521438
lambda =          1; f =          448.5678300
Norm of dx   0.026396
----
Improvement on iteration 9 =        6.145341082
-----------------
f at the beginning of new iteration,       448.5678300406
Predicted improvement:        5.151493197
lambda =          1; f =          440.9244649
lambda =     1.9332; f =          439.0499988
Norm of dx   0.062479
----
Improvement on iteration 10 =        9.517831196
-----------------
f at the beginning of new iteration,       439.0499988441
Predicted improvement:        4.303887245
lambda =          1; f =          432.1846183
lambda =     1.9332; f =          428.8823807
Norm of dx   0.043966
----
Improvement on iteration 11 =       10.167618173
-----------------
f at the beginning of new iteration,       428.8823806716
Predicted improvement:        8.820720086
lambda =          1; f =          419.1931813
Norm of dx    0.12474
----
Improvement on iteration 12 =        9.689199332
-----------------
f at the beginning of new iteration,       419.1931813399
Predicted improvement:        9.328326144
lambda =          1; f =          415.8873159
lambda =    0.33333; f =          414.3214789
lambda =    0.64439; f =          412.7435716
Norm of dx    0.18063
----
Improvement on iteration 13 =        6.449609767
-----------------
f at the beginning of new iteration,       412.7435715732
Predicted improvement:        3.575594741
lambda =          1; f =          408.1598046
Norm of dx   0.031577
----
Improvement on iteration 14 =        4.583766994
-----------------
f at the beginning of new iteration,       408.1598045791
Predicted improvement:        3.410814655
lambda =          1; f =          403.0286039
lambda =     1.9332; f =          401.2375062
Norm of dx   0.066469
----
Improvement on iteration 15 =        6.922298418
-----------------
f at the beginning of new iteration,       401.2375061608
Predicted improvement:        3.636266598
lambda =          1; f =          395.3246317
lambda =     1.9332; f =          392.3892939
Norm of dx    0.06965
----
Improvement on iteration 16 =        8.848212290
-----------------
f at the beginning of new iteration,       392.3892938709
Predicted improvement:        6.042045544
lambda =          1; f =          385.3461751
Norm of dx    0.16559
----
Improvement on iteration 17 =        7.043118792
-----------------
f at the beginning of new iteration,       385.3461750790
Predicted improvement:        2.480141143
lambda =          1; f =          381.6646871
lambda =     1.9332; f =          380.5181880
Norm of dx   0.066463
----
Improvement on iteration 18 =        4.827987125
-----------------
f at the beginning of new iteration,       380.5181879542
Predicted improvement:        1.391918326
lambda =          1; f =          378.8184382
Norm of dx   0.051555
----
Improvement on iteration 19 =        1.699749749
-----------------
f at the beginning of new iteration,       378.8184382057
Predicted improvement:        1.500392923
lambda =          1; f =          376.7848367
Norm of dx   0.042443
----
Improvement on iteration 20 =        2.033601466
-----------------
f at the beginning of new iteration,       376.7848367401
Predicted improvement:        0.752653576
lambda =          1; f =          375.8075940
Norm of dx   0.037201
----
Improvement on iteration 21 =        0.977242734
-----------------
f at the beginning of new iteration,       375.8075940065
Predicted improvement:        0.579672881
lambda =          1; f =          374.8602079
lambda =     1.9332; f =          374.3852639
Norm of dx   0.029136
----
Improvement on iteration 22 =        1.422330068
-----------------
f at the beginning of new iteration,       374.3852639382
Predicted improvement:        0.925081321
lambda =          1; f =          373.1748074
Norm of dx   0.038502
----
Improvement on iteration 23 =        1.210456495
-----------------
f at the beginning of new iteration,       373.1748074435
Predicted improvement:        0.601947407
lambda =          1; f =          372.4006299
Norm of dx   0.032049
----
Improvement on iteration 24 =        0.774177549
-----------------
f at the beginning of new iteration,       372.4006298947
Predicted improvement:        0.393261835
lambda =          1; f =          371.8668255
Norm of dx   0.026809
----
Improvement on iteration 25 =        0.533804386
-----------------
f at the beginning of new iteration,       371.8668255088
Predicted improvement:        0.375954657
lambda =          1; f =          371.3747771
Norm of dx   0.031982
----
Improvement on iteration 26 =        0.492048423
-----------------
f at the beginning of new iteration,       371.3747770862
Predicted improvement:        0.273318297
lambda =          1; f =          370.9708791
lambda =     1.9332; f =          370.8504150
Norm of dx   0.028108
----
Improvement on iteration 27 =        0.524362120
-----------------
f at the beginning of new iteration,       370.8504149667
Predicted improvement:        0.220779798
lambda =          1; f =          370.4802507
lambda =     1.9332; f =          370.2734041
Norm of dx   0.010839
----
Improvement on iteration 28 =        0.577010837
-----------------
f at the beginning of new iteration,       370.2734041296
Predicted improvement:        0.338634288
lambda =          1; f =          369.8165301
Norm of dx   0.028106
----
Improvement on iteration 29 =        0.456873998
-----------------
f at the beginning of new iteration,       369.8165301320
Predicted improvement:        0.273598376
lambda =          1; f =          369.4079234
lambda =     1.9332; f =          369.2895315
Norm of dx   0.029261
----
Improvement on iteration 30 =        0.526998605
-----------------
f at the beginning of new iteration,       369.2895315268
Predicted improvement:        0.196348031
lambda =          1; f =          368.9820043
lambda =     1.9332; f =          368.8346382
Norm of dx   0.010046
----
Improvement on iteration 31 =        0.454893328
-----------------
f at the beginning of new iteration,       368.8346381990
Predicted improvement:        0.248082415
lambda =          1; f =          368.4501331
lambda =     1.9332; f =          368.3155023
Norm of dx   0.030408
----
Improvement on iteration 32 =        0.519135915
-----------------
f at the beginning of new iteration,       368.3155022839
Predicted improvement:        0.166231846
lambda =          1; f =          368.0809542
lambda =     1.9332; f =          368.0383123
Norm of dx   0.014134
----
Improvement on iteration 33 =        0.277189999
-----------------
f at the beginning of new iteration,       368.0383122851
Predicted improvement:        0.122083523
lambda =          1; f =          367.8737141
Norm of dx   0.010805
----
Improvement on iteration 34 =        0.164598175
-----------------
f at the beginning of new iteration,       367.8737141101
Predicted improvement:        0.157005485
lambda =          1; f =          367.6677282
Norm of dx   0.023759
----
Improvement on iteration 35 =        0.205985895
-----------------
f at the beginning of new iteration,       367.6677282155
Predicted improvement:        0.183186076
lambda =          1; f =          367.4206890
Norm of dx   0.018216
----
Improvement on iteration 36 =        0.247039184
-----------------
f at the beginning of new iteration,       367.4206890317
Predicted improvement:        0.157825830
lambda =          1; f =          367.2266457
Norm of dx   0.027889
----
Improvement on iteration 37 =        0.194043295
-----------------
f at the beginning of new iteration,       367.2266457368
Predicted improvement:        0.053752774
lambda =          1; f =          367.1562866
Norm of dx  0.0099763
----
Improvement on iteration 38 =        0.070359135
-----------------
f at the beginning of new iteration,       367.1562866015
Predicted improvement:        0.035387792
lambda =          1; f =          367.1019105
lambda =     1.9332; f =          367.0809719
Norm of dx  0.0072865
----
Improvement on iteration 39 =        0.075314678
-----------------
f at the beginning of new iteration,       367.0809719238
Predicted improvement:        0.035461515
lambda =          1; f =          367.0190130
lambda =     1.9332; f =          366.9776399
lambda =     3.7372; f =          366.9441056
Norm of dx  0.0054259
----
Improvement on iteration 40 =        0.136866365
-----------------
f at the beginning of new iteration,       366.9441055592
Predicted improvement:        0.053273211
lambda =          1; f =          366.8527471
lambda =     1.9332; f =          366.7961178
lambda =     3.7372; f =          366.7732816
Norm of dx   0.010302
----
Improvement on iteration 41 =        0.170823976
-----------------
f at the beginning of new iteration,       366.7732815835
Predicted improvement:        0.113569693
lambda =          1; f =          366.5828829
lambda =     1.9332; f =          366.4695245
Norm of dx   0.012597
----
Improvement on iteration 42 =        0.303757112
-----------------
f at the beginning of new iteration,       366.4695244715
Predicted improvement:        0.196775194
lambda =          1; f =          366.2487907
Norm of dx   0.050091
----
Improvement on iteration 43 =        0.220733751
-----------------
f at the beginning of new iteration,       366.2487907205
Predicted improvement:        0.046249314
lambda =          1; f =          366.1950192
Norm of dx  0.0093531
----
Improvement on iteration 44 =        0.053771529
-----------------
f at the beginning of new iteration,       366.1950191915
Predicted improvement:        0.040307123
lambda =          1; f =          366.1282674
lambda =     1.9332; f =          366.0915049
Norm of dx   0.015637
----
Improvement on iteration 45 =        0.103514255
-----------------
f at the beginning of new iteration,       366.0915049364
Predicted improvement:        0.089886982
lambda =          1; f =          365.9395328
lambda =     1.9332; f =          365.8460943
lambda =     3.7372; f =          365.7924373
Norm of dx   0.026262
----
Improvement on iteration 46 =        0.299067647
-----------------
f at the beginning of new iteration,       365.7924372899
Predicted improvement:        0.187738255
lambda =          1; f =          365.4524217
lambda =     1.9332; f =          365.2028266
lambda =     3.7372; f =          364.9292575
Norm of dx   0.030338
----
Improvement on iteration 47 =        0.863179751
-----------------
f at the beginning of new iteration,       364.9292575393
Predicted improvement:        0.592920951
lambda =          1; f =          364.3998531
Norm of dx    0.10809
----
Improvement on iteration 48 =        0.529404442
-----------------
f at the beginning of new iteration,       364.3998530974
Predicted improvement:        0.301133867
lambda =          1; f =          364.0030469
Norm of dx   0.052597
----
Improvement on iteration 49 =        0.396806203
-----------------
f at the beginning of new iteration,       364.0030468947
Predicted improvement:        0.194403678
lambda =          1; f =          363.7742979
Norm of dx   0.040011
----
Improvement on iteration 50 =        0.228749020
-----------------
f at the beginning of new iteration,       363.7742978748
Predicted improvement:        0.139455759
lambda =          1; f =          363.6339138
Norm of dx   0.036229
----
Improvement on iteration 51 =        0.140384083
-----------------
f at the beginning of new iteration,       363.6339137914
Predicted improvement:        0.075483536
lambda =          1; f =          363.5283100
Norm of dx   0.011772
----
Improvement on iteration 52 =        0.105603751
-----------------
f at the beginning of new iteration,       363.5283100409
Predicted improvement:        0.142227583
lambda =          1; f =          363.4175454
Norm of dx   0.061369
----
Improvement on iteration 53 =        0.110764655
-----------------
f at the beginning of new iteration,       363.4175453860
Predicted improvement:        0.162250115
lambda =          1; f =          363.2207977
Norm of dx   0.026442
----
Improvement on iteration 54 =        0.196747703
-----------------
f at the beginning of new iteration,       363.2207976830
Predicted improvement:        0.140571342
lambda =          1; f =          362.9947411
lambda =     1.9332; f =          362.8872410
Norm of dx   0.019768
----
Improvement on iteration 55 =        0.333556695
-----------------
f at the beginning of new iteration,       362.8872409883
Predicted improvement:        0.198349881
lambda =          1; f =          362.6273931
Norm of dx    0.06069
----
Improvement on iteration 56 =        0.259847926
-----------------
f at the beginning of new iteration,       362.6273930627
Predicted improvement:        0.136147863
lambda =          1; f =          362.4736353
Norm of dx   0.035392
----
Improvement on iteration 57 =        0.153757798
-----------------
f at the beginning of new iteration,       362.4736352644
Predicted improvement:        0.064416953
lambda =          1; f =          362.3868824
Norm of dx   0.014297
----
Improvement on iteration 58 =        0.086752817
-----------------
f at the beginning of new iteration,       362.3868824477
Predicted improvement:        0.065616364
lambda =          1; f =          362.2960201
Norm of dx   0.012747
----
Improvement on iteration 59 =        0.090862359
-----------------
f at the beginning of new iteration,       362.2960200882
Predicted improvement:        0.048760910
lambda =          1; f =          362.2242657
lambda =     1.9332; f =          362.2031887
Norm of dx   0.011463
----
Improvement on iteration 60 =        0.092831366
-----------------
f at the beginning of new iteration,       362.2031887226
Predicted improvement:        0.031409961
lambda =          1; f =          362.1497887
lambda =     1.9332; f =          362.1167821
lambda =     3.7372; f =          362.0980405
Norm of dx  0.0064085
----
Improvement on iteration 61 =        0.105148235
-----------------
f at the beginning of new iteration,       362.0980404872
Predicted improvement:        0.026476662
lambda =          1; f =          362.0650466
Norm of dx  0.0085165
----
Improvement on iteration 62 =        0.032993846
-----------------
f at the beginning of new iteration,       362.0650466411
Predicted improvement:        0.014774457
lambda =          1; f =          362.0427195
lambda =     1.9332; f =          362.0347212
Norm of dx  0.0083164
----
Improvement on iteration 63 =        0.030325392
-----------------
f at the beginning of new iteration,       362.0347212487
Predicted improvement:        0.014386797
lambda =          1; f =          362.0097214
lambda =     1.9332; f =          361.9931860
lambda =     3.7372; f =          361.9796459
Norm of dx  0.0053529
----
Improvement on iteration 64 =        0.055075345
-----------------
f at the beginning of new iteration,       361.9796459038
Predicted improvement:        0.031614083
lambda =          1; f =          361.9301873
lambda =     1.9332; f =          361.9097760
Norm of dx   0.020931
----
Improvement on iteration 65 =        0.069869879
-----------------
f at the beginning of new iteration,       361.9097760244
Predicted improvement:        0.017344531
lambda =          1; f =          361.8834376
lambda =     1.9332; f =          361.8741592
Norm of dx  0.0076663
----
Improvement on iteration 66 =        0.035616844
-----------------
f at the beginning of new iteration,       361.8741591806
Predicted improvement:        0.015401960
lambda =          1; f =          361.8467411
lambda =     1.9332; f =          361.8272996
lambda =     3.7372; f =          361.8067461
Norm of dx  0.0061251
----
Improvement on iteration 67 =        0.067413060
-----------------
f at the beginning of new iteration,       361.8067461211
Predicted improvement:        0.039902544
lambda =          1; f =          361.7469659
lambda =     1.9332; f =          361.7270626
Norm of dx   0.015403
----
Improvement on iteration 68 =        0.079683513
-----------------
f at the beginning of new iteration,       361.7270626082
Predicted improvement:        0.018154941
lambda =          1; f =          361.6992533
lambda =     1.9332; f =          361.6886729
Norm of dx   0.012567
----
Improvement on iteration 69 =        0.038389750
-----------------
f at the beginning of new iteration,       361.6886728581
Predicted improvement:        0.009974547
lambda =          1; f =          361.6729151
lambda =     1.9332; f =          361.6654980
Norm of dx  0.0057291
----
Improvement on iteration 70 =        0.023174816
-----------------
f at the beginning of new iteration,       361.6654980417
Predicted improvement:        0.013250357
lambda =          1; f =          361.6420925
lambda =     1.9332; f =          361.6258186
lambda =     3.7372; f =          361.6139937
Norm of dx   0.016193
----
Improvement on iteration 71 =        0.051504309
-----------------
f at the beginning of new iteration,       361.6139937325
Predicted improvement:        0.046635725
lambda =          1; f =          361.5298619
lambda =     1.9332; f =          361.4647252
lambda =     3.7372; f =          361.3692567
lambda =     7.2247; f =          361.5213330
lambda =     4.8647; f =          361.3403245
Norm of dx   0.018382
----
Improvement on iteration 72 =        0.273669223
-----------------
f at the beginning of new iteration,       361.3403245098
Predicted improvement:        0.156738953
lambda =          1; f =          361.5200674
lambda =    0.33333; f =          361.2979006
Norm of dx    0.04303
----
Improvement on iteration 73 =        0.042423940
-----------------
f at the beginning of new iteration,       361.2979005697
Predicted improvement:        0.246980870
lambda =          1; f =          361.5899095
lambda =    0.33333; f =          361.1693337
lambda =    0.64439; f =          361.1783758
Norm of dx   0.090046
----
Improvement on iteration 74 =        0.128566861
-----------------
f at the beginning of new iteration,       361.1693337091
Predicted improvement:        0.130722715
lambda =          1; f =          361.0517149
Norm of dx   0.040957
----
Improvement on iteration 75 =        0.117618768
-----------------
f at the beginning of new iteration,       361.0517149407
Predicted improvement:        0.244254273
lambda =          1; f =          360.8004569
Norm of dx   0.029722
----
Improvement on iteration 76 =        0.251258001
-----------------
f at the beginning of new iteration,       360.8004569400
Predicted improvement:        0.305653474
lambda =          1; f =          360.3282758
lambda =     1.9332; f =          360.1276977
Norm of dx   0.041751
----
Improvement on iteration 77 =        0.672759280
-----------------
f at the beginning of new iteration,       360.1276976604
Predicted improvement:        0.622289110
lambda =          1; f =          359.3887440
Norm of dx    0.11556
----
Improvement on iteration 78 =        0.738953695
-----------------
f at the beginning of new iteration,       359.3887439650
Predicted improvement:        0.277321819
lambda =          1; f =          359.1768527
Norm of dx   0.078315
----
Improvement on iteration 79 =        0.211891241
-----------------
f at the beginning of new iteration,       359.1768527245
Predicted improvement:        0.228883325
lambda =          1; f =          358.9432630
Norm of dx    0.02879
----
Improvement on iteration 80 =        0.233589689
-----------------
f at the beginning of new iteration,       358.9432630351
Predicted improvement:        0.149790743
lambda =          1; f =          358.7316597
lambda =     1.9332; f =          358.6863814
Norm of dx    0.01744
----
Improvement on iteration 81 =        0.256881609
-----------------
f at the beginning of new iteration,       358.6863814260
Predicted improvement:        0.153398340
lambda =          1; f =          358.4960693
Norm of dx    0.02718
----
Improvement on iteration 82 =        0.190312077
-----------------
f at the beginning of new iteration,       358.4960693494
Predicted improvement:        0.043573242
lambda =          1; f =          358.4456041
Norm of dx    0.01329
----
Improvement on iteration 83 =        0.050465222
-----------------
f at the beginning of new iteration,       358.4456041276
Predicted improvement:        0.015197342
lambda =          1; f =          358.4229840
lambda =     1.9332; f =          358.4157425
Norm of dx  0.0068651
----
Improvement on iteration 84 =        0.029861626
-----------------
f at the beginning of new iteration,       358.4157425016
Predicted improvement:        0.016215468
lambda =          1; f =          358.3905507
lambda =     1.9332; f =          358.3808736
Norm of dx  0.0066954
----
Improvement on iteration 85 =        0.034868915
-----------------
f at the beginning of new iteration,       358.3808735867
Predicted improvement:        0.030059381
lambda =          1; f =          358.3358262
lambda =     1.9332; f =          358.3198278
Norm of dx   0.010652
----
Improvement on iteration 86 =        0.061045747
-----------------
f at the beginning of new iteration,       358.3198278401
Predicted improvement:        0.028132516
lambda =          1; f =          358.2825042
Norm of dx   0.015444
----
Improvement on iteration 87 =        0.037323677
-----------------
f at the beginning of new iteration,       358.2825041628
Predicted improvement:        0.012138286
lambda =          1; f =          358.2679993
Norm of dx   0.015229
----
Improvement on iteration 88 =        0.014504842
-----------------
f at the beginning of new iteration,       358.2679993213
Predicted improvement:        0.004000804
lambda =          1; f =          358.2614734
lambda =     1.9332; f =          358.2580338
Norm of dx  0.0047508
----
Improvement on iteration 89 =        0.009965564
-----------------
f at the beginning of new iteration,       358.2580337573
Predicted improvement:        0.008612167
lambda =          1; f =          358.2431323
lambda =     1.9332; f =          358.2333711
lambda =     3.7372; f =          358.2256916
Norm of dx  0.0062345
----
Improvement on iteration 90 =        0.032342189
-----------------
f at the beginning of new iteration,       358.2256915688
Predicted improvement:        0.018019835
lambda =          1; f =          358.1954919
lambda =     1.9332; f =          358.1784297
Norm of dx  0.0069493
----
Improvement on iteration 91 =        0.047261873
-----------------
f at the beginning of new iteration,       358.1784296962
Predicted improvement:        0.020295531
lambda =          1; f =          358.1534098
Norm of dx   0.010778
----
Improvement on iteration 92 =        0.025019926
-----------------
f at the beginning of new iteration,       358.1534097702
Predicted improvement:        0.006415782
lambda =          1; f =          358.1449824
Norm of dx  0.0063721
----
Improvement on iteration 93 =        0.008427328
-----------------
f at the beginning of new iteration,       358.1449824418
Predicted improvement:        0.003526704
lambda =          1; f =          358.1401093
Norm of dx  0.0052327
----
Improvement on iteration 94 =        0.004873138
-----------------
f at the beginning of new iteration,       358.1401093035
Predicted improvement:        0.003796653
lambda =          1; f =          358.1341293
lambda =     1.9332; f =          358.1314534
Norm of dx  0.0047884
----
Improvement on iteration 95 =        0.008655927
-----------------
f at the beginning of new iteration,       358.1314533761
Predicted improvement:        0.006258871
lambda =          1; f =          358.1202629
lambda =     1.9332; f =          358.1122079
lambda =     3.7372; f =          358.1031594
Norm of dx  0.0045883
----
Improvement on iteration 96 =        0.028293936
-----------------
f at the beginning of new iteration,       358.1031594396
Predicted improvement:        0.018839187
lambda =          1; f =          358.0757573
lambda =     1.9332; f =          358.0691235
Norm of dx   0.016281
----
Improvement on iteration 97 =        0.034035927
-----------------
f at the beginning of new iteration,       358.0691235122
Predicted improvement:        0.004947025
lambda =          1; f =          358.0638720
Norm of dx  0.0048552
----
Improvement on iteration 98 =        0.005251521
-----------------
f at the beginning of new iteration,       358.0638719911
Predicted improvement:        0.001420256
lambda =          1; f =          358.0618012
lambda =     1.9332; f =          358.0612562
Norm of dx  0.0024535
----
Improvement on iteration 99 =        0.002615746
-----------------
f at the beginning of new iteration,       358.0612562448
Predicted improvement:        0.001722760
lambda =          1; f =          358.0579998
lambda =     1.9332; f =          358.0552983
lambda =     3.7372; f =          358.0510047
lambda =     7.2247; f =          358.0462154
Norm of dx  0.0025478
----
Improvement on iteration 100 =        0.015040797
-----------------
f at the beginning of new iteration,       358.0462154474
Predicted improvement:        0.008112991
lambda =          1; f =          358.0340096
lambda =     1.9332; f =          358.0298986
Norm of dx    0.00984
----
Improvement on iteration 101 =        0.016316868
-----------------
f at the beginning of new iteration,       358.0298985793
Predicted improvement:        0.002954790
lambda =          1; f =          358.0260110
Norm of dx  0.0044175
----
Improvement on iteration 102 =        0.003887566
-----------------
f at the beginning of new iteration,       358.0260110131
Predicted improvement:        0.001444632
lambda =          1; f =          358.0239634
lambda =     1.9332; f =          358.0235956
Norm of dx  0.0021756
----
Improvement on iteration 103 =        0.002415394
-----------------
f at the beginning of new iteration,       358.0235956187
Predicted improvement:        0.001193149
lambda =          1; f =          358.0213507
lambda =     1.9332; f =          358.0195084
lambda =     3.7372; f =          358.0166396
lambda =     7.2247; f =          358.0136879
Norm of dx  0.0018897
----
Improvement on iteration 104 =        0.009907725
-----------------
f at the beginning of new iteration,       358.0136878934
Predicted improvement:        0.007321759
lambda =          1; f =          358.0010850
lambda =     1.9332; f =          357.9929748
lambda =     3.7372; f =          357.9871595
Norm of dx  0.0086264
----
Improvement on iteration 105 =        0.026528440
-----------------
f at the beginning of new iteration,       357.9871594535
Predicted improvement:        0.003575115
lambda =          1; f =          357.9827988
Norm of dx  0.0054839
----
Improvement on iteration 106 =        0.004360699
-----------------
f at the beginning of new iteration,       357.9827987547
Predicted improvement:        0.000501267
lambda =          1; f =          357.9821410
Norm of dx  0.0018346
----
Improvement on iteration 107 =        0.000657766
-----------------
f at the beginning of new iteration,       357.9821409890
Predicted improvement:        0.000261510
lambda =          1; f =          357.9817056
lambda =     1.9332; f =          357.9814597
Norm of dx 0.00088633
----
Improvement on iteration 108 =        0.000681311
-----------------
f at the beginning of new iteration,       357.9814596784
Predicted improvement:        0.000580785
lambda =          1; f =          357.9804179
lambda =     1.9332; f =          357.9796626
lambda =     3.7372; f =          357.9787957
Norm of dx  0.0014897
----
Improvement on iteration 109 =        0.002664011
-----------------
f at the beginning of new iteration,       357.9787956674
Predicted improvement:        0.002103720
lambda =          1; f =          357.9750553
lambda =     1.9332; f =          357.9724007
lambda =     3.7372; f =          357.9695664
Norm of dx  0.0046187
----
Improvement on iteration 110 =        0.009229218
-----------------
f at the beginning of new iteration,       357.9695664491
Predicted improvement:        0.003315391
lambda =          1; f =          357.9652811
Norm of dx   0.005429
----
Improvement on iteration 111 =        0.004285335
-----------------
f at the beginning of new iteration,       357.9652811143
Predicted improvement:        0.000874742
lambda =          1; f =          357.9642625
Norm of dx  0.0019372
----
Improvement on iteration 112 =        0.001018617
-----------------
f at the beginning of new iteration,       357.9642624976
Predicted improvement:        0.000269474
lambda =          1; f =          357.9637800
lambda =     1.9332; f =          357.9634277
lambda =     3.7372; f =          357.9630152
Norm of dx 0.00078251
----
Improvement on iteration 113 =        0.001247287
-----------------
f at the beginning of new iteration,       357.9630152103
Predicted improvement:        0.001194453
lambda =          1; f =          357.9607632
lambda =     1.9332; f =          357.9589021
lambda =     3.7372; f =          357.9559633
lambda =     7.2247; f =          357.9527532
Norm of dx  0.0034808
----
Improvement on iteration 114 =        0.010261982
-----------------
f at the beginning of new iteration,       357.9527532281
Predicted improvement:        0.007739618
lambda =          1; f =          357.9394834
lambda =     1.9332; f =          357.9310898
lambda =     3.7372; f =          357.9258657
Norm of dx   0.020621
----
Improvement on iteration 115 =        0.026887509
-----------------
f at the beginning of new iteration,       357.9258657188
Predicted improvement:        0.003775367
lambda =          1; f =          357.9211455
Norm of dx   0.010888
----
Improvement on iteration 116 =        0.004720258
-----------------
f at the beginning of new iteration,       357.9211454604
Predicted improvement:        0.000875682
lambda =          1; f =          357.9198597
lambda =     1.9332; f =          357.9195241
Norm of dx  0.0029012
----
Improvement on iteration 117 =        0.001621389
-----------------
f at the beginning of new iteration,       357.9195240717
Predicted improvement:        0.000705397
lambda =          1; f =          357.9181844
lambda =     1.9332; f =          357.9170601
lambda =     3.7372; f =          357.9152313
lambda =     7.2247; f =          357.9129858
Norm of dx  0.0022105
----
Improvement on iteration 118 =        0.006538315
-----------------
f at the beginning of new iteration,       357.9129857572
Predicted improvement:        0.004997195
lambda =          1; f =          357.9046784
lambda =     1.9332; f =          357.8999771
Norm of dx   0.016759
----
Improvement on iteration 119 =        0.013008656
-----------------
f at the beginning of new iteration,       357.8999771008
Predicted improvement:        0.008349717
lambda =          1; f =          357.8877667
lambda =     1.9332; f =          357.8843567
Norm of dx   0.025955
----
Improvement on iteration 120 =        0.015620377
-----------------
f at the beginning of new iteration,       357.8843567243
Predicted improvement:        0.002627920
lambda =          1; f =          357.8807510
Norm of dx  0.0057678
----
Improvement on iteration 121 =        0.003605681
-----------------
f at the beginning of new iteration,       357.8807510430
Predicted improvement:        0.001149942
lambda =          1; f =          357.8792211
Norm of dx  0.0033487
----
Improvement on iteration 122 =        0.001529982
-----------------
f at the beginning of new iteration,       357.8792210605
Predicted improvement:        0.000838244
lambda =          1; f =          357.8777974
lambda =     1.9332; f =          357.8769163
lambda =     3.7372; f =          357.8763975
Norm of dx  0.0024844
----
Improvement on iteration 123 =        0.002823604
-----------------
f at the beginning of new iteration,       357.8763974566
Predicted improvement:        0.002062993
lambda =          1; f =          357.8724497
lambda =     1.9332; f =          357.8690866
lambda =     3.7372; f =          357.8634786
lambda =     7.2247; f =          357.8560737
Norm of dx  0.0059487
----
Improvement on iteration 124 =        0.020323722
-----------------
f at the beginning of new iteration,       357.8560737346
Predicted improvement:        0.025683506
lambda =          1; f =          357.8128944
lambda =     1.9332; f =          357.7873638
Norm of dx   0.075041
----
Improvement on iteration 125 =        0.068709977
-----------------
f at the beginning of new iteration,       357.7873637577
Predicted improvement:        0.047354967
lambda =          1; f =          357.7184710
lambda =     1.9332; f =          357.7029074
Norm of dx      0.172
----
Improvement on iteration 126 =        0.084456390
-----------------
f at the beginning of new iteration,       357.7029073672
Predicted improvement:        0.024486208
lambda =          1; f =          357.6752721
Norm of dx   0.023108
----
Improvement on iteration 127 =        0.027635248
-----------------
f at the beginning of new iteration,       357.6752721195
Predicted improvement:        0.011241179
lambda =          1; f =          357.6651241
Norm of dx    0.01324
----
Improvement on iteration 128 =        0.010148022
-----------------
f at the beginning of new iteration,       357.6651240973
Predicted improvement:        0.001751350
lambda =          1; f =          357.6624636
lambda =     1.9332; f =          357.6615306
Norm of dx  0.0082626
----
Improvement on iteration 129 =        0.003593543
-----------------
f at the beginning of new iteration,       357.6615305544
Predicted improvement:        0.002069604
lambda =          1; f =          357.6575581
lambda =     1.9332; f =          357.6541505
lambda =     3.7372; f =          357.6483861
lambda =     7.2247; f =          357.6403448
lambda =     13.967; f =          357.6365857
Norm of dx  0.0098774
----
Improvement on iteration 130 =        0.024944871
-----------------
f at the beginning of new iteration,       357.6365856837
Predicted improvement:        0.019387044
lambda =          1; f =          357.6040160
lambda =     1.9332; f =          357.5847605
Norm of dx  0.0098796
----
Improvement on iteration 131 =        0.051825139
-----------------
f at the beginning of new iteration,       357.5847605447
Predicted improvement:        0.019766128
lambda =          1; f =          357.5621068
Norm of dx   0.065954
----
Improvement on iteration 132 =        0.022653732
-----------------
f at the beginning of new iteration,       357.5621068123
Predicted improvement:        0.002121973
lambda =          1; f =          357.5593702
Norm of dx   0.032714
----
Improvement on iteration 133 =        0.002736629
-----------------
f at the beginning of new iteration,       357.5593701829
Predicted improvement:        0.000778591
lambda =          1; f =          357.5583546
Norm of dx   0.016193
----
Improvement on iteration 134 =        0.001015543
-----------------
f at the beginning of new iteration,       357.5583546403
Predicted improvement:        0.000371810
lambda =          1; f =          357.5577705
lambda =     1.9332; f =          357.5575083
Norm of dx  0.0071709
----
Improvement on iteration 135 =        0.000846307
-----------------
f at the beginning of new iteration,       357.5575083333
Predicted improvement:        0.000504685
lambda =          1; f =          357.5565491
lambda =     1.9332; f =          357.5557445
lambda =     3.7372; f =          357.5544362
lambda =     7.2247; f =          357.5528240
Norm of dx  0.0022766
----
Improvement on iteration 136 =        0.004684363
-----------------
f at the beginning of new iteration,       357.5528239699
Predicted improvement:        0.004506792
lambda =          1; f =          357.5528240
lambda =    0.33333; f =          357.5528240
lambda =    0.11111; f =          357.5518325
lambda =     0.2148; f =          357.5509253
lambda =    0.41524; f =          357.5528240
lambda =     0.2796; f =          357.5528240
lambda =    0.22054; f =          357.5508756
lambda =    0.25428; f =          357.5505844
lambda =    0.29319; f =          357.5528240
lambda =    0.26918; f =          357.5504564
lambda =    0.28334; f =          357.5528240
lambda =    0.27476; f =          357.5504086
lambda =    0.27988; f =          357.5528240
lambda =     0.2768; f =          357.5528240
Norm of dx    0.01293
Cliff.  Perturbing search direction.
Predicted improvement:        0.081678302
lambda =          1; f =          357.5528244
lambda =    0.33333; f =          357.5528240
lambda =    0.11111; f =          357.5528240
lambda =   0.037037; f =          357.5472282
lambda =   0.071599; f =          357.5528240
lambda =   0.048211; f =          357.5528240
lambda =   0.038027; f =          357.5470912
lambda =   0.043845; f =          357.5528240
lambda =   0.040255; f =          357.5467850
lambda =   0.042372; f =          357.5528240
lambda =   0.041089; f =          357.5466713
lambda =   0.041854; f =          357.5465673
lambda =   0.042634; f =          357.5528240
lambda =   0.042164; f =          357.5528240
Norm of dx    0.11752
Cliff again.  Try traversing
Predicted improvement:        0.549483380
lambda =          1; f =          357.5528240
lambda =    0.33333; f =          362.9827528
lambda =    0.11111; f =          358.0364805
lambda =   0.037037; f =          357.5749088
lambda =   0.012346; f =          357.5449761
Norm of dx     1.0483
----
Improvement on iteration 137 =        0.007847856
-----------------
f at the beginning of new iteration,       357.5449761143
Predicted improvement:        0.013822865
lambda =          1; f =          357.5186832
lambda =     1.9332; f =          357.4966083
lambda =     3.7372; f =          357.4607204
lambda =     7.2247; f =          357.4171318
Norm of dx   0.030432
----
Improvement on iteration 138 =        0.127844290
-----------------
f at the beginning of new iteration,       357.4171318241
Predicted improvement:        0.050557911
lambda =          1; f =          357.3483900
Norm of dx    0.24096
----
Improvement on iteration 139 =        0.068741851
-----------------
f at the beginning of new iteration,       357.3483899731
Predicted improvement:        0.020468821
lambda =          1; f =          357.3243657
Norm of dx    0.16996
----
Improvement on iteration 140 =        0.024024315
-----------------
f at the beginning of new iteration,       357.3243656583
Predicted improvement:        0.005493767
lambda =          1; f =          357.3151763
lambda =     1.9332; f =          357.3099570
Norm of dx   0.032556
----
Improvement on iteration 141 =        0.014408692
-----------------
f at the beginning of new iteration,       357.3099569668
Predicted improvement:        0.018020641
lambda =          1; f =          357.2791178
lambda =     1.9332; f =          357.2598344
lambda =     3.7372; f =          357.2490650
Norm of dx    0.10325
----
Improvement on iteration 142 =        0.060891932
-----------------
f at the beginning of new iteration,       357.2490650345
Predicted improvement:        0.051259581
lambda =          1; f =          357.1600266
lambda =     1.9332; f =          357.1019792
lambda =     3.7372; f =          357.0630713
Norm of dx    0.10653
----
Improvement on iteration 143 =        0.185993716
-----------------
f at the beginning of new iteration,       357.0630713184
Predicted improvement:        0.084608989
lambda =          1; f =          356.9925768
Norm of dx   0.094117
----
Improvement on iteration 144 =        0.070494486
-----------------
f at the beginning of new iteration,       356.9925768323
Predicted improvement:        0.010778355
lambda =          1; f =          356.9801731
Norm of dx    0.12042
----
Improvement on iteration 145 =        0.012403750
-----------------
f at the beginning of new iteration,       356.9801730824
Predicted improvement:        0.003370478
lambda =          1; f =          356.9771006
Norm of dx    0.03165
----
Improvement on iteration 146 =        0.003072438
-----------------
f at the beginning of new iteration,       356.9771006440
Predicted improvement:        0.001855784
lambda =          1; f =          356.9758659
Norm of dx  0.0093209
----
Improvement on iteration 147 =        0.001234776
-----------------
f at the beginning of new iteration,       356.9758658676
Predicted improvement:        0.000400299
lambda =          1; f =          356.9754677
Norm of dx  0.0032539
----
Improvement on iteration 148 =        0.000398135
-----------------
f at the beginning of new iteration,       356.9754677330
Predicted improvement:        0.000017406
lambda =          1; f =          356.9754444
Norm of dx 0.00069858
----
Improvement on iteration 149 =        0.000023289
-----------------
f at the beginning of new iteration,       356.9754444439
Predicted improvement:        0.000013290
lambda =          1; f =          356.9754273
Norm of dx  0.0006915
----
Improvement on iteration 150 =        0.000017184
-----------------
f at the beginning of new iteration,       356.9754272601
Predicted improvement:        0.000009323
lambda =          1; f =          356.9754129
lambda =     1.9332; f =          356.9754061
Norm of dx  0.0008515
----
Improvement on iteration 151 =        0.000021161
-----------------
f at the beginning of new iteration,       356.9754060991
Predicted improvement:        0.000014725
lambda =          1; f =          356.9753791
lambda =     1.9332; f =          356.9753579
lambda =     3.7372; f =          356.9753276
lambda =     7.2247; f =          356.9753095
Norm of dx 0.00068601
----
Improvement on iteration 152 =        0.000096615
-----------------
f at the beginning of new iteration,       356.9753094842
Predicted improvement:        0.000075401
lambda =          1; f =          356.9751628
lambda =     1.9332; f =          356.9750347
lambda =     3.7372; f =          356.9748113
lambda =     7.2247; f =          356.9744691
lambda =     13.967; f =          356.9741388
Norm of dx    0.00108
----
Improvement on iteration 153 =        0.001170649
-----------------
f at the beginning of new iteration,       356.9741388355
Predicted improvement:        0.000852229
lambda =          1; f =          356.9725090
lambda =     1.9332; f =          356.9711252
lambda =     3.7372; f =          356.9688270
lambda =     7.2247; f =          356.9658049
Norm of dx  0.0081182
----
Improvement on iteration 154 =        0.008333930
-----------------
f at the beginning of new iteration,       356.9658049057
Predicted improvement:        0.008874565
lambda =          1; f =          356.9511715
lambda =     1.9332; f =          356.9431875
Norm of dx    0.10266
----
Improvement on iteration 155 =        0.022617436
-----------------
f at the beginning of new iteration,       356.9431874699
Predicted improvement:        0.008912907
lambda =          1; f =          356.9319950
Norm of dx    0.11811
----
Improvement on iteration 156 =        0.011192461
-----------------
f at the beginning of new iteration,       356.9319950087
Predicted improvement:        0.001501156
lambda =          1; f =          356.9303243
Norm of dx   0.022077
----
Improvement on iteration 157 =        0.001670730
-----------------
f at the beginning of new iteration,       356.9303242791
Predicted improvement:        0.000060926
lambda =          1; f =          356.9302554
Norm of dx  0.0034921
----
Improvement on iteration 158 =        0.000068921
-----------------
f at the beginning of new iteration,       356.9302553580
Predicted improvement:        0.000003109
lambda =          1; f =          356.9302516
Norm of dx  0.0012509
----
Improvement on iteration 159 =        0.000003712
-----------------
f at the beginning of new iteration,       356.9302516458
Predicted improvement:        0.000000099
lambda =          1; f =          356.9302515
lambda =     1.9332; f =          356.9302515
Norm of dx  6.262e-05
----
Improvement on iteration 160 =        0.000000154
-----------------
f at the beginning of new iteration,       356.9302514919
Predicted improvement:        0.000000005
lambda =          1; f =          356.9302515
lambda =     1.9332; f =          356.9302515
lambda =     3.7372; f =          356.9302515
lambda =     2.5164; f =          356.9302515
Norm of dx 5.8731e-05
----
Improvement on iteration 161 =        0.000000018
improvement < crit termination

Final value of minus the log posterior (or likelihood):356.930251 

MODE CHECK

Fval obtained by the minimization routine (minus the posterior/likelihood)): 356.930251

RESULTS FROM POSTERIOR ESTIMATION
parameters
        prior mean     mode    s.d. prior pstdev

crhoa       0.500   0.9750  0.0152 beta  0.2000 
crhob       0.500   0.9303  0.0255 beta  0.2000 
crhog       0.500   0.9165  0.0700 beta  0.2000 
crhoqs      0.500   0.9809  0.0158 beta  0.2000 
crhoms      0.500   0.4901  0.0746 beta  0.2000 
crhopinf    0.500   0.9909  0.0064 beta  0.2000 
crhow       0.500   0.2532  0.1432 beta  0.2000 
cmap        0.500   0.8941  0.0464 beta  0.2000 
cmaw        0.500   0.4242  0.1040 beta  0.2000 
csadjcost   4.000   7.0097  1.2021 norm  1.5000 
csigma      1.500   0.8257  0.1054 norm  0.3750 
chabb       0.700   0.7137  0.0445 beta  0.1000 
cprobw      0.500   0.8678  0.0287 beta  0.1000 
csigl       2.000   2.3654  0.5710 norm  0.7500 
cprobp      0.500   0.7940  0.0438 beta  0.1000 
cindw       0.500   0.3594  0.1540 beta  0.1500 
cindp       0.500   0.2244  0.0877 beta  0.1500 
czcap       0.500   0.8897  0.0535 beta  0.1500 
cfc         1.250   1.4965  0.0995 norm  0.1250 
crpi        1.500   1.8830  0.2255 norm  0.2500 
crr         0.750   0.8949  0.0187 beta  0.1000 
cry         0.125   0.0119  0.0160 norm  0.0500 
crdy        0.125   0.1355  0.0237 norm  0.0500 
constepinf   0.625   0.5705  0.0981 gamm  0.1000 
constebeta   0.250   0.1392  0.0611 gamm  0.1000 
constelab   0.000  -1.4601  1.8036 norm  2.0000 
ctrend      0.400   0.4730  0.0817 norm  0.1000 
cgy         0.500   0.4919  0.0970 norm  0.2500 
calfa       0.300   0.1671  0.0296 norm  0.0500 

standard deviation of shocks
        prior mean     mode    s.d. prior pstdev

ea          0.100   0.4207  0.0380 invg  2.0000 
eb          0.100   0.0369  0.0065 invg  2.0000 
eg          0.100   0.3470  0.0267 invg  2.0000 
eqs         0.100   0.2316  0.0451 invg  2.0000 
em          0.100   0.0874  0.0090 invg  2.0000 
epinf       0.100   0.0996  0.0130 invg  2.0000 
ew          0.100   0.5193  0.0492 invg  2.0000 


Log data density [Laplace approximation] is -438.873995.

Estimation::mcmc: One Chain mode.
Estimation::mcmc: Initialization at the posterior mode.

Estimation::mcmc: Write details about the MCMC... Ok!
Estimation::mcmc: Details about the MCMC are available in SW07/metropolis\SW07_mh_history_0.mat


Estimation::mcmc: Number of mh files: 4 per block.
Estimation::mcmc: Total number of generated files: 4.
Estimation::mcmc: Total number of iterations: 1000000.
Estimation::mcmc: Current acceptance ratio per chain: 
                                                       Chain  1: 19.002%
Estimation::mcmc: Total number of MH draws per chain: 1000000.
Estimation::mcmc: Total number of generated MH files: 4.
Estimation::mcmc: I'll use mh-files 1 to 4.
Estimation::mcmc: In MH-file number 1 I'll start at line 300001.
Estimation::mcmc: Finally I keep 700000 draws per chain.



MCMC Inefficiency factors per block
Parameter        Block 1
SE_ea            445.190
SE_eb            472.329
SE_eg            290.336
SE_eqs           446.877
SE_em            325.204
SE_epinf         669.575
SE_ew            416.979
crhoa            532.203
crhob            586.042
crhog            496.383
crhoqs           737.184
crhoms           319.668
crhopinf         732.954
crhow            682.209
cmap             546.314
cmaw             656.568
csadjcost        276.293
csigma           544.730
chabb            414.688
cprobw           719.478
csigl            508.404
cprobp           608.449
cindw            314.502
cindp            301.670
czcap            620.726
cfc              352.907
crpi             478.287
crr              471.788
cry              697.876
crdy             335.542
constepinf       264.016
constebeta       437.935
constelab        287.519
ctrend           372.753
cgy              366.245
calfa            513.918


Geweke (1992) Convergence Tests, based on means of draws 300000 to 440000 vs 650000 to 1000000.
p-values are for Chi2-test for equality of means.
Parameter          Post. Mean        Post. Std   p-val No Taper   p-val 4% Taper   p-val 8% Taper  p-val 15% Taper
SE_ea                   0.450            0.047            0.000            0.051            0.127            0.216
SE_eb                   0.043            0.009            0.000            0.038            0.087            0.129
SE_eg                   0.355            0.027            0.000            0.136            0.150            0.144
SE_eqs                  0.225            0.039            0.000            0.030            0.086            0.148
SE_em                   0.092            0.010            0.000            0.236            0.224            0.196
SE_epinf                0.107            0.027            0.000            0.124            0.236            0.307
SE_ew                   0.487            0.057            0.000            0.743            0.771            0.793
crhoa                   0.972            0.017            0.000            0.036            0.091            0.168
crhob                   0.922            0.041            0.000            0.029            0.078            0.122
crhog                   0.876            0.073            0.000            0.487            0.558            0.630
crhoqs                  0.929            0.072            0.000            0.003            0.027            0.081
crhoms                  0.503            0.075            0.000            0.036            0.070            0.083
crhopinf                0.969            0.035            0.000            0.478            0.578            0.635
crhow                   0.599            0.317            0.000            0.580            0.673            0.727
cmap                    0.871            0.062            0.000            0.442            0.525            0.579
cmaw                    0.605            0.218            0.000            0.553            0.649            0.705
csadjcost               6.827            1.152            0.000            0.750            0.728            0.737
csigma                  0.920            0.174            0.000            0.007            0.033            0.084
chabb                   0.678            0.055            0.000            0.038            0.046            0.073
cprobw                  0.745            0.124            0.000            0.571            0.673            0.734
csigl                   1.957            0.617            0.000            0.184            0.321            0.431
cprobp                  0.812            0.065            0.000            0.695            0.762            0.797
cindw                   0.442            0.151            0.000            0.561            0.656            0.714
cindp                   0.254            0.091            0.000            0.862            0.884            0.897
czcap                   0.824            0.105            0.000            0.542            0.630            0.685
cfc                     1.517            0.107            0.000            0.043            0.096            0.172
crpi                    1.859            0.260            0.000            0.003            0.018            0.034
crr                     0.892            0.023            0.000            0.562            0.644            0.694
cry                     0.038            0.036            0.000            0.372            0.469            0.517
crdy                    0.135            0.024            0.000            0.181            0.235            0.279
constepinf              0.613            0.095            0.000            0.035            0.057            0.057
constebeta              0.162            0.073            0.000            0.338            0.394            0.463
constelab              -0.761            1.635            0.000            0.006            0.009            0.017
ctrend                  0.481            0.066            0.000            0.013            0.042            0.072
cgy                     0.460            0.100            0.000            0.018            0.057            0.118
calfa                   0.152            0.032            0.000            0.359            0.475            0.564


Estimation::marginal density: I'm computing the posterior mean and covariance...  Done!
Estimation::marginal density: I'm computing the posterior log marginal density (modified harmonic mean)... Done!


ESTIMATION RESULTS

Log data density is -436.988181.

parameters
            prior mean   post. mean        90% HPD interval    prior       pstdev

crhoa            0.500       0.9710      0.9445      0.9954   beta        0.2000
crhob            0.500       0.9242      0.8741      0.9796   beta        0.2000
crhog            0.500       0.8763      0.7649      0.9843   beta        0.2000
crhoqs           0.500       0.9260      0.8034      0.9989   beta        0.2000
crhoms           0.500       0.5029      0.3796      0.6280   beta        0.2000
crhopinf         0.500       0.9632      0.8953      0.9994   beta        0.2000
crhow            0.500       0.6208      0.1847      0.9936   beta        0.2000
cmap             0.500       0.8763      0.7824      0.9750   beta        0.2000
cmaw             0.500       0.6178      0.3206      0.9213   beta        0.2000
csadjcost        4.000       6.8150      4.9047      8.7243   norm        1.5000
csigma           1.500       0.9259      0.6456      1.1959   norm        0.3750
chabb            0.700       0.6758      0.5866      0.7675   beta        0.1000
cprobw           0.500       0.7405      0.5307      0.8989   beta        0.1000
csigl            2.000       1.9284      0.8622      2.9626   norm        0.7500
cprobp           0.500       0.8217      0.7370      0.9496   beta        0.1000
cindw            0.500       0.4424      0.1923      0.6908   beta        0.1500
cindp            0.500       0.2503      0.1050      0.3899   beta        0.1500
czcap            0.500       0.8216      0.6673      0.9677   beta        0.1500
cfc              1.250       1.5197      1.3419      1.6970   norm        0.1250
crpi             1.500       1.8350      1.3890      2.2907   norm        0.2500
crr              0.750       0.8941      0.8551      0.9353   beta        0.1000
cry              0.125       0.0439      0.0010      0.1142   norm        0.0500
crdy             0.125       0.1361      0.0972      0.1771   norm        0.0500
constepinf        0.625       0.6133      0.4617      0.7660   gamm        0.1000
constebeta        0.250       0.1658      0.0525      0.2702   gamm        0.1000
constelab        0.000      -0.6835     -3.3424      2.0132   norm        2.0000
ctrend           0.400       0.4782      0.3703      0.5869   norm        0.1000
cgy              0.500       0.4627      0.2987      0.6283   norm        0.2500
calfa            0.300       0.1524      0.0926      0.2023   norm        0.0500

standard deviation of shocks
            prior mean   post. mean        90% HPD interval    prior       pstdev

ea               0.100       0.4490      0.3719      0.5246   invg        2.0000
eb               0.100       0.0429      0.0299      0.0547   invg        2.0000
eg               0.100       0.3549      0.3108      0.3991   invg        2.0000
eqs              0.100       0.2283      0.1635      0.2906   invg        2.0000
em               0.100       0.0921      0.0764      0.1071   invg        2.0000
epinf            0.100       0.1114      0.0723      0.1710   invg        2.0000
ew               0.100       0.4844      0.3933      0.5781   invg        2.0000
Estimation::mcmc: Posterior (dsge) IRFs...
Estimation::mcmc: Posterior IRFs, done!
Estimation::mcmc: Smoothed variables
Estimation::mcmc: Smoothed variables, done!
Estimation::mcmc: Smoothed shocks
Estimation::mcmc: Smoothed shocks, done!
Estimation::mcmc: Trend_coefficients
Estimation::mcmc: Trend_coefficients, done!
Estimation::mcmc: Smoothed constant
Estimation::mcmc: Smoothed constant, done!
Estimation::mcmc: Smoothed trend
Estimation::mcmc: Smoothed trend, done!
Estimation::mcmc: Updated Variables
Estimation::mcmc: Updated Variables, done!
Estimation::mcmc: Forecasted variables (mean)
Estimation::mcmc: Forecasted variables (mean), done!
Estimation::mcmc: Forecasted variables (point)
Estimation::mcmc: Forecasted variables (point), done!
Total computing time : 2h53m03s
Note: 33 warning(s) encountered in the preprocessor
Note: warning(s) encountered in MATLAB/Octave code
