 
STEADY-STATE RESULTS:
 
lambda         		 0.761533
R              		 1.01604
pic            		 1.00798
c              		 1.33367
w_tilda        		 1.37266
w              		 1.37266
phi_w          		 10.3112
psi_w          		 5.04409
L              		 1.01067
k              		 17.2954
k_bar          		 17.3534
i              		 0.490335
Q              		 1
d              		 8.17366
n              		 9.17969
R_e            		 1.02131
r_k            		 0.0382175
u              		 1
R_d            		 1.01758
F1             		 0.00737821
F2             		 0.0031571
F1_prim        		 0.148605
omega          		 0.469293
mc             		 0.81057
p_tilda        		 1
phi_f          		 21.1686
psi_f          		 26.1157
y              		 2.52699
Delta          		 1
z              		 0.003345
lb             		 0
lphi           		 -0.223144
lmu            		 0
llambda_f      		 -1.45372
lg             		 0.322136
lA             		 0
lsigma         		 -1.22861
lnu            		 -0.0225524
gdp_rgd_obs    		 0.3345
c_rgd_obs      		 0.3345
ifi_rgd_obs    		 0.3345
hours_kr15_obs 		 662.979
wage_rgd_obs   		 0.3345
gdpdef_obs     		 0.795155
ffr_obs        		 1.60412
dlnD           		 0.6626
credit_nom_obs 		 1.45776
bbb1yffr_obs   		 0.153442
 
EIGENVALUES:
         Modulus             Real        Imaginary

               0                0                0
       6.56e-016       -6.56e-016                0
           0.106            0.106                0
           0.125            0.125                0
          0.4779           0.4779                0
          0.5042           0.5042                0
          0.5508           0.5508                0
           0.558           0.5044           0.2385
           0.558           0.5044          -0.2385
          0.5606           0.5606                0
          0.7947           0.7947                0
          0.8482           0.8482                0
           0.887            0.887                0
          0.9192           0.9192                0
          0.9306           0.9306                0
          0.9404           0.9404                0
          0.9509           0.9509                0
          0.9642           0.9642                0
            1.01             1.01                0
            1.08             1.08                0
           1.128            1.128                0
           1.251            1.251                0
           1.481            1.388           0.5173
           1.481            1.388          -0.5173
           1.651            1.651                0
           2.513            2.513                0
             Inf              Inf                0
             Inf              Inf                0
             Inf              Inf                0
             Inf              Inf                0
             Inf              Inf                0
             Inf              Inf                0
             Inf              Inf                0
             Inf              Inf                0
             Inf              Inf                0


There are 17 eigenvalue(s) larger than 1 in modulus 
for 17 forward-looking variable(s)
 
The rank condition is verified.
 
{Warning: File 'KR15_FF/prior' not found.} 
> In <a href="matlab: opentoline('C:\dynare\4.2.4\matlab\CheckPath.m',42,1)">CheckPath at 42</a>
  In <a href="matlab: opentoline('C:\dynare\4.2.4\matlab\set_prior.m',255,1)">set_prior at 255</a>
  In <a href="matlab: opentoline('C:\dynare\4.2.4\matlab\dynare_estimation_init.m',124,1)">dynare_estimation_init at 124</a>
  In <a href="matlab: opentoline('C:\dynare\4.2.4\matlab\dynare_estimation_1.m',37,1)">dynare_estimation_1 at 37</a>
  In <a href="matlab: opentoline('C:\dynare\4.2.4\matlab\dynare_estimation.m',62,1)">dynare_estimation at 62</a>
  In <a href="matlab: opentoline('C:\Users\kailongforecast\Documents\GitHub\MMB_forecast_application\estimations\KR15_FF_20010214_s2_matlab2011a_dy424_moreprec\KR15_FF.m',642,1)">KR15_FF at 642</a>
  In <a href="matlab: opentoline('C:\dynare\4.2.4\matlab\dynare.m',120,1)">dynare at 120</a>
  In <a href="matlab: opentoline('C:\Users\kailongforecast\Documents\GitHub\MMB_forecast_application\Copy_4_of_gen_forecast_2011a.m',242,1)">Copy_4_of_gen_forecast_2011a at 242</a>
Loading 100 observations from data_20010214.xls

Initial value of the log posterior (or likelihood): -1037.5587
-----------------
-----------------
f at the beginning of new iteration,      1037.5586793237
Predicted improvement:      579.245899286
lambda =          1; f =         1037.6005985
lambda =    0.33333; f =         1037.5624896
lambda =    0.11111; f =         1037.5588769
lambda =   0.037037; f =         1036.6181873
lambda =   0.012346; f =         1028.8667382
Norm of dx    0.34037
----
Improvement on iteration 1 =        8.691941118
-----------------
-----------------
f at the beginning of new iteration,      1028.8667382053
Predicted improvement:      775.690963456
lambda =          1; f =         1028.9700919
lambda =    0.33333; f =         1028.8672682
lambda =    0.11111; f =          916.5348342
Norm of dx    0.60312
----
Improvement on iteration 2 =      112.331903997
-----------------
-----------------
f at the beginning of new iteration,       916.5348342087
Predicted improvement:       40.063985636
lambda =          1; f =          905.3104667
lambda =    0.33333; f =          894.3265312
lambda =    0.64439; f =          885.0173509
Norm of dx   0.084214
----
Improvement on iteration 3 =       31.517483310
-----------------
-----------------
f at the beginning of new iteration,       885.0173508987
Predicted improvement:       23.470363340
lambda =          1; f =          885.0174187
lambda =    0.33333; f =          875.7563928
Norm of dx   0.080866
----
Improvement on iteration 4 =        9.260958122
-----------------
-----------------
f at the beginning of new iteration,       875.7563927763
Predicted improvement:        6.352803136
lambda =          1; f =          869.7210175
Norm of dx   0.041816
----
Improvement on iteration 5 =        6.035375270
-----------------
-----------------
f at the beginning of new iteration,       869.7210175065
Predicted improvement:        2.891650128
lambda =          1; f =          865.5141304
lambda =     1.9332; f =          864.9550782
Norm of dx   0.031985
----
Improvement on iteration 6 =        4.765939283
-----------------
-----------------
f at the beginning of new iteration,       864.9550782232
Predicted improvement:        3.334818811
lambda =          1; f =          860.2272362
lambda =     1.9332; f =          858.2382588
Norm of dx   0.027018
----
Improvement on iteration 7 =        6.716819438
-----------------
-----------------
f at the beginning of new iteration,       858.2382587851
Predicted improvement:        2.150652786
lambda =          1; f =          854.9130865
lambda =     1.9332; f =          853.8827232
Norm of dx   0.047054
----
Improvement on iteration 8 =        4.355535571
-----------------
-----------------
f at the beginning of new iteration,       853.8827232136
Predicted improvement:        1.250816557
lambda =          1; f =          851.7755642
lambda =     1.9332; f =          850.4988771
Norm of dx   0.018292
----
Improvement on iteration 9 =        3.383846113
-----------------
-----------------
f at the beginning of new iteration,       850.4988771010
Predicted improvement:        2.713982744
lambda =          1; f =          846.7658364
Norm of dx    0.06925
----
Improvement on iteration 10 =        3.733040655
-----------------
-----------------
f at the beginning of new iteration,       846.7658364457
Predicted improvement:        1.364742304
lambda =          1; f =          844.9959127
Norm of dx   0.056103
----
Improvement on iteration 11 =        1.769923728
-----------------
-----------------
f at the beginning of new iteration,       844.9959127180
Predicted improvement:        0.740964103
lambda =          1; f =          843.9791120
Norm of dx   0.028004
----
Improvement on iteration 12 =        1.016800688
-----------------
-----------------
f at the beginning of new iteration,       843.9791120300
Predicted improvement:        0.580638622
lambda =          1; f =          843.1789250
Norm of dx   0.026834
----
Improvement on iteration 13 =        0.800187068
-----------------
-----------------
f at the beginning of new iteration,       843.1789249616
Predicted improvement:        0.578212947
lambda =          1; f =          842.2945133
lambda =     1.9332; f =          841.9564385
Norm of dx   0.028971
----
Improvement on iteration 14 =        1.222486427
-----------------
-----------------
f at the beginning of new iteration,       841.9564385344
Predicted improvement:        0.506181882
lambda =          1; f =          841.1294103
lambda =     1.9332; f =          840.6938709
Norm of dx   0.023324
----
Improvement on iteration 15 =        1.262567662
-----------------
-----------------
f at the beginning of new iteration,       840.6938708722
Predicted improvement:        0.519804422
lambda =          1; f =          839.9682377
Norm of dx   0.028657
----
Improvement on iteration 16 =        0.725633195
-----------------
-----------------
f at the beginning of new iteration,       839.9682376770
Predicted improvement:        0.317869603
lambda =          1; f =          839.5369274
Norm of dx   0.027264
----
Improvement on iteration 17 =        0.431310287
-----------------
-----------------
f at the beginning of new iteration,       839.5369273900
Predicted improvement:        0.184847498
lambda =          1; f =          839.2557608
lambda =     1.9332; f =          839.1533706
Norm of dx    0.01869
----
Improvement on iteration 18 =        0.383556759
-----------------
-----------------
f at the beginning of new iteration,       839.1533706309
Predicted improvement:        0.161959019
lambda =          1; f =          838.8628550
lambda =     1.9332; f =          838.6529955
lambda =     3.7372; f =          838.4204408
Norm of dx   0.012827
----
Improvement on iteration 19 =        0.732929847
-----------------
-----------------
f at the beginning of new iteration,       838.4204407843
Predicted improvement:        0.327164630
lambda =          1; f =          838.0007858
Norm of dx   0.025924
----
Improvement on iteration 20 =        0.419654961
-----------------
-----------------
f at the beginning of new iteration,       838.0007858231
Predicted improvement:        0.124132177
lambda =          1; f =          837.8361318
Norm of dx   0.016651
----
Improvement on iteration 21 =        0.164654023
-----------------
-----------------
f at the beginning of new iteration,       837.8361318001
Predicted improvement:        0.078556326
lambda =          1; f =          837.7067902
lambda =     1.9332; f =          837.6354641
Norm of dx   0.012239
----
Improvement on iteration 22 =        0.200667700
-----------------
-----------------
f at the beginning of new iteration,       837.6354640997
Predicted improvement:        0.137571299
lambda =          1; f =          837.4037737
lambda =     1.9332; f =          837.2668021
Norm of dx   0.019754
----
Improvement on iteration 23 =        0.368661982
-----------------
-----------------
f at the beginning of new iteration,       837.2668021173
Predicted improvement:        0.220482212
lambda =          1; f =          836.9515167
lambda =     1.9332; f =          836.8890884
Norm of dx   0.027686
----
Improvement on iteration 24 =        0.377713686
-----------------
-----------------
f at the beginning of new iteration,       836.8890884311
Predicted improvement:        0.093198056
lambda =          1; f =          836.7483118
lambda =     1.9332; f =          836.6998469
Norm of dx   0.010222
----
Improvement on iteration 25 =        0.189241510
-----------------
-----------------
f at the beginning of new iteration,       836.6998469210
Predicted improvement:        0.067566463
lambda =          1; f =          836.5850720
lambda =     1.9332; f =          836.5152365
lambda =     3.7372; f =          836.4853051
Norm of dx  0.0081635
----
Improvement on iteration 26 =        0.214541869
-----------------
-----------------
f at the beginning of new iteration,       836.4853050521
Predicted improvement:        0.110648316
lambda =          1; f =          836.3263302
lambda =     1.9332; f =          836.2969685
Norm of dx   0.027158
----
Improvement on iteration 27 =        0.188336589
-----------------
-----------------
f at the beginning of new iteration,       836.2969684632
Predicted improvement:        0.054299601
lambda =          1; f =          836.2056863
lambda =     1.9332; f =          836.1509312
Norm of dx   0.007805
----
Improvement on iteration 28 =        0.146037214
-----------------
-----------------
f at the beginning of new iteration,       836.1509312488
Predicted improvement:        0.122299907
lambda =          1; f =          835.9604265
lambda =     1.9332; f =          835.8801414
Norm of dx   0.022295
----
Improvement on iteration 29 =        0.270789886
-----------------
-----------------
f at the beginning of new iteration,       835.8801413633
Predicted improvement:        0.077363983
lambda =          1; f =          835.7558982
lambda =     1.9332; f =          835.6957589
Norm of dx   0.022948
----
Improvement on iteration 30 =        0.184382468
-----------------
-----------------
f at the beginning of new iteration,       835.6957588956
Predicted improvement:        0.062692437
lambda =          1; f =          835.5933092
lambda =     1.9332; f =          835.5398267
Norm of dx   0.016654
----
Improvement on iteration 31 =        0.155932212
-----------------
-----------------
f at the beginning of new iteration,       835.5398266834
Predicted improvement:        0.091939072
lambda =          1; f =          835.3880150
lambda =     1.9332; f =          835.3052994
Norm of dx   0.017591
----
Improvement on iteration 32 =        0.234527243
-----------------
-----------------
f at the beginning of new iteration,       835.3052994404
Predicted improvement:        0.138920347
lambda =          1; f =          835.0729177
lambda =     1.9332; f =          834.9371998
Norm of dx   0.030832
----
Improvement on iteration 33 =        0.368099685
-----------------
-----------------
f at the beginning of new iteration,       834.9371997557
Predicted improvement:        0.264907751
lambda =          1; f =          834.5151734
lambda =     1.9332; f =          834.3136726
Norm of dx   0.066539
----
Improvement on iteration 34 =        0.623527176
-----------------
-----------------
f at the beginning of new iteration,       834.3136725801
Predicted improvement:        0.212966949
lambda =          1; f =          833.9884491
lambda =     1.9332; f =          833.8614987
Norm of dx    0.05386
----
Improvement on iteration 35 =        0.452173927
-----------------
-----------------
f at the beginning of new iteration,       833.8614986531
Predicted improvement:        0.090681231
lambda =          1; f =          833.7187988
lambda =     1.9332; f =          833.6571469
Norm of dx   0.018525
----
Improvement on iteration 36 =        0.204351718
-----------------
-----------------
f at the beginning of new iteration,       833.6571469346
Predicted improvement:        0.072301106
lambda =          1; f =          833.5289428
lambda =     1.9332; f =          833.4389429
lambda =     3.7372; f =          833.3466479
Norm of dx   0.019155
----
Improvement on iteration 37 =        0.310498987
-----------------
-----------------
f at the beginning of new iteration,       833.3466479475
Predicted improvement:        0.124962442
lambda =          1; f =          833.1649548
lambda =     1.9332; f =          833.1142641
Norm of dx   0.032495
----
Improvement on iteration 38 =        0.232383895
-----------------
-----------------
f at the beginning of new iteration,       833.1142640528
Predicted improvement:        0.048397060
lambda =          1; f =          833.0290941
lambda =     1.9332; f =          832.9704867
lambda =     3.7372; f =          832.9139739
Norm of dx  0.0076402
----
Improvement on iteration 39 =        0.200290135
-----------------
-----------------
f at the beginning of new iteration,       832.9139739175
Predicted improvement:        0.113372376
lambda =          1; f =          832.7265319
lambda =     1.9332; f =          832.6229571
Norm of dx   0.029591
----
Improvement on iteration 40 =        0.291016815
-----------------
-----------------
f at the beginning of new iteration,       832.6229571028
Predicted improvement:        0.107015183
lambda =          1; f =          832.4814168
Norm of dx   0.058224
----
Improvement on iteration 41 =        0.141540278
-----------------
-----------------
f at the beginning of new iteration,       832.4814168249
Predicted improvement:        0.050435652
lambda =          1; f =          832.4042189
lambda =     1.9332; f =          832.3752848
Norm of dx   0.031459
----
Improvement on iteration 42 =        0.106132068
-----------------
-----------------
f at the beginning of new iteration,       832.3752847564
Predicted improvement:        0.042816481
lambda =          1; f =          832.3003942
lambda =     1.9332; f =          832.2498303
lambda =     3.7372; f =          832.2046938
Norm of dx  0.0073081
----
Improvement on iteration 43 =        0.170590960
-----------------
-----------------
f at the beginning of new iteration,       832.2046937960
Predicted improvement:        0.031352612
lambda =          1; f =          832.1523037
lambda =     1.9332; f =          832.1219933
Norm of dx  0.0089184
----
Improvement on iteration 44 =        0.082700520
-----------------
-----------------
f at the beginning of new iteration,       832.1219932756
Predicted improvement:        0.058675187
lambda =          1; f =          832.0254399
lambda =     1.9332; f =          831.9728457
Norm of dx   0.015168
----
Improvement on iteration 45 =        0.149147562
-----------------
-----------------
f at the beginning of new iteration,       831.9728457135
Predicted improvement:        0.080002818
lambda =          1; f =          831.8527041
lambda =     1.9332; f =          831.8129356
Norm of dx   0.039926
----
Improvement on iteration 46 =        0.159910160
-----------------
-----------------
f at the beginning of new iteration,       831.8129355534
Predicted improvement:        0.031269204
lambda =          1; f =          831.7641781
lambda =     1.9332; f =          831.7436197
Norm of dx  0.0092148
----
Improvement on iteration 47 =        0.069315861
-----------------
-----------------
f at the beginning of new iteration,       831.7436196924
Predicted improvement:        0.018975952
lambda =          1; f =          831.7108728
lambda =     1.9332; f =          831.6897141
lambda =     3.7372; f =          831.6745692
Norm of dx  0.0048878
----
Improvement on iteration 48 =        0.069050536
-----------------
-----------------
f at the beginning of new iteration,       831.6745691568
Predicted improvement:        0.019912282
lambda =          1; f =          831.6434468
lambda =     1.9332; f =          831.6299032
Norm of dx  0.0084918
----
Improvement on iteration 49 =        0.044665973
-----------------
-----------------
f at the beginning of new iteration,       831.6299031835
Predicted improvement:        0.014015649
lambda =          1; f =          831.6039701
lambda =     1.9332; f =          831.5835101
lambda =     3.7372; f =          831.5538511
lambda =     7.2247; f =          831.5314571
Norm of dx  0.0073141
----
Improvement on iteration 50 =        0.098446069
-----------------
-----------------
f at the beginning of new iteration,       831.5314571147
Predicted improvement:        0.065230986
lambda =          1; f =          831.4136975
lambda =     1.9332; f =          831.3263584
lambda =     3.7372; f =          831.2176935
Norm of dx   0.018661
----
Improvement on iteration 51 =        0.313763610
-----------------
-----------------
f at the beginning of new iteration,       831.2176935042
Predicted improvement:        0.073713438
lambda =          1; f =          831.1276931
Norm of dx   0.042494
----
Improvement on iteration 52 =        0.090000448
-----------------
-----------------
f at the beginning of new iteration,       831.1276930560
Predicted improvement:        0.017117691
lambda =          1; f =          831.1006775
lambda =     1.9332; f =          831.0882377
Norm of dx   0.016791
----
Improvement on iteration 53 =        0.039455314
-----------------
-----------------
f at the beginning of new iteration,       831.0882377417
Predicted improvement:        0.020573464
lambda =          1; f =          831.0504230
lambda =     1.9332; f =          831.0207213
lambda =     3.7372; f =          830.9765501
lambda =     7.2247; f =          830.9306649
Norm of dx   0.016275
----
Improvement on iteration 54 =        0.157572866
-----------------
-----------------
f at the beginning of new iteration,       830.9306648755
Predicted improvement:        0.103771026
lambda =          1; f =          830.7314252
lambda =     1.9332; f =          830.5968481
lambda =     3.7372; f =          831.2023091
lambda =     2.5164; f =          830.5997608
Norm of dx   0.077812
----
Improvement on iteration 55 =        0.333816738
-----------------
-----------------
f at the beginning of new iteration,       830.5968481372
Predicted improvement:        0.330802481
lambda =          1; f =          832.9165539
lambda =    0.33333; f =          830.4875307
Norm of dx    0.22553
----
Improvement on iteration 56 =        0.109317421
-----------------
-----------------
f at the beginning of new iteration,       830.4875307166
Predicted improvement:        0.284285019
lambda =          1; f =          830.6094688
lambda =    0.33333; f =          830.3742532
Norm of dx   0.061499
----
Improvement on iteration 57 =        0.113277480
-----------------
-----------------
f at the beginning of new iteration,       830.3742532366
Predicted improvement:        0.079304147
lambda =          1; f =          830.3042692
Norm of dx   0.047925
----
Improvement on iteration 58 =        0.069984027
-----------------
-----------------
f at the beginning of new iteration,       830.3042692098
Predicted improvement:        0.044725033
lambda =          1; f =          830.2497507
Norm of dx   0.014327
----
Improvement on iteration 59 =        0.054518512
-----------------
-----------------
f at the beginning of new iteration,       830.2497506980
Predicted improvement:        0.066062945
lambda =          1; f =          830.1534674
lambda =     1.9332; f =          830.1359769
Norm of dx   0.031583
----
Improvement on iteration 60 =        0.113773842
-----------------
-----------------
f at the beginning of new iteration,       830.1359768558
Predicted improvement:        0.170561856
lambda =          1; f =          829.8948966
lambda =     1.9332; f =          829.8476290
Norm of dx    0.01995
----
Improvement on iteration 61 =        0.288347866
-----------------
-----------------
f at the beginning of new iteration,       829.8476289900
Predicted improvement:        0.302530318
lambda =          1; f =          829.4892620
Norm of dx     0.1258
----
Improvement on iteration 62 =        0.358367025
-----------------
-----------------
f at the beginning of new iteration,       829.4892619646
Predicted improvement:        0.441235882
lambda =          1; f =          828.9009124
Norm of dx   0.065465
----
Improvement on iteration 63 =        0.588349521
-----------------
-----------------
f at the beginning of new iteration,       828.9009124435
Predicted improvement:        0.539862015
lambda =          1; f =          829.5324248
lambda =    0.33333; f =          828.7603854
Norm of dx   0.085444
----
Improvement on iteration 64 =        0.140527075
-----------------
-----------------
f at the beginning of new iteration,       828.7603853681
Predicted improvement:        0.579500901
lambda =          1; f =          828.7604362
lambda =    0.33333; f =          828.6728031
lambda =    0.11111; f =          828.6498594
lambda =     0.2148; f =          828.6004322
Norm of dx    0.13365
----
Improvement on iteration 65 =        0.159953211
-----------------
-----------------
f at the beginning of new iteration,       828.6004321569
Predicted improvement:        0.176553886
lambda =          1; f =          828.5052482
lambda =    0.33333; f =          828.5085792
lambda =    0.64439; f =          828.4739284
Norm of dx   0.044064
----
Improvement on iteration 66 =        0.126503795
-----------------
-----------------
f at the beginning of new iteration,       828.4739283615
Predicted improvement:        0.157131386
lambda =          1; f =          828.4121091
lambda =    0.33333; f =          828.3995947
lambda =    0.64439; f =          828.3806286
Norm of dx   0.049078
----
Improvement on iteration 67 =        0.093299801
-----------------
-----------------
f at the beginning of new iteration,       828.3806285607
Predicted improvement:        0.105222072
lambda =          1; f =          828.2651839
Norm of dx   0.020904
----
Improvement on iteration 68 =        0.115444657
-----------------
-----------------
f at the beginning of new iteration,       828.2651839033
Predicted improvement:        0.053063619
lambda =          1; f =          828.2087176
Norm of dx   0.014541
----
Improvement on iteration 69 =        0.056466313
-----------------
-----------------
f at the beginning of new iteration,       828.2087175900
Predicted improvement:        0.055270670
lambda =          1; f =          828.1352781
Norm of dx   0.012508
----
Improvement on iteration 70 =        0.073439500
-----------------
-----------------
f at the beginning of new iteration,       828.1352780895
Predicted improvement:        0.068486775
lambda =          1; f =          828.0242300
lambda =     1.9332; f =          827.9680338
Norm of dx   0.013426
----
Improvement on iteration 71 =        0.167244277
-----------------
-----------------
f at the beginning of new iteration,       827.9680338129
Predicted improvement:        0.090214732
lambda =          1; f =          827.8306572
lambda =     1.9332; f =          827.7820683
Norm of dx   0.026326
----
Improvement on iteration 72 =        0.185965525
-----------------
-----------------
f at the beginning of new iteration,       827.7820682879
Predicted improvement:        0.048232066
lambda =          1; f =          827.7137476
lambda =     1.9332; f =          827.7027678
Norm of dx   0.013842
----
Improvement on iteration 73 =        0.079300460
-----------------
-----------------
f at the beginning of new iteration,       827.7027678283
Predicted improvement:        0.030803044
lambda =          1; f =          827.6603641
Norm of dx   0.011079
----
Improvement on iteration 74 =        0.042403761
-----------------
-----------------
f at the beginning of new iteration,       827.6603640675
Predicted improvement:        0.027596965
lambda =          1; f =          827.6228625
Norm of dx   0.016049
----
Improvement on iteration 75 =        0.037501565
-----------------
-----------------
f at the beginning of new iteration,       827.6228625025
Predicted improvement:        0.019127165
lambda =          1; f =          827.5945583
lambda =     1.9332; f =          827.5860321
Norm of dx   0.011145
----
Improvement on iteration 76 =        0.036830429
-----------------
-----------------
f at the beginning of new iteration,       827.5860320735
Predicted improvement:        0.017628125
lambda =          1; f =          827.5546625
lambda =     1.9332; f =          827.5327542
lambda =     3.7372; f =          827.5128858
Norm of dx  0.0068357
----
Improvement on iteration 77 =        0.073146227
-----------------
-----------------
f at the beginning of new iteration,       827.5128858466
Predicted improvement:        0.075849901
lambda =          1; f =          827.3997944
lambda =     1.9332; f =          827.3605438
Norm of dx   0.024787
----
Improvement on iteration 78 =        0.152342047
-----------------
-----------------
f at the beginning of new iteration,       827.3605438000
Predicted improvement:        0.067337449
lambda =          1; f =          827.2604504
lambda =     1.9332; f =          827.2308623
Norm of dx   0.025912
----
Improvement on iteration 79 =        0.129681499
-----------------
-----------------
f at the beginning of new iteration,       827.2308623008
Predicted improvement:        0.052374151
lambda =          1; f =          827.1705260
Norm of dx   0.017871
----
Improvement on iteration 80 =        0.060336335
-----------------
-----------------
f at the beginning of new iteration,       827.1705259656
Predicted improvement:        0.022553702
lambda =          1; f =          827.1325881
lambda =     1.9332; f =          827.1101307
Norm of dx  0.0072444
----
Improvement on iteration 81 =        0.060395269
-----------------
-----------------
f at the beginning of new iteration,       827.1101306963
Predicted improvement:        0.055296414
lambda =          1; f =          827.0172164
lambda =     1.9332; f =          826.9621230
Norm of dx   0.021415
----
Improvement on iteration 82 =        0.148007732
-----------------
-----------------
f at the beginning of new iteration,       826.9621229641
Predicted improvement:        0.122533289
lambda =          1; f =          826.7639543
lambda =     1.9332; f =          826.6628883
Norm of dx    0.05333
----
Improvement on iteration 83 =        0.299234674
-----------------
-----------------
f at the beginning of new iteration,       826.6628882899
Predicted improvement:        0.123554757
lambda =          1; f =          826.4844143
lambda =     1.9332; f =          826.4410072
Norm of dx   0.050668
----
Improvement on iteration 84 =        0.221881042
-----------------
-----------------
f at the beginning of new iteration,       826.4410072475
Predicted improvement:        0.029893197
lambda =          1; f =          826.4061745
Norm of dx   0.025223
----
Improvement on iteration 85 =        0.034832784
-----------------
-----------------
f at the beginning of new iteration,       826.4061744633
Predicted improvement:        0.014512053
lambda =          1; f =          826.3889964
Norm of dx   0.013188
----
Improvement on iteration 86 =        0.017178018
-----------------
-----------------
f at the beginning of new iteration,       826.3889964450
Predicted improvement:        0.013588318
lambda =          1; f =          826.3643018
lambda =     1.9332; f =          826.3457318
lambda =     3.7372; f =          826.3220471
Norm of dx  0.0055593
----
Improvement on iteration 87 =        0.066949322
-----------------
-----------------
f at the beginning of new iteration,       826.3220471226
Predicted improvement:        0.069005398
lambda =          1; f =          826.1998262
lambda =     1.9332; f =          826.1144369
lambda =     3.7372; f =          826.0294081
Norm of dx    0.03125
----
Improvement on iteration 88 =        0.292638983
-----------------
-----------------
f at the beginning of new iteration,       826.0294081398
Predicted improvement:        0.135372790
lambda =          1; f =          825.8186631
lambda =     1.9332; f =          825.7322978
Norm of dx   0.065322
----
Improvement on iteration 89 =        0.297110342
-----------------
-----------------
f at the beginning of new iteration,       825.7322977976
Predicted improvement:        0.047673435
lambda =          1; f =          825.6779129
Norm of dx   0.020538
----
Improvement on iteration 90 =        0.054384941
-----------------
-----------------
f at the beginning of new iteration,       825.6779128566
Predicted improvement:        0.009567379
lambda =          1; f =          825.6630392
lambda =     1.9332; f =          825.6568415
Norm of dx  0.0063346
----
Improvement on iteration 91 =        0.021071329
-----------------
-----------------
f at the beginning of new iteration,       825.6568415278
Predicted improvement:        0.012099640
lambda =          1; f =          825.6350949
lambda =     1.9332; f =          825.6192128
lambda =     3.7372; f =          825.6005491
Norm of dx  0.0053245
----
Improvement on iteration 92 =        0.056292393
-----------------
-----------------
f at the beginning of new iteration,       825.6005491351
Predicted improvement:        0.030532697
lambda =          1; f =          825.5542400
lambda =     1.9332; f =          825.5376497
Norm of dx   0.016937
----
Improvement on iteration 93 =        0.062899481
-----------------
-----------------
f at the beginning of new iteration,       825.5376496538
Predicted improvement:        0.009616935
lambda =          1; f =          825.5243808
Norm of dx  0.0089552
----
Improvement on iteration 94 =        0.013268812
-----------------
-----------------
f at the beginning of new iteration,       825.5243808417
Predicted improvement:        0.004428419
lambda =          1; f =          825.5186883
Norm of dx  0.0040367
----
Improvement on iteration 95 =        0.005692524
-----------------
-----------------
f at the beginning of new iteration,       825.5186883176
Predicted improvement:        0.002360821
lambda =          1; f =          825.5146973
lambda =     1.9332; f =          825.5123428
Norm of dx  0.0029938
----
Improvement on iteration 96 =        0.006345509
-----------------
-----------------
f at the beginning of new iteration,       825.5123428082
Predicted improvement:        0.006346027
lambda =          1; f =          825.5015098
lambda =     1.9332; f =          825.4948211
lambda =     3.7372; f =          825.4916346
Norm of dx  0.0051076
----
Improvement on iteration 97 =        0.020708185
-----------------
-----------------
f at the beginning of new iteration,       825.4916346236
Predicted improvement:        0.013643518
lambda =          1; f =          825.4695477
lambda =     1.9332; f =          825.4577479
Norm of dx  0.0081639
----
Improvement on iteration 98 =        0.033886704
-----------------
-----------------
f at the beginning of new iteration,       825.4577479194
Predicted improvement:        0.008847763
lambda =          1; f =          825.4470959
Norm of dx   0.010076
----
Improvement on iteration 99 =        0.010651976
-----------------
-----------------
f at the beginning of new iteration,       825.4470959433
Predicted improvement:        0.001373897
lambda =          1; f =          825.4452250
Norm of dx  0.0055342
----
Improvement on iteration 100 =        0.001870960
-----------------
-----------------
f at the beginning of new iteration,       825.4452249831
Predicted improvement:        0.000891093
lambda =          1; f =          825.4438236
lambda =     1.9332; f =          825.4431926
Norm of dx  0.0030725
----
Improvement on iteration 101 =        0.002032395
-----------------
-----------------
f at the beginning of new iteration,       825.4431925877
Predicted improvement:        0.001233525
lambda =          1; f =          825.4408406
lambda =     1.9332; f =          825.4388500
lambda =     3.7372; f =          825.4355580
lambda =     7.2247; f =          825.4312602
Norm of dx  0.0024668
----
Improvement on iteration 102 =        0.011932362
-----------------
-----------------
f at the beginning of new iteration,       825.4312602256
Predicted improvement:        0.012327743
lambda =          1; f =          825.4094512
lambda =     1.9332; f =          825.3942207
lambda =     3.7372; f =          825.3788118
Norm of dx   0.016071
----
Improvement on iteration 103 =        0.052448401
-----------------
-----------------
f at the beginning of new iteration,       825.3788118241
Predicted improvement:        0.024507594
lambda =          1; f =          825.3402456
lambda =     1.9332; f =          825.3235177
Norm of dx   0.024984
----
Improvement on iteration 104 =        0.055294155
-----------------
-----------------
f at the beginning of new iteration,       825.3235176690
Predicted improvement:        0.005977203
lambda =          1; f =          825.3159225
Norm of dx  0.0092366
----
Improvement on iteration 105 =        0.007595148
-----------------
-----------------
f at the beginning of new iteration,       825.3159225210
Predicted improvement:        0.002853467
lambda =          1; f =          825.3109447
lambda =     1.9332; f =          825.3076124
lambda =     3.7372; f =          825.3047470
Norm of dx  0.0034759
----
Improvement on iteration 106 =        0.011175514
-----------------
-----------------
f at the beginning of new iteration,       825.3047470067
Predicted improvement:        0.008163812
lambda =          1; f =          825.2888902
lambda =     1.9332; f =          825.2749258
lambda =     3.7372; f =          825.2501797
lambda =     7.2247; f =          825.2105808
lambda =     13.967; f =          825.1638097
Norm of dx  0.0094515
----
Improvement on iteration 107 =        0.140937346
-----------------
-----------------
f at the beginning of new iteration,       825.1638096611
Predicted improvement:        0.055002591
lambda =          1; f =          825.0885581
Norm of dx   0.085218
----
Improvement on iteration 108 =        0.075251585
-----------------
-----------------
f at the beginning of new iteration,       825.0885580765
Predicted improvement:        0.029591480
lambda =          1; f =          825.0505491
Norm of dx   0.046951
----
Improvement on iteration 109 =        0.038008995
-----------------
-----------------
f at the beginning of new iteration,       825.0505490814
Predicted improvement:        0.008577690
lambda =          1; f =          825.0408977
Norm of dx   0.011174
----
Improvement on iteration 110 =        0.009651425
-----------------
-----------------
f at the beginning of new iteration,       825.0408976565
Predicted improvement:        0.002372416
lambda =          1; f =          825.0369476
lambda =     1.9332; f =          825.0346970
Norm of dx  0.0032274
----
Improvement on iteration 111 =        0.006200650
-----------------
-----------------
f at the beginning of new iteration,       825.0346970066
Predicted improvement:        0.004234013
lambda =          1; f =          825.0274515
lambda =     1.9332; f =          825.0228901
lambda =     3.7372; f =          825.0200432
Norm of dx  0.0038059
----
Improvement on iteration 112 =        0.014653777
-----------------
-----------------
f at the beginning of new iteration,       825.0200432297
Predicted improvement:        0.008390835
lambda =          1; f =          825.0051826
lambda =     1.9332; f =          824.9947581
lambda =     3.7372; f =          824.9839585
Norm of dx   0.014277
----
Improvement on iteration 113 =        0.036084756
-----------------
-----------------
f at the beginning of new iteration,       824.9839584736
Predicted improvement:        0.003670943
lambda =          1; f =          824.9802360
Norm of dx    0.01192
----
Improvement on iteration 114 =        0.003722516
-----------------
-----------------
f at the beginning of new iteration,       824.9802359578
Predicted improvement:        0.000518299
lambda =          1; f =          824.9794309
lambda =     1.9332; f =          824.9790968
Norm of dx   0.004871
----
Improvement on iteration 115 =        0.001139178
-----------------
-----------------
f at the beginning of new iteration,       824.9790967802
Predicted improvement:        0.000958752
lambda =          1; f =          824.9772331
lambda =     1.9332; f =          824.9755921
lambda =     3.7372; f =          824.9726874
lambda =     7.2247; f =          824.9680718
lambda =     13.967; f =          824.9628728
Norm of dx  0.0017938
----
Improvement on iteration 116 =        0.016223973
-----------------
-----------------
f at the beginning of new iteration,       824.9628728070
Predicted improvement:        0.015876680
lambda =          1; f =          824.9326153
lambda =     1.9332; f =          824.9070399
lambda =     3.7372; f =          824.8647591
lambda =     7.2247; f =          824.8090988
Norm of dx   0.025623
----
Improvement on iteration 117 =        0.153774037
-----------------
-----------------
f at the beginning of new iteration,       824.8090987703
Predicted improvement:        0.147502743
lambda =          1; f =          824.5570804
lambda =     1.9332; f =          824.3993491
lambda =     3.7372; f =          824.3248319
Norm of dx    0.26857
----
Improvement on iteration 118 =        0.484266821
-----------------
-----------------
f at the beginning of new iteration,       824.3248319492
Predicted improvement:        0.137346673
lambda =          1; f =          824.1521385
Norm of dx   0.091061
----
Improvement on iteration 119 =        0.172693497
-----------------
-----------------
f at the beginning of new iteration,       824.1521384525
Predicted improvement:        0.062929346
lambda =          1; f =          824.0873390
Norm of dx   0.029768
----
Improvement on iteration 120 =        0.064799424
-----------------
-----------------
f at the beginning of new iteration,       824.0873390289
Predicted improvement:        0.008496226
lambda =          1; f =          824.0760487
Norm of dx   0.034404
----
Improvement on iteration 121 =        0.011290368
-----------------
-----------------
f at the beginning of new iteration,       824.0760486604
Predicted improvement:        0.003343735
lambda =          1; f =          824.0723867
Norm of dx  0.0075317
----
Improvement on iteration 122 =        0.003661932
-----------------
-----------------
f at the beginning of new iteration,       824.0723867287
Predicted improvement:        0.000522629
lambda =          1; f =          824.0715881
lambda =     1.9332; f =          824.0712859
Norm of dx  0.0031416
----
Improvement on iteration 123 =        0.001100864
-----------------
-----------------
f at the beginning of new iteration,       824.0712858649
Predicted improvement:        0.001060521
lambda =          1; f =          824.0693540
lambda =     1.9332; f =          824.0678924
lambda =     3.7372; f =          824.0660073
Norm of dx  0.0026841
----
Improvement on iteration 124 =        0.005278545
-----------------
-----------------
f at the beginning of new iteration,       824.0660073200
Predicted improvement:        0.006750059
lambda =          1; f =          824.0534924
lambda =     1.9332; f =          824.0435898
lambda =     3.7372; f =          824.0293236
lambda =     7.2247; f =          824.0200731
Norm of dx  0.0076067
----
Improvement on iteration 125 =        0.045934212
-----------------
-----------------
f at the beginning of new iteration,       824.0200731084
Predicted improvement:        0.039297649
lambda =          1; f =          823.9437782
lambda =     1.9332; f =          823.8767374
lambda =     3.7372; f =          823.7587196
lambda =     7.2247; f =          823.5753745
lambda =     13.967; f =          823.4025324
Norm of dx   0.061942
----
Improvement on iteration 126 =        0.617540723
-----------------
-----------------
f at the beginning of new iteration,       823.4025323854
Predicted improvement:        0.179706414
lambda =          1; f =          823.1995343
Norm of dx    0.25065
----
Improvement on iteration 127 =        0.202998131
-----------------
-----------------
f at the beginning of new iteration,       823.1995342541
Predicted improvement:        0.017392094
lambda =          1; f =          823.1808147
Norm of dx   0.051768
----
Improvement on iteration 128 =        0.018719556
-----------------
-----------------
f at the beginning of new iteration,       823.1808146981
Predicted improvement:        0.000865111
lambda =          1; f =          823.1798369
Norm of dx  0.0091273
----
Improvement on iteration 129 =        0.000977769
-----------------
-----------------
f at the beginning of new iteration,       823.1798369295
Predicted improvement:        0.000126807
lambda =          1; f =          823.1796905
Norm of dx  0.0028865
----
Improvement on iteration 130 =        0.000146382
-----------------
-----------------
f at the beginning of new iteration,       823.1796905471
Predicted improvement:        0.000025999
lambda =          1; f =          823.1796629
Norm of dx  0.0028866
----
Improvement on iteration 131 =        0.000027651
-----------------
-----------------
f at the beginning of new iteration,       823.1796628960
Predicted improvement:        0.000007245
lambda =          1; f =          823.1796520
lambda =     1.9332; f =          823.1796480
Norm of dx  0.0006043
----
Improvement on iteration 132 =        0.000014894
-----------------
-----------------
f at the beginning of new iteration,       823.1796480025
Predicted improvement:        0.000010556
lambda =          1; f =          823.1796279
lambda =     1.9332; f =          823.1796106
lambda =     3.7372; f =          823.1795808
lambda =     7.2247; f =          823.1795381
lambda =     13.967; f =          823.1795088
Norm of dx 0.00034444
----
Improvement on iteration 133 =        0.000139235
-----------------
-----------------
f at the beginning of new iteration,       823.1795087680
Predicted improvement:        0.000139391
lambda =          1; f =          823.1792348
lambda =     1.9332; f =          823.1789877
lambda =     3.7372; f =          823.1785334
lambda =     7.2247; f =          823.1777428
lambda =     13.967; f =          823.1765436
lambda =         27; f =          823.1754667
Norm of dx  0.0011961
----
Improvement on iteration 134 =        0.004042020
-----------------
-----------------
f at the beginning of new iteration,       823.1754667483
Predicted improvement:        0.004531062
lambda =          1; f =          823.1673870
lambda =     1.9332; f =          823.1616390
lambda =     3.7372; f =          823.1554302
Norm of dx   0.037624
----
Improvement on iteration 135 =        0.020036537
-----------------
-----------------
f at the beginning of new iteration,       823.1554302108
Predicted improvement:        0.008195274
lambda =          1; f =          823.1451778
Norm of dx   0.089746
----
Improvement on iteration 136 =        0.010252433
-----------------
-----------------
f at the beginning of new iteration,       823.1451777778
Predicted improvement:        0.001138857
lambda =          1; f =          823.1440171
Norm of dx   0.024152
----
Improvement on iteration 137 =        0.001160635
-----------------
-----------------
f at the beginning of new iteration,       823.1440171426
Predicted improvement:        0.000012324
lambda =          1; f =          823.1440048
Norm of dx  0.0013164
----
Improvement on iteration 138 =        0.000012328
-----------------
-----------------
f at the beginning of new iteration,       823.1440048144
Predicted improvement:        0.000000683
lambda =          1; f =          823.1440042
Norm of dx 0.00039373
----
Improvement on iteration 139 =        0.000000609
-----------------
-----------------
f at the beginning of new iteration,       823.1440042056
Predicted improvement:        0.000000263
lambda =          1; f =          823.1440036
lambda =     1.9332; f =          823.1440034
lambda =     3.7372; f =          823.1440030
Norm of dx 8.3442e-005
----
Improvement on iteration 140 =        0.000001219
-----------------
-----------------
f at the beginning of new iteration,       823.1440029868
Predicted improvement:        0.000001124
lambda =          1; f =          823.1440008
lambda =     1.9332; f =          823.1439990
lambda =     3.7372; f =          823.1439958
lambda =     7.2247; f =          823.1439911
lambda =     13.967; f =          823.1439885
Norm of dx 0.00011625
----
Improvement on iteration 141 =        0.000014448
-----------------
-----------------
f at the beginning of new iteration,       823.1439885383
Predicted improvement:        0.000013274
lambda =          1; f =          823.1439621
lambda =     1.9332; f =          823.1439378
lambda =     3.7372; f =          823.1438925
lambda =     7.2247; f =          823.1438094
lambda =     13.967; f =          823.1436674
lambda =         27; f =          823.1434613
lambda =     52.196; f =          823.1433189
Norm of dx 0.00047037
----
Improvement on iteration 142 =        0.000669615
-----------------
-----------------
f at the beginning of new iteration,       823.1433189234
Predicted improvement:        0.000380268
lambda =          1; f =          823.1427217
lambda =     1.9332; f =          823.1424631
Norm of dx    0.01411
----
Improvement on iteration 143 =        0.000855797
-----------------
-----------------
f at the beginning of new iteration,       823.1424631263
Predicted improvement:        0.000037850
lambda =          1; f =          823.1424251
Norm of dx  0.0069298
----
Improvement on iteration 144 =        0.000038004
-----------------
-----------------
f at the beginning of new iteration,       823.1424251227
Predicted improvement:        0.000000441
lambda =          1; f =          823.1424247
Norm of dx 0.00015176
----
Improvement on iteration 145 =        0.000000376
-----------------
-----------------
f at the beginning of new iteration,       823.1424247462
Predicted improvement:        0.000000021
lambda =          1; f =          823.1424247
Norm of dx 7.3686e-005
----
Improvement on iteration 146 =        0.000000019
improvement < crit termination
Objective function at mode: 823.142425
Objective function at mode: 823.142425
 
MODE CHECK
 
Fval obtained by the minimization routine: 823.142425
 
Exiting fzero: aborting search for an interval containing a sign change
    because complex function value encountered during search.
(Function value at -7 is -2.4995+0.033143i.)
Check function or try again with a different starting value.
Exiting fzero: aborting search for an interval containing a sign change
    because complex function value encountered during search.
(Function value at -7 is -2.2881+0.042084i.)
Check function or try again with a different starting value.
Exiting fzero: aborting search for an interval containing a sign change
    because complex function value encountered during search.
(Function value at -7 is -5.3309+0.0024857i.)
Check function or try again with a different starting value.
Exiting fzero: aborting search for an interval containing a sign change
    because complex function value encountered during search.
(Function value at -7 is -5.391+0.0024054i.)
Check function or try again with a different starting value.
 
RESULTS FROM POSTERIOR MAXIMIZATION
parameters
           prior mean     mode    s.d. t-stat prior pstdev

alpha          0.330   0.1855  0.0206  9.0155 beta  0.0500
zeta_p         0.600   0.7099  0.0325 21.8151 beta  0.2000
iota_p         0.500   0.1391  0.0850  1.6368 beta  0.2000
s_bis          0.500   0.4759  0.0799  5.9548 gamm  0.1000
h              0.700   0.7315  0.0338 21.6311 beta  0.0500
a_bis          0.200   0.0254  0.0131  1.9381 gamm  0.1000
nu_l           2.000   2.2460  0.6727  3.3388 gamm  0.7500
zeta_w         0.600   0.3403  0.0432  7.8698 beta  0.2000
iota_w         0.500   0.0680  0.0428  1.5897 beta  0.2000
r_star         2.000   1.4745  0.4154  3.5495 gamm  1.0000
psi_1          1.500   1.5318  0.0932 16.4401 gamm  0.4000
psi_2          0.200   0.0237  0.0125  1.8965 gamm  0.1000
rho_R          0.500   0.5658  0.0425 13.3050 beta  0.2000
pi_star        3.010   4.0362  1.0658  3.7870 norm  1.5000
gamma_star     2.000   2.9073  0.2761 10.5291 gamm  1.0000
lambda_f       0.150   0.2455  0.1049  2.3414 gamm  0.1000
gg_star        0.300   0.2673  0.0720  3.7123 gamm  0.1000
L_adj        662.000 662.1154  0.9888 669.6019 norm  1.0000
D_adj          0.500   0.3663  0.0755  4.8519 norm  0.1000
chi            0.120   0.1214  0.0099 12.3053 beta  0.0100
nu             0.975   0.9767  0.0009 1041.9835 beta  0.0010
sigma          0.300   0.2980  0.0101 29.5865 gamm  0.0100
rho_z          0.200   0.0788  0.0481  1.6389 beta  0.1000
rho_phi        0.600   0.9709  0.0083 116.6896 beta  0.2000
rho_lambda_f   0.600   0.9957  0.0033 305.4777 beta  0.2000
rho_mu         0.800   0.7857  0.0502 15.6368 beta  0.0500
rho_b          0.600   0.1506  0.0852  1.7670 beta  0.2000
rho_g          0.800   0.9067  0.0238 38.1001 beta  0.0500
rho_sigma      0.800   0.9176  0.0212 43.2671 beta  0.2000
rho_nu         0.800   0.4232  0.0808  5.2376 beta  0.2000
standard deviation of shocks
           prior mean     mode    s.d. t-stat prior pstdev

eps_z          0.500   0.6669  0.0508 13.1405 invg     Inf
eps_phi        2.000   3.8502  0.9421  4.0869 invg     Inf
eps_lambda_f   0.500   6.0823  2.1831  2.7861 invg     Inf
eps_mu         0.500   0.7094  0.0869  8.1671 invg     Inf
eps_b          0.500   1.7615  0.2595  6.7892 invg     Inf
eps_g          0.500   0.5917  0.0430 13.7763 invg     Inf
eps_R          0.250   0.3055  0.0275 11.1283 invg     Inf
eps_sigma      0.500   6.5677  1.0247  6.4094 invg     Inf
eps_nu         0.500   0.7102  0.0644 11.0237 invg     Inf
 
Log data density [Laplace approximation] is -904.116617.
 
{Warning: File 'KR15_FF/Output' not found.} 
> In <a href="matlab: opentoline('C:\dynare\4.2.4\matlab\CheckPath.m',42,1)">CheckPath at 42</a>
  In <a href="matlab: opentoline('C:\dynare\4.2.4\matlab\dynare_estimation_1.m',665,1)">dynare_estimation_1 at 665</a>
  In <a href="matlab: opentoline('C:\dynare\4.2.4\matlab\dynare_estimation.m',62,1)">dynare_estimation at 62</a>
  In <a href="matlab: opentoline('C:\Users\kailongforecast\Documents\GitHub\MMB_forecast_application\estimations\KR15_FF_20010214_s2_matlab2011a_dy424_moreprec\KR15_FF.m',642,1)">KR15_FF at 642</a>
  In <a href="matlab: opentoline('C:\dynare\4.2.4\matlab\dynare.m',120,1)">dynare at 120</a>
  In <a href="matlab: opentoline('C:\Users\kailongforecast\Documents\GitHub\MMB_forecast_application\Copy_4_of_gen_forecast_2011a.m',242,1)">Copy_4_of_gen_forecast_2011a at 242</a>
{Warning: File 'KR15_FF/metropolis' not found.} 
> In <a href="matlab: opentoline('C:\dynare\4.2.4\matlab\CheckPath.m',42,1)">CheckPath at 42</a>
  In <a href="matlab: opentoline('C:\dynare\4.2.4\matlab\metropolis_hastings_initialization.m',46,1)">metropolis_hastings_initialization at 46</a>
  In <a href="matlab: opentoline('C:\dynare\4.2.4\matlab\random_walk_metropolis_hastings.m',58,1)">random_walk_metropolis_hastings at 58</a>
  In <a href="matlab: opentoline('C:\dynare\4.2.4\matlab\dynare_estimation_1.m',871,1)">dynare_estimation_1 at 871</a>
  In <a href="matlab: opentoline('C:\dynare\4.2.4\matlab\dynare_estimation.m',62,1)">dynare_estimation at 62</a>
  In <a href="matlab: opentoline('C:\Users\kailongforecast\Documents\GitHub\MMB_forecast_application\estimations\KR15_FF_20010214_s2_matlab2011a_dy424_moreprec\KR15_FF.m',642,1)">KR15_FF at 642</a>
  In <a href="matlab: opentoline('C:\dynare\4.2.4\matlab\dynare.m',120,1)">dynare at 120</a>
  In <a href="matlab: opentoline('C:\Users\kailongforecast\Documents\GitHub\MMB_forecast_application\Copy_4_of_gen_forecast_2011a.m',242,1)">Copy_4_of_gen_forecast_2011a at 242</a>
MH: One Chain mode.
MH: Initialization at the posterior mode.
 
Exiting fzero: aborting search for an interval containing a sign change
    because complex function value encountered during search.
(Function value at -7 is -4.6614+0.00069098i.)
Check function or try again with a different starting value.
Exiting fzero: aborting search for an interval containing a sign change
    because complex function value encountered during search.
(Function value at -7 is -3.4517+2.2449e-005i.)
Check function or try again with a different starting value.
Exiting fzero: aborting search for an interval containing a sign change
    because complex function value encountered during search.
(Function value at -7 is -3.6828+0.00014484i.)
Check function or try again with a different starting value.
Exiting fzero: aborting search for an interval containing a sign change
    because complex function value encountered during search.
(Function value at -7 is -3.3845+0.00022421i.)
Check function or try again with a different starting value.
Exiting fzero: aborting search for an interval containing a sign change
    because complex function value encountered during search.
(Function value at -7 is -2.0951+0.0032081i.)
Check function or try again with a different starting value.
Exiting fzero: aborting search for an interval containing a sign change
    because complex function value encountered during search.
(Function value at -7 is -2.0455-0.005192i.)
Check function or try again with a different starting value.
Exiting fzero: aborting search for an interval containing a sign change
    because complex function value encountered during search.
(Function value at -7 is -2.1315-0.0065759i.)
Check function or try again with a different starting value.
Exiting fzero: aborting search for an interval containing a sign change
    because complex function value encountered during search.
(Function value at -7 is -4.4694-0.00023205i.)
Check function or try again with a different starting value.
Exiting fzero: aborting search for an interval containing a sign change
    because complex function value encountered during search.
(Function value at -7 is -2.0087+0.045701i.)
Check function or try again with a different starting value.
Exiting fzero: aborting search for an interval containing a sign change
    because complex function value encountered during search.
(Function value at -7 is -5.3482-0.00021272i.)
Check function or try again with a different starting value.
Exiting fzero: aborting search for an interval containing a sign change
    because complex function value encountered during search.
(Function value at -7 is -5.8383-0.00019734i.)
Check function or try again with a different starting value.
Exiting fzero: aborting search for an interval containing a sign change
    because complex function value encountered during search.
(Function value at -7 is -2.9656+0.00261i.)
Check function or try again with a different starting value.
Exiting fzero: aborting search for an interval containing a sign change
    because complex function value encountered during search.
(Function value at -7 is -4.5204+0.00010546i.)
Check function or try again with a different starting value.
Exiting fzero: aborting search for an interval containing a sign change
    because complex function value encountered during search.
(Function value at -7 is -4.3652-0.0004831i.)
Check function or try again with a different starting value.
Exiting fzero: aborting search for an interval containing a sign change
    because complex function value encountered during search.
(Function value at -7 is -4.9012-0.00023399i.)
Check function or try again with a different starting value.
Exiting fzero: aborting search for an interval containing a sign change
    because complex function value encountered during search.
(Function value at -7 is -3.7341+0.0010904i.)
Check function or try again with a different starting value.
Exiting fzero: aborting search for an interval containing a sign change
    because complex function value encountered during search.
(Function value at -7 is -3.2906-0.00027714i.)
Check function or try again with a different starting value.
Exiting fzero: aborting search for an interval containing a sign change
    because complex function value encountered during search.
(Function value at -7 is -4.2227+0.0027265i.)
Check function or try again with a different starting value.
Exiting fzero: aborting search for an interval containing a sign change
    because complex function value encountered during search.
(Function value at -7 is -4.2782+0.0014041i.)
Check function or try again with a different starting value.
Exiting fzero: aborting search for an interval containing a sign change
    because complex function value encountered during search.
(Function value at -7 is -2.7529-0.012596i.)
Check function or try again with a different starting value.
Exiting fzero: aborting search for an interval containing a sign change
    because complex function value encountered during search.
(Function value at -7 is -4.839-0.0010956i.)
Check function or try again with a different starting value.
Exiting fzero: aborting search for an interval containing a sign change
    because complex function value encountered during search.
(Function value at -7 is -4.3647-0.0022694i.)
Check function or try again with a different starting value.
Exiting fzero: aborting search for an interval containing a sign change
    because complex function value encountered during search.
(Function value at -7 is -4.3572+0.001035i.)
Check function or try again with a different starting value.
Exiting fzero: aborting search for an interval containing a sign change
    because complex function value encountered during search.
(Function value at -7 is -4.6466-0.0034481i.)
Check function or try again with a different starting value.
Exiting fzero: aborting search for an interval containing a sign change
    because complex function value encountered during search.
(Function value at -7 is -4.3215+0.0031916i.)
Check function or try again with a different starting value.
Exiting fzero: aborting search for an interval containing a sign change
    because complex function value encountered during search.
(Function value at -7 is -4.5483+0.0019547i.)
Check function or try again with a different starting value.
Exiting fzero: aborting search for an interval containing a sign change
    because complex function value encountered during search.
(Function value at -7 is -4.2551-0.00058837i.)
Check function or try again with a different starting value.
Exiting fzero: aborting search for an interval containing a sign change
    because complex function value encountered during search.
(Function value at -7 is -4.3338-0.00040491i.)
Check function or try again with a different starting value.
Exiting fzero: aborting search for an interval containing a sign change
    because complex function value encountered during search.
(Function value at -7 is -4.449+7.3942e-005i.)
Check function or try again with a different starting value.
Exiting fzero: aborting search for an interval containing a sign change
    because complex function value encountered during search.
(Function value at -7 is -4.383+1.7066e-005i.)
Check function or try again with a different starting value.
Exiting fzero: aborting search for an interval containing a sign change
    because complex function value encountered during search.
(Function value at -7 is -4.5304+0.00084008i.)
Check function or try again with a different starting value.
Exiting fzero: aborting search for an interval containing a sign change
    because complex function value encountered during search.
(Function value at -7 is -4.2841+0.0018301i.)
Check function or try again with a different starting value.
Exiting fzero: aborting search for an interval containing a sign change
    because complex function value encountered during search.
(Function value at -7 is -4.0731-7.7647e-005i.)
Check function or try again with a different starting value.
Exiting fzero: aborting search for an interval containing a sign change
    because complex function value encountered during search.
(Function value at -7 is -3.9608+0.00087072i.)
Check function or try again with a different starting value.
Exiting fzero: aborting search for an interval containing a sign change
    because complex function value encountered during search.
(Function value at -7 is -4.3236+0.00085154i.)
Check function or try again with a different starting value.
Exiting fzero: aborting search for an interval containing a sign change
    because complex function value encountered during search.
(Function value at -7 is -4.1249+2.9557e-005i.)
Check function or try again with a different starting value.
Exiting fzero: aborting search for an interval containing a sign change
    because complex function value encountered during search.
(Function value at -7 is -2.6726+0.0033619i.)
Check function or try again with a different starting value.
Exiting fzero: aborting search for an interval containing a sign change
    because complex function value encountered during search.
(Function value at -7 is -4.1833+0.002133i.)
Check function or try again with a different starting value.
Exiting fzero: aborting search for an interval containing a sign change
    because complex function value encountered during search.
(Function value at -7 is -3.0293-0.0013746i.)
Check function or try again with a different starting value.
Exiting fzero: aborting search for an interval containing a sign change
    because complex function value encountered during search.
(Function value at -7 is -2.7733-0.0040685i.)
Check function or try again with a different starting value.
Exiting fzero: aborting search for an interval containing a sign change
    because complex function value encountered during search.
(Function value at -7 is -2.9427-0.0034899i.)
Check function or try again with a different starting value.
Exiting fzero: aborting search for an interval containing a sign change
    because complex function value encountered during search.
(Function value at -7 is -2.779+0.011932i.)
Check function or try again with a different starting value.
Exiting fzero: aborting search for an interval containing a sign change
    because complex function value encountered during search.
(Function value at -7 is -2.6807+0.013221i.)
Check function or try again with a different starting value.
Exiting fzero: aborting search for an interval containing a sign change
    because complex function value encountered during search.
(Function value at -7 is -2.8406+0.0099576i.)
Check function or try again with a different starting value.
Exiting fzero: aborting search for an interval containing a sign change
    because complex function value encountered during search.
(Function value at -7 is -2.7471+0.010228i.)
Check function or try again with a different starting value.
Exiting fzero: aborting search for an interval containing a sign change
    because complex function value encountered during search.
(Function value at -7 is -2.6294+0.0013717i.)
Check function or try again with a different starting value.
Exiting fzero: aborting search for an interval containing a sign change
    because complex function value encountered during search.
(Function value at -7 is -2.5976+0.011516i.)
Check function or try again with a different starting value.
Exiting fzero: aborting search for an interval containing a sign change
    because complex function value encountered during search.
(Function value at -7 is -2.5698+0.0090299i.)
Check function or try again with a different starting value.
Exiting fzero: aborting search for an interval containing a sign change
    because complex function value encountered during search.
(Function value at -7 is -2.6501+0.009943i.)
Check function or try again with a different starting value.
Exiting fzero: aborting search for an interval containing a sign change
    because complex function value encountered during search.
(Function value at -7 is -2.7202+0.0028055i.)
Check function or try again with a different starting value.
Exiting fzero: aborting search for an interval containing a sign change
    because complex function value encountered during search.
(Function value at -7 is -2.4637+0.011279i.)
Check function or try again with a different starting value.
Exiting fzero: aborting search for an interval containing a sign change
    because complex function value encountered during search.
(Function value at -7 is -3.8672+1.7975e-005i.)
Check function or try again with a different starting value.
Exiting fzero: aborting search for an interval containing a sign change
    because complex function value encountered during search.
(Function value at -7 is -4.1483+2.5802e-005i.)
Check function or try again with a different starting value.
Exiting fzero: aborting search for an interval containing a sign change
    because complex function value encountered during search.
(Function value at -7 is -4.483+1.6243e-005i.)
Check function or try again with a different starting value.
Exiting fzero: aborting search for an interval containing a sign change
    because complex function value encountered during search.
(Function value at -7 is -3.8847+9.7246e-005i.)
Check function or try again with a different starting value.
Exiting fzero: aborting search for an interval containing a sign change
    because complex function value encountered during search.
(Function value at -7 is -4.1978-0.00015394i.)
Check function or try again with a different starting value.
Exiting fzero: aborting search for an interval containing a sign change
    because complex function value encountered during search.
(Function value at -7 is -2.9495-0.038723i.)
Check function or try again with a different starting value.
Exiting fzero: aborting search for an interval containing a sign change
    because complex function value encountered during search.
(Function value at -7 is -2.3428+0.012105i.)
Check function or try again with a different starting value.
Exiting fzero: aborting search for an interval containing a sign change
    because complex function value encountered during search.
(Function value at -7 is -2.5373+0.02016i.)
Check function or try again with a different starting value.
Exiting fzero: aborting search for an interval containing a sign change
    because complex function value encountered during search.
(Function value at -7 is -3.6354+0.0074197i.)
Check function or try again with a different starting value.
Exiting fzero: aborting search for an interval containing a sign change
    because complex function value encountered during search.
(Function value at -7 is -3.3273-1.2519e-005i.)
Check function or try again with a different starting value.
MH: Number of mh files                   : 328 per block.
MH: Total number of generated files      : 328.
MH: Total number of iterations           : 1000000.
MH: average acceptation rate per chain   : 
    0.2717

 
MH: Total number of Mh draws: 1000000.
MH: Total number of generated Mh files: 328.
MH: I'll use mh-files 99 to 328.
MH: In mh-file number 99 i'll start at line 1198.
MH: Finally I keep 700000 draws.
 
MH: I'm computing the posterior mean and covariance...  Done!
 
MH: I'm computing the posterior log marginale density (modified harmonic mean)... 
MH: Modified harmonic mean estimator, done!
 
 
ESTIMATION RESULTS
 
Log data density is -902.399919.
 
parameters
               prior mean post. mean   conf. interval  prior     pstdev

alpha             0.330     0.2060     0.1561   0.2594  beta      0.0500
zeta_p            0.600     0.6934     0.6248   0.7613  beta      0.2000
iota_p            0.500     0.2237     0.0342   0.4014  beta      0.2000
s_bis             0.500     0.4271     0.2623   0.5806  gamm      0.1000
h                 0.700     0.7357     0.6690   0.8066  beta      0.0500
a_bis             0.200     0.1275     0.0117   0.2653  gamm      0.1000
nu_l              2.000     2.9187     1.6281   4.1367  gamm      0.7500
zeta_w            0.600     0.3563     0.2792   0.4331  beta      0.2000
iota_w            0.500     0.0820     0.0179   0.1455  beta      0.2000
r_star            2.000     1.7274     0.9643   2.5009  gamm      1.0000
psi_1             1.500     1.7125     1.4106   2.0720  gamm      0.4000
psi_2             0.200     0.0759     0.0067   0.1930  gamm      0.1000
rho_R             0.500     0.5947     0.5155   0.6779  beta      0.2000
pi_star           3.010     3.5385     1.7051   5.3919  norm      1.5000
gamma_star        2.000     2.7324     2.2108   3.2656  gamm      1.0000
lambda_f          0.150     0.2317     0.0854   0.3691  gamm      0.1000
gg_star           0.300     0.2761     0.1877   0.3800  gamm      0.1000
L_adj           662.000   662.0525   660.4110 663.6597  norm      1.0000
D_adj             0.500     0.4351     0.2904   0.5737  norm      0.1000
chi               0.120     0.1213     0.1047   0.1367  beta      0.0100
nu                0.975     0.9768     0.9753   0.9784  beta      0.0010
sigma             0.300     0.2945     0.2776   0.3109  gamm      0.0100
rho_z             0.200     0.1281     0.0328   0.2191  beta      0.1000
rho_phi           0.600     0.9643     0.9449   0.9832  beta      0.2000
rho_lambda_f      0.600     0.9880     0.9759   0.9993  beta      0.2000
rho_mu            0.800     0.7740     0.6951   0.8558  beta      0.0500
rho_b             0.600     0.1729     0.0380   0.2997  beta      0.2000
rho_g             0.800     0.9062     0.8717   0.9413  beta      0.0500
rho_sigma         0.800     0.9179     0.8837   0.9524  beta      0.2000
rho_nu            0.800     0.5319     0.3537   0.7211  beta      0.2000
 
standard deviation of shocks
               prior mean post. mean   conf. interval  prior     pstdev

eps_z             0.500     0.7098     0.6049   0.8086  invg         Inf
eps_phi           2.000     4.7354     2.8385   6.5306  invg         Inf
eps_lambda_f      0.500     7.7374     3.6727  12.2198  invg         Inf
eps_mu            0.500     0.7109     0.5522   0.8693  invg         Inf
eps_b             0.500     1.9140     1.3413   2.4974  invg         Inf
eps_g             0.500     0.6216     0.5430   0.6985  invg         Inf
eps_R             0.250     0.3099     0.2620   0.3554  invg         Inf
eps_sigma         0.500     8.0526     5.5409  10.5158  invg         Inf
eps_nu            0.500     0.7481     0.6338   0.8594  invg         Inf
MH: Posterior (dsge) IRFs...
MH: Posterior IRFs, done!
MH: Smoothed variables
MH: Smoothed variables, done!
MH: Smoothed shocks
MH: Smoothed shocks, done!
MH: Forecasted variables (mean)
MH: Forecasted variables (mean), done!
MH: Forecasted variables (point)
MH: Forecasted variables (point), done!
