Starting Dynare (version 4.5.7).
Starting preprocessing of the model file ...
Found 43 equation(s).
Evaluating expressions...done
Computing static model derivatives:
 - order 1
Computing dynamic model derivatives:
 - order 1
 - order 2
Processing outputs ...
done
Preprocessing completed.
Initial value of the log posterior (or likelihood): -645.4638
-----------------
f at the beginning of new iteration,       645.4637754023
Predicted improvement:      270.481488962
lambda =          1; f =          645.4714884
lambda =    0.33333; f =          556.6180854
Norm of dx    0.23259
----
Improvement on iteration 1 =       88.845689969
-----------------
f at the beginning of new iteration,       556.6180854338
Predicted improvement:       29.799709927
lambda =          1; f =          556.6181144
lambda =    0.33333; f =          540.2293096
lambda =    0.64439; f =          531.3953851
Norm of dx   0.081204
----
Improvement on iteration 2 =       25.222700317
-----------------
f at the beginning of new iteration,       531.3953851164
Predicted improvement:       19.037640580
lambda =          1; f =          551.0269578
lambda =    0.33333; f =          521.8197510
lambda =    0.64439; f =          521.9186133
Norm of dx   0.089364
----
Improvement on iteration 3 =        9.575634069
-----------------
f at the beginning of new iteration,       521.8197510471
Predicted improvement:       24.758855485
lambda =          1; f =          527.8263960
lambda =    0.33333; f =          510.7123773
Norm of dx    0.14471
----
Improvement on iteration 4 =       11.107373718
-----------------
f at the beginning of new iteration,       510.7123773286
Predicted improvement:        9.218609041
lambda =          1; f =          502.3396411
Norm of dx   0.081088
----
Improvement on iteration 5 =        8.372736258
-----------------
f at the beginning of new iteration,       502.3396410703
Predicted improvement:       12.199246694
lambda =          1; f =          514.6674189
lambda =    0.33333; f =          499.1139704
Norm of dx   0.093769
----
Improvement on iteration 6 =        3.225670672
-----------------
f at the beginning of new iteration,       499.1139703980
Predicted improvement:        4.895189857
lambda =          1; f =          495.8280613
Norm of dx   0.038524
----
Improvement on iteration 7 =        3.285909055
-----------------
f at the beginning of new iteration,       495.8280613433
Predicted improvement:        2.690048630
lambda =          1; f =          493.1827934
Norm of dx   0.023678
----
Improvement on iteration 8 =        2.645267907
-----------------
f at the beginning of new iteration,       493.1827934367
Predicted improvement:        0.893377770
lambda =          1; f =          491.7680796
lambda =     1.9332; f =          491.1439480
Norm of dx   0.018009
----
Improvement on iteration 9 =        2.038845473
-----------------
f at the beginning of new iteration,       491.1439479636
Predicted improvement:        1.759541994
lambda =          1; f =          489.4703761
Norm of dx    0.04529
----
Improvement on iteration 10 =        1.673571893
-----------------
f at the beginning of new iteration,       489.4703760701
Predicted improvement:        0.986871553
lambda =          1; f =          487.9491544
lambda =     1.9332; f =          487.3597321
Norm of dx   0.028964
----
Improvement on iteration 11 =        2.110643938
-----------------
f at the beginning of new iteration,       487.3597321326
Predicted improvement:        1.014313734
lambda =          1; f =          485.6093400
lambda =     1.9332; f =          484.4360201
lambda =     3.7372; f =          483.2920020
Norm of dx   0.036886
----
Improvement on iteration 12 =        4.067730093
-----------------
f at the beginning of new iteration,       483.2920020392
Predicted improvement:        1.749628081
lambda =          1; f =          480.9659227
Norm of dx   0.062689
----
Improvement on iteration 13 =        2.326079356
-----------------
f at the beginning of new iteration,       480.9659226834
Predicted improvement:        1.136663811
lambda =          1; f =          479.7698520
Norm of dx   0.035198
----
Improvement on iteration 14 =        1.196070712
-----------------
f at the beginning of new iteration,       479.7698519717
Predicted improvement:        0.524036845
lambda =          1; f =          478.9249959
lambda =     1.9332; f =          478.5324458
Norm of dx   0.032274
----
Improvement on iteration 15 =        1.237406149
-----------------
f at the beginning of new iteration,       478.5324458228
Predicted improvement:        1.276670426
lambda =          1; f =          476.2051964
lambda =     1.9332; f =          474.4341963
lambda =     3.7372; f =          472.2822226
Norm of dx    0.05897
----
Improvement on iteration 16 =        6.250223193
-----------------
f at the beginning of new iteration,       472.2822226294
Predicted improvement:        4.748336370
lambda =          1; f =          471.7387018
lambda =    0.33333; f =          469.4673128
lambda =    0.64439; f =          468.1016755
Norm of dx     0.2206
----
Improvement on iteration 17 =        4.180547091
-----------------
f at the beginning of new iteration,       468.1016755389
Predicted improvement:        7.713260421
lambda =          1; f =          468.1017264
lambda =    0.33333; f =          464.3784792
lambda =    0.64439; f =          466.2454280
lambda =     0.4339; f =          463.9614886
Norm of dx    0.13106
----
Improvement on iteration 18 =        4.140186914
-----------------
f at the beginning of new iteration,       463.9614886253
Predicted improvement:       12.282912995
lambda =          1; f =          479.8837138
lambda =    0.33333; f =          460.7972330
Norm of dx    0.12743
----
Improvement on iteration 19 =        3.164255671
-----------------
f at the beginning of new iteration,       460.7972329538
Predicted improvement:        3.118197073
lambda =          1; f =          458.0976389
Norm of dx   0.042709
----
Improvement on iteration 20 =        2.699594007
-----------------
f at the beginning of new iteration,       458.0976389467
Predicted improvement:        1.574950803
lambda =          1; f =          456.4331582
Norm of dx   0.020161
----
Improvement on iteration 21 =        1.664480781
-----------------
f at the beginning of new iteration,       456.4331581657
Predicted improvement:        0.703734757
lambda =          1; f =          455.3409794
lambda =     1.9332; f =          454.9927075
Norm of dx   0.022563
----
Improvement on iteration 22 =        1.440450625
-----------------
f at the beginning of new iteration,       454.9927075406
Predicted improvement:        0.834986875
lambda =          1; f =          454.3673719
Norm of dx   0.021803
----
Improvement on iteration 23 =        0.625335651
-----------------
f at the beginning of new iteration,       454.3673718897
Predicted improvement:        0.420296019
lambda =          1; f =          453.9644979
Norm of dx   0.033305
----
Improvement on iteration 24 =        0.402874013
-----------------
f at the beginning of new iteration,       453.9644978764
Predicted improvement:        0.281881184
lambda =          1; f =          453.6182193
Norm of dx   0.013543
----
Improvement on iteration 25 =        0.346278537
-----------------
f at the beginning of new iteration,       453.6182193397
Predicted improvement:        0.236061192
lambda =          1; f =          453.2556547
lambda =     1.9332; f =          453.1182952
Norm of dx   0.018426
----
Improvement on iteration 26 =        0.499924149
-----------------
f at the beginning of new iteration,       453.1182951905
Predicted improvement:        0.230673177
lambda =          1; f =          452.7521642
lambda =     1.9332; f =          452.5859657
Norm of dx   0.018123
----
Improvement on iteration 27 =        0.532329452
-----------------
f at the beginning of new iteration,       452.5859657388
Predicted improvement:        0.250242160
lambda =          1; f =          452.1871689
lambda =     1.9332; f =          452.0101842
Norm of dx   0.019812
----
Improvement on iteration 28 =        0.575781545
-----------------
f at the beginning of new iteration,       452.0101841940
Predicted improvement:        0.359251937
lambda =          1; f =          451.4616645
lambda =     1.9332; f =          451.2535219
Norm of dx    0.02413
----
Improvement on iteration 29 =        0.756662290
-----------------
f at the beginning of new iteration,       451.2535219035
Predicted improvement:        0.387050800
lambda =          1; f =          450.6574582
lambda =     1.9332; f =          450.4124406
Norm of dx   0.037498
----
Improvement on iteration 30 =        0.841081331
-----------------
f at the beginning of new iteration,       450.4124405727
Predicted improvement:        0.428622537
lambda =          1; f =          449.7318884
lambda =     1.9332; f =          449.4084471
Norm of dx   0.047581
----
Improvement on iteration 31 =        1.003993488
-----------------
f at the beginning of new iteration,       449.4084470849
Predicted improvement:        0.457961228
lambda =          1; f =          448.6990934
lambda =     1.9332; f =          448.4171426
Norm of dx   0.058929
----
Improvement on iteration 32 =        0.991304437
-----------------
f at the beginning of new iteration,       448.4171426481
Predicted improvement:        0.509188976
lambda =          1; f =          447.5749652
lambda =     1.9332; f =          447.0854138
Norm of dx   0.049619
----
Improvement on iteration 33 =        1.331728891
-----------------
f at the beginning of new iteration,       447.0854137569
Predicted improvement:        1.136214884
lambda =          1; f =          445.5624652
Norm of dx    0.14723
----
Improvement on iteration 34 =        1.522948537
-----------------
f at the beginning of new iteration,       445.5624652199
Predicted improvement:        0.563923854
lambda =          1; f =          444.8217984
Norm of dx   0.082583
----
Improvement on iteration 35 =        0.740666828
-----------------
f at the beginning of new iteration,       444.8217983917
Predicted improvement:        0.266109492
lambda =          1; f =          444.4233568
lambda =     1.9332; f =          444.2952395
Norm of dx   0.047771
----
Improvement on iteration 36 =        0.526558917
-----------------
f at the beginning of new iteration,       444.2952394747
Predicted improvement:        0.256692620
lambda =          1; f =          443.8397409
lambda =     1.9332; f =          443.5189581
lambda =     3.7372; f =          443.1888083
Norm of dx   0.016298
----
Improvement on iteration 37 =        1.106431167
-----------------
f at the beginning of new iteration,       443.1888083081
Predicted improvement:        0.703552574
lambda =          1; f =          442.0597386
lambda =     1.9332; f =          441.5438200
Norm of dx   0.094483
----
Improvement on iteration 38 =        1.644988284
-----------------
f at the beginning of new iteration,       441.5438200243
Predicted improvement:        1.164961142
lambda =          1; f =          439.8327788
lambda =     1.9332; f =          439.6139156
Norm of dx    0.17194
----
Improvement on iteration 39 =        1.929904415
-----------------
f at the beginning of new iteration,       439.6139156091
Predicted improvement:        1.372793892
lambda =          1; f =          438.0379055
Norm of dx   0.073211
----
Improvement on iteration 40 =        1.576010083
-----------------
f at the beginning of new iteration,       438.0379055265
Predicted improvement:        0.588111622
lambda =          1; f =          437.2779892
Norm of dx   0.087798
----
Improvement on iteration 41 =        0.759916351
-----------------
f at the beginning of new iteration,       437.2779891753
Predicted improvement:        0.214053605
lambda =          1; f =          436.9940117
Norm of dx   0.043888
----
Improvement on iteration 42 =        0.283977466
-----------------
f at the beginning of new iteration,       436.9940117094
Predicted improvement:        0.140659277
lambda =          1; f =          436.8129515
Norm of dx    0.06627
----
Improvement on iteration 43 =        0.181060195
-----------------
f at the beginning of new iteration,       436.8129515144
Predicted improvement:        0.150077865
lambda =          1; f =          436.6231281
Norm of dx   0.021725
----
Improvement on iteration 44 =        0.189823374
-----------------
f at the beginning of new iteration,       436.6231281407
Predicted improvement:        0.145259888
lambda =          1; f =          436.4077359
lambda =     1.9332; f =          436.3421433
Norm of dx   0.035263
----
Improvement on iteration 45 =        0.280984811
-----------------
f at the beginning of new iteration,       436.3421433298
Predicted improvement:        0.118544644
lambda =          1; f =          436.1701318
lambda =     1.9332; f =          436.1239485
Norm of dx   0.015319
----
Improvement on iteration 46 =        0.218194850
-----------------
f at the beginning of new iteration,       436.1239484799
Predicted improvement:        0.088152762
lambda =          1; f =          435.9809880
lambda =     1.9332; f =          435.9067874
Norm of dx     0.0109
----
Improvement on iteration 47 =        0.217161057
-----------------
f at the beginning of new iteration,       435.9067874230
Predicted improvement:        0.121022427
lambda =          1; f =          435.7166315
lambda =     1.9332; f =          435.6381010
Norm of dx   0.046081
----
Improvement on iteration 48 =        0.268686467
-----------------
f at the beginning of new iteration,       435.6381009561
Predicted improvement:        0.136617241
lambda =          1; f =          435.4300645
lambda =     1.9332; f =          435.3537335
Norm of dx   0.025708
----
Improvement on iteration 49 =        0.284367475
-----------------
f at the beginning of new iteration,       435.3537334811
Predicted improvement:        0.119952003
lambda =          1; f =          435.1628210
lambda =     1.9332; f =          435.0766306
Norm of dx   0.022205
----
Improvement on iteration 50 =        0.277102870
-----------------
f at the beginning of new iteration,       435.0766306113
Predicted improvement:        0.110231122
lambda =          1; f =          434.9051653
lambda =     1.9332; f =          434.8381850
Norm of dx   0.020714
----
Improvement on iteration 51 =        0.238445582
-----------------
f at the beginning of new iteration,       434.8381850297
Predicted improvement:        0.135533874
lambda =          1; f =          434.6012654
lambda =     1.9332; f =          434.4424951
lambda =     3.7372; f =          434.3123676
Norm of dx   0.026273
----
Improvement on iteration 52 =        0.525817460
-----------------
f at the beginning of new iteration,       434.3123675697
Predicted improvement:        0.179687604
lambda =          1; f =          434.0563893
lambda =     1.9332; f =          434.0135706
Norm of dx   0.017752
----
Improvement on iteration 53 =        0.298796944
-----------------
f at the beginning of new iteration,       434.0135706261
Predicted improvement:        0.117460877
lambda =          1; f =          433.8778837
Norm of dx   0.031355
----
Improvement on iteration 54 =        0.135686939
-----------------
f at the beginning of new iteration,       433.8778836872
Predicted improvement:        0.044699334
lambda =          1; f =          433.8126986
lambda =     1.9332; f =          433.7960558
Norm of dx    0.01061
----
Improvement on iteration 55 =        0.081827908
-----------------
f at the beginning of new iteration,       433.7960557790
Predicted improvement:        0.026463803
lambda =          1; f =          433.7526367
lambda =     1.9332; f =          433.7295552
Norm of dx  0.0064907
----
Improvement on iteration 56 =        0.066500609
-----------------
f at the beginning of new iteration,       433.7295551701
Predicted improvement:        0.039597062
lambda =          1; f =          433.6684911
lambda =     1.9332; f =          433.6449690
Norm of dx   0.014064
----
Improvement on iteration 57 =        0.084586142
-----------------
f at the beginning of new iteration,       433.6449690276
Predicted improvement:        0.027269911
lambda =          1; f =          433.6046089
lambda =     1.9332; f =          433.5928789
Norm of dx   0.012445
----
Improvement on iteration 58 =        0.052090142
-----------------
f at the beginning of new iteration,       433.5928788856
Predicted improvement:        0.026350807
lambda =          1; f =          433.5627654
Norm of dx   0.021446
----
Improvement on iteration 59 =        0.030113463
-----------------
f at the beginning of new iteration,       433.5627654231
Predicted improvement:        0.024809052
lambda =          1; f =          433.5262799
lambda =     1.9332; f =          433.5157688
Norm of dx  0.0083126
----
Improvement on iteration 60 =        0.046996633
-----------------
f at the beginning of new iteration,       433.5157687904
Predicted improvement:        0.022396172
lambda =          1; f =          433.4790444
lambda =     1.9332; f =          433.4598579
Norm of dx   0.011333
----
Improvement on iteration 61 =        0.055910846
-----------------
f at the beginning of new iteration,       433.4598579449
Predicted improvement:        0.034342828
lambda =          1; f =          433.4060931
lambda =     1.9332; f =          433.3829815
Norm of dx    0.01296
----
Improvement on iteration 62 =        0.076876462
-----------------
f at the beginning of new iteration,       433.3829814831
Predicted improvement:        0.031353788
lambda =          1; f =          433.3340908
lambda =     1.9332; f =          433.3130645
Norm of dx   0.016857
----
Improvement on iteration 63 =        0.069916955
-----------------
f at the beginning of new iteration,       433.3130645286
Predicted improvement:        0.018078547
lambda =          1; f =          433.2860405
lambda =     1.9332; f =          433.2773839
Norm of dx   0.013569
----
Improvement on iteration 64 =        0.035680591
-----------------
f at the beginning of new iteration,       433.2773839378
Predicted improvement:        0.016261814
lambda =          1; f =          433.2528389
lambda =     1.9332; f =          433.2437309
Norm of dx  0.0086982
----
Improvement on iteration 65 =        0.033653023
-----------------
f at the beginning of new iteration,       433.2437309148
Predicted improvement:        0.012652976
lambda =          1; f =          433.2271781
Norm of dx  0.0091773
----
Improvement on iteration 66 =        0.016552857
-----------------
f at the beginning of new iteration,       433.2271780575
Predicted improvement:        0.005169679
lambda =          1; f =          433.2191609
lambda =     1.9332; f =          433.2159136
Norm of dx   0.005428
----
Improvement on iteration 67 =        0.011264444
-----------------
f at the beginning of new iteration,       433.2159136132
Predicted improvement:        0.005603949
lambda =          1; f =          433.2056726
lambda =     1.9332; f =          433.1978592
lambda =     3.7372; f =          433.1875146
Norm of dx  0.0045497
----
Improvement on iteration 68 =        0.028398982
-----------------
f at the beginning of new iteration,       433.1875146309
Predicted improvement:        0.013078116
lambda =          1; f =          433.1694265
Norm of dx   0.010725
----
Improvement on iteration 69 =        0.018088097
-----------------
f at the beginning of new iteration,       433.1694265338
Predicted improvement:        0.006787272
lambda =          1; f =          433.1605129
Norm of dx    0.00658
----
Improvement on iteration 70 =        0.008913589
-----------------
f at the beginning of new iteration,       433.1605129451
Predicted improvement:        0.002616682
lambda =          1; f =          433.1566817
lambda =     1.9332; f =          433.1556674
Norm of dx  0.0029755
----
Improvement on iteration 71 =        0.004845575
-----------------
f at the beginning of new iteration,       433.1556673703
Predicted improvement:        0.001731092
lambda =          1; f =          433.1524768
lambda =     1.9332; f =          433.1499880
lambda =     3.7372; f =          433.1465190
lambda =     7.2247; f =          433.1448611
Norm of dx 0.00089254
----
Improvement on iteration 72 =        0.010806320
-----------------
f at the beginning of new iteration,       433.1448610502
Predicted improvement:        0.002896398
lambda =          1; f =          433.1405851
lambda =     1.9332; f =          433.1393010
Norm of dx  0.0050909
----
Improvement on iteration 73 =        0.005560100
-----------------
f at the beginning of new iteration,       433.1393009504
Predicted improvement:        0.000394105
lambda =          1; f =          433.1387580
Norm of dx 0.00087269
----
Improvement on iteration 74 =        0.000542923
-----------------
f at the beginning of new iteration,       433.1387580274
Predicted improvement:        0.000261828
lambda =          1; f =          433.1383398
lambda =     1.9332; f =          433.1381358
Norm of dx 0.00058808
----
Improvement on iteration 75 =        0.000622178
-----------------
f at the beginning of new iteration,       433.1381358493
Predicted improvement:        0.000396742
lambda =          1; f =          433.1374132
lambda =     1.9332; f =          433.1368645
lambda =     3.7372; f =          433.1361469
Norm of dx 0.00094955
----
Improvement on iteration 76 =        0.001988914
-----------------
f at the beginning of new iteration,       433.1361469355
Predicted improvement:        0.001233123
lambda =          1; f =          433.1343578
lambda =     1.9332; f =          433.1339106
Norm of dx  0.0032995
----
Improvement on iteration 77 =        0.002236331
-----------------
f at the beginning of new iteration,       433.1339106046
Predicted improvement:        0.000357653
lambda =          1; f =          433.1333345
lambda =     1.9332; f =          433.1330515
Norm of dx 0.00097997
----
Improvement on iteration 78 =        0.000859137
-----------------
f at the beginning of new iteration,       433.1330514677
Predicted improvement:        0.000361159
lambda =          1; f =          433.1324349
lambda =     1.9332; f =          433.1320507
lambda =     3.7372; f =          433.1318322
Norm of dx  0.0010745
----
Improvement on iteration 79 =        0.001219293
-----------------
f at the beginning of new iteration,       433.1318321748
Predicted improvement:        0.000392404
lambda =          1; f =          433.1312704
lambda =     1.9332; f =          433.1311421
Norm of dx  0.0012135
----
Improvement on iteration 80 =        0.000690104
-----------------
f at the beginning of new iteration,       433.1311420711
Predicted improvement:        0.000038796
lambda =          1; f =          433.1310763
lambda =     1.9332; f =          433.1310371
Norm of dx 0.00023739
----
Improvement on iteration 81 =        0.000104987
-----------------
f at the beginning of new iteration,       433.1310370837
Predicted improvement:        0.000099871
lambda =          1; f =          433.1308566
lambda =     1.9332; f =          433.1307240
lambda =     3.7372; f =          433.1305659
Norm of dx 0.00052951
----
Improvement on iteration 82 =        0.000471190
-----------------
f at the beginning of new iteration,       433.1305658942
Predicted improvement:        0.000427934
lambda =          1; f =          433.1297516
lambda =     1.9332; f =          433.1290677
lambda =     3.7372; f =          433.1279539
lambda =     7.2247; f =          433.1265817
Norm of dx  0.0019317
----
Improvement on iteration 83 =        0.003984197
-----------------
f at the beginning of new iteration,       433.1265816968
Predicted improvement:        0.003542043
lambda =          1; f =          433.1204601
lambda =     1.9332; f =          433.1164740
lambda =     3.7372; f =          433.1134570
Norm of dx   0.015612
----
Improvement on iteration 84 =        0.013124713
-----------------
f at the beginning of new iteration,       433.1134569839
Predicted improvement:        0.003028128
lambda =          1; f =          433.1094459
Norm of dx  0.0033076
----
Improvement on iteration 85 =        0.004011063
-----------------
f at the beginning of new iteration,       433.1094459209
Predicted improvement:        0.000587342
lambda =          1; f =          433.1087722
Norm of dx  0.0018547
----
Improvement on iteration 86 =        0.000673766
-----------------
f at the beginning of new iteration,       433.1087721551
Predicted improvement:        0.000112957
lambda =          1; f =          433.1085647
lambda =     1.9332; f =          433.1084030
lambda =     3.7372; f =          433.1081779
lambda =     7.2247; f =          433.1080681
Norm of dx  0.0007085
----
Improvement on iteration 87 =        0.000704094
-----------------
f at the beginning of new iteration,       433.1080680608
Predicted improvement:        0.000603302
lambda =          1; f =          433.1068785
lambda =     1.9332; f =          433.1058002
lambda =     3.7372; f =          433.1038025
lambda =     7.2247; f =          433.1002666
lambda =     13.967; f =          433.0946554
lambda =         27; f =          433.0884330
Norm of dx  0.0017392
----
Improvement on iteration 88 =        0.019635091
-----------------
f at the beginning of new iteration,       433.0884329702
Predicted improvement:        0.017800864
lambda =          1; f =          433.0556627
lambda =     1.9332; f =          433.0303538
lambda =     3.7372; f =          432.9969576
Norm of dx   0.078845
----
Improvement on iteration 89 =        0.091475334
-----------------
f at the beginning of new iteration,       432.9969576363
Predicted improvement:        0.048403239
lambda =          1; f =          432.9368798
Norm of dx    0.26138
----
Improvement on iteration 90 =        0.060077884
-----------------
f at the beginning of new iteration,       432.9368797521
Predicted improvement:        0.011958326
lambda =          1; f =          432.9237556
Norm of dx   0.052312
----
Improvement on iteration 91 =        0.013124189
-----------------
f at the beginning of new iteration,       432.9237555634
Predicted improvement:        0.000918514
lambda =          1; f =          432.9227973
Norm of dx   0.023757
----
Improvement on iteration 92 =        0.000958260
-----------------
f at the beginning of new iteration,       432.9227973030
Predicted improvement:        0.000117368
lambda =          1; f =          432.9226306
lambda =     1.9332; f =          432.9225985
Norm of dx 0.00061233
----
Improvement on iteration 93 =        0.000198815
-----------------
f at the beginning of new iteration,       432.9225984882
Predicted improvement:        0.000085703
lambda =          1; f =          432.9224384
lambda =     1.9332; f =          432.9223090
lambda =     3.7372; f =          432.9221136
lambda =     7.2247; f =          432.9219428
Norm of dx  0.0029052
----
Improvement on iteration 94 =        0.000655715
-----------------
f at the beginning of new iteration,       432.9219427733
Predicted improvement:        0.000503617
lambda =          1; f =          432.9209610
lambda =     1.9332; f =          432.9200896
lambda =     3.7372; f =          432.9185271
lambda =     7.2247; f =          432.9159582
lambda =     13.967; f =          432.9126545
Norm of dx  0.0033279
----
Improvement on iteration 95 =        0.009288236
-----------------
f at the beginning of new iteration,       432.9126545369
Predicted improvement:        0.005129050
lambda =          1; f =          432.9053647
lambda =     1.9332; f =          432.9038132
Norm of dx   0.031507
----
Improvement on iteration 96 =        0.008841292
-----------------
f at the beginning of new iteration,       432.9038132452
Predicted improvement:        0.000798393
lambda =          1; f =          432.9027872
Norm of dx   0.017571
----
Improvement on iteration 97 =        0.001026076
-----------------
f at the beginning of new iteration,       432.9027871696
Predicted improvement:        0.000122310
lambda =          1; f =          432.9026565
Norm of dx  0.0082666
----
Improvement on iteration 98 =        0.000130649
-----------------
f at the beginning of new iteration,       432.9026565208
Predicted improvement:        0.000005834
lambda =          1; f =          432.9026461
lambda =     1.9332; f =          432.9026387
lambda =     3.7372; f =          432.9026306
Norm of dx 0.00062733
----
Improvement on iteration 99 =        0.000025891
-----------------
f at the beginning of new iteration,       432.9026306296
Predicted improvement:        0.000018988
lambda =          1; f =          432.9025943
lambda =     1.9332; f =          432.9025633
lambda =     3.7372; f =          432.9025113
lambda =     7.2247; f =          432.9024399
Norm of dx 0.00043522
----
Improvement on iteration 100 =        0.000190713
-----------------
f at the beginning of new iteration,       432.9024399166
Predicted improvement:        0.000195816
lambda =          1; f =          432.9021204
lambda =     1.9332; f =          432.9019509
Norm of dx  0.0029092
----
Improvement on iteration 101 =        0.000489064
-----------------
f at the beginning of new iteration,       432.9019508529
Predicted improvement:        0.000183305
lambda =          1; f =          432.9017134
Norm of dx  0.0033247
----
Improvement on iteration 102 =        0.000237436
-----------------
f at the beginning of new iteration,       432.9017134164
Predicted improvement:        0.000034790
lambda =          1; f =          432.9016767
Norm of dx  0.0014893
----
Improvement on iteration 103 =        0.000036669
-----------------
f at the beginning of new iteration,       432.9016767470
Predicted improvement:        0.000000302
lambda =          1; f =          432.9016764
Norm of dx 0.00015768
----
Improvement on iteration 104 =        0.000000358
-----------------
f at the beginning of new iteration,       432.9016763887
Predicted improvement:        0.000000003
lambda =          1; f =          432.9016764
lambda =     1.9332; f =          432.9016764
Norm of dx  2.928e-05
----
Improvement on iteration 105 =        0.000000007
improvement < crit termination

Final value of minus the log posterior (or likelihood):432.901676 

RESULTS FROM POSTERIOR ESTIMATION
parameters
       prior mean     mode    s.d. prior pstdev

RHO_A      0.500   0.9757  0.0111 beta  0.2000 
RHO_EFP    0.500   0.9786  0.0135 beta  0.2000 
RHO_G      0.500   0.9714  0.0138 beta  0.2000 
RHO_X      0.500   0.9820  0.0160 beta  0.2000 
RHO_MS     0.500   0.4883  0.0782 beta  0.2000 
RHO_P      0.500   0.9894  0.0068 beta  0.2000 
RHO_W      0.500   0.0391  0.0298 beta  0.2000 
S_PRIMEP   4.000   5.8321  1.2102 norm  1.5000 
H          0.700   0.5365  0.0638 beta  0.1000 
SIGMA_W    0.750   0.7521  0.0281 beta  0.0500 
SIGMAP     0.750   0.8660  0.0168 beta  0.0500 
FCP        1.450   1.2849  0.0759 norm  0.1250 
PPHI       0.330   2.0654  0.3455 gamm  0.2500 
SIGMA_WI   0.500   0.3704  0.1453 beta  0.1500 
SIGMA_PI   0.500   0.0828  0.0391 beta  0.1500 
ZETA       0.250   0.9391  0.0262 beta  0.1500 
IOTA_PI    1.700   1.5926  0.1444 norm  0.1500 
RHO_I      0.750   0.8630  0.0232 beta  0.1000 
IOTA_Y     0.125   0.0253  0.0072 gamm  0.0500 
IOTA_DY    0.063   0.1521  0.0222 norm  0.0500 
VARKAPPA   0.155   0.0815  0.0190 unif  0.0837 
picbar     0.625   0.6653  0.0952 gamm  0.1000 
ctrend     0.400   0.7027  0.0626 norm  0.1000 

standard deviation of shocks
       prior mean     mode    s.d. prior pstdev

ea         0.100   0.4470  0.0383 invg  2.0000 
e_kq       0.100   0.2100  0.0286 invg  2.0000 
eg         0.100   2.2225  0.1668 invg  2.0000 
eqs        0.100   0.4820  0.1622 invg  2.0000 
em         0.100   0.0889  0.0083 invg  2.0000 
epinf      0.100   0.0443  0.0071 invg  2.0000 
ew         0.100   0.4508  0.0361 invg  2.0000 


Log data density [Laplace approximation] is -508.872758.

Estimation::mcmc: One Chain mode.
Estimation::mcmc: Initialization at the posterior mode.

Estimation::mcmc: Write details about the MCMC... Ok!
Estimation::mcmc: Details about the MCMC are available in VI16_BGG/metropolis\VI16_BGG_mh_history_0.mat


Estimation::mcmc: Number of mh files: 2 per block.
Estimation::mcmc: Total number of generated files: 2.
Estimation::mcmc: Total number of iterations: 500000.
Estimation::mcmc: Current acceptance ratio per chain: 
                                                       Chain  1: 35.3646%
Estimation::mcmc: Total number of MH draws per chain: 500000.
Estimation::mcmc: Total number of generated MH files: 2.
Estimation::mcmc: I'll use mh-files 1 to 2.
Estimation::mcmc: In MH-file number 1 I'll start at line 150001.
Estimation::mcmc: Finally I keep 350000 draws per chain.



MCMC Inefficiency factors per block
Parameter       Block 1
SE_ea           158.721
SE_e_kq         245.174
SE_eg           149.510
SE_eqs          630.515
SE_em           164.329
SE_epinf        173.897
SE_ew           145.321
RHO_A           175.257
RHO_EFP         195.216
RHO_G           208.820
RHO_X           509.708
RHO_MS          146.309
RHO_P           211.557
RHO_W           239.287
S_PRIMEP        358.637
H               192.121
SIGMA_W         151.327
SIGMAP          164.235
FCP             143.472
PPHI            167.712
SIGMA_WI        125.495
SIGMA_PI        178.473
ZETA            170.059
IOTA_PI         127.728
RHO_I           163.547
IOTA_Y          159.645
IOTA_DY         139.109
VARKAPPA        349.704
picbar          126.128
ctrend          137.378


Geweke (1992) Convergence Tests, based on means of draws 150000 to 220000 vs 325000 to 500000.
p-values are for Chi2-test for equality of means.
Parameter         Post. Mean        Post. Std   p-val No Taper   p-val 4% Taper   p-val 8% Taper  p-val 15% Taper
SE_ea                  0.467            0.041            0.000            0.171            0.164            0.165
SE_e_kq                0.234            0.035            0.000            0.782            0.773            0.748
SE_eg                  2.258            0.174            0.000            0.120            0.084            0.031
SE_eqs                 0.738            0.300            0.000            0.648            0.714            0.737
SE_em                  0.092            0.009            0.000            0.443            0.443            0.441
SE_epinf               0.047            0.008            0.982            0.999            0.999            0.999
SE_ew                  0.457            0.038            0.000            0.288            0.249            0.247
RHO_A                  0.972            0.012            0.000            0.235            0.252            0.236
RHO_EFP                0.970            0.014            0.000            0.770            0.781            0.789
RHO_G                  0.963            0.016            0.000            0.710            0.713            0.685
RHO_X                  0.958            0.036            0.000            0.092            0.112            0.122
RHO_MS                 0.501            0.079            0.000            0.683            0.676            0.660
RHO_P                  0.985            0.008            0.000            0.132            0.122            0.099
RHO_W                  0.063            0.037            0.018            0.888            0.896            0.897
S_PRIMEP               5.690            1.197            0.000            0.628            0.682            0.706
H                      0.554            0.064            0.000            0.397            0.441            0.463
SIGMA_W                0.743            0.029            0.004            0.801            0.787            0.753
SIGMAP                 0.862            0.018            0.006            0.836            0.848            0.853
FCP                    1.282            0.076            0.000            0.723            0.716            0.731
PPHI                   2.157            0.371            0.000            0.210            0.221            0.188
SIGMA_WI               0.381            0.134            0.000            0.611            0.577            0.483
SIGMA_PI               0.104            0.043            0.000            0.767            0.768            0.755
ZETA                   0.929            0.028            0.000            0.003            0.007            0.013
IOTA_PI                1.598            0.144            0.270            0.919            0.917            0.923
RHO_I                  0.856            0.024            0.000            0.707            0.709            0.695
IOTA_Y                 0.027            0.007            0.000            0.772            0.757            0.777
IOTA_DY                0.152            0.023            0.000            0.167            0.153            0.114
VARKAPPA               0.073            0.019            0.000            0.351            0.406            0.443
picbar                 0.672            0.091            0.000            0.670            0.664            0.616
ctrend                 0.682            0.058            0.000            0.093            0.089            0.099


Estimation::marginal density: I'm computing the posterior mean and covariance...  Done!
Estimation::marginal density: I'm computing the posterior log marginal density (modified harmonic mean)... Done!


ESTIMATION RESULTS

Log data density is -508.493296.

parameters
           prior mean   post. mean        90% HPD interval    prior       pstdev

RHO_A           0.500       0.9718      0.9538      0.9901   beta        0.2000
RHO_EFP         0.500       0.9697      0.9479      0.9924   beta        0.2000
RHO_G           0.500       0.9631      0.9389      0.9880   beta        0.2000
RHO_X           0.500       0.9568      0.9103      0.9988   beta        0.2000
RHO_MS          0.500       0.5010      0.3736      0.6332   beta        0.2000
RHO_P           0.500       0.9853      0.9739      0.9974   beta        0.2000
RHO_W           0.500       0.0636      0.0078      0.1156   beta        0.2000
S_PRIMEP        4.000       5.5983      3.5249      7.5451   norm        1.5000
H               0.700       0.5572      0.4528      0.6659   beta        0.1000
SIGMA_W         0.750       0.7421      0.6940      0.7902   beta        0.0500
SIGMAP          0.750       0.8619      0.8331      0.8914   beta        0.0500
FCP             1.450       1.2826      1.1590      1.4098   norm        0.1250
PPHI            0.330       2.1521      1.5494      2.7459   gamm        0.2500
SIGMA_WI        0.500       0.3797      0.1601      0.5981   beta        0.1500
SIGMA_PI        0.500       0.1044      0.0328      0.1689   beta        0.1500
ZETA            0.250       0.9287      0.8853      0.9736   beta        0.1500
IOTA_PI         1.700       1.6007      1.3610      1.8320   norm        0.1500
RHO_I           0.750       0.8558      0.8173      0.8948   beta        0.1000
IOTA_Y          0.125       0.0269      0.0147      0.0387   gamm        0.0500
IOTA_DY         0.063       0.1518      0.1149      0.1904   norm        0.0500
VARKAPPA        0.155       0.0713      0.0406      0.1025   unif        0.0837
picbar          0.625       0.6717      0.5212      0.8195   gamm        0.1000
ctrend          0.400       0.6812      0.5904      0.7796   norm        0.1000

standard deviation of shocks
           prior mean   post. mean        90% HPD interval    prior       pstdev

ea              0.100       0.4663      0.3982      0.5313   invg        2.0000
e_kq            0.100       0.2340      0.1780      0.2888   invg        2.0000
eg              0.100       2.2591      1.9704      2.5389   invg        2.0000
eqs             0.100       0.7814      0.3261      1.2811   invg        2.0000
em              0.100       0.0922      0.0773      0.1063   invg        2.0000
epinf           0.100       0.0476      0.0351      0.0595   invg        2.0000
ew              0.100       0.4573      0.3967      0.5206   invg        2.0000
Estimation::mcmc: Smoothed variables
Estimation::mcmc: Smoothed variables, done!
Estimation::mcmc: Smoothed shocks
Estimation::mcmc: Smoothed shocks, done!
Estimation::mcmc: Trend_coefficients
Estimation::mcmc: Trend_coefficients, done!
Estimation::mcmc: Smoothed constant
Estimation::mcmc: Smoothed constant, done!
Estimation::mcmc: Smoothed trend
Estimation::mcmc: Smoothed trend, done!
Estimation::mcmc: Updated Variables
Estimation::mcmc: Updated Variables, done!
Estimation::mcmc: Forecasted variables (mean)
Estimation::mcmc: Forecasted variables (mean), done!
Estimation::mcmc: Forecasted variables (point)
Estimation::mcmc: Forecasted variables (point), done!
Total computing time : 2h00m38s
