Starting Dynare (version 4.5.7).
Starting preprocessing of the model file ...
WARNING: QPM08.mod:138.1-94: ''unit_root_vars'' is now obsolete; use the ''diffuse_filter'' option of ''estimation'' instead
Substitution of endo leads >= 2: added 6 auxiliary variables and equations.
Substitution of endo lags >= 2: added 16 auxiliary variables and equations.
Found 49 equation(s).
Evaluating expressions...done
Computing static model derivatives:
 - order 1
Computing dynamic model derivatives:
 - order 1
 - order 2
Processing outputs ...
done
Preprocessing completed.

standard deviation of shocks
                                    prior mean     mode    s.d. prior pstdev

RES_unr_obs_GAP                         0.200   0.1537  0.0133 invg     Inf 
RES_unr_obs_BAR                         0.100   0.0370  0.0114 invg     Inf 
RES_UNR_G_US                            0.100   0.0518  0.0201 invg     Inf 
RES_Y_US                                0.250   0.5604  0.0365 invg     Inf 
RES_gdpl_rgd_obs_BAR                    0.050   0.0587  0.0000 invg     Inf 
RES_G_US                                0.100   0.2869  0.0739 invg     Inf 
RES_PIE_US                              0.700   1.3644  0.0779 invg     Inf 
RES_ffr_obs                             0.700   0.9571  0.0557 invg     Inf 
RES_RR_US_BAR                           0.200   0.0912  0.0368 invg     Inf 
RES_blt_obs                             0.400   0.7919  0.2480 invg     Inf 
RES_blt_obs_BAR                         0.200   0.2334  0.0000 invg     Inf 

correlation of shocks
                                    prior mean     mode    s.d. prior pstdev

RES_Y_US,RES_G_US                       0.250   0.2419  0.1111 beta  0.1000 
RES_gdpl_rgd_obs_BAR,RES_PIE_US         0.050   0.0480  0.0211 beta  0.0200 


Log data density [Laplace approximation] is -536.717938.


Configuring Dynare ...
[mex] Generalized QZ.
[mex] Sylvester equation solution.
[mex] Kronecker products.
[mex] Sparse kronecker products.
[mex] Local state space iteration (second order).
[mex] Bytecode evaluation.
[mex] k-order perturbation solver.
[mex] k-order solution simulation.
[mex] Quasi Monte-Carlo sequence (Sobol).
[mex] Markov Switching SBVAR.

Using 64-bit preprocessor
Starting Dynare (version 4.5.7).
Starting preprocessing of the model file ...
WARNING: QPM08.mod:138.1-94: ''unit_root_vars'' is now obsolete; use the ''diffuse_filter'' option of ''estimation'' instead
Substitution of endo leads >= 2: added 6 auxiliary variables and equations.
Substitution of endo lags >= 2: added 16 auxiliary variables and equations.
Found 49 equation(s).
Evaluating expressions...done
Computing static model derivatives:
 - order 1
Computing dynamic model derivatives:
 - order 1
 - order 2
Processing outputs ...
done
Preprocessing completed.


STEADY-STATE RESULTS:

RR_US             		 1.8456
RR_US_BAR         		 1.8456
unr_obs           		 6.525
unr_obs_GAP       		 0
unr_obs_BAR       		 6.525
PIE_US            		 2.5
PIE_US4           		 2.5
Y_US              		 0
gdpl_rgd_obs      		 895.093
gdpl_rgd_obs_BAR  		 895.093
ffr_obs           		 1.0864
G_US              		 2.7599
cpil_obs          		 498.924
E4_PIE_US4        		 2.5
E1_Y_US           		 0
E1_PIE_US         		 2.5
UNR_G_US          		 0
GROWTH_US         		 2.7599
GROWTH4_US        		 2.7599
GROWTH4_US_BAR    		 2.7599
blt_obs           		 -8.87
blt_obs_BAR       		 -8.87
E                 		 0
E2                		 0
GROWTH_US_BAR     		 2.7599
RR_US_GAP         		 0
blt_obs_GAP       		 0

EIGENVALUES:
         Modulus             Real        Imaginary

               0               -0                0
               0               -0                0
               0               -0                0
               0                0                0
               0               -0                0
               0               -0                0
               0               -0                0
       1.235e-18        1.235e-18                0
       1.942e-18        1.942e-18                0
       2.211e-18        2.211e-18                0
       5.884e-18       -5.884e-18                0
       6.471e-18       -6.471e-18                0
       6.883e-18        6.883e-18                0
       1.077e-17        1.077e-17                0
       1.239e-17        1.239e-17                0
       3.545e-17       -3.545e-17                0
       8.732e-17       -8.732e-17                0
             0.1              0.1                0
          0.4822          -0.4822                0
          0.5118         -0.05828           0.5085
          0.5118         -0.05828          -0.5085
          0.6648           0.6648                0
          0.6992           0.6992                0
          0.7796           0.7796                0
             0.9              0.9                0
           0.951           0.9252           0.2203
           0.951           0.9252          -0.2203
               1                1                0
               1                1                0
               1                1                0
               1                1                0
           1.156            1.156                0
           1.718          -0.2063            1.706
           1.718          -0.2063           -1.706
           1.824           -1.824                0
           7.308            7.308                0
       3.137e+04        1.568e+04        2.717e+04
       3.137e+04        1.568e+04       -2.717e+04
       3.137e+04       -3.137e+04                0
             Inf              Inf                0


There are 9 eigenvalue(s) larger than 1 in modulus 
for 9 forward-looking variable(s)

The rank condition is verified.

Initial value of the log posterior (or likelihood): -1266.5124
                                            First-order      Norm of
 Iter F-count            f(x)  Feasibility   optimality         step
    0      31    1.266512e+03    0.000e+00    2.511e+03
Objective function returned Inf; trying a new point...
    1      65    1.097518e+03    0.000e+00    8.581e+02    5.616e+00
    2      96    1.003262e+03    0.000e+00    2.806e+03    5.431e-01
    3     128    8.623880e+02    0.000e+00    8.566e+02    2.180e+00
    4     160    8.518441e+02    0.000e+00    1.379e+03    9.340e-01
    5     193    8.407512e+02    0.000e+00    9.060e+02    4.833e-01
    6     224    8.219903e+02    0.000e+00    1.893e+03    3.856e-01
    7     256    7.901288e+02    0.000e+00    1.534e+03    2.304e+00
    8     288    7.425292e+02    0.000e+00    1.974e+03    2.301e+00
    9     320    7.117016e+02    0.000e+00    2.070e+03    1.165e+00
   10     352    7.020421e+02    0.000e+00    1.218e+03    1.145e+00
   11     384    6.749163e+02    0.000e+00    8.776e+02    8.184e-01
   12     415    6.731598e+02    0.000e+00    6.650e+03    9.308e-01
   13     448    6.682915e+02    0.000e+00    2.781e+03    1.870e-01
   14     479    6.605813e+02    0.000e+00    3.043e+03    9.056e-01
   15     511    6.553623e+02    0.000e+00    2.448e+03    1.086e-01
   16     544    6.493507e+02    0.000e+00    6.923e+02    2.254e-01
   17     576    6.411808e+02    0.000e+00    6.254e+02    4.229e-01
   18     608    6.308497e+02    0.000e+00    5.753e+02    5.676e-01
   19     640    6.291722e+02    0.000e+00    5.100e+02    2.773e-01
   20     673    6.239050e+02    0.000e+00    6.054e+02    3.237e-01
   21     705    6.136785e+02    0.000e+00    3.965e+02    5.753e-01
   22     737    6.082965e+02    0.000e+00    3.957e+02    3.055e-01
   23     769    6.059001e+02    0.000e+00    3.608e+02    9.891e-02
   24     802    6.046313e+02    0.000e+00    3.503e+02    9.187e-01
   25     834    6.003422e+02    0.000e+00    3.259e+02    1.103e-01
   26     866    5.947701e+02    0.000e+00    3.210e+02    3.223e-01
   27     898    5.906712e+02    0.000e+00    3.222e+02    1.261e-01
   28     930    5.869042e+02    0.000e+00    2.609e+02    2.168e-01
   29     962    5.813938e+02    0.000e+00    2.050e+02    3.247e-01
   30     994    5.720303e+02    0.000e+00    1.393e+02    5.084e-01

                                            First-order      Norm of
 Iter F-count            f(x)  Feasibility   optimality         step
   31    1026    5.676332e+02    0.000e+00    1.068e+02    4.012e-01
   32    1057    5.504030e+02    0.000e+00    3.302e+02    3.402e+00
   33    1088    5.497925e+02    0.000e+00    5.198e+03    9.496e-01
   34    1121    5.322759e+02    0.000e+00    1.138e+03    5.346e-01
   35    1153    5.232768e+02    0.000e+00    8.104e+02    6.079e-01
   36    1185    5.171474e+02    0.000e+00    4.554e+02    4.394e-01
   37    1217    5.122946e+02    0.000e+00    4.492e+02    7.040e-01
   38    1250    5.079753e+02    0.000e+00    5.152e+02    4.014e-01
   39    1282    5.052818e+02    0.000e+00    5.273e+02    7.032e-01
   40    1315    5.010936e+02    0.000e+00    4.470e+02    3.194e-01
   41    1347    4.996709e+02    0.000e+00    4.039e+02    1.070e+00
   42    1379    4.987073e+02    0.000e+00    3.470e+02    5.269e-01
   43    1412    4.979484e+02    0.000e+00    2.444e+02    8.526e-01
   44    1444    4.959915e+02    0.000e+00    2.648e+02    7.862e-01
   45    1476    4.916057e+02    0.000e+00    2.768e+02    4.807e-01
   46    1509    4.906760e+02    0.000e+00    2.640e+02    4.851e-01
   47    1542    4.884084e+02    0.000e+00    2.656e+02    8.336e-01
   48    1575    4.878102e+02    0.000e+00    2.558e+02    3.561e-01
   49    1608    4.862787e+02    0.000e+00    2.181e+02    2.064e-01
   50    1642    4.860733e+02    0.000e+00    2.127e+02    9.755e-02
   51    1675    4.860583e+02    0.000e+00    1.656e+02    2.042e-01
   52    1706    4.838963e+02    0.000e+00    1.618e+02    2.064e-01
   53    1738    4.836651e+02    0.000e+00    1.587e+02    6.647e-02
   54    1771    4.832296e+02    0.000e+00    1.346e+02    3.426e-01
   55    1802    4.811441e+02    0.000e+00    1.169e+02    3.051e-01
   56    1833    4.779181e+02    0.000e+00    5.698e+01    9.113e-01
   57    1864    4.751897e+02    0.000e+00    6.230e+01    1.229e+00
   58    1895    4.724712e+02    0.000e+00    4.526e+01    1.842e-01
   59    1926    4.710658e+02    0.000e+00    5.853e+01    8.040e-01
   60    1957    4.702321e+02    0.000e+00    4.399e+01    4.243e-01

                                            First-order      Norm of
 Iter F-count            f(x)  Feasibility   optimality         step
   61    1988    4.695853e+02    0.000e+00    4.448e+01    1.752e-01
   62    2019    4.687418e+02    0.000e+00    4.484e+01    3.682e-01
   63    2050    4.678471e+02    0.000e+00    4.375e+01    1.270e-01
   64    2081    4.660932e+02    0.000e+00    4.403e+01    2.030e-01
   65    2112    4.657538e+02    0.000e+00    4.420e+01    2.713e-01
   66    2143    4.655012e+02    0.000e+00    4.452e+01    7.694e-02
   67    2174    4.653285e+02    0.000e+00    4.451e+01    5.179e-02
   68    2205    4.649401e+02    0.000e+00    4.467e+01    1.484e-01
   69    2236    4.644428e+02    0.000e+00    4.483e+01    1.389e-01
   70    2267    4.639501e+02    0.000e+00    4.502e+01    1.080e-01
   71    2298    4.636270e+02    0.000e+00    4.492e+01    1.524e-01
   72    2329    4.635147e+02    0.000e+00    4.473e+01    5.483e-02
   73    2360    4.634008e+02    0.000e+00    4.476e+01    6.963e-02
   74    2391    4.633601e+02    0.000e+00    4.470e+01    3.199e-02
   75    2422    4.632922e+02    0.000e+00    4.466e+01    4.443e-02
   76    2453    4.631964e+02    0.000e+00    4.450e+01    5.504e-02
   77    2484    4.629968e+02    0.000e+00    4.410e+01    9.053e-02
   78    2515    4.626642e+02    0.000e+00    4.287e+01    1.414e-01
   79    2546    4.623475e+02    0.000e+00    3.978e+01    1.370e-01
   80    2578    4.622339e+02    0.000e+00    3.834e+01    8.732e-02
   81    2609    4.620581e+02    0.000e+00    3.823e+01    5.697e-02
   82    2640    4.618371e+02    0.000e+00    3.734e+01    7.284e-02
   83    2671    4.617514e+02    0.000e+00    3.728e+01    2.768e-02
   84    2702    4.616477e+02    0.000e+00    3.617e+01    3.321e-02
   85    2733    4.615712e+02    0.000e+00    3.525e+01    6.829e-02
   86    2764    4.615317e+02    0.000e+00    3.410e+01    4.624e-02
   87    2795    4.615105e+02    0.000e+00    3.379e+01    2.065e-02
   88    2826    4.615046e+02    0.000e+00    3.327e+01    1.023e-02
   89    2857    4.614890e+02    0.000e+00    3.219e+01    1.094e-02
   90    2888    4.614444e+02    0.000e+00    2.822e+01    2.460e-02

                                            First-order      Norm of
 Iter F-count            f(x)  Feasibility   optimality         step
   91    2919    4.613769e+02    0.000e+00    1.972e+01    3.359e-02
   92    2950    4.612957e+02    0.000e+00    1.142e+01    3.443e-02
   93    2981    4.612440e+02    0.000e+00    8.998e+00    1.316e-02
   94    3012    4.612168e+02    0.000e+00    7.942e+00    1.504e-02
   95    3043    4.612011e+02    0.000e+00    7.154e+00    7.236e-03
   96    3074    4.611742e+02    0.000e+00    5.994e+00    1.195e-02
   97    3105    4.611638e+02    0.000e+00    7.732e+00    6.456e-03
   98    3136    4.611616e+02    0.000e+00    8.625e+00    3.503e-03
   99    3167    4.611617e+02    0.000e+00    8.488e+00    8.501e-04
  100    3198    4.611612e+02    0.000e+00    7.948e+00    1.565e-03
  101    3229    4.611597e+02    0.000e+00    6.956e+00    3.026e-03
  102    3260    4.611545e+02    0.000e+00    5.002e+00    1.070e-02
  103    3291    4.611451e+02    0.000e+00    4.737e+00    2.096e-02
  104    3322    4.611341e+02    0.000e+00    3.350e+00    2.772e-02
  105    3353    4.611284e+02    0.000e+00    1.557e+00    1.538e-02
  106    3384    4.611267e+02    0.000e+00    8.132e-01    4.874e-03
  107    3415    4.611266e+02    0.000e+00    5.859e-01    1.095e-03
  108    3446    4.611124e+02    0.000e+00    1.646e+00    3.046e-02
  109    3477    4.611119e+02    0.000e+00    1.893e+00    2.640e-03
  110    3508    4.611118e+02    0.000e+00    1.682e+00    1.117e-03
  111    3539    4.611117e+02    0.000e+00    1.510e+00    4.586e-04
  112    3570    4.611116e+02    0.000e+00    1.277e+00    5.718e-04
  113    3601    4.611112e+02    0.000e+00    1.071e+00    1.564e-03
  114    3632    4.611104e+02    0.000e+00    9.150e-01    4.517e-03
  115    3663    4.611095e+02    0.000e+00    5.609e-01    8.457e-03
  116    3694    4.611089e+02    0.000e+00    3.216e-01    8.411e-03
  117    3725    4.611088e+02    0.000e+00    1.905e-01    3.205e-03
  118    3756    4.611089e+02    0.000e+00    1.782e-01    3.516e-04
  119    3787    4.611089e+02    0.000e+00    1.718e-01    2.165e-04
  120    3818    4.611089e+02    0.000e+00    1.665e-01    1.141e-04

                                            First-order      Norm of
 Iter F-count            f(x)  Feasibility   optimality         step
  121    3850    4.611089e+02    0.000e+00    1.599e-01    1.014e-04
  122    3881    4.611089e+02    0.000e+00    1.601e-01    5.909e-05
  123    3912    4.611089e+02    0.000e+00    1.605e-01    3.007e-04
  124    3943    4.611089e+02    0.000e+00    1.355e-01    2.403e-04
  125    3974    4.611089e+02    0.000e+00    7.812e-02    5.269e-04
  126    4005    4.611089e+02    0.000e+00    5.051e-02    1.564e-04
  127    4036    4.611089e+02    0.000e+00    3.338e-02    7.966e-05
  128    4067    4.611089e+02    0.000e+00    3.044e-02    3.352e-04
  129    4098    4.611089e+02    0.000e+00    3.065e-02    7.457e-05
  130    4129    4.611089e+02    0.000e+00    2.127e-02    1.571e-04
  131    4160    4.611082e+02    0.000e+00    5.881e-02    2.380e-03
  132    4191    4.611082e+02    0.000e+00    3.472e-02    5.526e-04
  133    4222    4.611081e+02    0.000e+00    1.419e-02    2.837e-04
  134    4253    4.611081e+02    0.000e+00    1.126e-02    1.912e-04
  135    4286    4.611081e+02    0.000e+00    9.959e-03    2.048e-04
  136    4317    4.611081e+02    0.000e+00    1.046e-02    3.339e-04
  137    4348    4.611081e+02    0.000e+00    1.039e-02    1.999e-04
  138    4381    4.611081e+02    0.000e+00    8.110e-03    1.256e-04
  139    4412    4.611081e+02    0.000e+00    5.136e-03    5.154e-05
  140    4444    4.611081e+02    0.000e+00    6.463e-03    7.936e-05
  141    4478    4.611081e+02    0.000e+00    4.000e-03    1.265e-05
  142    4509    4.611081e+02    0.000e+00    1.613e-02    7.591e-04
  143    4540    4.611081e+02    0.000e+00    1.015e-02    1.128e-04
  144    4571    4.611081e+02    0.000e+00    5.203e-03    6.029e-05
  145    4609    4.611081e+02    0.000e+00    1.495e-03    1.406e-05
  146    4641    4.611081e+02    0.000e+00    3.879e-03    8.115e-06
  147    4676    4.611081e+02    0.000e+00    2.360e-03    2.824e-05
  148    4707    4.611081e+02    0.000e+00    6.285e-03    2.116e-05
  149    4744    4.611081e+02    0.000e+00    1.082e-03    2.005e-05
  150    4777    4.611081e+02    0.000e+00    1.361e-02    1.022e-04

                                            First-order      Norm of
 Iter F-count            f(x)  Feasibility   optimality         step
  151    4808    4.611081e+02    0.000e+00    3.816e-02    1.096e-04
  152    4839    4.611081e+02    0.000e+00    1.362e-02    1.365e-04
  153    4870    4.611081e+02    0.000e+00    2.088e-02    1.045e-04
  154    4901    4.611081e+02    0.000e+00    5.370e-03    4.066e-05
  155    4934    4.611081e+02    0.000e+00    5.616e-03    6.428e-06
  156    4967    4.611081e+02    0.000e+00    4.168e-03    8.318e-06
  157    5005    4.611081e+02    0.000e+00    1.274e-03    6.381e-06
  158    5037    4.611081e+02    0.000e+00    3.201e-03    2.597e-06
  159    5072    4.611081e+02    0.000e+00    2.197e-03    8.309e-06
  160    5104    4.611081e+02    0.000e+00    5.125e-03    1.156e-05
  161    5136    4.611081e+02    0.000e+00    5.028e-03    1.007e-05
  162    5169    4.611081e+02    0.000e+00    4.502e-03    7.899e-06
  163    5201    4.611081e+02    0.000e+00    4.130e-03    7.291e-06
  164    5234    4.611081e+02    0.000e+00    2.441e-03    1.299e-05
  165    5265    4.611081e+02    0.000e+00    3.536e-03    1.204e-05
  166    5296    4.611081e+02    0.000e+00    3.887e-03    6.382e-06
  167    5328    4.611081e+02    0.000e+00    3.498e-03    9.490e-06
  168    5359    4.611081e+02    0.000e+00    4.224e-03    1.090e-05
  169    5397    4.611081e+02    0.000e+00    1.216e-03    3.677e-06
  170    5429    4.611081e+02    0.000e+00    5.528e-03    3.103e-06
  171    5463    4.611081e+02    0.000e+00    3.286e-03    1.917e-06

<a href = "matlab: helpview([docroot '/toolbox/optim/msg_csh/optim_msg_csh.map'],'local_min_poss_with_constr','CSHelpWindow');">Local minimum possible. Constraints satisfied</a>.

fmincon stopped because the <a href = "matlab: helpview([docroot '/toolbox/optim/msg_csh/optim_msg_csh.map'],'norm_curr_step_simple_fminconip','CSHelpWindow');">size of the current step</a> is less than
the value of the <a href = "matlab: helpview([docroot '/toolbox/optim/msg_csh/optim_msg_csh.map'],'step_size_tol','CSHelpWindow');">step size tolerance</a> and constraints are 
satisfied to within the value of the <a href = "matlab: helpview([docroot '/toolbox/optim/msg_csh/optim_msg_csh.map'],'constraint_tolerance','CSHelpWindow');">constraint tolerance</a>.

<<a href = "matlab: createExitMsg({'optimlib:sqpLineSearch:Exit2basic','fmincon'},{'optimlib:sqpLineSearch:Exit2detailed','1.000000e-06','0.000000e+00','1.000000e-06'},true,true);;">stopping criteria details</a>>

Final value of minus the log posterior (or likelihood):461.108112 

MODE CHECK

Fval obtained by the minimization routine (minus the posterior/likelihood)): 461.108112

RESULTS FROM POSTERIOR ESTIMATION
parameters
                                    prior mean     mode    s.d. prior pstdev

alpha_us1                               0.800   0.6654  0.0472 beta  0.1000 
alpha_us2                               0.300   0.1970  0.0186 gamm  0.2000 
alpha_us3                               0.500   0.6000  0.1332 beta  0.2000 
growth_us_ss                            2.500   2.7767  0.2156 norm  0.2500 
rr_us_bar_ss                            2.000   1.8637  0.1711 norm  0.2000 
rho_us                                  0.900   0.9242  0.0461 beta  0.0500 
tau_us                                  0.100   0.1087  0.0492 beta  0.0500 
beta_us1                                0.750   0.6903  0.0464 gamm  0.1000 
beta_us2                                0.150   0.0318  0.0347 beta  0.1000 
beta_us3                                0.200   0.0873  0.0191 gamm  0.0500 
lambda_us1                              0.500   0.3257  0.0431 beta  0.1000 
lambda_us2                              0.250   0.2379  0.0407 gamm  0.0500 
gamma_us1                               0.500   0.7528  0.0231 beta  0.0500 
gamma_us2                               0.500   0.1429  0.0792 gamm  0.3000 
gamma_us4                               0.200   0.2142  0.0542 gamm  0.0500 
kappa_us                               20.000  19.7717  0.4928 gamm  0.5000 
theta                                   1.000   1.6134  0.5832 gamm  0.5000 

standard deviation of shocks
                                    prior mean     mode    s.d. prior pstdev

RES_unr_obs_GAP                         0.200   0.0946  0.0312 invg     Inf 
RES_unr_obs_BAR                         0.100   0.0462  0.0189 invg     Inf 
RES_UNR_G_US                            0.100   0.1459  0.0314 invg     Inf 
RES_Y_US                                0.250   0.5776  0.0427 invg     Inf 
RES_gdpl_rgd_obs_BAR                    0.050   0.0230  0.0094 invg     Inf 
RES_G_US                                0.100   0.4363  0.1372 invg     Inf 
RES_PIE_US                              0.700   1.3914  0.0812 invg     Inf 
RES_ffr_obs                             0.700   0.9561  0.0551 invg     Inf 
RES_RR_US_BAR                           0.200   0.0927  0.0383 invg     Inf 
RES_blt_obs                             0.400   0.7421  0.2587 invg     Inf 
RES_blt_obs_BAR                         0.200   0.0921  0.0376 invg     Inf 

correlation of shocks
                                    prior mean     mode    s.d. prior pstdev

RES_Y_US,RES_G_US                       0.250   0.2807  0.1226 beta  0.1000 
RES_gdpl_rgd_obs_BAR,RES_PIE_US         0.050   0.0417  0.0185 beta  0.0200 


Log data density [Laplace approximation] is -523.178917.

Estimation::mcmc: One Chain mode.
Estimation::mcmc: Initialization at the posterior mode.

Estimation::mcmc: Write details about the MCMC... Ok!
Estimation::mcmc: Details about the MCMC are available in QPM08/metropolis\QPM08_mh_history_0.mat


Estimation::mcmc: Number of mh files: 2 per block.
Estimation::mcmc: Total number of generated files: 2.
Estimation::mcmc: Total number of iterations: 500000.
Estimation::mcmc: Current acceptance ratio per chain: 
                                                       Chain  1: 28.0902%
Estimation::mcmc: Total number of MH draws per chain: 500000.
Estimation::mcmc: Total number of generated MH files: 2.
Estimation::mcmc: I'll use mh-files 1 to 2.
Estimation::mcmc: In MH-file number 1 I'll start at line 200001.
Estimation::mcmc: Finally I keep 300000 draws per chain.



MCMC Inefficiency factors per block
Parameter                                Block 1
SE_RES_unr_obs_GAP                       187.333
SE_RES_unr_obs_BAR                       364.063
SE_RES_UNR_G_US                          331.156
SE_RES_Y_US                              460.543
SE_RES_gdpl_rgd_obs_BAR                  704.360
SE_RES_G_US                              265.752
SE_RES_PIE_US                            190.492
SE_RES_ffr_obs                           553.235
SE_RES_RR_US_BAR                         715.041
SE_RES_blt_obs                           459.469
SE_RES_blt_obs_BAR                       643.972
CC_RES_Y_US_RES_G_US                     132.168
CC_RES_gdpl_rgd_obs_BAR_RES_PIE_US       158.037
alpha_us1                                326.856
alpha_us2                                503.664
alpha_us3                                370.134
growth_us_ss                             128.704
rr_us_bar_ss                             178.963
rho_us                                   489.736
tau_us                                   319.506
beta_us1                                 391.029
beta_us2                                 534.617
beta_us3                                 413.252
lambda_us1                               310.854
lambda_us2                               205.225
gamma_us1                                527.820
gamma_us2                                242.896
gamma_us4                                139.943
kappa_us                                 176.057
theta                                    415.986


Geweke (1992) Convergence Tests, based on means of draws 200000 to 260000 vs 350000 to 500000.
p-values are for Chi2-test for equality of means.
Parameter                                  Post. Mean        Post. Std   p-val No Taper   p-val 4% Taper   p-val 8% Taper  p-val 15% Taper
SE_RES_unr_obs_GAP                              0.093            0.020            0.000            0.135            0.122            0.126
SE_RES_unr_obs_BAR                              0.070            0.028            0.000            0.019            0.024            0.030
SE_RES_UNR_G_US                                 0.081            0.032            0.000            0.631            0.621            0.648
SE_RES_Y_US                                     0.356            0.093            0.000            0.573            0.627            0.656
SE_RES_gdpl_rgd_obs_BAR                         0.453            0.161            0.000            0.514            0.586            0.596
SE_RES_G_US                                     0.178            0.196            0.000            0.277            0.315            0.310
SE_RES_PIE_US                                   1.396            0.084            0.000            0.453            0.443            0.417
SE_RES_ffr_obs                                  0.496            0.155            0.000            0.394            0.458            0.519
SE_RES_RR_US_BAR                                2.411            0.495            0.106            0.974            0.980            0.983
SE_RES_blt_obs                                  0.523            0.258            0.000            0.059            0.061            0.035
SE_RES_blt_obs_BAR                              0.168            0.113            0.000            0.612            0.654            0.652
CC_RES_Y_US_RES_G_US                            0.253            0.101            0.000            0.015            0.019            0.024
CC_RES_gdpl_rgd_obs_BAR_RES_PIE_US              0.045            0.018            0.012            0.842            0.829            0.811
alpha_us1                                       0.577            0.067            0.000            0.785            0.813            0.830
alpha_us2                                       0.285            0.044            0.000            0.635            0.683            0.715
alpha_us3                                       0.458            0.180            0.055            0.938            0.942            0.943
growth_us_ss                                    2.877            0.181            0.000            0.072            0.070            0.046
rr_us_bar_ss                                    1.877            0.175            0.000            0.104            0.136            0.099
rho_us                                          0.649            0.103            0.000            0.261            0.319            0.335
tau_us                                          0.107            0.053            0.000            0.003            0.002            0.002
beta_us1                                        0.650            0.059            0.000            0.413            0.440            0.399
beta_us2                                        0.187            0.089            0.000            0.474            0.504            0.493
beta_us3                                        0.127            0.029            0.000            0.333            0.435            0.513
lambda_us1                                      0.361            0.058            0.000            0.132            0.174            0.156
lambda_us2                                      0.219            0.042            0.000            0.326            0.328            0.272
gamma_us1                                       0.679            0.039            0.000            0.318            0.385            0.414
gamma_us2                                       0.252            0.092            0.000            0.505            0.541            0.567
gamma_us4                                       0.203            0.050            0.000            0.416            0.420            0.391
kappa_us                                       19.911            0.500            0.000            0.724            0.752            0.777
theta                                           1.429            0.536            0.000            0.031            0.045            0.036


Estimation::marginal density: I'm computing the posterior mean and covariance...  Done!
Estimation::marginal density: I'm computing the posterior log marginal density (modified harmonic mean)... Done!


ESTIMATION RESULTS

Log data density is -507.351459.

parameters
                                        prior mean   post. mean        90% HPD interval    prior       pstdev

alpha_us1                                    0.800       0.5637      0.4670      0.6634   beta        0.1000
alpha_us2                                    0.300       0.2955      0.2345      0.3532   gamm        0.2000
alpha_us3                                    0.500       0.4455      0.1425      0.7214   beta        0.2000
growth_us_ss                                 2.500       2.8937      2.6249      3.1602   norm        0.2500
rr_us_bar_ss                                 2.000       1.8819      1.5936      2.1717   norm        0.2000
rho_us                                       0.900       0.6357      0.4829      0.7894   beta        0.0500
tau_us                                       0.100       0.1023      0.0206      0.1774   beta        0.0500
beta_us1                                     0.750       0.6475      0.5474      0.7432   gamm        0.1000
beta_us2                                     0.150       0.2029      0.0560      0.3459   beta        0.1000
beta_us3                                     0.200       0.1275      0.0803      0.1719   gamm        0.0500
lambda_us1                                   0.500       0.3649      0.2699      0.4619   beta        0.1000
lambda_us2                                   0.250       0.2181      0.1522      0.2841   gamm        0.0500
gamma_us1                                    0.500       0.6750      0.6132      0.7366   beta        0.0500
gamma_us2                                    0.500       0.2592      0.1101      0.4072   gamm        0.3000
gamma_us4                                    0.200       0.1999      0.1185      0.2759   gamm        0.0500
kappa_us                                    20.000      19.9144     19.0919     20.7491   gamm        0.5000
theta                                        1.000       1.4367      0.5945      2.2364   gamm        0.5000

standard deviation of shocks
                                        prior mean   post. mean        90% HPD interval    prior       pstdev

RES_unr_obs_GAP                              0.200       0.0920      0.0608      0.1240   invg           Inf
RES_unr_obs_BAR                              0.100       0.0700      0.0279      0.1130   invg           Inf
RES_UNR_G_US                                 0.100       0.0759      0.0328      0.1205   invg           Inf
RES_Y_US                                     0.250       0.3329      0.2141      0.4507   invg           Inf
RES_gdpl_rgd_obs_BAR                         0.050       0.5104      0.4005      0.6116   invg           Inf
RES_G_US                                     0.100       0.1162      0.0231      0.2502   invg           Inf
RES_PIE_US                                   0.700       1.3942      1.2544      1.5308   invg           Inf
RES_ffr_obs                                  0.700       0.4790      0.2661      0.6848   invg           Inf
RES_RR_US_BAR                                0.200       2.4926      2.0423      2.9831   invg           Inf
RES_blt_obs                                  0.400       0.4859      0.1598      0.8056   invg           Inf
RES_blt_obs_BAR                              0.200       0.1756      0.0474      0.3338   invg           Inf

correlation of shocks
                                        prior mean   post. mean        90% HPD interval    prior       pstdev

RES_Y_US,RES_G_US                            0.250       0.2448      0.0829      0.3945   beta        0.1000
RES_gdpl_rgd_obs_BAR,RES_PIE_US              0.050       0.0440      0.0158      0.0707   beta        0.0200
Estimation::mcmc: Posterior (dsge) IRFs...
Estimation::mcmc: Posterior IRFs, done!
Estimation::mcmc: Smoothed variables
Estimation::mcmc: Smoothed variables, done!
Estimation::mcmc: Smoothed shocks
Estimation::mcmc: Smoothed shocks, done!
Estimation::mcmc: Trend_coefficients
Estimation::mcmc: Trend_coefficients, done!
Estimation::mcmc: Smoothed constant
Estimation::mcmc: Smoothed constant, done!
Estimation::mcmc: Smoothed trend
Estimation::mcmc: Smoothed trend, done!
Estimation::mcmc: Updated Variables
Estimation::mcmc: Updated Variables, done!
Estimation::mcmc: Forecasted variables (mean)
Estimation::mcmc: Forecasted variables (mean), done!
Estimation::mcmc: Forecasted variables (point)
Estimation::mcmc: Forecasted variables (point), done!
Total computing time : 1h58m50s
Note: 1 warning(s) encountered in the preprocessor
