Starting preprocessing of the model file ...
Found 16 equation(s).
Evaluating expressions...done
Computing static model derivatives (order 1).
Computing dynamic model derivatives (order 2).
Processing outputs ...
done
Preprocessing completed.
Initial value of the log posterior (or likelihood): -414.5351
-----------------
f at the beginning of new iteration,       414.5350503765
Predicted improvement:  1071491.513046485
lambda =          1; f =          414.7592139
lambda =    0.33333; f =          414.5582980
lambda =    0.11111; f =          414.5371319
lambda =   0.037037; f =          414.5351613
lambda =   0.012346; f =          603.5069486
lambda =  0.0041152; f =          398.8261165
lambda =  0.0013717; f =          238.7316837
lambda = 0.00045725; f =          175.2739466
lambda = 0.00015242; f =          236.9688857
Norm of dx     14.639
----
Improvement on iteration 1 =      239.261103755
-----------------
f at the beginning of new iteration,       175.2739466213
Predicted improvement:     8378.804821484
lambda =          1; f =          176.3603627
lambda =    0.33333; f =          175.3899211
lambda =    0.11111; f =          175.2853250
lambda =   0.037037; f =          175.2747802
lambda =   0.012346; f =          175.2739611
lambda =  0.0041152; f =          145.8250622
Norm of dx     1.2996
----
Improvement on iteration 2 =       29.448884465
-----------------
f at the beginning of new iteration,       145.8250621560
Predicted improvement:     2821.971013174
lambda =          1; f =          146.5611076
lambda =    0.33333; f =          145.9045488
lambda =    0.11111; f =          145.8331536
lambda =   0.037037; f =          145.8257394
lambda =   0.012346; f =          145.8250870
lambda =  0.0041152; f =          144.4679388
lambda =  0.0013717; f =          139.1427977
lambda =  0.0026518; f =          136.5015354
Norm of dx    0.86519
----
Improvement on iteration 3 =        9.323526714
-----------------
f at the beginning of new iteration,       136.5015354421
Predicted improvement:      315.659831732
lambda =          1; f =          136.5608406
lambda =    0.33333; f =          136.5077495
lambda =    0.11111; f =          136.5021088
lambda =   0.037037; f =          136.5015681
lambda =   0.012346; f =          136.5015355
lambda =  0.0041152; f =          135.1810007
Norm of dx    0.25888
----
Improvement on iteration 4 =        1.320534721
-----------------
f at the beginning of new iteration,       135.1810007207
Predicted improvement:      132.477829035
lambda =          1; f =          135.2080443
lambda =    0.33333; f =          135.1838310
lambda =    0.11111; f =          135.1812607
lambda =   0.037037; f =          135.1810149
lambda =   0.012346; f =          139.8283883
lambda =  0.0041152; f =          134.3942689
lambda =  0.0079555; f =          134.7062406
lambda =  0.0053568; f =          134.3310386
Norm of dx    0.17305
----
Improvement on iteration 5 =        0.849962108
-----------------
f at the beginning of new iteration,       134.3310386122
Predicted improvement:       33.546360136
lambda =          1; f =          130.2832463
lambda =    0.33333; f =          122.8059585
Norm of dx   0.037391
----
Improvement on iteration 6 =       11.525080130
-----------------
f at the beginning of new iteration,       122.8059584817
Predicted improvement:        4.382959019
lambda =          1; f =          115.0342332
lambda =     1.9332; f =          109.6053790
lambda =     3.7372; f =          104.5106736
Norm of dx    0.03178
----
Improvement on iteration 7 =       18.295284924
-----------------
f at the beginning of new iteration,       104.5106735576
Predicted improvement:       18.357419547
lambda =          1; f =           87.0051273
Norm of dx    0.15774
----
Improvement on iteration 8 =       17.505546265
-----------------
f at the beginning of new iteration,        87.0051272923
Predicted improvement:        4.957965918
lambda =          1; f =           77.3280356
lambda =     1.9332; f =           68.7449714
lambda =     3.7372; f =           55.8280570
lambda =     7.2247; f =           87.0051275
lambda =     4.8647; f =           60.8420829
Norm of dx   0.051526
----
Improvement on iteration 9 =       31.177070263
-----------------
f at the beginning of new iteration,        55.8280570294
Predicted improvement:        7.056432220
lambda =          1; f =          366.8243814
lambda =    0.33333; f =           56.0854722
lambda =    0.11111; f =           54.6476353
lambda =     0.2148; f =           54.4860827
Norm of dx    0.14364
----
Improvement on iteration 10 =        1.341974304
-----------------
f at the beginning of new iteration,        54.4860827259
Predicted improvement:        2.668658041
lambda =          1; f =           50.0877508
lambda =     1.9332; f =           48.1087417
Norm of dx   0.048842
----
Improvement on iteration 11 =        6.377341000
-----------------
f at the beginning of new iteration,        48.1087417261
Predicted improvement:        6.304328675
lambda =          1; f =           41.9385491
Norm of dx   0.081687
----
Improvement on iteration 12 =        6.170192592
-----------------
f at the beginning of new iteration,        41.9385491342
Predicted improvement:        4.004045619
lambda =          1; f =           43.1963388
lambda =    0.33333; f =           40.6951517
Norm of dx   0.050712
----
Improvement on iteration 13 =        1.243397412
-----------------
f at the beginning of new iteration,        40.6951517218
Predicted improvement:        0.839554521
lambda =          1; f =           40.1592861
Norm of dx   0.030615
----
Improvement on iteration 14 =        0.535865574
-----------------
f at the beginning of new iteration,        40.1592861479
Predicted improvement:        0.532684246
lambda =          1; f =           39.5099807
Norm of dx   0.023129
----
Improvement on iteration 15 =        0.649305481
-----------------
f at the beginning of new iteration,        39.5099806668
Predicted improvement:        0.433898436
lambda =          1; f =           38.8381197
lambda =     1.9332; f =           38.6039196
Norm of dx   0.017674
----
Improvement on iteration 16 =        0.906061073
-----------------
f at the beginning of new iteration,        38.6039195940
Predicted improvement:        0.791716336
lambda =          1; f =           37.2254173
lambda =     1.9332; f =           36.3282915
lambda =     3.7372; f =           36.1519166
Norm of dx   0.031535
----
Improvement on iteration 17 =        2.452002981
-----------------
f at the beginning of new iteration,        36.1519166134
Predicted improvement:        1.648669487
lambda =          1; f =           35.3630201
lambda =    0.33333; f =           35.4812631
Norm of dx   0.041643
----
Improvement on iteration 18 =        0.788896478
-----------------
f at the beginning of new iteration,        35.3630201357
Predicted improvement:        0.439267638
lambda =          1; f =           34.6322478
lambda =     1.9332; f =           34.2637059
Norm of dx   0.024276
----
Improvement on iteration 19 =        1.099314227
-----------------
f at the beginning of new iteration,        34.2637059092
Predicted improvement:        0.521387784
lambda =          1; f =           33.6216855
Norm of dx   0.038981
----
Improvement on iteration 20 =        0.642020385
-----------------
f at the beginning of new iteration,        33.6216855246
Predicted improvement:        0.694848726
lambda =          1; f =           32.6218031
lambda =     1.9332; f =           32.3072010
Norm of dx   0.027177
----
Improvement on iteration 21 =        1.314484559
-----------------
f at the beginning of new iteration,        32.3072009659
Predicted improvement:        0.343296010
lambda =          1; f =           31.7638828
lambda =     1.9332; f =           31.5182622
Norm of dx   0.022206
----
Improvement on iteration 22 =        0.788938767
-----------------
f at the beginning of new iteration,        31.5182621988
Predicted improvement:        0.234202937
lambda =          1; f =           31.1652052
lambda =     1.9332; f =           31.0182642
Norm of dx   0.023542
----
Improvement on iteration 23 =        0.499997977
-----------------
f at the beginning of new iteration,        31.0182642217
Predicted improvement:        0.063500979
lambda =          1; f =           30.9149576
lambda =     1.9332; f =           30.8591442
Norm of dx   0.010347
----
Improvement on iteration 24 =        0.159120025
-----------------
f at the beginning of new iteration,        30.8591441968
Predicted improvement:        0.101338152
lambda =          1; f =           30.7003834
lambda =     1.9332; f =           30.6404589
Norm of dx   0.029028
----
Improvement on iteration 25 =        0.218685288
-----------------
f at the beginning of new iteration,        30.6404589084
Predicted improvement:        0.225978054
lambda =          1; f =           30.2805672
lambda =     1.9332; f =           30.0833028
Norm of dx   0.030995
----
Improvement on iteration 26 =        0.557156081
-----------------
f at the beginning of new iteration,        30.0833028269
Predicted improvement:        0.560663956
lambda =          1; f =           29.2766855
lambda =     1.9332; f =           31.4108430
lambda =     1.3017; f =           29.3895592
Norm of dx    0.12535
----
Improvement on iteration 27 =        0.806617376
-----------------
f at the beginning of new iteration,        29.2766854506
Predicted improvement:        0.772019683
lambda =          1; f =           28.1907668
lambda =     1.9332; f =           28.0498156
Norm of dx    0.12667
----
Improvement on iteration 28 =        1.226869825
-----------------
f at the beginning of new iteration,        28.0498156260
Predicted improvement:        1.463181269
lambda =          1; f =           29.3350435
lambda =    0.33333; f =           27.7142168
Norm of dx   0.081467
----
Improvement on iteration 29 =        0.335598835
-----------------
f at the beginning of new iteration,        27.7142167906
Predicted improvement:        0.278433124
lambda =          1; f =           27.3059489
lambda =     1.9332; f =           27.2112800
Norm of dx   0.012625
----
Improvement on iteration 30 =        0.502936832
-----------------
f at the beginning of new iteration,        27.2112799584
Predicted improvement:        0.245751863
lambda =          1; f =           26.8027508
lambda =     1.9332; f =           26.5716127
Norm of dx   0.032904
----
Improvement on iteration 31 =        0.639667252
-----------------
f at the beginning of new iteration,        26.5716127062
Predicted improvement:        0.336337624
lambda =          1; f =           26.1223141
Norm of dx   0.083791
----
Improvement on iteration 32 =        0.449298572
-----------------
f at the beginning of new iteration,        26.1223141346
Predicted improvement:        0.172496942
lambda =          1; f =           25.8754754
lambda =     1.9332; f =           25.8223136
Norm of dx   0.045482
----
Improvement on iteration 33 =        0.300000545
-----------------
f at the beginning of new iteration,        25.8223135892
Predicted improvement:        0.124866278
lambda =          1; f =           25.6073046
lambda =     1.9332; f =           25.4701406
lambda =     3.7372; f =           25.3863250
Norm of dx   0.010005
----
Improvement on iteration 34 =        0.435988565
-----------------
f at the beginning of new iteration,        25.3863250237
Predicted improvement:        0.228543113
lambda =          1; f =           25.0671075
Norm of dx   0.055653
----
Improvement on iteration 35 =        0.319217531
-----------------
f at the beginning of new iteration,        25.0671074926
Predicted improvement:        0.154840018
lambda =          1; f =           24.8879142
Norm of dx   0.037732
----
Improvement on iteration 36 =        0.179193313
-----------------
f at the beginning of new iteration,        24.8879141795
Predicted improvement:        0.082396727
lambda =          1; f =           24.7561355
lambda =     1.9332; f =           24.6889724
Norm of dx   0.010706
----
Improvement on iteration 37 =        0.198941750
-----------------
f at the beginning of new iteration,        24.6889724297
Predicted improvement:        0.148481730
lambda =          1; f =           24.4257096
lambda =     1.9332; f =           24.2413836
lambda =     3.7372; f =           24.0812732
Norm of dx   0.034381
----
Improvement on iteration 38 =        0.607699232
-----------------
f at the beginning of new iteration,        24.0812731977
Predicted improvement:        0.655237742
lambda =          1; f =           23.5848854
Norm of dx    0.19853
----
Improvement on iteration 39 =        0.496387778
-----------------
f at the beginning of new iteration,        23.5848854193
Predicted improvement:        0.347814512
lambda =          1; f =           23.0835271
lambda =     1.9332; f =           23.0333005
Norm of dx    0.12116
----
Improvement on iteration 40 =        0.551584903
-----------------
f at the beginning of new iteration,        23.0333005166
Predicted improvement:        0.447634227
lambda =          1; f =           22.5493983
Norm of dx   0.037374
----
Improvement on iteration 41 =        0.483902233
-----------------
f at the beginning of new iteration,        22.5493982836
Predicted improvement:        0.245313960
lambda =          1; f =           22.2190193
Norm of dx   0.031819
----
Improvement on iteration 42 =        0.330378964
-----------------
f at the beginning of new iteration,        22.2190193193
Predicted improvement:        0.139899635
lambda =          1; f =           22.0640335
Norm of dx    0.10089
----
Improvement on iteration 43 =        0.154985825
-----------------
f at the beginning of new iteration,        22.0640334942
Predicted improvement:        0.079771696
lambda =          1; f =           21.9538127
Norm of dx   0.077863
----
Improvement on iteration 44 =        0.110220810
-----------------
f at the beginning of new iteration,        21.9538126837
Predicted improvement:        0.107299189
lambda =          1; f =           21.7858120
lambda =     1.9332; f =           21.7072836
Norm of dx   0.090667
----
Improvement on iteration 45 =        0.246529068
-----------------
f at the beginning of new iteration,        21.7072836153
Predicted improvement:        0.107247986
lambda =          1; f =           21.5367266
lambda =     1.9332; f =           21.4539694
Norm of dx   0.036951
----
Improvement on iteration 46 =        0.253314241
-----------------
f at the beginning of new iteration,        21.4539693746
Predicted improvement:        0.086842234
lambda =          1; f =           21.3200123
lambda =     1.9332; f =           21.2651628
Norm of dx   0.024187
----
Improvement on iteration 47 =        0.188806587
-----------------
f at the beginning of new iteration,        21.2651627877
Correct for low angle: 0.00253094
Predicted improvement:        0.067619510
lambda =          1; f =           21.9644144
lambda =    0.33333; f =           21.3206822
lambda =    0.11111; f =           21.2612016
lambda =   0.037037; f =           21.2612315
lambda =   0.071599; f =           21.2599322
Norm of dx   0.065878
----
Improvement on iteration 48 =        0.005230578
-----------------
f at the beginning of new iteration,        21.2599322095
Correct for low angle: 0.001643
Predicted improvement:        0.101763119
lambda =          1; f =           23.7227245
lambda =    0.33333; f =           21.4440943
lambda =    0.11111; f =           21.2646162
lambda =   0.037037; f =           21.2556196
Norm of dx   0.063365
----
Improvement on iteration 49 =        0.004312648
-----------------
f at the beginning of new iteration,        21.2556195612
Correct for low angle: 0.00447325
Predicted improvement:        0.035801322
lambda =          1; f =           21.2269586
Norm of dx   0.063179
----
Improvement on iteration 50 =        0.028660993
-----------------
f at the beginning of new iteration,        21.2269585683
Correct for low angle: 0.0015705
Predicted improvement:        0.059571550
lambda =          1; f =           21.3162685
lambda =    0.33333; f =           21.2099311
Norm of dx   0.014364
----
Improvement on iteration 51 =        0.017027422
-----------------
f at the beginning of new iteration,        21.2099311466
Correct for low angle: 0.0038667
Predicted improvement:        0.009719948
lambda =          1; f =           21.2001507
Norm of dx    0.01006
----
Improvement on iteration 52 =        0.009780435
-----------------
f at the beginning of new iteration,        21.2001507118
Predicted improvement:        0.010837591
lambda =          1; f =           21.1801748
lambda =     1.9332; f =           21.1644603
lambda =     3.7372; f =           21.1428377
lambda =     7.2247; f =           21.1402703
Norm of dx  0.0043781
----
Improvement on iteration 53 =        0.059880396
-----------------
f at the beginning of new iteration,        21.1402703154
Correct for low angle: 0.00195215
Predicted improvement:        0.104220645
lambda =          1; f =           21.9095449
lambda =    0.33333; f =           21.1902036
lambda =    0.11111; f =           21.1303290
Norm of dx   0.048143
----
Improvement on iteration 54 =        0.009941286
-----------------
f at the beginning of new iteration,        21.1303290290
Correct for low angle: 0.00213618
Predicted improvement:        0.098106809
lambda =          1; f =           22.2490220
lambda =    0.33333; f =           21.1959088
lambda =    0.11111; f =           21.1230625
Norm of dx   0.050644
----
Improvement on iteration 55 =        0.007266516
-----------------
f at the beginning of new iteration,        21.1230625126
Correct for low angle: 0.00192091
Predicted improvement:        0.105809117
lambda =          1; f =           21.9615320
lambda =    0.33333; f =           21.1813574
lambda =    0.11111; f =           21.1138569
Norm of dx   0.049043
----
Improvement on iteration 56 =        0.009205644
-----------------
f at the beginning of new iteration,        21.1138568690
Correct for low angle: 0.00196096
Predicted improvement:        0.100943521
lambda =          1; f =           22.2334295
lambda =    0.33333; f =           21.1779606
lambda =    0.11111; f =           21.1059995
Norm of dx   0.047845
----
Improvement on iteration 57 =        0.007857355
-----------------
f at the beginning of new iteration,        21.1059995143
Correct for low angle: 0.0020639
Predicted improvement:        0.093804453
lambda =          1; f =           21.8002136
lambda =    0.33333; f =           21.1504842
lambda =    0.11111; f =           21.0969511
Norm of dx   0.047008
----
Improvement on iteration 58 =        0.009048436
-----------------
f at the beginning of new iteration,        21.0969510783
Correct for low angle: 0.00217353
Predicted improvement:        0.088453656
lambda =          1; f =           21.9761945
lambda =    0.33333; f =           21.1445182
lambda =    0.11111; f =           21.0892058
Norm of dx    0.04662
----
Improvement on iteration 59 =        0.007745283
-----------------
f at the beginning of new iteration,        21.0892057954
Correct for low angle: 0.00229736
Predicted improvement:        0.084239995
lambda =          1; f =           21.6572473
lambda =    0.33333; f =           21.1214816
lambda =    0.11111; f =           21.0801587
Norm of dx   0.046712
----
Improvement on iteration 60 =        0.009047076
-----------------
f at the beginning of new iteration,        21.0801587199
Correct for low angle: 0.00240868
Predicted improvement:        0.081956712
lambda =          1; f =           21.8075782
lambda =    0.33333; f =           21.1163623
lambda =    0.11111; f =           21.0721649
Norm of dx   0.047237
----
Improvement on iteration 61 =        0.007993770
-----------------
f at the beginning of new iteration,        21.0721649496
Correct for low angle: 0.00250948
Predicted improvement:        0.081022773
lambda =          1; f =           21.5722658
lambda =    0.33333; f =           21.0971513
lambda =    0.11111; f =           21.0627607
Norm of dx   0.048152
----
Improvement on iteration 62 =        0.009404203
-----------------
f at the beginning of new iteration,        21.0627607467
Correct for low angle: 0.00257656
Predicted improvement:        0.081841734
lambda =          1; f =           21.7415145
lambda =    0.33333; f =           21.0943569
lambda =    0.11111; f =           21.0542865
Norm of dx   0.049345
----
Improvement on iteration 63 =        0.008474219
-----------------
f at the beginning of new iteration,        21.0542865272
Correct for low angle: 0.00259397
Predicted improvement:        0.084394942
lambda =          1; f =           21.5665441
lambda =    0.33333; f =           21.0793504
lambda =    0.11111; f =           21.0443969
Norm of dx   0.050628
----
Improvement on iteration 64 =        0.009889581
-----------------
f at the beginning of new iteration,        21.0443969458
Correct for low angle: 0.00254688
Predicted improvement:        0.088799207
lambda =          1; f =           21.8265941
lambda =    0.33333; f =           21.0826182
lambda =    0.11111; f =           21.0355966
Norm of dx   0.051711
----
Improvement on iteration 65 =        0.008800348
-----------------
f at the beginning of new iteration,        21.0355965980
Correct for low angle: 0.00243185
Predicted improvement:        0.094949196
lambda =          1; f =           21.6728058
lambda =    0.33333; f =           21.0721021
lambda =    0.11111; f =           21.0254669
Norm of dx   0.052283
----
Improvement on iteration 66 =        0.010129670
-----------------
f at the beginning of new iteration,        21.0254669282
Correct for low angle: 0.00230414
Predicted improvement:        0.100648756
lambda =          1; f =           22.0402167
lambda =    0.33333; f =           21.0799416
lambda =    0.11111; f =           21.0166297
Norm of dx   0.052137
----
Improvement on iteration 67 =        0.008837180
-----------------
f at the beginning of new iteration,        21.0166297484
Correct for low angle: 0.00221071
Predicted improvement:        0.103434101
lambda =          1; f =           21.7589171
lambda =    0.33333; f =           21.0631185
lambda =    0.11111; f =           21.0064073
Norm of dx   0.051322
----
Improvement on iteration 68 =        0.010222473
-----------------
f at the beginning of new iteration,        21.0064072755
Correct for low angle: 0.00219459
Predicted improvement:        0.100956441
lambda =          1; f =           22.0342297
lambda =    0.33333; f =           21.0619463
lambda =    0.11111; f =           20.9976378
Norm of dx   0.050035
----
Improvement on iteration 69 =        0.008769444
-----------------
f at the beginning of new iteration,        20.9976378315
Correct for low angle: 0.00224391
Predicted improvement:        0.094392668
lambda =          1; f =           21.6509805
lambda =    0.33333; f =           21.0363716
lambda =    0.11111; f =           20.9878433
Norm of dx   0.048487
----
Improvement on iteration 70 =        0.009794502
-----------------
f at the beginning of new iteration,        20.9878433290
Correct for low angle: 0.00233581
Predicted improvement:        0.086077695
lambda =          1; f =           21.7761638
lambda =    0.33333; f =           21.0279556
lambda =    0.11111; f =           20.9796582
Norm of dx   0.046851
----
Improvement on iteration 71 =        0.008185094
-----------------
f at the beginning of new iteration,        20.9796582353
Correct for low angle: 0.00248452
Predicted improvement:        0.076479579
lambda =          1; f =           21.4493171
lambda =    0.33333; f =           21.0025489
lambda =    0.11111; f =           20.9706832
Norm of dx   0.045186
----
Improvement on iteration 72 =        0.008975002
-----------------
f at the beginning of new iteration,        20.9706832338
Correct for low angle: 0.00269362
Predicted improvement:        0.066645188
lambda =          1; f =           21.4470483
lambda =    0.33333; f =           20.9897806
lambda =    0.11111; f =           20.9631240
Norm of dx   0.043599
----
Improvement on iteration 73 =        0.007559193
-----------------
f at the beginning of new iteration,        20.9631240407
Correct for low angle: 0.00307216
Predicted improvement:        0.055317346
lambda =          1; f =           21.1847552
lambda =    0.33333; f =           20.9644574
lambda =    0.11111; f =           20.9548615
Norm of dx   0.042141
----
Improvement on iteration 74 =        0.008262586
-----------------
f at the beginning of new iteration,        20.9548614548
Correct for low angle: 0.00399249
Predicted improvement:        0.040934744
lambda =          1; f =           20.9869530
lambda =    0.33333; f =           20.9403665
Norm of dx   0.041181
----
Improvement on iteration 75 =        0.014494984
-----------------
f at the beginning of new iteration,        20.9403664709
Correct for low angle: 0.00166121
Predicted improvement:        0.085413968
lambda =          1; f =           21.4264502
lambda =    0.33333; f =           20.9616011
lambda =    0.11111; f =           20.9298905
Norm of dx   0.033988
----
Improvement on iteration 76 =        0.010476005
-----------------
f at the beginning of new iteration,        20.9298904661
Correct for low angle: 0.00452042
Predicted improvement:        0.026246283
lambda =          1; f =           20.9091012
Norm of dx   0.031269
----
Improvement on iteration 77 =        0.020789304
-----------------
f at the beginning of new iteration,        20.9091011621
Correct for low angle: 0.00345568
Predicted improvement:        0.019227242
lambda =          1; f =           20.8915448
Norm of dx   0.005654
----
Improvement on iteration 78 =        0.017556342
-----------------
f at the beginning of new iteration,        20.8915448203
Predicted improvement:        0.006844570
lambda =          1; f =           20.8789493
lambda =     1.9332; f =           20.8688762
lambda =     3.7372; f =           20.8539946
lambda =     7.2247; f =           20.8423584
Norm of dx   0.003886
----
Improvement on iteration 79 =        0.049186406
-----------------
f at the beginning of new iteration,        20.8423584142
Correct for low angle: 0.00337006
Predicted improvement:        0.048981587
lambda =          1; f =           20.7728319
lambda =     1.9332; f =           20.7589058
Norm of dx   0.011972
----
Improvement on iteration 80 =        0.083452641
-----------------
f at the beginning of new iteration,        20.7589057733
Correct for low angle: 0.00269629
Predicted improvement:        0.139133599
lambda =          1; f =           20.6604789
Norm of dx   0.021212
----
Improvement on iteration 81 =        0.098426877
-----------------
f at the beginning of new iteration,        20.6604788959
Correct for low angle: 0.00190107
Predicted improvement:        0.301208485
lambda =          1; f =           20.9520993
lambda =    0.33333; f =           20.5678079
Norm of dx   0.037771
----
Improvement on iteration 82 =        0.092671008
-----------------
f at the beginning of new iteration,        20.5678078884
Correct for low angle: 0.00276756
Predicted improvement:        0.183849463
lambda =          1; f =           21.0414016
lambda =    0.33333; f =           20.5316292
lambda =    0.11111; f =           20.5366918
lambda =     0.2148; f =           20.5245696
Norm of dx   0.051797
----
Improvement on iteration 83 =        0.043238288
-----------------
f at the beginning of new iteration,        20.5245696006
Correct for low angle: 0.00299611
Predicted improvement:        0.174636738
lambda =          1; f =           20.8989866
lambda =    0.33333; f =           20.4944908
lambda =    0.11111; f =           20.4951887
lambda =     0.2148; f =           20.4855110
Norm of dx   0.061117
----
Improvement on iteration 84 =        0.039058612
-----------------
f at the beginning of new iteration,        20.4855109885
Correct for low angle: 0.00217537
Predicted improvement:        0.256093733
lambda =          1; f =           22.5358831
lambda =    0.33333; f =           20.5574587
lambda =    0.11111; f =           20.4549074
Norm of dx   0.070016
----
Improvement on iteration 85 =        0.030603567
-----------------
f at the beginning of new iteration,        20.4549074217
Correct for low angle: 0.00388687
Predicted improvement:        0.140150142
lambda =          1; f =           20.5754424
lambda =    0.33333; f =           20.4075912
Norm of dx   0.075943
----
Improvement on iteration 86 =        0.047316215
-----------------
f at the beginning of new iteration,        20.4075912062
Correct for low angle: 0.0013276
Predicted improvement:        0.373821185
lambda =          1; f =           25.0609495
lambda =    0.33333; f =           20.6289106
lambda =    0.11111; f =           20.3740033
Norm of dx   0.073896
----
Improvement on iteration 87 =        0.033587956
-----------------
f at the beginning of new iteration,        20.3740032506
Correct for low angle: 0.00221402
Predicted improvement:        0.192461756
lambda =          1; f =           21.9628359
lambda =    0.33333; f =           20.4982155
lambda =    0.11111; f =           20.3600379
Norm of dx   0.075862
----
Improvement on iteration 88 =        0.013965383
-----------------
f at the beginning of new iteration,        20.3600378679
Correct for low angle: 0.00161845
Predicted improvement:        0.241110085
lambda =          1; f =           24.0339893
lambda =    0.33333; f =           20.5735602
lambda =    0.11111; f =           20.3462702
lambda =   0.037037; f =           20.3468005
lambda =   0.071599; f =           20.3421592
Norm of dx   0.071297
----
Improvement on iteration 89 =        0.017878716
-----------------
f at the beginning of new iteration,        20.3421591515
Correct for low angle: 0.00486507
Predicted improvement:        0.067604174
lambda =          1; f =           20.2618886
Norm of dx   0.069836
----
Improvement on iteration 90 =        0.080270552
-----------------
f at the beginning of new iteration,        20.2618885998
Correct for low angle: 0.00138101
Predicted improvement:        0.054375103
lambda =          1; f =           20.8121532
lambda =    0.33333; f =           20.2938753
lambda =    0.11111; f =           20.2575648
Norm of dx   0.028333
----
Improvement on iteration 91 =        0.004323776
-----------------
f at the beginning of new iteration,        20.2575648240
Correct for low angle: 0.00226613
Predicted improvement:        0.026664453
lambda =          1; f =           20.4477128
lambda =    0.33333; f =           20.2675453
lambda =    0.11111; f =           20.2545161
Norm of dx   0.025761
----
Improvement on iteration 92 =        0.003048674
-----------------
f at the beginning of new iteration,        20.2545161498
Correct for low angle: 0.00254682
Predicted improvement:        0.022625228
lambda =          1; f =           20.3989817
lambda =    0.33333; f =           20.2602133
lambda =    0.11111; f =           20.2519761
Norm of dx   0.023632
----
Improvement on iteration 93 =        0.002540003
-----------------
f at the beginning of new iteration,        20.2519761471
Correct for low angle: 0.00389557
Predicted improvement:        0.015023840
lambda =          1; f =           20.2535481
lambda =    0.33333; f =           20.2452709
Norm of dx   0.022272
----
Improvement on iteration 94 =        0.006705277
-----------------
f at the beginning of new iteration,        20.2452708701
Correct for low angle: 0.00258948
Predicted improvement:        0.028113164
lambda =          1; f =           20.3273624
lambda =    0.33333; f =           20.2418657
lambda =    0.11111; f =           20.2408871
lambda =     0.2148; f =           20.2397070
Norm of dx   0.021187
----
Improvement on iteration 95 =        0.005563894
-----------------
f at the beginning of new iteration,        20.2397069758
Correct for low angle: 0.00333332
Predicted improvement:        0.027803338
lambda =          1; f =           20.2468137
lambda =    0.33333; f =           20.2279389
Norm of dx   0.020514
----
Improvement on iteration 96 =        0.011768095
-----------------
f at the beginning of new iteration,        20.2279388809
Correct for low angle: 0.00373308
Predicted improvement:        0.033083134
lambda =          1; f =           20.2007487
Norm of dx   0.021388
----
Improvement on iteration 97 =        0.027190224
-----------------
f at the beginning of new iteration,        20.2007486571
Correct for low angle: 0.00215056
Predicted improvement:        0.111098061
lambda =          1; f =           20.2225342
lambda =    0.33333; f =           20.1544942
Norm of dx   0.022444
----
Improvement on iteration 98 =        0.046254454
-----------------
f at the beginning of new iteration,        20.1544942030
Predicted improvement:        0.070238045
lambda =          1; f =           20.0232877
lambda =     1.9332; f =           19.9172258
lambda =     3.7372; f =           19.7626417
lambda =     7.2247; f =           19.8237461
Norm of dx    0.03118
----
Improvement on iteration 99 =        0.391852481
-----------------
f at the beginning of new iteration,        19.7626417217
Correct for low angle: 0.00177183
Predicted improvement:        1.101006860
lambda =          1; f =           65.8240566
lambda =    0.33333; f =           21.7022016
lambda =    0.11111; f =           19.7689114
lambda =   0.037037; f =           19.7082051
Norm of dx    0.20011
----
Improvement on iteration 100 =        0.054436645
-----------------
f at the beginning of new iteration,        19.7082050769
Predicted improvement:        0.433258887
lambda =          1; f =           19.2105512
Norm of dx    0.21899
----
Improvement on iteration 101 =        0.497653866
-----------------
f at the beginning of new iteration,        19.2105512105
Predicted improvement:        0.094721658
lambda =          1; f =           19.2256420
lambda =    0.33333; f =           19.1713386
Norm of dx    0.10197
----
Improvement on iteration 102 =        0.039212618
-----------------
f at the beginning of new iteration,        19.1713385923
Predicted improvement:        0.058604223
lambda =          1; f =           19.1477969
lambda =    0.33333; f =           19.1423726
lambda =    0.64439; f =           19.1340957
Norm of dx   0.059188
----
Improvement on iteration 103 =        0.037242869
-----------------
f at the beginning of new iteration,        19.1340957228
Predicted improvement:        0.006146548
lambda =          1; f =           19.1254809
lambda =     1.9332; f =           19.1239855
Norm of dx   0.014766
----
Improvement on iteration 104 =        0.010110254
-----------------
f at the beginning of new iteration,        19.1239854691
Predicted improvement:        0.003141226
lambda =          1; f =           19.1187288
lambda =     1.9332; f =           19.1157133
Norm of dx  0.0042669
----
Improvement on iteration 105 =        0.008272137
-----------------
f at the beginning of new iteration,        19.1157133320
Predicted improvement:        0.005785767
lambda =          1; f =           19.1067852
lambda =     1.9332; f =           19.1035457
Norm of dx  0.0078158
----
Improvement on iteration 106 =        0.012167615
-----------------
f at the beginning of new iteration,        19.1035457169
Correct for low angle: 0.00378262
Predicted improvement:        0.005290265
lambda =          1; f =           19.1200910
lambda =    0.33333; f =           19.1028532
lambda =    0.11111; f =           19.1026111
lambda =     0.2148; f =           19.1023754
Norm of dx   0.019519
----
Improvement on iteration 107 =        0.001170271
-----------------
f at the beginning of new iteration,        19.1023754457
Correct for low angle: 0.00112367
Predicted improvement:        0.017925458
lambda =          1; f =           19.3709460
lambda =    0.33333; f =           19.1230616
lambda =    0.11111; f =           19.1022229
lambda =   0.037037; f =           19.1015622
Norm of dx   0.018874
----
Improvement on iteration 108 =        0.000813262
-----------------
f at the beginning of new iteration,        19.1015621839
Correct for low angle: 0.00344513
Predicted improvement:        0.005729317
lambda =          1; f =           19.1474812
lambda =    0.33333; f =           19.1043285
lambda =    0.11111; f =           19.1011395
Norm of dx   0.020252
----
Improvement on iteration 109 =        0.000422698
-----------------
f at the beginning of new iteration,        19.1011394860
Correct for low angle: 0.00157661
Predicted improvement:        0.011283686
lambda =          1; f =           19.2734487
lambda =    0.33333; f =           19.1156347
lambda =    0.11111; f =           19.1008898
lambda =   0.037037; f =           19.1004795
lambda =   0.071599; f =           19.1003853
Norm of dx   0.018807
----
Improvement on iteration 110 =        0.000754169
-----------------
f at the beginning of new iteration,        19.1003853173
Correct for low angle: 0.00172938
Predicted improvement:        0.010157092
lambda =          1; f =           19.2924196
lambda =    0.33333; f =           19.1167301
lambda =    0.11111; f =           19.1008874
lambda =   0.037037; f =           19.1000153
Norm of dx    0.01882
----
Improvement on iteration 111 =        0.000370003
-----------------
f at the beginning of new iteration,        19.1000153142
Predicted improvement:        0.003312235
lambda =          1; f =           19.0954335
Norm of dx   0.018946
----
Improvement on iteration 112 =        0.004581799
-----------------
f at the beginning of new iteration,        19.0954335151
Predicted improvement:        0.001650937
lambda =          1; f =           19.0932668
Norm of dx    0.01325
----
Improvement on iteration 113 =        0.002166672
-----------------
f at the beginning of new iteration,        19.0932668434
Predicted improvement:        0.001099104
lambda =          1; f =           19.0913973
lambda =     1.9332; f =           19.0902066
lambda =     3.7372; f =           19.0894076
Norm of dx  0.0073031
----
Improvement on iteration 114 =        0.003859261
-----------------
f at the beginning of new iteration,        19.0894075825
Predicted improvement:        0.002615739
lambda =          1; f =           19.0843016
lambda =     1.9332; f =           19.0797744
lambda =     3.7372; f =           19.0716667
lambda =     7.2247; f =           19.0583778
lambda =     13.967; f =           19.0416559
Norm of dx  0.0028748
----
Improvement on iteration 115 =        0.047751688
-----------------
f at the beginning of new iteration,        19.0416558944
Predicted improvement:        0.010616026
lambda =          1; f =           19.0293379
Norm of dx   0.014314
----
Improvement on iteration 116 =        0.012317967
-----------------
f at the beginning of new iteration,        19.0293379277
Predicted improvement:        0.001659143
lambda =          1; f =           19.0270840
Norm of dx  0.0054717
----
Improvement on iteration 117 =        0.002253956
-----------------
f at the beginning of new iteration,        19.0270839721
Predicted improvement:        0.001655604
lambda =          1; f =           19.0244467
lambda =     1.9332; f =           19.0230901
Norm of dx  0.0035853
----
Improvement on iteration 118 =        0.003993903
-----------------
f at the beginning of new iteration,        19.0230900688
Predicted improvement:        0.002945046
lambda =          1; f =           19.0177513
lambda =     1.9332; f =           19.0136265
lambda =     3.7372; f =           19.0073207
lambda =     7.2247; f =           18.9987253
Norm of dx  0.0037746
----
Improvement on iteration 119 =        0.024364799
-----------------
f at the beginning of new iteration,        18.9987252698
Predicted improvement:        0.015736506
lambda =          1; f =           18.9866872
Norm of dx   0.019635
----
Improvement on iteration 120 =        0.012038044
-----------------
f at the beginning of new iteration,        18.9866872258
Predicted improvement:        0.036309548
lambda =          1; f =           18.9360922
Norm of dx    0.02828
----
Improvement on iteration 121 =        0.050595018
-----------------
f at the beginning of new iteration,        18.9360922079
Predicted improvement:        0.022206540
lambda =          1; f =           18.9117866
Norm of dx   0.043623
----
Improvement on iteration 122 =        0.024305601
-----------------
f at the beginning of new iteration,        18.9117866064
Predicted improvement:        0.011456310
lambda =          1; f =           18.9026975
Norm of dx   0.019213
----
Improvement on iteration 123 =        0.009089123
-----------------
f at the beginning of new iteration,        18.9026974839
Predicted improvement:        0.005968333
lambda =          1; f =           18.8925458
lambda =     1.9332; f =           18.8863321
lambda =     3.7372; f =           18.8838616
Norm of dx  0.0049999
----
Improvement on iteration 124 =        0.018835871
-----------------
f at the beginning of new iteration,        18.8838616132
Predicted improvement:        0.004540607
lambda =          1; f =           18.8775903
Norm of dx  0.0077624
----
Improvement on iteration 125 =        0.006271350
-----------------
f at the beginning of new iteration,        18.8775902632
Predicted improvement:        0.001244857
lambda =          1; f =           18.8762886
Norm of dx  0.0060376
----
Improvement on iteration 126 =        0.001301689
-----------------
f at the beginning of new iteration,        18.8762885739
Predicted improvement:        0.000036030
lambda =          1; f =           18.8762481
Norm of dx 0.00099442
----
Improvement on iteration 127 =        0.000040439
-----------------
f at the beginning of new iteration,        18.8762481347
Predicted improvement:        0.000004115
lambda =          1; f =           18.8762462
lambda =    0.33333; f =           18.8762464
Norm of dx 0.00052504
----
Improvement on iteration 128 =        0.000001908
-----------------
f at the beginning of new iteration,        18.8762462262
Predicted improvement:        0.000000207
lambda =          1; f =           18.8762463
lambda =    0.33333; f =           18.8762462
lambda =    0.11111; f =           18.8762462
Norm of dx 6.5796e-05
----
Improvement on iteration 129 =        0.000000030
improvement < crit termination

Final value of minus the log posterior (or likelihood):18.876246 

MODE CHECK

Fval obtained by the minimization routine (minus the posterior/likelihood)): 18.876246

RESULTS FROM POSTERIOR ESTIMATION
parameters
         prior mean     mode    s.d. prior pstdev

trend        0.500   0.6071  0.0885 norm 0.2500 
piestarobs   1.000   0.6038  0.0886 norm 0.5000 
rstarobs     0.125   0.2826  0.0932 gamm 0.0625 
kappa        0.300   0.1598  0.0827 gamm 0.1500 
sigma        2.000   4.1708  0.5820 gamm 0.5000 
psi1         1.500   1.9193  0.2705 gamm 0.2500 
psi2         0.125   0.0224  0.0301 gamm 0.1000 
rhoR         0.500   0.8631  0.0206 beta 0.2000 
rhog         0.800   0.8899  0.0739 beta 0.1000 
rhoz         0.300   0.4900  0.0927 beta 0.1000 
rhoxi        0.500   0.5240  0.2750 beta 0.2000 
rhophi       0.500   0.8337  0.0459 beta 0.2000 

standard deviation of shocks
         prior mean     mode    s.d. prior pstdev

eR           0.003   0.0015  0.0001 invg 0.0014 
eg           0.006   0.0031  0.0005 invg 0.0032 
ez           0.009   0.0046  0.0006 invg 0.0043 
exi          0.005   0.0029  0.0009 invg 0.0040 
ephi         0.005   0.0251  0.0083 invg 0.0040 


Log data density [Laplace approximation] is -70.403760.

Estimation::mcmc: One Chain mode.
Estimation::mcmc: Initialization at the posterior mode.

Estimation::mcmc: Write details about the MCMC... Ok!
Estimation::mcmc: Details about the MCMC are available in WW11/metropolis\WW11_mh_history_0.mat


Estimation::mcmc: Number of mh files: 2 per block.
Estimation::mcmc: Total number of generated files: 2.
Estimation::mcmc: Total number of iterations: 1000000.
Estimation::mcmc: Current acceptance ratio per chain: 
                                                       Chain  1: 40.882%
Estimation::mcmc: Total number of MH draws per chain: 1000000.
Estimation::mcmc: Total number of generated MH files: 2.
Estimation::mcmc: I'll use mh-files 1 to 2.
Estimation::mcmc: In MH-file number 1 I'll start at line 300001.
Estimation::mcmc: Finally I keep 700000 draws per chain.



MCMC Inefficiency factors per block
Parameter        Block 1
SE_eR            175.065
SE_eg            134.504
SE_ez            143.228
SE_exi           306.127
SE_ephi          636.275
trend            130.492
piestarobs       188.841
rstarobs         126.772
kappa            477.035
sigma            147.817
psi1             158.620
psi2             419.250
rhoR             217.634
rhog             152.705
rhoz             138.613
rhoxi             72.694
rhophi           376.180


Geweke (1992) Convergence Tests, based on means of draws 300000 to 440000 vs 650000 to 1000000.
p-values are for Chi2-test for equality of means.
Parameter          Post. Mean        Post. Std   p-val No Taper   p-val 4% Taper   p-val 8% Taper  p-val 15% Taper
SE_eR                   0.001            0.000            0.000            0.054            0.022            0.025
SE_eg                   0.003            0.001            0.145            0.915            0.913            0.915
SE_ez                   0.005            0.001            0.088            0.890            0.901            0.898
SE_exi                  0.004            0.001            0.000            0.564            0.537            0.558
SE_ephi                 0.031            0.013            0.000            0.423            0.488            0.504
trend                   0.604            0.093            0.000            0.702            0.711            0.692
piestarobs              0.609            0.097            0.000            0.322            0.339            0.353
rstarobs                0.283            0.088            0.000            0.060            0.066            0.088
kappa                   0.160            0.084            0.000            0.047            0.068            0.092
sigma                   4.402            0.610            0.000            0.751            0.748            0.760
psi1                    1.933            0.276            0.000            0.139            0.134            0.132
psi2                    0.071            0.061            0.000            0.304            0.269            0.239
rhoR                    0.867            0.021            0.000            0.156            0.165            0.182
rhog                    0.850            0.081            0.000            0.392            0.399            0.399
rhoz                    0.484            0.091            0.000            0.402            0.330            0.262
rhoxi                   0.522            0.199            0.008            0.745            0.735            0.738
rhophi                  0.824            0.053            0.000            0.382            0.446            0.462


Estimation::marginal density: I'm computing the posterior mean and covariance...  Done!
Estimation::marginal density: I'm computing the posterior log marginal density (modified harmonic mean)... Done!


ESTIMATION RESULTS

Log data density is -69.611612.

parameters
             prior mean   post. mean        90% HPD interval    prior       pstdev

trend             0.500       0.6036      0.4530      0.7579    norm       0.2500
piestarobs        1.000       0.6100      0.4547      0.7654    norm       0.5000
rstarobs          0.125       0.2826      0.1355      0.4268    gamm       0.0625
kappa             0.300       0.1583      0.0404      0.2802    gamm       0.1500
sigma             2.000       4.4091      3.4327      5.4183    gamm       0.5000
psi1              1.500       1.9312      1.4756      2.3842    gamm       0.2500
psi2              0.125       0.0717      0.0003      0.1501    gamm       0.1000
rhoR              0.500       0.8671      0.8325      0.9002    beta       0.2000
rhog              0.800       0.8502      0.7299      0.9746    beta       0.1000
rhoz              0.300       0.4849      0.3399      0.6384    beta       0.1000
rhoxi             0.500       0.5219      0.1963      0.8498    beta       0.2000
rhophi            0.500       0.8210      0.7337      0.9086    beta       0.2000

standard deviation of shocks
             prior mean   post. mean        90% HPD interval    prior       pstdev

eR                0.003       0.0015      0.0013      0.0017    invg       0.0014
eg                0.006       0.0032      0.0023      0.0040    invg       0.0032
ez                0.009       0.0047      0.0038      0.0057    invg       0.0043
exi               0.005       0.0037      0.0018      0.0057    invg       0.0040
ephi              0.005       0.0321      0.0145      0.0541    invg       0.0040
Estimation::mcmc: Posterior (dsge) IRFs...
Estimation::mcmc: Posterior IRFs, done!
Estimation::mcmc: Smoothed variables
Estimation::mcmc: Smoothed variables, done!
Estimation::mcmc: Smoothed shocks
Estimation::mcmc: Smoothed shocks, done!
Estimation::mcmc: Trend_coefficients
Estimation::mcmc: Trend_coefficients, done!
Estimation::mcmc: Smoothed constant
Estimation::mcmc: Smoothed constant, done!
Estimation::mcmc: Smoothed trend
Estimation::mcmc: Smoothed trend, done!
Estimation::mcmc: Updated Variables
Estimation::mcmc: Updated Variables, done!
Estimation::mcmc: Forecasted variables (mean)
Estimation::mcmc: Forecasted variables (mean), done!
Estimation::mcmc: Forecasted variables (point)
Estimation::mcmc: Forecasted variables (point), done!
Total computing time : 1h55m59s
