Starting Dynare (version 4.5.7).
Starting preprocessing of the model file ...
Substitution of endo lags >= 2: added 2 auxiliary variables and equations.
Found 13 equation(s).
Evaluating expressions...done
Computing static model derivatives:
 - order 1
Computing dynamic model derivatives:
 - order 1
 - order 2
Processing outputs ...
done
Preprocessing completed.
Initial value of the log posterior (or likelihood): -1798.6896
-----------------
f at the beginning of new iteration,      1798.6896454437
Predicted improvement: 14265471.372952871
lambda =          1; f =         4447.2383607
lambda =    0.33333; f =         2052.5690650
lambda =    0.11111; f =         1815.8288343
lambda =   0.037037; f =         1798.9547632
lambda =   0.012346; f =         2348.6750166
lambda =  0.0041152; f =         1682.4849045
lambda =  0.0013717; f =         1169.0899073
lambda = 0.00045725; f =          851.0207567
lambda = 0.00015242; f =          829.4331461
lambda = 5.0805e-05; f =         1107.2663107
Norm of dx     53.414
----
Improvement on iteration 1 =      969.256499343
-----------------
f at the beginning of new iteration,       829.4331461011
Predicted improvement:   139513.290719519
lambda =          1; f =          835.3704303
lambda =    0.33333; f =          830.0837500
lambda =    0.11111; f =          829.5024461
lambda =   0.037037; f =          829.4398917
lambda =   0.012346; f =          829.4336196
lambda =  0.0041152; f =          829.4331488
lambda =  0.0013717; f =          651.4067874
Norm of dx      5.308
----
Improvement on iteration 2 =      178.026358684
-----------------
f at the beginning of new iteration,       651.4067874171
Predicted improvement:      394.447410382
lambda =          1; f =          651.4082998
lambda =    0.33333; f =          651.4068163
lambda =    0.11111; f =          652.7434281
lambda =   0.037037; f =          629.0476822
lambda =   0.071599; f =          624.1955164
Norm of dx    0.28086
----
Improvement on iteration 3 =       27.211271003
-----------------
f at the beginning of new iteration,       624.1955164136
Predicted improvement:    11221.711466280
lambda =          1; f =          624.6726416
lambda =    0.33333; f =          624.2436049
lambda =    0.11111; f =          624.1993851
lambda =   0.037037; f =          624.1956218
lambda =   0.012346; f =          472.9912605
Norm of dx     8.1244
----
Improvement on iteration 4 =      151.204255918
-----------------
f at the beginning of new iteration,       472.9912604955
Predicted improvement:       60.665245934
lambda =          1; f =          411.2805704
Norm of dx   0.082737
----
Improvement on iteration 5 =       61.710690132
-----------------
f at the beginning of new iteration,       411.2805703632
Predicted improvement:       22.963669896
lambda =          1; f =          411.2819926
lambda =    0.33333; f =          399.6127663
lambda =    0.64439; f =          411.2808306
lambda =     0.4339; f =          411.2805816
lambda =    0.34224; f =          399.6494024
lambda =    0.39461; f =          411.2805713
lambda =     0.3623; f =          400.3127629
Norm of dx   0.067871
----
Improvement on iteration 6 =       11.667804079
warning: possible inaccuracy in H matrix
-----------------
f at the beginning of new iteration,       399.6127662846
Predicted improvement:       16.511818952
lambda =          1; f =          379.0242832
Norm of dx   0.042706
----
Improvement on iteration 7 =       20.588483064
-----------------
f at the beginning of new iteration,       379.0242832202
Predicted improvement:       17.680709585
lambda =          1; f =          442.4381733
lambda =    0.33333; f =          370.6700088
lambda =    0.64439; f =          376.7151311
lambda =     0.4339; f =          370.3835771
Norm of dx   0.084223
----
Improvement on iteration 8 =        8.640706124
-----------------
f at the beginning of new iteration,       370.3835770965
Predicted improvement:       11.614818494
lambda =          1; f =          357.9323396
Norm of dx    0.05854
----
Improvement on iteration 9 =       12.451237483
-----------------
f at the beginning of new iteration,       357.9323396138
Predicted improvement:       15.068369319
lambda =          1; f =          361.8585957
lambda =    0.33333; f =          351.8957483
Norm of dx   0.071831
----
Improvement on iteration 10 =        6.036591304
-----------------
f at the beginning of new iteration,       351.8957483098
Predicted improvement:       10.079417143
lambda =          1; f =          341.0453607
Norm of dx    0.06708
----
Improvement on iteration 11 =       10.850387618
-----------------
f at the beginning of new iteration,       341.0453606917
Predicted improvement:        7.061371845
lambda =          1; f =          338.3079956
lambda =    0.33333; f =          337.2944402
lambda =    0.64439; f =          335.9777307
Norm of dx    0.10853
----
Improvement on iteration 12 =        5.067629992
-----------------
f at the beginning of new iteration,       335.9777306998
Predicted improvement:        1.960138119
lambda =          1; f =          332.9894143
lambda =     1.9332; f =          332.7279576
Norm of dx   0.015839
----
Improvement on iteration 13 =        3.249773136
-----------------
f at the beginning of new iteration,       332.7279575637
Predicted improvement:        3.466621678
lambda =          1; f =          329.5177518
Norm of dx   0.024479
----
Improvement on iteration 14 =        3.210205736
-----------------
f at the beginning of new iteration,       329.5177518277
Predicted improvement:        3.132966613
lambda =          1; f =          323.8333502
lambda =     1.9332; f =          319.5478121
lambda =     3.7372; f =          319.2754917
Norm of dx   0.051155
----
Improvement on iteration 15 =       10.242260091
-----------------
f at the beginning of new iteration,       319.2754917367
Predicted improvement:       13.739379316
lambda =          1; f =          319.3361389
lambda =    0.33333; f =          315.0900294
Norm of dx   0.089298
----
Improvement on iteration 16 =        4.185462355
-----------------
f at the beginning of new iteration,       315.0900293818
Predicted improvement:        4.894711806
lambda =          1; f =          308.5679649
Norm of dx   0.040507
----
Improvement on iteration 17 =        6.522064480
-----------------
f at the beginning of new iteration,       308.5679649013
Predicted improvement:        2.680668929
lambda =          1; f =          309.5028847
lambda =    0.33333; f =          307.0387837
lambda =    0.64439; f =          306.3968097
Norm of dx   0.061721
----
Improvement on iteration 18 =        2.171155207
-----------------
f at the beginning of new iteration,       306.3968096941
Predicted improvement:        0.557955030
lambda =          1; f =          305.8058432
Norm of dx   0.012038
----
Improvement on iteration 19 =        0.590966472
-----------------
f at the beginning of new iteration,       305.8058432221
Predicted improvement:        0.347350849
lambda =          1; f =          305.4992313
Norm of dx    0.01702
----
Improvement on iteration 20 =        0.306611922
-----------------
f at the beginning of new iteration,       305.4992313006
Predicted improvement:        0.399401867
lambda =          1; f =          304.9346888
lambda =     1.9332; f =          304.7893558
Norm of dx   0.010728
----
Improvement on iteration 21 =        0.709875516
-----------------
f at the beginning of new iteration,       304.7893557842
Predicted improvement:        0.667859623
lambda =          1; f =          303.7657896
lambda =     1.9332; f =          303.4380894
Norm of dx   0.030967
----
Improvement on iteration 22 =        1.351266374
-----------------
f at the beginning of new iteration,       303.4380894106
Predicted improvement:        0.643753041
lambda =          1; f =          303.8657218
lambda =    0.33333; f =          303.1162347
lambda =    0.64439; f =          303.1286404
Norm of dx    0.04706
----
Improvement on iteration 23 =        0.321854736
-----------------
f at the beginning of new iteration,       303.1162346743
Predicted improvement:        0.546310273
lambda =          1; f =          302.4318427
Norm of dx   0.040038
----
Improvement on iteration 24 =        0.684391943
-----------------
f at the beginning of new iteration,       302.4318427316
Predicted improvement:        0.353773712
lambda =          1; f =          301.8250566
lambda =     1.9332; f =          301.4431273
lambda =     3.7372; f =          301.4882956
Norm of dx   0.039041
----
Improvement on iteration 25 =        0.988715474
-----------------
f at the beginning of new iteration,       301.4431272580
Predicted improvement:        1.068740443
lambda =          1; f =          301.3067983
lambda =    0.33333; f =          300.9498890
Norm of dx   0.095715
----
Improvement on iteration 26 =        0.493238233
-----------------
f at the beginning of new iteration,       300.9498890249
Correct for low angle: 0.00422655
Predicted improvement:        1.049043382
lambda =          1; f =          301.3916820
lambda =    0.33333; f =          300.4104140
lambda =    0.64439; f =          300.3288032
Norm of dx    0.13911
----
Improvement on iteration 27 =        0.621085799
-----------------
f at the beginning of new iteration,       300.3288032260
Predicted improvement:        0.462227499
lambda =          1; f =          299.9238147
Norm of dx   0.023129
----
Improvement on iteration 28 =        0.404988560
-----------------
f at the beginning of new iteration,       299.9238146658
Correct for low angle: 0.00292102
Predicted improvement:        0.307689382
lambda =          1; f =          299.4992325
Norm of dx   0.032588
----
Improvement on iteration 29 =        0.424582132
-----------------
f at the beginning of new iteration,       299.4992325336
Predicted improvement:        0.476273027
lambda =          1; f =          298.6980518
lambda =     1.9332; f =          298.2389099
Norm of dx   0.062991
----
Improvement on iteration 30 =        1.260322610
-----------------
f at the beginning of new iteration,       298.2389099241
Predicted improvement:        1.107940117
lambda =          1; f =          297.1474517
Norm of dx   0.087248
----
Improvement on iteration 31 =        1.091458218
-----------------
f at the beginning of new iteration,       297.1474517062
Predicted improvement:        0.554674337
lambda =          1; f =          296.3619356
lambda =     1.9332; f =          296.2276457
Norm of dx   0.017414
----
Improvement on iteration 32 =        0.919806051
-----------------
f at the beginning of new iteration,       296.2276456551
Predicted improvement:        0.559964981
lambda =          1; f =          295.4402498
lambda =     1.9332; f =          295.8042477
lambda =     1.3017; f =          295.3962491
Norm of dx   0.029492
----
Improvement on iteration 33 =        0.831396580
-----------------
f at the beginning of new iteration,       295.3962490750
Predicted improvement:        0.358007350
lambda =          1; f =          294.8949331
lambda =     1.9332; f =          294.7744804
Norm of dx   0.015165
----
Improvement on iteration 34 =        0.621768676
-----------------
f at the beginning of new iteration,       294.7744803991
Predicted improvement:        0.634865353
lambda =          1; f =          293.9552620
Norm of dx   0.046458
----
Improvement on iteration 35 =        0.819218421
-----------------
f at the beginning of new iteration,       293.9552619779
Correct for low angle: 0.00443595
Predicted improvement:        0.996215668
lambda =          1; f =          292.9662559
Norm of dx   0.090983
----
Improvement on iteration 36 =        0.989006046
-----------------
f at the beginning of new iteration,       292.9662559323
Correct for low angle: 0.0031653
Predicted improvement:        1.334832015
lambda =          1; f =          294.3515875
lambda =    0.33333; f =          292.4301762
Norm of dx    0.16835
----
Improvement on iteration 37 =        0.536079708
-----------------
f at the beginning of new iteration,       292.4301762245
Correct for low angle: 0.00330925
Predicted improvement:        0.809391158
lambda =          1; f =          292.1885532
lambda =    0.33333; f =          292.0484863
lambda =    0.64439; f =          291.9665102
Norm of dx    0.12114
----
Improvement on iteration 38 =        0.463666009
-----------------
f at the beginning of new iteration,       291.9665102156
Correct for low angle: 0.00191959
Predicted improvement:        1.715695505
lambda =          1; f =          294.9209901
lambda =    0.33333; f =          291.6117708
Norm of dx     0.1293
----
Improvement on iteration 39 =        0.354739405
-----------------
f at the beginning of new iteration,       291.6117708102
Correct for low angle: 0.00193412
Predicted improvement:        1.444146592
lambda =          1; f =          296.7085404
lambda =    0.33333; f =          291.3883218
lambda =    0.11111; f =          291.3695974
lambda =     0.2148; f =          291.2903517
Norm of dx    0.12697
----
Improvement on iteration 40 =        0.321419085
-----------------
f at the beginning of new iteration,       291.2903517254
Correct for low angle: 0.00390137
Predicted improvement:        0.522435750
lambda =          1; f =          291.0243271
lambda =    0.33333; f =          291.0337652
lambda =    0.64439; f =          290.9509062
Norm of dx     0.1189
----
Improvement on iteration 41 =        0.339445536
-----------------
f at the beginning of new iteration,       290.9509061895
Correct for low angle: 0.00150503
Predicted improvement:        1.354317095
lambda =          1; f =          298.9153000
lambda =    0.33333; f =          290.9904037
lambda =    0.11111; f =          290.7488523
Norm of dx    0.13321
----
Improvement on iteration 42 =        0.202053924
-----------------
f at the beginning of new iteration,       290.7488522658
Predicted improvement:        0.394781579
lambda =          1; f =          290.1740720
lambda =     1.9332; f =          290.0504467
Norm of dx    0.15074
----
Improvement on iteration 43 =        0.698405593
-----------------
f at the beginning of new iteration,       290.0504466726
Correct for low angle: 0.00255355
Predicted improvement:        1.417458696
lambda =          1; f =          295.0413836
lambda =    0.33333; f =          290.1360237
lambda =    0.11111; f =          289.8558590
Norm of dx    0.14342
----
Improvement on iteration 44 =        0.194587666
-----------------
f at the beginning of new iteration,       289.8558590068
Correct for low angle: 0.00402755
Predicted improvement:        0.166668861
lambda =          1; f =          289.7391105
Norm of dx   0.088832
----
Improvement on iteration 45 =        0.116748463
-----------------
f at the beginning of new iteration,       289.7391105434
Correct for low angle: 0.00128011
Predicted improvement:        1.022925667
lambda =          1; f =          294.8387432
lambda =    0.33333; f =          289.7098650
lambda =    0.11111; f =          289.5808853
Norm of dx    0.10304
----
Improvement on iteration 46 =        0.158225221
-----------------
f at the beginning of new iteration,       289.5808853225
Correct for low angle: 0.00454982
Predicted improvement:        0.288057791
lambda =          1; f =          289.2401563
Norm of dx    0.10454
----
Improvement on iteration 47 =        0.340729036
-----------------
f at the beginning of new iteration,       289.2401562861
Correct for low angle: 0.00168024
Predicted improvement:        0.991128048
lambda =          1; f =          290.6184716
lambda =    0.33333; f =          288.9971134
Norm of dx    0.09857
----
Improvement on iteration 48 =        0.243042851
-----------------
f at the beginning of new iteration,       288.9971134350
Correct for low angle: 0.00314665
Predicted improvement:        0.864960983
lambda =          1; f =          289.0328733
lambda =    0.33333; f =          288.5996988
Norm of dx    0.10267
----
Improvement on iteration 49 =        0.397414662
-----------------
f at the beginning of new iteration,       288.5996987728
Predicted improvement:        0.704706010
lambda =          1; f =          287.4143070
lambda =     1.9332; f =          286.7168403
Norm of dx    0.11376
----
Improvement on iteration 50 =        1.882858482
-----------------
f at the beginning of new iteration,       286.7168402905
Predicted improvement:        0.955103601
lambda =          1; f =          285.6708693
Norm of dx   0.062671
----
Improvement on iteration 51 =        1.045970985
-----------------
f at the beginning of new iteration,       285.6708693054
Correct for low angle: 0.00359964
Predicted improvement:        0.173723860
lambda =          1; f =          285.6319410
lambda =    0.33333; f =          285.5889895
lambda =    0.64439; f =          285.5749746
Norm of dx   0.033033
----
Improvement on iteration 52 =        0.095894683
-----------------
f at the beginning of new iteration,       285.5749746226
Correct for low angle: 0.00259382
Predicted improvement:        0.104383573
lambda =          1; f =          285.5908563
lambda =    0.33333; f =          285.5301346
Norm of dx   0.026865
----
Improvement on iteration 53 =        0.044840023
-----------------
f at the beginning of new iteration,       285.5301345998
Predicted improvement:        0.062605513
lambda =          1; f =          285.4215930
lambda =     1.9332; f =          285.3529219
lambda =     3.7372; f =          285.3281003
Norm of dx   0.026918
----
Improvement on iteration 54 =        0.202034267
-----------------
f at the beginning of new iteration,       285.3281003323
Correct for low angle: 0.00325007
Predicted improvement:        0.336427203
lambda =          1; f =          284.9757068
Norm of dx   0.045002
----
Improvement on iteration 55 =        0.352393492
-----------------
f at the beginning of new iteration,       284.9757068404
Predicted improvement:        0.329483992
lambda =          1; f =          284.3777609
lambda =     1.9332; f =          283.9405081
lambda =     3.7372; f =          283.6196284
Norm of dx   0.034369
----
Improvement on iteration 56 =        1.356078489
-----------------
f at the beginning of new iteration,       283.6196283514
Correct for low angle: 0.00176424
Predicted improvement:        2.031775134
lambda =          1; f =          294.3052445
lambda =    0.33333; f =          284.3314489
lambda =    0.11111; f =          283.4170524
Norm of dx    0.27413
----
Improvement on iteration 57 =        0.202576001
-----------------
f at the beginning of new iteration,       283.4170523508
Correct for low angle: 0.00290605
Predicted improvement:        1.131386828
lambda =          1; f =          288.7708940
lambda =    0.33333; f =          283.3531486
lambda =    0.11111; f =          283.2383258
lambda =     0.2148; f =          283.2087241
Norm of dx    0.26085
----
Improvement on iteration 58 =        0.208328294
-----------------
f at the beginning of new iteration,       283.2087240572
Correct for low angle: 0.00164384
Predicted improvement:        2.152416097
lambda =          1; f =          292.0655210
lambda =    0.33333; f =          283.7163611
lambda =    0.11111; f =          282.9682038
Norm of dx    0.26804
----
Improvement on iteration 59 =        0.240520210
-----------------
f at the beginning of new iteration,       282.9682038472
Correct for low angle: 0.00307044
Predicted improvement:        1.219030337
lambda =          1; f =          294.3954019
lambda =    0.33333; f =          283.3767002
lambda =    0.11111; f =          282.8251309
Norm of dx    0.30014
----
Improvement on iteration 60 =        0.143072961
-----------------
f at the beginning of new iteration,       282.8251308865
Correct for low angle: 0.00200087
Predicted improvement:        1.849689599
lambda =          1; f =          297.7300464
lambda =    0.33333; f =          284.3946595
lambda =    0.11111; f =          282.7610695
lambda =   0.037037; f =          282.7273099
lambda =   0.071599; f =          282.7065050
Norm of dx    0.29553
----
Improvement on iteration 61 =        0.118625863
-----------------
f at the beginning of new iteration,       282.7065050240
Correct for low angle: 0.00229198
Predicted improvement:        1.641244895
lambda =          1; f =          328.8168887
lambda =    0.33333; f =          284.9509253
lambda =    0.11111; f =          282.6674155
lambda =   0.037037; f =          282.6202889
lambda =   0.071599; f =          282.6043403
Norm of dx    0.30771
----
Improvement on iteration 62 =        0.102164691
-----------------
f at the beginning of new iteration,       282.6043403332
Correct for low angle: 0.00212299
Predicted improvement:        1.764261384
lambda =          1; f =          298.3688112
lambda =    0.33333; f =          284.3455303
lambda =    0.11111; f =          282.5753209
lambda =   0.037037; f =          282.5148714
Norm of dx    0.30881
----
Improvement on iteration 63 =        0.089468976
-----------------
f at the beginning of new iteration,       282.5148713567
Predicted improvement:        0.749872386
lambda =          1; f =          281.5415334
Norm of dx    0.31978
----
Improvement on iteration 64 =        0.973338002
-----------------
f at the beginning of new iteration,       281.5415333551
Correct for low angle: 0.00138933
Predicted improvement:        4.645573361
lambda =          1; f =          338.1899336
lambda =    0.33333; f =          288.6337392
lambda =    0.11111; f =          281.8217832
lambda =   0.037037; f =          281.3510406
Norm of dx    0.59984
----
Improvement on iteration 65 =        0.190492785
-----------------
f at the beginning of new iteration,       281.3510405699
Correct for low angle: 0.00280955
Predicted improvement:        1.061135070
lambda =          1; f =          292.1294586
lambda =    0.33333; f =          282.2584710
lambda =    0.11111; f =          281.3030503
lambda =   0.037037; f =          281.2933496
lambda =   0.071599; f =          281.2774851
Norm of dx    0.41375
----
Improvement on iteration 66 =        0.073555518
-----------------
f at the beginning of new iteration,       281.2774850519
Correct for low angle: 0.00123265
Predicted improvement:        2.092939342
lambda =          1; f =          510.4373021
lambda =    0.33333; f =          289.7597860
lambda =    0.11111; f =          281.6944081
lambda =   0.037037; f =          281.2151925
Norm of dx     0.3616
----
Improvement on iteration 67 =        0.062292523
-----------------
f at the beginning of new iteration,       281.2151925289
Correct for low angle: 0.00200203
Predicted improvement:        1.236539250
lambda =          1; f =          303.1754241
lambda =    0.33333; f =          284.2799978
lambda =    0.11111; f =          281.4358485
lambda =   0.037037; f =          281.1805754
Norm of dx    0.35443
----
Improvement on iteration 68 =        0.034617119
-----------------
f at the beginning of new iteration,       281.1805754103
Correct for low angle: 0.00177718
Predicted improvement:        1.302698065
lambda =          1; f =          394.4383291
lambda =    0.33333; f =          286.5938487
lambda =    0.11111; f =          281.4761114
lambda =   0.037037; f =          281.1465959
Norm of dx    0.33852
----
Improvement on iteration 69 =        0.033979533
-----------------
f at the beginning of new iteration,       281.1465958775
Correct for low angle: 0.00179216
Predicted improvement:        1.207831149
lambda =          1; f =          302.7036167
lambda =    0.33333; f =          284.1530160
lambda =    0.11111; f =          281.3634744
lambda =   0.037037; f =          281.1129348
Norm of dx    0.32396
----
Improvement on iteration 70 =        0.033661115
-----------------
f at the beginning of new iteration,       281.1129347622
Correct for low angle: 0.00185594
Predicted improvement:        1.089642381
lambda =          1; f =          361.2101559
lambda =    0.33333; f =          285.3300871
lambda =    0.11111; f =          281.3409518
lambda =   0.037037; f =          281.0828620
Norm of dx     0.3105
----
Improvement on iteration 71 =        0.030072746
-----------------
f at the beginning of new iteration,       281.0828620166
Correct for low angle: 0.00193712
Predicted improvement:        0.975438705
lambda =          1; f =          298.7169091
lambda =    0.33333; f =          283.4381460
lambda =    0.11111; f =          281.2424573
lambda =   0.037037; f =          281.0535447
Norm of dx    0.29767
----
Improvement on iteration 72 =        0.029317364
-----------------
f at the beginning of new iteration,       281.0535446525
Correct for low angle: 0.00201258
Predicted improvement:        0.879262706
lambda =          1; f =          334.7872009
lambda =    0.33333; f =          284.1622051
lambda =    0.11111; f =          281.2176809
lambda =   0.037037; f =          281.0275015
Norm of dx    0.28582
----
Improvement on iteration 73 =        0.026043181
-----------------
f at the beginning of new iteration,       281.0275014713
Correct for low angle: 0.0021105
Predicted improvement:        0.785975466
lambda =          1; f =          295.1547227
lambda =    0.33333; f =          282.8293843
lambda =    0.11111; f =          281.1394354
lambda =   0.037037; f =          281.0017139
Norm of dx    0.27462
----
Improvement on iteration 74 =        0.025787583
-----------------
f at the beginning of new iteration,       281.0017138884
Correct for low angle: 0.00220934
Predicted improvement:        0.705558164
lambda =          1; f =          316.6160404
lambda =    0.33333; f =          283.2275841
lambda =    0.11111; f =          281.1130473
lambda =   0.037037; f =          280.9788859
Norm of dx    0.26436
----
Improvement on iteration 75 =        0.022827973
-----------------
f at the beginning of new iteration,       280.9788859152
Correct for low angle: 0.00233806
Predicted improvement:        0.627325290
lambda =          1; f =          291.8631852
lambda =    0.33333; f =          282.2943317
lambda =    0.11111; f =          281.0496293
lambda =   0.037037; f =          280.9559917
Norm of dx    0.25471
----
Improvement on iteration 76 =        0.022894248
-----------------
f at the beginning of new iteration,       280.9559916668
Correct for low angle: 0.00248485
Predicted improvement:        0.556803888
lambda =          1; f =          303.2129629
lambda =    0.33333; f =          282.4373917
lambda =    0.11111; f =          281.0206771
lambda =   0.037037; f =          280.9356708
Norm of dx    0.24593
----
Improvement on iteration 77 =        0.020320904
-----------------
f at the beginning of new iteration,       280.9356707626
Correct for low angle: 0.00269615
Predicted improvement:        0.484808555
lambda =          1; f =          288.4550893
lambda =    0.33333; f =          281.7723481
lambda =    0.11111; f =          280.9658288
lambda =   0.037037; f =          280.9150538
Norm of dx    0.23776
----
Improvement on iteration 78 =        0.020617004
-----------------
f at the beginning of new iteration,       280.9150537588
Correct for low angle: 0.00301521
Predicted improvement:        0.410760383
lambda =          1; f =          291.2949565
lambda =    0.33333; f =          281.6277654
lambda =    0.11111; f =          280.9273244
lambda =   0.037037; f =          280.8963586
Norm of dx    0.23046
----
Improvement on iteration 79 =        0.018695147
-----------------
f at the beginning of new iteration,       280.8963586114
Correct for low angle: 0.00374804
Predicted improvement:        0.314089820
lambda =          1; f =          282.9608575
lambda =    0.33333; f =          281.0192502
lambda =    0.11111; f =          280.8643706
Norm of dx      0.224
----
Improvement on iteration 80 =        0.031987978
-----------------
f at the beginning of new iteration,       280.8643706334
Correct for low angle: 0.00122261
Predicted improvement:        0.881160074
lambda =          1; f =          321.3164025
lambda =    0.33333; f =          283.2543998
lambda =    0.11111; f =          280.9621679
lambda =   0.037037; f =          280.8311956
Norm of dx    0.20364
----
Improvement on iteration 81 =        0.033174988
-----------------
f at the beginning of new iteration,       280.8311956457
Correct for low angle: 0.00479485
Predicted improvement:        0.198694559
lambda =          1; f =          280.6630909
Norm of dx    0.19775
----
Improvement on iteration 82 =        0.168104722
-----------------
f at the beginning of new iteration,       280.6630909233
Correct for low angle: 0.00157959
Predicted improvement:        0.208050803
lambda =          1; f =          280.9402175
lambda =    0.33333; f =          280.5980490
Norm of dx   0.029309
----
Improvement on iteration 83 =        0.065041888
-----------------
f at the beginning of new iteration,       280.5980490349
Correct for low angle: 0.0019959
Predicted improvement:        0.032528594
lambda =          1; f =          280.7386949
lambda =    0.33333; f =          280.5992734
lambda =    0.11111; f =          280.5931539
Norm of dx   0.025526
----
Improvement on iteration 84 =        0.004895112
-----------------
f at the beginning of new iteration,       280.5931539227
Correct for low angle: 0.00472788
Predicted improvement:        0.012575716
lambda =          1; f =          280.5832578
Norm of dx   0.028734
----
Improvement on iteration 85 =        0.009896082
-----------------
f at the beginning of new iteration,       280.5832578406
Correct for low angle: 0.00162299
Predicted improvement:        0.017345185
lambda =          1; f =          280.6484288
lambda =    0.33333; f =          280.5825830
lambda =    0.11111; f =          280.5805057
lambda =     0.2148; f =          280.5802217
Norm of dx   0.015375
----
Improvement on iteration 86 =        0.003036169
-----------------
f at the beginning of new iteration,       280.5802216716
Correct for low angle: 0.00142531
Predicted improvement:        0.007408083
lambda =          1; f =          280.6230324
lambda =    0.33333; f =          280.5820128
lambda =    0.11111; f =          280.5794591
Norm of dx  0.0098372
----
Improvement on iteration 87 =        0.000762565
-----------------
f at the beginning of new iteration,       280.5794591071
Correct for low angle: 0.00429793
Predicted improvement:        0.001323400
lambda =          1; f =          280.5781047
Norm of dx   0.006119
----
Improvement on iteration 88 =        0.001354396
-----------------
f at the beginning of new iteration,       280.5781047115
Predicted improvement:        0.001223790
lambda =          1; f =          280.5759821
lambda =     1.9332; f =          280.5745128
lambda =     3.7372; f =          280.5730782
Norm of dx  0.0015884
----
Improvement on iteration 89 =        0.005026557
-----------------
f at the beginning of new iteration,       280.5730781549
Correct for low angle: 0.00251332
Predicted improvement:        0.010530857
lambda =          1; f =          280.5900728
lambda =    0.33333; f =          280.5700973
Norm of dx   0.015884
----
Improvement on iteration 90 =        0.002980827
-----------------
f at the beginning of new iteration,       280.5700973280
Correct for low angle: 0.00158298
Predicted improvement:        0.022679345
lambda =          1; f =          280.6966105
lambda =    0.33333; f =          280.5739578
lambda =    0.11111; f =          280.5672590
Norm of dx   0.019071
----
Improvement on iteration 91 =        0.002838355
-----------------
f at the beginning of new iteration,       280.5672589734
Predicted improvement:        0.007054075
lambda =          1; f =          280.5552994
lambda =     1.9332; f =          280.5484540
Norm of dx    0.01979
----
Improvement on iteration 92 =        0.018804989
-----------------
f at the beginning of new iteration,       280.5484539845
Predicted improvement:        0.010802984
lambda =          1; f =          280.5317973
lambda =     1.9332; f =          280.5256786
Norm of dx   0.012871
----
Improvement on iteration 93 =        0.022775422
-----------------
f at the beginning of new iteration,       280.5256785622
Correct for low angle: 0.00194797
Predicted improvement:        0.025624449
lambda =          1; f =          280.6360972
lambda =    0.33333; f =          280.5265264
lambda =    0.11111; f =          280.5221259
Norm of dx    0.02901
----
Improvement on iteration 94 =        0.003552671
-----------------
f at the beginning of new iteration,       280.5221258916
Predicted improvement:        0.010993240
lambda =          1; f =          280.5068119
Norm of dx   0.034298
----
Improvement on iteration 95 =        0.015313951
-----------------
f at the beginning of new iteration,       280.5068119401
Correct for low angle: 0.00203998
Predicted improvement:        0.017444206
lambda =          1; f =          280.8909855
lambda =    0.33333; f =          280.5428642
lambda =    0.11111; f =          280.5082148
lambda =   0.037037; f =          280.5060851
Norm of dx   0.049943
----
Improvement on iteration 96 =        0.000726878
-----------------
f at the beginning of new iteration,       280.5060850619
Correct for low angle: 0.00276034
Predicted improvement:        0.012494176
lambda =          1; f =          280.7971484
lambda =    0.33333; f =          280.5323141
lambda =    0.11111; f =          280.5071533
lambda =   0.037037; f =          280.5055948
Norm of dx   0.050159
----
Improvement on iteration 97 =        0.000490219
-----------------
f at the beginning of new iteration,       280.5055948426
Correct for low angle: 0.00215822
Predicted improvement:        0.015148879
lambda =          1; f =          281.1738728
lambda =    0.33333; f =          280.5703933
lambda =    0.11111; f =          280.5107025
lambda =   0.037037; f =          280.5055016
lambda =   0.012346; f =          280.5053655
Norm of dx    0.04897
----
Improvement on iteration 98 =        0.000229307
-----------------
f at the beginning of new iteration,       280.5053655356
Predicted improvement:        0.006263945
lambda =          1; f =          280.4992934
Norm of dx   0.048235
----
Improvement on iteration 99 =        0.006072152
-----------------
f at the beginning of new iteration,       280.4992933833
Predicted improvement:        0.000677399
lambda =          1; f =          280.4980646
lambda =     1.9332; f =          280.4972233
lambda =     3.7372; f =          280.4964331
Norm of dx  0.0051417
----
Improvement on iteration 100 =        0.002860245
-----------------
f at the beginning of new iteration,       280.4964331385
Predicted improvement:        0.002214404
lambda =          1; f =          280.4920627
lambda =     1.9332; f =          280.4883853
lambda =     3.7372; f =          280.4824024
lambda =     7.2247; f =          280.4752520
Norm of dx  0.0056102
----
Improvement on iteration 101 =        0.021181098
-----------------
f at the beginning of new iteration,       280.4752520405
Predicted improvement:        0.015243016
lambda =          1; f =          280.4466963
lambda =     1.9332; f =          280.4241964
lambda =     3.7372; f =          280.3925924
lambda =     7.2247; f =          280.3808551
Norm of dx    0.01157
----
Improvement on iteration 102 =        0.094396974
-----------------
f at the beginning of new iteration,       280.3808550663
Predicted improvement:        0.077671121
lambda =          1; f =          280.2859233
Norm of dx    0.02328
----
Improvement on iteration 103 =        0.094931774
-----------------
f at the beginning of new iteration,       280.2859232923
Predicted improvement:        0.038645588
lambda =          1; f =          280.2461171
Norm of dx   0.039159
----
Improvement on iteration 104 =        0.039806175
-----------------
f at the beginning of new iteration,       280.2461171169
Correct for low angle: 0.00424262
Predicted improvement:        0.004014479
lambda =          1; f =          280.2446494
lambda =    0.33333; f =          280.2442429
lambda =    0.64439; f =          280.2437165
Norm of dx  0.0097554
----
Improvement on iteration 105 =        0.002400657
-----------------
f at the beginning of new iteration,       280.2437164602
Correct for low angle: 0.00146598
Predicted improvement:        0.011159643
lambda =          1; f =          280.3285625
lambda =    0.33333; f =          280.2479022
lambda =    0.11111; f =          280.2423939
Norm of dx   0.019363
----
Improvement on iteration 106 =        0.001322583
-----------------
f at the beginning of new iteration,       280.2423938769
Correct for low angle: 0.00304772
Predicted improvement:        0.006230597
lambda =          1; f =          280.2737833
lambda =    0.33333; f =          280.2434609
lambda =    0.11111; f =          280.2417216
Norm of dx    0.01753
----
Improvement on iteration 107 =        0.000672321
-----------------
f at the beginning of new iteration,       280.2417215556
Correct for low angle: 0.00415665
Predicted improvement:        0.004738447
lambda =          1; f =          280.2382829
Norm of dx   0.014812
----
Improvement on iteration 108 =        0.003438620
-----------------
f at the beginning of new iteration,       280.2382829359
Correct for low angle: 0.00183499
Predicted improvement:        0.018899041
lambda =          1; f =          280.2495162
lambda =    0.33333; f =          280.2313853
Norm of dx  0.0097852
----
Improvement on iteration 109 =        0.006897633
-----------------
f at the beginning of new iteration,       280.2313853034
Predicted improvement:        0.010065192
lambda =          1; f =          280.2125214
lambda =     1.9332; f =          280.1967205
lambda =     3.7372; f =          280.1711959
lambda =     7.2247; f =          280.1412159
Norm of dx  0.0092892
----
Improvement on iteration 110 =        0.090169397
-----------------
f at the beginning of new iteration,       280.1412159061
Correct for low angle: 0.00129599
Predicted improvement:        0.185290991
lambda =          1; f =          281.1230223
lambda =    0.33333; f =          280.1748153
lambda =    0.11111; f =          280.1172368
Norm of dx   0.051099
----
Improvement on iteration 111 =        0.023979079
-----------------
f at the beginning of new iteration,       280.1172368274
Predicted improvement:        0.037585815
lambda =          1; f =          280.0776298
Norm of dx   0.045135
----
Improvement on iteration 112 =        0.039607027
-----------------
f at the beginning of new iteration,       280.0776298002
Correct for low angle: 0.00162207
Predicted improvement:        0.020756302
lambda =          1; f =          280.2537096
lambda =    0.33333; f =          280.0875210
lambda =    0.11111; f =          280.0756577
Norm of dx   0.024381
----
Improvement on iteration 113 =        0.001972100
-----------------
f at the beginning of new iteration,       280.0756577004
Correct for low angle: 0.00311473
Predicted improvement:        0.004678839
lambda =          1; f =          280.0876583
lambda =    0.33333; f =          280.0748637
lambda =    0.11111; f =          280.0748490
lambda =     0.2148; f =          280.0745865
Norm of dx    0.01242
----
Improvement on iteration 114 =        0.001071193
-----------------
f at the beginning of new iteration,       280.0745865071
Correct for low angle: 0.00222877
Predicted improvement:        0.004268012
lambda =          1; f =          280.0934162
lambda =    0.33333; f =          280.0745556
lambda =    0.11111; f =          280.0738704
lambda =     0.2148; f =          280.0738394
Norm of dx  0.0091493
----
Improvement on iteration 115 =        0.000747085
-----------------
f at the beginning of new iteration,       280.0738394218
Correct for low angle: 0.00184097
Predicted improvement:        0.004168260
lambda =          1; f =          280.0901459
lambda =    0.33333; f =          280.0738869
lambda =    0.11111; f =          280.0732644
Norm of dx  0.0068313
----
Improvement on iteration 116 =        0.000574995
-----------------
f at the beginning of new iteration,       280.0732644267
Predicted improvement:        0.001051360
lambda =          1; f =          280.0717261
lambda =     1.9332; f =          280.0718449
Norm of dx  0.0059561
----
Improvement on iteration 117 =        0.001538301
-----------------
f at the beginning of new iteration,       280.0717261257
Predicted improvement:        0.000143748
lambda =          1; f =          280.0714840
lambda =     1.9332; f =          280.0714932
Norm of dx  0.0011796
----
Improvement on iteration 118 =        0.000242085
-----------------
f at the beginning of new iteration,       280.0714840411
Correct for low angle: 0.00103351
Predicted improvement:        0.000040817
lambda =          1; f =          280.0719660
lambda =    0.33333; f =          280.0714699
Norm of dx  0.0011941
----
Improvement on iteration 119 =        0.000014110
-----------------
f at the beginning of new iteration,       280.0714699307
Correct for low angle: 0.00173853
Predicted improvement:        0.000198474
lambda =          1; f =          280.0718298
lambda =    0.33333; f =          280.0714585
lambda =    0.11111; f =          280.0714516
Norm of dx  0.0008261
----
Improvement on iteration 120 =        0.000018373
-----------------
f at the beginning of new iteration,       280.0714515575
Correct for low angle: 0.00118494
Predicted improvement:        0.000139672
lambda =          1; f =          280.0719963
lambda =    0.33333; f =          280.0714892
lambda =    0.11111; f =          280.0714481
lambda =   0.037037; f =          280.0714486
lambda =   0.012346; f =          280.0714504
Norm of dx 0.00087525
----
Improvement on iteration 121 =        0.000003419
-----------------
f at the beginning of new iteration,       280.0714481388
Correct for low angle: 0.000846039
Predicted improvement:        0.000059321
lambda =          1; f =          280.0719436
lambda =    0.33333; f =          280.0715107
lambda =    0.11111; f =          280.0714576
lambda =   0.037037; f =          280.0714500
lambda =   0.012346; f =          280.0714486
lambda =  0.0041152; f =          280.0714483
lambda =  0.0013717; f =          280.0714482
lambda = 0.00045725; f =          280.0714482
lambda = 0.00015242; f =          280.0714481
lambda = 5.0805e-05; f =          280.0714481
lambda = 1.6935e-05; f =          280.0714481
lambda =  5.645e-06; f =          280.0714481
lambda = 1.8817e-06; f =          280.0714481
lambda = 6.2723e-07; f =          280.0714481
lambda = 2.0908e-07; f =          280.0714481
lambda = 6.9692e-08; f =          280.0714481
lambda = 2.3231e-08; f =          280.0714481
lambda = 7.7435e-09; f =          280.0714481
lambda = 2.5812e-09; f =          280.0714481

lambda =

  -6.2723e-07

lambda = -6.2723e-07; f =          280.0714481
Norm of dx 0.00077731
----
Improvement on iteration 122 =        0.000000000
improvement < crit termination

Final value of minus the log posterior (or likelihood):280.071448 

MODE CHECK

Fval obtained by the minimization routine (minus the posterior/likelihood)): 280.071448

RESULTS FROM POSTERIOR ESTIMATION
parameters
             prior mean     mode    s.d. prior pstdev

trend            0.500   0.6857  0.0863 norm  0.2500 
inflationqstar   1.000   0.9675  0.4579 norm  0.5000 
rstar            0.500   0.4224  0.0882 gamm  0.2500 
kappa            0.300   0.0231  0.0112 gamm  0.1500 
tau              2.000   5.0380  0.6364 gamm  0.5000 
psi1             1.500   1.1693  0.1740 gamm  0.2500 
psi2             0.125   0.2976  0.1776 gamm  0.1000 
rhoR             0.500   0.8500  0.0229 beta  0.2000 
rhog             0.800   0.9872  0.0067 beta  0.1000 
rhoz             0.300   0.4734  0.0895 beta  0.1000 

standard deviation of shocks
             prior mean     mode    s.d. prior pstdev

epsilon_R        0.003   0.0024  0.0001 invg  0.0014 
epsilon_g        0.006   0.0033  0.0007 invg  0.0032 
epsilon_z        0.009   0.0072  0.0005 invg  0.0043 


Log data density [Laplace approximation] is -321.245938.

Estimation::mcmc: One Chain mode.
Estimation::mcmc: Initialization at the posterior mode.

Estimation::mcmc: Write details about the MCMC... Ok!
Estimation::mcmc: Details about the MCMC are available in DS04/metropolis\DS04_mh_history_0.mat


Estimation::mcmc: Number of mh files: 1 per block.
Estimation::mcmc: Total number of generated files: 1.
Estimation::mcmc: Total number of iterations: 500000.
Estimation::mcmc: Current acceptance ratio per chain: 
                                                       Chain  1: 47.1126%
Estimation::mcmc: Total number of MH draws per chain: 500000.
Estimation::mcmc: Total number of generated MH files: 1.
Estimation::mcmc: I'll use mh-files 1 to 1.
Estimation::mcmc: In MH-file number 1 I'll start at line 200001.
Estimation::mcmc: Finally I keep 300000 draws per chain.



MCMC Inefficiency factors per block
Parameter            Block 1
SE_epsilon_R         118.465
SE_epsilon_g         205.029
SE_epsilon_z         124.720
trend                117.268
inflationqstar        99.171
rstar                100.109
kappa                328.559
tau                  105.432
psi1                 174.674
psi2                 204.036
rhoR                 167.242
rhog                 105.361
rhoz                 122.285


Geweke (1992) Convergence Tests, based on means of draws 200000 to 260000 vs 350000 to 500000.
p-values are for Chi2-test for equality of means.
Parameter              Post. Mean        Post. Std   p-val No Taper   p-val 4% Taper   p-val 8% Taper  p-val 15% Taper
SE_epsilon_R                0.002            0.000            0.000            0.164            0.179            0.207
SE_epsilon_g                0.003            0.001            0.000            0.050            0.033            0.022
SE_epsilon_z                0.007            0.001            0.000            0.501            0.479            0.460
trend                       0.679            0.092            0.000            0.586            0.540            0.494
inflationqstar              0.972            0.453            0.000            0.326            0.342            0.348
rstar                       0.424            0.088            0.000            0.045            0.049            0.060
kappa                       0.030            0.013            0.000            0.066            0.057            0.027
tau                         4.982            0.609            0.000            0.167            0.094            0.059
psi1                        1.303            0.162            0.000            0.132            0.143            0.155
psi2                        0.441            0.166            0.000            0.221            0.224            0.271
rhoR                        0.857            0.021            0.000            0.050            0.035            0.042
rhog                        0.986            0.005            0.000            0.208            0.176            0.174
rhoz                        0.508            0.091            0.000            0.268            0.288            0.287


Estimation::marginal density: I'm computing the posterior mean and covariance...  Done!
Estimation::marginal density: I'm computing the posterior log marginal density (modified harmonic mean)... Done!


ESTIMATION RESULTS

Log data density is -321.368974.

parameters
                 prior mean   post. mean        90% HPD interval    prior       pstdev

trend                 0.500       0.6799      0.5257      0.8271   norm        0.2500
inflationqstar        1.000       0.9790      0.2207      1.7079   norm        0.5000
rstar                 0.500       0.4231      0.2782      0.5667   gamm        0.2500
kappa                 0.300       0.0302      0.0101      0.0502   gamm        0.1500
tau                   2.000       4.9834      4.0022      5.9945   gamm        0.5000
psi1                  1.500       1.3056      1.0390      1.5441   gamm        0.2500
psi2                  0.125       0.4432      0.1721      0.6958   gamm        0.1000
rhoR                  0.500       0.8573      0.8242      0.8913   beta        0.2000
rhog                  0.800       0.9858      0.9778      0.9944   beta        0.1000
rhoz                  0.300       0.5054      0.3541      0.6525   beta        0.1000

standard deviation of shocks
                 prior mean   post. mean        90% HPD interval    prior       pstdev

epsilon_R             0.003       0.0025      0.0023      0.0027   invg        0.0014
epsilon_g             0.006       0.0034      0.0025      0.0044   invg        0.0032
epsilon_z             0.009       0.0071      0.0061      0.0080   invg        0.0043
Estimation::mcmc: Posterior (dsge) IRFs...
Estimation::mcmc: Posterior IRFs, done!
Estimation::mcmc: Smoothed variables
Estimation::mcmc: Smoothed variables, done!
Estimation::mcmc: Smoothed shocks
Estimation::mcmc: Smoothed shocks, done!
Estimation::mcmc: Trend_coefficients
Estimation::mcmc: Trend_coefficients, done!
Estimation::mcmc: Smoothed constant
Estimation::mcmc: Smoothed constant, done!
Estimation::mcmc: Smoothed trend
Estimation::mcmc: Smoothed trend, done!
Estimation::mcmc: Updated Variables
Estimation::mcmc: Updated Variables, done!
Estimation::mcmc: Forecasted variables (mean)
Estimation::mcmc: Forecasted variables (mean), done!
Estimation::mcmc: Forecasted variables (point)
Estimation::mcmc: Forecasted variables (point), done!
Total computing time : 1h21m10s
