Starting Dynare (version 4.5.7).
Starting preprocessing of the model file ...
Found 43 equation(s).
Evaluating expressions...done
Computing static model derivatives:
 - order 1
Computing dynamic model derivatives:
 - order 1
 - order 2
Processing outputs ...
done
Preprocessing completed.
ex] Markov Switching SBVAR.

Using 64-bit preprocessor
Starting Dynare (version 4.5.7).
Starting preprocessing of the model file ...
Found 43 equation(s).
Evaluating expressions...done
Computing static model derivatives:
 - order 1
Computing dynamic model derivatives:
 - order 1
 - order 2
Processing outputs ...
done
Preprocessing completed.

Initial value of the log posterior (or likelihood): -972.0151
                                            First-order      Norm of
 Iter F-count            f(x)  Feasibility   optimality         step
    0      31    9.720151e+02    0.000e+00    2.830e+03
    1      64    9.445628e+02    0.000e+00    3.923e+03    4.559e+00
    2      96    8.718558e+02    0.000e+00    3.898e+03    2.921e-01
    3     129    8.611154e+02    0.000e+00    3.801e+03    2.007e-01
    4     161    8.075592e+02    0.000e+00    3.711e+03    8.743e-01
    5     193    7.856386e+02    0.000e+00    3.593e+03    5.193e-01
    6     226    7.810451e+02    0.000e+00    3.515e+03    1.656e+00
    7     260    7.788774e+02    0.000e+00    3.470e+03    1.261e-01
    8     293    7.685478e+02    0.000e+00    3.467e+03    1.626e+00
    9     325    7.576638e+02    0.000e+00    2.786e+03    1.213e+00
   10     358    7.471279e+02    0.000e+00    2.662e+03    6.914e-01
   11     390    7.324055e+02    0.000e+00    2.562e+03    1.761e+00
   12     422    7.280379e+02    0.000e+00    2.090e+03    1.870e-01
   13     454    7.253006e+02    0.000e+00    1.761e+03    2.261e+00
   14     486    7.235494e+02    0.000e+00    1.652e+03    4.700e-01
   15     519    7.081282e+02    0.000e+00    1.568e+03    2.114e+00
   16     553    7.056596e+02    0.000e+00    1.546e+03    5.247e-01
   17     585    7.008228e+02    0.000e+00    1.352e+03    6.518e-01
   18     617    7.002083e+02    0.000e+00    1.260e+03    2.918e+00
   19     649    6.968455e+02    0.000e+00    9.212e+02    7.445e-02
   20     682    6.933011e+02    0.000e+00    9.146e+02    2.715e+00
   21     714    6.884708e+02    0.000e+00    8.629e+02    2.672e-01
   22     746    6.842481e+02    0.000e+00    7.747e+02    3.101e-01
   23     778    6.803340e+02    0.000e+00    5.207e+02    3.982e-01
   24     810    6.779690e+02    0.000e+00    4.582e+02    3.180e-01
   25     841    6.719428e+02    0.000e+00    2.450e+02    8.111e-01
   26     874    6.700860e+02    0.000e+00    2.494e+02    2.504e-01
   27     906    6.688653e+02    0.000e+00    2.880e+02    5.474e-01
   28     938    6.621878e+02    0.000e+00    2.491e+02    6.459e-01
   29     970    6.617113e+02    0.000e+00    2.803e+02    3.768e-01
   30    1002    6.577188e+02    0.000e+00    2.114e+02    4.077e-01

                                            First-order      Norm of
 Iter F-count            f(x)  Feasibility   optimality         step
   31    1034    6.533126e+02    0.000e+00    6.160e+02    4.014e-01
   32    1067    6.517642e+02    0.000e+00    1.854e+02    2.430e-01
   33    1099    6.423859e+02    0.000e+00    3.365e+02    1.004e+00
   34    1131    6.399771e+02    0.000e+00    4.399e+02    6.644e-01
   35    1162    6.322127e+02    0.000e+00    6.289e+03    1.490e+00
   36    1200    6.212783e+02    0.000e+00    6.271e+03    3.095e-01
   37    1232    6.169099e+02    0.000e+00    4.421e+03    4.351e-01
   38    1264    6.064674e+02    0.000e+00    9.695e+02    4.285e+00
   39    1296    5.977377e+02    0.000e+00    7.314e+02    7.421e-01
   40    1327    5.968892e+02    0.000e+00    1.984e+04    6.791e-01
   41    1358    5.938107e+02    0.000e+00    1.935e+04    5.829e-01
   42    1390    5.836214e+02    0.000e+00    4.540e+03    9.075e-01
   43    1422    5.791211e+02    0.000e+00    5.090e+03    7.098e-01
   44    1455    5.745848e+02    0.000e+00    9.802e+02    3.888e-01
   45    1487    5.732765e+02    0.000e+00    8.228e+02    6.137e-01
   46    1519    5.721843e+02    0.000e+00    9.406e+02    4.309e-01
   47    1551    5.711537e+02    0.000e+00    8.290e+02    3.772e-01
   48    1584    5.707029e+02    0.000e+00    7.375e+02    3.151e-01
   49    1616    5.691584e+02    0.000e+00    7.573e+02    3.075e-01
   50    1649    5.665170e+02    0.000e+00    7.243e+02    3.092e-01
   51    1682    5.658667e+02    0.000e+00    6.587e+02    2.968e-01
   52    1714    5.641030e+02    0.000e+00    6.049e+02    4.642e-01
   53    1747    5.633462e+02    0.000e+00    5.469e+02    2.150e-01
   54    1779    5.608480e+02    0.000e+00    4.750e+02    4.970e-01
   55    1812    5.599910e+02    0.000e+00    4.907e+02    1.332e-01
   56    1843    5.579333e+02    0.000e+00    4.734e+02    6.295e-01
   57    1875    5.571877e+02    0.000e+00    4.552e+02    1.169e-01
   58    1906    5.566955e+02    0.000e+00    5.768e+02    5.283e-01
   59    1938    5.565488e+02    0.000e+00    4.941e+02    2.273e-01
   60    1969    5.561259e+02    0.000e+00    4.047e+02    5.681e-01

                                            First-order      Norm of
 Iter F-count            f(x)  Feasibility   optimality         step
   61    2000    5.544714e+02    0.000e+00    4.449e+02    4.058e-01
   62    2031    5.540127e+02    0.000e+00    4.447e+02    1.691e-01
   63    2062    5.534605e+02    0.000e+00    4.351e+02    2.134e-01
   64    2093    5.529661e+02    0.000e+00    3.987e+02    3.839e-01
   65    2124    5.525730e+02    0.000e+00    3.728e+02    2.463e-01
   66    2155    5.523738e+02    0.000e+00    3.100e+02    6.741e-01
   67    2186    5.519591e+02    0.000e+00    3.013e+02    1.183e-01
   68    2217    5.517548e+02    0.000e+00    2.782e+02    1.216e-01
   69    2248    5.516097e+02    0.000e+00    2.579e+02    2.324e-01
   70    2279    5.514896e+02    0.000e+00    2.492e+02    1.128e-01
   71    2310    5.513454e+02    0.000e+00    2.509e+02    8.991e-02
   72    2341    5.512795e+02    0.000e+00    2.396e+02    7.159e-02
   73    2372    5.512183e+02    0.000e+00    2.360e+02    6.603e-02
   74    2403    5.511513e+02    0.000e+00    2.228e+02    5.609e-02
   75    2434    5.511299e+02    0.000e+00    2.147e+02    9.210e-02
   76    2465    5.510843e+02    0.000e+00    2.059e+02    2.222e-02
   77    2496    5.509880e+02    0.000e+00    1.874e+02    2.904e-02
   78    2527    5.508764e+02    0.000e+00    1.721e+02    6.140e-02
   79    2558    5.506592e+02    0.000e+00    1.432e+02    1.536e-01
   80    2589    5.504801e+02    0.000e+00    1.174e+02    1.431e-01
   81    2620    5.503937e+02    0.000e+00    9.849e+01    3.878e-02
   82    2651    5.503827e+02    0.000e+00    9.132e+01    2.568e-02
   83    2682    5.503825e+02    0.000e+00    8.881e+01    2.242e-02
   84    2713    5.503822e+02    0.000e+00    8.740e+01    2.080e-02
   85    2744    5.503810e+02    0.000e+00    8.608e+01    1.624e-02
   86    2775    5.503784e+02    0.000e+00    8.439e+01    1.615e-02
   87    2806    5.503729e+02    0.000e+00    8.183e+01    1.627e-02
   88    2837    5.503594e+02    0.000e+00    7.745e+01    1.878e-02
   89    2868    5.503256e+02    0.000e+00    7.685e+01    1.995e-02
   90    2899    5.502417e+02    0.000e+00    7.408e+01    1.922e-02

                                            First-order      Norm of
 Iter F-count            f(x)  Feasibility   optimality         step
   91    2930    5.500533e+02    0.000e+00    6.255e+01    1.816e-02
   92    2961    5.497770e+02    0.000e+00    2.486e+01    3.448e-02
   93    2992    5.496282e+02    0.000e+00    2.169e+01    3.036e-02
   94    3023    5.495907e+02    0.000e+00    8.970e+00    3.372e-02
   95    3054    5.495865e+02    0.000e+00    2.804e+00    2.004e-02
   96    3085    5.495862e+02    0.000e+00    1.550e+00    9.705e-03
   97    3116    5.495868e+02    0.000e+00    5.520e-01    3.633e-03
   98    3147    5.495736e+02    0.000e+00    1.880e+00    2.385e-02
   99    3178    5.495717e+02    0.000e+00    1.245e+00    1.827e-03
  100    3209    5.495709e+02    0.000e+00    8.104e-01    3.340e-03
  101    3240    5.495709e+02    0.000e+00    3.345e-01    2.198e-03
  102    3271    5.495709e+02    0.000e+00    1.066e-01    1.111e-03
  103    3302    5.495709e+02    0.000e+00    2.166e-02    2.855e-04
  104    3333    5.495702e+02    0.000e+00    1.075e-01    2.916e-03
  105    3364    5.495702e+02    0.000e+00    5.109e-02    5.223e-04
  106    3395    5.495702e+02    0.000e+00    4.816e-02    2.360e-04
  107    3426    5.495702e+02    0.000e+00    2.061e-02    2.239e-04
  108    3457    5.495702e+02    0.000e+00    1.131e-02    1.184e-04
  109    3488    5.495702e+02    0.000e+00    5.160e-03    1.444e-04
  110    3528    5.495702e+02    0.000e+00    4.019e-03    4.817e-06
  111    3561    5.495702e+02    0.000e+00    2.169e-01    2.353e-04
  112    3594    5.495702e+02    0.000e+00    2.325e-01    1.153e-03
  113    3625    5.495702e+02    0.000e+00    1.260e-02    4.706e-04
  114    3656    5.495702e+02    0.000e+00    8.526e-03    3.069e-04
  115    3687    5.495702e+02    0.000e+00    7.013e-03    4.092e-04
  116    3718    5.495702e+02    0.000e+00    9.014e-03    3.635e-05
  117    3749    5.495702e+02    0.000e+00    6.420e-03    2.489e-05
  118    3788    5.495702e+02    0.000e+00    1.108e-03    4.117e-06
  119    3819    5.495702e+02    0.000e+00    3.865e-02    1.419e-04
  120    3850    5.495702e+02    0.000e+00    2.340e-02    4.280e-04

                                            First-order      Norm of
 Iter F-count            f(x)  Feasibility   optimality         step
  121    3881    5.495702e+02    0.000e+00    1.096e-02    2.928e-04
  122    3912    5.495702e+02    0.000e+00    2.949e-03    1.391e-04
  123    3944    5.495702e+02    0.000e+00    2.988e-03    1.144e-05
  124    3978    5.495702e+02    0.000e+00    3.117e-03    5.176e-06

<a href = "matlab: helpview([docroot '/toolbox/optim/msg_csh/optim_msg_csh.map'],'local_min_poss_with_constr','CSHelpWindow');">Local minimum possible. Constraints satisfied</a>.

fmincon stopped because the <a href = "matlab: helpview([docroot '/toolbox/optim/msg_csh/optim_msg_csh.map'],'norm_curr_step_simple_fminconip','CSHelpWindow');">size of the current step</a> is less than
the value of the <a href = "matlab: helpview([docroot '/toolbox/optim/msg_csh/optim_msg_csh.map'],'step_size_tol','CSHelpWindow');">step size tolerance</a> and constraints are 
satisfied to within the value of the <a href = "matlab: helpview([docroot '/toolbox/optim/msg_csh/optim_msg_csh.map'],'constraint_tolerance','CSHelpWindow');">constraint tolerance</a>.

<<a href = "matlab: createExitMsg({'optimlib:sqpLineSearch:Exit2basic','fmincon'},{'optimlib:sqpLineSearch:Exit2detailed','1.000000e-06','0.000000e+00','1.000000e-06'},true,true);;">stopping criteria details</a>>

Final value of minus the log posterior (or likelihood):549.570177 

RESULTS FROM POSTERIOR ESTIMATION
parameters
       prior mean     mode    s.d. prior pstdev

RHO_A      0.500   0.9703  0.0215 beta  0.2000 
RHO_EFP    0.500   0.9255  0.0224 beta  0.2000 
RHO_G      0.500   0.9795  0.0115 beta  0.2000 
RHO_X      0.500   0.9897  0.0083 beta  0.2000 
RHO_MS     0.500   0.0909  0.0591 beta  0.2000 
RHO_P      0.500   0.9893  0.0068 beta  0.2000 
RHO_W      0.500   0.4197  0.0859 beta  0.2000 
S_PRIMEP   4.000   5.5962  1.1733 norm  1.5000 
H          0.700   0.7326  0.0402 beta  0.1000 
SIGMA_W    0.750   0.8840  0.0181 beta  0.0500 
SIGMAP     0.750   0.7688  0.0275 beta  0.0500 
FCP        1.450   1.6644  0.0733 norm  0.1250 
PPHI       0.330   1.6155  0.4021 gamm  0.2500 
SIGMA_WI   0.500   0.6363  0.1115 beta  0.1500 
SIGMA_PI   0.500   0.1647  0.0700 beta  0.1500 
ZETA       0.250   0.8775  0.0466 beta  0.1500 
IOTA_PI    1.700   1.8765  0.1200 norm  0.1500 
RHO_I      0.750   0.7574  0.0280 beta  0.1000 
IOTA_Y     0.125   0.0362  0.0112 gamm  0.0500 
IOTA_DY    0.063   0.1611  0.0293 norm  0.0500 
VARKAPPA   0.155   0.1309  0.0118 unif  0.0837 
picbar     0.625   0.4985  0.0746 gamm  0.1000 
ctrend     0.400   0.2465  0.0798 norm  0.1000 

standard deviation of shocks
       prior mean     mode    s.d. prior pstdev

ea         0.100   0.3512  0.0284 invg  2.0000 
e_kq       0.100   0.4143  0.0620 invg  2.0000 
eg         0.100   2.9748  0.2230 invg  2.0000 
eqs        0.100   0.6092  0.1614 invg  2.0000 
em         0.100   0.2437  0.0187 invg  2.0000 
epinf      0.100   0.0676  0.0117 invg  2.0000 
ew         0.100   0.1430  0.0211 invg  2.0000 


Log data density [Laplace approximation] is -623.247459.

Estimation::mcmc: One Chain mode.
Estimation::mcmc: Initialization at the posterior mode.

Estimation::mcmc: Write details about the MCMC... Ok!
Estimation::mcmc: Details about the MCMC are available in VI16_BGG/metropolis\VI16_BGG_mh_history_0.mat


Estimation::mcmc: Number of mh files: 2 per block.
Estimation::mcmc: Total number of generated files: 2.
Estimation::mcmc: Total number of iterations: 500000.
Estimation::mcmc: Current acceptance ratio per chain: 
                                                       Chain  1: 37.074%
Estimation::mcmc: Total number of MH draws per chain: 500000.
Estimation::mcmc: Total number of generated MH files: 2.
Estimation::mcmc: I'll use mh-files 1 to 2.
Estimation::mcmc: In MH-file number 1 I'll start at line 150001.
Estimation::mcmc: Finally I keep 350000 draws per chain.



MCMC Inefficiency factors per block
Parameter       Block 1
SE_ea           267.914
SE_e_kq         205.096
SE_eg           159.482
SE_eqs          512.833
SE_em           145.501
SE_epinf        227.430
SE_ew           149.599
RHO_A           674.776
RHO_EFP         211.190
RHO_G           182.541
RHO_X           494.665
RHO_MS          224.248
RHO_P           378.033
RHO_W           150.912
S_PRIMEP        242.923
H               326.942
SIGMA_W         203.294
SIGMAP          240.737
FCP             164.616
PPHI            213.321
SIGMA_WI        133.110
SIGMA_PI        211.255
ZETA            219.899
IOTA_PI         139.734
RHO_I           255.846
IOTA_Y          230.313
IOTA_DY         207.235
VARKAPPA        372.205
picbar          159.524
ctrend          173.411


Geweke (1992) Convergence Tests, based on means of draws 150000 to 220000 vs 325000 to 500000.
p-values are for Chi2-test for equality of means.
Parameter         Post. Mean        Post. Std   p-val No Taper   p-val 4% Taper   p-val 8% Taper  p-val 15% Taper
SE_ea                  0.344            0.032            0.000            0.015            0.041            0.066
SE_e_kq                0.471            0.072            0.000            0.407            0.426            0.417
SE_eg                  3.046            0.237            0.000            0.019            0.014            0.007
SE_eqs                 0.932            0.292            0.000            0.009            0.036            0.064
SE_em                  0.253            0.020            0.000            0.098            0.137            0.173
SE_epinf               0.075            0.014            0.000            0.532            0.558            0.553
SE_ew                  0.140            0.022            0.000            0.751            0.746            0.713
RHO_A                  0.867            0.108            0.000            0.081            0.155            0.189
RHO_EFP                0.919            0.024            0.000            0.026            0.031            0.030
RHO_G                  0.981            0.011            0.000            0.032            0.067            0.085
RHO_X                  0.972            0.020            0.000            0.851            0.860            0.860
RHO_MS                 0.149            0.074            0.000            0.196            0.252            0.277
RHO_P                  0.986            0.010            0.275            0.962            0.963            0.963
RHO_W                  0.455            0.090            0.000            0.556            0.530            0.463
S_PRIMEP               5.600            1.159            0.000            0.011            0.026            0.044
H                      0.758            0.046            0.000            0.053            0.117            0.159
SIGMA_W                0.879            0.021            0.000            0.027            0.042            0.057
SIGMAP                 0.752            0.032            0.000            0.541            0.595            0.608
FCP                    1.667            0.075            0.000            0.453            0.507            0.518
PPHI                   1.653            0.453            0.000            0.368            0.362            0.334
SIGMA_WI               0.606            0.111            0.000            0.008            0.011            0.012
SIGMA_PI               0.215            0.084            0.000            0.659            0.697            0.697
ZETA                   0.848            0.054            0.000            0.023            0.060            0.072
IOTA_PI                1.850            0.122            0.000            0.585            0.590            0.598
RHO_I                  0.738            0.035            0.000            0.036            0.074            0.107
IOTA_Y                 0.041            0.014            0.000            0.220            0.242            0.184
IOTA_DY                0.141            0.031            0.000            0.176            0.242            0.255
VARKAPPA               0.114            0.015            0.000            0.022            0.063            0.092
picbar                 0.520            0.080            0.000            0.746            0.751            0.728
ctrend                 0.266            0.080            0.000            0.480            0.448            0.428


Estimation::marginal density: I'm computing the posterior mean and covariance...  Done!
Estimation::marginal density: I'm computing the posterior log marginal density (modified harmonic mean)... Done!


ESTIMATION RESULTS

Log data density is -621.361727.

parameters
           prior mean   post. mean        90% HPD interval    prior       pstdev

RHO_A           0.500       0.8661      0.7002      0.9945   beta        0.2000
RHO_EFP         0.500       0.9186      0.8810      0.9594   beta        0.2000
RHO_G           0.500       0.9806      0.9646      0.9977   beta        0.2000
RHO_X           0.500       0.9723      0.9451      0.9979   beta        0.2000
RHO_MS          0.500       0.1489      0.0302      0.2570   beta        0.2000
RHO_P           0.500       0.9855      0.9719      0.9988   beta        0.2000
RHO_W           0.500       0.4549      0.3120      0.6047   beta        0.2000
S_PRIMEP        4.000       5.6259      3.7554      7.5095   norm        1.5000
H               0.700       0.7583      0.6846      0.8322   beta        0.1000
SIGMA_W         0.750       0.8793      0.8462      0.9147   beta        0.0500
SIGMAP          0.750       0.7515      0.6995      0.8049   beta        0.0500
FCP             1.450       1.6690      1.5433      1.7911   norm        0.1250
PPHI            0.330       1.6550      0.8962      2.3727   gamm        0.2500
SIGMA_WI        0.500       0.6070      0.4292      0.7912   beta        0.1500
SIGMA_PI        0.500       0.2172      0.0823      0.3479   beta        0.1500
ZETA            0.250       0.8493      0.7654      0.9364   beta        0.1500
IOTA_PI         1.700       1.8528      1.6498      2.0508   norm        0.1500
RHO_I           0.750       0.7384      0.6826      0.7954   beta        0.1000
IOTA_Y          0.125       0.0414      0.0197      0.0625   gamm        0.0500
IOTA_DY         0.063       0.1408      0.0895      0.1909   norm        0.0500
VARKAPPA        0.155       0.1145      0.0911      0.1387   unif        0.0837
picbar          0.625       0.5200      0.3868      0.6474   gamm        0.1000
ctrend          0.400       0.2631      0.1273      0.3893   norm        0.1000

standard deviation of shocks
           prior mean   post. mean        90% HPD interval    prior       pstdev

ea              0.100       0.3437      0.2915      0.3970   invg        2.0000
e_kq            0.100       0.4717      0.3554      0.5887   invg        2.0000
eg              0.100       3.0515      2.6589      3.4304   invg        2.0000
eqs             0.100       0.9171      0.4876      1.3511   invg        2.0000
em              0.100       0.2528      0.2203      0.2861   invg        2.0000
epinf           0.100       0.0754      0.0531      0.0980   invg        2.0000
ew              0.100       0.1404      0.1048      0.1778   invg        2.0000
Estimation::mcmc: Smoothed variables
Estimation::mcmc: Smoothed variables, done!
Estimation::mcmc: Smoothed shocks
Estimation::mcmc: Smoothed shocks, done!
Estimation::mcmc: Trend_coefficients
Estimation::mcmc: Trend_coefficients, done!
Estimation::mcmc: Smoothed constant
Estimation::mcmc: Smoothed constant, done!
Estimation::mcmc: Smoothed trend
Estimation::mcmc: Smoothed trend, done!
Estimation::mcmc: Updated Variables
Estimation::mcmc: Updated Variables, done!
Estimation::mcmc: Forecasted variables (mean)
Estimation::mcmc: Forecasted variables (mean), done!
Estimation::mcmc: Forecasted variables (point)
Estimation::mcmc: Forecasted variables (point), done!
Total computing time : 1h30m44s
