Starting Dynare (version 4.5.7).
Starting preprocessing of the model file ...
Found 34 equation(s).
Evaluating expressions...done
Computing static model derivatives:
 - order 1
Computing dynamic model derivatives:
 - order 1
 - order 2
Processing outputs ...
done
Preprocessing completed.
derivatives:
 - order 1
Computing dynamic model derivatives:
 - order 1
 - order 2
Processing outputs ...
done
Preprocessing completed.


Initial value of the log posterior (or likelihood): -17001.4241
                                            First-order      Norm of
 Iter F-count            f(x)  Feasibility   optimality         step
    0      21    1.700142e+04    0.000e+00    4.140e+04
Objective function returned Inf; trying a new point...
    1      44    1.376617e+03    0.000e+00    2.920e+04    1.066e+02
    2      66    1.261345e+03    0.000e+00    2.293e+04    4.061e+00
    3      88    1.184921e+03    0.000e+00    1.974e+04    1.953e+00
    4     110    1.116622e+03    0.000e+00    1.465e+04    1.026e+00
    5     132    1.056115e+03    0.000e+00    1.016e+04    6.041e-01
    6     154    1.001240e+03    0.000e+00    7.929e+03    4.588e-01
    7     176    9.770606e+02    0.000e+00    6.862e+03    1.712e-01
    8     198    9.597661e+02    0.000e+00    6.024e+03    9.442e-02
    9     219    8.419899e+02    0.000e+00    3.122e+03    6.231e-01
   10     240    8.410822e+02    0.000e+00    1.572e+03    4.682e-03
   11     262    8.391402e+02    0.000e+00    1.234e+03    2.305e-01
   12     284    8.304904e+02    0.000e+00    8.574e+02    4.098e-01
   13     306    8.270680e+02    0.000e+00    6.537e+02    6.091e-01
   14     328    8.223258e+02    0.000e+00    7.421e+02    8.081e-01
   15     351    8.145484e+02    0.000e+00    7.778e+02    4.717e-01
   16     372    7.842998e+02    0.000e+00    5.116e+02    1.086e+00
   17     393    7.746604e+02    0.000e+00    8.472e+02    1.300e+00
   18     414    7.722649e+02    0.000e+00    9.171e+02    3.571e-01
   19     437    7.415973e+02    0.000e+00    3.202e+02    8.225e-01
   20     459    7.322206e+02    0.000e+00    1.490e+03    4.784e-01
Objective function returned Inf; trying a new point...
   21     483    7.298106e+02    0.000e+00    1.254e+03    5.885e-01
   22     506    7.276786e+02    0.000e+00    6.535e+02    1.195e+00
   23     529    7.249426e+02    0.000e+00    5.545e+02    9.160e-01
   24     551    7.207693e+02    0.000e+00    4.006e+02    4.646e-01
   25     574    7.184099e+02    0.000e+00    6.686e+02    1.600e-01
   26     597    7.151894e+02    0.000e+00    4.736e+02    1.112e+00
   27     618    7.095262e+02    0.000e+00    1.734e+02    9.046e-01
   28     641    7.091326e+02    0.000e+00    3.464e+02    8.870e-01
   29     665    7.084785e+02    0.000e+00    2.612e+02    4.145e-01
   30     688    7.057733e+02    0.000e+00    1.345e+02    1.347e+00

                                            First-order      Norm of
 Iter F-count            f(x)  Feasibility   optimality         step
   31     712    7.033101e+02    0.000e+00    1.482e+02    8.679e-01
   32     740    7.028821e+02    0.000e+00    2.444e+02    8.691e-02
   33     761    7.021228e+02    0.000e+00    7.326e+02    4.113e+00
   34     784    7.004294e+02    0.000e+00    6.839e+02    1.569e+00
   35     807    6.957356e+02    0.000e+00    9.693e+02    5.681e+00
   36     829    6.887862e+02    0.000e+00    2.258e+02    3.555e+00
   37     850    6.633752e+02    0.000e+00    5.600e+02    1.693e+01
   38     871    6.584826e+02    0.000e+00    4.517e+02    6.634e+00
   39     892    6.550308e+02    0.000e+00    1.621e+02    9.240e-01
   40     914    6.492329e+02    0.000e+00    6.496e+02    6.944e+00
   41     937    6.463837e+02    0.000e+00    5.618e+02    1.662e+00
   42     958    6.432360e+02    0.000e+00    2.709e+02    2.463e+00
   43     979    6.407018e+02    0.000e+00    9.896e+01    1.114e+00
   44    1004    6.377847e+02    0.000e+00    2.602e+02    4.128e+00
   45    1025    6.338548e+02    0.000e+00    2.327e+02    1.412e+00
Objective function returned Inf; trying a new point...
   46    1051    6.338482e+02    0.000e+00    4.041e+02    3.326e+00
   47    1072    6.307429e+02    0.000e+00    2.065e+02    1.064e+00
   48    1095    6.301639e+02    0.000e+00    2.728e+02    9.904e-01
   49    1118    6.299191e+02    0.000e+00    1.097e+03    1.223e+01
   50    1141    6.295896e+02    0.000e+00    8.108e+02    4.174e+00
   51    1162    6.180800e+02    0.000e+00    1.859e+02    3.484e+00
   52    1183    6.120775e+02    0.000e+00    2.687e+02    7.952e+00
   53    1206    6.096591e+02    0.000e+00    2.173e+02    7.503e+00
   54    1227    6.066739e+02    0.000e+00    1.583e+02    4.760e+00
   55    1249    6.040858e+02    0.000e+00    1.363e+02    2.880e+00
   56    1270    6.016816e+02    0.000e+00    2.109e+02    2.377e+00
   57    1291    5.971728e+02    0.000e+00    4.621e+02    4.777e+00
   58    1312    5.919771e+02    0.000e+00    2.258e+02    8.515e-01
   59    1333    5.875152e+02    0.000e+00    1.700e+02    2.403e+00
   60    1355    5.869384e+02    0.000e+00    2.652e+02    1.879e+00

                                            First-order      Norm of
 Iter F-count            f(x)  Feasibility   optimality         step
   61    1376    5.817850e+02    0.000e+00    1.826e+02    3.295e+00
   62    1398    5.810665e+02    0.000e+00    1.902e+02    1.583e+00
   63    1419    5.805099e+02    0.000e+00    2.174e+02    6.172e-01
   64    1440    5.795561e+02    0.000e+00    2.143e+02    4.873e-01
   65    1461    5.786828e+02    0.000e+00    2.266e+02    5.395e-01
   66    1482    5.777422e+02    0.000e+00    2.091e+02    6.865e-01
   67    1503    5.756644e+02    0.000e+00    2.382e+02    1.321e+00
   68    1524    5.736373e+02    0.000e+00    2.427e+02    9.737e-01
   69    1545    5.732374e+02    0.000e+00    2.161e+02    1.519e+00
   70    1566    5.703733e+02    0.000e+00    2.901e+02    3.961e-01
   71    1587    5.689862e+02    0.000e+00    3.603e+02    3.691e-01
   72    1608    5.677090e+02    0.000e+00    4.184e+02    2.409e-01
   73    1629    5.662100e+02    0.000e+00    4.289e+02    3.582e-01
   74    1650    5.632849e+02    0.000e+00    3.949e+02    3.987e-01
   75    1672    5.588299e+02    0.000e+00    1.465e+02    6.302e-01
   76    1694    5.573020e+02    0.000e+00    8.116e+01    2.246e-01
   77    1715    5.544154e+02    0.000e+00    1.532e+02    7.891e-01
   78    1736    5.518062e+02    0.000e+00    1.497e+02    1.284e+00
   79    1758    5.511590e+02    0.000e+00    3.062e+02    4.528e-01
   80    1780    5.502315e+02    0.000e+00    3.048e+02    3.391e-01
   81    1801    5.485504e+02    0.000e+00    1.963e+02    1.986e-01
   82    1822    5.472370e+02    0.000e+00    2.539e+02    4.435e-01
   83    1844    5.446759e+02    0.000e+00    3.987e+02    7.584e-01
   84    1866    5.430586e+02    0.000e+00    3.949e+02    3.183e-01
   85    1888    5.403868e+02    0.000e+00    4.164e+02    6.446e-01
   86    1909    5.327516e+02    0.000e+00    5.858e+02    5.395e-01
   87    1931    5.302081e+02    0.000e+00    2.778e+02    2.606e-01
   88    1953    5.293922e+02    0.000e+00    3.072e+02    4.818e-01
   89    1975    5.290701e+02    0.000e+00    3.508e+02    1.318e-01
   90    1997    5.277462e+02    0.000e+00    1.654e+02    2.660e-01

                                            First-order      Norm of
 Iter F-count            f(x)  Feasibility   optimality         step
   91    2018    5.269278e+02    0.000e+00    1.035e+02    1.200e-01
   92    2039    5.255424e+02    0.000e+00    4.044e+02    2.950e-01
   93    2060    5.243933e+02    0.000e+00    9.841e+01    4.850e-01
   94    2081    5.229483e+02    0.000e+00    1.902e+02    1.996e-01
   95    2102    5.204749e+02    0.000e+00    1.175e+02    3.307e-01
   96    2123    5.180022e+02    0.000e+00    2.720e+02    3.749e-01
   97    2144    5.167243e+02    0.000e+00    8.984e+01    5.207e-01
   98    2165    5.159491e+02    0.000e+00    6.574e+01    4.371e-01
   99    2186    5.155660e+02    0.000e+00    4.091e+01    2.760e-01
  100    2207    5.153840e+02    0.000e+00    1.197e+02    1.427e-01
  101    2228    5.152982e+02    0.000e+00    5.011e+01    4.682e-02
  102    2249    5.152058e+02    0.000e+00    5.088e+01    5.358e-02
  103    2270    5.151404e+02    0.000e+00    4.839e+01    5.161e-02
  104    2291    5.150377e+02    0.000e+00    4.613e+01    6.189e-02
  105    2312    5.148239e+02    0.000e+00    4.170e+01    1.730e-01
  106    2333    5.146601e+02    0.000e+00    3.985e+01    1.583e-01
  107    2354    5.144968e+02    0.000e+00    3.880e+01    1.558e-01
  108    2375    5.143077e+02    0.000e+00    3.427e+01    1.397e-01
  109    2396    5.139710e+02    0.000e+00    6.263e+01    2.281e-01
  110    2417    5.135539e+02    0.000e+00    5.878e+01    2.783e-01
  111    2438    5.131531e+02    0.000e+00    7.974e+01    3.533e-01
  112    2459    5.130092e+02    0.000e+00    4.959e+01    2.282e-01
  113    2480    5.128874e+02    0.000e+00    2.652e+01    1.199e-01
  114    2501    5.128463e+02    0.000e+00    2.454e+01    6.251e-02
  115    2522    5.128145e+02    0.000e+00    2.240e+01    6.780e-02
  116    2543    5.127752e+02    0.000e+00    2.046e+01    8.959e-02
  117    2564    5.127042e+02    0.000e+00    2.198e+01    1.505e-01
  118    2585    5.126279e+02    0.000e+00    2.670e+01    1.107e-01
  119    2606    5.125561e+02    0.000e+00    1.659e+01    1.147e-01
  120    2627    5.125119e+02    0.000e+00    1.753e+01    8.557e-02

                                            First-order      Norm of
 Iter F-count            f(x)  Feasibility   optimality         step
  121    2648    5.124789e+02    0.000e+00    1.503e+01    8.943e-02
  122    2669    5.124536e+02    0.000e+00    1.427e+01    4.680e-02
  123    2690    5.124332e+02    0.000e+00    1.423e+01    6.273e-02
  124    2711    5.124106e+02    0.000e+00    1.552e+01    8.430e-02
  125    2732    5.123789e+02    0.000e+00    1.719e+01    1.381e-01
  126    2753    5.123137e+02    0.000e+00    2.493e+01    2.790e-01
  127    2774    5.121667e+02    0.000e+00    5.207e+01    6.049e-01
  128    2795    5.118839e+02    0.000e+00    7.856e+01    1.110e+00
  129    2816    5.113332e+02    0.000e+00    8.904e+01    2.159e+00
  130    2837    5.105408e+02    0.000e+00    7.460e+01    3.449e+00
  131    2858    5.100284e+02    0.000e+00    4.817e+01    3.248e+00
  132    2879    5.097832e+02    0.000e+00    3.593e+01    2.762e-01
  133    2901    5.092876e+02    0.000e+00    2.347e+01    3.171e-01
  134    2923    5.091024e+02    0.000e+00    2.377e+01    1.748e-01
  135    2945    5.090954e+02    0.000e+00    1.829e+01    1.295e+00
  136    2966    5.089360e+02    0.000e+00    1.540e+01    6.113e-01
  137    2987    5.088010e+02    0.000e+00    2.558e+01    5.039e-01
  138    3008    5.087490e+02    0.000e+00    3.112e+01    3.180e-01
  139    3029    5.086346e+02    0.000e+00    3.356e+01    1.772e-01
  140    3050    5.083577e+02    0.000e+00    3.571e+01    3.803e-01
  141    3071    5.075188e+02    0.000e+00    5.793e+01    1.605e+00
  142    3092    5.056101e+02    0.000e+00    1.372e+02    4.034e+00
  143    3114    5.026147e+02    0.000e+00    1.715e+02    7.400e+00
  144    3136    4.901814e+02    0.000e+00    2.866e+02    2.963e+01
  145    3157    4.668476e+02    0.000e+00    1.210e+04    4.632e+01
  146    3178    4.649790e+02    0.000e+00    2.397e+04    1.937e+00
  147    3199    4.573328e+02    0.000e+00    2.371e+04    3.701e+00
  148    3221    4.133479e+02    0.000e+00    2.321e+04    1.697e+01
  149    3243    3.944679e+02    0.000e+00    2.545e+04    8.527e+00
  150    3264    3.613304e+02    0.000e+00    2.508e+04    9.629e-01
Objective function returned Inf; trying a new point...

                                            First-order      Norm of
 Iter F-count            f(x)  Feasibility   optimality         step
  151    3287    3.562672e+02    0.000e+00    2.561e+04    8.478e-01
  152    3308    3.562965e+02    0.000e+00    2.188e+04    4.361e+00
  153    3329    3.350535e+02    0.000e+00    2.262e+04    2.912e+00
  154    3351    3.297581e+02    0.000e+00    2.391e+04    2.089e+00
  155    3373    3.278829e+02    0.000e+00    2.267e+04    1.462e+00
  156    3394    3.196182e+02    0.000e+00    1.827e+04    1.816e-01
  157    3418    3.194772e+02    0.000e+00    1.170e+04    1.892e-01
  158    3440    3.154994e+02    0.000e+00    1.044e+04    1.748e+00
  159    3461    3.103071e+02    0.000e+00    1.001e+04    4.080e-01
  160    3482    3.043826e+02    0.000e+00    7.998e+03    5.588e-01
  161    3503    3.031525e+02    0.000e+00    6.762e+03    2.801e-01
  162    3524    3.008082e+02    0.000e+00    6.238e+03    3.760e-01
  163    3545    2.985585e+02    0.000e+00    5.922e+03    5.242e-01
  164    3566    2.957104e+02    0.000e+00    5.349e+03    6.060e-01
  165    3587    2.924636e+02    0.000e+00    4.408e+03    2.195e-01
  166    3608    2.894838e+02    0.000e+00    3.735e+03    2.327e-01
  167    3629    2.863939e+02    0.000e+00    3.040e+03    1.034e-01
  168    3650    2.850798e+02    0.000e+00    2.789e+03    2.466e-01
  169    3671    2.845562e+02    0.000e+00    2.400e+03    1.773e-01
  170    3692    2.842802e+02    0.000e+00    2.363e+03    1.608e-01
  171    3713    2.840725e+02    0.000e+00    2.326e+03    1.139e-01
  172    3734    2.839247e+02    0.000e+00    2.275e+03    4.439e-02
  173    3755    2.837552e+02    0.000e+00    2.229e+03    4.524e-02
  174    3776    2.835606e+02    0.000e+00    2.172e+03    4.080e-02
  175    3797    2.833438e+02    0.000e+00    2.105e+03    4.649e-02
  176    3818    2.830759e+02    0.000e+00    2.014e+03    6.378e-02
  177    3839    2.826684e+02    0.000e+00    1.892e+03    8.487e-02
  178    3860    2.820227e+02    0.000e+00    1.734e+03    1.031e-01
  179    3881    2.810835e+02    0.000e+00    1.557e+03    1.241e-01
  180    3902    2.801057e+02    0.000e+00    1.384e+03    1.491e-01

                                            First-order      Norm of
 Iter F-count            f(x)  Feasibility   optimality         step
  181    3923    2.794466e+02    0.000e+00    1.233e+03    1.185e-01
  182    3944    2.790086e+02    0.000e+00    1.103e+03    7.881e-02
  183    3965    2.787473e+02    0.000e+00    1.014e+03    5.318e-02
  184    3986    2.786300e+02    0.000e+00    9.845e+02    3.718e-02
  185    4007    2.785641e+02    0.000e+00    9.770e+02    3.411e-02
  186    4028    2.785261e+02    0.000e+00    9.778e+02    3.891e-02
  187    4049    2.784883e+02    0.000e+00    9.667e+02    3.483e-02
  188    4070    2.784250e+02    0.000e+00    9.507e+02    3.898e-02
  189    4091    2.782913e+02    0.000e+00    9.059e+02    8.755e-02
  190    4112    2.781528e+02    0.000e+00    8.622e+02    7.742e-02
  191    4133    2.778586e+02    0.000e+00    7.910e+02    1.227e-01
  192    4154    2.773452e+02    0.000e+00    7.058e+02    1.608e-01
  193    4175    2.763950e+02    0.000e+00    6.051e+02    2.420e-01
  194    4196    2.748527e+02    0.000e+00    5.034e+02    3.433e-01
  195    4217    2.725472e+02    0.000e+00    4.043e+02    4.587e-01
  196    4238    2.691637e+02    0.000e+00    2.598e+02    6.480e-01
  197    4259    2.662397e+02    0.000e+00    1.131e+02    4.642e-01
  198    4281    2.654043e+02    0.000e+00    1.560e+02    1.372e-01
  199    4302    2.642653e+02    0.000e+00    1.609e+02    2.787e-01
  200    4323    2.625912e+02    0.000e+00    1.507e+02    4.023e-01
  201    4345    2.616717e+02    0.000e+00    1.546e+02    2.549e-01
  202    4367    2.579954e+02    0.000e+00    2.250e+02    1.352e+00
  203    4388    2.561504e+02    0.000e+00    2.126e+02    4.876e-01
  204    4410    2.555262e+02    0.000e+00    9.450e+01    4.011e-01
  205    4431    2.514026e+02    0.000e+00    6.421e+01    5.072e-01
  206    4452    2.502703e+02    0.000e+00    1.160e+02    3.839e-01
  207    4473    2.497093e+02    0.000e+00    1.003e+02    4.004e-01
  208    4494    2.493570e+02    0.000e+00    7.148e+01    1.270e-01
  209    4515    2.490992e+02    0.000e+00    5.457e+01    9.697e-02
  210    4536    2.488686e+02    0.000e+00    3.444e+01    1.047e-01

                                            First-order      Norm of
 Iter F-count            f(x)  Feasibility   optimality         step
  211    4557    2.487290e+02    0.000e+00    1.170e+01    9.137e-02
  212    4578    2.486747e+02    0.000e+00    1.540e+01    1.075e-01
  213    4599    2.486216e+02    0.000e+00    1.336e+01    2.010e-02
  214    4620    2.485929e+02    0.000e+00    1.973e+00    1.162e-02
  215    4641    2.485850e+02    0.000e+00    2.262e+00    2.573e-02
  216    4662    2.485833e+02    0.000e+00    1.641e+00    1.599e-02
  217    4683    2.485825e+02    0.000e+00    1.478e+00    6.379e-03
  218    4704    2.485817e+02    0.000e+00    1.029e+00    1.573e-03
  219    4725    2.485810e+02    0.000e+00    5.839e-01    1.094e-03
  220    4746    2.485742e+02    0.000e+00    2.368e+00    8.051e-03
  221    4767    2.485728e+02    0.000e+00    1.170e+00    1.725e-03
  222    4788    2.485717e+02    0.000e+00    6.703e-01    3.442e-03
  223    4809    2.485714e+02    0.000e+00    4.556e-01    3.034e-03
  224    4830    2.485714e+02    0.000e+00    1.343e-01    2.199e-03
  225    4851    2.485714e+02    0.000e+00    4.338e-02    8.255e-04
  226    4872    2.485714e+02    0.000e+00    2.000e-02    3.555e-04
  227    4893    2.485710e+02    0.000e+00    8.861e-02    1.077e-03
  228    4914    2.485710e+02    0.000e+00    1.164e-02    1.962e-04
  229    4935    2.485710e+02    0.000e+00    4.134e-03    3.153e-05
  230    4956    2.485710e+02    0.000e+00    4.000e-03    1.316e-05
  231    4977    2.485710e+02    0.000e+00    5.825e-03    2.679e-04
  232    4998    2.485710e+02    0.000e+00    8.740e-03    1.891e-04
  233    5019    2.485710e+02    0.000e+00    2.731e-03    2.132e-05
  234    5040    2.485710e+02    0.000e+00    8.000e-04    4.552e-06
  235    5061    2.485710e+02    0.000e+00    9.699e-04    4.627e-05
  236    5082    2.485710e+02    0.000e+00    6.220e-04    9.766e-06
  237    5103    2.485710e+02    0.000e+00    2.679e-04    8.007e-06
  238    5124    2.485710e+02    0.000e+00    3.025e-04    3.049e-06
  239    5147    2.485710e+02    0.000e+00    2.235e-04    1.776e-06

<a href = "matlab: helpview('optim','local_min_poss_with_constr','CSHelpWindow');">Local minimum possible. Constraints satisfied</a>.

fmincon stopped because the <a href = "matlab: helpview('optim','norm_curr_step_simple_fminconip','CSHelpWindow');">size of the current step</a> is less than
the value of the <a href = "matlab: helpview('optim','step_size_tol','CSHelpWindow');">step size tolerance</a> and constraints are 
satisfied to within the value of the <a href = "matlab: helpview('optim','constraint_tolerance','CSHelpWindow');">constraint tolerance</a>.

<<a href = "matlab: createExitMsg({'optimlib:sqpLineSearch:Exit2basic','fmincon'},{'optimlib:sqpLineSearch:Exit2detailed','1.000000e-06','0.000000e+00','1.000000e-06'},true,true);;">stopping criteria details</a>>

Final value of minus the log posterior (or likelihood):248.570970 

MODE CHECK

Fval obtained by the minimization routine (minus the posterior/likelihood)): 248.570970

RESULTS FROM POSTERIOR ESTIMATION
parameters
         prior mean     mode    s.d. prior pstdev

para_sp_b    0.050   0.0439  0.0041 beta  0.0050 
phiv         4.000   0.6059  0.1530 norm  1.5000 
thetav       0.500   0.5908  0.0518 beta  0.1000 
rhov         0.500   0.4879  0.0501 beta  0.2000 
zetav        1.500   1.3569  0.0674 gamm  0.2500 
zetay        0.125   0.0110  0.0140 gamm  0.1000 
pi_bar       0.620   0.7210  0.0973 gamm  0.1000 
iotapi       0.500   0.3985  0.1488 beta  0.1500 
constebeta   0.300   0.2078  0.0519 gamm  0.1000 
ytrend       0.400   0.7303  0.0300 norm  0.1000 
s_bar        0.500   0.3871  0.0537 gamm  0.1000 
rhov_a       0.500   0.9069  0.0232 beta  0.2000 
rhov_g       0.500   0.8885  0.0276 beta  0.2000 
rhov_i       0.500   0.9354  0.0179 beta  0.2000 
rhov_f       0.750   0.9275  0.0290 beta  0.1500 

standard deviation of shocks
         prior mean     mode    s.d. prior pstdev

e_a          0.100   1.1604  0.1201 invg  2.0000 
e_g          0.100   4.1015  0.3593 invg  2.0000 
e_rn         0.100   0.3263  0.0319 invg  2.0000 
e_i          0.100   1.0427  0.1512 invg  2.0000 
e_f          0.050   3.6048  0.5184 invg  4.0000 


Log data density [Laplace approximation] is -292.087772.

Estimation::mcmc: One Chain mode.
Estimation::mcmc: Initialization at the posterior mode.

Estimation::mcmc: Write details about the MCMC... Ok!
Estimation::mcmc: Details about the MCMC are available in NKBGG/metropolis\NKBGG_mh_history_0.mat


Estimation::mcmc: Number of mh files: 2 per block.
Estimation::mcmc: Total number of generated files: 2.
Estimation::mcmc: Total number of iterations: 1000000.
Estimation::mcmc: Current acceptance ratio per chain: 
                                                       Chain  1: 49.0616%
Estimation::mcmc: Total number of MH draws per chain: 1000000.
Estimation::mcmc: Total number of generated MH files: 2.
Estimation::mcmc: I'll use mh-files 1 to 2.
Estimation::mcmc: In MH-file number 1 I'll start at line 300001.
Estimation::mcmc: Finally I keep 700000 draws per chain.



MCMC Inefficiency factors per block
Parameter        Block 1
SE_e_a           144.426
SE_e_g           114.378
SE_e_rn          108.408
SE_e_i           200.460
SE_e_f           144.025
para_sp_b        100.246
phiv             225.423
thetav           119.039
rhov             112.414
zetav            122.212
zetay            181.092
pi_bar            95.662
iotapi            86.026
constebeta       104.930
ytrend           106.694
s_bar            112.515
rhov_a           148.350
rhov_g           102.733
rhov_i           159.254
rhov_f           132.013


Geweke (1992) Convergence Tests, based on means of draws 300000 to 440000 vs 650000 to 1000000.
p-values are for Chi2-test for equality of means.
Parameter          Post. Mean        Post. Std   p-val No Taper   p-val 4% Taper   p-val 8% Taper  p-val 15% Taper
SE_e_a                  1.214            0.136            0.000            0.319            0.307            0.301
SE_e_g                  4.289            0.378            0.000            0.099            0.064            0.022
SE_e_rn                 0.333            0.033            0.000            0.252            0.237            0.211
SE_e_i                  1.146            0.196            0.000            0.178            0.155            0.145
SE_e_f                  3.873            0.572            0.000            0.278            0.232            0.203
para_sp_b               0.044            0.004            0.000            0.531            0.487            0.384
phiv                    0.708            0.209            0.000            0.342            0.328            0.325
thetav                  0.595            0.052            0.000            0.396            0.404            0.389
rhov                    0.499            0.050            0.000            0.716            0.704            0.699
zetav                   1.367            0.072            0.000            0.451            0.407            0.377
zetay                   0.024            0.017            0.000            0.200            0.200            0.179
pi_bar                  0.719            0.096            0.000            0.577            0.540            0.470
iotapi                  0.427            0.137            0.000            0.122            0.112            0.079
constebeta              0.222            0.053            0.000            0.703            0.706            0.649
ytrend                  0.735            0.030            0.000            0.156            0.170            0.213
s_bar                   0.371            0.051            0.000            0.402            0.371            0.336
rhov_a                  0.896            0.026            0.000            0.346            0.311            0.272
rhov_g                  0.886            0.027            0.000            0.019            0.010            0.004
rhov_i                  0.927            0.022            0.000            0.237            0.260            0.215
rhov_f                  0.921            0.031            0.000            0.781            0.797            0.818


Estimation::marginal density: I'm computing the posterior mean and covariance...  Done!
Estimation::marginal density: I'm computing the posterior log marginal density (modified harmonic mean)... Done!


ESTIMATION RESULTS

Log data density is -291.745278.

parameters
             prior mean   post. mean        90% HPD interval    prior       pstdev

para_sp_b         0.050       0.0444      0.0376      0.0510   beta        0.0050
phiv              4.000       0.7071      0.3978      1.0076   norm        1.5000
thetav            0.500       0.5953      0.5089      0.6791   beta        0.1000
rhov              0.500       0.4998      0.4200      0.5817   beta        0.2000
zetav             1.500       1.3669      1.2498      1.4848   gamm        0.2500
zetay             0.125       0.0239      0.0005      0.0474   gamm        0.1000
pi_bar            0.620       0.7175      0.5616      0.8755   gamm        0.1000
iotapi            0.500       0.4267      0.2018      0.6525   beta        0.1500
constebeta        0.300       0.2218      0.1326      0.3070   gamm        0.1000
ytrend            0.400       0.7347      0.6846      0.7842   norm        0.1000
s_bar             0.500       0.3710      0.2871      0.4567   gamm        0.1000
rhov_a            0.500       0.8958      0.8548      0.9371   beta        0.2000
rhov_g            0.500       0.8861      0.8416      0.9310   beta        0.2000
rhov_i            0.500       0.9267      0.8937      0.9616   beta        0.2000
rhov_f            0.750       0.9210      0.8730      0.9710   beta        0.1500

standard deviation of shocks
             prior mean   post. mean        90% HPD interval    prior       pstdev

e_a               0.100       1.2137      0.9943      1.4250   invg        2.0000
e_g               0.100       4.2929      3.6765      4.8960   invg        2.0000
e_rn              0.100       0.3331      0.2798      0.3855   invg        2.0000
e_i               0.100       1.1436      0.8438      1.4338   invg        2.0000
e_f               0.050       3.8729      2.9417      4.7572   invg        4.0000
Estimation::mcmc: Posterior (dsge) IRFs...
Estimation::mcmc: Posterior IRFs, done!
Estimation::mcmc: Smoothed variables
Estimation::mcmc: Smoothed variables, done!
Estimation::mcmc: Smoothed shocks
Estimation::mcmc: Smoothed shocks, done!
Estimation::mcmc: Trend_coefficients
Estimation::mcmc: Trend_coefficients, done!
Estimation::mcmc: Smoothed constant
Estimation::mcmc: Smoothed constant, done!
Estimation::mcmc: Smoothed trend
Estimation::mcmc: Smoothed trend, done!
Estimation::mcmc: Updated Variables
Estimation::mcmc: Updated Variables, done!
Estimation::mcmc: Forecasted variables (mean)
Estimation::mcmc: Forecasted variables (mean), done!
Estimation::mcmc: Forecasted variables (point)
Estimation::mcmc: Forecasted variables (point), done!
Total computing time : 7h25m36s
