Starting Dynare (version 4.5.7).
Starting preprocessing of the model file ...
Found 61 equation(s).
Evaluating expressions...done
Computing static model derivatives:
 - order 1
Computing dynamic model derivatives:
 - order 1
 - order 2
Processing outputs ...
done
Preprocessing completed.
ynare_estimation</a> (<a href="matlab: opentoline('C:\dynare\4.5.7\matlab\dynare_estimation.m',105,0)">line 105</a>)
  In <a href="matlab:matlab.internal.language.introspective.errorDocCallback('VI16_GK', 'C:\Users\KaiLong\Documents\GitHub\MMB_forecast_application\estimations\VI16_GK_20010512_s3\VI16_GK.m', 619)" style="font-weight:bold">VI16_GK</a> (<a href="matlab: opentoline('C:\Users\KaiLong\Documents\GitHub\MMB_forecast_application\estimations\VI16_GK_20010512_s3\VI16_GK.m',619,0)">line 619</a>)
  In <a href="matlab:matlab.internal.language.introspective.errorDocCallback('dynare', 'C:\dynare\4.5.7\matlab\dynare.m', 235)" style="font-weight:bold">dynare</a> (<a href="matlab: opentoline('C:\dynare\4.5.7\matlab\dynare.m',235,0)">line 235</a>)
  In <a href="matlab:matlab.internal.language.introspective.errorDocCallback('Copy_2_of_gen_forecast', 'C:\Users\KaiLong\Documents\GitHub\MMB_forecast_application\Copy_2_of_gen_forecast.m', 222)" style="font-weight:bold">Copy_2_of_gen_forecast</a> (<a href="matlab: opentoline('C:\Users\KaiLong\Documents\GitHub\MMB_forecast_application\Copy_2_of_gen_forecast.m',222,0)">line 222</a>)] 

RESULTS FROM POSTERIOR ESTIMATION
parameters
       prior mean     mode    s.d. prior pstdev

RHO_A      0.500   0.9774     NaN beta  0.2000 
RHO_RP     0.500   0.9809     NaN beta  0.2000 
RHO_G      0.500   0.9740     NaN beta  0.2000 
RHO_X      0.500   0.9978     NaN beta  0.2000 
RHO_MS     0.500   0.0583     NaN beta  0.2000 
RHO_P      0.500   0.0682     NaN beta  0.2000 
RHO_W      0.500   0.3122     NaN beta  0.2000 
S_PRIMEP   4.000   3.9914     NaN norm  1.5000 
H          0.700   0.6390     NaN beta  0.1000 
SIGMA_W    0.750   0.9258     NaN beta  0.0500 
SIGMAP     0.750   0.9586     NaN beta  0.0500 
FCP        1.450   1.7435     NaN norm  0.1250 
PHI        0.330   1.0841     NaN gamm  0.2500 
SIGMA_WI   0.500   0.5261     NaN beta  0.1500 
SIGMA_PI   0.500   0.6054     NaN beta  0.1500 
ZETA       0.250   0.8533     NaN beta  0.1500 
IOTA_PI    1.700   1.7982     NaN norm  0.1500 
RHO_I      0.750   0.7371     NaN beta  0.1000 
IOTA_Y     0.125   0.0315     NaN gamm  0.0500 
IOTA_DY    0.063   0.1217     NaN norm  0.0500 
picbar     0.625   0.6285     NaN gamm  0.1000 
ctrend     0.400   0.1741     NaN norm  0.1000 

standard deviation of shocks
       prior mean     mode    s.d. prior pstdev

e_a        0.100   0.3355     NaN invg  2.0000 
e_x        0.100   1.1374     NaN invg  2.0000 
e_i        0.100   0.2485     NaN invg  2.0000 
e_kq       0.100   0.1580     NaN invg  2.0000 
e_g        0.100   2.8396     NaN invg  2.0000 
epinf      0.100   0.1371     NaN invg  2.0000 
ew         0.100   0.1612     NaN invg  2.0000 


Log data density [Laplace approximation] is NaN.


Configuring Dynare ...
[mex] Generalized QZ.
[mex] Sylvester equation solution.
[mex] Kronecker products.
[mex] Sparse kronecker products.
[mex] Local state space iteration (second order).
[mex] Bytecode evaluation.
[mex] k-order perturbation solver.
[mex] k-order solution simulation.
[mex] Quasi Monte-Carlo sequence (Sobol).
[mex] Markov Switching SBVAR.

Using 64-bit preprocessor
Starting Dynare (version 4.5.7).
Starting preprocessing of the model file ...
Found 61 equation(s).
Evaluating expressions...done
Computing static model derivatives:
 - order 1
Computing dynamic model derivatives:
 - order 1
 - order 2
Processing outputs ...
done
Preprocessing completed.


STEADY-STATE RESULTS:

hours_sw07_obs 		 0
ffr_obs        		 1.0101
gdpdef_obs     		 0.8
gdp_rgd_obs    		 0.43
c_rgd_obs      		 0.43
ifi_rgd_obs    		 0.43
wage_rgd_obs   		 0.43
ewma           		 0
epinfma        		 0
y              		 0
inv            		 0
ext_pr         		 0
pinf           		 0
c              		 0
lev            		 0
q              		 0
Lambda         		 0
ell            		 0
eta            		 0
v              		 0
rk             		 0
invss          		 0
z              		 0
s              		 0
mu             		 0
n              		 0
n_e            		 0
lend           		 0
u              		 0
w              		 0
G              		 0
r              		 0
a              		 0
x              		 0
spinf          		 0
sw             		 0
kq             		 0
zk             		 0
ms             		 0
yf             		 0
invf           		 0
ext_prf        		 0
cf             		 0
levf           		 0
qf             		 0
Lambdaf        		 0
ellf           		 0
etaf           		 0
vf             		 0
rkf            		 0
xf             		 0
zf             		 0
sf             		 0
muf            		 0
nf             		 0
n_ef           		 0
lendf          		 0
uf             		 0
wf             		 0
rf             		 0
zkf            		 0

EIGENVALUES:
         Modulus             Real        Imaginary

               0               -0                0
               0               -0                0
               0               -0                0
       2.536e-17        2.536e-17                0
       4.136e-17        4.136e-17                0
        6.58e-17        -6.58e-17                0
       6.999e-17        6.999e-17                0
        9.54e-17         9.54e-17                0
       1.073e-16        1.073e-16                0
       1.382e-16        1.382e-16                0
       2.188e-16        2.188e-16                0
       2.235e-15       -2.235e-15                0
         0.07425          0.07425                0
          0.2199           0.2199                0
          0.4744           0.4744                0
          0.6373           0.6311          0.08874
          0.6373           0.6311         -0.08874
          0.6928           0.6928                0
             0.8              0.8                0
             0.8              0.8                0
          0.8767           0.8767                0
          0.8779           0.8747          0.07471
          0.8779           0.8747         -0.07471
          0.8889           0.8854          0.07889
          0.8889           0.8854         -0.07889
          0.9349           0.9349                0
          0.9392           0.9392                0
          0.9583           0.9583                0
          0.9607           0.9607                0
           1.014            1.014                0
           1.014            1.014                0
           1.041            1.041                0
           1.042            1.042                0
             1.1            1.089           0.1532
             1.1            1.089          -0.1532
           1.145            1.145                0
           1.237            1.237                0
           1.318            1.318                0
       1.147e+15       -1.147e+15                0
        1.88e+16         1.88e+16                0
       4.582e+16        4.582e+16                0
       1.377e+17       -1.377e+17                0
        1.47e+17        -1.47e+17                0


There are 14 eigenvalue(s) larger than 1 in modulus 
for 14 forward-looking variable(s)

The rank condition is verified.

Initial value of the log posterior (or likelihood): -932.8483
                                            First-order      Norm of
 Iter F-count            f(x)  Feasibility   optimality         step
    0      30    9.328483e+02    0.000e+00    2.409e+03
    1      64    6.705411e+02    0.000e+00    7.083e+02    4.239e-01
    2      97    6.531739e+02    0.000e+00    5.778e+02    2.365e-01
Objective function returned Inf; trying a new point...
    3     129    6.441182e+02    0.000e+00    5.685e+02    1.112e+00
    4     159    6.389239e+02    0.000e+00    1.476e+04    2.126e-01
    5     190    6.244388e+02    0.000e+00    4.909e+03    5.084e-01
    6     223    6.191088e+02    0.000e+00    2.318e+03    3.161e-01
    7     254    6.169998e+02    0.000e+00    5.073e+02    7.250e-01
    8     286    6.102055e+02    0.000e+00    5.304e+02    4.069e-01
    9     319    6.076686e+02    0.000e+00    8.791e+02    2.909e-01
   10     350    6.013448e+02    0.000e+00    1.369e+03    3.184e-01
Objective function returned Inf; trying a new point...
   11     382    5.822786e+02    0.000e+00    6.950e+02    9.688e-01
   12     415    5.798736e+02    0.000e+00    6.889e+02    2.424e-01
   13     448    5.780270e+02    0.000e+00    3.378e+02    2.391e-01
   14     479    5.774350e+02    0.000e+00    1.445e+03    7.814e-01
   15     511    5.744444e+02    0.000e+00    5.410e+02    6.479e-01
   16     544    5.707250e+02    0.000e+00    3.302e+02    3.983e-01
   17     577    5.692700e+02    0.000e+00    2.257e+02    2.760e-01
   18     609    5.663767e+02    0.000e+00    3.915e+02    3.101e-01
   19     642    5.646536e+02    0.000e+00    7.018e+02    2.341e-01
   20     675    5.643908e+02    0.000e+00    6.211e+02    1.109e-01
   21     707    5.639548e+02    0.000e+00    1.734e+02    3.433e-01
   22     739    5.639480e+02    0.000e+00    1.697e+02    2.662e-01
   23     771    5.636060e+02    0.000e+00    4.053e+02    3.513e-01
   24     804    5.633301e+02    0.000e+00    5.812e+02    1.536e-01
   25     835    5.632827e+02    0.000e+00    2.030e+02    4.169e-01
   26     871    5.631040e+02    0.000e+00    2.961e+02    2.509e-01
   27     902    5.627465e+02    0.000e+00    5.689e+02    1.899e-01
   28     934    5.618645e+02    0.000e+00    6.617e+02    1.647e-01
   29     965    5.614742e+02    0.000e+00    2.987e+02    4.411e-01
   30     997    5.611227e+02    0.000e+00    2.720e+02    2.727e-01

                                            First-order      Norm of
 Iter F-count            f(x)  Feasibility   optimality         step
   31    1030    5.610017e+02    0.000e+00    3.095e+02    2.693e-01
   32    1062    5.591923e+02    0.000e+00    1.061e+02    2.490e-01
   33    1095    5.587923e+02    0.000e+00    9.936e+01    1.656e-01
   34    1128    5.587717e+02    0.000e+00    2.976e+02    3.217e-01
   35    1163    5.578802e+02    0.000e+00    5.710e+01    2.408e-01
   36    1196    5.577922e+02    0.000e+00    5.139e+01    9.843e-02
   37    1228    5.574747e+02    0.000e+00    1.654e+02    1.366e-01
   38    1260    5.573405e+02    0.000e+00    8.095e+01    5.498e-02
   39    1293    5.570229e+02    0.000e+00    6.534e+01    1.946e-01
   40    1324    5.568392e+02    0.000e+00    1.091e+02    1.360e-01
   41    1357    5.559906e+02    0.000e+00    9.939e+01    2.915e-01
   42    1389    5.558690e+02    0.000e+00    6.095e+01    5.369e-02
   43    1421    5.555159e+02    0.000e+00    3.319e+02    2.846e-01
   44    1451    5.541342e+02    0.000e+00    5.617e+01    3.412e-01
   45    1483    5.539086e+02    0.000e+00    7.215e+01    4.372e-02
   46    1513    5.540296e+02    0.000e+00    2.437e+02    4.361e-01
   47    1546    5.539566e+02    0.000e+00    2.160e+02    7.991e-02
   48    1577    5.526655e+02    0.000e+00    9.832e+01    3.136e-01
   49    1607    5.513570e+02    0.000e+00    8.652e+01    2.138e-01
   50    1638    5.509963e+02    0.000e+00    1.318e+02    4.883e-02
   51    1668    5.505821e+02    0.000e+00    6.911e+01    1.203e-01
   52    1698    5.502962e+02    0.000e+00    8.123e+01    1.086e-01
   53    1728    5.501545e+02    0.000e+00    7.490e+01    9.382e-02
   54    1758    5.499227e+02    0.000e+00    2.038e+02    1.348e-01
   55    1788    5.493594e+02    0.000e+00    1.040e+02    9.633e-02
   56    1818    5.487164e+02    0.000e+00    1.626e+02    2.014e-01
   57    1848    5.481299e+02    0.000e+00    9.284e+01    9.911e-02
   58    1879    5.474438e+02    0.000e+00    7.880e+01    3.059e-01
   59    1909    5.474710e+02    0.000e+00    1.100e+02    2.286e-01
   60    1939    5.469173e+02    0.000e+00    5.793e+01    6.667e-02

                                            First-order      Norm of
 Iter F-count            f(x)  Feasibility   optimality         step
   61    1969    5.469276e+02    0.000e+00    1.637e+01    7.612e-02
   62    1999    5.468946e+02    0.000e+00    3.254e+01    4.365e-02
   63    2029    5.468686e+02    0.000e+00    2.578e+01    4.972e-02
   64    2059    5.468523e+02    0.000e+00    2.420e+01    4.336e-02
   65    2089    5.468365e+02    0.000e+00    1.175e+01    1.121e-01
   66    2119    5.468344e+02    0.000e+00    1.849e+01    3.080e-02
   67    2149    5.468250e+02    0.000e+00    2.583e+01    3.334e-02
   68    2179    5.468220e+02    0.000e+00    2.179e+01    3.416e-02
   69    2209    5.468198e+02    0.000e+00    2.128e+01    6.072e-03
   70    2239    5.468195e+02    0.000e+00    1.836e+01    2.159e-03
   71    2269    5.468192e+02    0.000e+00    1.217e+01    2.900e-03
   72    2299    5.468195e+02    0.000e+00    8.393e+00    4.842e-03
   73    2329    5.468205e+02    0.000e+00    3.307e+00    3.660e-03
   74    2359    5.468216e+02    0.000e+00    1.496e+00    4.968e-03
   75    2389    5.467504e+02    0.000e+00    3.971e+00    1.701e-02
   76    2419    5.467416e+02    0.000e+00    1.041e+00    5.942e-03
   77    2449    5.467412e+02    0.000e+00    2.082e-01    1.359e-03
   78    2479    5.467258e+02    0.000e+00    1.924e-01    3.610e-03
   79    2509    5.467252e+02    0.000e+00    1.812e-01    4.301e-04
   80    2539    5.467252e+02    0.000e+00    1.546e-01    4.295e-04
   81    2569    5.467252e+02    0.000e+00    1.234e-01    2.245e-04
   82    2599    5.467252e+02    0.000e+00    5.603e-02    4.371e-04
   83    2629    5.467252e+02    0.000e+00    9.342e-03    2.321e-04
   84    2659    5.467213e+02    0.000e+00    4.932e-02    8.877e-04
   85    2689    5.467212e+02    0.000e+00    1.165e-01    4.873e-04
   86    2719    5.467212e+02    0.000e+00    2.984e-02    1.986e-04
   87    2750    5.467212e+02    0.000e+00    1.842e-02    8.480e-05
   88    2786    5.467212e+02    0.000e+00    8.934e-03    4.132e-05
   89    2816    5.467212e+02    0.000e+00    1.466e-02    5.791e-05
   90    2848    5.467212e+02    0.000e+00    5.741e-03    2.377e-05

                                            First-order      Norm of
 Iter F-count            f(x)  Feasibility   optimality         step
   91    2881    5.467212e+02    0.000e+00    1.505e-02    2.109e-05
   92    2912    5.467212e+02    0.000e+00    6.394e-03    8.920e-06
   93    2949    5.467212e+02    0.000e+00    1.431e-03    3.230e-06
   94    2980    5.467212e+02    0.000e+00    2.618e-03    1.641e-06

<a href = "matlab: helpview([docroot '/toolbox/optim/msg_csh/optim_msg_csh.map'],'local_min_poss_with_constr','CSHelpWindow');">Local minimum possible. Constraints satisfied</a>.

fmincon stopped because the <a href = "matlab: helpview([docroot '/toolbox/optim/msg_csh/optim_msg_csh.map'],'norm_curr_step_simple_fminconip','CSHelpWindow');">size of the current step</a> is less than
the value of the <a href = "matlab: helpview([docroot '/toolbox/optim/msg_csh/optim_msg_csh.map'],'step_size_tol','CSHelpWindow');">step size tolerance</a> and constraints are 
satisfied to within the value of the <a href = "matlab: helpview([docroot '/toolbox/optim/msg_csh/optim_msg_csh.map'],'constraint_tolerance','CSHelpWindow');">constraint tolerance</a>.

<<a href = "matlab: createExitMsg({'optimlib:sqpLineSearch:Exit2basic','fmincon'},{'optimlib:sqpLineSearch:Exit2detailed','1.000000e-06','0.000000e+00','1.000000e-06'},true,true);;">stopping criteria details</a>>

Final value of minus the log posterior (or likelihood):546.721234 

RESULTS FROM POSTERIOR ESTIMATION
parameters
       prior mean     mode    s.d. prior pstdev

RHO_A      0.500   0.7514  0.0683 beta  0.2000 
RHO_RP     0.500   0.9776  0.0108 beta  0.2000 
RHO_G      0.500   0.9810  0.0072 beta  0.2000 
RHO_X      0.500   0.9923  0.0045 beta  0.2000 
RHO_MS     0.500   0.0795  0.0523 beta  0.2000 
RHO_P      0.500   0.1385  0.1006 beta  0.2000 
RHO_W      0.500   0.6878  0.1042 beta  0.2000 
S_PRIMEP   4.000   3.7639  0.8470 norm  1.5000 
H          0.700   0.6730  0.0451 beta  0.1000 
SIGMA_W    0.750   0.8574  0.0317 beta  0.0500 
SIGMAP     0.750   0.8781  0.0205 beta  0.0500 
FCP        1.450   1.8644  0.0572 norm  0.1250 
PHI        0.330   1.2962  0.3194 gamm  0.2500 
SIGMA_WI   0.500   0.4776  0.1433 beta  0.1500 
SIGMA_PI   0.500   0.7084  0.0921 beta  0.1500 
ZETA       0.250   0.8625  0.0484 beta  0.1500 
IOTA_PI    1.700   1.9510  0.1072 norm  0.1500 
RHO_I      0.750   0.7703  0.0238 beta  0.1000 
IOTA_Y     0.125   0.0255  0.0071 gamm  0.0500 
IOTA_DY    0.063   0.1401  0.0224 norm  0.0500 
picbar     0.625   0.6787  0.0621 gamm  0.1000 
ctrend     0.400   0.0010  0.0446 norm  0.1000 

standard deviation of shocks
       prior mean     mode    s.d. prior pstdev

e_a        0.100   0.2976  0.0220 invg  2.0000 
e_x        0.100   1.6517  0.4404 invg  2.0000 
e_i        0.100   0.2423  0.0183 invg  2.0000 
e_kq       0.100   0.2742  0.0424 invg  2.0000 
e_g        0.100   3.2350  0.2468 invg  2.0000 
epinf      0.100   0.1248  0.0124 invg  2.0000 
ew         0.100   0.0917  0.0192 invg  2.0000 


Log data density [Laplace approximation] is -617.160907.

Estimation::mcmc: One Chain mode.
Estimation::mcmc: Initialization at the posterior mode.

Estimation::mcmc: Write details about the MCMC... Ok!
Estimation::mcmc: Details about the MCMC are available in VI16_GK/metropolis\VI16_GK_mh_history_0.mat


Estimation::mcmc: Number of mh files: 2 per block.
Estimation::mcmc: Total number of generated files: 2.
Estimation::mcmc: Total number of iterations: 500000.
Estimation::mcmc: Current acceptance ratio per chain: 
                                                       Chain  1: 13.5522%
Estimation::mcmc: Total number of MH draws per chain: 500000.
Estimation::mcmc: Total number of generated MH files: 2.
Estimation::mcmc: I'll use mh-files 1 to 2.
Estimation::mcmc: In MH-file number 1 I'll start at line 150001.
Estimation::mcmc: Finally I keep 350000 draws per chain.



MCMC Inefficiency factors per block
Parameter       Block 1
SE_e_a          394.175
SE_e_x          516.317
SE_e_i          381.316
SE_e_kq         449.391
SE_e_g          317.961
SE_epinf        487.201
SE_ew           456.879
RHO_A           415.702
RHO_RP          533.960
RHO_G           528.824
RHO_X           294.878
RHO_MS          463.261
RHO_P           428.434
RHO_W           439.264
S_PRIMEP        448.477
H               359.569
SIGMA_W         304.486
SIGMAP          521.460
FCP             449.682
PHI             505.508
SIGMA_WI        286.000
SIGMA_PI        378.152
ZETA            402.861
IOTA_PI         357.993
RHO_I           484.153
IOTA_Y          553.528
IOTA_DY         401.046
picbar          421.401
ctrend          628.569


Geweke (1992) Convergence Tests, based on means of draws 150000 to 220000 vs 325000 to 500000.
p-values are for Chi2-test for equality of means.
Parameter         Post. Mean        Post. Std   p-val No Taper   p-val 4% Taper   p-val 8% Taper  p-val 15% Taper
SE_e_a                 0.319            0.026            0.000            0.465            0.442            0.411
SE_e_x                 1.782            0.508            0.000            0.241            0.262            0.214
SE_e_i                 0.258            0.020            0.000            0.701            0.678            0.654
SE_e_kq                0.345            0.056            0.000            0.640            0.685            0.711
SE_e_g                 3.087            0.240            0.000            0.228            0.255            0.219
SE_epinf               0.061            0.015            0.000            0.097            0.100            0.076
SE_ew                  0.131            0.024            0.000            0.021            0.031            0.041
RHO_A                  0.738            0.081            0.000            0.730            0.730            0.708
RHO_RP                 0.946            0.017            0.000            0.020            0.031            0.041
RHO_G                  0.975            0.011            0.000            0.899            0.903            0.894
RHO_X                  0.993            0.004            0.000            0.718            0.713            0.714
RHO_MS                 0.146            0.071            0.000            0.604            0.591            0.612
RHO_P                  0.962            0.112            0.000            0.128            0.172            0.216
RHO_W                  0.487            0.112            0.000            0.050            0.072            0.099
S_PRIMEP               3.850            0.874            0.000            0.455            0.479            0.491
H                      0.671            0.044            0.000            0.525            0.542            0.542
SIGMA_W                0.882            0.024            0.000            0.577            0.555            0.546
SIGMAP                 0.790            0.034            0.000            0.056            0.062            0.046
FCP                    1.679            0.077            0.000            0.448            0.509            0.510
PHI                    1.725            0.470            0.000            0.407            0.367            0.367
SIGMA_WI               0.603            0.120            0.000            0.361            0.338            0.257
SIGMA_PI               0.232            0.102            0.000            0.515            0.518            0.516
ZETA                   0.802            0.056            0.000            0.070            0.063            0.045
IOTA_PI                1.845            0.114            0.000            0.071            0.075            0.063
RHO_I                  0.739            0.032            0.000            0.033            0.037            0.055
IOTA_Y                 0.037            0.013            0.000            0.111            0.117            0.073
IOTA_DY                0.159            0.025            0.000            0.497            0.536            0.548
picbar                 0.568            0.073            0.000            0.236            0.260            0.253
ctrend                 0.297            0.092            0.000            0.015            0.034            0.038


Estimation::marginal density: I'm computing the posterior mean and covariance...  Done!
Estimation::marginal density: I'm computing the posterior log marginal density (modified harmonic mean)... Done!


ESTIMATION RESULTS

Log data density is -614.541199.

parameters
           prior mean   post. mean        90% HPD interval    prior       pstdev

RHO_A           0.500       0.7368      0.5990      0.8584   beta        0.2000
RHO_RP          0.500       0.9440      0.9181      0.9708   beta        0.2000
RHO_G           0.500       0.9737      0.9567      0.9914   beta        0.2000
RHO_X           0.500       0.9930      0.9873      0.9988   beta        0.2000
RHO_MS          0.500       0.1469      0.0348      0.2564   beta        0.2000
RHO_P           0.500       0.9831      0.9699      0.9979   beta        0.2000
RHO_W           0.500       0.4839      0.3073      0.6520   beta        0.2000
S_PRIMEP        4.000       3.8039      2.4266      5.2061   norm        1.5000
H               0.700       0.6697      0.5940      0.7400   beta        0.1000
SIGMA_W         0.750       0.8827      0.8485      0.9197   beta        0.0500
SIGMAP          0.750       0.7854      0.7383      0.8379   beta        0.0500
FCP             1.450       1.6730      1.5597      1.7841   norm        0.1250
PHI             0.330       1.7255      0.9713      2.4240   gamm        0.2500
SIGMA_WI        0.500       0.6067      0.4176      0.8025   beta        0.1500
SIGMA_PI        0.500       0.2219      0.0882      0.3476   beta        0.1500
ZETA            0.250       0.8006      0.7118      0.8941   beta        0.1500
IOTA_PI         1.700       1.8389      1.6663      2.0241   norm        0.1500
RHO_I           0.750       0.7365      0.6861      0.7914   beta        0.1000
IOTA_Y          0.125       0.0360      0.0177      0.0560   gamm        0.0500
IOTA_DY         0.063       0.1593      0.1180      0.2011   norm        0.0500
picbar          0.625       0.5616      0.4418      0.6744   gamm        0.1000
ctrend          0.400       0.3127      0.1844      0.4467   norm        0.1000

standard deviation of shocks
           prior mean   post. mean        90% HPD interval    prior       pstdev

e_a             0.100       0.3195      0.2759      0.3604   invg        2.0000
e_x             0.100       1.7917      1.0475      2.5080   invg        2.0000
e_i             0.100       0.2576      0.2242      0.2907   invg        2.0000
e_kq            0.100       0.3432      0.2533      0.4308   invg        2.0000
e_g             0.100       3.0737      2.6931      3.4524   invg        2.0000
epinf           0.100       0.0600      0.0390      0.0794   invg        2.0000
ew              0.100       0.1307      0.0922      0.1670   invg        2.0000
Estimation::mcmc: Smoothed variables
Estimation::mcmc: Smoothed variables, done!
Estimation::mcmc: Smoothed shocks
Estimation::mcmc: Smoothed shocks, done!
Estimation::mcmc: Trend_coefficients
Estimation::mcmc: Trend_coefficients, done!
Estimation::mcmc: Smoothed constant
Estimation::mcmc: Smoothed constant, done!
Estimation::mcmc: Smoothed trend
Estimation::mcmc: Smoothed trend, done!
Estimation::mcmc: Updated Variables
Estimation::mcmc: Updated Variables, done!
Estimation::mcmc: Forecasted variables (mean)
Estimation::mcmc: Forecasted variables (mean), done!
Estimation::mcmc: Forecasted variables (point)
Estimation::mcmc: Forecasted variables (point), done!
Total computing time : 2h16m03s
