 
STEADY-STATE RESULTS:
 
lambda         		 0.761533
R              		 1.01604
pic            		 1.00798
c              		 1.33367
w_tilda        		 1.37266
w              		 1.37266
phi_w          		 10.3112
psi_w          		 5.04409
L              		 1.01067
k              		 17.2954
k_bar          		 17.3534
i              		 0.490335
Q              		 1
d              		 8.17366
n              		 9.17969
R_e            		 1.02131
r_k            		 0.0382175
u              		 1
R_d            		 1.01758
F1             		 0.00737821
F2             		 0.0031571
F1_prim        		 0.148605
omega          		 0.469293
mc             		 0.81057
p_tilda        		 1
phi_f          		 21.1686
psi_f          		 26.1157
y              		 2.52699
Delta          		 1
z              		 0.003345
lb             		 0
lphi           		 -0.223144
lmu            		 0
llambda_f      		 -1.45372
lg             		 0.322136
lA             		 0
lsigma         		 -1.22861
lnu            		 -0.0225524
gdp_rgd_obs    		 0.3345
c_rgd_obs      		 0.3345
ifi_rgd_obs    		 0.3345
hours_kr15_obs 		 662.979
wage_rgd_obs   		 0.3345
gdpdef_obs     		 0.795155
ffr_obs        		 1.60412
dlnD           		 0.6626
credit_nom_obs 		 1.45776
bbb1yffr_obs   		 0.153442
 
EIGENVALUES:
         Modulus             Real        Imaginary

               0                0                0
       6.56e-016       -6.56e-016                0
           0.106            0.106                0
           0.125            0.125                0
          0.4779           0.4779                0
          0.5042           0.5042                0
          0.5508           0.5508                0
           0.558           0.5044           0.2385
           0.558           0.5044          -0.2385
          0.5606           0.5606                0
          0.7947           0.7947                0
          0.8482           0.8482                0
           0.887            0.887                0
          0.9192           0.9192                0
          0.9306           0.9306                0
          0.9404           0.9404                0
          0.9509           0.9509                0
          0.9642           0.9642                0
            1.01             1.01                0
            1.08             1.08                0
           1.128            1.128                0
           1.251            1.251                0
           1.481            1.388           0.5173
           1.481            1.388          -0.5173
           1.651            1.651                0
           2.513            2.513                0
             Inf              Inf                0
             Inf              Inf                0
             Inf              Inf                0
             Inf              Inf                0
             Inf              Inf                0
             Inf              Inf                0
             Inf              Inf                0
             Inf              Inf                0
             Inf              Inf                0


There are 17 eigenvalue(s) larger than 1 in modulus 
for 17 forward-looking variable(s)
 
The rank condition is verified.
 
{Warning: File 'KR15_FF/prior' not found.} 
> In <a href="matlab: opentoline('C:\dynare\4.2.4\matlab\CheckPath.m',42,1)">CheckPath at 42</a>
  In <a href="matlab: opentoline('C:\dynare\4.2.4\matlab\set_prior.m',255,1)">set_prior at 255</a>
  In <a href="matlab: opentoline('C:\dynare\4.2.4\matlab\dynare_estimation_init.m',124,1)">dynare_estimation_init at 124</a>
  In <a href="matlab: opentoline('C:\dynare\4.2.4\matlab\dynare_estimation_1.m',37,1)">dynare_estimation_1 at 37</a>
  In <a href="matlab: opentoline('C:\dynare\4.2.4\matlab\dynare_estimation.m',62,1)">dynare_estimation at 62</a>
  In <a href="matlab: opentoline('C:\Users\kailongforecast\Documents\GitHub\MMB_forecast_application\estimations\KR15_FF_20010815_s1_matlab2011a_dy424_moreprec\KR15_FF.m',642,1)">KR15_FF at 642</a>
  In <a href="matlab: opentoline('C:\dynare\4.2.4\matlab\dynare.m',120,1)">dynare at 120</a>
  In <a href="matlab: opentoline('C:\Users\kailongforecast\Documents\GitHub\MMB_forecast_application\gen_forecast_2011a_KL5.m',242,1)">gen_forecast_2011a_KL5 at 242</a>
Loading 99 observations from data_20010815.xls

Initial value of the log posterior (or likelihood): -1026.2628
-----------------
-----------------
f at the beginning of new iteration,      1026.2627701236
Predicted improvement:      570.115974564
lambda =          1; f =         1026.3096713
lambda =    0.33333; f =         1026.2670825
lambda =    0.11111; f =         1026.2630063
lambda =   0.037037; f =         1030.1114869
lambda =   0.012346; f =         1018.3976514
Norm of dx    0.33767
----
Improvement on iteration 1 =        7.865118681
-----------------
-----------------
f at the beginning of new iteration,      1018.3976514429
Predicted improvement:      627.073680753
lambda =          1; f =         1018.4625255
lambda =    0.33333; f =         1018.3976520
lambda =    0.11111; f =          921.0862659
Norm of dx    0.51365
----
Improvement on iteration 2 =       97.311385509
-----------------
-----------------
f at the beginning of new iteration,       921.0862659340
Predicted improvement:       45.536423437
lambda =          1; f =          897.7408485
lambda =    0.33333; f =          895.3679351
lambda =    0.64439; f =          882.7774217
Norm of dx   0.088723
----
Improvement on iteration 3 =       38.308844275
-----------------
-----------------
f at the beginning of new iteration,       882.7774216587
Predicted improvement:       25.572366511
lambda =          1; f =          882.7775357
lambda =    0.33333; f =          873.0706789
Norm of dx   0.086501
----
Improvement on iteration 4 =        9.706742786
-----------------
-----------------
f at the beginning of new iteration,       873.0706788727
Predicted improvement:        5.258074669
lambda =          1; f =          867.2033091
Norm of dx   0.037954
----
Improvement on iteration 5 =        5.867369802
-----------------
-----------------
f at the beginning of new iteration,       867.2033090706
Predicted improvement:        2.923673821
lambda =          1; f =          863.4720689
Norm of dx   0.036906
----
Improvement on iteration 6 =        3.731240171
-----------------
-----------------
f at the beginning of new iteration,       863.4720688994
Predicted improvement:        2.467339805
lambda =          1; f =          859.6294063
lambda =     1.9332; f =          858.3086577
Norm of dx    0.04209
----
Improvement on iteration 7 =        5.163411175
-----------------
-----------------
f at the beginning of new iteration,       858.3086577244
Predicted improvement:        1.726150914
lambda =          1; f =          855.5239959
lambda =     1.9332; f =          854.1395470
Norm of dx   0.026329
----
Improvement on iteration 8 =        4.169110683
-----------------
-----------------
f at the beginning of new iteration,       854.1395470417
Predicted improvement:        1.382792573
lambda =          1; f =          852.2567667
Norm of dx   0.030837
----
Improvement on iteration 9 =        1.882780319
-----------------
-----------------
f at the beginning of new iteration,       852.2567667229
Predicted improvement:        1.392375390
lambda =          1; f =          849.9332293
lambda =     1.9332; f =          848.6493542
Norm of dx   0.043214
----
Improvement on iteration 10 =        3.607412481
-----------------
-----------------
f at the beginning of new iteration,       848.6493542414
Predicted improvement:        2.262582499
lambda =          1; f =          845.6087919
Norm of dx   0.069583
----
Improvement on iteration 11 =        3.040562376
-----------------
-----------------
f at the beginning of new iteration,       845.6087918657
Predicted improvement:        1.079334863
lambda =          1; f =          844.2201525
Norm of dx   0.032799
----
Improvement on iteration 12 =        1.388639317
-----------------
-----------------
f at the beginning of new iteration,       844.2201525487
Predicted improvement:        0.422401741
lambda =          1; f =          843.6277363
lambda =     1.9332; f =          843.5440645
Norm of dx   0.017732
----
Improvement on iteration 13 =        0.676088073
-----------------
-----------------
f at the beginning of new iteration,       843.5440644761
Predicted improvement:        0.376179686
lambda =          1; f =          842.9173172
lambda =     1.9332; f =          842.5551018
Norm of dx    0.01035
----
Improvement on iteration 14 =        0.988962660
-----------------
-----------------
f at the beginning of new iteration,       842.5551018160
Predicted improvement:        0.898779761
lambda =          1; f =          841.2802474
lambda =     1.9332; f =          841.0819523
Norm of dx   0.047696
----
Improvement on iteration 15 =        1.473149516
-----------------
-----------------
f at the beginning of new iteration,       841.0819522999
Predicted improvement:        0.415406101
lambda =          1; f =          840.4892589
lambda =     1.9332; f =          840.3548771
Norm of dx    0.01274
----
Improvement on iteration 16 =        0.727075245
-----------------
-----------------
f at the beginning of new iteration,       840.3548770553
Predicted improvement:        0.248011308
lambda =          1; f =          839.9679057
lambda =     1.9332; f =          839.8142230
Norm of dx   0.023985
----
Improvement on iteration 17 =        0.540654095
-----------------
-----------------
f at the beginning of new iteration,       839.8142229602
Predicted improvement:        0.239189311
lambda =          1; f =          839.4423418
lambda =     1.9332; f =          839.2888205
Norm of dx   0.019602
----
Improvement on iteration 18 =        0.525402478
-----------------
-----------------
f at the beginning of new iteration,       839.2888204817
Predicted improvement:        0.176730781
lambda =          1; f =          839.0218495
lambda =     1.9332; f =          838.9282903
Norm of dx   0.012951
----
Improvement on iteration 19 =        0.360530153
-----------------
-----------------
f at the beginning of new iteration,       838.9282903283
Predicted improvement:        0.136967207
lambda =          1; f =          838.7027621
lambda =     1.9332; f =          838.5807683
Norm of dx   0.011665
----
Improvement on iteration 20 =        0.347522034
-----------------
-----------------
f at the beginning of new iteration,       838.5807682947
Predicted improvement:        0.151636895
lambda =          1; f =          838.3662303
lambda =     1.9332; f =          838.3278818
Norm of dx   0.014673
----
Improvement on iteration 21 =        0.252886451
-----------------
-----------------
f at the beginning of new iteration,       838.3278818440
Predicted improvement:        0.090113711
lambda =          1; f =          838.1723790
lambda =     1.9332; f =          838.0717419
lambda =     3.7372; f =          837.9987399
Norm of dx   0.005726
----
Improvement on iteration 22 =        0.329141980
-----------------
-----------------
f at the beginning of new iteration,       837.9987398642
Predicted improvement:        0.098657517
lambda =          1; f =          837.8398638
lambda =     1.9332; f =          837.7618881
Norm of dx    0.01487
----
Improvement on iteration 23 =        0.236851730
-----------------
-----------------
f at the beginning of new iteration,       837.7618881343
Predicted improvement:        0.109820270
lambda =          1; f =          837.5857262
lambda =     1.9332; f =          837.5020257
Norm of dx   0.022573
----
Improvement on iteration 24 =        0.259862438
-----------------
-----------------
f at the beginning of new iteration,       837.5020256961
Predicted improvement:        0.159344690
lambda =          1; f =          837.2585007
lambda =     1.9332; f =          837.1674072
Norm of dx   0.020642
----
Improvement on iteration 25 =        0.334618522
-----------------
-----------------
f at the beginning of new iteration,       837.1674071738
Predicted improvement:        0.095389572
lambda =          1; f =          837.0321110
lambda =     1.9332; f =          837.0066243
Norm of dx   0.013235
----
Improvement on iteration 26 =        0.160782838
-----------------
-----------------
f at the beginning of new iteration,       837.0066243356
Predicted improvement:        0.057644787
lambda =          1; f =          836.9123820
lambda =     1.9332; f =          836.8622111
Norm of dx  0.0073676
----
Improvement on iteration 27 =        0.144413233
-----------------
-----------------
f at the beginning of new iteration,       836.8622111021
Predicted improvement:        0.078486508
lambda =          1; f =          836.7391691
lambda =     1.9332; f =          836.6867507
Norm of dx   0.015102
----
Improvement on iteration 28 =        0.175460358
-----------------
-----------------
f at the beginning of new iteration,       836.6867507446
Predicted improvement:        0.076352642
lambda =          1; f =          836.5525256
lambda =     1.9332; f =          836.4608983
lambda =     3.7372; f =          836.3774380
Norm of dx   0.018714
----
Improvement on iteration 29 =        0.309312725
-----------------
-----------------
f at the beginning of new iteration,       836.3774380196
Predicted improvement:        0.127422013
lambda =          1; f =          836.1601101
lambda =     1.9332; f =          836.0241458
lambda =     3.7372; f =          835.9403313
Norm of dx   0.020688
----
Improvement on iteration 30 =        0.437106694
-----------------
-----------------
f at the beginning of new iteration,       835.9403313259
Predicted improvement:        0.108870706
lambda =          1; f =          835.7597131
lambda =     1.9332; f =          835.6572416
Norm of dx  0.0083101
----
Improvement on iteration 31 =        0.283089773
-----------------
-----------------
f at the beginning of new iteration,       835.6572415534
Predicted improvement:        0.156653803
lambda =          1; f =          835.4173498
lambda =     1.9332; f =          835.3251871
Norm of dx   0.042408
----
Improvement on iteration 32 =        0.332054464
-----------------
-----------------
f at the beginning of new iteration,       835.3251870894
Predicted improvement:        0.112672015
lambda =          1; f =          835.1329178
lambda =     1.9332; f =          835.0139672
lambda =     3.7372; f =          834.9541014
Norm of dx     0.0335
----
Improvement on iteration 33 =        0.371085717
-----------------
-----------------
f at the beginning of new iteration,       834.9541013720
Predicted improvement:        0.134429814
lambda =          1; f =          834.7182462
lambda =     1.9332; f =          834.5572782
lambda =     3.7372; f =          834.4061887
Norm of dx  0.0090683
----
Improvement on iteration 34 =        0.547912702
-----------------
-----------------
f at the beginning of new iteration,       834.4061886705
Predicted improvement:        0.237105502
lambda =          1; f =          834.0330665
lambda =     1.9332; f =          833.8662254
Norm of dx   0.070632
----
Improvement on iteration 35 =        0.539963227
-----------------
-----------------
f at the beginning of new iteration,       833.8662254434
Predicted improvement:        0.062361671
lambda =          1; f =          833.7752249
lambda =     1.9332; f =          833.7504858
Norm of dx   0.049089
----
Improvement on iteration 36 =        0.115739668
-----------------
-----------------
f at the beginning of new iteration,       833.7504857750
Predicted improvement:        0.044855819
lambda =          1; f =          833.6668935
lambda =     1.9332; f =          833.5998886
lambda =     3.7372; f =          833.5001761
lambda =     7.2247; f =          833.4170910
Norm of dx  0.0046712
----
Improvement on iteration 37 =        0.333394779
-----------------
-----------------
f at the beginning of new iteration,       833.4170909958
Predicted improvement:        0.099197543
lambda =          1; f =          833.2652404
lambda =     1.9332; f =          833.2078141
Norm of dx   0.038438
----
Improvement on iteration 38 =        0.209276936
-----------------
-----------------
f at the beginning of new iteration,       833.2078140597
Predicted improvement:        0.063517173
lambda =          1; f =          833.0982216
lambda =     1.9332; f =          833.0278423
lambda =     3.7372; f =          832.9812339
Norm of dx    0.02355
----
Improvement on iteration 39 =        0.226580144
-----------------
-----------------
f at the beginning of new iteration,       832.9812339158
Predicted improvement:        0.123918027
lambda =          1; f =          832.7926151
lambda =     1.9332; f =          832.7220793
Norm of dx   0.015308
----
Improvement on iteration 40 =        0.259154575
-----------------
-----------------
f at the beginning of new iteration,       832.7220793412
Predicted improvement:        0.041527649
lambda =          1; f =          832.6634712
lambda =     1.9332; f =          832.6531818
Norm of dx   0.015682
----
Improvement on iteration 41 =        0.068897563
-----------------
-----------------
f at the beginning of new iteration,       832.6531817781
Predicted improvement:        0.026597083
lambda =          1; f =          832.6071293
lambda =     1.9332; f =          832.5770318
lambda =     3.7372; f =          832.5538909
Norm of dx  0.0072478
----
Improvement on iteration 42 =        0.099290891
-----------------
-----------------
f at the beginning of new iteration,       832.5538908872
Predicted improvement:        0.036223771
lambda =          1; f =          832.4978130
lambda =     1.9332; f =          832.4749653
Norm of dx  0.0071628
----
Improvement on iteration 43 =        0.078925552
-----------------
-----------------
f at the beginning of new iteration,       832.4749653350
Predicted improvement:        0.018275171
lambda =          1; f =          832.4434725
lambda =     1.9332; f =          832.4230349
lambda =     3.7372; f =          832.4070392
Norm of dx  0.0074708
----
Improvement on iteration 44 =        0.067926184
-----------------
-----------------
f at the beginning of new iteration,       832.4070391509
Predicted improvement:        0.039162874
lambda =          1; f =          832.3343997
lambda =     1.9332; f =          832.2767527
lambda =     3.7372; f =          832.1925123
lambda =     7.2247; f =          832.1284587
Norm of dx   0.008681
----
Improvement on iteration 45 =        0.278580455
-----------------
-----------------
f at the beginning of new iteration,       832.1284586957
Predicted improvement:        0.080040019
lambda =          1; f =          832.0069254
lambda =     1.9332; f =          831.9628353
Norm of dx   0.037284
----
Improvement on iteration 46 =        0.165623359
-----------------
-----------------
f at the beginning of new iteration,       831.9628353362
Predicted improvement:        0.023653096
lambda =          1; f =          831.9257673
lambda =     1.9332; f =          831.9098228
Norm of dx  0.0099139
----
Improvement on iteration 47 =        0.053012561
-----------------
-----------------
f at the beginning of new iteration,       831.9098227748
Predicted improvement:        0.026700414
lambda =          1; f =          831.8599711
lambda =     1.9332; f =          831.8198523
lambda =     3.7372; f =          831.7598110
lambda =     7.2247; f =          831.7092979
Norm of dx  0.0085944
----
Improvement on iteration 48 =        0.200524910
-----------------
-----------------
f at the beginning of new iteration,       831.7092978650
Predicted improvement:        0.158929015
lambda =          1; f =          831.4108172
lambda =     1.9332; f =          831.1568293
lambda =     3.7372; f =          830.7327556
lambda =     7.2247; f =          830.8117020
Norm of dx   0.050022
----
Improvement on iteration 49 =        0.976542243
-----------------
-----------------
f at the beginning of new iteration,       830.7327556224
Predicted improvement:        2.350011440
lambda =          1; f =          830.7440301
lambda =    0.33333; f =          831.7032396
lambda =    0.11111; f =          830.2932071
lambda =     0.2148; f =          830.3203424
Norm of dx    0.85483
----
Improvement on iteration 50 =        0.439548537
-----------------
-----------------
f at the beginning of new iteration,       830.2932070854
Predicted improvement:        1.182837333
lambda =          1; f =          835.9053171
lambda =    0.33333; f =          829.7927414
Norm of dx    0.28703
----
Improvement on iteration 51 =        0.500465659
-----------------
-----------------
f at the beginning of new iteration,       829.7927414261
Predicted improvement:        0.622922702
lambda =          1; f =          829.0564012
Norm of dx    0.05058
----
Improvement on iteration 52 =        0.736340230
-----------------
-----------------
f at the beginning of new iteration,       829.0564011964
Predicted improvement:        0.437040074
lambda =          1; f =          828.6244427
Norm of dx   0.061878
----
Improvement on iteration 53 =        0.431958500
-----------------
-----------------
f at the beginning of new iteration,       828.6244426964
Predicted improvement:        0.443095639
lambda =          1; f =          828.5983451
lambda =    0.33333; f =          828.4160419
lambda =    0.64439; f =          828.3920953
Norm of dx   0.068085
----
Improvement on iteration 54 =        0.232347427
-----------------
-----------------
f at the beginning of new iteration,       828.3920952692
Predicted improvement:        0.194158999
lambda =          1; f =          828.1638514
Norm of dx   0.050069
----
Improvement on iteration 55 =        0.228243847
-----------------
-----------------
f at the beginning of new iteration,       828.1638514227
Predicted improvement:        0.094557898
lambda =          1; f =          828.0327273
Norm of dx   0.017842
----
Improvement on iteration 56 =        0.131124081
-----------------
-----------------
f at the beginning of new iteration,       828.0327273415
Predicted improvement:        0.236544133
lambda =          1; f =          828.3717438
lambda =    0.33333; f =          827.9409490
Norm of dx    0.06108
----
Improvement on iteration 57 =        0.091778323
-----------------
-----------------
f at the beginning of new iteration,       827.9409490185
Predicted improvement:        0.200494010
lambda =          1; f =          827.6700987
Norm of dx   0.023435
----
Improvement on iteration 58 =        0.270850274
-----------------
-----------------
f at the beginning of new iteration,       827.6700987447
Predicted improvement:        0.217331194
lambda =          1; f =          827.3550322
lambda =     1.9332; f =          827.2872151
Norm of dx   0.029026
----
Improvement on iteration 59 =        0.382883629
-----------------
-----------------
f at the beginning of new iteration,       827.2872151153
Predicted improvement:        0.158156935
lambda =          1; f =          827.0904272
Norm of dx   0.043526
----
Improvement on iteration 60 =        0.196787877
-----------------
-----------------
f at the beginning of new iteration,       827.0904272385
Predicted improvement:        0.131266110
lambda =          1; f =          826.9371552
Norm of dx   0.024194
----
Improvement on iteration 61 =        0.153272058
-----------------
-----------------
f at the beginning of new iteration,       826.9371551807
Predicted improvement:        0.064759741
lambda =          1; f =          826.8492466
Norm of dx   0.014336
----
Improvement on iteration 62 =        0.087908582
-----------------
-----------------
f at the beginning of new iteration,       826.8492465986
Predicted improvement:        0.058338793
lambda =          1; f =          826.7652801
lambda =     1.9332; f =          826.7506787
Norm of dx   0.016351
----
Improvement on iteration 63 =        0.098567869
-----------------
-----------------
f at the beginning of new iteration,       826.7506787301
Predicted improvement:        0.053602540
lambda =          1; f =          826.6631084
lambda =     1.9332; f =          826.6183754
Norm of dx   0.013762
----
Improvement on iteration 64 =        0.132303364
-----------------
-----------------
f at the beginning of new iteration,       826.6183753659
Predicted improvement:        0.108140339
lambda =          1; f =          826.4648054
lambda =     1.9332; f =          826.4310242
Norm of dx   0.023967
----
Improvement on iteration 65 =        0.187351175
-----------------
-----------------
f at the beginning of new iteration,       826.4310241910
Predicted improvement:        0.138669014
lambda =          1; f =          827.1152898
lambda =    0.33333; f =          826.3830663
Norm of dx   0.048938
----
Improvement on iteration 66 =        0.047957935
-----------------
-----------------
f at the beginning of new iteration,       826.3830662559
Predicted improvement:        0.107541991
lambda =          1; f =          826.2658685
Norm of dx   0.031945
----
Improvement on iteration 67 =        0.117197786
-----------------
-----------------
f at the beginning of new iteration,       826.2658684697
Predicted improvement:        0.047452329
lambda =          1; f =          826.2059475
Norm of dx   0.016209
----
Improvement on iteration 68 =        0.059920977
-----------------
-----------------
f at the beginning of new iteration,       826.2059474932
Predicted improvement:        0.025907455
lambda =          1; f =          826.1685595
lambda =     1.9332; f =          826.1596049
Norm of dx   0.010517
----
Improvement on iteration 69 =        0.046342552
-----------------
-----------------
f at the beginning of new iteration,       826.1596049409
Predicted improvement:        0.018097622
lambda =          1; f =          826.1286168
lambda =     1.9332; f =          826.1089060
lambda =     3.7372; f =          826.0952092
Norm of dx   0.010518
----
Improvement on iteration 70 =        0.064395753
-----------------
-----------------
f at the beginning of new iteration,       826.0952091879
Predicted improvement:        0.045281106
lambda =          1; f =          826.0129553
lambda =     1.9332; f =          825.9512327
lambda =     3.7372; f =          825.8734294
Norm of dx   0.011464
----
Improvement on iteration 71 =        0.221779783
-----------------
-----------------
f at the beginning of new iteration,       825.8734294054
Predicted improvement:        0.136961235
lambda =          1; f =          825.6882078
Norm of dx   0.049315
----
Improvement on iteration 72 =        0.185221616
-----------------
-----------------
f at the beginning of new iteration,       825.6882077894
Predicted improvement:        0.064653016
lambda =          1; f =          825.6239502
Norm of dx   0.029865
----
Improvement on iteration 73 =        0.064257579
-----------------
-----------------
f at the beginning of new iteration,       825.6239502103
Predicted improvement:        0.014590013
lambda =          1; f =          825.6074042
Norm of dx   0.011623
----
Improvement on iteration 74 =        0.016546045
-----------------
-----------------
f at the beginning of new iteration,       825.6074041655
Predicted improvement:        0.012760621
lambda =          1; f =          825.5847177
lambda =     1.9332; f =          825.5687142
lambda =     3.7372; f =          825.5520495
Norm of dx  0.0048649
----
Improvement on iteration 75 =        0.055354655
-----------------
-----------------
f at the beginning of new iteration,       825.5520495108
Predicted improvement:        0.057325622
lambda =          1; f =          825.4503589
lambda =     1.9332; f =          825.3789827
lambda =     3.7372; f =          825.3066657
Norm of dx   0.017342
----
Improvement on iteration 76 =        0.245383793
-----------------
-----------------
f at the beginning of new iteration,       825.3066657182
Predicted improvement:        0.226041585
lambda =          1; f =          824.9587135
lambda =     1.9332; f =          824.8299120
Norm of dx   0.085475
----
Improvement on iteration 77 =        0.476753765
-----------------
-----------------
f at the beginning of new iteration,       824.8299119534
Predicted improvement:        0.126614325
lambda =          1; f =          824.6836157
Norm of dx   0.056608
----
Improvement on iteration 78 =        0.146296256
-----------------
-----------------
f at the beginning of new iteration,       824.6836156976
Predicted improvement:        0.044743486
lambda =          1; f =          824.6295779
Norm of dx   0.024068
----
Improvement on iteration 79 =        0.054037838
-----------------
-----------------
f at the beginning of new iteration,       824.6295778599
Predicted improvement:        0.021934614
lambda =          1; f =          824.5925182
lambda =     1.9332; f =          824.5701991
lambda =     3.7372; f =          824.5605352
Norm of dx   0.009911
----
Improvement on iteration 80 =        0.069042678
-----------------
-----------------
f at the beginning of new iteration,       824.5605351815
Predicted improvement:        0.046381520
lambda =          1; f =          824.4774933
lambda =     1.9332; f =          824.4173959
lambda =     3.7372; f =          824.3482032
Norm of dx   0.012265
----
Improvement on iteration 81 =        0.212331990
-----------------
-----------------
f at the beginning of new iteration,       824.3482031913
Predicted improvement:        0.095078165
lambda =          1; f =          824.2123308
lambda =     1.9332; f =          824.1822836
Norm of dx    0.05537
----
Improvement on iteration 82 =        0.165919641
-----------------
-----------------
f at the beginning of new iteration,       824.1822835504
Predicted improvement:        0.027213866
lambda =          1; f =          824.1445693
Norm of dx    0.01428
----
Improvement on iteration 83 =        0.037714297
-----------------
-----------------
f at the beginning of new iteration,       824.1445692530
Predicted improvement:        0.021417656
lambda =          1; f =          824.1165170
Norm of dx    0.01444
----
Improvement on iteration 84 =        0.028052254
-----------------
-----------------
f at the beginning of new iteration,       824.1165169990
Predicted improvement:        0.011302200
lambda =          1; f =          824.0998952
lambda =     1.9332; f =          824.0969134
Norm of dx  0.0065772
----
Improvement on iteration 85 =        0.019603553
-----------------
-----------------
f at the beginning of new iteration,       824.0969134464
Predicted improvement:        0.013624306
lambda =          1; f =          824.0729754
lambda =     1.9332; f =          824.0563314
lambda =     3.7372; f =          824.0385636
Norm of dx  0.0079678
----
Improvement on iteration 86 =        0.058349859
-----------------
-----------------
f at the beginning of new iteration,       824.0385635873
Predicted improvement:        0.032876437
lambda =          1; f =          823.9847863
lambda =     1.9332; f =          823.9564283
Norm of dx   0.015244
----
Improvement on iteration 87 =        0.082135250
-----------------
-----------------
f at the beginning of new iteration,       823.9564283378
Predicted improvement:        0.023344087
lambda =          1; f =          823.9286414
Norm of dx   0.013075
----
Improvement on iteration 88 =        0.027786957
-----------------
-----------------
f at the beginning of new iteration,       823.9286413803
Predicted improvement:        0.002960211
lambda =          1; f =          823.9248728
Norm of dx  0.0048241
----
Improvement on iteration 89 =        0.003768625
-----------------
-----------------
f at the beginning of new iteration,       823.9248727554
Predicted improvement:        0.001188824
lambda =          1; f =          823.9229134
lambda =     1.9332; f =          823.9218357
Norm of dx  0.0026039
----
Improvement on iteration 90 =        0.003037029
-----------------
-----------------
f at the beginning of new iteration,       823.9218357266
Predicted improvement:        0.002365648
lambda =          1; f =          823.9176231
lambda =     1.9332; f =          823.9146040
lambda =     3.7372; f =          823.9111803
Norm of dx   0.002854
----
Improvement on iteration 91 =        0.010655420
-----------------
-----------------
f at the beginning of new iteration,       823.9111803070
Predicted improvement:        0.007124979
lambda =          1; f =          823.8987519
lambda =     1.9332; f =          823.8903994
lambda =     3.7372; f =          823.8830179
Norm of dx  0.0070666
----
Improvement on iteration 92 =        0.028162427
-----------------
-----------------
f at the beginning of new iteration,       823.8830178803
Predicted improvement:        0.006472787
lambda =          1; f =          823.8733351
lambda =     1.9332; f =          823.8701632
Norm of dx  0.0097113
----
Improvement on iteration 93 =        0.012854700
-----------------
-----------------
f at the beginning of new iteration,       823.8701631804
Predicted improvement:        0.003698985
lambda =          1; f =          823.8647728
lambda =     1.9332; f =          823.8635692
Norm of dx  0.0032753
----
Improvement on iteration 94 =        0.006594007
-----------------
-----------------
f at the beginning of new iteration,       823.8635691730
Predicted improvement:        0.002168852
lambda =          1; f =          823.8600353
lambda =     1.9332; f =          823.8581842
Norm of dx  0.0027512
----
Improvement on iteration 95 =        0.005384965
-----------------
-----------------
f at the beginning of new iteration,       823.8581842082
Predicted improvement:        0.002971923
lambda =          1; f =          823.8529548
lambda =     1.9332; f =          823.8493634
lambda =     3.7372; f =          823.8459646
Norm of dx  0.0039546
----
Improvement on iteration 96 =        0.012219578
-----------------
-----------------
f at the beginning of new iteration,       823.8459646305
Predicted improvement:        0.007485811
lambda =          1; f =          823.8326900
lambda =     1.9332; f =          823.8233548
lambda =     3.7372; f =          823.8136315
Norm of dx  0.0074926
----
Improvement on iteration 97 =        0.032333131
-----------------
-----------------
f at the beginning of new iteration,       823.8136314990
Predicted improvement:        0.004546431
lambda =          1; f =          823.8081007
Norm of dx  0.0098283
----
Improvement on iteration 98 =        0.005530823
-----------------
-----------------
f at the beginning of new iteration,       823.8081006762
Predicted improvement:        0.001410923
lambda =          1; f =          823.8058219
lambda =     1.9332; f =          823.8046674
Norm of dx  0.0022988
----
Improvement on iteration 99 =        0.003433277
-----------------
-----------------
f at the beginning of new iteration,       823.8046673997
Predicted improvement:        0.002689880
lambda =          1; f =          823.7997006
lambda =     1.9332; f =          823.7958007
lambda =     3.7372; f =          823.7902481
lambda =     7.2247; f =          823.7868071
Norm of dx   0.005231
----
Improvement on iteration 100 =        0.017860313
-----------------
-----------------
f at the beginning of new iteration,       823.7868070866
Predicted improvement:        0.014596609
lambda =          1; f =          823.7591469
lambda =     1.9332; f =          823.7360887
lambda =     3.7372; f =          823.6990354
lambda =     7.2247; f =          823.6554247
Norm of dx   0.013238
----
Improvement on iteration 101 =        0.131382402
-----------------
-----------------
f at the beginning of new iteration,       823.6554246842
Predicted improvement:        0.066853716
lambda =          1; f =          823.5686575
Norm of dx   0.096517
----
Improvement on iteration 102 =        0.086767171
-----------------
-----------------
f at the beginning of new iteration,       823.5686575136
Predicted improvement:        0.016505707
lambda =          1; f =          823.5507945
Norm of dx   0.045386
----
Improvement on iteration 103 =        0.017862969
-----------------
-----------------
f at the beginning of new iteration,       823.5507945442
Predicted improvement:        0.005167053
lambda =          1; f =          823.5424796
lambda =     1.9332; f =          823.5382172
Norm of dx   0.014704
----
Improvement on iteration 104 =        0.012577332
-----------------
-----------------
f at the beginning of new iteration,       823.5382172123
Predicted improvement:        0.013376963
lambda =          1; f =          823.5145271
lambda =     1.9332; f =          823.4979075
lambda =     3.7372; f =          823.4806501
Norm of dx   0.017501
----
Improvement on iteration 105 =        0.057567066
-----------------
-----------------
f at the beginning of new iteration,       823.4806501467
Predicted improvement:        0.025989283
lambda =          1; f =          823.4420316
lambda =     1.9332; f =          823.4301118
Norm of dx   0.024045
----
Improvement on iteration 106 =        0.050538297
-----------------
-----------------
f at the beginning of new iteration,       823.4301118496
Predicted improvement:        0.003299302
lambda =          1; f =          823.4261998
Norm of dx   0.013061
----
Improvement on iteration 107 =        0.003912018
-----------------
-----------------
f at the beginning of new iteration,       823.4261998319
Predicted improvement:        0.000789197
lambda =          1; f =          823.4249202
lambda =     1.9332; f =          823.4242688
Norm of dx  0.0016857
----
Improvement on iteration 108 =        0.001931053
-----------------
-----------------
f at the beginning of new iteration,       823.4242687793
Predicted improvement:        0.001545396
lambda =          1; f =          823.4214022
lambda =     1.9332; f =          823.4191373
lambda =     3.7372; f =          823.4158920
lambda =     7.2247; f =          823.4139177
Norm of dx   0.002487
----
Improvement on iteration 109 =        0.010351077
-----------------
-----------------
f at the beginning of new iteration,       823.4139177028
Predicted improvement:        0.007715544
lambda =          1; f =          823.3998450
lambda =     1.9332; f =          823.3891356
lambda =     3.7372; f =          823.3749980
Norm of dx   0.012331
----
Improvement on iteration 110 =        0.038919717
-----------------
-----------------
f at the beginning of new iteration,       823.3749979862
Predicted improvement:        0.010772932
lambda =          1; f =          823.3628461
Norm of dx   0.024574
----
Improvement on iteration 111 =        0.012151897
-----------------
-----------------
f at the beginning of new iteration,       823.3628460891
Predicted improvement:        0.001265622
lambda =          1; f =          823.3607056
lambda =     1.9332; f =          823.3593976
lambda =     3.7372; f =          823.3587375
Norm of dx  0.0039698
----
Improvement on iteration 112 =        0.004108553
-----------------
-----------------
f at the beginning of new iteration,       823.3587375358
Predicted improvement:        0.002628902
lambda =          1; f =          823.3536525
lambda =     1.9332; f =          823.3492222
lambda =     3.7372; f =          823.3415172
lambda =     7.2247; f =          823.3298253
lambda =     13.967; f =          823.3191283
Norm of dx  0.0015615
----
Improvement on iteration 113 =        0.039609221
-----------------
-----------------
f at the beginning of new iteration,       823.3191283149
Predicted improvement:        0.034069476
lambda =          1; f =          823.2534456
lambda =     1.9332; f =          823.1965725
lambda =     3.7372; f =          823.0989122
lambda =     7.2247; f =          822.9585443
lambda =     13.967; f =          822.9088211
Norm of dx   0.050224
----
Improvement on iteration 114 =        0.410307176
-----------------
-----------------
f at the beginning of new iteration,       822.9088211384
Predicted improvement:        0.351468621
lambda =          1; f =          822.6504271
Norm of dx    0.30796
----
Improvement on iteration 115 =        0.258394025
-----------------
-----------------
f at the beginning of new iteration,       822.6504271136
Predicted improvement:        0.165065042
lambda =          1; f =          822.4648125
Norm of dx   0.073321
----
Improvement on iteration 116 =        0.185614630
-----------------
-----------------
f at the beginning of new iteration,       822.4648124835
Predicted improvement:        0.068764729
lambda =          1; f =          822.3990009
Norm of dx    0.17645
----
Improvement on iteration 117 =        0.065811609
-----------------
-----------------
f at the beginning of new iteration,       822.3990008743
Predicted improvement:        0.014116456
lambda =          1; f =          822.3850396
Norm of dx   0.011478
----
Improvement on iteration 118 =        0.013961296
-----------------
-----------------
f at the beginning of new iteration,       822.3850395782
Predicted improvement:        0.001393743
lambda =          1; f =          822.3834872
Norm of dx  0.0076579
----
Improvement on iteration 119 =        0.001552384
-----------------
-----------------
f at the beginning of new iteration,       822.3834871938
Predicted improvement:        0.000489441
lambda =          1; f =          822.3827033
lambda =     1.9332; f =          822.3823210
Norm of dx  0.0039609
----
Improvement on iteration 120 =        0.001166149
-----------------
-----------------
f at the beginning of new iteration,       822.3823210450
Predicted improvement:        0.001122958
lambda =          1; f =          822.3802427
lambda =     1.9332; f =          822.3786054
lambda =     3.7372; f =          822.3762654
lambda =     7.2247; f =          822.3748148
Norm of dx  0.0030013
----
Improvement on iteration 121 =        0.007506212
-----------------
-----------------
f at the beginning of new iteration,       822.3748148325
Predicted improvement:        0.006711427
lambda =          1; f =          822.3617267
lambda =     1.9332; f =          822.3501083
lambda =     3.7372; f =          822.3292749
lambda =     7.2247; f =          822.2950859
lambda =     13.967; f =          822.2519129
Norm of dx   0.017065
----
Improvement on iteration 122 =        0.122901965
-----------------
-----------------
f at the beginning of new iteration,       822.2519128678
Predicted improvement:        0.105077527
lambda =          1; f =          822.0820555
lambda =     1.9332; f =          821.9941518
Norm of dx    0.20111
----
Improvement on iteration 123 =        0.257761117
-----------------
-----------------
f at the beginning of new iteration,       821.9941517511
Predicted improvement:        0.101876449
lambda =          1; f =          821.8436447
lambda =     1.9332; f =          821.8015040
Norm of dx    0.22164
----
Improvement on iteration 124 =        0.192647775
-----------------
-----------------
f at the beginning of new iteration,       821.8015039766
Predicted improvement:        0.050086061
lambda =          1; f =          821.7241834
lambda =     1.9332; f =          821.6917648
Norm of dx   0.075369
----
Improvement on iteration 125 =        0.109739167
-----------------
-----------------
f at the beginning of new iteration,       821.6917648099
Predicted improvement:        0.048212365
lambda =          1; f =          821.6375256
Norm of dx   0.033125
----
Improvement on iteration 126 =        0.054239248
-----------------
-----------------
f at the beginning of new iteration,       821.6375255621
Predicted improvement:        0.010719644
lambda =          1; f =          821.6257548
Norm of dx   0.079444
----
Improvement on iteration 127 =        0.011770794
-----------------
-----------------
f at the beginning of new iteration,       821.6257547677
Predicted improvement:        0.000474142
lambda =          1; f =          821.6252993
Norm of dx  0.0066936
----
Improvement on iteration 128 =        0.000455471
-----------------
-----------------
f at the beginning of new iteration,       821.6252992967
Predicted improvement:        0.000039025
lambda =          1; f =          821.6252654
Norm of dx   0.004456
----
Improvement on iteration 129 =        0.000033890
-----------------
-----------------
f at the beginning of new iteration,       821.6252654064
Predicted improvement:        0.000013094
lambda =          1; f =          821.6252421
lambda =     1.9332; f =          821.6252262
lambda =     3.7372; f =          821.6252118
Norm of dx 0.00095525
----
Improvement on iteration 130 =        0.000053582
-----------------
-----------------
f at the beginning of new iteration,       821.6252118247
Predicted improvement:        0.000043690
lambda =          1; f =          821.6251256
lambda =     1.9332; f =          821.6250474
lambda =     3.7372; f =          821.6249035
lambda =     7.2247; f =          821.6246508
lambda =     13.967; f =          821.6242584
lambda =         27; f =          821.6238588
Norm of dx 0.00057604
----
Improvement on iteration 131 =        0.001353023
-----------------
-----------------
f at the beginning of new iteration,       821.6238588013
Predicted improvement:        0.001456329
lambda =          1; f =          821.6210212
lambda =     1.9332; f =          821.6185136
lambda =     3.7372; f =          821.6140494
lambda =     7.2247; f =          821.6068511
lambda =     13.967; f =          821.5982709
Norm of dx  0.0083244
----
Improvement on iteration 132 =        0.025587931
-----------------
-----------------
f at the beginning of new iteration,       821.5982708708
Predicted improvement:        0.018847917
lambda =          1; f =          821.5688079
lambda =     1.9332; f =          821.5563963
Norm of dx    0.12539
----
Improvement on iteration 133 =        0.041874559
-----------------
-----------------
f at the beginning of new iteration,       821.5563963122
Predicted improvement:        0.004977009
lambda =          1; f =          821.5508089
Norm of dx   0.031511
----
Improvement on iteration 134 =        0.005587390
-----------------
-----------------
f at the beginning of new iteration,       821.5508089223
Predicted improvement:        0.000178738
lambda =          1; f =          821.5506345
Norm of dx  0.0065149
----
Improvement on iteration 135 =        0.000174409
-----------------
-----------------
f at the beginning of new iteration,       821.5506345132
Predicted improvement:        0.000002920
lambda =          1; f =          821.5506316
Norm of dx  0.0011223
----
Improvement on iteration 136 =        0.000002895
-----------------
-----------------
f at the beginning of new iteration,       821.5506316180
Predicted improvement:        0.000000758
lambda =          1; f =          821.5506302
lambda =     1.9332; f =          821.5506290
lambda =     3.7372; f =          821.5506274
lambda =     7.2247; f =          821.5506262
Norm of dx 5.6023e-005
----
Improvement on iteration 137 =        0.000005433
-----------------
-----------------
f at the beginning of new iteration,       821.5506261849
Predicted improvement:        0.000004244
lambda =          1; f =          821.5506178
lambda =     1.9332; f =          821.5506103
lambda =     3.7372; f =          821.5505961
lambda =     7.2247; f =          821.5505706
lambda =     13.967; f =          821.5505281
lambda =         27; f =          821.5504717
Norm of dx 0.00013761
----
Improvement on iteration 138 =        0.000154528
-----------------
-----------------
f at the beginning of new iteration,       821.5504716570
Predicted improvement:        0.000201933
lambda =          1; f =          821.5501011
lambda =     1.9332; f =          821.5498136
lambda =     3.7372; f =          821.5494179
Norm of dx  0.0054981
----
Improvement on iteration 139 =        0.001053767
-----------------
-----------------
f at the beginning of new iteration,       821.5494178902
Predicted improvement:        0.001050359
lambda =          1; f =          821.5476883
lambda =     1.9332; f =          821.5467563
Norm of dx   0.028979
----
Improvement on iteration 140 =        0.002661629
-----------------
-----------------
f at the beginning of new iteration,       821.5467562613
Correct for low angle: 0.00445932
Predicted improvement:        0.001251147
lambda =          1; f =          821.5453005
Norm of dx   0.031479
----
Improvement on iteration 141 =        0.001455809
-----------------
-----------------
f at the beginning of new iteration,       821.5453004524
Correct for low angle: 0.00484494
Predicted improvement:        0.000308698
lambda =          1; f =          821.5449560
Norm of dx  0.0077973
----
Improvement on iteration 142 =        0.000344438
-----------------
-----------------
f at the beginning of new iteration,       821.5449560141
Predicted improvement:        0.000010691
lambda =          1; f =          821.5449453
Norm of dx  0.0013749
----
Improvement on iteration 143 =        0.000010736
-----------------
-----------------
f at the beginning of new iteration,       821.5449452777
Predicted improvement:        0.000000074
lambda =          1; f =          821.5449452
Norm of dx 0.00016698
----
Improvement on iteration 144 =        0.000000094
improvement < crit termination
Objective function at mode: 821.544945
Objective function at mode: 821.544945
 
MODE CHECK
 
Fval obtained by the minimization routine: 821.544945
 
Exiting fzero: aborting search for an interval containing a sign change
    because complex function value encountered during search.
(Function value at -7 is -2.4689+0.035879i.)
Check function or try again with a different starting value.
Exiting fzero: aborting search for an interval containing a sign change
    because complex function value encountered during search.
(Function value at -7 is -2.2503+0.046219i.)
Check function or try again with a different starting value.
Exiting fzero: aborting search for an interval containing a sign change
    because complex function value encountered during search.
(Function value at -7 is -5.0894+0.0027732i.)
Check function or try again with a different starting value.
Exiting fzero: aborting search for an interval containing a sign change
    because complex function value encountered during search.
(Function value at -7 is -5.147+0.002681i.)
Check function or try again with a different starting value.
 
RESULTS FROM POSTERIOR MAXIMIZATION
parameters
           prior mean     mode    s.d. t-stat prior pstdev

alpha          0.330   0.1905  0.0214  8.9218 beta  0.0500
zeta_p         0.600   0.6965  0.0333 20.8908 beta  0.2000
iota_p         0.500   0.1267  0.0806  1.5729 beta  0.2000
s_bis          0.500   0.4627  0.0794  5.8249 gamm  0.1000
h              0.700   0.7230  0.0342 21.1684 beta  0.0500
a_bis          0.200   0.0396  0.0264  1.5023 gamm  0.1000
nu_l           2.000   2.2863  0.6729  3.3979 gamm  0.7500
zeta_w         0.600   0.3229  0.0429  7.5324 beta  0.2000
iota_w         0.500   0.0734  0.0449  1.6366 beta  0.2000
r_star         2.000   1.5759  0.4164  3.7844 gamm  1.0000
psi_1          1.500   1.5156  0.0887 17.0836 gamm  0.4000
psi_2          0.200   0.0192  0.0103  1.8765 gamm  0.1000
rho_R          0.500   0.5360  0.0444 12.0779 beta  0.2000
pi_star        3.010   4.1021  0.9906  4.1411 norm  1.5000
gamma_star     2.000   2.8230  0.2772 10.1829 gamm  1.0000
lambda_f       0.150   0.2428  0.1050  2.3126 gamm  0.1000
gg_star        0.300   0.2713  0.0742  3.6562 gamm  0.1000
L_adj        662.000 662.1274  0.9896 669.0535 norm  1.0000
D_adj          0.500   0.3840  0.0835  4.5988 norm  0.1000
chi            0.120   0.1208  0.0099 12.2617 beta  0.0100
nu             0.975   0.9767  0.0009 1040.5631 beta  0.0010
sigma          0.300   0.2973  0.0101 29.4917 gamm  0.0100
rho_z          0.200   0.0669  0.0425  1.5726 beta  0.1000
rho_phi        0.600   0.9691  0.0089 109.4655 beta  0.2000
rho_lambda_f   0.600   0.9953  0.0036 280.2033 beta  0.2000
rho_mu         0.800   0.7716  0.0541 14.2559 beta  0.0500
rho_b          0.600   0.1413  0.0821  1.7211 beta  0.2000
rho_g          0.800   0.9167  0.0200 45.8264 beta  0.0500
rho_sigma      0.800   0.9159  0.0217 42.2391 beta  0.2000
rho_nu         0.800   0.4482  0.0829  5.4080 beta  0.2000
standard deviation of shocks
           prior mean     mode    s.d. t-stat prior pstdev

eps_z          0.500   0.6632  0.0511 12.9830 invg     Inf
eps_phi        2.000   3.8376  0.9214  4.1648 invg     Inf
eps_lambda_f   0.500   6.0229  2.1803  2.7624 invg     Inf
eps_mu         0.500   0.7048  0.0870  8.0982 invg     Inf
eps_b          0.500   1.6741  0.2434  6.8786 invg     Inf
eps_g          0.500   0.6067  0.0446 13.6075 invg     Inf
eps_R          0.250   0.3088  0.0276 11.1906 invg     Inf
eps_sigma      0.500   6.5514  1.0376  6.3142 invg     Inf
eps_nu         0.500   0.7173  0.0654 10.9681 invg     Inf
 
Log data density [Laplace approximation] is -902.027422.
 
{Warning: File 'KR15_FF/Output' not found.} 
> In <a href="matlab: opentoline('C:\dynare\4.2.4\matlab\CheckPath.m',42,1)">CheckPath at 42</a>
  In <a href="matlab: opentoline('C:\dynare\4.2.4\matlab\dynare_estimation_1.m',665,1)">dynare_estimation_1 at 665</a>
  In <a href="matlab: opentoline('C:\dynare\4.2.4\matlab\dynare_estimation.m',62,1)">dynare_estimation at 62</a>
  In <a href="matlab: opentoline('C:\Users\kailongforecast\Documents\GitHub\MMB_forecast_application\estimations\KR15_FF_20010815_s1_matlab2011a_dy424_moreprec\KR15_FF.m',642,1)">KR15_FF at 642</a>
  In <a href="matlab: opentoline('C:\dynare\4.2.4\matlab\dynare.m',120,1)">dynare at 120</a>
  In <a href="matlab: opentoline('C:\Users\kailongforecast\Documents\GitHub\MMB_forecast_application\gen_forecast_2011a_KL5.m',242,1)">gen_forecast_2011a_KL5 at 242</a>
{Warning: File 'KR15_FF/metropolis' not found.} 
> In <a href="matlab: opentoline('C:\dynare\4.2.4\matlab\CheckPath.m',42,1)">CheckPath at 42</a>
  In <a href="matlab: opentoline('C:\dynare\4.2.4\matlab\metropolis_hastings_initialization.m',46,1)">metropolis_hastings_initialization at 46</a>
  In <a href="matlab: opentoline('C:\dynare\4.2.4\matlab\random_walk_metropolis_hastings.m',58,1)">random_walk_metropolis_hastings at 58</a>
  In <a href="matlab: opentoline('C:\dynare\4.2.4\matlab\dynare_estimation_1.m',871,1)">dynare_estimation_1 at 871</a>
  In <a href="matlab: opentoline('C:\dynare\4.2.4\matlab\dynare_estimation.m',62,1)">dynare_estimation at 62</a>
  In <a href="matlab: opentoline('C:\Users\kailongforecast\Documents\GitHub\MMB_forecast_application\estimations\KR15_FF_20010815_s1_matlab2011a_dy424_moreprec\KR15_FF.m',642,1)">KR15_FF at 642</a>
  In <a href="matlab: opentoline('C:\dynare\4.2.4\matlab\dynare.m',120,1)">dynare at 120</a>
  In <a href="matlab: opentoline('C:\Users\kailongforecast\Documents\GitHub\MMB_forecast_application\gen_forecast_2011a_KL5.m',242,1)">gen_forecast_2011a_KL5 at 242</a>
MH: One Chain mode.
MH: Initialization at the posterior mode.
 
Exiting fzero: aborting search for an interval containing a sign change
    because complex function value encountered during search.
(Function value at -7 is -4.3963+0.0050333i.)
Check function or try again with a different starting value.
Exiting fzero: aborting search for an interval containing a sign change
    because complex function value encountered during search.
(Function value at -7 is -5.1327-0.0026136i.)
Check function or try again with a different starting value.
Exiting fzero: aborting search for an interval containing a sign change
    because complex function value encountered during search.
(Function value at -7 is -1.9354-0.00045383i.)
Check function or try again with a different starting value.
Exiting fzero: aborting search for an interval containing a sign change
    because complex function value encountered during search.
(Function value at -7 is -1.9555-0.0090013i.)
Check function or try again with a different starting value.
Exiting fzero: aborting search for an interval containing a sign change
    because complex function value encountered during search.
(Function value at -7 is -4.8883+3.7643e-005i.)
Check function or try again with a different starting value.
Exiting fzero: aborting search for an interval containing a sign change
    because complex function value encountered during search.
(Function value at -7 is -3.9314-0.0004184i.)
Check function or try again with a different starting value.
Exiting fzero: aborting search for an interval containing a sign change
    because complex function value encountered during search.
(Function value at -7 is -3.8202+3.1749e-006i.)
Check function or try again with a different starting value.
Exiting fzero: aborting search for an interval containing a sign change
    because complex function value encountered during search.
(Function value at -7 is -4.3492-0.00034054i.)
Check function or try again with a different starting value.
Exiting fzero: aborting search for an interval containing a sign change
    because complex function value encountered during search.
(Function value at -7 is -2.0157-0.040121i.)
Check function or try again with a different starting value.
Exiting fzero: aborting search for an interval containing a sign change
    because complex function value encountered during search.
(Function value at -7 is -3.457-0.00014986i.)
Check function or try again with a different starting value.
Exiting fzero: aborting search for an interval containing a sign change
    because complex function value encountered during search.
(Function value at -7 is -3.6161+9.643e-005i.)
Check function or try again with a different starting value.
Exiting fzero: aborting search for an interval containing a sign change
    because complex function value encountered during search.
(Function value at -7 is -3.841+6.2786e-005i.)
Check function or try again with a different starting value.
Exiting fzero: aborting search for an interval containing a sign change
    because complex function value encountered during search.
(Function value at -7 is -4.0708+7.7295e-005i.)
Check function or try again with a different starting value.
Exiting fzero: aborting search for an interval containing a sign change
    because complex function value encountered during search.
(Function value at -7 is -3.7362-0.0015782i.)
Check function or try again with a different starting value.
Exiting fzero: aborting search for an interval containing a sign change
    because complex function value encountered during search.
(Function value at -7 is -4.2419-0.00022803i.)
Check function or try again with a different starting value.
Exiting fzero: aborting search for an interval containing a sign change
    because complex function value encountered during search.
(Function value at -7 is -3.6247-6.7087e-006i.)
Check function or try again with a different starting value.
Exiting fzero: aborting search for an interval containing a sign change
    because complex function value encountered during search.
(Function value at -7 is -4.316+0.00031707i.)
Check function or try again with a different starting value.
Exiting fzero: aborting search for an interval containing a sign change
    because complex function value encountered during search.
(Function value at -7 is -4.0968+0.0014486i.)
Check function or try again with a different starting value.
Exiting fzero: aborting search for an interval containing a sign change
    because complex function value encountered during search.
(Function value at -7 is -4.0067+0.0027888i.)
Check function or try again with a different starting value.
Exiting fzero: aborting search for an interval containing a sign change
    because complex function value encountered during search.
(Function value at -7 is -3.9496+0.0015276i.)
Check function or try again with a different starting value.
Exiting fzero: aborting search for an interval containing a sign change
    because complex function value encountered during search.
(Function value at -7 is -4.1448+0.0026794i.)
Check function or try again with a different starting value.
Exiting fzero: aborting search for an interval containing a sign change
    because complex function value encountered during search.
(Function value at -7 is -4.2967+0.0017499i.)
Check function or try again with a different starting value.
Exiting fzero: aborting search for an interval containing a sign change
    because complex function value encountered during search.
(Function value at -7 is -3.6736+0.00016411i.)
Check function or try again with a different starting value.
Exiting fzero: aborting search for an interval containing a sign change
    because complex function value encountered during search.
(Function value at -7 is -3.9114-0.00038668i.)
Check function or try again with a different starting value.
Exiting fzero: aborting search for an interval containing a sign change
    because complex function value encountered during search.
(Function value at -7 is -3.442+8.2017e-005i.)
Check function or try again with a different starting value.
Exiting fzero: aborting search for an interval containing a sign change
    because complex function value encountered during search.
(Function value at -7 is -4.3001+3.1843e-005i.)
Check function or try again with a different starting value.
Exiting fzero: aborting search for an interval containing a sign change
    because complex function value encountered during search.
(Function value at -7 is -3.502+0.0019026i.)
Check function or try again with a different starting value.
Exiting fzero: aborting search for an interval containing a sign change
    because complex function value encountered during search.
(Function value at -7 is -3.605-0.00016162i.)
Check function or try again with a different starting value.
Exiting fzero: aborting search for an interval containing a sign change
    because complex function value encountered during search.
(Function value at -7 is -3.187+0.0040099i.)
Check function or try again with a different starting value.
Exiting fzero: aborting search for an interval containing a sign change
    because complex function value encountered during search.
(Function value at -7 is -3.4447+0.0011155i.)
Check function or try again with a different starting value.
Exiting fzero: aborting search for an interval containing a sign change
    because complex function value encountered during search.
(Function value at -7 is -3.0915+0.0018139i.)
Check function or try again with a different starting value.
Exiting fzero: aborting search for an interval containing a sign change
    because complex function value encountered during search.
(Function value at -7 is -3.6236+0.00072125i.)
Check function or try again with a different starting value.
Exiting fzero: aborting search for an interval containing a sign change
    because complex function value encountered during search.
(Function value at -7 is -3.2952-0.00088054i.)
Check function or try again with a different starting value.
Exiting fzero: aborting search for an interval containing a sign change
    because complex function value encountered during search.
(Function value at -7 is -3.2941-0.00084104i.)
Check function or try again with a different starting value.
Exiting fzero: aborting search for an interval containing a sign change
    because complex function value encountered during search.
(Function value at -7 is -3.3779-0.0010036i.)
Check function or try again with a different starting value.
Exiting fzero: aborting search for an interval containing a sign change
    because complex function value encountered during search.
(Function value at -7 is -3.2273-0.00049989i.)
Check function or try again with a different starting value.
Exiting fzero: aborting search for an interval containing a sign change
    because complex function value encountered during search.
(Function value at -7 is -3.0977-0.00078479i.)
Check function or try again with a different starting value.
Exiting fzero: aborting search for an interval containing a sign change
    because complex function value encountered during search.
(Function value at -7 is -3.4641+0.00037017i.)
Check function or try again with a different starting value.
Exiting fzero: aborting search for an interval containing a sign change
    because complex function value encountered during search.
(Function value at -7 is -3.41+0.00038349i.)
Check function or try again with a different starting value.
Exiting fzero: aborting search for an interval containing a sign change
    because complex function value encountered during search.
(Function value at -7 is -3.2626-0.00068016i.)
Check function or try again with a different starting value.
Exiting fzero: aborting search for an interval containing a sign change
    because complex function value encountered during search.
(Function value at -7 is -3.3164-0.00051713i.)
Check function or try again with a different starting value.
Exiting fzero: aborting search for an interval containing a sign change
    because complex function value encountered during search.
(Function value at -7 is -3.4774-0.00076312i.)
Check function or try again with a different starting value.
MH: Number of mh files                   : 328 per block.
MH: Total number of generated files      : 328.
MH: Total number of iterations           : 1000000.
MH: average acceptation rate per chain   : 
    0.2734

 
MH: Total number of Mh draws: 1000000.
MH: Total number of generated Mh files: 328.
MH: I'll use mh-files 99 to 328.
MH: In mh-file number 99 i'll start at line 1198.
MH: Finally I keep 700000 draws.
 
MH: I'm computing the posterior mean and covariance...  Done!
 
MH: I'm computing the posterior log marginale density (modified harmonic mean)... 
MH: Modified harmonic mean estimator, done!
 
 
ESTIMATION RESULTS
 
Log data density is -900.237641.
 
parameters
               prior mean post. mean   conf. interval  prior     pstdev

alpha             0.330     0.1996     0.1624   0.2355  beta      0.0500
zeta_p            0.600     0.6801     0.6175   0.7432  beta      0.2000
iota_p            0.500     0.1809     0.0313   0.3222  beta      0.2000
s_bis             0.500     0.4460     0.3099   0.5743  gamm      0.1000
h                 0.700     0.7186     0.6603   0.7775  beta      0.0500
a_bis             0.200     0.1453     0.0161   0.2984  gamm      0.1000
nu_l              2.000     2.9383     1.6678   4.1665  gamm      0.7500
zeta_w            0.600     0.3395     0.2648   0.4120  beta      0.2000
iota_w            0.500     0.0862     0.0170   0.1498  beta      0.2000
r_star            2.000     1.7576     1.0343   2.4751  gamm      1.0000
psi_1             1.500     1.5928     1.4132   1.7667  gamm      0.4000
psi_2             0.200     0.0347     0.0070   0.0624  gamm      0.1000
rho_R             0.500     0.5509     0.4756   0.6263  beta      0.2000
pi_star           3.010     3.7725     2.2342   5.3958  norm      1.5000
gamma_star        2.000     2.6816     2.1831   3.1765  gamm      1.0000
lambda_f          0.150     0.2320     0.0831   0.3729  gamm      0.1000
gg_star           0.300     0.2825     0.1938   0.3874  gamm      0.1000
L_adj           662.000   662.1049   660.5090 663.7675  norm      1.0000
D_adj             0.500     0.4371     0.3092   0.5673  norm      0.1000
chi               0.120     0.1205     0.1043   0.1365  beta      0.0100
nu                0.975     0.9768     0.9752   0.9783  beta      0.0010
sigma             0.300     0.2950     0.2787   0.3113  gamm      0.0100
rho_z             0.200     0.1048     0.0229   0.1806  beta      0.1000
rho_phi           0.600     0.9615     0.9446   0.9785  beta      0.2000
rho_lambda_f      0.600     0.9899     0.9813   0.9991  beta      0.2000
rho_mu            0.800     0.7613     0.6771   0.8469  beta      0.0500
rho_b             0.600     0.1710     0.0379   0.2961  beta      0.2000
rho_g             0.800     0.9140     0.8837   0.9446  beta      0.0500
rho_sigma         0.800     0.9152     0.8807   0.9512  beta      0.2000
rho_nu            0.800     0.5065     0.3705   0.6413  beta      0.2000
 
standard deviation of shocks
               prior mean post. mean   conf. interval  prior     pstdev

eps_z             0.500     0.6947     0.6025   0.7864  invg         Inf
eps_phi           2.000     4.8403     2.9951   6.6478  invg         Inf
eps_lambda_f      0.500     7.4104     3.5458  11.4388  invg         Inf
eps_mu            0.500     0.7221     0.5742   0.8648  invg         Inf
eps_b             0.500     1.7369     1.3100   2.1485  invg         Inf
eps_g             0.500     0.6311     0.5537   0.7073  invg         Inf
eps_R             0.250     0.3162     0.2688   0.3629  invg         Inf
eps_sigma         0.500     7.4449     5.3737   9.4111  invg         Inf
eps_nu            0.500     0.7441     0.6324   0.8550  invg         Inf
MH: Posterior (dsge) IRFs...
MH: Posterior IRFs, done!
MH: Smoothed variables
MH: Smoothed variables, done!
MH: Smoothed shocks
MH: Smoothed shocks, done!
MH: Forecasted variables (mean)
MH: Forecasted variables (mean), done!
MH: Forecasted variables (point)
MH: Forecasted variables (point), done!
