Starting Dynare (version 4.5.7).
Starting preprocessing of the model file ...
Found 34 equation(s).
Evaluating expressions...done
Computing static model derivatives:
 - order 1
Computing dynamic model derivatives:
 - order 1
 - order 2
Processing outputs ...
done
Preprocessing completed.

Initial value of the log posterior (or likelihood): -37186.5872
-----------------
f at the beginning of new iteration,     37186.5871936277
Predicted improvement:  5631382.483878217
lambda =          1; f =        37904.8340589
lambda =    0.33333; f =        37264.6490480
lambda =    0.11111; f =        37194.9718417
lambda =   0.037037; f =        37187.4770024
lambda =   0.012346; f =        37186.6755437
lambda =  0.0041152; f =        37186.5939037
lambda =  0.0013717; f =        37186.5872965
lambda = 0.00045725; f =        33103.5198028
lambda = 0.00088394; f =        35933.1716438
lambda =  0.0005952; f =        32611.9134352
Norm of dx      33.56
----
Improvement on iteration 1 =     4574.673758449
-----------------
f at the beginning of new iteration,     32611.9134351785
Predicted improvement:  1588119.036017028
lambda =          1; f =        32650.8151667
lambda =    0.33333; f =        32614.4979023
lambda =    0.11111; f =        32611.9352678
lambda =   0.037037; f =        32611.9233172
lambda =   0.012346; f =        18582.6052308
Norm of dx      20.18
----
Improvement on iteration 2 =    14029.308204384
-----------------
f at the beginning of new iteration,     18582.6052307941
Predicted improvement:  1074196.341671433
lambda =          1; f =        18741.3734867
lambda =    0.33333; f =        18594.5159358
lambda =    0.11111; f =        18582.9170307
lambda =   0.037037; f =        18582.6161651
lambda =   0.012346; f =        18582.6054176
lambda =  0.0041152; f =        14038.9920570
Norm of dx     20.046
----
Improvement on iteration 3 =     4543.613173763
-----------------
f at the beginning of new iteration,     14038.9920570313
Predicted improvement:   103557.949778655
lambda =          1; f =        14043.8535369
lambda =    0.33333; f =        14039.3015326
lambda =    0.11111; f =        14038.9935830
lambda =   0.037037; f =        14038.9920827
lambda =   0.012346; f =        11903.9223758
lambda =   0.023866; f =        10702.7507238
Norm of dx     4.9314
----
Improvement on iteration 4 =     3336.241333258
-----------------
f at the beginning of new iteration,     10702.7507237729
Predicted improvement:    25182.463230956
lambda =          1; f =        10703.5878293
lambda =    0.33333; f =        10702.7915071
lambda =    0.11111; f =        10702.7508626
lambda =   0.037037; f =         9378.3268795
lambda =   0.071599; f =         8642.8845848
Norm of dx     2.5273
----
Improvement on iteration 5 =     2059.866139008
-----------------
f at the beginning of new iteration,      8642.8845847653
Predicted improvement:    10695.105878699
lambda =          1; f =         8643.4798475
lambda =    0.33333; f =         8642.9448553
lambda =    0.11111; f =         8642.8895067
lambda =   0.037037; f =         8642.8847219
lambda =   0.012346; f =         8406.5355588
lambda =   0.023866; f =         8642.8845865
lambda =    0.01607; f =         8346.6940613
lambda =   0.020374; f =         8284.9369330
lambda =   0.025831; f =         8642.8845930
lambda =   0.022403; f =         8642.8845848
lambda =   0.020569; f =         8282.3646932
lambda =    0.02165; f =         8268.6011803
lambda =   0.022789; f =         8642.8845850
lambda =   0.022099; f =         8263.7488830
lambda =    0.02251; f =         8642.8845848
lambda =   0.022263; f =         8642.8845848
Norm of dx     1.7476
Cliff.  Perturbing search direction.
Predicted improvement:    24545.373080607
lambda =          1; f =         8643.8645822
lambda =    0.33333; f =         8642.9816638
lambda =    0.11111; f =         8642.8930822
lambda =   0.037037; f =         8642.8849477
lambda =   0.012346; f =         8086.3538588
lambda =   0.023866; f =         8642.8846213
lambda =    0.01607; f =         7938.6532531
lambda =   0.020374; f =         8642.8845915
lambda =    0.01767; f =         7879.5954585
lambda =   0.019246; f =         8642.8845870
lambda =   0.018285; f =         8642.8845851
lambda =   0.017731; f =         7878.4076073
lambda =   0.018061; f =         8642.8845849
lambda =   0.017862; f =         8642.8845848
Norm of dx     2.6937
Cliff again.  Try traversing
Predicted improvement: 191473223.986769915
lambda =          1; f =    122378053.9971851
lambda =    0.33333; f =     13597588.5554483
lambda =    0.11111; f =      1515976.1713735
lambda =   0.037037; f =       175276.7948120
lambda =   0.012346; f =        26877.5305652
lambda =  0.0041152; f =        10577.8344763
lambda =  0.0013717; f =         8829.6493588
lambda = 0.00045725; f =         8656.1006273
lambda = 0.00015242; f =         8643.2223709
lambda = 5.0805e-05; f =         8642.8902374
lambda = 1.6935e-05; f =         5396.4107271
Norm of dx      19569
----
Improvement on iteration 6 =     3246.473857662
-----------------
f at the beginning of new iteration,      5396.4107271032
Predicted improvement:    40102.940860780
lambda =          1; f =         5398.4858907
lambda =    0.33333; f =         5396.4973841
lambda =    0.11111; f =         5396.4183333
lambda =   0.037037; f =         5396.4110569
lambda =   0.012346; f =         4646.0593526
lambda =   0.023866; f =         5396.4107617
lambda =    0.01607; f =         4485.3841866
lambda =   0.020374; f =         5396.4107340
lambda =    0.01767; f =         5396.4107271
lambda =   0.016224; f =         4479.2631110
lambda =   0.017077; f =         4446.0306267
Norm of dx     4.5105
----
Improvement on iteration 7 =      950.380100371
warning: possible inaccuracy in H matrix
-----------------
f at the beginning of new iteration,      4446.0306267318
Predicted improvement:     3237.668634495
lambda =          1; f =         4446.0828863
lambda =    0.33333; f =         4446.0363879
lambda =    0.11111; f =         4446.0312518
lambda =   0.037037; f =         4446.0306913
lambda =   0.012346; f =         4446.0306324
lambda =  0.0041152; f =         4446.0306270
lambda =  0.0013717; f =         4437.4507069
lambda =  0.0026518; f =         4446.0306268
lambda =  0.0017856; f =         4435.3543852
lambda =  0.0022638; f =         4446.0306267
lambda =  0.0019634; f =         4446.0306267
lambda =  0.0018026; f =         4435.2985503
lambda =  0.0018974; f =         4435.1946537
lambda =  0.0019972; f =         4446.0306267
lambda =  0.0019367; f =         4435.5314510
lambda =  0.0019728; f =         4446.0306267
lambda =  0.0019511; f =         4436.1082396
Norm of dx    0.84599
Cliff.  Perturbing search direction.
Predicted improvement:     5887.800991416
lambda =          1; f =         4446.2960069
lambda =    0.33333; f =         4446.0600109
lambda =    0.11111; f =         4446.0338576
lambda =   0.037037; f =         4446.0309745
lambda =   0.012346; f =         4446.0306617
lambda =  0.0041152; f =         4446.0306295
lambda =  0.0013717; f =         4446.0306268
lambda = 0.00045725; f =         4440.7765018
lambda = 0.00088394; f =         4446.0306267
lambda =  0.0005952; f =         4439.2962110
lambda =  0.0007546; f =         4437.8116703
lambda =  0.0009567; f =         4446.0306267
lambda = 0.00082974; f =         4437.4785122
lambda = 0.00090374; f =         4446.0306267
lambda = 0.00085858; f =         4437.8481724
lambda =  0.0008854; f =         4446.0306267
lambda = 0.00086921; f =         4439.7332805
Norm of dx     1.2855

badg2 =

     0

----
Improvement on iteration 8 =       10.835973060
back and forth on step length never finished
-----------------
f at the beginning of new iteration,      4435.1946536720
Predicted improvement:     3237.668634495
lambda =          1; f =         4435.2471121
lambda =    0.33333; f =         4435.2004810
lambda =    0.11111; f =         4435.1953007
lambda =   0.037037; f =         4435.1947254
lambda =   0.012346; f =         4435.1946616
lambda =  0.0041152; f =         4435.1946545
lambda =  0.0013717; f =         4435.1946538
lambda = 0.00045725; f =         4435.1946537
lambda = 0.00015242; f =         4435.1946537
lambda = 5.0805e-05; f =         4435.9151691
lambda = 1.6935e-05; f =         4435.2677870
lambda =  5.645e-06; f =         4435.2123937
lambda = 1.8817e-06; f =         4435.1999607
lambda = 6.2723e-07; f =         4435.1963592
lambda = 2.0908e-07; f =         4435.1952152
lambda = 6.9692e-08; f =         4435.1948401
lambda = 2.3231e-08; f =         4435.1947157
lambda = 7.7435e-09; f =         4435.1946743
lambda = 2.5812e-09; f =         4435.1946606

lambda =

  -6.2723e-07

lambda = -6.2723e-07; f =         4435.1930099
Norm of dx    0.84599
----
Improvement on iteration 9 =        0.001643726
-----------------
f at the beginning of new iteration,      4435.1930099455
Predicted improvement:    61271.306813866
lambda =          1; f =         4435.2333828
lambda =    0.33333; f =         4435.1930307
lambda =    0.11111; f =         4875.7967525
lambda =   0.037037; f =         4613.3194096
lambda =   0.012346; f =         4505.5587886
lambda =  0.0041152; f =         4457.6858941
lambda =  0.0013717; f =         4440.7603902
lambda = 0.00045725; f =         4435.4877224
lambda = 0.00015242; f =         4434.1369365
lambda = 5.0805e-05; f =         4434.0733753
lambda = 1.6935e-05; f =         4434.3939590
Norm of dx     3.7136
----
Improvement on iteration 10 =        1.119634610
-----------------
f at the beginning of new iteration,      4434.0733753357
Predicted improvement:     3064.170584872
lambda =          1; f =         4434.0768592
lambda =    0.33333; f =         3156.1478677
Norm of dx    0.82932
----
Improvement on iteration 11 =     1277.925507592
-----------------
f at the beginning of new iteration,      3156.1478677436
Predicted improvement:      643.134759906
lambda =          1; f =         3156.1478854
lambda =    0.33333; f =         3156.1478687
lambda =    0.11111; f =         3022.2186373
lambda =     0.2148; f =         3156.1478679
lambda =    0.14463; f =         3156.1478677
lambda =    0.11408; f =         3018.8896190
lambda =    0.13154; f =         2999.5809284
lambda =    0.15166; f =         3156.1478677
lambda =    0.13924; f =         3156.1478677
lambda =    0.13229; f =         2998.7601877
lambda =    0.13642; f =         3156.1478677
lambda =    0.13392; f =         2996.9742973
lambda =    0.13542; f =         3156.1478677
Norm of dx    0.32381
Cliff.  Perturbing search direction.
Predicted improvement:     1144.693836387
lambda =          1; f =         3156.1494491
lambda =    0.33333; f =         3156.1478679
lambda =    0.11111; f =         2924.4179434
lambda =     0.2148; f =         3156.1478677
lambda =    0.14463; f =         2863.3371431
lambda =    0.18337; f =         2797.8673344
lambda =    0.23248; f =         3156.1478678
lambda =    0.20163; f =         2768.9252408
lambda =    0.21961; f =         3156.1478677
lambda =    0.20864; f =         3156.1478677
lambda =    0.20232; f =         2767.8555147
lambda =    0.20608; f =         2762.0467222
lambda =    0.20992; f =         3156.1478677
lambda =    0.20761; f =         3156.1478677
Norm of dx    0.52155
Cliff again.  Try traversing
Predicted improvement:  6357779.938000361
lambda =          1; f =      2284364.2545400
lambda =    0.33333; f =       254671.2525897
lambda =    0.11111; f =        30518.9849916
lambda =   0.037037; f =         6068.9520609
lambda =   0.012346; f =         3453.7254232
lambda =  0.0041152; f =         3181.5952223
lambda =  0.0013717; f =         3157.1736575
lambda = 0.00045725; f =         3156.3098743
lambda = 0.00015242; f =         3156.1479511
lambda = 5.0805e-05; f =         2540.4261614
lambda = 9.8216e-05; f =         2341.7551592
Norm of dx     3565.9
----
Improvement on iteration 12 =      814.392708556
-----------------
f at the beginning of new iteration,      2341.7551591873
Predicted improvement:     1579.449739443
lambda =          1; f =         2342.8365225
lambda =    0.33333; f =         1891.5978727
Norm of dx    0.79239
----
Improvement on iteration 13 =      450.157286444
-----------------
f at the beginning of new iteration,      1891.5978727438
Predicted improvement:     1661.498247568
lambda =          1; f =         1891.5979641
lambda =    0.33333; f =         1891.5978773
lambda =    0.11111; f =         1643.7268439
Norm of dx    0.88457
----
Improvement on iteration 14 =      247.871028797
-----------------
f at the beginning of new iteration,      1643.7268439470
Predicted improvement:      326.662572462
lambda =          1; f =         1643.7268531
lambda =    0.33333; f =         1448.9635276
lambda =    0.64439; f =         1307.3562540
lambda =     1.2457; f =         1643.7269368
lambda =     0.8388; f =         1242.1363295
lambda =     1.0635; f =         1643.7268663
lambda =    0.92232; f =         1643.7268448
lambda =     0.8468; f =         1240.0335217
lambda =    0.89134; f =         1643.7268440
lambda =    0.86435; f =         1235.7278604
lambda =    0.88044; f =         1232.5208589
lambda =    0.89684; f =         1643.7268440
lambda =    0.88696; f =         1232.6188758
Norm of dx    0.40468
Cliff.  Perturbing search direction.
Predicted improvement:      499.769326250
lambda =          1; f =         1643.7270526
lambda =    0.33333; f =         1369.1168177
lambda =    0.64439; f =         1643.7268446
lambda =     0.4339; f =         1307.2480172
lambda =    0.55011; f =         1248.2288646
lambda =    0.69744; f =         1643.7268520
lambda =    0.60488; f =         1226.4789687
Norm of dx    0.51159

badg2 =

     0

----
Improvement on iteration 15 =      417.247875256
warning: possible inaccuracy in H matrix
-----------------
f at the beginning of new iteration,      1226.4789686913
Predicted improvement:      277.407335080
lambda =          1; f =         1025.7925909
Norm of dx    0.50019
----
Improvement on iteration 16 =      200.686377758
-----------------
f at the beginning of new iteration,      1025.7925909330
Predicted improvement:       69.200361806
lambda =          1; f =          906.0095500
lambda =     1.9332; f =          824.2135961
lambda =     3.7372; f =         1025.7927253
lambda =     2.5164; f =          789.8430257
Norm of dx    0.20225
----
Improvement on iteration 17 =      235.949565274
-----------------
f at the beginning of new iteration,       789.8430256586
Predicted improvement:       27.278135711
lambda =          1; f =          789.8430727
lambda =    0.33333; f =          789.8430260
lambda =    0.11111; f =          784.2475534
lambda =     0.2148; f =          780.1849867
lambda =    0.41524; f =          789.8430275
lambda =     0.2796; f =          789.8430257
lambda =    0.22054; f =          780.0219587
lambda =    0.25428; f =          779.4872727
lambda =    0.29319; f =          789.8430257
lambda =    0.26918; f =          780.4955232
Norm of dx    0.26172
----
Improvement on iteration 18 =       10.355752942
warning: possible inaccuracy in H matrix
-----------------
f at the beginning of new iteration,       779.4872727168
Predicted improvement:       60.819208813
lambda =          1; f =          779.4887307
lambda =    0.33333; f =          751.1604820
Norm of dx    0.61176
----
Improvement on iteration 19 =       28.326790720
-----------------
f at the beginning of new iteration,       751.1604819965
Predicted improvement:       15.160292631
lambda =          1; f =          751.1605123
lambda =    0.33333; f =          742.5546393
lambda =    0.64439; f =          737.1661045
lambda =     1.2457; f =          751.1609074
lambda =     0.8388; f =          735.0713090
Norm of dx     0.2815
----
Improvement on iteration 20 =       16.089173019
-----------------
f at the beginning of new iteration,       735.0713089778
Predicted improvement:        5.030360711
lambda =          1; f =          735.0716240
lambda =    0.33333; f =          735.0713178
lambda =    0.11111; f =          733.9751887
lambda =     0.2148; f =          735.0713091
lambda =    0.14463; f =          733.6529692
lambda =    0.18337; f =          733.2854803
lambda =    0.23248; f =          735.0713095
lambda =    0.20163; f =          735.0713090
lambda =    0.18512; f =          733.2690114
lambda =    0.19485; f =          733.1775196
lambda =     0.2051; f =          735.0713090
lambda =    0.19889; f =          733.1396851
lambda =    0.20259; f =          735.0713090
lambda =    0.20036; f =          735.0713090
Norm of dx    0.11352
Cliff.  Perturbing search direction.
Predicted improvement:       11.357260648
lambda =          1; f =          735.0714806
lambda =    0.33333; f =          735.0713110
lambda =    0.11111; f =          732.6025128
lambda =     0.2148; f =          730.3962702
lambda =    0.41524; f =          735.0713172
lambda =     0.2796; f =          735.0713092
lambda =    0.22054; f =          730.2768641
lambda =    0.25428; f =          735.0713090
lambda =    0.23346; f =          730.0089759
lambda =    0.24574; f =          729.7557961
lambda =    0.25866; f =          735.0713090
lambda =    0.25083; f =          729.6512096
lambda =     0.2555; f =          735.0713090
lambda =    0.25269; f =          735.0713090
Norm of dx    0.17994
Cliff again.  Try traversing
Predicted improvement:    10673.852110854
lambda =          1; f =          895.0336213
lambda =    0.33333; f =          744.9263213
lambda =    0.11111; f =          735.1718418
lambda =   0.037037; f =          735.0723030
lambda =   0.012346; f =          721.2600093
lambda =  0.0041152; f =          685.2203337
Norm of dx     146.11
----
Improvement on iteration 21 =       49.850975313
-----------------
f at the beginning of new iteration,       685.2203336649
Predicted improvement:        5.578224168
lambda =          1; f =          675.8987918
lambda =     1.9332; f =          669.9369332
lambda =     3.7372; f =          663.7712033
Norm of dx    0.12987
----
Improvement on iteration 22 =       21.449130403
-----------------
f at the beginning of new iteration,       663.7712032617
Predicted improvement:        6.107325007
lambda =          1; f =          652.0591723
lambda =     1.9332; f =          642.0853855
lambda =     3.7372; f =          626.0858131
lambda =     7.2247; f =          616.5450243
Norm of dx    0.17098
----
Improvement on iteration 23 =       47.226178926
-----------------
f at the beginning of new iteration,       616.5450243356
Predicted improvement:       15.603272901
lambda =          1; f =          595.1833370
Norm of dx     0.2021
----
Improvement on iteration 24 =       21.361687367
-----------------
f at the beginning of new iteration,       595.1833369682
Predicted improvement:       22.931548996
lambda =          1; f =          563.4868783
Norm of dx    0.42784
----
Improvement on iteration 25 =       31.696458638
-----------------
f at the beginning of new iteration,       563.4868783299
Predicted improvement:       10.382864535
lambda =          1; f =          549.3448202
Norm of dx    0.39146
----
Improvement on iteration 26 =       14.142058143
-----------------
f at the beginning of new iteration,       549.3448201873
Predicted improvement:        4.264756519
lambda =          1; f =          544.1389219
Norm of dx    0.25988
----
Improvement on iteration 27 =        5.205898241
-----------------
f at the beginning of new iteration,       544.1389219462
Predicted improvement:        1.946271192
lambda =          1; f =          541.0084130
lambda =     1.9332; f =          539.4630782
Norm of dx    0.13592
----
Improvement on iteration 28 =        4.675843786
-----------------
f at the beginning of new iteration,       539.4630781598
Predicted improvement:        3.338998806
lambda =          1; f =          535.8382629
Norm of dx   0.071127
----
Improvement on iteration 29 =        3.624815288
-----------------
f at the beginning of new iteration,       535.8382628716
Predicted improvement:        1.131788855
lambda =          1; f =          534.2767037
Norm of dx   0.057271
----
Improvement on iteration 30 =        1.561559128
-----------------
f at the beginning of new iteration,       534.2767037437
Predicted improvement:        1.325791668
lambda =          1; f =          532.1353318
lambda =     1.9332; f =          531.0898659
Norm of dx    0.12094
----
Improvement on iteration 31 =        3.186837800
-----------------
f at the beginning of new iteration,       531.0898659440
Predicted improvement:        1.445597161
lambda =          1; f =          528.9707910
lambda =     1.9332; f =          528.5317266
Norm of dx    0.21347
----
Improvement on iteration 32 =        2.558139353
-----------------
f at the beginning of new iteration,       528.5317265915
Predicted improvement:        0.601273720
lambda =          1; f =          527.4998787
lambda =     1.9332; f =          526.8361087
lambda =     3.7372; f =          526.3272053
Norm of dx   0.056412
----
Improvement on iteration 33 =        2.204521324
-----------------
f at the beginning of new iteration,       526.3272052670
Predicted improvement:        1.532215324
lambda =          1; f =          523.3558792
lambda =     1.9332; f =          520.7396360
lambda =     3.7372; f =          516.0627896
lambda =     7.2247; f =          508.2628381
lambda =     13.967; f =          497.4720136
Norm of dx   0.044128
----
Improvement on iteration 34 =       28.855191677
-----------------
f at the beginning of new iteration,       497.4720135897
Predicted improvement:        6.492253296
lambda =          1; f =          492.6381495
Norm of dx    0.42564
----
Improvement on iteration 35 =        4.833864084
-----------------
f at the beginning of new iteration,       492.6381495059
Predicted improvement:        2.328273443
lambda =          1; f =          490.1356968
Norm of dx   0.094252
----
Improvement on iteration 36 =        2.502452714
-----------------
f at the beginning of new iteration,       490.1356967921
Predicted improvement:        1.211416010
lambda =          1; f =          487.9484934
lambda =     1.9332; f =          486.3192764
lambda =     3.7372; f =          484.2338470
Norm of dx   0.069816
----
Improvement on iteration 37 =        5.901849832
-----------------
f at the beginning of new iteration,       484.2338469602
Predicted improvement:        5.346559037
lambda =          1; f =          476.3008509
lambda =     1.9332; f =          473.7218404
Norm of dx    0.36065
----
Improvement on iteration 38 =       10.512006601
-----------------
f at the beginning of new iteration,       473.7218403596
Predicted improvement:        3.059175939
lambda =          1; f =          470.0294668
Norm of dx    0.11646
----
Improvement on iteration 39 =        3.692373604
-----------------
f at the beginning of new iteration,       470.0294667561
Predicted improvement:        2.014763416
lambda =          1; f =          467.8062417
Norm of dx    0.17886
----
Improvement on iteration 40 =        2.223225080
-----------------
f at the beginning of new iteration,       467.8062416762
Predicted improvement:        1.278428019
lambda =          1; f =          465.7911575
lambda =     1.9332; f =          464.9142246
Norm of dx   0.062487
----
Improvement on iteration 41 =        2.892017075
-----------------
f at the beginning of new iteration,       464.9142246012
Predicted improvement:        1.287549904
lambda =          1; f =          462.8485472
lambda =     1.9332; f =          461.9677363
Norm of dx    0.12474
----
Improvement on iteration 42 =        2.946488312
-----------------
f at the beginning of new iteration,       461.9677362893
Predicted improvement:        0.971052378
lambda =          1; f =          460.6395959
Norm of dx    0.15586
----
Improvement on iteration 43 =        1.328140422
-----------------
f at the beginning of new iteration,       460.6395958674
Predicted improvement:        0.376453453
lambda =          1; f =          460.1698547
Norm of dx   0.078856
----
Improvement on iteration 44 =        0.469741136
-----------------
f at the beginning of new iteration,       460.1698547317
Predicted improvement:        0.209148030
lambda =          1; f =          459.8109613
lambda =     1.9332; f =          459.5869855
lambda =     3.7372; f =          459.4822392
Norm of dx   0.053657
----
Improvement on iteration 45 =        0.687615566
-----------------
f at the beginning of new iteration,       459.4822391656
Predicted improvement:        0.522320871
lambda =          1; f =          458.6548546
lambda =     1.9332; f =          458.2553209
Norm of dx   0.089288
----
Improvement on iteration 46 =        1.226918280
-----------------
f at the beginning of new iteration,       458.2553208858
Predicted improvement:        0.571124856
lambda =          1; f =          457.6385880
Norm of dx   0.069179
----
Improvement on iteration 47 =        0.616732853
-----------------
f at the beginning of new iteration,       457.6385880330
Predicted improvement:        0.095475907
lambda =          1; f =          457.5121882
Norm of dx   0.028161
----
Improvement on iteration 48 =        0.126399785
-----------------
f at the beginning of new iteration,       457.5121882475
Predicted improvement:        0.116118392
lambda =          1; f =          457.3044189
lambda =     1.9332; f =          457.1542938
lambda =     3.7372; f =          456.9820105
Norm of dx    0.03886
----
Improvement on iteration 49 =        0.530177699
-----------------
f at the beginning of new iteration,       456.9820105483
Predicted improvement:        0.385553742
lambda =          1; f =          456.3323044
lambda =     1.9332; f =          455.9340380
lambda =     3.7372; f =          455.6822522
Norm of dx   0.099674
----
Improvement on iteration 50 =        1.299758373
-----------------
f at the beginning of new iteration,       455.6822521751
Predicted improvement:        0.200846975
lambda =          1; f =          455.3871741
lambda =     1.9332; f =          455.3037130
Norm of dx   0.043115
----
Improvement on iteration 51 =        0.378539138
-----------------
f at the beginning of new iteration,       455.3037130372
Predicted improvement:        0.102251491
lambda =          1; f =          455.1221027
lambda =     1.9332; f =          454.9939755
lambda =     3.7372; f =          454.8602831
Norm of dx   0.016603
----
Improvement on iteration 52 =        0.443429975
-----------------
f at the beginning of new iteration,       454.8602830626
Predicted improvement:        0.304031982
lambda =          1; f =          454.3354950
lambda =     1.9332; f =          453.9953659
lambda =     3.7372; f =          453.7492052
Norm of dx   0.051677
----
Improvement on iteration 53 =        1.111077860
-----------------
f at the beginning of new iteration,       453.7492052024
Predicted improvement:        0.296750751
lambda =          1; f =          453.2931527
lambda =     1.9332; f =          453.1277238
Norm of dx   0.015303
----
Improvement on iteration 54 =        0.621481372
-----------------
f at the beginning of new iteration,       453.1277238300
Predicted improvement:        0.104083804
lambda =          1; f =          453.0111775
Norm of dx   0.014009
----
Improvement on iteration 55 =        0.116546296
-----------------
f at the beginning of new iteration,       453.0111775341
Predicted improvement:        0.021679620
lambda =          1; f =          452.9794628
lambda =     1.9332; f =          452.9711501
Norm of dx   0.011824
----
Improvement on iteration 56 =        0.040027411
-----------------
f at the beginning of new iteration,       452.9711501229
Predicted improvement:        0.021264716
lambda =          1; f =          452.9301019
lambda =     1.9332; f =          452.8944595
lambda =     3.7372; f =          452.8328224
lambda =     7.2247; f =          452.7406820
lambda =     13.967; f =          452.6626079
Norm of dx  0.0068627
----
Improvement on iteration 57 =        0.308542255
-----------------
f at the beginning of new iteration,       452.6626078675
Predicted improvement:        0.187264276
lambda =          1; f =          452.3449963
lambda =     1.9332; f =          452.1541349
lambda =     3.7372; f =          452.0927883
Norm of dx   0.041377
----
Improvement on iteration 58 =        0.569819527
-----------------
f at the beginning of new iteration,       452.0927883402
Predicted improvement:        0.105034206
lambda =          1; f =          451.9716979
Norm of dx   0.060052
----
Improvement on iteration 59 =        0.121090480
-----------------
f at the beginning of new iteration,       451.9716978605
Predicted improvement:        0.009734507
lambda =          1; f =          451.9582356
Norm of dx   0.013658
----
Improvement on iteration 60 =        0.013462221
-----------------
f at the beginning of new iteration,       451.9582356396
Predicted improvement:        0.008299402
lambda =          1; f =          451.9441851
lambda =     1.9332; f =          451.9356865
lambda =     3.7372; f =          451.9319545
Norm of dx  0.0078542
----
Improvement on iteration 61 =        0.026281130
-----------------
f at the beginning of new iteration,       451.9319545093
Predicted improvement:        0.019188622
lambda =          1; f =          451.8945130
lambda =     1.9332; f =          451.8612539
lambda =     3.7372; f =          451.8015256
lambda =     7.2247; f =          451.7029298
lambda =     13.967; f =          451.5740028
Norm of dx   0.007462
----
Improvement on iteration 62 =        0.357951682
-----------------
f at the beginning of new iteration,       451.5740028274
Predicted improvement:        0.368196849
lambda =          1; f =          450.9207358
lambda =     1.9332; f =          450.4571986
lambda =     3.7372; f =          449.9447100
Norm of dx    0.15767
----
Improvement on iteration 63 =        1.629292850
-----------------
f at the beginning of new iteration,       449.9447099778
Predicted improvement:        0.636666670
lambda =          1; f =          449.0423163
lambda =     1.9332; f =          448.9829057
Norm of dx    0.33808
----
Improvement on iteration 64 =        0.961804295
-----------------
f at the beginning of new iteration,       448.9829056832
Predicted improvement:        0.233457733
lambda =          1; f =          448.7728596
Norm of dx    0.21244
----
Improvement on iteration 65 =        0.210046067
-----------------
f at the beginning of new iteration,       448.7728596167
Predicted improvement:        0.024203710
lambda =          1; f =          448.7398142
Norm of dx   0.037275
----
Improvement on iteration 66 =        0.033045424
-----------------
f at the beginning of new iteration,       448.7398141930
Predicted improvement:        0.024191783
lambda =          1; f =          448.7001782
lambda =     1.9332; f =          448.6793317
Norm of dx   0.030273
----
Improvement on iteration 67 =        0.060482538
-----------------
f at the beginning of new iteration,       448.6793316546
Predicted improvement:        0.053685870
lambda =          1; f =          448.5787535
lambda =     1.9332; f =          448.4974066
lambda =     3.7372; f =          448.3758537
lambda =     7.2247; f =          448.2844402
Norm of dx   0.028561
----
Improvement on iteration 68 =        0.394891448
-----------------
f at the beginning of new iteration,       448.2844402070
Predicted improvement:        0.373756429
lambda =          1; f =          447.5529191
lambda =     1.9332; f =          446.8984663
lambda =     3.7372; f =          445.7074440
lambda =     7.2247; f =          443.6693715
lambda =     13.967; f =          440.7611543
lambda =         27; f =          448.4317986
lambda =      18.18; f =          439.9716702
Norm of dx    0.09502
----
Improvement on iteration 69 =        8.312770054
-----------------
f at the beginning of new iteration,       439.9716701535
Predicted improvement:        3.313731382
lambda =          1; f =          441.1343664
lambda =    0.33333; f =          438.3240316
lambda =    0.64439; f =          438.1688768
Norm of dx     1.0307
----
Improvement on iteration 70 =        1.802793372
-----------------
f at the beginning of new iteration,       438.1688767813
Predicted improvement:        2.946070626
lambda =          1; f =          443.8547270
lambda =    0.33333; f =          438.1133913
lambda =    0.11111; f =          437.7627956
Norm of dx    0.92011
----
Improvement on iteration 71 =        0.406081148
-----------------
f at the beginning of new iteration,       437.7627956333
Predicted improvement:        0.755293008
lambda =          1; f =          437.9801347
lambda =    0.33333; f =          437.4545628
Norm of dx    0.15656
----
Improvement on iteration 72 =        0.308232870
-----------------
f at the beginning of new iteration,       437.4545627632
Predicted improvement:        0.446550657
lambda =          1; f =          437.2934649
lambda =    0.33333; f =          437.2397050
lambda =    0.64439; f =          437.1858771
Norm of dx    0.10018
----
Improvement on iteration 73 =        0.268685704
-----------------
f at the beginning of new iteration,       437.1858770595
Predicted improvement:        0.068366455
lambda =          1; f =          437.0817565
lambda =     1.9332; f =          437.0435303
Norm of dx   0.025968
----
Improvement on iteration 74 =        0.142346767
-----------------
f at the beginning of new iteration,       437.0435302922
Predicted improvement:        0.110738512
lambda =          1; f =          436.8316007
lambda =     1.9332; f =          436.6508880
lambda =     3.7372; f =          436.3474510
lambda =     7.2247; f =          435.9282865
Norm of dx   0.011563
----
Improvement on iteration 75 =        1.115243816
-----------------
f at the beginning of new iteration,       435.9282864758
Predicted improvement:        1.267677300
lambda =          1; f =          433.9893450
lambda =     1.9332; f =          433.3080547
Norm of dx    0.14779
----
Improvement on iteration 76 =        2.620231731
-----------------
f at the beginning of new iteration,       433.3080547453
Predicted improvement:        0.366409765
lambda =          1; f =          432.9169380
Norm of dx   0.062076
----
Improvement on iteration 77 =        0.391116728
-----------------
f at the beginning of new iteration,       432.9169380178
Predicted improvement:        0.115480957
lambda =          1; f =          432.8637753
lambda =    0.33333; f =          432.8594223
lambda =    0.64439; f =          432.8413595
Norm of dx   0.072569
----
Improvement on iteration 78 =        0.075578535
-----------------
f at the beginning of new iteration,       432.8413594825
Predicted improvement:        0.014156704
lambda =          1; f =          432.8249661
Norm of dx   0.025029
----
Improvement on iteration 79 =        0.016393419
-----------------
f at the beginning of new iteration,       432.8249660633
Predicted improvement:        0.005374826
lambda =          1; f =          432.8161118
lambda =     1.9332; f =          432.8112493
Norm of dx  0.0042448
----
Improvement on iteration 80 =        0.013716736
-----------------
f at the beginning of new iteration,       432.8112493271
Predicted improvement:        0.011570720
lambda =          1; f =          432.7906034
lambda =     1.9332; f =          432.7758040
lambda =     3.7372; f =          432.7592477
Norm of dx  0.0092657
----
Improvement on iteration 81 =        0.052001663
-----------------
f at the beginning of new iteration,       432.7592476640
Predicted improvement:        0.043646993
lambda =          1; f =          432.6763042
lambda =     1.9332; f =          432.6067873
lambda =     3.7372; f =          432.4941888
lambda =     7.2247; f =          432.3595513
Norm of dx   0.021864
----
Improvement on iteration 82 =        0.399696396
-----------------
f at the beginning of new iteration,       432.3595512681
Predicted improvement:        0.284994048
lambda =          1; f =          431.9135245
lambda =     1.9332; f =          431.7698374
Norm of dx    0.16703
----
Improvement on iteration 83 =        0.589713905
-----------------
f at the beginning of new iteration,       431.7698373631
Predicted improvement:        0.231278299
lambda =          1; f =          431.4880442
Norm of dx   0.047782
----
Improvement on iteration 84 =        0.281793201
-----------------
f at the beginning of new iteration,       431.4880441620
Predicted improvement:        0.051330449
lambda =          1; f =          431.4332243
Norm of dx   0.042267
----
Improvement on iteration 85 =        0.054819894
-----------------
f at the beginning of new iteration,       431.4332242684
Predicted improvement:        0.008250418
lambda =          1; f =          431.4216112
lambda =     1.9332; f =          431.4194080
Norm of dx  0.0079283
----
Improvement on iteration 86 =        0.013816304
-----------------
f at the beginning of new iteration,       431.4194079645
Predicted improvement:        0.002840814
lambda =          1; f =          431.4150988
lambda =     1.9332; f =          431.4135696
Norm of dx   0.006659
----
Improvement on iteration 87 =        0.005838329
-----------------
f at the beginning of new iteration,       431.4135696357
Predicted improvement:        0.003313881
lambda =          1; f =          431.4072269
lambda =     1.9332; f =          431.4018230
lambda =     3.7372; f =          431.3927823
lambda =     7.2247; f =          431.3805407
Norm of dx  0.0020026
----
Improvement on iteration 88 =        0.033028916
-----------------
f at the beginning of new iteration,       431.3805407193
Predicted improvement:        0.037928383
lambda =          1; f =          431.3139895
lambda =     1.9332; f =          431.2685526
lambda =     3.7372; f =          431.2257532
Norm of dx   0.010534
----
Improvement on iteration 89 =        0.154787541
-----------------
f at the beginning of new iteration,       431.2257531781
Predicted improvement:        0.083799020
lambda =          1; f =          431.0851783
lambda =     1.9332; f =          431.0028667
Norm of dx   0.025729
----
Improvement on iteration 90 =        0.222886460
-----------------
f at the beginning of new iteration,       431.0028667178
Predicted improvement:        0.055332260
lambda =          1; f =          430.9464856
Norm of dx    0.02739
----
Improvement on iteration 91 =        0.056381089
-----------------
f at the beginning of new iteration,       430.9464856287
Predicted improvement:        0.001598672
lambda =          1; f =          430.9443113
Norm of dx  0.0059054
----
Improvement on iteration 92 =        0.002174289
-----------------
f at the beginning of new iteration,       430.9443113401
Predicted improvement:        0.001339434
lambda =          1; f =          430.9421165
lambda =     1.9332; f =          430.9409434
Norm of dx  0.0016295
----
Improvement on iteration 93 =        0.003367946
-----------------
f at the beginning of new iteration,       430.9409433936
Predicted improvement:        0.002677936
lambda =          1; f =          430.9359468
lambda =     1.9332; f =          430.9319330
lambda =     3.7372; f =          430.9259473
lambda =     7.2247; f =          430.9209928
Norm of dx  0.0027955
----
Improvement on iteration 94 =        0.019950620
-----------------
f at the beginning of new iteration,       430.9209927735
Predicted improvement:        0.016453659
lambda =          1; f =          430.8889662
lambda =     1.9332; f =          430.8606588
lambda =     3.7372; f =          430.8102337
lambda =     7.2247; f =          430.7286907
lambda =     13.967; f =          430.6300193
Norm of dx   0.012325
----
Improvement on iteration 95 =        0.290973487
-----------------
f at the beginning of new iteration,       430.6300192869
Predicted improvement:        0.045294502
lambda =          1; f =          430.5804747
Norm of dx   0.056906
----
Improvement on iteration 96 =        0.049544578
-----------------
f at the beginning of new iteration,       430.5804747086
Predicted improvement:        0.003011002
lambda =          1; f =          430.5766868
Norm of dx   0.010903
----
Improvement on iteration 97 =        0.003787921
-----------------
f at the beginning of new iteration,       430.5766867880
Predicted improvement:        0.001073314
lambda =          1; f =          430.5750639
lambda =     1.9332; f =          430.5744900
Norm of dx  0.0029779
----
Improvement on iteration 98 =        0.002196827
-----------------
f at the beginning of new iteration,       430.5744899609
Predicted improvement:        0.001153170
lambda =          1; f =          430.5722423
lambda =     1.9332; f =          430.5702522
lambda =     3.7372; f =          430.5666987
lambda =     7.2247; f =          430.5609297
lambda =     13.967; f =          430.5539066
Norm of dx  0.0026524
----
Improvement on iteration 99 =        0.020583370
-----------------
f at the beginning of new iteration,       430.5539065911
Predicted improvement:        0.024109526
lambda =          1; f =          430.5093001
lambda =     1.9332; f =          430.4742072
lambda =     3.7372; f =          430.4242871
lambda =     7.2247; f =          430.3954176
Norm of dx   0.036059
----
Improvement on iteration 100 =        0.158488952
-----------------
f at the beginning of new iteration,       430.3954176389
Predicted improvement:        0.103138501
lambda =          1; f =          430.2235282
lambda =     1.9332; f =          430.1265713
Norm of dx    0.10267
----
Improvement on iteration 101 =        0.268846309
-----------------
f at the beginning of new iteration,       430.1265713297
Predicted improvement:        0.062591340
lambda =          1; f =          430.0645488
Norm of dx   0.088095
----
Improvement on iteration 102 =        0.062022529
-----------------
f at the beginning of new iteration,       430.0645488009
Predicted improvement:        0.002206744
lambda =          1; f =          430.0616881
Norm of dx  0.0048463
----
Improvement on iteration 103 =        0.002860683
-----------------
f at the beginning of new iteration,       430.0616881178
Predicted improvement:        0.001454617
lambda =          1; f =          430.0592962
lambda =     1.9332; f =          430.0580046
Norm of dx  0.0040173
----
Improvement on iteration 104 =        0.003683499
-----------------
f at the beginning of new iteration,       430.0580046191
Predicted improvement:        0.003262606
lambda =          1; f =          430.0520586
lambda =     1.9332; f =          430.0475627
lambda =     3.7372; f =          430.0417622
Norm of dx  0.0084227
----
Improvement on iteration 105 =        0.016242440
-----------------
f at the beginning of new iteration,       430.0417621795
Predicted improvement:        0.019187810
lambda =          1; f =          430.0070753
lambda =     1.9332; f =          429.9813603
lambda =     3.7372; f =          429.9497960
Norm of dx   0.018422
----
Improvement on iteration 106 =        0.091966196
-----------------
f at the beginning of new iteration,       429.9497959839
Predicted improvement:        0.087753154
lambda =          1; f =          429.8021584
lambda =     1.9332; f =          429.7177723
Norm of dx    0.11653
----
Improvement on iteration 107 =        0.232023655
-----------------
f at the beginning of new iteration,       429.7177723293
Predicted improvement:        0.134046114
lambda =          1; f =          429.5561367
Norm of dx    0.10106
----
Improvement on iteration 108 =        0.161635656
-----------------
f at the beginning of new iteration,       429.5561366735
Predicted improvement:        0.021450822
lambda =          1; f =          429.5314912
Norm of dx   0.022976
----
Improvement on iteration 109 =        0.024645488
-----------------
f at the beginning of new iteration,       429.5314911857
Predicted improvement:        0.002660457
lambda =          1; f =          429.5287429
Norm of dx   0.033783
----
Improvement on iteration 110 =        0.002748301
-----------------
f at the beginning of new iteration,       429.5287428844
Predicted improvement:        0.000526822
lambda =          1; f =          429.5281891
Norm of dx  0.0035205
----
Improvement on iteration 111 =        0.000553767
-----------------
f at the beginning of new iteration,       429.5281891170
Predicted improvement:        0.000057568
lambda =          1; f =          429.5281292
Norm of dx  0.0018825
----
Improvement on iteration 112 =        0.000059954
-----------------
f at the beginning of new iteration,       429.5281291631
Correct for low angle: 0.00322706
Predicted improvement:        0.000002836
lambda =          1; f =          429.5281254
Norm of dx 0.00034783
----
Improvement on iteration 113 =        0.000003718
-----------------
f at the beginning of new iteration,       429.5281254451
Correct for low angle: 0.003937
Predicted improvement:        0.000001259
lambda =          1; f =          429.5281232
lambda =     1.9332; f =          429.5281218
lambda =     3.7372; f =          429.5281209
Norm of dx 0.00015399
----
Improvement on iteration 114 =        0.000004524
-----------------
f at the beginning of new iteration,       429.5281209212
Predicted improvement:        0.000002686
lambda =          1; f =          429.5281156
lambda =     1.9332; f =          429.5281109
lambda =     3.7372; f =          429.5281020
lambda =     7.2247; f =          429.5280862
lambda =     13.967; f =          429.5280611
lambda =         27; f =          429.5280325
Norm of dx 4.3047e-05
----
Improvement on iteration 115 =        0.000088416
-----------------
f at the beginning of new iteration,       429.5280325052
Predicted improvement:        0.000069063
lambda =          1; f =          429.5279159
lambda =     1.9332; f =          429.5278461
Norm of dx 0.00029716
----
Improvement on iteration 116 =        0.000186373
-----------------
f at the beginning of new iteration,       429.5278461322
Predicted improvement:        0.000062075
lambda =          1; f =          429.5277771
Norm of dx  0.0012524
----
Improvement on iteration 117 =        0.000069024
-----------------
f at the beginning of new iteration,       429.5277771084
Predicted improvement:        0.000001624
lambda =          1; f =          429.5277753
Norm of dx 0.00023821
----
Improvement on iteration 118 =        0.000001792
-----------------
f at the beginning of new iteration,       429.5277753169
Predicted improvement:        0.000000054
lambda =          1; f =          429.5277753
Norm of dx 4.2926e-05
----
Improvement on iteration 119 =        0.000000043
improvement < crit termination

Final value of minus the log posterior (or likelihood):429.527775 

MODE CHECK

Fval obtained by the minimization routine (minus the posterior/likelihood)): 429.527775

RESULTS FROM POSTERIOR ESTIMATION
parameters
         prior mean     mode    s.d. prior pstdev

para_sp_b    0.050   0.0405  0.0038 beta  0.0050 
phiv         4.000   0.7083  0.1531 norm  1.5000 
thetav       0.500   0.6091  0.0515 beta  0.1000 
rhov         0.500   0.5382  0.0447 beta  0.2000 
zetav        1.500   1.3410  0.0598 gamm  0.2500 
zetay        0.125   0.0063  0.0083 gamm  0.1000 
pi_bar       0.620   0.9134  0.1099 gamm  0.1000 
iotapi       0.500   0.3196  0.1220 beta  0.1500 
constebeta   0.300   0.1173  0.0361 gamm  0.1000 
ytrend       0.400   0.7287  0.0223 norm  0.1000 
s_bar        0.500   0.3333  0.0462 gamm  0.1000 
rhov_a       0.500   0.8927  0.0263 beta  0.2000 
rhov_g       0.500   0.9240  0.0188 beta  0.2000 
rhov_i       0.500   0.9340  0.0164 beta  0.2000 
rhov_f       0.750   0.9306  0.0198 beta  0.1500 

standard deviation of shocks
         prior mean     mode    s.d. prior pstdev

e_a          0.100   1.3331  0.1313 invg  2.0000 
e_g          0.100   4.5426  0.3592 invg  2.0000 
e_rn         0.100   0.3720  0.0322 invg  2.0000 
e_i          0.100   1.1353  0.1373 invg  2.0000 
e_f          0.050   4.2121  0.5693 invg  4.0000 


Log data density [Laplace approximation] is -476.161748.

Estimation::mcmc: One Chain mode.
Estimation::mcmc: Initialization at the posterior mode.

Estimation::mcmc: Write details about the MCMC... Ok!
Estimation::mcmc: Details about the MCMC are available in NKBGG/metropolis\NKBGG_mh_history_0.mat


Estimation::mcmc: Number of mh files: 1 per block.
Estimation::mcmc: Total number of generated files: 1.
Estimation::mcmc: Total number of iterations: 500000.
Estimation::mcmc: Current acceptance ratio per chain: 
                                                       Chain  1: 49.0236%
Estimation::mcmc: Total number of MH draws per chain: 500000.
Estimation::mcmc: Total number of generated MH files: 1.
Estimation::mcmc: I'll use mh-files 1 to 1.
Estimation::mcmc: In MH-file number 1 I'll start at line 200001.
Estimation::mcmc: Finally I keep 300000 draws per chain.



MCMC Inefficiency factors per block
Parameter        Block 1
SE_e_a           173.508
SE_e_g           115.195
SE_e_rn          108.399
SE_e_i           176.276
SE_e_f           172.299
para_sp_b         84.579
phiv             191.590
thetav           137.838
rhov             123.137
zetav            140.772
zetay            216.845
pi_bar            95.515
iotapi           107.956
constebeta       106.421
ytrend           101.619
s_bar            123.732
rhov_a           143.578
rhov_g           113.140
rhov_i           144.662
rhov_f           117.991


Geweke (1992) Convergence Tests, based on means of draws 200000 to 260000 vs 350000 to 500000.
p-values are for Chi2-test for equality of means.
Parameter          Post. Mean        Post. Std   p-val No Taper   p-val 4% Taper   p-val 8% Taper  p-val 15% Taper
SE_e_a                  1.408            0.157            0.000            0.298            0.270            0.204
SE_e_g                  4.690            0.368            0.000            0.385            0.355            0.341
SE_e_rn                 0.375            0.032            0.000            0.076            0.067            0.073
SE_e_i                  1.225            0.168            0.000            0.634            0.658            0.665
SE_e_f                  4.541            0.651            0.000            0.009            0.013            0.012
para_sp_b               0.041            0.004            0.000            0.619            0.620            0.590
phiv                    0.813            0.192            0.000            0.495            0.507            0.475
thetav                  0.617            0.052            0.000            0.171            0.144            0.107
rhov                    0.552            0.044            0.000            0.708            0.684            0.690
zetav                   1.342            0.065            0.000            0.641            0.677            0.701
zetay                   0.016            0.012            0.507            0.964            0.963            0.962
pi_bar                  0.901            0.110            0.000            0.302            0.362            0.402
iotapi                  0.357            0.121            0.000            0.524            0.536            0.503
constebeta              0.130            0.038            0.000            0.317            0.285            0.247
ytrend                  0.731            0.022            0.005            0.785            0.783            0.776
s_bar                   0.315            0.045            0.000            0.012            0.016            0.016
rhov_a                  0.881            0.028            0.000            0.596            0.607            0.617
rhov_g                  0.921            0.019            0.000            0.389            0.337            0.344
rhov_i                  0.927            0.018            0.000            0.692            0.691            0.668
rhov_f                  0.931            0.020            0.038            0.825            0.824            0.819


Estimation::marginal density: I'm computing the posterior mean and covariance...  Done!
Estimation::marginal density: I'm computing the posterior log marginal density (modified harmonic mean)... Done!


ESTIMATION RESULTS

Log data density is -475.830169.

parameters
             prior mean   post. mean        90% HPD interval    prior       pstdev

para_sp_b         0.050       0.0406      0.0345      0.0467   beta        0.0050
phiv              4.000       0.8133      0.5095      1.1125   norm        1.5000
thetav            0.500       0.6168      0.5286      0.7013   beta        0.1000
rhov              0.500       0.5525      0.4818      0.6239   beta        0.2000
zetav             1.500       1.3439      1.2354      1.4503   gamm        0.2500
zetay             0.125       0.0159      0.0003      0.0318   gamm        0.1000
pi_bar            0.620       0.8991      0.7206      1.0764   gamm        0.1000
iotapi            0.500       0.3551      0.1635      0.5505   beta        0.1500
constebeta        0.300       0.1304      0.0684      0.1907   gamm        0.1000
ytrend            0.400       0.7318      0.6958      0.7694   norm        0.1000
s_bar             0.500       0.3161      0.2422      0.3896   gamm        0.1000
rhov_a            0.500       0.8808      0.8357      0.9260   beta        0.2000
rhov_g            0.500       0.9208      0.8897      0.9508   beta        0.2000
rhov_i            0.500       0.9264      0.8970      0.9568   beta        0.2000
rhov_f            0.750       0.9306      0.8991      0.9625   beta        0.1500

standard deviation of shocks
             prior mean   post. mean        90% HPD interval    prior       pstdev

e_a               0.100       1.4062      1.1566      1.6459   invg        2.0000
e_g               0.100       4.6880      4.0734      5.2723   invg        2.0000
e_rn              0.100       0.3749      0.3230      0.4272   invg        2.0000
e_i               0.100       1.2248      0.9508      1.4833   invg        2.0000
e_f               0.050       4.5260      3.5064      5.5280   invg        4.0000
Estimation::mcmc: Posterior (dsge) IRFs...
Estimation::mcmc: Posterior IRFs, done!
Estimation::mcmc: Smoothed variables
Estimation::mcmc: Smoothed variables, done!
Estimation::mcmc: Smoothed shocks
Estimation::mcmc: Smoothed shocks, done!
Estimation::mcmc: Trend_coefficients
Estimation::mcmc: Trend_coefficients, done!
Estimation::mcmc: Smoothed constant
Estimation::mcmc: Smoothed constant, done!
Estimation::mcmc: Smoothed trend
Estimation::mcmc: Smoothed trend, done!
Estimation::mcmc: Updated Variables
Estimation::mcmc: Updated Variables, done!
Estimation::mcmc: Forecasted variables (mean)
Estimation::mcmc: Forecasted variables (mean), done!
Estimation::mcmc: Forecasted variables (point)
Estimation::mcmc: Forecasted variables (point), done!
Total computing time : 3h10m41s
