Starting Dynare (version 4.5.7).
Starting preprocessing of the model file ...
WARNING: in the 'steady_state_model' block, variable 'ewma' is not assigned a value
WARNING: in the 'steady_state_model' block, variable 'epinfma' is not assigned a value
WARNING: in the 'steady_state_model' block, variable 'zcapf' is not assigned a value
WARNING: in the 'steady_state_model' block, variable 'rkf' is not assigned a value
WARNING: in the 'steady_state_model' block, variable 'kf' is not assigned a value
WARNING: in the 'steady_state_model' block, variable 'pkf' is not assigned a value
WARNING: in the 'steady_state_model' block, variable 'cf' is not assigned a value
WARNING: in the 'steady_state_model' block, variable 'invef' is not assigned a value
WARNING: in the 'steady_state_model' block, variable 'yf' is not assigned a value
WARNING: in the 'steady_state_model' block, variable 'labf' is not assigned a value
WARNING: in the 'steady_state_model' block, variable 'wf' is not assigned a value
WARNING: in the 'steady_state_model' block, variable 'rrf' is not assigned a value
WARNING: in the 'steady_state_model' block, variable 'mc' is not assigned a value
WARNING: in the 'steady_state_model' block, variable 'zcap' is not assigned a value
WARNING: in the 'steady_state_model' block, variable 'rk' is not assigned a value
WARNING: in the 'steady_state_model' block, variable 'k' is not assigned a value
WARNING: in the 'steady_state_model' block, variable 'pk' is not assigned a value
WARNING: in the 'steady_state_model' block, variable 'c' is not assigned a value
WARNING: in the 'steady_state_model' block, variable 'inve' is not assigned a value
WARNING: in the 'steady_state_model' block, variable 'y' is not assigned a value
WARNING: in the 'steady_state_model' block, variable 'lab' is not assigned a value
WARNING: in the 'steady_state_model' block, variable 'pinf' is not assigned a value
WARNING: in the 'steady_state_model' block, variable 'w' is not assigned a value
WARNING: in the 'steady_state_model' block, variable 'r' is not assigned a value
WARNING: in the 'steady_state_model' block, variable 'a' is not assigned a value
WARNING: in the 'steady_state_model' block, variable 'b' is not assigned a value
WARNING: in the 'steady_state_model' block, variable 'g' is not assigned a value
WARNING: in the 'steady_state_model' block, variable 'qs' is not assigned a value
WARNING: in the 'steady_state_model' block, variable 'ms' is not assigned a value
WARNING: in the 'steady_state_model' block, variable 'spinf' is not assigned a value
WARNING: in the 'steady_state_model' block, variable 'sw' is not assigned a value
WARNING: in the 'steady_state_model' block, variable 'kpf' is not assigned a value
WARNING: in the 'steady_state_model' block, variable 'kp' is not assigned a value
Found 40 equation(s).
Evaluating expressions...done
Computing static model derivatives:
 - order 1
Computing dynamic model derivatives:
 - order 1
 - order 2
Processing outputs ...
done
Preprocessing completed.
nvg  2.0000 
eb          0.100   0.2565     NaN invg  2.0000 
eg          0.100   0.5102     NaN invg  2.0000 
eqs         0.100   0.2876     NaN invg  2.0000 
em          0.100   0.1014     NaN invg  2.0000 
epinf       0.100   0.0823     NaN invg  2.0000 
ew          0.100   0.2845     NaN invg  2.0000 


Log data density [Laplace approximation] is NaN.


Configuring Dynare ...
[mex] Generalized QZ.
[mex] Sylvester equation solution.
[mex] Kronecker products.
[mex] Sparse kronecker products.
[mex] Local state space iteration (second order).
[mex] Bytecode evaluation.
[mex] k-order perturbation solver.
[mex] k-order solution simulation.
[mex] Quasi Monte-Carlo sequence (Sobol).
[mex] Markov Switching SBVAR.

Using 64-bit preprocessor
Starting Dynare (version 4.5.7).
Starting preprocessing of the model file ...
WARNING: in the 'steady_state_model' block, variable 'ewma' is not assigned a value
WARNING: in the 'steady_state_model' block, variable 'epinfma' is not assigned a value
WARNING: in the 'steady_state_model' block, variable 'zcapf' is not assigned a value
WARNING: in the 'steady_state_model' block, variable 'rkf' is not assigned a value
WARNING: in the 'steady_state_model' block, variable 'kf' is not assigned a value
WARNING: in the 'steady_state_model' block, variable 'pkf' is not assigned a value
WARNING: in the 'steady_state_model' block, variable 'cf' is not assigned a value
WARNING: in the 'steady_state_model' block, variable 'invef' is not assigned a value
WARNING: in the 'steady_state_model' block, variable 'yf' is not assigned a value
WARNING: in the 'steady_state_model' block, variable 'labf' is not assigned a value
WARNING: in the 'steady_state_model' block, variable 'wf' is not assigned a value
WARNING: in the 'steady_state_model' block, variable 'rrf' is not assigned a value
WARNING: in the 'steady_state_model' block, variable 'mc' is not assigned a value
WARNING: in the 'steady_state_model' block, variable 'zcap' is not assigned a value
WARNING: in the 'steady_state_model' block, variable 'rk' is not assigned a value
WARNING: in the 'steady_state_model' block, variable 'k' is not assigned a value
WARNING: in the 'steady_state_model' block, variable 'pk' is not assigned a value
WARNING: in the 'steady_state_model' block, variable 'c' is not assigned a value
WARNING: in the 'steady_state_model' block, variable 'inve' is not assigned a value
WARNING: in the 'steady_state_model' block, variable 'y' is not assigned a value
WARNING: in the 'steady_state_model' block, variable 'lab' is not assigned a value
WARNING: in the 'steady_state_model' block, variable 'pinf' is not assigned a value
WARNING: in the 'steady_state_model' block, variable 'w' is not assigned a value
WARNING: in the 'steady_state_model' block, variable 'r' is not assigned a value
WARNING: in the 'steady_state_model' block, variable 'a' is not assigned a value
WARNING: in the 'steady_state_model' block, variable 'b' is not assigned a value
WARNING: in the 'steady_state_model' block, variable 'g' is not assigned a value
WARNING: in the 'steady_state_model' block, variable 'qs' is not assigned a value
WARNING: in the 'steady_state_model' block, variable 'ms' is not assigned a value
WARNING: in the 'steady_state_model' block, variable 'spinf' is not assigned a value
WARNING: in the 'steady_state_model' block, variable 'sw' is not assigned a value
WARNING: in the 'steady_state_model' block, variable 'kpf' is not assigned a value
WARNING: in the 'steady_state_model' block, variable 'kp' is not assigned a value
Found 40 equation(s).
Evaluating expressions...done
Computing static model derivatives:
 - order 1
Computing dynamic model derivatives:
 - order 1
 - order 2
Processing outputs ...
done
Preprocessing completed.

[Warning: Some of the parameters have no value (ccs, cinvs, crdpi) when using initial_estimation_checks. If these
parameters are not initialized in a steadystate file or a steady_state_model-block, Dynare may not be able to solve
the model...] 
Initial value of the log posterior (or likelihood): -1187.8218
                                            First-order      Norm of
 Iter F-count            f(x)  Feasibility   optimality         step
    0      37    1.187822e+03    0.000e+00    2.511e+03
    1      75    1.152099e+03    0.000e+00    2.177e+03    2.822e+00
    2     113    1.089171e+03    0.000e+00    2.356e+03    2.861e-01
    3     151    1.051776e+03    0.000e+00    2.827e+03    2.900e-01
    4     189    1.046959e+03    0.000e+00    2.343e+03    4.077e-01
    5     226    1.015663e+03    0.000e+00    2.751e+03    5.280e-01
    6     266    1.001343e+03    0.000e+00    1.743e+03    2.319e-01
    7     303    9.886542e+02    0.000e+00    1.732e+03    7.608e-01
    8     340    9.709098e+02    0.000e+00    8.683e+03    3.594e-01
    9     377    9.670195e+02    0.000e+00    1.632e+04    1.999e-02
   10     414    9.268347e+02    0.000e+00    1.139e+04    6.598e-01
   11     452    8.803861e+02    0.000e+00    1.770e+03    8.816e-01
   12     491    8.652193e+02    0.000e+00    1.691e+03    2.647e-01
   13     528    8.438425e+02    0.000e+00    3.436e+03    8.230e-01
   14     567    8.438634e+02    0.000e+00    1.538e+03    1.561e+00
   15     605    8.152832e+02    0.000e+00    1.595e+03    7.309e-01
   16     642    8.014457e+02    0.000e+00    1.471e+03    6.923e-01
   17     679    7.898873e+02    0.000e+00    1.538e+03    2.177e-01
   18     717    7.885397e+02    0.000e+00    1.035e+03    5.229e-01
   19     754    7.592046e+02    0.000e+00    9.836e+02    7.749e-01
   20     792    7.470715e+02    0.000e+00    1.066e+03    1.242e+00
   21     830    7.342483e+02    0.000e+00    1.199e+03    1.025e+00
   22     867    7.156355e+02    0.000e+00    1.547e+03    1.198e+00
   23     904    7.103453e+02    0.000e+00    9.077e+02    9.411e-01
   24     942    6.942169e+02    0.000e+00    7.876e+02    6.649e-01
   25     979    6.866357e+02    0.000e+00    8.769e+02    9.725e-01
   26    1017    6.853185e+02    0.000e+00    6.408e+02    6.218e-01
   27    1054    6.811164e+02    0.000e+00    5.896e+02    5.258e-01
   28    1092    6.783354e+02    0.000e+00    6.478e+02    6.466e-01
   29    1130    6.720055e+02    0.000e+00    7.022e+02    4.979e-01
   30    1169    6.697466e+02    0.000e+00    7.425e+02    9.147e-01

                                            First-order      Norm of
 Iter F-count            f(x)  Feasibility   optimality         step
   31    1208    6.678762e+02    0.000e+00    7.337e+02    2.259e-01
   32    1245    6.654530e+02    0.000e+00    5.743e+02    1.353e+00
   33    1284    6.630604e+02    0.000e+00    7.027e+02    6.026e-01
   34    1322    6.577756e+02    0.000e+00    3.648e+02    6.745e-01
   35    1360    6.566883e+02    0.000e+00    4.819e+02    7.854e-01
   36    1398    6.557436e+02    0.000e+00    5.002e+02    4.736e-01
   37    1436    6.549979e+02    0.000e+00    6.160e+02    1.303e+00
   38    1474    6.496560e+02    0.000e+00    6.472e+02    6.350e-01
   39    1513    6.461008e+02    0.000e+00    5.460e+02    1.019e+00
   40    1552    6.449347e+02    0.000e+00    5.520e+02    1.262e-01
   41    1591    6.425312e+02    0.000e+00    5.409e+02    8.186e-01
   42    1629    6.412890e+02    0.000e+00    5.486e+02    5.361e-01
   43    1666    6.360192e+02    0.000e+00    4.898e+02    2.388e+00
   44    1704    6.256856e+02    0.000e+00    4.711e+02    4.484e-01
   45    1742    6.063370e+02    0.000e+00    1.092e+03    1.215e+00
   46    1780    5.978543e+02    0.000e+00    5.892e+02    3.809e-01
   47    1818    5.928837e+02    0.000e+00    8.022e+02    7.008e-01
   48    1856    5.865069e+02    0.000e+00    5.122e+02    1.917e+00
   49    1893    5.826115e+02    0.000e+00    5.150e+02    7.417e-01
   50    1931    5.706249e+02    0.000e+00    4.952e+02    8.770e-01
   51    1969    5.637073e+02    0.000e+00    4.507e+02    5.934e-01
   52    2007    5.610309e+02    0.000e+00    4.451e+02    4.484e-01
   53    2046    5.579016e+02    0.000e+00    4.442e+02    4.446e-01
   54    2085    5.566041e+02    0.000e+00    4.424e+02    2.902e-01
   55    2124    5.556075e+02    0.000e+00    4.379e+02    3.720e-01
   56    2162    5.552156e+02    0.000e+00    4.394e+02    6.972e-01
   57    2201    5.542817e+02    0.000e+00    4.210e+02    5.107e-01
   58    2239    5.535568e+02    0.000e+00    3.080e+02    4.652e-01
   59    2276    5.519463e+02    0.000e+00    4.084e+02    2.727e-01
   60    2315    5.514050e+02    0.000e+00    4.225e+02    1.122e-01

                                            First-order      Norm of
 Iter F-count            f(x)  Feasibility   optimality         step
   61    2354    5.497799e+02    0.000e+00    4.161e+02    3.839e-01
   62    2391    5.470374e+02    0.000e+00    4.082e+02    7.695e-01
   63    2428    5.443846e+02    0.000e+00    1.871e+02    4.563e-01
   64    2465    5.429193e+02    0.000e+00    3.121e+02    2.232e-01
   65    2504    5.422520e+02    0.000e+00    3.870e+02    2.971e-01
   66    2541    5.385876e+02    0.000e+00    3.678e+02    3.379e-01
   67    2579    5.368532e+02    0.000e+00    1.749e+02    4.363e-01
   68    2616    5.349483e+02    0.000e+00    3.728e+02    8.408e-01
   69    2653    5.322495e+02    0.000e+00    3.802e+02    1.965e-01
   70    2691    5.314969e+02    0.000e+00    3.765e+02    1.190e-01
   71    2728    5.305862e+02    0.000e+00    2.580e+02    2.699e-01
   72    2765    5.293388e+02    0.000e+00    2.445e+02    3.025e-01
   73    2802    5.288056e+02    0.000e+00    1.665e+02    3.340e-01
   74    2839    5.281904e+02    0.000e+00    2.885e+02    2.464e-01
   75    2876    5.279737e+02    0.000e+00    1.567e+02    3.433e-01
   76    2914    5.276796e+02    0.000e+00    1.947e+02    1.607e-01
   77    2951    5.275224e+02    0.000e+00    3.382e+02    3.849e-01
   78    2988    5.272168e+02    0.000e+00    2.172e+02    1.250e-01
   79    3025    5.272088e+02    0.000e+00    2.065e+02    1.151e-01
   80    3062    5.270160e+02    0.000e+00    2.027e+02    6.489e-02
   81    3099    5.268451e+02    0.000e+00    2.362e+02    1.301e-01
   82    3136    5.266392e+02    0.000e+00    2.095e+02    9.656e-02
   83    3173    5.262237e+02    0.000e+00    2.180e+02    3.112e-01
   84    3210    5.260016e+02    0.000e+00    1.587e+02    2.388e-01
   85    3248    5.258545e+02    0.000e+00    2.362e+02    1.291e-01
   86    3285    5.255438e+02    0.000e+00    3.534e+02    2.469e-01
   87    3323    5.247729e+02    0.000e+00    5.449e+02    3.808e-01
   88    3362    5.245152e+02    0.000e+00    3.421e+02    1.234e-01
   89    3399    5.244016e+02    0.000e+00    4.200e+02    5.232e-01
   90    3437    5.225430e+02    0.000e+00    4.791e+02    3.368e-01

                                            First-order      Norm of
 Iter F-count            f(x)  Feasibility   optimality         step
   91    3475    5.217982e+02    0.000e+00    4.949e+02    3.567e-01
   92    3514    5.210737e+02    0.000e+00    3.635e+02    2.821e-01
   93    3551    5.200652e+02    0.000e+00    4.046e+02    6.610e-01
   94    3588    5.194030e+02    0.000e+00    5.093e+02    1.929e-01
   95    3625    5.186413e+02    0.000e+00    5.148e+02    2.406e-01
   96    3662    5.180017e+02    0.000e+00    2.671e+02    1.263e-01
   97    3699    5.178779e+02    0.000e+00    5.510e+02    5.279e-02
   98    3736    5.175266e+02    0.000e+00    4.513e+02    1.153e-01
   99    3773    5.174127e+02    0.000e+00    4.455e+02    6.142e-02
  100    3810    5.172462e+02    0.000e+00    4.593e+02    5.160e-02
  101    3847    5.170005e+02    0.000e+00    4.789e+02    7.713e-02
  102    3884    5.166023e+02    0.000e+00    5.318e+02    2.122e-01
  103    3921    5.163716e+02    0.000e+00    5.350e+02    1.365e-01
  104    3958    5.161027e+02    0.000e+00    4.745e+02    2.349e-01
  105    3995    5.159503e+02    0.000e+00    5.184e+02    5.061e-02
  106    4032    5.157742e+02    0.000e+00    4.943e+02    1.098e-01
  107    4069    5.155919e+02    0.000e+00    5.404e+02    1.636e-01
  108    4106    5.155316e+02    0.000e+00    5.115e+02    7.177e-02
  109    4143    5.154087e+02    0.000e+00    5.246e+02    9.389e-02
  110    4180    5.153830e+02    0.000e+00    5.733e+02    4.188e-02
  111    4217    5.153505e+02    0.000e+00    5.573e+02    5.725e-02
  112    4254    5.153064e+02    0.000e+00    5.595e+02    1.201e-01
  113    4291    5.152463e+02    0.000e+00    5.264e+02    1.650e-01
  114    4328    5.151710e+02    0.000e+00    5.196e+02    9.191e-02
  115    4365    5.150693e+02    0.000e+00    4.899e+02    8.483e-02
  116    4402    5.149322e+02    0.000e+00    4.810e+02    1.355e-01
  117    4439    5.147725e+02    0.000e+00    4.528e+02    2.449e-01
  118    4476    5.146373e+02    0.000e+00    4.468e+02    2.682e-01
  119    4513    5.144884e+02    0.000e+00    4.243e+02    2.331e-01
  120    4550    5.143527e+02    0.000e+00    4.120e+02    1.577e-01

                                            First-order      Norm of
 Iter F-count            f(x)  Feasibility   optimality         step
  121    4587    5.142523e+02    0.000e+00    3.870e+02    1.379e-01
  122    4624    5.141805e+02    0.000e+00    3.705e+02    2.142e-01
  123    4661    5.141220e+02    0.000e+00    3.538e+02    2.126e-01
  124    4698    5.140630e+02    0.000e+00    3.483e+02    2.157e-01
  125    4735    5.139580e+02    0.000e+00    3.379e+02    2.692e-01
  126    4772    5.138017e+02    0.000e+00    3.211e+02    2.612e-01
  127    4809    5.134511e+02    0.000e+00    2.940e+02    2.774e-01
  128    4846    5.131350e+02    0.000e+00    2.689e+02    5.031e-02
  129    4883    5.127518e+02    0.000e+00    2.254e+02    2.437e-01
  130    4920    5.124379e+02    0.000e+00    1.834e+02    4.490e-01
  131    4957    5.121453e+02    0.000e+00    1.385e+02    4.396e-01
  132    4994    5.119463e+02    0.000e+00    1.074e+02    3.781e-01
  133    5031    5.117843e+02    0.000e+00    8.332e+01    1.537e-01
  134    5068    5.117303e+02    0.000e+00    8.646e+01    3.022e-02
  135    5105    5.116915e+02    0.000e+00    9.572e+01    9.518e-02
  136    5142    5.116571e+02    0.000e+00    1.065e+02    8.897e-02
  137    5179    5.116168e+02    0.000e+00    1.198e+02    7.425e-02
  138    5216    5.115182e+02    0.000e+00    1.350e+02    8.287e-02
  139    5253    5.113631e+02    0.000e+00    1.542e+02    5.989e-02
  140    5290    5.110656e+02    0.000e+00    1.669e+02    4.600e-02
  141    5327    5.106306e+02    0.000e+00    1.570e+02    9.423e-02
  142    5364    5.101333e+02    0.000e+00    1.147e+02    2.493e-01
  143    5401    5.097884e+02    0.000e+00    8.338e+01    2.608e-01
  144    5438    5.096326e+02    0.000e+00    5.767e+01    1.081e-01
  145    5475    5.095600e+02    0.000e+00    5.088e+01    9.287e-02
  146    5512    5.095238e+02    0.000e+00    4.026e+01    1.209e-01
  147    5549    5.095011e+02    0.000e+00    3.774e+01    1.074e-01
  148    5586    5.094849e+02    0.000e+00    3.323e+01    6.545e-02
  149    5623    5.094680e+02    0.000e+00    3.044e+01    2.521e-02
  150    5660    5.094481e+02    0.000e+00    2.480e+01    2.908e-02

                                            First-order      Norm of
 Iter F-count            f(x)  Feasibility   optimality         step
  151    5697    5.094172e+02    0.000e+00    1.809e+01    4.758e-02
  152    5734    5.093642e+02    0.000e+00    6.188e+00    5.360e-02
  153    5771    5.091462e+02    0.000e+00    2.684e+01    7.118e-02
  154    5808    5.091044e+02    0.000e+00    2.276e+01    6.122e-02
  155    5845    5.090741e+02    0.000e+00    3.978e+00    1.022e-01
  156    5882    5.090681e+02    0.000e+00    3.821e+00    1.897e-02
  157    5919    5.090673e+02    0.000e+00    6.753e-01    6.769e-03
  158    5956    5.090339e+02    0.000e+00    1.308e+00    1.021e-02
  159    5993    5.090337e+02    0.000e+00    5.058e-01    3.286e-03
  160    6030    5.090336e+02    0.000e+00    2.225e-01    2.014e-03
  161    6067    5.090272e+02    0.000e+00    1.192e-01    3.740e-03
  162    6104    5.090272e+02    0.000e+00    1.138e-01    1.921e-03
  163    6141    5.090272e+02    0.000e+00    3.637e-02    7.413e-04
  164    6178    5.090259e+02    0.000e+00    9.547e-02    1.237e-03
  165    6215    5.090259e+02    0.000e+00    4.111e-02    6.995e-04
  166    6260    5.090259e+02    0.000e+00    4.687e-02    2.673e-05
  167    6301    5.090259e+02    0.000e+00    2.839e-02    3.083e-05
  168    6339    5.090259e+02    0.000e+00    3.582e-02    8.425e-05
  169    6382    5.090259e+02    0.000e+00    1.829e-02    3.563e-05
  170    6425    5.090259e+02    0.000e+00    1.219e-02    6.150e-06
  171    6462    5.090257e+02    0.000e+00    5.572e-01    1.086e-03
  172    6499    5.090256e+02    0.000e+00    7.819e-02    9.052e-04
  173    6545    5.090256e+02    0.000e+00    1.087e-01    9.013e-05
  174    6583    5.090256e+02    0.000e+00    8.165e-02    1.446e-04
  175    6623    5.090256e+02    0.000e+00    1.063e-01    1.297e-04
  176    6662    5.090256e+02    0.000e+00    8.417e-02    6.808e-05
  177    6702    5.090256e+02    0.000e+00    8.401e-02    5.541e-05
  178    6746    5.090256e+02    0.000e+00    3.885e-02    4.316e-05
  179    6790    5.090256e+02    0.000e+00    3.457e-02    1.051e-05
  180    6828    5.090256e+02    0.000e+00    3.027e-02    1.248e-05

                                            First-order      Norm of
 Iter F-count            f(x)  Feasibility   optimality         step
  181    6870    5.090256e+02    0.000e+00    1.740e-02    9.711e-06
  182    6908    5.090256e+02    0.000e+00    3.876e-02    2.783e-05
  183    6951    5.090256e+02    0.000e+00    2.636e-02    1.328e-05
  184    6989    5.090256e+02    0.000e+00    2.554e-02    2.576e-06
  185    7031    5.090256e+02    0.000e+00    1.948e-02    1.355e-05
  186    7069    5.090256e+02    0.000e+00    1.915e-02    6.016e-06
  187    7111    5.090256e+02    0.000e+00    2.625e-02    8.203e-06
  188    7152    5.090256e+02    0.000e+00    1.239e-02    1.415e-05
  189    7190    5.090256e+02    0.000e+00    1.087e-02    5.290e-06
  190    7232    5.090256e+02    0.000e+00    2.632e-02    1.074e-05
  191    7270    5.090256e+02    0.000e+00    2.868e-02    5.275e-06
  192    7312    5.090256e+02    0.000e+00    1.040e-02    1.248e-05
  193    7350    5.090256e+02    0.000e+00    1.365e-02    2.553e-06
  194    7388    5.090256e+02    0.000e+00    2.395e-02    2.868e-05

<a href = "matlab: helpview([docroot '/toolbox/optim/msg_csh/optim_msg_csh.map'],'local_min_poss_with_constr','CSHelpWindow');">Local minimum possible. Constraints satisfied</a>.

fmincon stopped because the <a href = "matlab: helpview([docroot '/toolbox/optim/msg_csh/optim_msg_csh.map'],'norm_curr_step_simple_fminconip','CSHelpWindow');">size of the current step</a> is less than
the value of the <a href = "matlab: helpview([docroot '/toolbox/optim/msg_csh/optim_msg_csh.map'],'step_size_tol','CSHelpWindow');">step size tolerance</a> and constraints are 
satisfied to within the value of the <a href = "matlab: helpview([docroot '/toolbox/optim/msg_csh/optim_msg_csh.map'],'constraint_tolerance','CSHelpWindow');">constraint tolerance</a>.

<<a href = "matlab: createExitMsg({'optimlib:sqpLineSearch:Exit2basic','fmincon'},{'optimlib:sqpLineSearch:Exit2detailed','1.000000e-06','0.000000e+00','1.000000e-06'},true,true);;">stopping criteria details</a>>

Final value of minus the log posterior (or likelihood):509.025643 

RESULTS FROM POSTERIOR ESTIMATION
parameters
        prior mean     mode    s.d. prior pstdev

crhoa       0.500   0.9094  0.0558 beta  0.2000 
crhob       0.500   0.9738  0.0153 beta  0.2000 
crhog       0.500   0.9197  0.0316 beta  0.2000 
crhoqs      0.500   0.9904  0.0105 beta  0.2000 
crhoms      0.500   0.5820  0.1027 beta  0.2000 
crhopinf    0.500   0.9897  0.0139 beta  0.2000 
crhow       0.500   0.9776  0.0331 beta  0.2000 
cmap        0.500   0.8551  0.0676 beta  0.2000 
cmaw        0.500   0.9353  0.0373 beta  0.2000 
csadjcost   4.000   6.9042  1.6756 norm  1.5000 
csigma      1.500   1.4587  0.3903 norm  0.3750 
chabb       0.700   0.4874  0.0802 beta  0.1000 
cprobw      0.500   0.7529  0.2621 beta  0.1000 
csigl       2.000   0.2500  1.8136 norm  0.7500 
cprobp      0.500   0.8440  0.0311 beta  0.1000 
cindw       0.500   0.5444  0.1864 beta  0.1500 
cindp       0.500   0.3054  0.1748 beta  0.1500 
czcap       0.500   0.9011  0.0510 beta  0.1500 
cfc         1.250   1.1489  0.1001 norm  0.1250 
crpi        1.500   2.0223  0.3393 norm  0.2500 
crr         0.750   0.9058  0.0380 beta  0.1000 
cry         0.125   0.0010  0.0476 norm  0.0500 
crdy        0.125   0.0507  0.0272 norm  0.0500 
constepinf   0.625   0.6800  0.1218 gamm  0.1000 
constebeta   0.250   0.1721  0.0798 gamm  0.1000 
constelab   0.000  -0.9175  2.2162 norm  2.0000 
ctrend      0.400   0.4981  0.0686 norm  0.1000 
cgy         0.500   0.2671  0.0975 norm  0.2500 
calfa       0.300   0.2294  0.0324 norm  0.0500 

standard deviation of shocks
        prior mean     mode    s.d. prior pstdev

ea          0.100   0.5035  0.0464 invg  2.0000 
eb          0.100   0.0387  0.0116 invg  2.0000 
eg          0.100   0.4401  0.0376 invg  2.0000 
eqs         0.100   0.2241  0.0622 invg  2.0000 
em          0.100   0.0873  0.0151 invg  2.0000 
epinf       0.100   0.1026  0.0133 invg  2.0000 
ew          0.100   0.5177  0.0682 invg  2.0000 


Log data density [Laplace approximation] is -591.903379.

Estimation::mcmc: One Chain mode.
Estimation::mcmc: Initialization at the posterior mode.

Estimation::mcmc: Write details about the MCMC... Ok!
Estimation::mcmc: Details about the MCMC are available in SW07/metropolis\SW07_mh_history_0.mat


Estimation::mcmc: Number of mh files: 2 per block.
Estimation::mcmc: Total number of generated files: 2.
Estimation::mcmc: Total number of iterations: 500000.
Estimation::mcmc: Current acceptance ratio per chain: 
                                                       Chain  1: 9.5798%
Estimation::mcmc: Total number of MH draws per chain: 500000.
Estimation::mcmc: Total number of generated MH files: 2.
Estimation::mcmc: I'll use mh-files 1 to 2.
Estimation::mcmc: In MH-file number 1 I'll start at line 150001.
Estimation::mcmc: Finally I keep 350000 draws per chain.



MCMC Inefficiency factors per block
Parameter        Block 1
SE_ea            416.696
SE_eb            555.724
SE_eg            400.523
SE_eqs           398.459
SE_em            385.397
SE_epinf         460.955
SE_ew            474.532
crhoa            430.537
crhob            443.481
crhog            452.129
crhoqs           676.558
crhoms           440.935
crhopinf         732.197
crhow            742.717
cmap             635.205
cmaw             736.741
csadjcost        394.067
csigma           459.692
chabb            389.833
cprobw           374.812
csigl            545.170
cprobp           639.289
cindw            315.380
cindp            431.259
czcap            458.624
cfc              397.940
crpi             638.397
crr              527.064
cry              715.292
crdy             452.456
constepinf       337.054
constebeta       480.851
constelab        365.586
ctrend           402.314
cgy              375.393
calfa            432.644


Geweke (1992) Convergence Tests, based on means of draws 150000 to 220000 vs 325000 to 500000.
p-values are for Chi2-test for equality of means.
Parameter          Post. Mean        Post. Std   p-val No Taper   p-val 4% Taper   p-val 8% Taper  p-val 15% Taper
SE_ea                   0.516            0.054            0.000            0.585            0.611            0.641
SE_eb                   0.056            0.012            0.000            0.695            0.754            0.794
SE_eg                   0.449            0.038            0.000            0.826            0.841            0.829
SE_eqs                  0.228            0.034            0.000            0.118            0.146            0.153
SE_em                   0.087            0.010            0.000            0.358            0.457            0.540
SE_epinf                0.100            0.014            0.000            0.034            0.022            0.011
SE_ew                   0.496            0.054            0.000            0.182            0.279            0.345
crhoa                   0.903            0.050            0.000            0.569            0.572            0.561
crhob                   0.963            0.022            0.000            0.821            0.843            0.860
crhog                   0.893            0.033            0.000            0.557            0.528            0.408
crhoqs                  0.974            0.023            0.000            0.033            0.030            0.016
crhoms                  0.616            0.075            0.000            0.509            0.570            0.617
crhopinf                0.936            0.051            0.000            0.254            0.395            0.500
crhow                   0.694            0.151            0.000            0.106            0.234            0.349
cmap                    0.818            0.083            0.000            0.184            0.289            0.379
cmaw                    0.606            0.180            0.000            0.205            0.348            0.455
csadjcost               7.529            1.106            0.000            0.020            0.031            0.045
csigma                  1.810            0.231            0.000            0.160            0.205            0.275
chabb                   0.492            0.062            0.517            0.983            0.985            0.986
cprobw                  0.843            0.051            0.000            0.488            0.577            0.647
csigl                   1.051            0.613            0.000            0.010            0.041            0.092
cprobp                  0.890            0.048            0.000            0.089            0.210            0.325
cindw                   0.486            0.153            0.000            0.336            0.372            0.402
cindp                   0.270            0.105            0.000            0.049            0.118            0.204
czcap                   0.888            0.055            0.000            0.514            0.526            0.533
cfc                     1.165            0.061            0.000            0.047            0.043            0.040
crpi                    1.752            0.343            0.000            0.007            0.045            0.114
crr                     0.925            0.021            0.000            0.360            0.445            0.502
cry                     0.101            0.070            0.004            0.960            0.970            0.976
crdy                    0.042            0.014            0.501            0.985            0.987            0.989
constepinf              0.661            0.102            0.000            0.302            0.307            0.350
constebeta              0.230            0.096            0.000            0.867            0.869            0.871
constelab               0.026            1.882            0.000            0.004            0.008            0.015
ctrend                  0.516            0.055            0.000            0.100            0.101            0.088
cgy                     0.266            0.096            0.000            0.237            0.224            0.194
calfa                   0.239            0.030            0.207            0.962            0.964            0.968


Estimation::marginal density: I'm computing the posterior mean and covariance...  Done!
Estimation::marginal density: I'm computing the posterior log marginal density (modified harmonic mean)... Done!


ESTIMATION RESULTS

Log data density is -591.164552.

parameters
            prior mean   post. mean        90% HPD interval    prior       pstdev

crhoa            0.500       0.8959      0.8222      0.9681   beta        0.2000
crhob            0.500       0.9678      0.9497      0.9870   beta        0.2000
crhog            0.500       0.8916      0.8414      0.9439   beta        0.2000
crhoqs           0.500       0.9787      0.9529      0.9993   beta        0.2000
crhoms           0.500       0.6178      0.4924      0.7325   beta        0.2000
crhopinf         0.500       0.9244      0.8474      0.9966   beta        0.2000
crhow            0.500       0.6653      0.4388      0.8656   beta        0.2000
cmap             0.500       0.8144      0.6773      0.9371   beta        0.2000
cmaw             0.500       0.5629      0.2789      0.8392   beta        0.2000
csadjcost        4.000       7.6303      5.8365      9.4329   norm        1.5000
csigma           1.500       1.8341      1.4620      2.1984   norm        0.3750
chabb            0.700       0.4983      0.4023      0.5918   beta        0.1000
cprobw           0.500       0.8506      0.7893      0.9173   beta        0.1000
csigl            2.000       1.0088      0.2500      1.8475   norm        0.7500
cprobp           0.500       0.9034      0.8384      0.9500   beta        0.1000
cindw            0.500       0.4766      0.2258      0.7269   beta        0.1500
cindp            0.500       0.2571      0.0958      0.4107   beta        0.1500
czcap            0.500       0.8943      0.8220      0.9695   beta        0.1500
cfc              1.250       1.1672      1.0691      1.2628   norm        0.1250
crpi             1.500       1.6831      1.1577      2.2289   norm        0.2500
crr              0.750       0.9300      0.9017      0.9623   beta        0.1000
cry              0.125       0.1227      0.0011      0.1956   norm        0.0500
crdy             0.125       0.0403      0.0195      0.0618   norm        0.0500
constepinf        0.625       0.6656      0.4991      0.8350   gamm        0.1000
constebeta        0.250       0.2404      0.0822      0.3807   gamm        0.1000
constelab        0.000       0.1788     -2.6968      3.1593   norm        2.0000
ctrend           0.400       0.5135      0.4242      0.6032   norm        0.1000
cgy              0.500       0.2678      0.1086      0.4239   norm        0.2500
calfa            0.300       0.2416      0.1962      0.2899   norm        0.0500

standard deviation of shocks
            prior mean   post. mean        90% HPD interval    prior       pstdev

ea               0.100       0.5070      0.4318      0.5885   invg        2.0000
eb               0.100       0.0560      0.0395      0.0727   invg        2.0000
eg               0.100       0.4483      0.3872      0.5124   invg        2.0000
eqs              0.100       0.2304      0.1786      0.2811   invg        2.0000
em               0.100       0.0856      0.0713      0.0997   invg        2.0000
epinf            0.100       0.0998      0.0764      0.1247   invg        2.0000
ew               0.100       0.4874      0.4002      0.5705   invg        2.0000
Estimation::mcmc: Smoothed variables
Estimation::mcmc: Smoothed variables, done!
Estimation::mcmc: Smoothed shocks
Estimation::mcmc: Smoothed shocks, done!
Estimation::mcmc: Trend_coefficients
Estimation::mcmc: Trend_coefficients, done!
Estimation::mcmc: Smoothed constant
Estimation::mcmc: Smoothed constant, done!
Estimation::mcmc: Smoothed trend
Estimation::mcmc: Smoothed trend, done!
Estimation::mcmc: Updated Variables
Estimation::mcmc: Updated Variables, done!
Estimation::mcmc: Forecasted variables (mean)
Estimation::mcmc: Forecasted variables (mean), done!
Estimation::mcmc: Forecasted variables (point)
Estimation::mcmc: Forecasted variables (point), done!
Total computing time : 0h58m37s
Note: 33 warning(s) encountered in the preprocessor
Note: warning(s) encountered in MATLAB/Octave code
