Starting Dynare (version 4.5.7).
Starting preprocessing of the model file ...
Found 34 equation(s).
Evaluating expressions...done
Computing static model derivatives:
 - order 1
Computing dynamic model derivatives:
 - order 1
 - order 2
Processing outputs ...
done
Preprocessing completed.

Initial value of the log posterior (or likelihood): -37203.407
-----------------
f at the beginning of new iteration,     37203.4069928807
Predicted improvement:  5691649.228336217
lambda =          1; f =        37931.9523909
lambda =    0.33333; f =        37282.6314461
lambda =    0.11111; f =        37211.9257614
lambda =   0.037037; f =        37204.3120699
lambda =   0.012346; f =        37203.4969564
lambda =  0.0041152; f =        37203.4138513
lambda =  0.0013717; f =        37203.4071019
lambda = 0.00045725; f =        33079.9059384
lambda = 0.00088394; f =        36076.1207184
lambda =  0.0005952; f =        32592.7234771
Norm of dx     33.739
----
Improvement on iteration 1 =     4610.683515771
-----------------
f at the beginning of new iteration,     32592.7234771098
Predicted improvement:  1596551.157607951
lambda =          1; f =        32630.6839393
lambda =    0.33333; f =        32595.2252662
lambda =    0.11111; f =        32592.7426836
lambda =   0.037037; f =        32592.7334736
lambda =   0.012346; f =        18711.1793375
Norm of dx     20.221
----
Improvement on iteration 2 =    13881.544139621
-----------------
f at the beginning of new iteration,     18711.1793374885
Predicted improvement:  1198784.274842974
lambda =          1; f =        18891.5786225
lambda =    0.33333; f =        18725.0526402
lambda =    0.11111; f =        18711.5763878
lambda =   0.037037; f =        18711.1925641
lambda =   0.012346; f =        18711.1795956
lambda =  0.0041152; f =        13796.2671592
Norm of dx     21.702
----
Improvement on iteration 3 =     4914.912178317
-----------------
f at the beginning of new iteration,     13796.2671591713
Predicted improvement:    96653.776200033
lambda =          1; f =        13800.6714125
lambda =    0.33333; f =        13796.5401258
lambda =    0.11111; f =        13796.2677614
lambda =   0.037037; f =        13796.2671686
lambda =   0.012346; f =        11788.8519455
lambda =   0.023866; f =        10630.8676374
Norm of dx     4.7187
----
Improvement on iteration 4 =     3165.399521746
-----------------
f at the beginning of new iteration,     10630.8676374250
Predicted improvement:    24913.049829919
lambda =          1; f =        10631.7307280
lambda =    0.33333; f =        10630.9100086
lambda =    0.11111; f =        10630.8678464
lambda =   0.037037; f =         9284.8742295
lambda =   0.071599; f =         8497.2993797
Norm of dx      2.525
----
Improvement on iteration 5 =     2133.568257693
-----------------
f at the beginning of new iteration,      8497.2993797321
Predicted improvement:     9343.248334876
lambda =          1; f =         8497.8000899
lambda =    0.33333; f =         8497.3502052
lambda =    0.11111; f =         8497.3035689
lambda =   0.037037; f =         8497.2995041
lambda =   0.012346; f =         8290.9062609
lambda =   0.023866; f =         8497.2993824
lambda =    0.01607; f =         8238.6844321
lambda =   0.020374; f =         8184.9357167
lambda =   0.025831; f =         8497.2993890
lambda =   0.022403; f =         8497.2993801
lambda =   0.020569; f =         8182.7249550
lambda =    0.02165; f =         8497.2993797
lambda =   0.020995; f =         8178.0092687
lambda =   0.021386; f =         8174.0243022
lambda =   0.021784; f =         8497.2993797
lambda =   0.021544; f =         8172.8346475
Norm of dx     1.5947
Cliff.  Perturbing search direction.
Predicted improvement:    22455.717956341
lambda =          1; f =         8498.0997497
lambda =    0.33333; f =         8497.3803620
lambda =    0.11111; f =         8497.3065087
lambda =   0.037037; f =         8497.2996937
lambda =   0.012346; f =         7983.6084030
lambda =   0.023866; f =         8497.2994140
lambda =    0.01607; f =         7845.3414864
lambda =   0.020374; f =         8497.2993871
lambda =    0.01767; f =         8497.2993798
lambda =   0.016224; f =         7839.8555041
lambda =   0.017077; f =         7809.9361309
lambda =   0.017975; f =         8497.2993800
lambda =   0.017431; f =         8497.2993797
lambda =   0.017112; f =         7808.7575984
lambda =   0.017302; f =         7802.7689363
lambda =   0.017495; f =         8497.2993797
Norm of dx     2.4967
Cliff again.  Try traversing
Predicted improvement: 186682829.672124743
lambda =          1; f =    106589263.1568049
lambda =    0.33333; f =     11843709.8044697
lambda =    0.11111; f =      1321158.8992909
lambda =   0.037037; f =       153563.5384253
lambda =   0.012346; f =        24356.3745288
lambda =  0.0041152; f =        10175.0916998
lambda =  0.0013717; f =         8657.4824351
lambda = 0.00045725; f =         8508.2111329
lambda = 0.00015242; f =         8497.5294893
lambda = 5.0805e-05; f =         8497.3145417
lambda = 1.6935e-05; f =         5757.8798868
Norm of dx      19323
----
Improvement on iteration 6 =     2739.419492963
-----------------
f at the beginning of new iteration,      5757.8798867695
Predicted improvement:    81042.980090957
lambda =          1; f =         5767.6003164
lambda =    0.33333; f =         5758.0839550
lambda =    0.11111; f =         5757.8948405
lambda =   0.037037; f =         5757.8808081
lambda =   0.012346; f =         4412.3737936
Norm of dx     8.3955
----
Improvement on iteration 7 =     1345.506093128
-----------------
f at the beginning of new iteration,      4412.3737936412
Predicted improvement:     3187.808248223
lambda =          1; f =         4412.3941637
lambda =    0.33333; f =         4412.3760386
lambda =    0.11111; f =         4412.3740370
lambda =   0.037037; f =         4412.3738187
lambda =   0.012346; f =         4412.3737958
lambda =  0.0041152; f =         4412.3737937
lambda =  0.0013717; f =         4403.8973096
lambda =  0.0026518; f =         4412.3737936
lambda =  0.0017856; f =         4401.7082471
lambda =  0.0022638; f =         4412.3737936
lambda =  0.0019634; f =         4401.2416610
lambda =  0.0021385; f =         4412.3737936
lambda =  0.0020316; f =         4402.8192509
lambda =  0.0020951; f =         4412.3737936
lambda =  0.0020568; f =         4412.3737936
lambda =  0.0020192; f =         4401.7647369
lambda =  0.0020417; f =         4412.3737936
Norm of dx    0.81512
Cliff.  Perturbing search direction.
Predicted improvement:     6178.971768991
lambda =          1; f =         4412.5572527
lambda =    0.33333; f =         4412.3941227
lambda =    0.11111; f =         4412.3760340
lambda =   0.037037; f =         4412.3740365
lambda =   0.012346; f =         4412.3738186
lambda =  0.0041152; f =         4412.3737958
lambda =  0.0013717; f =         4412.3737937
lambda = 0.00045725; f =         4406.9808201
lambda = 0.00088394; f =         4412.3737936
lambda =  0.0005952; f =         4405.7152631
lambda =  0.0007546; f =         4412.3737936
lambda = 0.00065446; f =         4405.6345019
lambda = 0.00071283; f =         4412.3737936
lambda = 0.00067721; f =         4406.9697028
Norm of dx     1.2596

badg2 =

     0

----
Improvement on iteration 8 =       11.132132643
back and forth on step length never finished
-----------------
f at the beginning of new iteration,      4401.2416609980
Predicted improvement:     3187.808248223
lambda =          1; f =         4401.2621113
lambda =    0.33333; f =         4401.2439326
lambda =    0.11111; f =         4401.2419132
lambda =   0.037037; f =         4401.2416889
lambda =   0.012346; f =         4401.2416641
lambda =  0.0041152; f =         4401.2416613
lambda =  0.0013717; f =         4401.2416610
lambda = 0.00045725; f =         4401.2416610
lambda = 0.00015242; f =         4401.2416610
lambda = 5.0805e-05; f =         4401.6300493
lambda = 1.6935e-05; f =         4401.2850104
lambda =  5.645e-06; f =         4401.2514951
lambda = 1.8817e-06; f =         4401.2445033
lambda = 6.2723e-07; f =         4401.2425624
lambda = 2.0908e-07; f =         4401.2419564
lambda = 6.9692e-08; f =         4401.2417589
lambda = 2.3231e-08; f =         4401.2416936
lambda = 7.7435e-09; f =         4401.2416719
lambda = 2.5812e-09; f =         4401.2416646

lambda =

  -6.2723e-07

lambda = -6.2723e-07; f =         4401.2408046
Norm of dx    0.81512
----
Improvement on iteration 9 =        0.000856400
-----------------
f at the beginning of new iteration,      4401.2408045983
Predicted improvement:   113494.412847860
lambda =          1; f =         4401.5181842
lambda =    0.33333; f =         4401.2414685
lambda =    0.11111; f =         4819.3882422
lambda =   0.037037; f =         4552.9060672
lambda =   0.012346; f =         4482.9888045
lambda =  0.0041152; f =         4433.2233102
lambda =  0.0013717; f =         4410.5387006
lambda = 0.00045725; f =         4402.6312835
lambda = 0.00015242; f =         4400.3325208
lambda = 5.0805e-05; f =         4399.9569557
lambda = 1.6935e-05; f =         4400.2023290
lambda =  5.645e-06; f =         4400.5921598
Norm of dx     5.0631
----
Improvement on iteration 10 =        1.283848896
-----------------
f at the beginning of new iteration,      4399.9569557027
Predicted improvement:     3121.465389524
lambda =          1; f =         4399.9655292
lambda =    0.33333; f =         3237.6221391
Norm of dx    0.81541
----
Improvement on iteration 11 =     1162.334816636
-----------------
f at the beginning of new iteration,      3237.6221390667
Predicted improvement:     2407.485139161
lambda =          1; f =         3237.6227614
lambda =    0.33333; f =         3237.6221897
lambda =    0.11111; f =         3237.6221432
lambda =   0.037037; f =         3237.6221392
lambda =   0.012346; f =         3181.9604612
lambda =   0.023866; f =         3237.6221391
lambda =    0.01607; f =         3166.3506684
lambda =   0.020374; f =         3148.8844455
lambda =   0.025831; f =         3237.6221391
lambda =   0.022403; f =         3140.8517292
lambda =   0.024401; f =         3237.6221391
lambda =   0.023182; f =         3237.6221391
lambda =    0.02248; f =         3140.5505179
lambda =   0.022898; f =         3237.6221391
lambda =   0.022646; f =         3139.8969799
Norm of dx    0.75322
Cliff.  Perturbing search direction.
Predicted improvement:     3479.716388164
lambda =          1; f =         3237.6227141
lambda =    0.33333; f =         3237.6221746
lambda =    0.11111; f =         3237.6221418
lambda =   0.037037; f =         3237.6221391
lambda =   0.012346; f =         3157.8937739
lambda =   0.023866; f =         3091.9088040
lambda =   0.046138; f =         3237.6221392
lambda =   0.031067; f =         3237.6221391
lambda =   0.024504; f =         3088.4536473
lambda =   0.028254; f =         3237.6221391
lambda =    0.02594; f =         3080.7423106
lambda =   0.027304; f =         3237.6221391
lambda =   0.026477; f =         3077.8815847
lambda =   0.026971; f =         3237.6221391
lambda =   0.026674; f =         3076.8405872
Norm of dx    0.97763
Cliff again.  Try traversing
Predicted improvement: 21244178.342069305
lambda =          1; f =      9687538.0285612
lambda =    0.33333; f =      1075506.8790948
lambda =    0.11111; f =       121191.9855525
lambda =   0.037037; f =        16016.1495139
lambda =   0.012346; f =         4589.9057192
lambda =  0.0041152; f =         3368.6863259
lambda =  0.0013717; f =         3247.3701541
lambda = 0.00045725; f =         3237.7819674
lambda = 0.00015242; f =         3237.6317117
lambda = 5.0805e-05; f =         2321.1338123
Norm of dx     6518.3
----
Improvement on iteration 12 =      916.488326735
-----------------
f at the beginning of new iteration,      2321.1338123314
Predicted improvement:      593.065578546
lambda =          1; f =         1979.0771689
lambda =    0.33333; f =         2081.6298551
Norm of dx    0.33139
----
Improvement on iteration 13 =      342.056643438
-----------------
f at the beginning of new iteration,      1979.0771688935
Predicted improvement:      563.949028196
lambda =          1; f =         1447.8733604
Norm of dx    0.40892
----
Improvement on iteration 14 =      531.203808454
-----------------
f at the beginning of new iteration,      1447.8733604391
Predicted improvement:      186.640880217
lambda =          1; f =         1153.0370009
lambda =     1.9332; f =          991.1179667
Norm of dx     0.2636
----
Improvement on iteration 15 =      456.755393761
-----------------
f at the beginning of new iteration,       991.1179666777
Predicted improvement:       80.660145805
lambda =          1; f =          991.1179676
lambda =    0.33333; f =          942.7662867
lambda =    0.64439; f =          907.7052868
lambda =     1.2457; f =          991.1179822
lambda =     0.8388; f =          891.5387745
lambda =     1.0635; f =          991.1179696
lambda =    0.92232; f =          991.1179667
lambda =     0.8468; f =          891.0081372
lambda =    0.89134; f =          888.4714216
lambda =    0.93822; f =          991.1179667
lambda =     0.9098; f =          887.9440382
lambda =    0.92675; f =          991.1179667
lambda =    0.91654; f =          888.1418956
Norm of dx    0.29144
----
Improvement on iteration 16 =      103.173928470
warning: possible inaccuracy in H matrix
-----------------
f at the beginning of new iteration,       887.9440382080
Predicted improvement:      116.558510401
lambda =          1; f =          783.3229420
Norm of dx    0.40122
----
Improvement on iteration 17 =      104.621096188
-----------------
f at the beginning of new iteration,       783.3229420203
Predicted improvement:       14.626504333
lambda =          1; f =          761.3936464
lambda =     1.9332; f =          753.0098497
Norm of dx    0.19601
----
Improvement on iteration 18 =       30.313092277
-----------------
f at the beginning of new iteration,       753.0098497431
Predicted improvement:        6.640682956
lambda =          1; f =          741.1205500
lambda =     1.9332; f =          732.4102603
lambda =     3.7372; f =          721.4873302
Norm of dx   0.089315
----
Improvement on iteration 19 =       31.522519516
-----------------
f at the beginning of new iteration,       721.4873302268
Predicted improvement:        6.878706286
lambda =          1; f =          711.3958491
lambda =     1.9332; f =          708.1102464
Norm of dx     0.1185
----
Improvement on iteration 20 =       13.377083865
-----------------
f at the beginning of new iteration,       708.1102463616
Predicted improvement:        3.318459933
lambda =          1; f =          701.7037490
lambda =     1.9332; f =          696.2318014
lambda =     3.7372; f =          687.6795586
lambda =     7.2247; f =          685.9265421
Norm of dx   0.036036
----
Improvement on iteration 21 =       22.183704231
-----------------
f at the beginning of new iteration,       685.9265421310
Predicted improvement:       14.670820742
lambda =          1; f =          674.2981017
Norm of dx    0.14698
----
Improvement on iteration 22 =       11.628440434
-----------------
f at the beginning of new iteration,       674.2981016972
Predicted improvement:        4.527042082
lambda =          1; f =          667.0448992
lambda =     1.9332; f =          664.3495657
Norm of dx   0.087693
----
Improvement on iteration 23 =        9.948536042
-----------------
f at the beginning of new iteration,       664.3495656550
Predicted improvement:        3.480403791
lambda =          1; f =          658.8452011
lambda =     1.9332; f =          656.2265963
Norm of dx    0.10184
----
Improvement on iteration 24 =        8.122969363
-----------------
f at the beginning of new iteration,       656.2265962919
Predicted improvement:        3.506537956
lambda =          1; f =          650.1323839
lambda =     1.9332; f =          646.1150861
lambda =     3.7372; f =          643.2126367
Norm of dx   0.046035
----
Improvement on iteration 25 =       13.013959629
-----------------
f at the beginning of new iteration,       643.2126366629
Predicted improvement:        8.261349438
lambda =          1; f =          630.7310560
lambda =     1.9332; f =          628.8466403
Norm of dx      0.116
----
Improvement on iteration 26 =       14.365996330
-----------------
f at the beginning of new iteration,       628.8466403330
Predicted improvement:       10.744450002
lambda =          1; f =          617.9150013
Norm of dx    0.12833
----
Improvement on iteration 27 =       10.931638986
-----------------
f at the beginning of new iteration,       617.9150013470
Predicted improvement:        6.996396284
lambda =          1; f =          605.8634109
lambda =     1.9332; f =          598.0790873
lambda =     3.7372; f =          592.5625776
Norm of dx    0.12322
----
Improvement on iteration 28 =       25.352423771
-----------------
f at the beginning of new iteration,       592.5625775759
Predicted improvement:        7.888716862
lambda =          1; f =          589.9568142
lambda =    0.33333; f =          588.4555410
lambda =    0.64439; f =          587.1915929
Norm of dx    0.21552
----
Improvement on iteration 29 =        5.370984671
-----------------
f at the beginning of new iteration,       587.1915929045
Predicted improvement:        2.935673097
lambda =          1; f =          582.8161614
lambda =     1.9332; f =          581.6024497
Norm of dx    0.11533
----
Improvement on iteration 30 =        5.589143171
-----------------
f at the beginning of new iteration,       581.6024497336
Predicted improvement:        2.063690473
lambda =          1; f =          577.7601432
lambda =     1.9332; f =          574.6773014
lambda =     3.7372; f =          570.0500270
lambda =     7.2247; f =          565.9728444
Norm of dx   0.064189
----
Improvement on iteration 31 =       15.629605318
-----------------
f at the beginning of new iteration,       565.9728444159
Predicted improvement:        8.803448416
lambda =          1; f =          552.6911787
lambda =     1.9332; f =          547.1706414
Norm of dx    0.15957
----
Improvement on iteration 32 =       18.802202986
-----------------
f at the beginning of new iteration,       547.1706414304
Predicted improvement:        4.524016234
lambda =          1; f =          541.0839017
Norm of dx    0.14054
----
Improvement on iteration 33 =        6.086739717
-----------------
f at the beginning of new iteration,       541.0839017132
Predicted improvement:        2.525322959
lambda =          1; f =          537.9030986
Norm of dx   0.096786
----
Improvement on iteration 34 =        3.180803147
-----------------
f at the beginning of new iteration,       537.9030985660
Predicted improvement:        1.117622071
lambda =          1; f =          536.0139110
lambda =     1.9332; f =          534.8723271
lambda =     3.7372; f =          534.3793168
Norm of dx   0.055994
----
Improvement on iteration 35 =        3.523781773
-----------------
f at the beginning of new iteration,       534.3793167930
Predicted improvement:        2.214099612
lambda =          1; f =          530.3947230
lambda =     1.9332; f =          527.4403022
lambda =     3.7372; f =          523.6719373
Norm of dx   0.033248
----
Improvement on iteration 36 =       10.707379463
-----------------
f at the beginning of new iteration,       523.6719373304
Predicted improvement:        5.839805232
lambda =          1; f =          514.7826723
lambda =     1.9332; f =          511.6016142
Norm of dx    0.23512
----
Improvement on iteration 37 =       12.070323083
-----------------
f at the beginning of new iteration,       511.6016142478
Predicted improvement:        2.129170123
lambda =          1; f =          508.2851530
lambda =     1.9332; f =          506.9317221
Norm of dx    0.10171
----
Improvement on iteration 38 =        4.669892160
-----------------
f at the beginning of new iteration,       506.9317220877
Predicted improvement:        1.539662853
lambda =          1; f =          504.3866211
lambda =     1.9332; f =          502.9754080
Norm of dx    0.12471
----
Improvement on iteration 39 =        3.956314123
-----------------
f at the beginning of new iteration,       502.9754079648
Predicted improvement:        2.523370978
lambda =          1; f =          498.7580916
lambda =     1.9332; f =          496.4295212
Norm of dx    0.13676
----
Improvement on iteration 40 =        6.545886754
-----------------
f at the beginning of new iteration,       496.4295212112
Predicted improvement:        5.170171064
lambda =          1; f =          488.6147652
lambda =     1.9332; f =          486.2662600
Norm of dx    0.19426
----
Improvement on iteration 41 =       10.163261243
-----------------
f at the beginning of new iteration,       486.2662599678
Predicted improvement:        4.290255337
lambda =          1; f =          480.1438846
lambda =     1.9332; f =          479.2690977
Norm of dx    0.36248
----
Improvement on iteration 42 =        6.997162240
-----------------
f at the beginning of new iteration,       479.2690977274
Predicted improvement:        1.841878021
lambda =          1; f =          477.4973541
Norm of dx   0.047532
----
Improvement on iteration 43 =        1.771743646
-----------------
f at the beginning of new iteration,       477.4973540812
Predicted improvement:        0.579507437
lambda =          1; f =          476.6168222
lambda =     1.9332; f =          476.3242570
Norm of dx    0.10386
----
Improvement on iteration 44 =        1.173097103
-----------------
f at the beginning of new iteration,       476.3242569782
Predicted improvement:        0.531993128
lambda =          1; f =          475.4181287
lambda =     1.9332; f =          474.8553605
lambda =     3.7372; f =          474.5367520
Norm of dx   0.083185
----
Improvement on iteration 45 =        1.787504933
-----------------
f at the beginning of new iteration,       474.5367520449
Predicted improvement:        0.628853728
lambda =          1; f =          473.3210424
lambda =     1.9332; f =          472.2635798
lambda =     3.7372; f =          470.4371780
lambda =     7.2247; f =          467.7720162
lambda =     13.967; f =          466.3447675
Norm of dx   0.038091
----
Improvement on iteration 46 =        8.191984516
-----------------
f at the beginning of new iteration,       466.3447675291
Predicted improvement:        4.687839272
lambda =          1; f =          459.8210451
Norm of dx    0.19428
----
Improvement on iteration 47 =        6.523722414
-----------------
f at the beginning of new iteration,       459.8210451151
Predicted improvement:        4.262631719
lambda =          1; f =          456.5113786
Norm of dx    0.26957
----
Improvement on iteration 48 =        3.309666506
-----------------
f at the beginning of new iteration,       456.5113786091
Predicted improvement:        1.568694445
lambda =          1; f =          455.0523699
Norm of dx    0.21187
----
Improvement on iteration 49 =        1.459008728
-----------------
f at the beginning of new iteration,       455.0523698816
Predicted improvement:        0.608962835
lambda =          1; f =          454.0450094
lambda =     1.9332; f =          453.4802847
Norm of dx   0.016764
----
Improvement on iteration 50 =        1.572085156
-----------------
f at the beginning of new iteration,       453.4802847260
Predicted improvement:        1.389598884
lambda =          1; f =          451.4477140
lambda =     1.9332; f =          450.8341625
Norm of dx    0.16198
----
Improvement on iteration 51 =        2.646122251
-----------------
f at the beginning of new iteration,       450.8341624746
Predicted improvement:        0.537227655
lambda =          1; f =          450.1022024
Norm of dx     0.0589
----
Improvement on iteration 52 =        0.731960094
-----------------
f at the beginning of new iteration,       450.1022023808
Predicted improvement:        0.219672214
lambda =          1; f =          449.8216744
Norm of dx   0.056814
----
Improvement on iteration 53 =        0.280527953
-----------------
f at the beginning of new iteration,       449.8216744277
Predicted improvement:        0.099534198
lambda =          1; f =          449.6624832
lambda =     1.9332; f =          449.5838611
Norm of dx   0.016644
----
Improvement on iteration 54 =        0.237813303
-----------------
f at the beginning of new iteration,       449.5838611251
Predicted improvement:        0.140755278
lambda =          1; f =          449.3459346
lambda =     1.9332; f =          449.1996322
lambda =     3.7372; f =          449.1112129
Norm of dx   0.020618
----
Improvement on iteration 55 =        0.472648201
-----------------
f at the beginning of new iteration,       449.1112129245
Predicted improvement:        0.214631904
lambda =          1; f =          448.7431437
lambda =     1.9332; f =          448.5122045
lambda =     3.7372; f =          448.3862258
Norm of dx   0.038038
----
Improvement on iteration 56 =        0.724987162
-----------------
f at the beginning of new iteration,       448.3862257627
Predicted improvement:        0.442147373
lambda =          1; f =          447.6416811
lambda =     1.9332; f =          447.1999865
Norm of dx    0.07243
----
Improvement on iteration 57 =        1.186239302
-----------------
f at the beginning of new iteration,       447.1999864612
Predicted improvement:        0.638396584
lambda =          1; f =          446.3231828
Norm of dx    0.15368
----
Improvement on iteration 58 =        0.876803628
-----------------
f at the beginning of new iteration,       446.3231828329
Predicted improvement:        0.333838161
lambda =          1; f =          445.8574310
Norm of dx    0.11255
----
Improvement on iteration 59 =        0.465751838
-----------------
f at the beginning of new iteration,       445.8574309944
Predicted improvement:        0.225256860
lambda =          1; f =          445.5144089
lambda =     1.9332; f =          445.3866856
Norm of dx   0.082644
----
Improvement on iteration 60 =        0.470745362
-----------------
f at the beginning of new iteration,       445.3866856324
Predicted improvement:        0.182267207
lambda =          1; f =          445.0588731
lambda =     1.9332; f =          444.8204355
lambda =     3.7372; f =          444.5517265
Norm of dx   0.020593
----
Improvement on iteration 61 =        0.834959128
-----------------
f at the beginning of new iteration,       444.5517265043
Predicted improvement:        0.266658166
lambda =          1; f =          444.1566154
lambda =     1.9332; f =          444.0315373
Norm of dx   0.037094
----
Improvement on iteration 62 =        0.520189161
-----------------
f at the beginning of new iteration,       444.0315373435
Predicted improvement:        0.157922805
lambda =          1; f =          443.8060492
lambda =     1.9332; f =          443.7623441
Norm of dx    0.04319
----
Improvement on iteration 63 =        0.269193201
-----------------
f at the beginning of new iteration,       443.7623441429
Predicted improvement:        0.050269708
lambda =          1; f =          443.7033315
Norm of dx   0.037198
----
Improvement on iteration 64 =        0.059012599
-----------------
f at the beginning of new iteration,       443.7033315442
Predicted improvement:        0.018861845
lambda =          1; f =          443.6747763
lambda =     1.9332; f =          443.6645334
Norm of dx   0.027668
----
Improvement on iteration 65 =        0.038798192
-----------------
f at the beginning of new iteration,       443.6645333520
Predicted improvement:        0.021559843
lambda =          1; f =          443.6228610
lambda =     1.9332; f =          443.5865744
lambda =     3.7372; f =          443.5234989
lambda =     7.2247; f =          443.4277315
lambda =     13.967; f =          443.3385952
Norm of dx   0.018761
----
Improvement on iteration 66 =        0.325938179
-----------------
f at the beginning of new iteration,       443.3385951726
Predicted improvement:        0.291092840
lambda =          1; f =          442.7852878
lambda =     1.9332; f =          442.3221020
lambda =     3.7372; f =          441.5781994
lambda =     7.2247; f =          440.7480108
Norm of dx   0.077448
----
Improvement on iteration 67 =        2.590584324
-----------------
f at the beginning of new iteration,       440.7480108490
Predicted improvement:        0.717892290
lambda =          1; f =          439.9644752
Norm of dx    0.18616
----
Improvement on iteration 68 =        0.783535600
-----------------
f at the beginning of new iteration,       439.9644752494
Predicted improvement:        0.095809800
lambda =          1; f =          439.8600094
Norm of dx   0.062449
----
Improvement on iteration 69 =        0.104465880
-----------------
f at the beginning of new iteration,       439.8600093691
Predicted improvement:        0.020568742
lambda =          1; f =          439.8272909
lambda =     1.9332; f =          439.8118655
Norm of dx    0.01548
----
Improvement on iteration 70 =        0.048143851
-----------------
f at the beginning of new iteration,       439.8118655181
Predicted improvement:        0.029615444
lambda =          1; f =          439.7574525
lambda =     1.9332; f =          439.7152835
lambda =     3.7372; f =          439.6568756
lambda =     7.2247; f =          439.6277460
Norm of dx   0.025232
----
Improvement on iteration 71 =        0.184119541
-----------------
f at the beginning of new iteration,       439.6277459775
Predicted improvement:        0.149946191
lambda =          1; f =          439.3395650
lambda =     1.9332; f =          439.0921669
lambda =     3.7372; f =          438.6752186
lambda =     7.2247; f =          438.1151289
Norm of dx   0.050886
----
Improvement on iteration 72 =        1.512617089
-----------------
f at the beginning of new iteration,       438.1151288883
Predicted improvement:        1.598298796
lambda =          1; f =          436.1978480
Norm of dx    0.46197
----
Improvement on iteration 73 =        1.917280839
-----------------
f at the beginning of new iteration,       436.1978480490
Predicted improvement:        0.716599783
lambda =          1; f =          435.4519036
Norm of dx    0.15295
----
Improvement on iteration 74 =        0.745944483
-----------------
f at the beginning of new iteration,       435.4519035662
Predicted improvement:        0.178499227
lambda =          1; f =          435.2914539
Norm of dx    0.15107
----
Improvement on iteration 75 =        0.160449631
-----------------
f at the beginning of new iteration,       435.2914539353
Predicted improvement:        0.025477321
lambda =          1; f =          435.2593827
Norm of dx   0.019397
----
Improvement on iteration 76 =        0.032071206
-----------------
f at the beginning of new iteration,       435.2593827295
Predicted improvement:        0.014849993
lambda =          1; f =          435.2350640
lambda =     1.9332; f =          435.2219938
Norm of dx  0.0094409
----
Improvement on iteration 77 =        0.037388947
-----------------
f at the beginning of new iteration,       435.2219937826
Predicted improvement:        0.030909525
lambda =          1; f =          435.1697257
lambda =     1.9332; f =          435.1382628
lambda =     3.7372; f =          435.1254178
Norm of dx   0.018169
----
Improvement on iteration 78 =        0.096575984
-----------------
f at the beginning of new iteration,       435.1254177983
Predicted improvement:        0.102690780
lambda =          1; f =          434.9563134
lambda =     1.9332; f =          434.8605034
Norm of dx    0.06763
----
Improvement on iteration 79 =        0.264914444
-----------------
f at the beginning of new iteration,       434.8605033540
Predicted improvement:        0.368467207
lambda =          1; f =          434.2224739
lambda =     1.9332; f =          433.8008223
lambda =     3.7372; f =          433.4446426
Norm of dx   0.065781
----
Improvement on iteration 80 =        1.415860791
-----------------
f at the beginning of new iteration,       433.4446425632
Predicted improvement:        0.749001006
lambda =          1; f =          432.3337296
lambda =     1.9332; f =          432.1002491
Norm of dx     0.1656
----
Improvement on iteration 81 =        1.344393474
-----------------
f at the beginning of new iteration,       432.1002490892
Predicted improvement:        0.562025655
lambda =          1; f =          431.5590959
Norm of dx    0.17196
----
Improvement on iteration 82 =        0.541153182
-----------------
f at the beginning of new iteration,       431.5590959067
Predicted improvement:        0.128246341
lambda =          1; f =          431.5086665
lambda =    0.33333; f =          431.4971290
lambda =    0.64439; f =          431.4805997
Norm of dx   0.089232
----
Improvement on iteration 83 =        0.078496245
-----------------
f at the beginning of new iteration,       431.4805996617
Predicted improvement:        0.027762233
lambda =          1; f =          431.4401934
lambda =     1.9332; f =          431.4300712
Norm of dx   0.014958
----
Improvement on iteration 84 =        0.050528412
-----------------
f at the beginning of new iteration,       431.4300712499
Predicted improvement:        0.036092535
lambda =          1; f =          431.3644856
lambda =     1.9332; f =          431.3152401
lambda =     3.7372; f =          431.2530048
Norm of dx   0.021148
----
Improvement on iteration 85 =        0.177066486
-----------------
f at the beginning of new iteration,       431.2530047634
Predicted improvement:        0.195039564
lambda =          1; f =          430.9093696
lambda =     1.9332; f =          430.6743133
lambda =     3.7372; f =          430.4658248
Norm of dx   0.076425
----
Improvement on iteration 86 =        0.787179969
-----------------
f at the beginning of new iteration,       430.4658247948
Predicted improvement:        0.606639537
lambda =          1; f =          429.4395826
lambda =     1.9332; f =          428.8488034
Norm of dx    0.11395
----
Improvement on iteration 87 =        1.617021389
-----------------
f at the beginning of new iteration,       428.8488034056
Predicted improvement:        1.594048835
lambda =          1; f =          427.1510524
Norm of dx    0.33776
----
Improvement on iteration 88 =        1.697750991
-----------------
f at the beginning of new iteration,       427.1510524149
Predicted improvement:        0.390082036
lambda =          1; f =          426.7058622
Norm of dx   0.091211
----
Improvement on iteration 89 =        0.445190241
-----------------
f at the beginning of new iteration,       426.7058621743
Predicted improvement:        0.164405945
lambda =          1; f =          426.5162887
Norm of dx    0.06457
----
Improvement on iteration 90 =        0.189573474
-----------------
f at the beginning of new iteration,       426.5162886999
Predicted improvement:        0.051000483
lambda =          1; f =          426.4656801
Norm of dx   0.073597
----
Improvement on iteration 91 =        0.050608591
-----------------
f at the beginning of new iteration,       426.4656801092
Predicted improvement:        0.019387790
lambda =          1; f =          426.4422612
Norm of dx    0.01401
----
Improvement on iteration 92 =        0.023418922
-----------------
f at the beginning of new iteration,       426.4422611877
Predicted improvement:        0.012623891
lambda =          1; f =          426.4225222
lambda =     1.9332; f =          426.4139131
Norm of dx   0.026607
----
Improvement on iteration 93 =        0.028348117
-----------------
f at the beginning of new iteration,       426.4139130702
Predicted improvement:        0.021141970
lambda =          1; f =          426.3775499
lambda =     1.9332; f =          426.3542033
lambda =     3.7372; f =          426.3377076
Norm of dx   0.013538
----
Improvement on iteration 94 =        0.076205483
-----------------
f at the beginning of new iteration,       426.3377075871
Predicted improvement:        0.085580897
lambda =          1; f =          426.1944734
lambda =     1.9332; f =          426.1170756
Norm of dx   0.058429
----
Improvement on iteration 95 =        0.220632013
-----------------
f at the beginning of new iteration,       426.1170755742
Predicted improvement:        0.248012401
lambda =          1; f =          425.7629577
lambda =     1.9332; f =          425.7112256
Norm of dx   0.067657
----
Improvement on iteration 96 =        0.405850016
-----------------
f at the beginning of new iteration,       425.7112255583
Predicted improvement:        0.148493265
lambda =          1; f =          425.5959626
Norm of dx    0.14737
----
Improvement on iteration 97 =        0.115262975
-----------------
f at the beginning of new iteration,       425.5959625836
Predicted improvement:        0.044654490
lambda =          1; f =          425.5532107
Norm of dx   0.035453
----
Improvement on iteration 98 =        0.042751875
-----------------
f at the beginning of new iteration,       425.5532107083
Predicted improvement:        0.008753536
lambda =          1; f =          425.5450463
Norm of dx   0.017516
----
Improvement on iteration 99 =        0.008164367
-----------------
f at the beginning of new iteration,       425.5450463417
Predicted improvement:        0.000757147
lambda =          1; f =          425.5443014
Norm of dx  0.0045814
----
Improvement on iteration 100 =        0.000744961
-----------------
f at the beginning of new iteration,       425.5443013804
Correct for low angle: 0.00449592
Predicted improvement:        0.000029229
lambda =          1; f =          425.5442584
lambda =     1.9332; f =          425.5442456
Norm of dx 0.00036178
----
Improvement on iteration 101 =        0.000055816
-----------------
f at the beginning of new iteration,       425.5442455642
Correct for low angle: 0.00499617
Predicted improvement:        0.000018905
lambda =          1; f =          425.5442098
lambda =     1.9332; f =          425.5441798
lambda =     3.7372; f =          425.5441312
lambda =     7.2247; f =          425.5440722
Norm of dx 0.00023441
----
Improvement on iteration 102 =        0.000173314
-----------------
f at the beginning of new iteration,       425.5440722497
Predicted improvement:        0.000150415
lambda =          1; f =          425.5437940
lambda =     1.9332; f =          425.5435745
lambda =     3.7372; f =          425.5432603
lambda =     7.2247; f =          425.5430625
Norm of dx  0.0009712
----
Improvement on iteration 103 =        0.001009761
-----------------
f at the beginning of new iteration,       425.5430624891
Predicted improvement:        0.000807348
lambda =          1; f =          425.5414886
lambda =     1.9332; f =          425.5400949
lambda =     3.7372; f =          425.5376057
lambda =     7.2247; f =          425.5335584
lambda =     13.967; f =          425.5285805
Norm of dx  0.0026246
----
Improvement on iteration 104 =        0.014481946
-----------------
f at the beginning of new iteration,       425.5285805432
Predicted improvement:        0.005764359
lambda =          1; f =          425.5210973
Norm of dx   0.031595
----
Improvement on iteration 105 =        0.007483284
-----------------
f at the beginning of new iteration,       425.5210972589
Predicted improvement:        0.001216977
lambda =          1; f =          425.5197608
Norm of dx  0.0095906
----
Improvement on iteration 106 =        0.001336425
-----------------
f at the beginning of new iteration,       425.5197608336
Predicted improvement:        0.000052059
lambda =          1; f =          425.5196888
Norm of dx 0.00076501
----
Improvement on iteration 107 =        0.000072057
-----------------
f at the beginning of new iteration,       425.5196887763
Predicted improvement:        0.000038335
lambda =          1; f =          425.5196274
lambda =     1.9332; f =          425.5195971
Norm of dx 0.00073731
----
Improvement on iteration 108 =        0.000091657
-----------------
f at the beginning of new iteration,       425.5195971196
Predicted improvement:        0.000065087
lambda =          1; f =          425.5194736
lambda =     1.9332; f =          425.5193699
lambda =     3.7372; f =          425.5192013
lambda =     7.2247; f =          425.5189943
Norm of dx 0.00051372
----
Improvement on iteration 109 =        0.000602787
-----------------
f at the beginning of new iteration,       425.5189943329
Predicted improvement:        0.000627096
lambda =          1; f =          425.5178096
lambda =     1.9332; f =          425.5168295
lambda =     3.7372; f =          425.5152774
lambda =     7.2247; f =          425.5135555
Norm of dx  0.0026437
----
Improvement on iteration 110 =        0.005438789
-----------------
f at the beginning of new iteration,       425.5135555440
Predicted improvement:        0.004067713
lambda =          1; f =          425.5065471
lambda =     1.9332; f =          425.5020339
lambda =     3.7372; f =          425.4987775
Norm of dx   0.016645
----
Improvement on iteration 111 =        0.014778027
-----------------
f at the beginning of new iteration,       425.4987775172
Predicted improvement:        0.001635716
lambda =          1; f =          425.4968440
Norm of dx  0.0065274
----
Improvement on iteration 112 =        0.001933554
-----------------
f at the beginning of new iteration,       425.4968439631
Predicted improvement:        0.000074076
lambda =          1; f =          425.4967675
Norm of dx  0.0019927
----
Improvement on iteration 113 =        0.000076494
-----------------
f at the beginning of new iteration,       425.4967674689
Correct for low angle: 0.00228323
Predicted improvement:        0.000001551
lambda =          1; f =          425.4967647
lambda =     1.9332; f =          425.4967627
lambda =     3.7372; f =          425.4967606
Norm of dx 8.4748e-05
----
Improvement on iteration 114 =        0.000006836
-----------------
f at the beginning of new iteration,       425.4967606327
Predicted improvement:        0.000003267
lambda =          1; f =          425.4967544
lambda =     1.9332; f =          425.4967492
lambda =     3.7372; f =          425.4967408
lambda =     7.2247; f =          425.4967303
Norm of dx 9.8562e-05
----
Improvement on iteration 115 =        0.000030375
-----------------
f at the beginning of new iteration,       425.4967302582
Predicted improvement:        0.000032037
lambda =          1; f =          425.4966696
lambda =     1.9332; f =          425.4966190
lambda =     3.7372; f =          425.4965379
lambda =     7.2247; f =          425.4964428
Norm of dx 0.00049856
----
Improvement on iteration 116 =        0.000287477
-----------------
f at the beginning of new iteration,       425.4964427811
Predicted improvement:        0.000256398
lambda =          1; f =          425.4959775
lambda =     1.9332; f =          425.4956285
lambda =     3.7372; f =          425.4951827
Norm of dx  0.0028465
----
Improvement on iteration 117 =        0.001260069
-----------------
f at the beginning of new iteration,       425.4951827120
Predicted improvement:        0.000532614
lambda =          1; f =          425.4945049
Norm of dx   0.005747
----
Improvement on iteration 118 =        0.000677794
-----------------
f at the beginning of new iteration,       425.4945049184
Predicted improvement:        0.000073691
lambda =          1; f =          425.4944276
Norm of dx  0.0011952
----
Improvement on iteration 119 =        0.000077346
-----------------
f at the beginning of new iteration,       425.4944275725
Predicted improvement:        0.000000568
lambda =          1; f =          425.4944269
Norm of dx 0.00011739
----
Improvement on iteration 120 =        0.000000661
-----------------
f at the beginning of new iteration,       425.4944269116
Predicted improvement:        0.000000025
lambda =          1; f =          425.4944269
Norm of dx 2.2959e-05
----
Improvement on iteration 121 =        0.000000021
improvement < crit termination

Final value of minus the log posterior (or likelihood):425.494427 

MODE CHECK

Fval obtained by the minimization routine (minus the posterior/likelihood)): 425.494427

RESULTS FROM POSTERIOR ESTIMATION
parameters
         prior mean     mode    s.d. prior pstdev

para_sp_b    0.050   0.0403  0.0038 beta  0.0050 
phiv         4.000   0.7150  0.1537 norm  1.5000 
thetav       0.500   0.6096  0.0521 beta  0.1000 
rhov         0.500   0.5427  0.0445 beta  0.2000 
zetav        1.500   1.3377  0.0604 gamm  0.2500 
zetay        0.125   0.0065  0.0085 gamm  0.1000 
pi_bar       0.620   0.9126  0.1112 gamm  0.1000 
iotapi       0.500   0.3294  0.1246 beta  0.1500 
constebeta   0.300   0.1181  0.0364 gamm  0.1000 
ytrend       0.400   0.7307  0.0228 norm  0.1000 
s_bar        0.500   0.3331  0.0465 gamm  0.1000 
rhov_a       0.500   0.8950  0.0255 beta  0.2000 
rhov_g       0.500   0.9226  0.0186 beta  0.2000 
rhov_i       0.500   0.9342  0.0162 beta  0.2000 
rhov_f       0.750   0.9307  0.0198 beta  0.1500 

standard deviation of shocks
         prior mean     mode    s.d. prior pstdev

e_a          0.100   1.3525  0.1328 invg  2.0000 
e_g          0.100   4.5510  0.3559 invg  2.0000 
e_rn         0.100   0.3708  0.0322 invg  2.0000 
e_i          0.100   1.1303  0.1361 invg  2.0000 
e_f          0.050   4.2182  0.5741 invg  4.0000 


Log data density [Laplace approximation] is -472.049288.

Estimation::mcmc: One Chain mode.
Estimation::mcmc: Initialization at the posterior mode.

Estimation::mcmc: Write details about the MCMC... Ok!
Estimation::mcmc: Details about the MCMC are available in NKBGG/metropolis\NKBGG_mh_history_0.mat


Estimation::mcmc: Number of mh files: 1 per block.
Estimation::mcmc: Total number of generated files: 1.
Estimation::mcmc: Total number of iterations: 500000.
Estimation::mcmc: Current acceptance ratio per chain: 
                                                       Chain  1: 49.0462%
Estimation::mcmc: Total number of MH draws per chain: 500000.
Estimation::mcmc: Total number of generated MH files: 1.
Estimation::mcmc: I'll use mh-files 1 to 1.
Estimation::mcmc: In MH-file number 1 I'll start at line 200001.
Estimation::mcmc: Finally I keep 300000 draws per chain.



MCMC Inefficiency factors per block
Parameter        Block 1
SE_e_a           161.123
SE_e_g           112.146
SE_e_rn          105.889
SE_e_i           168.647
SE_e_f           234.455
para_sp_b         93.853
phiv             176.725
thetav           127.246
rhov             129.221
zetav            132.576
zetay            240.791
pi_bar            94.878
iotapi           114.667
constebeta       104.915
ytrend           111.450
s_bar            140.648
rhov_a           166.464
rhov_g           108.280
rhov_i           133.367
rhov_f           130.450


Geweke (1992) Convergence Tests, based on means of draws 200000 to 260000 vs 350000 to 500000.
p-values are for Chi2-test for equality of means.
Parameter          Post. Mean        Post. Std   p-val No Taper   p-val 4% Taper   p-val 8% Taper  p-val 15% Taper
SE_e_a                  1.426            0.154            0.000            0.689            0.685            0.652
SE_e_g                  4.701            0.369            0.000            0.691            0.693            0.678
SE_e_rn                 0.373            0.032            0.000            0.652            0.640            0.581
SE_e_i                  1.213            0.162            0.000            0.006            0.010            0.015
SE_e_f                  4.562            0.678            0.000            0.402            0.384            0.355
para_sp_b               0.040            0.004            0.000            0.417            0.388            0.321
phiv                    0.813            0.186            0.000            0.001            0.003            0.006
thetav                  0.617            0.052            0.337            0.934            0.935            0.934
rhov                    0.556            0.044            0.000            0.191            0.179            0.153
zetav                   1.337            0.065            0.000            0.471            0.451            0.409
zetay                   0.017            0.012            0.000            0.371            0.358            0.309
pi_bar                  0.899            0.112            0.000            0.572            0.577            0.573
iotapi                  0.368            0.125            0.650            0.967            0.968            0.968
constebeta              0.131            0.038            0.000            0.052            0.052            0.041
ytrend                  0.734            0.023            0.322            0.926            0.920            0.919
s_bar                   0.315            0.045            0.000            0.453            0.431            0.429
rhov_a                  0.883            0.028            0.940            0.996            0.996            0.996
rhov_g                  0.920            0.019            0.000            0.170            0.191            0.169
rhov_i                  0.927            0.019            0.000            0.605            0.611            0.600
rhov_f                  0.930            0.020            0.000            0.032            0.037            0.043


Estimation::marginal density: I'm computing the posterior mean and covariance...  Done!
Estimation::marginal density: I'm computing the posterior log marginal density (modified harmonic mean)... Done!


ESTIMATION RESULTS

Log data density is -471.716425.

parameters
             prior mean   post. mean        90% HPD interval    prior       pstdev

para_sp_b         0.050       0.0403      0.0342      0.0464   beta        0.0050
phiv              4.000       0.8135      0.5235      1.1145   norm        1.5000
thetav            0.500       0.6188      0.5345      0.7070   beta        0.1000
rhov              0.500       0.5577      0.4886      0.6302   beta        0.2000
zetav             1.500       1.3355      1.2290      1.4417   gamm        0.2500
zetay             0.125       0.0173      0.0002      0.0348   gamm        0.1000
pi_bar            0.620       0.8953      0.7121      1.0785   gamm        0.1000
iotapi            0.500       0.3695      0.1643      0.5688   beta        0.1500
constebeta        0.300       0.1311      0.0698      0.1924   gamm        0.1000
ytrend            0.400       0.7342      0.6947      0.7721   norm        0.1000
s_bar             0.500       0.3142      0.2383      0.3876   gamm        0.1000
rhov_a            0.500       0.8821      0.8370      0.9281   beta        0.2000
rhov_g            0.500       0.9205      0.8907      0.9512   beta        0.2000
rhov_i            0.500       0.9272      0.8979      0.9583   beta        0.2000
rhov_f            0.750       0.9295      0.8967      0.9629   beta        0.1500

standard deviation of shocks
             prior mean   post. mean        90% HPD interval    prior       pstdev

e_a               0.100       1.4314      1.1829      1.6800   invg        2.0000
e_g               0.100       4.7073      4.0882      5.2952   invg        2.0000
e_rn              0.100       0.3729      0.3200      0.4239   invg        2.0000
e_i               0.100       1.2133      0.9493      1.4738   invg        2.0000
e_f               0.050       4.5687      3.5260      5.5996   invg        4.0000
Estimation::mcmc: Posterior (dsge) IRFs...
Estimation::mcmc: Posterior IRFs, done!
Estimation::mcmc: Smoothed variables
Estimation::mcmc: Smoothed variables, done!
Estimation::mcmc: Smoothed shocks
Estimation::mcmc: Smoothed shocks, done!
Estimation::mcmc: Trend_coefficients
Estimation::mcmc: Trend_coefficients, done!
Estimation::mcmc: Smoothed constant
Estimation::mcmc: Smoothed constant, done!
Estimation::mcmc: Smoothed trend
Estimation::mcmc: Smoothed trend, done!
Estimation::mcmc: Updated Variables
Estimation::mcmc: Updated Variables, done!
Estimation::mcmc: Forecasted variables (mean)
Estimation::mcmc: Forecasted variables (mean), done!
Estimation::mcmc: Forecasted variables (point)
Estimation::mcmc: Forecasted variables (point), done!
Total computing time : 3h33m29s
