Starting Dynare (version 4.5.7).
Starting preprocessing of the model file ...
Found 48 equation(s).
Evaluating expressions...done
Computing static model derivatives:
 - order 1
Computing dynamic model derivatives:
 - order 1
Processing outputs ...
done
Preprocessing completed.

STEADY-STATE RESULTS:

lambda         		 0.761533
R              		 1.01604
pic            		 1.00798
c              		 1.33367
w_tilda        		 1.37266
w              		 1.37266
phi_w          		 10.3112
psi_w          		 5.04409
L              		 1.01067
k              		 17.2954
k_bar          		 17.3534
i              		 0.490335
Q              		 1
d              		 8.17366
n              		 9.17969
R_e            		 1.02131
r_k            		 0.0382175
u              		 1
R_d            		 1.01758
F1             		 0.00737821
F2             		 0.0031571
F1_prim        		 0.148605
omega          		 0.469293
mc             		 0.81057
p_tilda        		 1
phi_f          		 21.1686
psi_f          		 26.1157
y              		 2.52699
Delta          		 1
z              		 0.003345
lb             		 0
lphi           		 -0.223144
lmu            		 0
llambda_f      		 -1.45372
lg             		 0.322136
lA             		 0
lsigma         		 -1.22861
lnu            		 -0.0225524
gdp_rgd_obs    		 0.3345
c_rgd_obs      		 0.3345
ifi_rgd_obs    		 0.3345
hours_kr15_obs 		 662.979
wage_rgd_obs   		 0.3345
gdpdef_obs     		 0.795155
ffr_obs        		 1.60412
dlnD           		 0.6626
credit_nom_obs 		 1.45776
bbb1yffr_obs   		 0.153442

EIGENVALUES:
         Modulus             Real        Imaginary

       5.442e-16        5.442e-16                0
       6.555e-16       -6.555e-16                0
           0.106            0.106                0
           0.125            0.125                0
          0.4779           0.4779                0
          0.5042           0.5042                0
          0.5508           0.5508                0
           0.558           0.5044           0.2385
           0.558           0.5044          -0.2385
          0.5606           0.5606                0
          0.7947           0.7947                0
          0.8482           0.8482                0
           0.887            0.887                0
          0.9192           0.9192                0
          0.9306           0.9306                0
          0.9404           0.9404                0
          0.9509           0.9509                0
          0.9642           0.9642                0
            1.01             1.01                0
            1.08             1.08                0
           1.128            1.128                0
           1.251            1.251                0
           1.481            1.388           0.5173
           1.481            1.388          -0.5173
           1.651            1.651                0
           2.513            2.513                0
       8.806e+16       -8.806e+16                0
       6.374e+18        6.374e+18                0
        1.33e+20         1.33e+20                0
       7.833e+20       -7.833e+20                0
       9.027e+20       -9.027e+20                0
       9.328e+22       -9.328e+22                0
       1.348e+23        1.348e+23                0
       1.046e+33        1.046e+33                0
             Inf              Inf                0


There are 17 eigenvalue(s) larger than 1 in modulus 
for 17 forward-looking variable(s)

The rank condition is verified.


Prior distribution for parameter rho_sigma has unbounded density!
Prior distribution for parameter rho_nu has unbounded density!
Initial value of the log posterior (or likelihood): -1037.5587
-----------------
f at the beginning of new iteration,      1037.5586793239
Predicted improvement:      579.245656482
lambda =          1; f =         1037.6005985
lambda =    0.33333; f =         1037.5624896
lambda =    0.11111; f =         1037.5588769
lambda =   0.037037; f =         1036.6181738
lambda =   0.012346; f =         1028.8667380
Norm of dx    0.34037
----
Improvement on iteration 1 =        8.691941308
-----------------
f at the beginning of new iteration,      1028.8667380162
Predicted improvement:      775.691116605
lambda =          1; f =         1028.9700918
lambda =    0.33333; f =         1028.8672681
lambda =    0.11111; f =          916.5348128
Norm of dx    0.60312
----
Improvement on iteration 2 =      112.331925184
-----------------
f at the beginning of new iteration,       916.5348128319
Predicted improvement:       40.063965437
lambda =          1; f =          905.3104159
lambda =    0.33333; f =          894.3265213
lambda =    0.64439; f =          885.0173440
Norm of dx   0.084214
----
Improvement on iteration 3 =       31.517468784
-----------------
f at the beginning of new iteration,       885.0173440477
Predicted improvement:       23.470371862
lambda =          1; f =          885.0174119
lambda =    0.33333; f =          875.7563854
Norm of dx   0.080866
----
Improvement on iteration 4 =        9.260958623
-----------------
f at the beginning of new iteration,       875.7563854245
Predicted improvement:        6.352791441
lambda =          1; f =          869.7210123
Norm of dx   0.041816
----
Improvement on iteration 5 =        6.035373143
-----------------
f at the beginning of new iteration,       869.7210122812
Predicted improvement:        2.891654964
lambda =          1; f =          865.5141206
lambda =     1.9332; f =          864.9550724
Norm of dx   0.031985
----
Improvement on iteration 6 =        4.765939925
-----------------
f at the beginning of new iteration,       864.9550723558
Predicted improvement:        3.334815462
lambda =          1; f =          860.2272292
lambda =     1.9332; f =          858.2382434
Norm of dx   0.027018
----
Improvement on iteration 7 =        6.716828936
-----------------
f at the beginning of new iteration,       858.2382434197
Predicted improvement:        2.150658987
lambda =          1; f =          854.9130670
lambda =     1.9332; f =          853.8827175
Norm of dx   0.047055
----
Improvement on iteration 8 =        4.355525964
-----------------
f at the beginning of new iteration,       853.8827174555
Predicted improvement:        1.250817092
lambda =          1; f =          851.7755604
lambda =     1.9332; f =          850.4988786
Norm of dx   0.018292
----
Improvement on iteration 9 =        3.383838864
-----------------
f at the beginning of new iteration,       850.4988785914
Predicted improvement:        2.713969968
lambda =          1; f =          846.7658391
Norm of dx   0.069249
----
Improvement on iteration 10 =        3.733039537
-----------------
f at the beginning of new iteration,       846.7658390543
Predicted improvement:        1.364740701
lambda =          1; f =          844.9959057
Norm of dx   0.056103
----
Improvement on iteration 11 =        1.769933314
-----------------
f at the beginning of new iteration,       844.9959057407
Predicted improvement:        0.740955145
lambda =          1; f =          843.9791129
Norm of dx   0.028004
----
Improvement on iteration 12 =        1.016792833
-----------------
f at the beginning of new iteration,       843.9791129080
Predicted improvement:        0.580641014
lambda =          1; f =          843.1789236
Norm of dx   0.026835
----
Improvement on iteration 13 =        0.800189306
-----------------
f at the beginning of new iteration,       843.1789236020
Predicted improvement:        0.578212397
lambda =          1; f =          842.2945119
lambda =     1.9332; f =          841.9564364
Norm of dx   0.028971
----
Improvement on iteration 14 =        1.222487195
-----------------
f at the beginning of new iteration,       841.9564364073
Predicted improvement:        0.506185229
lambda =          1; f =          841.1294064
lambda =     1.9332; f =          840.6938746
Norm of dx   0.023324
----
Improvement on iteration 15 =        1.262561852
-----------------
f at the beginning of new iteration,       840.6938745557
Predicted improvement:        0.519799163
lambda =          1; f =          839.9682460
Norm of dx   0.028656
----
Improvement on iteration 16 =        0.725628588
-----------------
f at the beginning of new iteration,       839.9682459681
Predicted improvement:        0.317876510
lambda =          1; f =          839.5369300
Norm of dx   0.027265
----
Improvement on iteration 17 =        0.431315946
-----------------
f at the beginning of new iteration,       839.5369300220
Predicted improvement:        0.184844820
lambda =          1; f =          839.2557670
lambda =     1.9332; f =          839.1533765
Norm of dx   0.018689
----
Improvement on iteration 18 =        0.383553529
-----------------
f at the beginning of new iteration,       839.1533764926
Predicted improvement:        0.161960936
lambda =          1; f =          838.8628576
lambda =     1.9332; f =          838.6529980
lambda =     3.7372; f =          838.4204499
Norm of dx   0.012828
----
Improvement on iteration 19 =        0.732926594
-----------------
f at the beginning of new iteration,       838.4204498988
Predicted improvement:        0.327159159
lambda =          1; f =          838.0007945
Norm of dx   0.025923
----
Improvement on iteration 20 =        0.419655378
-----------------
f at the beginning of new iteration,       838.0007945207
Predicted improvement:        0.124136490
lambda =          1; f =          837.8361364
Norm of dx   0.016651
----
Improvement on iteration 21 =        0.164658152
-----------------
f at the beginning of new iteration,       837.8361363692
Predicted improvement:        0.078553009
lambda =          1; f =          837.7067981
lambda =     1.9332; f =          837.6354698
Norm of dx   0.012239
----
Improvement on iteration 22 =        0.200666573
-----------------
f at the beginning of new iteration,       837.6354697961
Predicted improvement:        0.137580194
lambda =          1; f =          837.4037677
lambda =     1.9332; f =          837.2667983
Norm of dx   0.019756
----
Improvement on iteration 23 =        0.368671478
-----------------
f at the beginning of new iteration,       837.2667983185
Predicted improvement:        0.220453145
lambda =          1; f =          836.9515396
lambda =     1.9332; f =          836.8890790
Norm of dx   0.027682
----
Improvement on iteration 24 =        0.377719364
-----------------
f at the beginning of new iteration,       836.8890789541
Predicted improvement:        0.093187745
lambda =          1; f =          836.7483107
lambda =     1.9332; f =          836.6998334
Norm of dx   0.010218
----
Improvement on iteration 25 =        0.189245516
-----------------
f at the beginning of new iteration,       836.6998334378
Predicted improvement:        0.067571804
lambda =          1; f =          836.5850535
lambda =     1.9332; f =          836.5152234
lambda =     3.7372; f =          836.4853313
Norm of dx  0.0081632
----
Improvement on iteration 26 =        0.214502128
-----------------
f at the beginning of new iteration,       836.4853313098
Predicted improvement:        0.110664593
lambda =          1; f =          836.3263357
lambda =     1.9332; f =          836.2969803
Norm of dx   0.027156
----
Improvement on iteration 27 =        0.188350995
-----------------
f at the beginning of new iteration,       836.2969803147
Predicted improvement:        0.054301015
lambda =          1; f =          836.2056997
lambda =     1.9332; f =          836.1509532
Norm of dx  0.0078064
----
Improvement on iteration 28 =        0.146027123
-----------------
f at the beginning of new iteration,       836.1509531913
Predicted improvement:        0.122268547
lambda =          1; f =          835.9604834
lambda =     1.9332; f =          835.8801799
Norm of dx   0.022294
----
Improvement on iteration 29 =        0.270773281
-----------------
f at the beginning of new iteration,       835.8801799104
Predicted improvement:        0.077390291
lambda =          1; f =          835.7559069
lambda =     1.9332; f =          835.6957826
Norm of dx   0.022953
----
Improvement on iteration 30 =        0.184397345
-----------------
f at the beginning of new iteration,       835.6957825658
Predicted improvement:        0.062664470
lambda =          1; f =          835.5933628
lambda =     1.9332; f =          835.5398575
Norm of dx    0.01664
----
Improvement on iteration 31 =        0.155925019
-----------------
f at the beginning of new iteration,       835.5398575473
Predicted improvement:        0.092012882
lambda =          1; f =          835.3879649
lambda =     1.9332; f =          835.3053013
Norm of dx   0.017605
----
Improvement on iteration 32 =        0.234556238
-----------------
f at the beginning of new iteration,       835.3053013088
Predicted improvement:        0.138700576
lambda =          1; f =          835.0731753
lambda =     1.9332; f =          834.9373673
Norm of dx   0.030789
----
Improvement on iteration 33 =        0.367934053
-----------------
f at the beginning of new iteration,       834.9373672556
Predicted improvement:        0.265676624
lambda =          1; f =          834.5144631
lambda =     1.9332; f =          834.3133147
Norm of dx   0.066735
----
Improvement on iteration 34 =        0.624052533
-----------------
f at the beginning of new iteration,       834.3133147228
Predicted improvement:        0.212087280
lambda =          1; f =          833.9889785
lambda =     1.9332; f =          833.8613265
Norm of dx   0.053467
----
Improvement on iteration 35 =        0.451988208
-----------------
f at the beginning of new iteration,       833.8613265151
Predicted improvement:        0.090986155
lambda =          1; f =          833.7183826
lambda =     1.9332; f =          833.6571736
Norm of dx   0.018879
----
Improvement on iteration 36 =        0.204152900
-----------------
f at the beginning of new iteration,       833.6571736151
Predicted improvement:        0.071893385
lambda =          1; f =          833.5294056
lambda =     1.9332; f =          833.4391254
lambda =     3.7372; f =          833.3443644
Norm of dx   0.018975
----
Improvement on iteration 37 =        0.312809167
-----------------
f at the beginning of new iteration,       833.3443644484
Predicted improvement:        0.125817137
lambda =          1; f =          833.1626821
lambda =     1.9332; f =          833.1151690
Norm of dx   0.033261
----
Improvement on iteration 38 =        0.229195447
-----------------
f at the beginning of new iteration,       833.1151690017
Predicted improvement:        0.048861233
lambda =          1; f =          833.0294459
lambda =     1.9332; f =          832.9709959
lambda =     3.7372; f =          832.9166172
Norm of dx  0.0079682
----
Improvement on iteration 39 =        0.198551834
-----------------
f at the beginning of new iteration,       832.9166171672
Predicted improvement:        0.110335316
lambda =          1; f =          832.7325425
lambda =     1.9332; f =          832.6271617
Norm of dx   0.029251
----
Improvement on iteration 40 =        0.289455442
-----------------
f at the beginning of new iteration,       832.6271617256
Predicted improvement:        0.113305375
lambda =          1; f =          832.4803234
Norm of dx   0.062597
----
Improvement on iteration 41 =        0.146838305
-----------------
f at the beginning of new iteration,       832.4803234206
Predicted improvement:        0.047601269
lambda =          1; f =          832.4060702
lambda =     1.9332; f =          832.3748594
Norm of dx   0.030048
----
Improvement on iteration 42 =        0.105464059
-----------------
f at the beginning of new iteration,       832.3748593612
Predicted improvement:        0.045478158
lambda =          1; f =          832.2967925
lambda =     1.9332; f =          832.2471458
lambda =     3.7372; f =          832.2144722
Norm of dx  0.0092066
----
Improvement on iteration 43 =        0.160387114
-----------------
f at the beginning of new iteration,       832.2144722473
Predicted improvement:        0.035758742
lambda =          1; f =          832.1566874
lambda =     1.9332; f =          832.1274723
Norm of dx   0.014878
----
Improvement on iteration 44 =        0.086999963
-----------------
f at the beginning of new iteration,       832.1274722847
Predicted improvement:        0.044690643
lambda =          1; f =          832.0499318
lambda =     1.9332; f =          831.9989609
lambda =     3.7372; f =          831.9591014
Norm of dx   0.010396
----
Improvement on iteration 45 =        0.168370912
-----------------
f at the beginning of new iteration,       831.9591013723
Predicted improvement:        0.068910887
lambda =          1; f =          831.8485825
lambda =     1.9332; f =          831.7948619
Norm of dx   0.036237
----
Improvement on iteration 46 =        0.164239441
-----------------
f at the beginning of new iteration,       831.7948619310
Predicted improvement:        0.027620546
lambda =          1; f =          831.7539319
lambda =     1.9332; f =          831.7415886
Norm of dx   0.018926
----
Improvement on iteration 47 =        0.053273283
-----------------
f at the beginning of new iteration,       831.7415886478
Predicted improvement:        0.020055311
lambda =          1; f =          831.7062230
lambda =     1.9332; f =          831.6817793
lambda =     3.7372; f =          831.6578904
Norm of dx  0.0052078
----
Improvement on iteration 48 =        0.083698220
-----------------
f at the beginning of new iteration,       831.6578904278
Predicted improvement:        0.013218412
lambda =          1; f =          831.6364245
lambda =     1.9332; f =          831.6253114
Norm of dx  0.0059219
----
Improvement on iteration 49 =        0.032578987
-----------------
f at the beginning of new iteration,       831.6253114408
Predicted improvement:        0.022880089
lambda =          1; f =          831.5840570
lambda =     1.9332; f =          831.5535675
lambda =     3.7372; f =          831.5158732
Norm of dx   0.012853
----
Improvement on iteration 50 =        0.109438220
-----------------
f at the beginning of new iteration,       831.5158732209
Predicted improvement:        0.080496307
lambda =          1; f =          831.3787674
lambda =     1.9332; f =          831.2917372
lambda =     3.7372; f =          831.2255400
Norm of dx   0.034974
----
Improvement on iteration 51 =        0.290333193
-----------------
f at the beginning of new iteration,       831.2255400280
Predicted improvement:        0.055886298
lambda =          1; f =          831.1440661
lambda =     1.9332; f =          831.1233138
Norm of dx   0.015962
----
Improvement on iteration 52 =        0.102226235
-----------------
f at the beginning of new iteration,       831.1233137930
Predicted improvement:        0.015621346
lambda =          1; f =          831.0977440
lambda =     1.9332; f =          831.0842022
Norm of dx  0.0085253
----
Improvement on iteration 53 =        0.039111544
-----------------
f at the beginning of new iteration,       831.0842022488
Predicted improvement:        0.025591673
lambda =          1; f =          831.0397150
lambda =     1.9332; f =          831.0103331
lambda =     3.7372; f =          830.9870611
Norm of dx   0.013416
----
Improvement on iteration 54 =        0.097141100
-----------------
f at the beginning of new iteration,       830.9870611492
Predicted improvement:        0.055117980
lambda =          1; f =          830.8893669
lambda =     1.9332; f =          830.8195359
lambda =     3.7372; f =          830.7381648
Norm of dx   0.021054
----
Improvement on iteration 55 =        0.248896387
-----------------
f at the beginning of new iteration,       830.7381647620
Predicted improvement:        0.071156465
lambda =          1; f =          830.6083776
lambda =     1.9332; f =          830.5552810
Norm of dx    0.08613
----
Improvement on iteration 56 =        0.182883770
-----------------
f at the beginning of new iteration,       830.5552809918
Predicted improvement:        0.106213186
lambda =          1; f =          830.4053576
lambda =     1.9332; f =          830.4154405
Norm of dx   0.043332
----
Improvement on iteration 57 =        0.149923424
-----------------
f at the beginning of new iteration,       830.4053575680
Predicted improvement:        0.186708097
lambda =          1; f =          830.3828403
lambda =    0.33333; f =          830.3201246
Norm of dx   0.017185
----
Improvement on iteration 58 =        0.085232968
-----------------
f at the beginning of new iteration,       830.3201246001
Predicted improvement:        0.214183813
lambda =          1; f =          830.7176795
lambda =    0.33333; f =          830.2283913
Norm of dx     0.1681
----
Improvement on iteration 59 =        0.091733285
-----------------
f at the beginning of new iteration,       830.2283913155
Predicted improvement:        0.096039870
lambda =          1; f =          830.1820005
lambda =    0.33333; f =          830.1802673
lambda =    0.64439; f =          830.1644957
Norm of dx    0.02478
----
Improvement on iteration 60 =        0.063895650
-----------------
f at the beginning of new iteration,       830.1644956660
Predicted improvement:        0.067229258
lambda =          1; f =          830.1001567
Norm of dx    0.02806
----
Improvement on iteration 61 =        0.064339005
-----------------
f at the beginning of new iteration,       830.1001566612
Predicted improvement:        0.051705401
lambda =          1; f =          830.0070469
lambda =     1.9332; f =          829.9393889
lambda =     3.7372; f =          829.8653730
Norm of dx   0.026832
----
Improvement on iteration 62 =        0.234783700
-----------------
f at the beginning of new iteration,       829.8653729613
Predicted improvement:        0.343795052
lambda =          1; f =          829.3618936
lambda =     1.9332; f =          832.4302365
lambda =     1.3017; f =          829.4565088
Norm of dx   0.068172
----
Improvement on iteration 63 =        0.503479318
-----------------
f at the beginning of new iteration,       829.3618936435
Predicted improvement:        1.035133538
lambda =          1; f =          834.7173599
lambda =    0.33333; f =          829.0659258
Norm of dx     0.1449
----
Improvement on iteration 64 =        0.295967864
-----------------
f at the beginning of new iteration,       829.0659257794
Predicted improvement:        0.836519960
lambda =          1; f =          829.3623024
lambda =    0.33333; f =          828.7618075
Norm of dx    0.14542
----
Improvement on iteration 65 =        0.304118323
-----------------
f at the beginning of new iteration,       828.7618074560
Predicted improvement:        0.666044344
lambda =          1; f =          830.5862783
lambda =    0.33333; f =          828.4649014
Norm of dx    0.11455
----
Improvement on iteration 66 =        0.296906040
-----------------
f at the beginning of new iteration,       828.4649014164
Predicted improvement:        0.192331391
lambda =          1; f =          828.3925228
lambda =    0.33333; f =          828.3728836
lambda =    0.64439; f =          828.3494563
Norm of dx    0.03902
----
Improvement on iteration 67 =        0.115445089
-----------------
f at the beginning of new iteration,       828.3494563271
Predicted improvement:        0.075744812
lambda =          1; f =          828.2682037
Norm of dx   0.029618
----
Improvement on iteration 68 =        0.081252608
-----------------
f at the beginning of new iteration,       828.2682037192
Predicted improvement:        0.042523856
lambda =          1; f =          828.2254198
Norm of dx   0.012137
----
Improvement on iteration 69 =        0.042783913
-----------------
f at the beginning of new iteration,       828.2254198066
Predicted improvement:        0.054265044
lambda =          1; f =          828.1429822
lambda =     1.9332; f =          828.1180039
Norm of dx    0.02104
----
Improvement on iteration 70 =        0.107415903
-----------------
f at the beginning of new iteration,       828.1180039033
Predicted improvement:        0.061891815
lambda =          1; f =          828.0178791
lambda =     1.9332; f =          827.9690676
Norm of dx   0.012273
----
Improvement on iteration 71 =        0.148936269
-----------------
f at the beginning of new iteration,       827.9690676348
Predicted improvement:        0.122793282
lambda =          1; f =          827.7963377
lambda =     1.9332; f =          827.7739757
Norm of dx    0.03196
----
Improvement on iteration 72 =        0.195091958
-----------------
f at the beginning of new iteration,       827.7739756768
Predicted improvement:        0.074018079
lambda =          1; f =          827.6773762
Norm of dx   0.018852
----
Improvement on iteration 73 =        0.096599477
-----------------
f at the beginning of new iteration,       827.6773761993
Predicted improvement:        0.033360719
lambda =          1; f =          827.6392487
Norm of dx  0.0093058
----
Improvement on iteration 74 =        0.038127510
-----------------
f at the beginning of new iteration,       827.6392486890
Predicted improvement:        0.019022833
lambda =          1; f =          827.6194261
Norm of dx    0.01292
----
Improvement on iteration 75 =        0.019822588
-----------------
f at the beginning of new iteration,       827.6194261011
Predicted improvement:        0.013397080
lambda =          1; f =          827.5961865
lambda =     1.9332; f =          827.5809229
lambda =     3.7372; f =          827.5691583
Norm of dx  0.0057893
----
Improvement on iteration 76 =        0.050267764
-----------------
f at the beginning of new iteration,       827.5691583375
Predicted improvement:        0.025487416
lambda =          1; f =          827.5226616
lambda =     1.9332; f =          827.4873752
lambda =     3.7372; f =          827.4414632
Norm of dx  0.0078563
----
Improvement on iteration 77 =        0.127695146
-----------------
f at the beginning of new iteration,       827.4414631910
Predicted improvement:        0.114681674
lambda =          1; f =          827.2735519
lambda =     1.9332; f =          827.2295038
Norm of dx   0.040061
----
Improvement on iteration 78 =        0.211959427
-----------------
f at the beginning of new iteration,       827.2295037636
Predicted improvement:        0.056934475
lambda =          1; f =          827.1570814
Norm of dx   0.015252
----
Improvement on iteration 79 =        0.072422411
-----------------
f at the beginning of new iteration,       827.1570813528
Predicted improvement:        0.034943387
lambda =          1; f =          827.1120665
Norm of dx   0.015834
----
Improvement on iteration 80 =        0.045014817
-----------------
f at the beginning of new iteration,       827.1120665357
Predicted improvement:        0.030028712
lambda =          1; f =          827.0615412
lambda =     1.9332; f =          827.0313849
Norm of dx    0.01484
----
Improvement on iteration 81 =        0.080681668
-----------------
f at the beginning of new iteration,       827.0313848679
Predicted improvement:        0.087109251
lambda =          1; f =          826.8892482
lambda =     1.9332; f =          826.8137111
Norm of dx   0.039241
----
Improvement on iteration 82 =        0.217673809
-----------------
f at the beginning of new iteration,       826.8137110590
Predicted improvement:        0.140572221
lambda =          1; f =          826.6036067
lambda =     1.9332; f =          826.5372560
Norm of dx    0.05702
----
Improvement on iteration 83 =        0.276455032
-----------------
f at the beginning of new iteration,       826.5372560272
Predicted improvement:        0.085484936
lambda =          1; f =          826.4375461
Norm of dx   0.013848
----
Improvement on iteration 84 =        0.099709919
-----------------
f at the beginning of new iteration,       826.4375461079
Predicted improvement:        0.026786112
lambda =          1; f =          826.4060263
Norm of dx   0.012532
----
Improvement on iteration 85 =        0.031519792
-----------------
f at the beginning of new iteration,       826.4060263154
Predicted improvement:        0.010019181
lambda =          1; f =          826.3887482
lambda =     1.9332; f =          826.3775906
lambda =     3.7372; f =          826.3695294
Norm of dx  0.0054644
----
Improvement on iteration 86 =        0.036496874
-----------------
f at the beginning of new iteration,       826.3695294418
Predicted improvement:        0.023280600
lambda =          1; f =          826.3259589
lambda =     1.9332; f =          826.2907167
lambda =     3.7372; f =          826.2375603
lambda =     7.2247; f =          826.1918182
Norm of dx   0.010662
----
Improvement on iteration 87 =        0.177711232
-----------------
f at the beginning of new iteration,       826.1918182099
Predicted improvement:        0.113584996
lambda =          1; f =          826.0024636
lambda =     1.9332; f =          825.8935353
Norm of dx   0.037601
----
Improvement on iteration 88 =        0.298282864
-----------------
f at the beginning of new iteration,       825.8935353457
Predicted improvement:        0.183306559
lambda =          1; f =          825.6785723
Norm of dx   0.084313
----
Improvement on iteration 89 =        0.214963036
-----------------
f at the beginning of new iteration,       825.6785723099
Predicted improvement:        0.027616093
lambda =          1; f =          825.6467945
Norm of dx   0.014599
----
Improvement on iteration 90 =        0.031777801
-----------------
f at the beginning of new iteration,       825.6467945093
Predicted improvement:        0.008263845
lambda =          1; f =          825.6345957
lambda =     1.9332; f =          825.6309585
Norm of dx     0.0081
----
Improvement on iteration 91 =        0.015836025
-----------------
f at the beginning of new iteration,       825.6309584840
Predicted improvement:        0.008581081
lambda =          1; f =          825.6156766
lambda =     1.9332; f =          825.6047635
lambda =     3.7372; f =          825.5926207
Norm of dx  0.0032814
----
Improvement on iteration 92 =        0.038337766
-----------------
f at the beginning of new iteration,       825.5926207177
Predicted improvement:        0.025231316
lambda =          1; f =          825.5518845
lambda =     1.9332; f =          825.5315328
Norm of dx   0.011815
----
Improvement on iteration 93 =        0.061087949
-----------------
f at the beginning of new iteration,       825.5315327688
Predicted improvement:        0.015782313
lambda =          1; f =          825.5126902
Norm of dx   0.018162
----
Improvement on iteration 94 =        0.018842591
-----------------
f at the beginning of new iteration,       825.5126901776
Predicted improvement:        0.002799626
lambda =          1; f =          825.5086134
lambda =     1.9332; f =          825.5075433
Norm of dx  0.0034861
----
Improvement on iteration 95 =        0.005146921
-----------------
f at the beginning of new iteration,       825.5075432565
Predicted improvement:        0.002611260
lambda =          1; f =          825.5026113
lambda =     1.9332; f =          825.4985346
lambda =     3.7372; f =          825.4920957
lambda =     7.2247; f =          825.4850593
Norm of dx  0.0026778
----
Improvement on iteration 96 =        0.022483969
-----------------
f at the beginning of new iteration,       825.4850592870
Predicted improvement:        0.015641085
lambda =          1; f =          825.4614927
lambda =     1.9332; f =          825.4534418
Norm of dx   0.010816
----
Improvement on iteration 97 =        0.031617451
-----------------
f at the beginning of new iteration,       825.4534418363
Predicted improvement:        0.004338124
lambda =          1; f =          825.4478575
Norm of dx  0.0046434
----
Improvement on iteration 98 =        0.005584298
-----------------
f at the beginning of new iteration,       825.4478575383
Predicted improvement:        0.001157949
lambda =          1; f =          825.4463061
Norm of dx  0.0028853
----
Improvement on iteration 99 =        0.001551467
-----------------
f at the beginning of new iteration,       825.4463060713
Predicted improvement:        0.000849308
lambda =          1; f =          825.4448448
lambda =     1.9332; f =          825.4439114
lambda =     3.7372; f =          825.4432992
Norm of dx  0.0014504
----
Improvement on iteration 100 =        0.003006861
-----------------
f at the beginning of new iteration,       825.4432992104
Predicted improvement:        0.002197971
lambda =          1; f =          825.4389907
lambda =     1.9332; f =          825.4351283
lambda =     3.7372; f =          825.4280933
lambda =     7.2247; f =          825.4161023
lambda =     13.967; f =          825.3988963
lambda =         27; f =          825.3877157
Norm of dx  0.0018293
----
Improvement on iteration 101 =        0.055583550
-----------------
f at the beginning of new iteration,       825.3877156608
Predicted improvement:        0.019134195
lambda =          1; f =          825.3620149
Norm of dx   0.023753
----
Improvement on iteration 102 =        0.025700758
-----------------
f at the beginning of new iteration,       825.3620149032
Predicted improvement:        0.006325913
lambda =          1; f =          825.3541844
Norm of dx   0.015356
----
Improvement on iteration 103 =        0.007830519
-----------------
f at the beginning of new iteration,       825.3541843846
Predicted improvement:        0.002327342
lambda =          1; f =          825.3500875
lambda =     1.9332; f =          825.3472690
lambda =     3.7372; f =          825.3445709
Norm of dx  0.0064135
----
Improvement on iteration 104 =        0.009613494
-----------------
f at the beginning of new iteration,       825.3445708905
Predicted improvement:        0.007122243
lambda =          1; f =          825.3307083
lambda =     1.9332; f =          825.3184540
lambda =     3.7372; f =          825.2966354
lambda =     7.2247; f =          825.2614898
lambda =     13.967; f =          825.2201489
Norm of dx  0.0090127
----
Improvement on iteration 105 =        0.124421969
-----------------
f at the beginning of new iteration,       825.2201489213
Predicted improvement:        0.060500519
lambda =          1; f =          825.1376067
Norm of dx   0.065768
----
Improvement on iteration 106 =        0.082542193
-----------------
f at the beginning of new iteration,       825.1376067284
Predicted improvement:        0.020874272
lambda =          1; f =          825.1138175
Norm of dx   0.029859
----
Improvement on iteration 107 =        0.023789208
-----------------
f at the beginning of new iteration,       825.1138175200
Predicted improvement:        0.003180354
lambda =          1; f =          825.1083998
lambda =     1.9332; f =          825.1050846
lambda =     3.7372; f =          825.1037072
Norm of dx  0.0048046
----
Improvement on iteration 108 =        0.010110291
-----------------
f at the beginning of new iteration,       825.1037072294
Predicted improvement:        0.006894425
lambda =          1; f =          825.0908531
lambda =     1.9332; f =          825.0805404
lambda =     3.7372; f =          825.0651954
lambda =     7.2247; f =          825.0526095
Norm of dx  0.0065391
----
Improvement on iteration 109 =        0.051097753
-----------------
f at the beginning of new iteration,       825.0526094760
Predicted improvement:        0.026534145
lambda =          1; f =          825.0108658
lambda =     1.9332; f =          824.9921481
Norm of dx   0.032449
----
Improvement on iteration 110 =        0.060461373
-----------------
f at the beginning of new iteration,       824.9921481030
Predicted improvement:        0.008541758
lambda =          1; f =          824.9830656
Norm of dx    0.03121
----
Improvement on iteration 111 =        0.009082468
-----------------
f at the beginning of new iteration,       824.9830656347
Predicted improvement:        0.000925262
lambda =          1; f =          824.9818417
Norm of dx  0.0033634
----
Improvement on iteration 112 =        0.001223901
-----------------
f at the beginning of new iteration,       824.9818417341
Predicted improvement:        0.000572286
lambda =          1; f =          824.9808736
lambda =     1.9332; f =          824.9802861
lambda =     3.7372; f =          824.9799978
Norm of dx  0.0015242
----
Improvement on iteration 113 =        0.001843922
-----------------
f at the beginning of new iteration,       824.9799978124
Predicted improvement:        0.001245768
lambda =          1; f =          824.9775472
lambda =     1.9332; f =          824.9753340
lambda =     3.7372; f =          824.9712565
lambda =     7.2247; f =          824.9641314
lambda =     13.967; f =          824.9532219
lambda =         27; f =          824.9431134
Norm of dx  0.0016955
----
Improvement on iteration 114 =        0.036884438
-----------------
f at the beginning of new iteration,       824.9431133746
Predicted improvement:        0.035317589
lambda =          1; f =          824.8743157
lambda =     1.9332; f =          824.8134129
lambda =     3.7372; f =          824.7047504
lambda =     7.2247; f =          824.5290839
lambda =     13.967; f =          824.3243721
Norm of dx   0.054659
----
Improvement on iteration 115 =        0.618741230
-----------------
f at the beginning of new iteration,       824.3243721446
Predicted improvement:        0.210752868
lambda =          1; f =          824.0901631
Norm of dx    0.40892
----
Improvement on iteration 116 =        0.234209026
-----------------
f at the beginning of new iteration,       824.0901631182
Predicted improvement:        0.017714547
lambda =          1; f =          824.0724686
Norm of dx   0.041248
----
Improvement on iteration 117 =        0.017694525
-----------------
f at the beginning of new iteration,       824.0724685929
Predicted improvement:        0.000762646
lambda =          1; f =          824.0714532
Norm of dx   0.012186
----
Improvement on iteration 118 =        0.001015367
-----------------
f at the beginning of new iteration,       824.0714532261
Predicted improvement:        0.000679631
lambda =          1; f =          824.0702958
lambda =     1.9332; f =          824.0695768
lambda =     3.7372; f =          824.0691758
Norm of dx  0.0055095
----
Improvement on iteration 119 =        0.002277409
-----------------
f at the beginning of new iteration,       824.0691758169
Predicted improvement:        0.001751908
lambda =          1; f =          824.0657765
lambda =     1.9332; f =          824.0627953
lambda =     3.7372; f =          824.0575534
lambda =     7.2247; f =          824.0493559
lambda =     13.967; f =          824.0406621
Norm of dx  0.0014808
----
Improvement on iteration 120 =        0.028513727
-----------------
f at the beginning of new iteration,       824.0406620897
Predicted improvement:        0.029879054
lambda =          1; f =          823.9847915
lambda =     1.9332; f =          823.9397462
lambda =     3.7372; f =          823.8723935
lambda =     7.2247; f =          823.8185096
Norm of dx   0.032165
----
Improvement on iteration 121 =        0.222152519
-----------------
f at the beginning of new iteration,       823.8185095710
Predicted improvement:        0.155401441
lambda =          1; f =          823.5504792
lambda =     1.9332; f =          823.3837072
lambda =     3.7372; f =          823.3321864
Norm of dx    0.28978
----
Improvement on iteration 122 =        0.486323141
-----------------
f at the beginning of new iteration,       823.3321864299
Predicted improvement:        0.162650745
lambda =          1; f =          823.2184951
Norm of dx    0.22809
----
Improvement on iteration 123 =        0.113691339
-----------------
f at the beginning of new iteration,       823.2184950906
Predicted improvement:        0.023526743
lambda =          1; f =          823.1901942
Norm of dx   0.019911
----
Improvement on iteration 124 =        0.028300861
-----------------
f at the beginning of new iteration,       823.1901942292
Predicted improvement:        0.008000430
lambda =          1; f =          823.1816000
Norm of dx   0.087122
----
Improvement on iteration 125 =        0.008594252
-----------------
f at the beginning of new iteration,       823.1815999776
Predicted improvement:        0.001358105
lambda =          1; f =          823.1799527
Norm of dx  0.0050938
----
Improvement on iteration 126 =        0.001647264
-----------------
f at the beginning of new iteration,       823.1799527135
Predicted improvement:        0.000188053
lambda =          1; f =          823.1797789
Norm of dx  0.0017212
----
Improvement on iteration 127 =        0.000173766
-----------------
f at the beginning of new iteration,       823.1797789473
Predicted improvement:        0.000010448
lambda =          1; f =          823.1797660
Norm of dx 0.00042609
----
Improvement on iteration 128 =        0.000012993
-----------------
f at the beginning of new iteration,       823.1797659544
Predicted improvement:        0.000006666
lambda =          1; f =          823.1797537
lambda =     1.9332; f =          823.1797445
lambda =     3.7372; f =          823.1797333
Norm of dx 0.00039921
----
Improvement on iteration 129 =        0.000032667
-----------------
f at the beginning of new iteration,       823.1797332875
Predicted improvement:        0.000032650
lambda =          1; f =          823.1796717
lambda =     1.9332; f =          823.1796214
lambda =     3.7372; f =          823.1795433
lambda =     7.2247; f =          823.1794646
Norm of dx 0.00049468
----
Improvement on iteration 130 =        0.000268652
-----------------
f at the beginning of new iteration,       823.1794646358
Predicted improvement:        0.000262074
lambda =          1; f =          823.1789527
lambda =     1.9332; f =          823.1784990
lambda =     3.7372; f =          823.1776873
lambda =     7.2247; f =          823.1763634
lambda =     13.967; f =          823.1747261
Norm of dx  0.0029829
----
Improvement on iteration 131 =        0.004738543
-----------------
f at the beginning of new iteration,       823.1747260930
Predicted improvement:        0.005271508
lambda =          1; f =          823.1654781
lambda =     1.9332; f =          823.1591993
lambda =     3.7372; f =          823.1535327
Norm of dx   0.049691
----
Improvement on iteration 132 =        0.021193440
-----------------
f at the beginning of new iteration,       823.1535326528
Predicted improvement:        0.006432737
lambda =          1; f =          823.1450679
Norm of dx   0.045676
----
Improvement on iteration 133 =        0.008464723
-----------------
f at the beginning of new iteration,       823.1450679296
Predicted improvement:        0.001053400
lambda =          1; f =          823.1440086
Norm of dx   0.018161
----
Improvement on iteration 134 =        0.001059289
-----------------
f at the beginning of new iteration,       823.1440086405
Predicted improvement:        0.000002252
lambda =          1; f =          823.1440064
Norm of dx 0.00044662
----
Improvement on iteration 135 =        0.000002288
-----------------
f at the beginning of new iteration,       823.1440063520
Predicted improvement:        0.000000257
lambda =          1; f =          823.1440061
Norm of dx 6.9595e-05
----
Improvement on iteration 136 =        0.000000298
-----------------
f at the beginning of new iteration,       823.1440060542
Predicted improvement:        0.000000860
lambda =          1; f =          823.1440048
lambda =     1.9332; f =          823.1440043
Norm of dx  0.0001093
----
Improvement on iteration 137 =        0.000001791
-----------------
f at the beginning of new iteration,       823.1440042633
Predicted improvement:        0.000001390
lambda =          1; f =          823.1440017
lambda =     1.9332; f =          823.1439995
lambda =     3.7372; f =          823.1439957
lambda =     7.2247; f =          823.1439906
Norm of dx 9.2388e-05
----
Improvement on iteration 138 =        0.000013710
-----------------
f at the beginning of new iteration,       823.1439905536
Predicted improvement:        0.000018744
lambda =          1; f =          823.1439566
lambda =     1.9332; f =          823.1439305
lambda =     3.7372; f =          823.1438959
Norm of dx 0.00094645
----
Improvement on iteration 139 =        0.000094691
-----------------
f at the beginning of new iteration,       823.1438958630
Predicted improvement:        0.000101489
lambda =          1; f =          823.1437129
lambda =     1.9332; f =          823.1435788
lambda =     3.7372; f =          823.1434197
Norm of dx    0.00503
----
Improvement on iteration 140 =        0.000476148
-----------------
f at the beginning of new iteration,       823.1434197149
Predicted improvement:        0.000317106
lambda =          1; f =          823.1428990
lambda =     1.9332; f =          823.1426259
Norm of dx   0.014813
----
Improvement on iteration 141 =        0.000793816
-----------------
f at the beginning of new iteration,       823.1426258994
Predicted improvement:        0.000173816
lambda =          1; f =          823.1424276
Norm of dx  0.0073721
----
Improvement on iteration 142 =        0.000198330
-----------------
f at the beginning of new iteration,       823.1424275699
Predicted improvement:        0.000004503
lambda =          1; f =          823.1424225
Norm of dx 0.00095247
----
Improvement on iteration 143 =        0.000005066
-----------------
f at the beginning of new iteration,       823.1424225042
Predicted improvement:        0.000000034
lambda =          1; f =          823.1424225
Norm of dx 0.00016764
----
Improvement on iteration 144 =        0.000000031
improvement < crit termination

Final value of minus the log posterior (or likelihood):823.142422 

MODE CHECK

Fval obtained by the minimization routine (minus the posterior/likelihood)): 823.142422
Exiting fzero: aborting search for an interval containing a sign change
    because complex function value encountered during search.
(Function value at -7 is -2.4994+0.033145i.)
Check function or try again with a different starting value.
Exiting fzero: aborting search for an interval containing a sign change
    because complex function value encountered during search.
(Function value at -7 is -2.296+0.04169i.)
Check function or try again with a different starting value.
Exiting fzero: aborting search for an interval containing a sign change
    because complex function value encountered during search.
(Function value at -7 is -5.3362+0.0024786i.)
Check function or try again with a different starting value.

RESULTS FROM POSTERIOR ESTIMATION
parameters
           prior mean     mode    s.d. prior pstdev

alpha          0.330   0.1855  0.0206 beta  0.0500 
zeta_p         0.600   0.7099  0.0325 beta  0.2000 
iota_p         0.500   0.1391  0.0850 beta  0.2000 
s_bis          0.500   0.4759  0.0799 gamm  0.1000 
h              0.700   0.7315  0.0338 beta  0.0500 
a_bis          0.200   0.0254  0.0131 gamm  0.1000 
nu_l           2.000   2.2460  0.6725 gamm  0.7500 
zeta_w         0.600   0.3403  0.0432 beta  0.2000 
iota_w         0.500   0.0680  0.0428 beta  0.2000 
r_star         2.000   1.4745  0.4154 gamm  1.0000 
psi_1          1.500   1.5318  0.0932 gamm  0.4000 
psi_2          0.200   0.0237  0.0125 gamm  0.1000 
rho_R          0.500   0.5658  0.0425 beta  0.2000 
pi_star        3.010   4.0362  1.0658 norm  1.5000 
gamma_star     2.000   2.9073  0.2761 gamm  1.0000 
lambda_f       0.150   0.2455  0.1049 gamm  0.1000 
gg_star        0.300   0.2673  0.0720 gamm  0.1000 
L_adj        662.000 662.1153  0.9888 norm  1.0000 
D_adj          0.500   0.3663  0.0755 norm  0.1000 
chi            0.120   0.1214  0.0099 beta  0.0100 
nu             0.975   0.9767  0.0009 beta  0.0010 
sigma          0.300   0.2980  0.0101 gamm  0.0100 
rho_z          0.200   0.0788  0.0481 beta  0.1000 
rho_phi        0.600   0.9709  0.0083 beta  0.2000 
rho_lambda_f   0.600   0.9957  0.0033 beta  0.2000 
rho_mu         0.800   0.7857  0.0502 beta  0.0500 
rho_b          0.600   0.1506  0.0852 beta  0.2000 
rho_g          0.800   0.9067  0.0238 beta  0.0500 
rho_sigma      0.800   0.9176  0.0212 beta  0.2000 
rho_nu         0.800   0.4232  0.0808 beta  0.2000 

standard deviation of shocks
           prior mean     mode    s.d. prior pstdev

eps_z          0.500   0.6669  0.0508 invg     Inf 
eps_phi        2.000   3.8502  0.9419 invg     Inf 
eps_lambda_f   0.500   6.0825  2.1832 invg     Inf 
eps_mu         0.500   0.7094  0.0869 invg     Inf 
eps_b          0.500   1.7615  0.2594 invg     Inf 
eps_g          0.500   0.5917  0.0430 invg     Inf 
eps_R          0.250   0.3055  0.0275 invg     Inf 
eps_sigma      0.500   6.5677  1.0247 invg     Inf 
eps_nu         0.500   0.7102  0.0644 invg     Inf 


Log data density [Laplace approximation] is -904.116852.

Estimation::mcmc: One Chain mode.
Estimation::mcmc: Initialization at the posterior mode.

Estimation::mcmc: Write details about the MCMC... Ok!
Estimation::mcmc: Details about the MCMC are available in KR15_FF/metropolis\KR15_FF_mh_history_0.mat

Exiting fzero: aborting search for an interval containing a sign change
    because complex function value encountered during search.
(Function value at -7 is -3.888+0.00093828i.)
Check function or try again with a different starting value.
Exiting fzero: aborting search for an interval containing a sign change
    because complex function value encountered during search.
(Function value at -7 is -4.3289-0.00015347i.)
Check function or try again with a different starting value.
Exiting fzero: aborting search for an interval containing a sign change
    because complex function value encountered during search.
(Function value at -7 is -4.2534+0.000336i.)
Check function or try again with a different starting value.
Exiting fzero: aborting search for an interval containing a sign change
    because complex function value encountered during search.
(Function value at -7 is -4.335+0.0016929i.)
Check function or try again with a different starting value.
Exiting fzero: aborting search for an interval containing a sign change
    because complex function value encountered during search.
(Function value at -7 is -2.4657+6.4026e-05i.)
Check function or try again with a different starting value.
Exiting fzero: aborting search for an interval containing a sign change
    because complex function value encountered during search.
(Function value at -7 is -5.2515+0.0031564i.)
Check function or try again with a different starting value.
Exiting fzero: aborting search for an interval containing a sign change
    because complex function value encountered during search.
(Function value at -7 is -5.1195+0.0033514i.)
Check function or try again with a different starting value.
Exiting fzero: aborting search for an interval containing a sign change
    because complex function value encountered during search.
(Function value at -7 is -5.0784+0.00081541i.)
Check function or try again with a different starting value.
Exiting fzero: aborting search for an interval containing a sign change
    because complex function value encountered during search.
(Function value at -7 is -5.0087+0.002343i.)
Check function or try again with a different starting value.
Exiting fzero: aborting search for an interval containing a sign change
    because complex function value encountered during search.
(Function value at -7 is -5.122+0.0028361i.)
Check function or try again with a different starting value.
Exiting fzero: aborting search for an interval containing a sign change
    because complex function value encountered during search.
(Function value at -7 is -5.1708+0.003042i.)
Check function or try again with a different starting value.
Exiting fzero: aborting search for an interval containing a sign change
    because complex function value encountered during search.
(Function value at -7 is -5.5484-0.0079319i.)
Check function or try again with a different starting value.
Exiting fzero: aborting search for an interval containing a sign change
    because complex function value encountered during search.
(Function value at -7 is -5.2791+0.0029358i.)
Check function or try again with a different starting value.
Exiting fzero: aborting search for an interval containing a sign change
    because complex function value encountered during search.
(Function value at -7 is -5.3401-0.0014264i.)
Check function or try again with a different starting value.
Exiting fzero: aborting search for an interval containing a sign change
    because complex function value encountered during search.
(Function value at -7 is -4.8894+0.004444i.)
Check function or try again with a different starting value.
Exiting fzero: aborting search for an interval containing a sign change
    because complex function value encountered during search.
(Function value at -7 is -1.8016-0.12048i.)
Check function or try again with a different starting value.
Exiting fzero: aborting search for an interval containing a sign change
    because complex function value encountered during search.
(Function value at -7 is -1.9721+0.043679i.)
Check function or try again with a different starting value.
Exiting fzero: aborting search for an interval containing a sign change
    because complex function value encountered during search.
(Function value at -7 is -1.8755+0.039433i.)
Check function or try again with a different starting value.
Exiting fzero: aborting search for an interval containing a sign change
    because complex function value encountered during search.
(Function value at -7 is -4.3123+0.0035493i.)
Check function or try again with a different starting value.
Exiting fzero: aborting search for an interval containing a sign change
    because complex function value encountered during search.
(Function value at -7 is -2.5945-0.0019755i.)
Check function or try again with a different starting value.
Exiting fzero: aborting search for an interval containing a sign change
    because complex function value encountered during search.
(Function value at -7 is -2.5172+0.00026266i.)
Check function or try again with a different starting value.
Exiting fzero: aborting search for an interval containing a sign change
    because complex function value encountered during search.
(Function value at -7 is -2.4882+0.00051001i.)
Check function or try again with a different starting value.
Exiting fzero: aborting search for an interval containing a sign change
    because complex function value encountered during search.
(Function value at -7 is -2.4442+9.8205e-05i.)
Check function or try again with a different starting value.
Exiting fzero: aborting search for an interval containing a sign change
    because complex function value encountered during search.
(Function value at -7 is -2.3909+0.00011738i.)
Check function or try again with a different starting value.
Exiting fzero: aborting search for an interval containing a sign change
    because complex function value encountered during search.
(Function value at -7 is -5.1216+0.00086554i.)
Check function or try again with a different starting value.
Exiting fzero: aborting search for an interval containing a sign change
    because complex function value encountered during search.
(Function value at -7 is -5.1884+0.00053776i.)
Check function or try again with a different starting value.
Exiting fzero: aborting search for an interval containing a sign change
    because complex function value encountered during search.
(Function value at -7 is -4.2785-0.00026281i.)
Check function or try again with a different starting value.
Exiting fzero: aborting search for an interval containing a sign change
    because complex function value encountered during search.
(Function value at -7 is -3.9529-0.00043444i.)
Check function or try again with a different starting value.
Exiting fzero: aborting search for an interval containing a sign change
    because complex function value encountered during search.
(Function value at -7 is -3.8631-4.5551e-05i.)
Check function or try again with a different starting value.
Exiting fzero: aborting search for an interval containing a sign change
    because complex function value encountered during search.
(Function value at -7 is -4.7887+0.004413i.)
Check function or try again with a different starting value.
Exiting fzero: aborting search for an interval containing a sign change
    because complex function value encountered during search.
(Function value at -7 is -4.5039+0.0021771i.)
Check function or try again with a different starting value.
Exiting fzero: aborting search for an interval containing a sign change
    because complex function value encountered during search.
(Function value at -7 is -4.5488+0.0039234i.)
Check function or try again with a different starting value.
Exiting fzero: aborting search for an interval containing a sign change
    because complex function value encountered during search.
(Function value at -7 is -5.7067+0.00062368i.)
Check function or try again with a different starting value.
Exiting fzero: aborting search for an interval containing a sign change
    because complex function value encountered during search.
(Function value at -7 is -5.4991+0.0016024i.)
Check function or try again with a different starting value.
Exiting fzero: aborting search for an interval containing a sign change
    because complex function value encountered during search.
(Function value at -7 is -5.9879+9.6003e-05i.)
Check function or try again with a different starting value.
Exiting fzero: aborting search for an interval containing a sign change
    because complex function value encountered during search.
(Function value at -7 is -5.7244+0.00017013i.)
Check function or try again with a different starting value.
Exiting fzero: aborting search for an interval containing a sign change
    because complex function value encountered during search.
(Function value at -7 is -5.3859+0.0020356i.)
Check function or try again with a different starting value.
Exiting fzero: aborting search for an interval containing a sign change
    because complex function value encountered during search.
(Function value at -7 is -5.4023-0.012979i.)
Check function or try again with a different starting value.
Exiting fzero: aborting search for an interval containing a sign change
    because complex function value encountered during search.
(Function value at -7 is -5.1258+0.0019047i.)
Check function or try again with a different starting value.
Exiting fzero: aborting search for an interval containing a sign change
    because complex function value encountered during search.
(Function value at -7 is -5.1577+0.0024533i.)
Check function or try again with a different starting value.
Exiting fzero: aborting search for an interval containing a sign change
    because complex function value encountered during search.
(Function value at -7 is -5.0437-0.0038887i.)
Check function or try again with a different starting value.
Exiting fzero: aborting search for an interval containing a sign change
    because complex function value encountered during search.
(Function value at -7 is -4.587-0.029258i.)
Check function or try again with a different starting value.
Exiting fzero: aborting search for an interval containing a sign change
    because complex function value encountered during search.
(Function value at -7 is -6.2529-0.00014455i.)
Check function or try again with a different starting value.
Exiting fzero: aborting search for an interval containing a sign change
    because complex function value encountered during search.
(Function value at -7 is -5.6643-8.1764e-05i.)
Check function or try again with a different starting value.
Exiting fzero: aborting search for an interval containing a sign change
    because complex function value encountered during search.
(Function value at -7 is -5.5596-3.8481e-05i.)
Check function or try again with a different starting value.
Exiting fzero: aborting search for an interval containing a sign change
    because complex function value encountered during search.
(Function value at -7 is -2.9915+0.0053317i.)
Check function or try again with a different starting value.
Exiting fzero: aborting search for an interval containing a sign change
    because complex function value encountered during search.
(Function value at -7 is -2.8333+0.010604i.)
Check function or try again with a different starting value.
Exiting fzero: aborting search for an interval containing a sign change
    because complex function value encountered during search.
(Function value at -7 is -3.261+0.0070116i.)
Check function or try again with a different starting value.
Exiting fzero: aborting search for an interval containing a sign change
    because complex function value encountered during search.
(Function value at -7 is -2.0207+0.010396i.)
Check function or try again with a different starting value.
Exiting fzero: aborting search for an interval containing a sign change
    because complex function value encountered during search.
(Function value at -7 is -1.84+0.0087516i.)
Check function or try again with a different starting value.
Exiting fzero: aborting search for an interval containing a sign change
    because complex function value encountered during search.
(Function value at -7 is -1.8353+0.043553i.)
Check function or try again with a different starting value.
Exiting fzero: aborting search for an interval containing a sign change
    because complex function value encountered during search.
(Function value at -7 is -3.7753-0.00066355i.)
Check function or try again with a different starting value.
Exiting fzero: aborting search for an interval containing a sign change
    because complex function value encountered during search.
(Function value at -7 is -4.0471+0.00033666i.)
Check function or try again with a different starting value.
Exiting fzero: aborting search for an interval containing a sign change
    because complex function value encountered during search.
(Function value at -7 is -3.6179-0.00060684i.)
Check function or try again with a different starting value.
Exiting fzero: aborting search for an interval containing a sign change
    because complex function value encountered during search.
(Function value at -7 is -3.8826-0.00034012i.)
Check function or try again with a different starting value.
Exiting fzero: aborting search for an interval containing a sign change
    because complex function value encountered during search.
(Function value at -7 is -4.0652-0.00038327i.)
Check function or try again with a different starting value.
Exiting fzero: aborting search for an interval containing a sign change
    because complex function value encountered during search.
(Function value at -7 is -3.8354-0.00056945i.)
Check function or try again with a different starting value.
Exiting fzero: aborting search for an interval containing a sign change
    because complex function value encountered during search.
(Function value at -7 is -3.918-0.00056938i.)
Check function or try again with a different starting value.
Exiting fzero: aborting search for an interval containing a sign change
    because complex function value encountered during search.
(Function value at -7 is -3.7309-0.00058737i.)
Check function or try again with a different starting value.
Exiting fzero: aborting search for an interval containing a sign change
    because complex function value encountered during search.
(Function value at -7 is -4.1171-0.00043607i.)
Check function or try again with a different starting value.
Exiting fzero: aborting search for an interval containing a sign change
    because complex function value encountered during search.
(Function value at -7 is -3.6885-0.00027585i.)
Check function or try again with a different starting value.
Exiting fzero: aborting search for an interval containing a sign change
    because complex function value encountered during search.
(Function value at -7 is -3.3886-0.0007823i.)
Check function or try again with a different starting value.
Exiting fzero: aborting search for an interval containing a sign change
    because complex function value encountered during search.
(Function value at -7 is -3.5362-0.00018781i.)
Check function or try again with a different starting value.
Exiting fzero: aborting search for an interval containing a sign change
    because complex function value encountered during search.
(Function value at -7 is -3.7903-0.00059381i.)
Check function or try again with a different starting value.
Exiting fzero: aborting search for an interval containing a sign change
    because complex function value encountered during search.
(Function value at -7 is -3.4653-0.00031235i.)
Check function or try again with a different starting value.
Exiting fzero: aborting search for an interval containing a sign change
    because complex function value encountered during search.
(Function value at -7 is -3.7405-0.00076765i.)
Check function or try again with a different starting value.
Exiting fzero: aborting search for an interval containing a sign change
    because complex function value encountered during search.
(Function value at -7 is -3.6207-0.00024742i.)
Check function or try again with a different starting value.
Exiting fzero: aborting search for an interval containing a sign change
    because complex function value encountered during search.
(Function value at -7 is -3.8225-0.00053403i.)
Check function or try again with a different starting value.
Exiting fzero: aborting search for an interval containing a sign change
    because complex function value encountered during search.
(Function value at -7 is -3.6932-0.00044735i.)
Check function or try again with a different starting value.
Exiting fzero: aborting search for an interval containing a sign change
    because complex function value encountered during search.
(Function value at -7 is -3.6809-0.00039432i.)
Check function or try again with a different starting value.
Exiting fzero: aborting search for an interval containing a sign change
    because complex function value encountered during search.
(Function value at -7 is -3.5227-0.00063848i.)
Check function or try again with a different starting value.
Exiting fzero: aborting search for an interval containing a sign change
    because complex function value encountered during search.
(Function value at -7 is -3.7923-0.00079615i.)
Check function or try again with a different starting value.
Exiting fzero: aborting search for an interval containing a sign change
    because complex function value encountered during search.
(Function value at -7 is -3.3623-0.001046i.)
Check function or try again with a different starting value.
Exiting fzero: aborting search for an interval containing a sign change
    because complex function value encountered during search.
(Function value at -7 is -3.4727-0.00091749i.)
Check function or try again with a different starting value.
Exiting fzero: aborting search for an interval containing a sign change
    because complex function value encountered during search.
(Function value at -7 is -3.8179-0.00076098i.)
Check function or try again with a different starting value.
Exiting fzero: aborting search for an interval containing a sign change
    because complex function value encountered during search.
(Function value at -7 is -4.4196-0.00044143i.)
Check function or try again with a different starting value.
Exiting fzero: aborting search for an interval containing a sign change
    because complex function value encountered during search.
(Function value at -7 is -4.1664-0.00024063i.)
Check function or try again with a different starting value.
Exiting fzero: aborting search for an interval containing a sign change
    because complex function value encountered during search.
(Function value at -7 is -3.5293-0.00076259i.)
Check function or try again with a different starting value.
Exiting fzero: aborting search for an interval containing a sign change
    because complex function value encountered during search.
(Function value at -7 is -3.7291+0.00073322i.)
Check function or try again with a different starting value.
Exiting fzero: aborting search for an interval containing a sign change
    because complex function value encountered during search.
(Function value at -7 is -4.144+0.0018111i.)
Check function or try again with a different starting value.
Exiting fzero: aborting search for an interval containing a sign change
    because complex function value encountered during search.
(Function value at -7 is -3.3778+0.0012043i.)
Check function or try again with a different starting value.
Exiting fzero: aborting search for an interval containing a sign change
    because complex function value encountered during search.
(Function value at -7 is -3.6204+0.0011432i.)
Check function or try again with a different starting value.
Exiting fzero: aborting search for an interval containing a sign change
    because complex function value encountered during search.
(Function value at -7 is -3.1552+0.0025117i.)
Check function or try again with a different starting value.
Exiting fzero: aborting search for an interval containing a sign change
    because complex function value encountered during search.
(Function value at -7 is -3.3413+0.0022708i.)
Check function or try again with a different starting value.
Exiting fzero: aborting search for an interval containing a sign change
    because complex function value encountered during search.
(Function value at -7 is -3.3254+0.0032951i.)
Check function or try again with a different starting value.
Exiting fzero: aborting search for an interval containing a sign change
    because complex function value encountered during search.
(Function value at -7 is -3.5505+0.0033551i.)
Check function or try again with a different starting value.
Exiting fzero: aborting search for an interval containing a sign change
    because complex function value encountered during search.
(Function value at -7 is -3.6816+0.0010112i.)
Check function or try again with a different starting value.
Exiting fzero: aborting search for an interval containing a sign change
    because complex function value encountered during search.
(Function value at -7 is -3.0089+0.010393i.)
Check function or try again with a different starting value.
Exiting fzero: aborting search for an interval containing a sign change
    because complex function value encountered during search.
(Function value at -7 is -3.2675+0.005245i.)
Check function or try again with a different starting value.
Exiting fzero: aborting search for an interval containing a sign change
    because complex function value encountered during search.
(Function value at -7 is -3.1422+0.0106i.)
Check function or try again with a different starting value.
Exiting fzero: aborting search for an interval containing a sign change
    because complex function value encountered during search.
(Function value at -7 is -3.2298+0.0093317i.)
Check function or try again with a different starting value.
Exiting fzero: aborting search for an interval containing a sign change
    because complex function value encountered during search.
(Function value at -7 is -2.9347+0.0087136i.)
Check function or try again with a different starting value.
Exiting fzero: aborting search for an interval containing a sign change
    because complex function value encountered during search.
(Function value at -7 is -3.1883+0.012205i.)
Check function or try again with a different starting value.
Exiting fzero: aborting search for an interval containing a sign change
    because complex function value encountered during search.
(Function value at -7 is -3.1133+0.0047587i.)
Check function or try again with a different starting value.
Exiting fzero: aborting search for an interval containing a sign change
    because complex function value encountered during search.
(Function value at -7 is -3.1406+0.01022i.)
Check function or try again with a different starting value.
Exiting fzero: aborting search for an interval containing a sign change
    because complex function value encountered during search.
(Function value at -7 is -3.345+0.0073302i.)
Check function or try again with a different starting value.
Exiting fzero: aborting search for an interval containing a sign change
    because complex function value encountered during search.
(Function value at -7 is -3.2279+0.0062665i.)
Check function or try again with a different starting value.
Exiting fzero: aborting search for an interval containing a sign change
    because complex function value encountered during search.
(Function value at -7 is -2.9124+0.010402i.)
Check function or try again with a different starting value.
Exiting fzero: aborting search for an interval containing a sign change
    because complex function value encountered during search.
(Function value at -7 is -2.7634+0.010452i.)
Check function or try again with a different starting value.
Exiting fzero: aborting search for an interval containing a sign change
    because complex function value encountered during search.
(Function value at -7 is -3.3777-0.0011935i.)
Check function or try again with a different starting value.
Exiting fzero: aborting search for an interval containing a sign change
    because complex function value encountered during search.
(Function value at -7 is -5.6374-0.00057298i.)
Check function or try again with a different starting value.
{Operation terminated by user during <a href="matlab:matlab.internal.language.introspective.errorDocCallback('gen_forecast2', 'C:\Users\THUY TRANG\Documents\GitHub\MMB_forecast_application\gen_forecast2.m', 181)" style="font-weight:bold">gen_forecast2</a> (<a href="matlab: opentoline('C:\Users\THUY TRANG\Documents\GitHub\MMB_forecast_application\gen_forecast2.m',181,0)">line 181</a>)
} 
