Starting Dynare (version 4.5.7).
Starting preprocessing of the model file ...
Substitution of exo lags: added 2 auxiliary variables and equations.
Found 49 equation(s).
Evaluating expressions...done
Computing static model derivatives:
 - order 1
Computing dynamic model derivatives:
 - order 1
 - order 2
Processing outputs ...
done
Preprocessing completed.
[Warning: Some of the parameters have no value (bet, pistar, sprd, Fom, zstar, rstar,
Rstarn, rkstar, omegastar, Lstar, kstar, kbarstar, istar, ystar, cstar, wl_c, zwstar,
sigwstar, omegabarstar, Gstar, Gammastar, dGdomegastar, d2Gdomega2star,
dGammadomegastar, d2Gammadomega2star, dGdsigmastar, d2Gdomegadsigmastar,
dGammadsigmastar, d2Gammadomegadsigmastar, muestar, nkstar, Rhostar, wekstar, vkstar,
nstar, vstar, GammamuG, GammamuGprime, zeta_bw, zeta_zw, zeta_bw_zw, zeta_bsigw,
zeta_zsigw, zeta_spsigw, zeta_bmue, zeta_zmue, zeta_spmue, Rkstar, zeta_Gw,
zeta_Gsigw, zeta_nRk, zeta_nR, zeta_nqk, zeta_nn, zeta_nmue, zeta_nsigw) when using
steady. If these parameters are not initialized in a steadystate file or a
steady_state_model-block, Dynare may not be able to solve the model...] 

STEADY-STATE RESULTS:

y_t              		 0
c_t              		 0
i_t              		 0
k_t              		 0
kbar_t           		 0
L_t              		 0
mc_t             		 0
pi_t             		 0
R_t              		 0
rk_t             		 0
u_t              		 0
w_t              		 0
muw_t            		 0
qk_t             		 0
Rktil_t          		 0
n_t              		 0
z_t              		 0
ztil_t           		 0
b_t              		 0
g_t              		 0
laf_t            		 0
law_t            		 0
sigw_t           		 0
mu_t             		 0
rm_t             		 0
gdp_rgd_obs      		 0.675032
hours_dngs15_obs 		 0.467095
wage_rgd_obs     		 0.675032
gdpdef_obs       		 0.636515
ffr_obs          		 1.24246
c_rgd_obs        		 0.675032
ifi_rgd_obs      		 0.675032
baag10_obs       		 0.449254
y_ft             		 0
c_ft             		 0
i_ft             		 0
k_ft             		 0
kbar_ft          		 0
L_ft             		 0
r_ft             		 0
rk_ft            		 0
u_ft             		 0
w_ft             		 0
qk_ft            		 0
outputgap_t      		 0
r_ft_obs         		 2.42378
r_ann_t          		 2.42378

EIGENVALUES:
         Modulus             Real        Imaginary

       8.974e-18       -8.974e-18                0
       2.728e-17       -2.728e-17                0
       3.683e-17       -3.683e-17                0
       1.093e-16       -1.093e-16                0
       1.576e-16        1.576e-16                0
          0.2185           0.2185                0
          0.2654           0.2654                0
          0.3293           0.3293                0
          0.3298           0.3298                0
          0.3639           0.3639                0
          0.6151           0.6151                0
          0.7042           0.7042                0
          0.8408           0.8408                0
          0.9034           0.9002          0.07578
          0.9034           0.9002         -0.07578
          0.9077           0.9063          0.04968
          0.9077           0.9063         -0.04968
          0.9279           0.9279                0
          0.9326           0.9326                0
          0.9583           0.9583                0
          0.9729           0.9729                0
          0.9738           0.9738                0
          0.9788           0.9788                0
           1.053            1.053                0
           1.108            1.106          0.07199
           1.108            1.106         -0.07199
           1.135            1.125           0.1509
           1.135            1.125          -0.1509
           1.253            1.225           0.2632
           1.253            1.225          -0.2632
       8.717e+16       -8.717e+16                0
       2.359e+18       -2.359e+18                0
       3.913e+18        3.913e+18                0
       9.308e+18        9.308e+18                0
             Inf             -Inf                0


There are 12 eigenvalue(s) larger than 1 in modulus 
for 12 forward-looking variable(s)

The rank condition is verified.

Initial value of the log posterior (or likelihood): -185665.5396
-----------------
f at the beginning of new iteration,    185665.5396086450
Predicted improvement: 306199456.705013216
lambda =          1; f =       192959.0170105
lambda =    0.33333; f =       186462.2257348
lambda =    0.11111; f =       185750.3068424
lambda =   0.037037; f =       185674.2950461
lambda =   0.012346; f =       185666.4248430
lambda =  0.0041152; f =       185665.6274376
lambda =  0.0013717; f =       185665.5462709
lambda = 0.00045725; f =       185665.5397095
lambda = 0.00015242; f =       120819.6924890
Norm of dx     247.47
----
Improvement on iteration 1 =    64845.847119659
-----------------
f at the beginning of new iteration,    120819.6924889864
Predicted improvement: 19260777.561341960
lambda =          1; f =       122146.7015368
lambda =    0.33333; f =       120961.7052992
lambda =    0.11111; f =       120834.2705040
lambda =   0.037037; f =       120821.1547954
lambda =   0.012346; f =       120819.8234243
lambda =  0.0041152; f =       120819.6990442
lambda =  0.0013717; f =       120819.6925682
lambda = 0.00045725; f =       107112.4102620
lambda = 0.00088394; f =       120819.6924897
lambda =  0.0005952; f =       104291.8683576
lambda =  0.0007546; f =       101285.1755240
Norm of dx     63.961
----
Improvement on iteration 2 =    19534.516964956
-----------------
f at the beginning of new iteration,    101285.1755240302
Predicted improvement: 77746125.858234376
lambda =          1; f =       144036.2942220
lambda =    0.33333; f =       106003.5428269
lambda =    0.11111; f =       101800.1692969
lambda =   0.037037; f =       101340.3172145
lambda =   0.012346; f =       101291.0409583
lambda =  0.0041152; f =       101285.8024686
lambda =  0.0013717; f =       101285.2388544
lambda = 0.00045725; f =       101285.1814504
lambda = 0.00015242; f =       101285.1761364
lambda = 5.0805e-05; f =       101285.1755783
lambda = 1.6935e-05; f =       101285.1755265
lambda =  5.645e-06; f =       100395.8927848
lambda = 1.0913e-05; f =       101285.1755243
lambda = 7.3481e-06; f =       100133.5514496
lambda = 9.3161e-06; f =       101285.1755241
lambda = 8.0798e-06; f =       101285.1755240
lambda = 7.4182e-06; f =       100122.9501847
lambda = 7.8083e-06; f =       101285.1755240
lambda = 7.5718e-06; f =       100099.7707780
lambda = 7.7129e-06; f =       101285.1755240
lambda = 7.6279e-06; f =       100091.3322621
Norm of dx     286.65
Cliff.  Perturbing search direction.
Predicted improvement: 141825706.778052270
lambda =          1; f =       175914.4999782
lambda =    0.33333; f =       109540.3482278
lambda =    0.11111; f =       102191.7142184
lambda =   0.037037; f =       101383.4852688
lambda =   0.012346; f =       101295.7939908
lambda =  0.0041152; f =       101286.3340548
lambda =  0.0013717; f =       101285.2993990
lambda = 0.00045725; f =       101285.1886335
lambda = 0.00015242; f =       101285.1769143
lambda = 5.0805e-05; f =       101285.1756574
lambda = 1.6935e-05; f =       101285.1755329
lambda =  5.645e-06; f =       101285.1755240
lambda = 1.8817e-06; f =       100748.4698076
lambda = 3.6376e-06; f =       100249.5640977
lambda = 7.0322e-06; f =       101285.1755242
lambda = 4.7351e-06; f =        99944.6773190
lambda = 6.0032e-06; f =       101285.1755241
lambda = 5.2066e-06; f =       101285.1755240
lambda = 4.7802e-06; f =        99932.3200989
lambda = 5.0316e-06; f =        99863.8571531
lambda = 5.2963e-06; f =       101285.1755240
lambda = 5.1359e-06; f =        99835.6477197
lambda = 5.2315e-06; f =       101285.1755240
lambda = 5.1739e-06; f =        99825.3765384
Norm of dx     357.76
Cliff again.  Try traversing
Predicted improvement: 125327927221.091857910
lambda =          1; f = 102168792883.5697632
lambda =    0.33333; f =  11351982049.9787617
lambda =    0.11111; f =   1261356667.2701476
lambda =   0.037037; f =    140219843.7673220
lambda =   0.012346; f =     15663191.6520604
lambda =  0.0041152; f =      1828169.2418087
lambda =  0.0013717; f =       292468.7856210
lambda = 0.00045725; f =       122303.4130785
lambda = 0.00015242; f =       103548.4397148
lambda = 5.0805e-05; f =       101515.0744225
lambda = 1.6935e-05; f =       101305.6156194
lambda =  5.645e-06; f =       101286.8860833
lambda = 1.8817e-06; f =       101285.2713916
lambda = 6.2723e-07; f =       101285.1759249
lambda = 2.0908e-07; f =       109027.6803407
lambda = 6.9692e-08; f =        93549.2672303
Norm of dx 5.0066e+05
----
Improvement on iteration 3 =     7735.908293739
-----------------
f at the beginning of new iteration,     93549.2672302914
Predicted improvement: 35680565.507952318
lambda =          1; f =       120548.4727714
lambda =    0.33333; f =        96518.6587009
lambda =    0.11111; f =        93870.2839305
lambda =   0.037037; f =        93582.8132399
lambda =   0.012346; f =        93552.7097649
lambda =  0.0041152; f =        93549.6048724
lambda =  0.0013717; f =        93549.2958921
lambda = 0.00045725; f =        93549.2696661
lambda = 0.00015242; f =        93549.2674812
lambda = 5.0805e-05; f =        93549.2672521
lambda = 1.6935e-05; f =        93549.2672312
lambda =  5.645e-06; f =        93158.2878742
lambda = 1.0913e-05; f =        93549.2672304
lambda = 7.3481e-06; f =        93046.5813355
lambda = 9.3161e-06; f =        93549.2672303
lambda = 8.0798e-06; f =        92999.7802883
lambda = 8.8003e-06; f =        93549.2672303
lambda = 8.3606e-06; f =        93549.2672303
lambda = 8.1074e-06; f =        92998.0264850
lambda = 8.2584e-06; f =        92988.4719512
lambda = 8.4122e-06; f =        93549.2672303
lambda = 8.3196e-06; f =        92984.6103296
Norm of dx     240.92
Cliff.  Perturbing search direction.
Predicted improvement: 56636759.828007661
lambda =          1; f =       125887.3271568
lambda =    0.33333; f =        97110.2195082
lambda =    0.11111; f =        93935.5436271
lambda =   0.037037; f =        93590.0648874
lambda =   0.012346; f =        93553.5070037
lambda =  0.0041152; f =        93549.7086071
lambda =  0.0013717; f =        93549.3103853
lambda = 0.00045725; f =        93549.2717280
lambda = 0.00015242; f =        93549.2677030
lambda = 5.0805e-05; f =        93549.2672743
lambda = 1.6935e-05; f =        93549.2672328
lambda =  5.645e-06; f =        92935.3062842
lambda = 1.0913e-05; f =        93549.2672308
lambda = 7.3481e-06; f =        93549.2672303
lambda = 5.7958e-06; f =        92919.8339366
lambda = 6.6827e-06; f =        93549.2672303
lambda = 6.1355e-06; f =        92885.2212446
lambda = 6.4582e-06; f =        93549.2672303
lambda = 6.2626e-06; f =        93549.2672303
lambda = 6.1481e-06; f =        92883.9443973
lambda = 6.2166e-06; f =        93549.2672303
Norm of dx     281.53
Cliff again.  Try traversing
Predicted improvement: 24439860189.641799927
lambda =          1; f =   7513736397.7450304
lambda =    0.33333; f =    834878944.9417777
lambda =    0.11111; f =     92826868.9268692
lambda =   0.037037; f =     10390758.5289597
lambda =   0.012346; f =      1235583.3216276
lambda =  0.0041152; f =       219793.2793499
lambda =  0.0013717; f =       107368.6373055
lambda = 0.00045725; f =        95018.4757663
lambda = 0.00015242; f =        93692.8734118
lambda = 5.0805e-05; f =        93560.3505325
lambda = 1.6935e-05; f =        93549.9101958
lambda =  5.645e-06; f =        93549.2975303
lambda = 1.8817e-06; f =       536865.8946744
lambda = 6.2723e-07; f =       100166.5709615
lambda = 2.0908e-07; f =        89368.5185735
Norm of dx 2.2109e+05
----
Improvement on iteration 4 =     4180.748656805
-----------------
f at the beginning of new iteration,     89368.5185734863
Predicted improvement: 36390335.062609330
lambda =          1; f =       113289.8052800
lambda =    0.33333; f =        91994.4491644
lambda =    0.11111; f =        89650.8972367
lambda =   0.037037; f =        89397.6244795
lambda =   0.012346; f =        89371.4182848
lambda =  0.0041152; f =        89368.7849212
lambda =  0.0013717; f =        89368.5400024
lambda = 0.00045725; f =        89368.5208323
lambda = 0.00015242; f =        89368.5188042
lambda = 5.0805e-05; f =        89368.5185929
lambda = 1.6935e-05; f =        89368.5185742
lambda =  5.645e-06; f =        88974.2437384
lambda = 1.0913e-05; f =        89368.5185735
lambda = 7.3481e-06; f =        88862.4609014
lambda = 9.3161e-06; f =        89368.5185735
lambda = 8.0798e-06; f =        88815.5797884
lambda = 8.8003e-06; f =        88770.1119237
lambda = 9.5852e-06; f =        89368.5185735
lambda = 9.1063e-06; f =        88751.0257933
lambda = 9.3907e-06; f =        89368.5185735
lambda =  9.219e-06; f =        88744.0267214
lambda = 9.3216e-06; f =        89368.5185735
Norm of dx     235.38
Cliff.  Perturbing search direction.
Predicted improvement: 52287145.096041180
lambda =          1; f =       107628.8725458
lambda =    0.33333; f =        91363.2093603
lambda =    0.11111; f =        89580.0527146
lambda =   0.037037; f =        89389.5785494
lambda =   0.012346; f =        89370.4747202
lambda =  0.0041152; f =        89368.6982997
lambda =  0.0013717; f =        89368.5337251
lambda = 0.00045725; f =        89368.5202038
lambda = 0.00015242; f =        89368.5187375
lambda = 5.0805e-05; f =        89368.5185866
lambda = 1.6935e-05; f =        89368.5185738
lambda =  5.645e-06; f =        88792.6631073
lambda = 1.0913e-05; f =        89368.5185735
lambda = 7.3481e-06; f =        88624.9761789
lambda = 9.3161e-06; f =        88435.0137162
lambda = 1.1811e-05; f =        89368.5185735
lambda = 1.0244e-05; f =        88346.9588285
lambda = 1.1157e-05; f =        89368.5185735
lambda =   1.06e-05; f =        88313.4180701
lambda = 1.0931e-05; f =        89368.5185735
lambda = 1.0731e-05; f =        88301.0972084
lambda =  1.085e-05; f =        89368.5185735
Norm of dx     253.46
Cliff again.  Try traversing
Predicted improvement: 193054591287.023437500
lambda =          1; f =  32009245525.1506538
lambda =    0.33333; f =   3556584042.2719102
lambda =    0.11111; f =    395229370.9759907
lambda =   0.037037; f =     43985127.5436831
lambda =   0.012346; f =      4963784.9550991
lambda =  0.0041152; f =       630012.0798879
lambda =  0.0013717; f =       149125.6379650
lambda = 0.00045725; f =        95908.1963129
lambda = 0.00015242; f =        90064.2338498
lambda = 5.0805e-05; f =        89436.7838318
lambda = 1.6935e-05; f =        89373.7949191
lambda =  5.645e-06; f =        89368.6754271
lambda = 1.8817e-06; f =         7368.4161573
lambda = 6.2723e-07; f =        20562.2338891
lambda = 2.0908e-07; f =        44410.0204755
Norm of dx 6.2138e+05
----
Improvement on iteration 5 =    82000.102416228
-----------------
f at the beginning of new iteration,      7368.4161572579
Predicted improvement:    75790.191445211
lambda =          1; f =         7418.1264198
lambda =    0.33333; f =         7373.2935893
lambda =    0.11111; f =         7368.8203658
lambda =   0.037037; f =         7368.4393763
lambda =   0.012346; f =         7368.4178964
lambda =  0.0041152; f =         7368.4161841
lambda =  0.0013717; f =         7079.4387458
lambda =  0.0026518; f =         6607.6063698
lambda =  0.0051265; f =         7368.4162508
lambda =  0.0034519; f =         7368.4161623
lambda =  0.0027227; f =         6579.9065917
lambda =  0.0031393; f =         7368.4161580
lambda =  0.0028822; f =         6521.3240267
lambda =  0.0030338; f =         7368.4161574
lambda =  0.0029419; f =         6501.3215281
lambda =  0.0029967; f =         7368.4161573
lambda =  0.0029637; f =         7368.4161573
Norm of dx     7.9195
Cliff.  Perturbing search direction.
Predicted improvement:   336961.607919210
lambda =          1; f =         7570.1060423
lambda =    0.33333; f =         7390.0417256
lambda =    0.11111; f =         7370.6397909
lambda =   0.037037; f =         7368.6393320
lambda =   0.012346; f =         7368.4382842
lambda =  0.0041152; f =         7368.4178273
lambda =  0.0013717; f =         7368.4161813
lambda = 0.00045725; f =         6986.5831635
lambda = 0.00088394; f =         6455.3773240
lambda =  0.0017088; f =         7368.4162442
lambda =  0.0011506; f =         7368.4161613
lambda = 0.00090756; f =         6424.8275500
lambda =  0.0010464; f =         7368.4161577
lambda = 0.00096075; f =         6359.1983667
lambda =  0.0010113; f =         7368.4161573
lambda = 0.00098065; f =         6336.2030333
lambda = 0.00099891; f =         7368.4161573
lambda = 0.00098791; f =         6328.0749067
Norm of dx     14.728
Cliff again.  Try traversing
Predicted improvement: 85140146.586445585
lambda =          1; f =     30412285.5645445
lambda =    0.33333; f =      3380150.6388130
lambda =    0.11111; f =       380333.5066071
lambda =   0.037037; f =        48256.0191662
lambda =   0.012346; f =        11733.7100198
lambda =  0.0041152; f =         7798.3918337
lambda =  0.0013717; f =         7401.4570689
lambda = 0.00045725; f =         7369.6293010
lambda = 0.00015242; f =        17916.4528832
lambda = 5.0805e-05; f =         5941.4167668
lambda = 1.6935e-05; f =         5884.6901593
Norm of dx      13049
----
Improvement on iteration 6 =     1483.725997947
-----------------
f at the beginning of new iteration,      5884.6901593105
Predicted improvement:    49320.372338704
lambda =          1; f =         5908.0071935
lambda =    0.33333; f =         5886.5081912
lambda =    0.11111; f =         5884.7644055
lambda =   0.037037; f =         5884.6960141
lambda =   0.012346; f =         5884.6904036
lambda =  0.0041152; f =         5368.8949908
lambda =  0.0079555; f =         5884.6901824
lambda =  0.0053568; f =         5164.5828824
lambda =  0.0067914; f =         5884.6901630
lambda =  0.0058901; f =         5082.2829120
lambda =  0.0064154; f =         5884.6901603
lambda =  0.0060949; f =         5884.6901594
lambda =  0.0059103; f =         5079.3487578
lambda =  0.0060204; f =         5884.6901593
lambda =  0.0059541; f =         5073.0307375
Norm of dx     5.6698
Cliff.  Perturbing search direction.
Predicted improvement:   114529.663758979
lambda =          1; f =         5928.5999472
lambda =    0.33333; f =         5888.8129498
lambda =    0.11111; f =         5885.0231808
lambda =   0.037037; f =         5884.7222546
lambda =   0.012346; f =         5884.6926435
lambda =  0.0041152; f =         5884.6902047
lambda =  0.0013717; f =         5526.0439700
lambda =  0.0026518; f =         5086.6457334
lambda =  0.0051265; f =         5884.6903041
lambda =  0.0034519; f =         5884.6901700
lambda =  0.0027227; f =         5063.4370663
lambda =  0.0031393; f =         5884.6901620
lambda =  0.0028822; f =         5884.6901594
lambda =  0.0027382; f =         5058.4425932
lambda =  0.0028237; f =         5031.6896133
lambda =  0.0029119; f =         5884.6901595
lambda =  0.0028587; f =         5884.6901593
lambda =  0.0028272; f =         5030.6294530
Norm of dx     7.5784
Cliff again.  Try traversing
Predicted improvement:  2806184.506381106
lambda =          1; f =       330047.0240010
lambda =    0.33333; f =        41304.2638116
lambda =    0.11111; f =         9640.8463467
lambda =   0.037037; f =         6248.1395686
lambda =   0.012346; f =         5911.1535957
lambda =  0.0041152; f =         5885.4252081
lambda =  0.0013717; f =         5884.6902188
lambda = 0.00045725; f =         6301.5487264
lambda = 0.00015242; f =         5430.0721919
Norm of dx       2369
----
Improvement on iteration 7 =      854.060706338
back and forth on step length never finished
-----------------
f at the beginning of new iteration,      5030.6294529725
Predicted improvement:    49320.372338704
lambda =          1; f =         5054.1153729
lambda =    0.33333; f =         5032.4960756
lambda =    0.11111; f =         5030.7129273
lambda =   0.037037; f =         5030.6377929
lambda =   0.012346; f =         5030.6303793
lambda =  0.0041152; f =         5030.6295558
lambda =  0.0013717; f =         5030.6294644
lambda = 0.00045725; f =         5030.6294542
lambda = 0.00015242; f =         5030.6294531
lambda = 5.0805e-05; f =         5030.6294530
lambda = 1.6935e-05; f =         5030.6294530
lambda =  5.645e-06; f =         5030.6294530
lambda = 1.8817e-06; f =         5030.3696861
Norm of dx     5.6698
----
Improvement on iteration 8 =        0.259766890
-----------------
f at the beginning of new iteration,      5030.3696860829
Predicted improvement:   137347.219876695
lambda =          1; f =         5205.7512296
lambda =    0.33333; f =         5047.5032331
lambda =    0.11111; f =         5031.7201082
lambda =   0.037037; f =         5030.4377141
lambda =   0.012346; f =         5030.3769139
lambda =  0.0041152; f =         5030.3704891
lambda =  0.0013717; f =         5030.3697753
lambda = 0.00045725; f =         5030.3696960
lambda = 0.00015242; f =         5030.3696872
lambda = 5.0805e-05; f =         5030.3696862
lambda = 1.6935e-05; f =         5030.3696861
lambda =  5.645e-06; f =         5030.3696861
lambda = 1.8817e-06; f =         5030.3696861
lambda = 6.2723e-07; f =         5030.3696861
lambda = 2.0908e-07; f =         5030.3122651
lambda = 4.0418e-07; f =         5030.3696861
lambda = 2.7215e-07; f =         5030.2949439
lambda = 3.4504e-07; f =         5030.3696861
lambda = 2.9925e-07; f =         5030.2875029
lambda = 3.2594e-07; f =         5030.2801748
lambda = 3.5501e-07; f =         5030.3696861
lambda = 3.3727e-07; f =         5030.2770638
lambda =  3.478e-07; f =         5030.3696861
lambda = 3.4144e-07; f =         5030.2759175
lambda = 3.4524e-07; f =         5030.3696861
Norm of dx     14.785
Cliff.  Perturbing search direction.
Predicted improvement:   187254.219330930
lambda =          1; f =         5219.1664631
lambda =    0.33333; f =         5049.1712016
lambda =    0.11111; f =         5031.9500241
lambda =   0.037037; f =         5030.4749156
lambda =   0.012346; f =         5030.3812844
lambda =  0.0041152; f =         5030.3709747
lambda =  0.0013717; f =         5030.3698292
lambda = 0.00045725; f =         5030.3697020
lambda = 0.00015242; f =         5030.3696878
lambda = 5.0805e-05; f =         5030.3696863
lambda = 1.6935e-05; f =         5030.3696861
lambda =  5.645e-06; f =         5030.3696861
lambda = 1.8817e-06; f =         5030.3696861
lambda = 6.2723e-07; f =         5030.3696861
lambda = 2.0908e-07; f =         5030.2914016
lambda = 4.0418e-07; f =         5030.3696861
lambda = 2.7215e-07; f =         5030.3696861
lambda = 2.1466e-07; f =         5030.2893103
lambda = 2.4751e-07; f =         5030.2770135
lambda = 2.8538e-07; f =         5030.3696861
lambda = 2.6201e-07; f =         5030.2715833
lambda = 2.7579e-07; f =         5030.3696861
lambda = 2.6744e-07; f =         5030.2695515
lambda = 2.7242e-07; f =         5030.3696861
lambda = 2.6942e-07; f =         5030.2688098
Norm of dx     15.269
Cliff again.  Try traversing
Predicted improvement: 19599655.776824262
lambda =          1; f =      4026771.8591581
lambda =    0.33333; f =       449934.9065326
lambda =    0.11111; f =        53818.7510117
lambda =   0.037037; f =        10241.3278420
lambda =   0.012346; f =         5544.0334192
lambda =  0.0041152; f =         5069.6572903
lambda =  0.0013717; f =         5031.8269053
lambda = 0.00045725; f =         5030.3711644
lambda = 0.00015242; f =         3406.0195560
lambda = 5.0805e-05; f =         3843.6111733
Norm of dx     6260.9
----
Improvement on iteration 9 =     1624.350130071
-----------------
f at the beginning of new iteration,      3406.0195560117
Predicted improvement:    32140.734902395
lambda =          1; f =         3486.1887507
lambda =    0.33333; f =         3410.7680567
lambda =    0.11111; f =         3406.1447838
lambda =   0.037037; f =         3406.0230940
lambda =   0.012346; f =         3514.4537672
lambda =  0.0041152; f =         3329.1517105
lambda =  0.0013717; f =         3347.5691560
Norm of dx     30.765
----
Improvement on iteration 10 =       76.867845553
-----------------
f at the beginning of new iteration,      3329.1517104590
Predicted improvement:     7056.202432316
lambda =          1; f =         3329.7810956
lambda =    0.33333; f =         3329.1517105
lambda =    0.11111; f =         2297.3590639
Norm of dx     2.1955
----
Improvement on iteration 11 =     1031.792646551
-----------------
f at the beginning of new iteration,      2297.3590639078
Predicted improvement:     1098.789091556
lambda =          1; f =         2297.3590670
lambda =    0.33333; f =         1836.3740672
Norm of dx    0.51451
----
Improvement on iteration 12 =      460.984996661
-----------------
f at the beginning of new iteration,      1836.3740672467
Predicted improvement:      505.440565746
lambda =          1; f =         1207.9005543
Norm of dx     0.4702
----
Improvement on iteration 13 =      628.473512950
-----------------
f at the beginning of new iteration,      1207.9005542965
Predicted improvement:      216.951018175
lambda =          1; f =         1207.9034894
lambda =    0.33333; f =         1084.2339407
lambda =    0.64439; f =         1014.8470955
Norm of dx     0.3486
----
Improvement on iteration 14 =      193.053458790
-----------------
f at the beginning of new iteration,      1014.8470955067
Predicted improvement:       73.106224302
lambda =          1; f =         1014.8472327
lambda =    0.33333; f =          970.2393549
lambda =    0.64439; f =          936.5797804
lambda =     1.2457; f =         1014.8475418
lambda =     0.8388; f =         1014.8471262
lambda =    0.66161; f =          935.3351836
lambda =    0.76285; f =         1014.8471024
lambda =    0.70038; f =         1014.8470956
lambda =    0.66539; f =          935.1147790
lambda =    0.68617; f =          934.8527455
lambda =     0.7076; f =         1014.8470958
lambda =    0.69466; f =         1014.8470955
lambda =    0.68702; f =          934.9233578
Norm of dx    0.16448
Cliff.  Perturbing search direction.
Predicted improvement:      104.910712128
lambda =          1; f =         1014.8473544
lambda =    0.33333; f =          951.6980620
lambda =    0.64439; f =         1014.8470963
lambda =     0.4339; f =          935.2264314
lambda =    0.55011; f =          917.9171417
lambda =    0.69744; f =         1014.8471056
lambda =    0.60488; f =          911.6296958
lambda =    0.65883; f =         1014.8470979
lambda =    0.62591; f =         1014.8470955
lambda =    0.60695; f =          911.5105150
lambda =    0.61825; f =          911.6320060
lambda =    0.62977; f =         1014.8470956
lambda =    0.62283; f =          913.1244124
Norm of dx    0.20306
Cliff again.  Try traversing
Predicted improvement:   323959.518532207
lambda =          1; f =       146588.9580923
lambda =    0.33333; f =        16924.1177773
lambda =    0.11111; f =         2697.5646725
lambda =   0.037037; f =         1176.4966673
lambda =   0.012346; f =         1026.8020328
lambda =  0.0041152; f =         1015.1468452
lambda =  0.0013717; f =         1014.9637596
lambda = 0.00045725; f =          885.9287562
Norm of dx     804.93
----
Improvement on iteration 15 =      128.918339283
-----------------
f at the beginning of new iteration,       885.9287562242
Predicted improvement:       69.969669936
lambda =          1; f =          885.9290153
lambda =    0.33333; f =          844.5691671
lambda =    0.64439; f =          820.2370848
lambda =     1.2457; f =          885.9295271
lambda =     0.8388; f =          885.9288275
lambda =    0.66161; f =          885.9287562
lambda =    0.64951; f =          820.4762374
lambda =    0.65675; f =          821.4194595
lambda =    0.66406; f =          885.9287562
Norm of dx    0.15532
Cliff.  Perturbing search direction.
Predicted improvement:      110.192946683
lambda =          1; f =          885.9292731
lambda =    0.33333; f =          822.5228750
lambda =    0.64439; f =          885.9287684
lambda =     0.4339; f =          807.6384663
lambda =    0.55011; f =          794.6517911
lambda =    0.69744; f =          885.9287967
lambda =    0.60488; f =          885.9287580
lambda =    0.55535; f =          794.3544005
lambda =    0.58456; f =          885.9287563
lambda =    0.56686; f =          794.0696107
lambda =    0.57741; f =          795.2139617
lambda =    0.58817; f =          885.9287564
lambda =    0.58169; f =          885.9287562
lambda =    0.57529; f =          794.6876140
Norm of dx    0.20944
Cliff again.  Try traversing
Predicted improvement:   278346.143632617
lambda =          1; f =       221288.2738661
lambda =    0.33333; f =        25040.3443516
lambda =    0.11111; f =         3464.5988905
lambda =   0.037037; f =         1143.2308344
lambda =   0.012346; f =          906.8189784
lambda =  0.0041152; f =          886.6029033
lambda =  0.0013717; f =         1237.2441368
lambda = 0.00045725; f =          695.3761333
lambda = 0.00088394; f =          697.8594759
Norm of dx     746.12
----
Improvement on iteration 16 =      190.552622971
-----------------
f at the beginning of new iteration,       695.3761332534
Predicted improvement:       57.753185017
lambda =          1; f =          695.3763686
lambda =    0.33333; f =          660.5434809
lambda =    0.64439; f =          639.3188342
lambda =     1.2457; f =          695.3768424
lambda =     0.8388; f =          695.3761962
lambda =    0.66161; f =          640.6982306
lambda =    0.76285; f =          695.3761530
lambda =    0.70038; f =          695.3761357
lambda =    0.66539; f =          642.1550845
Norm of dx    0.20937
----
Improvement on iteration 17 =       56.057299023
warning: possible inaccuracy in H matrix
-----------------
f at the beginning of new iteration,       639.3188342306
Predicted improvement:      186.847693448
lambda =          1; f =          639.3199484
lambda =    0.33333; f =          597.8448137
Norm of dx    0.68273
----
Improvement on iteration 18 =       41.474020568
-----------------
f at the beginning of new iteration,       597.8448136628
Predicted improvement:      239.028482063
lambda =          1; f =          597.8557246
lambda =    0.33333; f =          597.8448254
lambda =    0.11111; f =          560.0853844
lambda =     0.2148; f =          547.6489249
Norm of dx    0.79031
----
Improvement on iteration 19 =       50.195888728
-----------------
f at the beginning of new iteration,       547.6489249346
Predicted improvement:      107.270624154
lambda =          1; f =          473.9319626
Norm of dx    0.28075
----
Improvement on iteration 20 =       73.716962352
-----------------
f at the beginning of new iteration,       473.9319625831
Predicted improvement:       44.687865214
lambda =          1; f =          412.9982767
Norm of dx    0.19009
----
Improvement on iteration 21 =       60.933685891
-----------------
f at the beginning of new iteration,       412.9982766916
Predicted improvement:       74.667850302
lambda =          1; f =          413.0398952
lambda =    0.33333; f =          412.9983010
lambda =    0.11111; f =          401.3847064
Norm of dx     0.5405
----
Improvement on iteration 22 =       11.613570336
-----------------
f at the beginning of new iteration,       401.3847063557
Predicted improvement:       38.445693128
lambda =          1; f =          401.3858019
lambda =    0.33333; f =          383.5005344
Norm of dx    0.14451
----
Improvement on iteration 23 =       17.884171981
-----------------
f at the beginning of new iteration,       383.5005343744
Predicted improvement:       69.462224203
lambda =          1; f =          383.5018800
lambda =    0.33333; f =          383.5005839
lambda =    0.11111; f =          369.6666395
lambda =     0.2148; f =          383.5005362
lambda =    0.14463; f =          366.4675954
lambda =    0.18337; f =          365.3105277
lambda =    0.23248; f =          383.5005393
lambda =    0.20163; f =          383.5005349
lambda =    0.18512; f =          366.0657000
Norm of dx    0.21699
----
Improvement on iteration 24 =       18.190006702
warning: possible inaccuracy in H matrix
-----------------
f at the beginning of new iteration,       365.3105276720
Predicted improvement:      421.797184485
lambda =          1; f =          365.6207785
lambda =    0.33333; f =          365.3207966
lambda =    0.11111; f =          365.3105292
lambda =   0.037037; f =          358.7699768
lambda =   0.012346; f =          358.8447331
Norm of dx     1.2048
----
Improvement on iteration 25 =        6.540550878
-----------------
f at the beginning of new iteration,       358.7699767940
Predicted improvement:      117.551616095
lambda =          1; f =          358.7724818
lambda =    0.33333; f =          358.7699814
lambda =    0.11111; f =          348.2760985
Norm of dx    0.33329
----
Improvement on iteration 26 =       10.493878334
-----------------
f at the beginning of new iteration,       348.2760984605
Predicted improvement:       23.465472923
lambda =          1; f =          343.2120524
lambda =    0.33333; f =          338.8464594
Norm of dx   0.050862
----
Improvement on iteration 27 =        9.429639052
-----------------
f at the beginning of new iteration,       338.8464594089
Predicted improvement:       12.013037362
lambda =          1; f =          338.8468702
lambda =    0.33333; f =          333.9235927
Norm of dx   0.077184
----
Improvement on iteration 28 =        4.922866756
-----------------
f at the beginning of new iteration,       333.9235926532
Predicted improvement:       12.387843836
lambda =          1; f =          320.2843515
Norm of dx   0.071249
----
Improvement on iteration 29 =       13.639241109
-----------------
f at the beginning of new iteration,       320.2843515441
Predicted improvement:        8.471610873
lambda =          1; f =          306.8634742
lambda =     1.9332; f =          300.9705788
Norm of dx    0.08802
----
Improvement on iteration 30 =       19.313772702
-----------------
f at the beginning of new iteration,       300.9705788416
Predicted improvement:        5.948920237
lambda =          1; f =          292.5032642
lambda =     1.9332; f =          292.2607850
Norm of dx   0.080882
----
Improvement on iteration 31 =        8.709793815
-----------------
f at the beginning of new iteration,       292.2607850268
Predicted improvement:        6.624007236
lambda =          1; f =          286.2714184
Norm of dx   0.040596
----
Improvement on iteration 32 =        5.989366622
-----------------
f at the beginning of new iteration,       286.2714184043
Predicted improvement:        3.718073205
lambda =          1; f =          280.8718172
lambda =     1.9332; f =          279.5107857
Norm of dx   0.038577
----
Improvement on iteration 33 =        6.760632704
-----------------
f at the beginning of new iteration,       279.5107857002
Predicted improvement:        3.461546287
lambda =          1; f =          274.4437061
lambda =     1.9332; f =          273.8214851
Norm of dx   0.070705
----
Improvement on iteration 34 =        5.689300626
-----------------
f at the beginning of new iteration,       273.8214850746
Predicted improvement:        3.737515123
lambda =          1; f =          268.7429528
Norm of dx   0.027518
----
Improvement on iteration 35 =        5.078532246
-----------------
f at the beginning of new iteration,       268.7429528282
Predicted improvement:        3.014371685
lambda =          1; f =          264.3306880
lambda =     1.9332; f =          263.1315969
Norm of dx    0.05467
----
Improvement on iteration 36 =        5.611355922
-----------------
f at the beginning of new iteration,       263.1315969063
Predicted improvement:        1.251656009
lambda =          1; f =          260.9231301
lambda =     1.9332; f =          259.4159040
lambda =     3.7372; f =          258.1538644
Norm of dx    0.02219
----
Improvement on iteration 37 =        4.977732482
-----------------
f at the beginning of new iteration,       258.1538644241
Predicted improvement:        2.249324793
lambda =          1; f =          254.5768112
lambda =     1.9332; f =          252.9934443
Norm of dx   0.050926
----
Improvement on iteration 38 =        5.160420085
-----------------
f at the beginning of new iteration,       252.9934443392
Predicted improvement:        2.105732938
lambda =          1; f =          249.8708306
lambda =     1.9332; f =          248.8681484
Norm of dx   0.060911
----
Improvement on iteration 39 =        4.125295901
-----------------
f at the beginning of new iteration,       248.8681484387
Predicted improvement:        0.910479507
lambda =          1; f =          247.4684076
lambda =     1.9332; f =          246.8664903
Norm of dx   0.019014
----
Improvement on iteration 40 =        2.001658099
-----------------
f at the beginning of new iteration,       246.8664903394
Predicted improvement:        0.697372816
lambda =          1; f =          245.6924584
lambda =     1.9332; f =          244.9872410
Norm of dx   0.037019
----
Improvement on iteration 41 =        1.879249378
-----------------
f at the beginning of new iteration,       244.9872409613
Predicted improvement:        0.969627580
lambda =          1; f =          243.7936475
Norm of dx   0.051311
----
Improvement on iteration 42 =        1.193593502
-----------------
f at the beginning of new iteration,       243.7936474589
Predicted improvement:        0.383857903
lambda =          1; f =          243.3270317
Norm of dx   0.032368
----
Improvement on iteration 43 =        0.466615712
-----------------
f at the beginning of new iteration,       243.3270317468
Predicted improvement:        0.492848194
lambda =          1; f =          242.6535623
Norm of dx   0.025118
----
Improvement on iteration 44 =        0.673469400
-----------------
f at the beginning of new iteration,       242.6535623466
Predicted improvement:        0.688521121
lambda =          1; f =          241.5821853
lambda =     1.9332; f =          241.1496526
Norm of dx   0.041823
----
Improvement on iteration 45 =        1.503909719
-----------------
f at the beginning of new iteration,       241.1496526275
Predicted improvement:        0.524689208
lambda =          1; f =          240.3402143
lambda =     1.9332; f =          240.0234922
Norm of dx   0.034389
----
Improvement on iteration 46 =        1.126160379
-----------------
f at the beginning of new iteration,       240.0234922484
Predicted improvement:        0.267474668
lambda =          1; f =          239.5774271
lambda =     1.9332; f =          239.3197582
Norm of dx   0.021618
----
Improvement on iteration 47 =        0.703734052
-----------------
f at the beginning of new iteration,       239.3197581959
Predicted improvement:        0.431256342
lambda =          1; f =          238.6887227
lambda =     1.9332; f =          238.5246745
Norm of dx   0.043113
----
Improvement on iteration 48 =        0.795083713
-----------------
f at the beginning of new iteration,       238.5246744830
Predicted improvement:        0.304943790
lambda =          1; f =          238.0186506
lambda =     1.9332; f =          237.7377778
Norm of dx    0.02025
----
Improvement on iteration 49 =        0.786896695
-----------------
f at the beginning of new iteration,       237.7377777880
Predicted improvement:        0.769747140
lambda =          1; f =          236.9087554
Norm of dx   0.048749
----
Improvement on iteration 50 =        0.829022371
-----------------
f at the beginning of new iteration,       236.9087554167
Predicted improvement:        0.400578465
lambda =          1; f =          236.2776603
lambda =     1.9332; f =          236.0059217
Norm of dx   0.049896
----
Improvement on iteration 51 =        0.902833719
-----------------
f at the beginning of new iteration,       236.0059216972
Predicted improvement:        0.364555038
lambda =          1; f =          235.5009974
Norm of dx   0.051889
----
Improvement on iteration 52 =        0.504924267
-----------------
f at the beginning of new iteration,       235.5009974304
Predicted improvement:        0.239167724
lambda =          1; f =          235.1586094
lambda =     1.9332; f =          235.0771806
Norm of dx   0.037069
----
Improvement on iteration 53 =        0.423816879
-----------------
f at the beginning of new iteration,       235.0771805515
Predicted improvement:        0.131615061
lambda =          1; f =          234.8490908
lambda =     1.9332; f =          234.7007206
lambda =     3.7372; f =          234.5966141
Norm of dx  0.0071861
----
Improvement on iteration 54 =        0.480566457
-----------------
f at the beginning of new iteration,       234.5966140941
Predicted improvement:        0.156552954
lambda =          1; f =          234.3559700
lambda =     1.9332; f =          234.2701186
Norm of dx   0.029613
----
Improvement on iteration 55 =        0.326495521
-----------------
f at the beginning of new iteration,       234.2701185729
Predicted improvement:        0.196759095
lambda =          1; f =          234.0792030
Norm of dx   0.033107
----
Improvement on iteration 56 =        0.190915602
-----------------
f at the beginning of new iteration,       234.0792029707
Predicted improvement:        0.141250139
lambda =          1; f =          233.8628338
lambda =     1.9332; f =          233.7796174
Norm of dx   0.013957
----
Improvement on iteration 57 =        0.299585564
-----------------
f at the beginning of new iteration,       233.7796174064
Predicted improvement:        0.162755879
lambda =          1; f =          233.5609613
Norm of dx    0.03273
----
Improvement on iteration 58 =        0.218656152
-----------------
f at the beginning of new iteration,       233.5609612543
Predicted improvement:        0.324533615
lambda =          1; f =          233.2248961
Norm of dx   0.032613
----
Improvement on iteration 59 =        0.336065155
-----------------
f at the beginning of new iteration,       233.2248960991
Predicted improvement:        0.109468982
lambda =          1; f =          233.0537119
lambda =     1.9332; f =          232.9835646
Norm of dx   0.015621
----
Improvement on iteration 60 =        0.241331474
-----------------
f at the beginning of new iteration,       232.9835646256
Predicted improvement:        0.129654166
lambda =          1; f =          232.8335689
Norm of dx   0.019878
----
Improvement on iteration 61 =        0.149995758
-----------------
f at the beginning of new iteration,       232.8335688674
Predicted improvement:        0.082492384
lambda =          1; f =          232.6949114
lambda =     1.9332; f =          232.6149709
Norm of dx   0.016424
----
Improvement on iteration 62 =        0.218598004
-----------------
f at the beginning of new iteration,       232.6149708633
Predicted improvement:        0.207170234
lambda =          1; f =          232.3105053
lambda =     1.9332; f =          232.2304311
Norm of dx   0.038488
----
Improvement on iteration 63 =        0.384539778
-----------------
f at the beginning of new iteration,       232.2304310858
Predicted improvement:        0.254620897
lambda =          1; f =          231.8698154
lambda =     1.9332; f =          231.8298262
Norm of dx   0.034224
----
Improvement on iteration 64 =        0.400604866
-----------------
f at the beginning of new iteration,       231.8298262193
Predicted improvement:        0.503750499
lambda =          1; f =          231.4334601
Norm of dx   0.039464
----
Improvement on iteration 65 =        0.396366134
-----------------
f at the beginning of new iteration,       231.4334600854
Predicted improvement:        0.287049270
lambda =          1; f =          230.9450514
lambda =     1.9332; f =          230.6920576
Norm of dx   0.038371
----
Improvement on iteration 66 =        0.741402512
-----------------
f at the beginning of new iteration,       230.6920575732
Predicted improvement:        0.833594105
lambda =          1; f =          229.9734249
Norm of dx     0.1638
----
Improvement on iteration 67 =        0.718632666
-----------------
f at the beginning of new iteration,       229.9734249075
Predicted improvement:        1.870061952
lambda =          1; f =          227.2832541
lambda =     1.9332; f =          228.4067981
lambda =     1.3017; f =          227.0412333
Norm of dx   0.082106
----
Improvement on iteration 68 =        2.932191618
-----------------
f at the beginning of new iteration,       227.0412332896
Predicted improvement:        4.256376075
lambda =          1; f =          231.0781453
lambda =    0.33333; f =          225.9131292
Norm of dx    0.12778
----
Improvement on iteration 69 =        1.128104071
-----------------
f at the beginning of new iteration,       225.9131292184
Predicted improvement:        2.234976435
lambda =          1; f =          225.9138057
lambda =    0.33333; f =          225.1995141
Norm of dx    0.15416
----
Improvement on iteration 70 =        0.713615075
-----------------
f at the beginning of new iteration,       225.1995141435
Predicted improvement:        1.191374463
lambda =          1; f =          224.6730398
lambda =    0.33333; f =          224.6174218
lambda =    0.64439; f =          224.4445227
Norm of dx   0.066978
----
Improvement on iteration 71 =        0.754991484
-----------------
f at the beginning of new iteration,       224.4445226595
Predicted improvement:        0.689420342
lambda =          1; f =          223.9171594
Norm of dx    0.05607
----
Improvement on iteration 72 =        0.527363238
-----------------
f at the beginning of new iteration,       223.9171594210
Predicted improvement:        0.473479996
lambda =          1; f =          223.2052303
lambda =     1.9332; f =          222.9444983
Norm of dx   0.022235
----
Improvement on iteration 73 =        0.972661110
-----------------
f at the beginning of new iteration,       222.9444983108
Predicted improvement:        0.473496269
lambda =          1; f =          222.5342967
Norm of dx   0.048124
----
Improvement on iteration 74 =        0.410201563
-----------------
f at the beginning of new iteration,       222.5342967478
Predicted improvement:        0.424158928
lambda =          1; f =          221.9811533
Norm of dx   0.029695
----
Improvement on iteration 75 =        0.553143442
-----------------
f at the beginning of new iteration,       221.9811533060
Predicted improvement:        0.304922962
lambda =          1; f =          221.5393184
lambda =     1.9332; f =          221.4514278
Norm of dx   0.023323
----
Improvement on iteration 76 =        0.529725535
-----------------
f at the beginning of new iteration,       221.4514277707
Predicted improvement:        0.314785998
lambda =          1; f =          221.1776332
Norm of dx   0.025294
----
Improvement on iteration 77 =        0.273794601
-----------------
f at the beginning of new iteration,       221.1776331697
Predicted improvement:        0.211887270
lambda =          1; f =          220.9317475
Norm of dx   0.010819
----
Improvement on iteration 78 =        0.245885621
-----------------
f at the beginning of new iteration,       220.9317475487
Predicted improvement:        0.140576113
lambda =          1; f =          220.7481151
Norm of dx   0.012388
----
Improvement on iteration 79 =        0.183632429
-----------------
f at the beginning of new iteration,       220.7481151200
Predicted improvement:        0.208736088
lambda =          1; f =          220.4129786
lambda =     1.9332; f =          220.2496346
Norm of dx   0.028724
----
Improvement on iteration 80 =        0.498480472
-----------------
f at the beginning of new iteration,       220.2496346476
Predicted improvement:        0.347596488
lambda =          1; f =          219.7157012
lambda =     1.9332; f =          219.5164920
Norm of dx   0.043134
----
Improvement on iteration 81 =        0.733142673
-----------------
f at the beginning of new iteration,       219.5164919748
Predicted improvement:        0.216227638
lambda =          1; f =          219.2086801
lambda =     1.9332; f =          219.1584962
Norm of dx   0.020762
----
Improvement on iteration 82 =        0.357995823
-----------------
f at the beginning of new iteration,       219.1584961515
Predicted improvement:        0.095929060
lambda =          1; f =          219.0246660
Norm of dx   0.010714
----
Improvement on iteration 83 =        0.133830122
-----------------
f at the beginning of new iteration,       219.0246660296
Predicted improvement:        0.095702176
lambda =          1; f =          218.8842685
lambda =     1.9332; f =          218.8440003
Norm of dx  0.0088914
----
Improvement on iteration 84 =        0.180665731
-----------------
f at the beginning of new iteration,       218.8440002987
Predicted improvement:        0.090891626
lambda =          1; f =          218.6915722
lambda =     1.9332; f =          218.6059477
Norm of dx   0.024173
----
Improvement on iteration 85 =        0.238052597
-----------------
f at the beginning of new iteration,       218.6059477018
Predicted improvement:        0.203451010
lambda =          1; f =          218.3183740
lambda =     1.9332; f =          218.2755305
Norm of dx   0.042715
----
Improvement on iteration 86 =        0.330417183
-----------------
f at the beginning of new iteration,       218.2755305187
Predicted improvement:        0.125045475
lambda =          1; f =          218.0935702
lambda =     1.9332; f =          218.0370590
Norm of dx   0.017688
----
Improvement on iteration 87 =        0.238471517
-----------------
f at the beginning of new iteration,       218.0370590019
Predicted improvement:        0.084472986
lambda =          1; f =          217.9134093
lambda =     1.9332; f =          217.8838654
Norm of dx   0.021762
----
Improvement on iteration 88 =        0.153193640
-----------------
f at the beginning of new iteration,       217.8838653616
Predicted improvement:        0.036860378
lambda =          1; f =          217.8340324
Norm of dx   0.017628
----
Improvement on iteration 89 =        0.049832964
-----------------
f at the beginning of new iteration,       217.8340323977
Predicted improvement:        0.025847492
lambda =          1; f =          217.7972854
lambda =     1.9332; f =          217.7895433
Norm of dx  0.0090405
----
Improvement on iteration 90 =        0.044489119
-----------------
f at the beginning of new iteration,       217.7895432787
Predicted improvement:        0.014161765
lambda =          1; f =          217.7644298
lambda =     1.9332; f =          217.7467994
lambda =     3.7372; f =          217.7286456
Norm of dx  0.0036875
----
Improvement on iteration 91 =        0.060897714
-----------------
f at the beginning of new iteration,       217.7286455649
Predicted improvement:        0.027900503
lambda =          1; f =          217.6820102
lambda =     1.9332; f =          217.6548978
Norm of dx   0.010775
----
Improvement on iteration 92 =        0.073747715
-----------------
f at the beginning of new iteration,       217.6548978495
Predicted improvement:        0.039018343
lambda =          1; f =          217.6014004
Norm of dx   0.019431
----
Improvement on iteration 93 =        0.053497481
-----------------
f at the beginning of new iteration,       217.6014003682
Predicted improvement:        0.023080055
lambda =          1; f =          217.5684403
lambda =     1.9332; f =          217.5623858
Norm of dx    0.01382
----
Improvement on iteration 94 =        0.039014613
-----------------
f at the beginning of new iteration,       217.5623857554
Predicted improvement:        0.015657316
lambda =          1; f =          217.5362545
lambda =     1.9332; f =          217.5211716
Norm of dx  0.0050519
----
Improvement on iteration 95 =        0.041214146
-----------------
f at the beginning of new iteration,       217.5211716099
Predicted improvement:        0.026357981
lambda =          1; f =          217.4915795
Norm of dx   0.011116
----
Improvement on iteration 96 =        0.029592153
-----------------
f at the beginning of new iteration,       217.4915794566
Predicted improvement:        0.006776714
lambda =          1; f =          217.4830360
Norm of dx  0.0083009
----
Improvement on iteration 97 =        0.008543418
-----------------
f at the beginning of new iteration,       217.4830360385
Predicted improvement:        0.004842653
lambda =          1; f =          217.4749285
lambda =     1.9332; f =          217.4702728
Norm of dx  0.0052853
----
Improvement on iteration 98 =        0.012763283
-----------------
f at the beginning of new iteration,       217.4702727557
Predicted improvement:        0.011598864
lambda =          1; f =          217.4502302
lambda =     1.9332; f =          217.4373057
lambda =     3.7372; f =          217.4287392
Norm of dx  0.0083097
----
Improvement on iteration 99 =        0.041533521
-----------------
f at the beginning of new iteration,       217.4287392342
Predicted improvement:        0.027263176
lambda =          1; f =          217.3808406
lambda =     1.9332; f =          217.3481979
lambda =     3.7372; f =          217.3189732
Norm of dx   0.008402
----
Improvement on iteration 100 =        0.109766041
-----------------
f at the beginning of new iteration,       217.3189731928
Predicted improvement:        0.042984157
lambda =          1; f =          217.2704880
Norm of dx   0.023066
----
Improvement on iteration 101 =        0.048485155
-----------------
f at the beginning of new iteration,       217.2704880376
Predicted improvement:        0.007899087
lambda =          1; f =          217.2586737
lambda =     1.9332; f =          217.2548909
Norm of dx  0.0064916
----
Improvement on iteration 102 =        0.015597093
-----------------
f at the beginning of new iteration,       217.2548909449
Predicted improvement:        0.006041193
lambda =          1; f =          217.2447229
lambda =     1.9332; f =          217.2386790
Norm of dx  0.0038946
----
Improvement on iteration 103 =        0.016211988
-----------------
f at the beginning of new iteration,       217.2386789573
Predicted improvement:        0.015246991
lambda =          1; f =          217.2187035
Norm of dx  0.0076783
----
Improvement on iteration 104 =        0.019975472
-----------------
f at the beginning of new iteration,       217.2187034857
Predicted improvement:        0.011947132
lambda =          1; f =          217.2011356
lambda =     1.9332; f =          217.1961524
Norm of dx   0.010011
----
Improvement on iteration 105 =        0.022551124
-----------------
f at the beginning of new iteration,       217.1961523613
Predicted improvement:        0.009189459
lambda =          1; f =          217.1806841
lambda =     1.9332; f =          217.1714936
Norm of dx  0.0035481
----
Improvement on iteration 106 =        0.024658789
-----------------
f at the beginning of new iteration,       217.1714935720
Predicted improvement:        0.017670567
lambda =          1; f =          217.1457139
lambda =     1.9332; f =          217.1381867
Norm of dx   0.013155
----
Improvement on iteration 107 =        0.033306838
-----------------
f at the beginning of new iteration,       217.1381867339
Predicted improvement:        0.012320132
lambda =          1; f =          217.1153943
lambda =     1.9332; f =          217.0975136
lambda =     3.7372; f =          217.0723753
lambda =     7.2247; f =          217.0601809
Norm of dx  0.0080055
----
Improvement on iteration 108 =        0.078005789
-----------------
f at the beginning of new iteration,       217.0601809448
Predicted improvement:        0.036347040
lambda =          1; f =          217.0048252
lambda =     1.9332; f =          216.9836942
Norm of dx    0.00997
----
Improvement on iteration 109 =        0.076486698
-----------------
f at the beginning of new iteration,       216.9836942464
Predicted improvement:        0.041481936
lambda =          1; f =          216.9246876
lambda =     1.9332; f =          216.9160585
Norm of dx   0.029263
----
Improvement on iteration 110 =        0.067635711
-----------------
f at the beginning of new iteration,       216.9160585356
Predicted improvement:        0.023142171
lambda =          1; f =          216.8944497
Norm of dx   0.013751
----
Improvement on iteration 111 =        0.021608820
-----------------
f at the beginning of new iteration,       216.8944497161
Predicted improvement:        0.006980800
lambda =          1; f =          216.8830995
lambda =     1.9332; f =          216.8773252
Norm of dx  0.0049117
----
Improvement on iteration 112 =        0.017124476
-----------------
f at the beginning of new iteration,       216.8773252398
Predicted improvement:        0.012110040
lambda =          1; f =          216.8564880
lambda =     1.9332; f =          216.8431936
lambda =     3.7372; f =          216.8346287
Norm of dx  0.0086698
----
Improvement on iteration 113 =        0.042696512
-----------------
f at the beginning of new iteration,       216.8346287275
Predicted improvement:        0.023976238
lambda =          1; f =          216.7932762
lambda =     1.9332; f =          216.7665565
lambda =     3.7372; f =          216.7470778
Norm of dx   0.010719
----
Improvement on iteration 114 =        0.087550977
-----------------
f at the beginning of new iteration,       216.7470777502
Predicted improvement:        0.027668640
lambda =          1; f =          216.7113676
Norm of dx   0.027248
----
Improvement on iteration 115 =        0.035710103
-----------------
f at the beginning of new iteration,       216.7113676475
Predicted improvement:        0.010880781
lambda =          1; f =          216.6974595
Norm of dx   0.012989
----
Improvement on iteration 116 =        0.013908128
-----------------
f at the beginning of new iteration,       216.6974595199
Predicted improvement:        0.007056161
lambda =          1; f =          216.6855262
lambda =     1.9332; f =          216.6783439
lambda =     3.7372; f =          216.6752577
Norm of dx  0.0063947
----
Improvement on iteration 117 =        0.022201799
-----------------
f at the beginning of new iteration,       216.6752577208
Predicted improvement:        0.015447787
lambda =          1; f =          216.6466720
lambda =     1.9332; f =          216.6241022
lambda =     3.7372; f =          216.5916353
lambda =     7.2247; f =          216.5701935
Norm of dx  0.0066941
----
Improvement on iteration 118 =        0.105064257
-----------------
f at the beginning of new iteration,       216.5701934633
Predicted improvement:        0.052393401
lambda =          1; f =          216.4918148
lambda =     1.9332; f =          216.4645975
Norm of dx   0.040598
----
Improvement on iteration 119 =        0.105595982
-----------------
f at the beginning of new iteration,       216.4645974811
Predicted improvement:        0.018563241
lambda =          1; f =          216.4400231
Norm of dx   0.043886
----
Improvement on iteration 120 =        0.024574365
-----------------
f at the beginning of new iteration,       216.4400231156
Predicted improvement:        0.010101285
lambda =          1; f =          216.4254978
lambda =     1.9332; f =          216.4219111
Norm of dx   0.026208
----
Improvement on iteration 121 =        0.018111995
-----------------
f at the beginning of new iteration,       216.4219111205
Predicted improvement:        0.007383339
lambda =          1; f =          216.4097888
lambda =     1.9332; f =          216.4034780
Norm of dx  0.0089197
----
Improvement on iteration 122 =        0.018433116
-----------------
f at the beginning of new iteration,       216.4034780046
Predicted improvement:        0.020791857
lambda =          1; f =          216.3739162
lambda =     1.9332; f =          216.3678120
Norm of dx  0.0070594
----
Improvement on iteration 123 =        0.035665993
-----------------
f at the beginning of new iteration,       216.3678120112
Predicted improvement:        0.016470247
lambda =          1; f =          216.3409449
lambda =     1.9332; f =          216.3267616
Norm of dx   0.023467
----
Improvement on iteration 124 =        0.041050440
-----------------
f at the beginning of new iteration,       216.3267615716
Predicted improvement:        0.014790046
lambda =          1; f =          216.3071272
Norm of dx   0.020581
----
Improvement on iteration 125 =        0.019634381
-----------------
f at the beginning of new iteration,       216.3071271906
Predicted improvement:        0.007883340
lambda =          1; f =          216.2951705
lambda =     1.9332; f =          216.2907148
Norm of dx   0.010279
----
Improvement on iteration 126 =        0.016412360
-----------------
f at the beginning of new iteration,       216.2907148302
Predicted improvement:        0.008210738
lambda =          1; f =          216.2752234
lambda =     1.9332; f =          216.2624242
lambda =     3.7372; f =          216.2422163
lambda =     7.2247; f =          216.2201047
Norm of dx  0.0076658
----
Improvement on iteration 127 =        0.070610102
-----------------
f at the beginning of new iteration,       216.2201047279
Predicted improvement:        0.033300329
lambda =          1; f =          216.1753980
Norm of dx   0.037987
----
Improvement on iteration 128 =        0.044706682
-----------------
f at the beginning of new iteration,       216.1753980456
Predicted improvement:        0.010851686
lambda =          1; f =          216.1629118
Norm of dx   0.019601
----
Improvement on iteration 129 =        0.012486257
-----------------
f at the beginning of new iteration,       216.1629117886
Predicted improvement:        0.001774162
lambda =          1; f =          216.1598156
lambda =     1.9332; f =          216.1577600
lambda =     3.7372; f =          216.1560836
Norm of dx  0.0057436
----
Improvement on iteration 130 =        0.006828203
-----------------
f at the beginning of new iteration,       216.1560835861
Predicted improvement:        0.004542127
lambda =          1; f =          216.1474033
lambda =     1.9332; f =          216.1400152
lambda =     3.7372; f =          216.1276865
lambda =     7.2247; f =          216.1111890
Norm of dx  0.0030663
----
Improvement on iteration 131 =        0.044894571
-----------------
f at the beginning of new iteration,       216.1111890149
Predicted improvement:        0.026857438
lambda =          1; f =          216.0767348
Norm of dx   0.033274
----
Improvement on iteration 132 =        0.034454248
-----------------
f at the beginning of new iteration,       216.0767347666
Predicted improvement:        0.006996399
lambda =          1; f =          216.0683516
Norm of dx   0.018042
----
Improvement on iteration 133 =        0.008383197
-----------------
f at the beginning of new iteration,       216.0683515692
Predicted improvement:        0.001230149
lambda =          1; f =          216.0664050
lambda =     1.9332; f =          216.0655541
Norm of dx  0.0049782
----
Improvement on iteration 134 =        0.002797480
-----------------
f at the beginning of new iteration,       216.0655540890
Predicted improvement:        0.001475662
lambda =          1; f =          216.0627249
lambda =     1.9332; f =          216.0603234
lambda =     3.7372; f =          216.0563325
lambda =     7.2247; f =          216.0510463
Norm of dx  0.0028226
----
Improvement on iteration 135 =        0.014507832
-----------------
f at the beginning of new iteration,       216.0510462565
Predicted improvement:        0.013270711
lambda =          1; f =          216.0291424
lambda =     1.9332; f =          216.0171552
Norm of dx   0.021202
----
Improvement on iteration 136 =        0.033891100
-----------------
f at the beginning of new iteration,       216.0171551567
Predicted improvement:        0.012809103
lambda =          1; f =          216.0011584
Norm of dx   0.018898
----
Improvement on iteration 137 =        0.015996737
-----------------
f at the beginning of new iteration,       216.0011584194
Predicted improvement:        0.002217587
lambda =          1; f =          215.9985516
Norm of dx  0.0038362
----
Improvement on iteration 138 =        0.002606797
-----------------
f at the beginning of new iteration,       215.9985516228
Predicted improvement:        0.000437256
lambda =          1; f =          215.9978328
lambda =     1.9332; f =          215.9974317
Norm of dx  0.0011573
----
Improvement on iteration 139 =        0.001119957
-----------------
f at the beginning of new iteration,       215.9974316658
Predicted improvement:        0.000894652
lambda =          1; f =          215.9958475
lambda =     1.9332; f =          215.9947345
lambda =     3.7372; f =          215.9935964
Norm of dx  0.0019716
----
Improvement on iteration 140 =        0.003835273
-----------------
f at the beginning of new iteration,       215.9935963925
Predicted improvement:        0.002583004
lambda =          1; f =          215.9890180
lambda =     1.9332; f =          215.9858204
lambda =     3.7372; f =          215.9825732
Norm of dx  0.0052071
----
Improvement on iteration 141 =        0.011023171
-----------------
f at the beginning of new iteration,       215.9825732220
Predicted improvement:        0.001486862
lambda =          1; f =          215.9807381
Norm of dx   0.004828
----
Improvement on iteration 142 =        0.001835078
-----------------
f at the beginning of new iteration,       215.9807381439
Predicted improvement:        0.000238158
lambda =          1; f =          215.9803989
lambda =     1.9332; f =          215.9803226
Norm of dx  0.0017444
----
Improvement on iteration 143 =        0.000415584
-----------------
f at the beginning of new iteration,       215.9803225600
Predicted improvement:        0.000147056
lambda =          1; f =          215.9800412
lambda =     1.9332; f =          215.9798006
lambda =     3.7372; f =          215.9793955
lambda =     7.2247; f =          215.9788367
Norm of dx 0.00035187
----
Improvement on iteration 144 =        0.001485815
-----------------
f at the beginning of new iteration,       215.9788367449
Predicted improvement:        0.001334931
lambda =          1; f =          215.9767261
lambda =     1.9332; f =          215.9757598
Norm of dx  0.0038771
----
Improvement on iteration 145 =        0.003076975
-----------------
f at the beginning of new iteration,       215.9757597697
Predicted improvement:        0.001251169
lambda =          1; f =          215.9738709
lambda =     1.9332; f =          215.9732232
Norm of dx  0.0055178
----
Improvement on iteration 146 =        0.002536552
-----------------
f at the beginning of new iteration,       215.9732232178
Predicted improvement:        0.000336020
lambda =          1; f =          215.9728061
Norm of dx  0.0029872
----
Improvement on iteration 147 =        0.000417079
-----------------
f at the beginning of new iteration,       215.9728061386
Predicted improvement:        0.000117952
lambda =          1; f =          215.9726198
lambda =     1.9332; f =          215.9725369
Norm of dx 0.00096432
----
Improvement on iteration 148 =        0.000269195
-----------------
f at the beginning of new iteration,       215.9725369432
Predicted improvement:        0.000185190
lambda =          1; f =          215.9721814
lambda =     1.9332; f =          215.9718760
lambda =     3.7372; f =          215.9713583
lambda =     7.2247; f =          215.9706325
lambda =     13.967; f =          215.9702861
Norm of dx  0.0010519
----
Improvement on iteration 149 =        0.002250886
-----------------
f at the beginning of new iteration,       215.9702860575
Predicted improvement:        0.001980502
lambda =          1; f =          215.9666405
lambda =     1.9332; f =          215.9637968
lambda =     3.7372; f =          215.9598063
lambda =     7.2247; f =          215.9576055
Norm of dx  0.0054074
----
Improvement on iteration 150 =        0.012680605
-----------------
f at the beginning of new iteration,       215.9576054526
Predicted improvement:        0.002384089
lambda =          1; f =          215.9545915
Norm of dx   0.010994
----
Improvement on iteration 151 =        0.003013978
-----------------
f at the beginning of new iteration,       215.9545914746
Predicted improvement:        0.000317635
lambda =          1; f =          215.9542339
Norm of dx  0.0039511
----
Improvement on iteration 152 =        0.000357533
-----------------
f at the beginning of new iteration,       215.9542339419
Predicted improvement:        0.000061744
lambda =          1; f =          215.9541216
lambda =     1.9332; f =          215.9540352
lambda =     3.7372; f =          215.9539191
Norm of dx 0.00088315
----
Improvement on iteration 153 =        0.000314818
-----------------
f at the beginning of new iteration,       215.9539191240
Predicted improvement:        0.000339959
lambda =          1; f =          215.9533046
lambda =     1.9332; f =          215.9528457
lambda =     3.7372; f =          215.9522731
Norm of dx  0.0026658
----
Improvement on iteration 154 =        0.001646019
-----------------
f at the beginning of new iteration,       215.9522731048
Predicted improvement:        0.001464628
lambda =          1; f =          215.9496570
lambda =     1.9332; f =          215.9477818
lambda =     3.7372; f =          215.9457198
Norm of dx  0.0074451
----
Improvement on iteration 155 =        0.006553278
-----------------
f at the beginning of new iteration,       215.9457198269
Predicted improvement:        0.002889392
lambda =          1; f =          215.9415188
lambda =     1.9332; f =          215.9404469
Norm of dx   0.011244
----
Improvement on iteration 156 =        0.005272909
-----------------
f at the beginning of new iteration,       215.9404469176
Predicted improvement:        0.000308331
lambda =          1; f =          215.9400588
Norm of dx   0.005435
----
Improvement on iteration 157 =        0.000388115
-----------------
f at the beginning of new iteration,       215.9400588028
Predicted improvement:        0.000116963
lambda =          1; f =          215.9398550
lambda =     1.9332; f =          215.9397224
lambda =     3.7372; f =          215.9396232
Norm of dx  0.0018127
----
Improvement on iteration 158 =        0.000435609
-----------------
f at the beginning of new iteration,       215.9396231938
Predicted improvement:        0.000309033
lambda =          1; f =          215.9390096
lambda =     1.9332; f =          215.9384474
lambda =     3.7372; f =          215.9373889
lambda =     7.2247; f =          215.9354484
lambda =     13.967; f =          215.9320901
lambda =         27; f =          215.9270528
lambda =     52.196; f =          215.9226588
Norm of dx  0.0016839
----
Improvement on iteration 159 =        0.016964421
-----------------
f at the beginning of new iteration,       215.9226587729
Predicted improvement:        0.007352314
lambda =          1; f =          215.9123474
lambda =     1.9332; f =          215.9108745
Norm of dx   0.029515
----
Improvement on iteration 160 =        0.011784295
-----------------
f at the beginning of new iteration,       215.9108744782
Predicted improvement:        0.001302313
lambda =          1; f =          215.9093543
Norm of dx   0.014537
----
Improvement on iteration 161 =        0.001520161
-----------------
f at the beginning of new iteration,       215.9093543175
Predicted improvement:        0.000233919
lambda =          1; f =          215.9089702
lambda =     1.9332; f =          215.9087514
Norm of dx  0.0026975
----
Improvement on iteration 162 =        0.000602927
-----------------
f at the beginning of new iteration,       215.9087513905
Predicted improvement:        0.000551752
lambda =          1; f =          215.9077493
lambda =     1.9332; f =          215.9069883
lambda =     3.7372; f =          215.9059933
Norm of dx  0.0025562
----
Improvement on iteration 163 =        0.002758106
-----------------
f at the beginning of new iteration,       215.9059932842
Predicted improvement:        0.002900691
lambda =          1; f =          215.9006603
lambda =     1.9332; f =          215.8965117
lambda =     3.7372; f =          215.8907610
lambda =     7.2247; f =          215.8881436
Norm of dx   0.013319
----
Improvement on iteration 164 =        0.017849657
-----------------
f at the beginning of new iteration,       215.8881436269
Predicted improvement:        0.012803621
lambda =          1; f =          215.8652575
lambda =     1.9332; f =          215.8488380
lambda =     3.7372; f =          215.8305491
Norm of dx   0.046081
----
Improvement on iteration 165 =        0.057594502
-----------------
f at the beginning of new iteration,       215.8305491252
Predicted improvement:        0.008998155
lambda =          1; f =          215.8203981
Norm of dx    0.11115
----
Improvement on iteration 166 =        0.010151007
-----------------
f at the beginning of new iteration,       215.8203981186
Predicted improvement:        0.000305419
lambda =          1; f =          215.8200578
Norm of dx   0.017342
----
Improvement on iteration 167 =        0.000340338
-----------------
f at the beginning of new iteration,       215.8200577810
Predicted improvement:        0.000044912
lambda =          1; f =          215.8199775
lambda =     1.9332; f =          215.8199172
lambda =     3.7372; f =          215.8198409
Norm of dx  0.0028596
----
Improvement on iteration 168 =        0.000216897
-----------------
f at the beginning of new iteration,       215.8198408839
Predicted improvement:        0.000237300
lambda =          1; f =          215.8194107
lambda =     1.9332; f =          215.8190869
lambda =     3.7372; f =          215.8186736
Norm of dx  0.0056004
----
Improvement on iteration 169 =        0.001167237
-----------------
f at the beginning of new iteration,       215.8186736464
Predicted improvement:        0.000891608
lambda =          1; f =          215.8172805
lambda =     1.9332; f =          215.8166741
Norm of dx  0.0034292
----
Improvement on iteration 170 =        0.001999508
-----------------
f at the beginning of new iteration,       215.8166741384
Predicted improvement:        0.000370695
lambda =          1; f =          215.8162171
Norm of dx   0.013727
----
Improvement on iteration 171 =        0.000457081
-----------------
f at the beginning of new iteration,       215.8162170573
Predicted improvement:        0.000034572
lambda =          1; f =          215.8161758
Norm of dx  0.0050277
----
Improvement on iteration 172 =        0.000041297
-----------------
f at the beginning of new iteration,       215.8161757603
Predicted improvement:        0.000006801
lambda =          1; f =          215.8161625
lambda =     1.9332; f =          215.8161520
lambda =     3.7372; f =          215.8161366
lambda =     7.2247; f =          215.8161255
Norm of dx 0.00082022
----
Improvement on iteration 173 =        0.000050301
-----------------
f at the beginning of new iteration,       215.8161254596
Predicted improvement:        0.000038715
lambda =          1; f =          215.8160493
lambda =     1.9332; f =          215.8159806
lambda =     3.7372; f =          215.8158541
lambda =     7.2247; f =          215.8156333
lambda =     13.967; f =          215.8152953
lambda =         27; f =          215.8149766
Norm of dx  0.0007853
----
Improvement on iteration 174 =        0.001148820
-----------------
f at the beginning of new iteration,       215.8149766393
Predicted improvement:        0.000371448
lambda =          1; f =          215.8144904
Norm of dx  0.0053365
----
Improvement on iteration 175 =        0.000486213
-----------------
f at the beginning of new iteration,       215.8144904259
Predicted improvement:        0.000060267
lambda =          1; f =          215.8144190
Norm of dx  0.0043581
----
Improvement on iteration 176 =        0.000071445
-----------------
f at the beginning of new iteration,       215.8144189810
Predicted improvement:        0.000010154
lambda =          1; f =          215.8144004
lambda =     1.9332; f =          215.8143860
lambda =     3.7372; f =          215.8143658
lambda =     7.2247; f =          215.8143559
Norm of dx 0.00064927
----
Improvement on iteration 177 =        0.000063098
-----------------
f at the beginning of new iteration,       215.8143558831
Predicted improvement:        0.000055367
lambda =          1; f =          215.8142469
lambda =     1.9332; f =          215.8141478
lambda =     3.7372; f =          215.8139635
lambda =     7.2247; f =          215.8136345
lambda =     13.967; f =          215.8131013
lambda =         27; f =          215.8124588
Norm of dx 0.00072743
----
Improvement on iteration 178 =        0.001897099
-----------------
f at the beginning of new iteration,       215.8124587846
Predicted improvement:        0.002135569
lambda =          1; f =          215.8083834
lambda =     1.9332; f =          215.8049161
lambda =     3.7372; f =          215.7991355
lambda =     7.2247; f =          215.7914259
Norm of dx   0.024753
----
Improvement on iteration 179 =        0.021032903
-----------------
f at the beginning of new iteration,       215.7914258816
Correct for low angle: 0.00324556
Predicted improvement:        0.038104489
lambda =          1; f =          215.8080535
lambda =    0.33333; f =          215.7769960
Norm of dx    0.30336
----
Improvement on iteration 180 =        0.014429914
-----------------
f at the beginning of new iteration,       215.7769959676
Correct for low angle: 0.00219333
Predicted improvement:        0.086042990
lambda =          1; f =          216.2517297
lambda =    0.33333; f =          215.7867237
lambda =    0.11111; f =          215.7651974
Norm of dx    0.44128
----
Improvement on iteration 181 =        0.011798605
-----------------
f at the beginning of new iteration,       215.7651973628
Predicted improvement:        0.047746145
lambda =          1; f =          215.6824155
lambda =     1.9332; f =          215.6303626
lambda =     3.7372; f =          215.6145805
Norm of dx    0.55338
----
Improvement on iteration 182 =        0.150616846
-----------------
f at the beginning of new iteration,       215.6145805169
Correct for low angle: 0.00432657
Predicted improvement:        0.057917187
lambda =          1; f =          215.5618152
Norm of dx    0.25172
----
Improvement on iteration 183 =        0.052765326
-----------------
f at the beginning of new iteration,       215.5618151913
Correct for low angle: 0.00365526
Predicted improvement:        0.020868017
lambda =          1; f =          215.5527700
lambda =    0.33333; f =          215.5515041
lambda =    0.64439; f =          215.5484213
Norm of dx    0.10712
----
Improvement on iteration 184 =        0.013393920
-----------------
f at the beginning of new iteration,       215.5484212712
Correct for low angle: 0.00153836
Predicted improvement:        0.008507724
lambda =          1; f =          215.5908248
lambda =    0.33333; f =          215.5495512
lambda =    0.11111; f =          215.5472861
Norm of dx    0.11288
----
Improvement on iteration 185 =        0.001135140
-----------------
f at the beginning of new iteration,       215.5472861315
Predicted improvement:        0.001835983
lambda =          1; f =          215.5453096
Norm of dx     0.1162
----
Improvement on iteration 186 =        0.001976495
-----------------
f at the beginning of new iteration,       215.5453096368
Predicted improvement:        0.000138395
lambda =          1; f =          215.5451783
Norm of dx  0.0089273
----
Improvement on iteration 187 =        0.000131316
-----------------
f at the beginning of new iteration,       215.5451783205
Predicted improvement:        0.000011033
lambda =          1; f =          215.5451670
Norm of dx  0.0042059
----
Improvement on iteration 188 =        0.000011331
-----------------
f at the beginning of new iteration,       215.5451669898
Predicted improvement:        0.000000216
lambda =          1; f =          215.5451670
lambda =    0.33333; f =          215.5451670
lambda =    0.11111; f =          215.5451670
Norm of dx 0.00045304
----
Improvement on iteration 189 =        0.000000033
improvement < crit termination

Final value of minus the log posterior (or likelihood):215.545167 

MODE CHECK

Fval obtained by the minimization routine (minus the posterior/likelihood)): 215.545167

RESULTS FROM POSTERIOR ESTIMATION
parameters
         prior mean     mode    s.d. prior pstdev

psi1         1.500   1.3719  0.1273 norm  0.2500 
rho_r        0.750   0.8088  0.0224 beta  0.1000 
psi2         0.120  -0.0124  0.0052 norm  0.0500 
psi3         0.120   0.2723  0.0321 norm  0.0500 
zeta_p       0.500   0.6144  0.0798 beta  0.1000 
zeta_w       0.500   0.7418  0.0668 beta  0.1000 
iota_w       0.500   0.4518  0.1314 beta  0.1500 
iota_p       0.500   0.1495  0.0685 beta  0.1500 
zeta_spb     0.050   0.0496  0.0042 beta  0.0050 
sprd_aux     2.000   1.9072  0.0897 gamm  0.1000 
alp          0.300   0.1733  0.0232 norm  0.0500 
Bigphi       1.250   1.5243  0.0918 norm  0.1200 
h            0.700   0.6112  0.0553 beta  0.1000 
nu_l         2.000   2.9955  0.5664 norm  0.7500 
rstar_aux    0.250   0.1635  0.0615 gamm  0.1000 
pistar_aux   0.750   0.3446  0.1824 gamm  0.4000 
zstar_aux    0.400   0.6447  0.0686 norm  0.1000 
s2           4.000   4.6453  1.0005 norm  1.5000 
sigmac       1.500   0.6086  0.0764 norm  0.3700 
ppsi         0.500   0.7947  0.0865 beta  0.1500 
Lmean      -45.000 -47.6975  3.0373 norm  5.0000 
rho_z        0.500   0.9715  0.0185 beta  0.2000 
rho_b        0.500   0.9417  0.0097 beta  0.2000 
rho_g        0.500   0.9791  0.0148 beta  0.2000 
rho_mu       0.500   0.7293  0.0572 beta  0.2000 
rho_rm       0.500   0.2944  0.0518 beta  0.2000 
rho_laf      0.500   0.9882  0.0078 beta  0.2000 
rho_law      0.500   0.8820  0.0705 beta  0.2000 
eta_laf      0.500   0.6801  0.1444 beta  0.2000 
eta_law      0.500   0.6918  0.1326 beta  0.2000 
eta_gz       0.500   0.3556  0.2302 beta  0.2000 
rho_sigw     0.750   0.9933  0.0080 beta  0.1500 

standard deviation of shocks
         prior mean     mode    s.d. prior pstdev

z_sh         0.100   0.3253  0.0252 invg  2.0000 
g_sh         0.100   2.1183  0.1529 invg  2.0000 
b_sh         0.100   0.0240  0.0033 invg  2.0000 
mu_sh        0.100   0.3646  0.0417 invg  2.0000 
laf_sh       0.100   0.1351  0.0169 invg  2.0000 
law_sh       0.100   0.3042  0.0401 invg  2.0000 
sigw_sh      0.050   0.0496  0.0043 invg  4.0000 
rm_sh        0.100   0.1322  0.0123 invg  2.0000 


Log data density [Laplace approximation] is -311.838950.

Estimation::mcmc: One Chain mode.
Estimation::mcmc: Initialization at the posterior mode.

Estimation::mcmc: Write details about the MCMC... Ok!
Estimation::mcmc: Details about the MCMC are available in DNGS15/metropolis\DNGS15_mh_history_0.mat


Estimation::mcmc: Number of mh files: 4 per block.
Estimation::mcmc: Total number of generated files: 4.
Estimation::mcmc: Total number of iterations: 1000000.
Estimation::mcmc: Current acceptance ratio per chain: 
                                                       Chain  1: 24.097%
Estimation::mcmc: Total number of MH draws per chain: 1000000.
Estimation::mcmc: Total number of generated MH files: 4.
Estimation::mcmc: I'll use mh-files 2 to 4.
Estimation::mcmc: In MH-file number 2 I'll start at line 2381.
Estimation::mcmc: Finally I keep 700000 draws per chain.



MCMC Inefficiency factors per block
Parameter        Block 1
SE_z_sh          216.982
SE_g_sh          191.921
SE_b_sh          333.693
SE_mu_sh         233.083
SE_laf_sh        282.920
SE_law_sh        289.479
SE_sigw_sh       219.027
SE_rm_sh         221.572
psi1             340.541
rho_r            254.559
psi2             410.366
psi3             258.562
zeta_p           234.983
zeta_w           516.284
iota_w           209.731
iota_p           244.167
zeta_spb         229.395
sprd_aux         190.366
alp              260.008
Bigphi           259.590
h                291.576
nu_l             192.458
rstar_aux        207.978
pistar_aux       244.015
zstar_aux        318.809
s2               193.535
sigmac           285.333
ppsi             358.951
Lmean            260.609
rho_z            527.754
rho_b            413.241
rho_g            204.466
rho_mu           198.507
rho_rm           231.971
rho_laf          251.208
rho_law          397.540
eta_laf          320.766
eta_law          368.782
eta_gz           131.502
rho_sigw         691.025


Geweke (1992) Convergence Tests, based on means of draws 300000 to 440000 vs 650000 to 1000000.
p-values are for Chi2-test for equality of means.
Parameter          Post. Mean        Post. Std   p-val No Taper   p-val 4% Taper   p-val 8% Taper  p-val 15% Taper
SE_z_sh                 0.339            0.027            0.665            0.981            0.981            0.977
SE_g_sh                 2.151            0.161            0.000            0.185            0.170            0.105
SE_b_sh                 0.027            0.004            0.000            0.904            0.918            0.928
SE_mu_sh                0.382            0.044            0.000            0.045            0.082            0.121
SE_laf_sh               0.137            0.020            0.000            0.803            0.814            0.831
SE_law_sh               0.316            0.044            0.001            0.883            0.891            0.899
SE_sigw_sh              0.051            0.005            0.000            0.197            0.196            0.184
SE_rm_sh                0.135            0.013            0.000            0.174            0.224            0.239
psi1                    1.453            0.139            0.000            0.467            0.485            0.527
rho_r                   0.806            0.024            0.000            0.431            0.489            0.552
psi2                   -0.011            0.007            0.000            0.416            0.430            0.458
psi3                    0.256            0.032            0.000            0.271            0.349            0.402
zeta_p                  0.599            0.073            0.458            0.964            0.966            0.968
zeta_w                  0.670            0.090            0.000            0.701            0.742            0.769
iota_w                  0.504            0.128            0.000            0.562            0.563            0.525
iota_p                  0.178            0.076            0.000            0.299            0.326            0.332
zeta_spb                0.051            0.004            0.000            0.112            0.135            0.103
sprd_aux                1.878            0.087            0.000            0.425            0.474            0.514
alp                     0.158            0.024            0.012            0.924            0.928            0.930
Bigphi                  1.474            0.095            0.000            0.281            0.314            0.355
h                       0.589            0.056            0.000            0.365            0.413            0.476
nu_l                    2.993            0.546            0.000            0.753            0.742            0.745
rstar_aux               0.180            0.062            0.000            0.373            0.353            0.314
pistar_aux              0.431            0.162            0.000            0.516            0.519            0.512
zstar_aux               0.699            0.053            0.000            0.526            0.537            0.544
s2                      4.685            0.944            0.000            0.669            0.699            0.728
sigmac                  0.605            0.078            0.000            0.277            0.206            0.176
ppsi                    0.682            0.100            0.000            0.830            0.851            0.864
Lmean                 -46.951            2.823            0.000            0.145            0.128            0.116
rho_z                   0.943            0.032            0.000            0.792            0.806            0.806
rho_b                   0.951            0.013            0.000            0.285            0.347            0.399
rho_g                   0.974            0.014            0.000            0.194            0.174            0.123
rho_mu                  0.727            0.054            0.000            0.160            0.161            0.161
rho_rm                  0.305            0.055            0.000            0.029            0.033            0.014
rho_laf                 0.985            0.008            0.000            0.027            0.032            0.026
rho_law                 0.901            0.061            0.000            0.827            0.849            0.866
eta_laf                 0.580            0.154            0.000            0.809            0.803            0.797
eta_law                 0.610            0.139            0.000            0.511            0.539            0.498
eta_gz                  0.418            0.188            0.000            0.441            0.432            0.442
rho_sigw                0.970            0.036            0.000            0.033            0.063            0.080


Estimation::marginal density: I'm computing the posterior mean and covariance...  Done!
Estimation::marginal density: I'm computing the posterior log marginal density (modified harmonic mean)... Done!


ESTIMATION RESULTS

Log data density is -310.053595.

parameters
             prior mean   post. mean        90% HPD interval    prior       pstdev

psi1              1.500       1.4512      1.2253      1.6760   norm        0.2500
rho_r             0.750       0.8061      0.7661      0.8441   beta        0.1000
psi2              0.120      -0.0109     -0.0229     -0.0000   norm        0.0500
psi3              0.120       0.2567      0.2033      0.3069   norm        0.0500
zeta_p            0.500       0.6009      0.4848      0.7197   beta        0.1000
zeta_w            0.500       0.6688      0.5213      0.8135   beta        0.1000
iota_w            0.500       0.5039      0.2976      0.7162   beta        0.1500
iota_p            0.500       0.1770      0.0593      0.2907   beta        0.1500
zeta_spb          0.050       0.0506      0.0436      0.0575   beta        0.0050
sprd_aux          2.000       1.8775      1.7314      2.0182   gamm        0.1000
alp               0.300       0.1578      0.1180      0.1963   norm        0.0500
Bigphi            1.250       1.4729      1.3202      1.6319   norm        0.1200
h                 0.700       0.5897      0.4989      0.6808   beta        0.1000
nu_l              2.000       2.9961      2.1017      3.8961   norm        0.7500
rstar_aux         0.250       0.1802      0.0791      0.2782   gamm        0.1000
pistar_aux        0.750       0.4317      0.1651      0.6887   gamm        0.4000
zstar_aux         0.400       0.6996      0.6147      0.7771   norm        0.1000
s2                4.000       4.6950      3.1940      6.2565   norm        1.5000
sigmac            1.500       0.6046      0.4765      0.7261   norm        0.3700
ppsi              0.500       0.6800      0.5169      0.8463   beta        0.1500
Lmean           -45.000     -46.9923    -51.5396    -42.2495   norm        5.0000
rho_z             0.500       0.9423      0.8928      0.9902   beta        0.2000
rho_b             0.500       0.9505      0.9292      0.9723   beta        0.2000
rho_g             0.500       0.9737      0.9539      0.9962   beta        0.2000
rho_mu            0.500       0.7272      0.6410      0.8153   beta        0.2000
rho_rm            0.500       0.3051      0.2151      0.3960   beta        0.2000
rho_laf           0.500       0.9854      0.9739      0.9977   beta        0.2000
rho_law           0.500       0.9013      0.8112      0.9811   beta        0.2000
eta_laf           0.500       0.5844      0.3492      0.8347   beta        0.2000
eta_law           0.500       0.6095      0.3936      0.8296   beta        0.2000
eta_gz            0.500       0.4183      0.1087      0.7204   beta        0.2000
rho_sigw          0.750       0.9697      0.9275      0.9996   beta        0.1500

standard deviation of shocks
             prior mean   post. mean        90% HPD interval    prior       pstdev

z_sh              0.100       0.3393      0.2945      0.3827   invg        2.0000
g_sh              0.100       2.1501      1.8913      2.4087   invg        2.0000
b_sh              0.100       0.0270      0.0202      0.0336   invg        2.0000
mu_sh             0.100       0.3816      0.3101      0.4503   invg        2.0000
laf_sh            0.100       0.1370      0.1040      0.1673   invg        2.0000
law_sh            0.100       0.3162      0.2441      0.3870   invg        2.0000
sigw_sh           0.050       0.0512      0.0435      0.0584   invg        4.0000
rm_sh             0.100       0.1351      0.1134      0.1559   invg        2.0000
Estimation::mcmc: Posterior (dsge) IRFs...
Estimation::mcmc: Posterior IRFs, done!
Estimation::mcmc: Smoothed variables
Estimation::mcmc: Smoothed variables, done!
Estimation::mcmc: Smoothed shocks
Estimation::mcmc: Smoothed shocks, done!
Estimation::mcmc: Trend_coefficients
Estimation::mcmc: Trend_coefficients, done!
Estimation::mcmc: Smoothed constant
Estimation::mcmc: Smoothed constant, done!
Estimation::mcmc: Smoothed trend
Estimation::mcmc: Smoothed trend, done!
Estimation::mcmc: Updated Variables
Estimation::mcmc: Updated Variables, done!
Estimation::mcmc: Forecasted variables (mean)
Estimation::mcmc: Forecasted variables (mean), done!
Estimation::mcmc: Forecasted variables (point)
Estimation::mcmc: Forecasted variables (point), done!
Total computing time : 9h33m39s
Note: warning(s) encountered in MATLAB/Octave code
