Starting preprocessing of the model file ...
Found 50 equation(s).
Evaluating expressions...done
Computing static model derivatives (order 1).
Computing dynamic model derivatives (order 1).
Processing outputs ...
done
Preprocessing completed.
[Warning: Some of the parameters have no value (RHO_AM) when using steady. If these parameters are not initialized in a
steadystate file or a steady_state_model-block, Dynare may not be able to solve the model...] 

STEADY-STATE RESULTS:

a_c          		 0
a_h          		 0
a_j          		 0
a_k          		 0
a_s          		 0
a_t          		 0
a_z          		 0
b            		 0.531941
c            		 0.407149
c1           		 -1.2293
rc_obs       		 0.00468077
pi_dm_obs    		 0
rri_obs      		 0.00149615
rbi_obs      		 0.00743077
hwc_pd_obs   		 0
hwr_pd_obs   		 0
hp_r_obs     		 0.00318462
i_nom_obs    		 0
c_winf_obs   		 0
h_winf_obs   		 0
dp           		 0
h            		 2.66069
h1           		 0.824475
I            		 -1.65853
kc           		 3.09164
kh           		 -0.800203
lm           		 -2.55742
nc           		 -0.269438
nc1          		 -0.0723113
nh           		 -1.75529
nh1          		 -1.34491
q            		 -0.125672
r            		 0.00752827
rkc          		 -3.34299
rkh          		 -3.2819
uc           		 -0.407149
uc1          		 1.2293
wc           		 0.39831
wc1          		 -1.14454
wh           		 -0.616975
wh1          		 -2.37308
X            		 0.139762
xwc          		 0.139762
xwc1         		 0.139762
xwh          		 0.139762
xwh1         		 0.139762
Y            		 0.930807
gdpl_rgd_obs 		 0
zkc          		 0
zkh          		 0
[Warning: Some of the parameters have no value (RHO_AM) when using initial_estimation_checks. If these parameters are not
initialized in a steadystate file or a steady_state_model-block, Dynare may not be able to solve the model...] 
Initial value of the log posterior (or likelihood): 2139.378

==========================================================
   Change in the posterior covariance matrix = 6.1671.
   Change in the posterior mean = 1.0661.
   Mode improvement = 570.5111
   New value of jscale = 0.0054337
==========================================================

==========================================================
   Change in the posterior covariance matrix = 1.972.
   Change in the posterior mean = 2.4984.
   Mode improvement = 66.5664
   New value of jscale = 0.28435
==========================================================

==========================================================
   Change in the posterior covariance matrix = 2.5312.
   Change in the posterior mean = 3.362.
   Mode improvement = 11.9573
   New value of jscale = 0.27928
==========================================================

Optimal value of the scale parameter = 0.27928


Final value of minus the log posterior (or likelihood):-2788.412767 

RESULTS FROM POSTERIOR ESTIMATION
parameters
         prior mean     mode    s.d. prior pstdev

ALPHA        0.650   0.7791  0.0338 beta 0.0500 
EC           0.500   0.1562  0.0361 beta 0.0750 
EC1          0.500   0.4886  0.0822 beta 0.0750 
ETA          0.500   0.4983  0.0831 gamm 0.1000 
ETA1         0.500   0.4783  0.1186 gamm 0.1000 
FIKC        10.000  19.5120  1.7044 gamm 2.5000 
FIKH        10.000   9.3552  1.9429 gamm 2.5000 
LAGP         0.500   0.8704  0.0737 beta 0.2000 
LAGWC        0.500   0.5023  0.1065 beta 0.2000 
LAGWH        0.500   0.0764  0.0695 beta 0.2000 
NU          -1.000  -0.7923  0.0745 norm 0.1000 
NU1         -1.000  -0.9703  0.0875 norm 0.1000 
RHO_AC       0.800   0.8767  0.0263 beta 0.1000 
RHO_AH       0.800   0.9972  0.0025 beta 0.0900 
RHO_AJ       0.800   0.9443  0.0105 beta 0.1000 
RHO_AK       0.800   0.9918  0.0062 beta 0.1000 
RHO_AT       0.800   0.9578  0.0164 beta 0.1000 
RHO_AZ       0.800   0.9572  0.0202 beta 0.1000 
TAYLOR_P     1.500   1.6396  0.0833 norm 0.1000 
TAYLOR_R     0.750   0.8274  0.0164 beta 0.1000 
TAYLOR_Y     0.000   0.0883  0.0531 norm 0.1000 
TETA         0.667   0.8191  0.0192 beta 0.0500 
TETAWC       0.667   0.7804  0.0226 beta 0.0500 
TETAWH       0.667   0.9656  0.0067 beta 0.0500 
TREND_AC     0.005   0.0012  0.0002 norm 0.0100 
TREND_AH     0.005   0.0019  0.0013 norm 0.0100 
TREND_AK     0.005   0.0065  0.0005 norm 0.0100 
ZETAKC       0.500   0.9602  0.0310 beta 0.2000 

standard deviation of shocks
         prior mean     mode    s.d. prior pstdev

eps_c        0.001   0.0085  0.0007 invg 0.0100 
eps_e        0.001   0.0012  0.0001 invg 0.0100 
eps_h        0.001   0.0201  0.0015 invg 0.0100 
eps_j        0.001   0.0778  0.0104 invg 0.0100 
eps_k        0.001   0.0156  0.0015 invg 0.0100 
eps_p        0.001   0.0051  0.0005 invg 0.0100 
eps_s        0.100   0.0155  0.0019 invg 1.0000 
eps_t        0.001   0.0602  0.0110 invg 0.0100 
eps_z        0.001   0.0172  0.0027 invg 0.0100 

standard deviation of measurement errors
         prior mean     mode    s.d. prior pstdev

hwr_pd_obs   0.001   0.2126  0.0106 invg 0.0100 
h_winf_obs   0.001   0.0044  0.0004 invg 0.0100 


Log data density [Laplace approximation] is 2639.978173.

mh_jscale has been set equal to 0.33601

Estimation::mcmc: One Chain mode.
Estimation::mcmc: Initialization at the posterior mode.

Estimation::mcmc: Write details about the MCMC... Ok!
Estimation::mcmc: Details about the MCMC are available in IN10/metropolis\IN10_mh_history_0.mat


Estimation::mcmc: Number of mh files: 4 per block.
Estimation::mcmc: Total number of generated files: 4.
Estimation::mcmc: Total number of iterations: 1000000.
Estimation::mcmc: Current acceptance ratio per chain: 
                                                       Chain  1: 23.1233%
Estimation::mcmc: Total number of MH draws per chain: 1000000.
Estimation::mcmc: Total number of generated MH files: 4.
Estimation::mcmc: I'll use mh-files 1 to 4.
Estimation::mcmc: In MH-file number 1 I'll start at line 300001.
Estimation::mcmc: Finally I keep 700000 draws per chain.



MCMC Inefficiency factors per block
Parameter                Block 1
SE_eps_c                 269.131
SE_eps_e                 196.785
SE_eps_h                 199.902
SE_eps_j                 652.528
SE_eps_k                 260.101
SE_eps_p                 265.958
SE_eps_s                 213.345
SE_eps_t                 527.138
SE_eps_z                 533.708
SE_EOBS_hwr_pd_obs       514.802
SE_EOBS_h_winf_obs       221.780
ALPHA                    383.562
EC                       254.378
EC1                      322.061
ETA                      362.963
ETA1                     315.384
FIKC                     458.546
FIKH                     415.444
LAGP                     303.088
LAGWC                    366.066
LAGWH                    357.323
NU                       732.011
NU1                      523.637
RHO_AC                   253.892
RHO_AH                   302.200
RHO_AJ                   642.249
RHO_AK                   198.153
RHO_AT                   546.039
RHO_AZ                   356.337
TAYLOR_P                 252.760
TAYLOR_R                 355.568
TAYLOR_Y                 328.901
TETA                     317.253
TETAWC                   641.157
TETAWH                   742.172
TREND_AC                 194.529
TREND_AH                 422.142
TREND_AK                 183.211
ZETAKC                   226.497


Geweke (1992) Convergence Tests, based on means of draws 300000 to 440000 vs 650000 to 1000000.
p-values are for Chi2-test for equality of means.
Parameter                  Post. Mean        Post. Std   p-val No Taper   p-val 4% Taper   p-val 8% Taper  p-val 15% Taper
SE_eps_c                        0.009            0.001            0.000            0.000            0.000            0.000
SE_eps_e                        0.001            0.000            0.000            0.029            0.032            0.042
SE_eps_h                        0.020            0.002            0.000            0.000            0.000            0.000
SE_eps_j                        0.077            0.025            0.000            0.000            0.000            0.000
SE_eps_k                        0.016            0.002            0.000            0.494            0.556            0.603
SE_eps_p                        0.005            0.001            0.000            0.064            0.088            0.094
SE_eps_s                        0.016            0.002            0.000            0.021            0.018            0.019
SE_eps_t                        0.064            0.013            0.000            0.000            0.000            0.004
SE_eps_z                        0.020            0.006            0.000            0.596            0.638            0.667
SE_EOBS_hwr_pd_obs              0.213            0.017            0.000            0.001            0.004            0.011
SE_EOBS_h_winf_obs              0.005            0.000            0.000            0.002            0.009            0.016
ALPHA                           0.767            0.040            0.000            0.012            0.028            0.044
EC                              0.170            0.033            0.000            0.452            0.529            0.593
EC1                             0.487            0.075            0.000            0.801            0.831            0.854
ETA                             0.503            0.101            0.000            0.002            0.007            0.015
ETA1                            0.494            0.097            0.000            0.649            0.673            0.698
FIKC                           19.426            2.253            0.000            0.098            0.172            0.242
FIKH                            9.981            2.546            0.000            0.380            0.357            0.327
LAGP                            0.834            0.087            0.000            0.076            0.098            0.098
LAGWC                           0.537            0.145            0.000            0.000            0.000            0.001
LAGWH                           0.130            0.076            0.000            0.000            0.000            0.000
NU                             -0.569            0.366            0.000            0.000            0.000            0.000
NU1                            -0.998            0.118            0.000            0.000            0.000            0.000
RHO_AC                          0.871            0.029            0.000            0.614            0.604            0.590
RHO_AH                          0.995            0.003            0.000            0.475            0.537            0.585
RHO_AJ                          0.949            0.023            0.000            0.000            0.000            0.000
RHO_AK                          0.989            0.006            0.000            0.631            0.648            0.650
RHO_AT                          0.954            0.022            0.000            0.000            0.002            0.012
RHO_AZ                          0.953            0.022            0.000            0.266            0.301            0.365
TAYLOR_P                        1.663            0.079            0.000            0.000            0.000            0.000
TAYLOR_R                        0.825            0.021            0.000            0.000            0.002            0.005
TAYLOR_Y                        0.099            0.053            0.000            0.000            0.003            0.012
TETA                            0.819            0.022            0.000            0.023            0.033            0.033
TETAWC                          0.771            0.050            0.000            0.000            0.000            0.000
TETAWH                          0.928            0.058            0.000            0.000            0.000            0.000
TREND_AC                        0.001            0.000            0.000            0.675            0.693            0.681
TREND_AH                        0.001            0.002            0.000            0.000            0.000            0.000
TREND_AK                        0.006            0.000            0.000            0.209            0.187            0.110
ZETAKC                          0.944            0.033            0.000            0.822            0.811            0.796


Estimation::marginal density: I'm computing the posterior mean and covariance...  Done!
Estimation::marginal density: I'm computing the posterior log marginal density (modified harmonic mean)... Done!


ESTIMATION RESULTS

Log data density is 2650.424239.

parameters
             prior mean   post. mean        90% HPD interval    prior       pstdev

ALPHA             0.650       0.7675      0.7045      0.8343    beta       0.0500
EC                0.500       0.1683      0.1146      0.2219    beta       0.0750
EC1               0.500       0.4896      0.3677      0.6125    beta       0.0750
ETA               0.500       0.4967      0.3376      0.6544    gamm       0.1000
ETA1              0.500       0.4965      0.3353      0.6534    gamm       0.1000
FIKC             10.000      19.5504     15.8252     23.2085    gamm       2.5000
FIKH             10.000      10.0017      5.7830     13.9075    gamm       2.5000
LAGP              0.500       0.8328      0.7018      0.9716    beta       0.2000
LAGWC             0.500       0.5395      0.2894      0.7770    beta       0.2000
LAGWH             0.500       0.1378      0.0180      0.2560    beta       0.2000
NU               -1.000      -0.4719     -0.9097      0.0426    norm       0.1000
NU1              -1.000      -1.0139     -1.2162     -0.8161    norm       0.1000
RHO_AC            0.800       0.8710      0.8247      0.9190    beta       0.1000
RHO_AH            0.800       0.9955      0.9916      0.9992    beta       0.0900
RHO_AJ            0.800       0.9533      0.9189      0.9937    beta       0.1000
RHO_AK            0.800       0.9891      0.9808      0.9979    beta       0.1000
RHO_AT            0.800       0.9579      0.9260      0.9900    beta       0.1000
RHO_AZ            0.800       0.9532      0.9226      0.9842    beta       0.1000
TAYLOR_P          1.500       1.6648      1.5351      1.7969    norm       0.1000
TAYLOR_R          0.750       0.8235      0.7890      0.8593    beta       0.1000
TAYLOR_Y          0.000       0.0945      0.0051      0.1692    norm       0.1000
TETA              0.667       0.8192      0.7832      0.8553    beta       0.0500
TETAWC            0.667       0.7608      0.6809      0.8431    beta       0.0500
TETAWH            0.667       0.9128      0.8241      0.9748    beta       0.0500
TREND_AC          0.005       0.0013      0.0009      0.0017    norm       0.0100
TREND_AH          0.005       0.0008     -0.0021      0.0035    norm       0.0100
TREND_AK          0.005       0.0063      0.0056      0.0071    norm       0.0100
ZETAKC            0.500       0.9441      0.8973      0.9929    beta       0.2000

standard deviation of shocks
             prior mean   post. mean        90% HPD interval    prior       pstdev

eps_c             0.001       0.0089      0.0076      0.0103    invg       0.0100
eps_e             0.001       0.0013      0.0011      0.0015    invg       0.0100
eps_h             0.001       0.0202      0.0177      0.0227    invg       0.0100
eps_j             0.001       0.0734      0.0319      0.1111    invg       0.0100
eps_k             0.001       0.0158      0.0131      0.0186    invg       0.0100
eps_p             0.001       0.0051      0.0042      0.0060    invg       0.0100
eps_s             0.100       0.0162      0.0131      0.0192    invg       1.0000
eps_t             0.001       0.0613      0.0428      0.0802    invg       0.0100
eps_z             0.001       0.0194      0.0115      0.0274    invg       0.0100

standard deviation of measurement errors
             prior mean   post. mean        90% HPD interval    prior       pstdev

hwr_pd_obs        0.001       0.2124      0.1846      0.2396    invg       0.0100
h_winf_obs        0.001       0.0045      0.0038      0.0052    invg       0.0100
Estimation::mcmc: Smoothed variables
Estimation::mcmc: Smoothed variables, done!
Estimation::mcmc: Smoothed shocks
Estimation::mcmc: Smoothed shocks, done!
Estimation::mcmc: Trend_coefficients
Estimation::mcmc: Trend_coefficients, done!
Estimation::mcmc: Smoothed constant
Estimation::mcmc: Smoothed constant, done!
Estimation::mcmc: Smoothed trend
Estimation::mcmc: Smoothed trend, done!
Estimation::mcmc: Updated Variables
Estimation::mcmc: Updated Variables, done!
Estimation::mcmc: Smoothed measurement errors
Estimation::mcmc: Smoothed measurement errors, done!
Estimation::mcmc: Forecasted variables (mean)
Estimation::mcmc: Forecasted variables (mean), done!
Estimation::mcmc: Forecasted variables (point)
Estimation::mcmc: Forecasted variables (point), done!
Estimation::mcmc: Forecasted variables (point) with ME
Estimation::mcmc: Forecasted variables (point) with ME, done!
Total computing time : 4h31m40s
Note: warning(s) encountered in MATLAB/Octave code
