Starting Dynare (version 4.5.7).
Starting preprocessing of the model file ...
WARNING: in the 'steady_state_model' block, variable 'y' is not assigned a value
WARNING: in the 'steady_state_model' block, variable 'c' is not assigned a value
WARNING: in the 'steady_state_model' block, variable 'inve' is not assigned a value
WARNING: in the 'steady_state_model' block, variable 'zcap' is not assigned a value
WARNING: in the 'steady_state_model' block, variable 'lam' is not assigned a value
WARNING: in the 'steady_state_model' block, variable 'r' is not assigned a value
WARNING: in the 'steady_state_model' block, variable 'pinf' is not assigned a value
WARNING: in the 'steady_state_model' block, variable 'lab' is not assigned a value
WARNING: in the 'steady_state_model' block, variable 'pk' is not assigned a value
WARNING: in the 'steady_state_model' block, variable 'rk' is not assigned a value
WARNING: in the 'steady_state_model' block, variable 'k' is not assigned a value
WARNING: in the 'steady_state_model' block, variable 'kp' is not assigned a value
WARNING: in the 'steady_state_model' block, variable 'mc' is not assigned a value
WARNING: in the 'steady_state_model' block, variable 'w' is not assigned a value
WARNING: in the 'steady_state_model' block, variable 'u' is not assigned a value
WARNING: in the 'steady_state_model' block, variable 'ex' is not assigned a value
WARNING: in the 'steady_state_model' block, variable 'ls' is not assigned a value
WARNING: in the 'steady_state_model' block, variable 'un' is not assigned a value
WARNING: in the 'steady_state_model' block, variable 'e' is not assigned a value
WARNING: in the 'steady_state_model' block, variable 'yf' is not assigned a value
WARNING: in the 'steady_state_model' block, variable 'cf' is not assigned a value
WARNING: in the 'steady_state_model' block, variable 'invef' is not assigned a value
WARNING: in the 'steady_state_model' block, variable 'zcapf' is not assigned a value
WARNING: in the 'steady_state_model' block, variable 'lamf' is not assigned a value
WARNING: in the 'steady_state_model' block, variable 'rrf' is not assigned a value
WARNING: in the 'steady_state_model' block, variable 'labf' is not assigned a value
WARNING: in the 'steady_state_model' block, variable 'pkf' is not assigned a value
WARNING: in the 'steady_state_model' block, variable 'rkf' is not assigned a value
WARNING: in the 'steady_state_model' block, variable 'kf' is not assigned a value
WARNING: in the 'steady_state_model' block, variable 'kpf' is not assigned a value
WARNING: in the 'steady_state_model' block, variable 'wf' is not assigned a value
WARNING: in the 'steady_state_model' block, variable 'exf' is not assigned a value
WARNING: in the 'steady_state_model' block, variable 'ef' is not assigned a value
WARNING: in the 'steady_state_model' block, variable 'g' is not assigned a value
WARNING: in the 'steady_state_model' block, variable 'b' is not assigned a value
WARNING: in the 'steady_state_model' block, variable 'qs' is not assigned a value
WARNING: in the 'steady_state_model' block, variable 'a' is not assigned a value
WARNING: in the 'steady_state_model' block, variable 'spinf' is not assigned a value
WARNING: in the 'steady_state_model' block, variable 'epinfma' is not assigned a value
WARNING: in the 'steady_state_model' block, variable 'sw' is not assigned a value
WARNING: in the 'steady_state_model' block, variable 'ewma' is not assigned a value
WARNING: in the 'steady_state_model' block, variable 'ms' is not assigned a value
WARNING: in the 'steady_state_model' block, variable 'pss' is not assigned a value
Found 51 equation(s).
Evaluating expressions...done
Computing static model derivatives:
 - order 1
Computing dynamic model derivatives:
 - order 1
 - order 2
Processing outputs ...
done
Preprocessing completed.
[Warning: Your prior allows for negative standard deviations for structural shocks. Due to working with variances, Dynare will
be able to continue, but it is recommended to change your prior.] 
[> In <a href="matlab:matlab.internal.language.introspective.errorDocCallback('initial_estimation_checks', 'C:\dynare\4.5.7\matlab\initial_estimation_checks.m', 86)" style="font-weight:bold">initial_estimation_checks</a> (<a href="matlab: opentoline('C:\dynare\4.5.7\matlab\initial_estimation_checks.m',86,0)">line 86</a>)
  In <a href="matlab:matlab.internal.language.introspective.errorDocCallback('dynare_estimation_1', 'C:\dynare\4.5.7\matlab\dynare_estimation_1.m', 165)" style="font-weight:bold">dynare_estimation_1</a> (<a href="matlab: opentoline('C:\dynare\4.5.7\matlab\dynare_estimation_1.m',165,0)">line 165</a>)
  In <a href="matlab:matlab.internal.language.introspective.errorDocCallback('dynare_estimation', 'C:\dynare\4.5.7\matlab\dynare_estimation.m', 105)" style="font-weight:bold">dynare_estimation</a> (<a href="matlab: opentoline('C:\dynare\4.5.7\matlab\dynare_estimation.m',105,0)">line 105</a>)
  In <a href="matlab:matlab.internal.language.introspective.errorDocCallback('GSW12_cql', 'C:\Users\KaiLong\Documents\GitHub\MMB_forecast_application\estimations\GSW12_cql_20011114_s4\GSW12_cql.m', 615)" style="font-weight:bold">GSW12_cql</a> (<a href="matlab: opentoline('C:\Users\KaiLong\Documents\GitHub\MMB_forecast_application\estimations\GSW12_cql_20011114_s4\GSW12_cql.m',615,0)">line 615</a>)
  In <a href="matlab:matlab.internal.language.introspective.errorDocCallback('dynare', 'C:\dynare\4.5.7\matlab\dynare.m', 235)" style="font-weight:bold">dynare</a> (<a href="matlab: opentoline('C:\dynare\4.5.7\matlab\dynare.m',235,0)">line 235</a>)
  In <a href="matlab:matlab.internal.language.introspective.errorDocCallback('Copy_4_of_gen_forecast', 'C:\Users\KaiLong\Documents\GitHub\MMB_forecast_application\Copy_4_of_gen_forecast.m', 222)" style="font-weight:bold">Copy_4_of_gen_forecast</a> (<a href="matlab: opentoline('C:\Users\KaiLong\Documents\GitHub\MMB_forecast_application\Copy_4_of_gen_forecast.m',222,0)">line 222</a>)] 
Initial value of the log posterior (or likelihood): -4265.5662
-----------------
f at the beginning of new iteration,      4265.5661973177
Predicted improvement:   674667.058471386
lambda =          1; f =         4265.9136151
lambda =    0.33333; f =         2710.3201943
lambda =    0.11111; f =         1345.6998122
lambda =   0.037037; f =          984.9141304
lambda =   0.012346; f =         1147.7829114
lambda =  0.0041152; f =         1877.8923122
Norm of dx     11.616
----
Improvement on iteration 1 =     3280.652066940
-----------------
f at the beginning of new iteration,       984.9141303772
Predicted improvement:     1208.319139687
lambda =          1; f =          984.9941357
lambda =    0.33333; f =          984.9209434
lambda =    0.11111; f =          984.9145960
lambda =   0.037037; f =          984.9141320
lambda =   0.012346; f =          957.0952307
lambda =   0.023866; f =          935.0695978
lambda =   0.046138; f =          984.9141445
lambda =   0.031067; f =          924.8168523
lambda =   0.039387; f =          984.9141340
lambda =    0.03416; f =          984.9141306
lambda =   0.031363; f =          924.6300488
lambda =   0.033013; f =          984.9141304
lambda =   0.032013; f =          924.5777609
lambda =   0.032609; f =          984.9141304
lambda =    0.03225; f =          924.8317483
Norm of dx    0.49202
Cliff.  Perturbing search direction.
Predicted improvement:     1740.005683229
lambda =          1; f =          985.1001123
lambda =    0.33333; f =          984.9265899
lambda =    0.11111; f =          984.9151076
lambda =   0.037037; f =          984.9141505
lambda =   0.012346; f =          945.8817508
lambda =   0.023866; f =          918.9683103
lambda =   0.046138; f =          984.9141908
lambda =   0.031067; f =          984.9141358
lambda =   0.024504; f =          919.1620261
lambda =   0.028254; f =          984.9141321
lambda =    0.02594; f =          984.9141306
lambda =   0.024644; f =          984.9141304
lambda =   0.023898; f =          918.9456380
lambda =   0.024343; f =          918.9113503
lambda =   0.024796; f =          984.9141304
lambda =   0.024523; f =          919.2111309
Norm of dx    0.71681
Cliff again.  Try traversing
Predicted improvement:  1593030.062287400
lambda =          1; f =       726198.4457049
lambda =    0.33333; f =        81016.5039230
lambda =    0.11111; f =         9701.2125063
lambda =   0.037037; f =         1898.0726235
lambda =   0.012346; f =         1069.7536985
lambda =  0.0041152; f =          990.4515110
lambda =  0.0013717; f =          985.2411097
lambda = 0.00045725; f =          984.9259774
lambda = 0.00015242; f =          984.9156410
lambda = 5.0805e-05; f =          840.7928075
lambda = 9.8216e-05; f =          932.3383761
lambda = 6.6133e-05; f =          835.4768879
lambda = 8.3845e-05; f =          865.0079765
Norm of dx       1785
----
Improvement on iteration 2 =      149.437242449
-----------------
f at the beginning of new iteration,       835.4768879280
Predicted improvement:      644.766792977
lambda =          1; f =          835.5109216
lambda =    0.33333; f =          835.4800211
lambda =    0.11111; f =          835.4770606
lambda =   0.037037; f =          803.7628169
Norm of dx    0.35891
----
Improvement on iteration 3 =       31.714070993
-----------------
f at the beginning of new iteration,       803.7628169349
Predicted improvement:       87.117298678
lambda =          1; f =          890.8618902
lambda =    0.33333; f =          814.0168417
lambda =    0.11111; f =          798.3934626
lambda =   0.037037; f =          799.8107229
Norm of dx    0.16525
----
Improvement on iteration 4 =        5.369354287
-----------------
f at the beginning of new iteration,       798.3934626483
Predicted improvement:       52.291368821
lambda =          1; f =          988.6735585
lambda =    0.33333; f =          773.8298948
lambda =    0.64439; f =          784.7542570
lambda =     0.4339; f =          772.0221728
Norm of dx    0.14842
----
Improvement on iteration 5 =       26.371289883
-----------------
f at the beginning of new iteration,       772.0221727653
Predicted improvement:      288.367074458
lambda =          1; f =          772.0642628
lambda =    0.33333; f =          772.0225390
lambda =    0.11111; f =          737.5838625
Norm of dx    0.77332
----
Improvement on iteration 6 =       34.438310294
-----------------
f at the beginning of new iteration,       737.5838624710
Predicted improvement:       32.244374346
lambda =          1; f =          737.5838627
lambda =    0.33333; f =          720.5897400
lambda =    0.64439; f =          712.5125049
Norm of dx    0.13907
----
Improvement on iteration 7 =       25.071357549
-----------------
f at the beginning of new iteration,       712.5125049219
Predicted improvement:        6.210385809
lambda =          1; f =          702.2914056
lambda =     1.9332; f =          696.9042168
Norm of dx   0.054288
----
Improvement on iteration 8 =       15.608288138
-----------------
f at the beginning of new iteration,       696.9042167837
Predicted improvement:       15.870621943
lambda =          1; f =          694.9222385
lambda =    0.33333; f =          690.6658664
Norm of dx    0.16878
----
Improvement on iteration 9 =        6.238350360
-----------------
f at the beginning of new iteration,       690.6658664235
Predicted improvement:       10.313540579
lambda =          1; f =          679.0347084
Norm of dx    0.13868
----
Improvement on iteration 10 =       11.631158028
-----------------
f at the beginning of new iteration,       679.0347083958
Predicted improvement:        6.130638203
lambda =          1; f =          668.2644862
lambda =     1.9332; f =          660.8225740
lambda =     3.7372; f =          653.4603499
Norm of dx   0.054757
----
Improvement on iteration 11 =       25.574358540
-----------------
f at the beginning of new iteration,       653.4603498562
Predicted improvement:        5.625845903
lambda =          1; f =          645.8397845
Norm of dx   0.074563
----
Improvement on iteration 12 =        7.620565329
-----------------
f at the beginning of new iteration,       645.8397845269
Predicted improvement:        7.365647557
lambda =          1; f =          639.2557122
Norm of dx    0.12664
----
Improvement on iteration 13 =        6.584072323
-----------------
f at the beginning of new iteration,       639.2557122038
Predicted improvement:        8.202342400
lambda =          1; f =          633.9928512
Norm of dx   0.052734
----
Improvement on iteration 14 =        5.262860959
-----------------
f at the beginning of new iteration,       633.9928512453
Predicted improvement:        6.437368980
lambda =          1; f =          628.2285179
Norm of dx    0.10461
----
Improvement on iteration 15 =        5.764333391
-----------------
f at the beginning of new iteration,       628.2285178539
Predicted improvement:        4.401271370
lambda =          1; f =          620.8109412
lambda =     1.9332; f =          617.2823484
Norm of dx   0.057795
----
Improvement on iteration 16 =       10.946169488
-----------------
f at the beginning of new iteration,       617.2823483657
Predicted improvement:        3.594835507
lambda =          1; f =          613.8189995
Norm of dx   0.089069
----
Improvement on iteration 17 =        3.463348881
-----------------
f at the beginning of new iteration,       613.8189994844
Predicted improvement:        2.465213480
lambda =          1; f =          610.1919560
lambda =     1.9332; f =          609.2529848
Norm of dx   0.027883
----
Improvement on iteration 18 =        4.566014717
-----------------
f at the beginning of new iteration,       609.2529847669
Predicted improvement:        1.890780359
lambda =          1; f =          607.4199722
Norm of dx   0.044485
----
Improvement on iteration 19 =        1.833012591
-----------------
f at the beginning of new iteration,       607.4199721757
Predicted improvement:        1.343463794
lambda =          1; f =          605.3269027
lambda =     1.9332; f =          604.1688170
Norm of dx    0.03229
----
Improvement on iteration 20 =        3.251155188
-----------------
f at the beginning of new iteration,       604.1688169875
Predicted improvement:        2.030721641
lambda =          1; f =          601.1805733
lambda =     1.9332; f =          600.8261687
Norm of dx   0.078356
----
Improvement on iteration 21 =        3.342648263
-----------------
f at the beginning of new iteration,       600.8261687244
Predicted improvement:        2.165668400
lambda =          1; f =          598.0771496
Norm of dx   0.029626
----
Improvement on iteration 22 =        2.749019112
-----------------
f at the beginning of new iteration,       598.0771496120
Predicted improvement:        2.418212610
lambda =          1; f =          595.4161993
Norm of dx   0.074659
----
Improvement on iteration 23 =        2.660950296
-----------------
f at the beginning of new iteration,       595.4161993157
Predicted improvement:        4.363302272
lambda =          1; f =          591.9482425
Norm of dx   0.099467
----
Improvement on iteration 24 =        3.467956854
-----------------
f at the beginning of new iteration,       591.9482424618
Predicted improvement:        3.686473876
lambda =          1; f =          587.6738591
Norm of dx   0.047938
----
Improvement on iteration 25 =        4.274383350
-----------------
f at the beginning of new iteration,       587.6738591119
Predicted improvement:        3.514055097
lambda =          1; f =          582.6121520
lambda =     1.9332; f =          583.0612341
Norm of dx    0.15016
----
Improvement on iteration 26 =        5.061707136
-----------------
f at the beginning of new iteration,       582.6121519760
Predicted improvement:        4.212333614
lambda =          1; f =          577.0840708
Norm of dx    0.19571
----
Improvement on iteration 27 =        5.528081137
-----------------
f at the beginning of new iteration,       577.0840708394
Predicted improvement:        5.479681453
lambda =          1; f =          577.0841125
lambda =    0.33333; f =          574.0129237
lambda =    0.64439; f =          573.5449620
Norm of dx    0.27682
----
Improvement on iteration 28 =        3.539108863
-----------------
f at the beginning of new iteration,       573.5449619766
Predicted improvement:       17.703055623
lambda =          1; f =          573.5450121
lambda =    0.33333; f =          566.2820904
Norm of dx    0.52015
----
Improvement on iteration 29 =        7.262871560
-----------------
f at the beginning of new iteration,       566.2820904166
Predicted improvement:        7.022125221
lambda =          1; f =          555.6342998
lambda =     1.9332; f =          556.7660902
Norm of dx    0.17106
----
Improvement on iteration 30 =       10.647790630
-----------------
f at the beginning of new iteration,       555.6342997864
Predicted improvement:       12.051442947
lambda =          1; f =          545.3833549
Norm of dx    0.11048
----
Improvement on iteration 31 =       10.250944885
-----------------
f at the beginning of new iteration,       545.3833549018
Predicted improvement:        6.709843459
lambda =          1; f =          583.7910771
lambda =    0.33333; f =          542.6522828
Norm of dx    0.31545
----
Improvement on iteration 32 =        2.731072126
-----------------
f at the beginning of new iteration,       542.6522827758
Predicted improvement:        6.979329444
lambda =          1; f =          533.9860675
Norm of dx   0.087983
----
Improvement on iteration 33 =        8.666215230
-----------------
f at the beginning of new iteration,       533.9860675456
Predicted improvement:        5.416469715
lambda =          1; f =          526.4888988
Norm of dx   0.075393
----
Improvement on iteration 34 =        7.497168700
-----------------
f at the beginning of new iteration,       526.4888988456
Predicted improvement:        5.694082218
lambda =          1; f =          520.4831879
Norm of dx   0.089183
----
Improvement on iteration 35 =        6.005710967
-----------------
f at the beginning of new iteration,       520.4831878787
Predicted improvement:        2.288436546
lambda =          1; f =          516.9173072
lambda =     1.9332; f =          515.5286798
Norm of dx   0.036154
----
Improvement on iteration 36 =        4.954508067
-----------------
f at the beginning of new iteration,       515.5286798122
Predicted improvement:        1.044968414
lambda =          1; f =          514.1052341
Norm of dx   0.032236
----
Improvement on iteration 37 =        1.423445750
-----------------
f at the beginning of new iteration,       514.1052340621
Predicted improvement:        2.223148266
lambda =          1; f =          513.7068042
lambda =    0.33333; f =          513.0668333
lambda =    0.64439; f =          512.8941624
Norm of dx     0.1011
----
Improvement on iteration 38 =        1.211071625
-----------------
f at the beginning of new iteration,       512.8941624374
Predicted improvement:        1.011614909
lambda =          1; f =          511.4644647
lambda =     1.9332; f =          511.3888171
Norm of dx   0.035674
----
Improvement on iteration 39 =        1.505345323
-----------------
f at the beginning of new iteration,       511.3888171147
Predicted improvement:        0.919753280
lambda =          1; f =          510.4859950
Norm of dx   0.029435
----
Improvement on iteration 40 =        0.902822083
-----------------
f at the beginning of new iteration,       510.4859950320
Predicted improvement:        0.479154537
lambda =          1; f =          509.8794771
Norm of dx   0.022581
----
Improvement on iteration 41 =        0.606517934
-----------------
f at the beginning of new iteration,       509.8794770982
Predicted improvement:        0.273926075
lambda =          1; f =          509.4737121
lambda =     1.9332; f =          509.3573661
Norm of dx    0.02359
----
Improvement on iteration 42 =        0.522110987
-----------------
f at the beginning of new iteration,       509.3573661110
Predicted improvement:        0.188350221
lambda =          1; f =          509.0360537
lambda =     1.9332; f =          508.8336685
lambda =     3.7372; f =          508.6975052
Norm of dx  0.0093811
----
Improvement on iteration 43 =        0.659860926
-----------------
f at the beginning of new iteration,       508.6975051851
Predicted improvement:        0.154799355
lambda =          1; f =          508.4365894
lambda =     1.9332; f =          508.2820896
Norm of dx     0.0122
----
Improvement on iteration 44 =        0.415415562
-----------------
f at the beginning of new iteration,       508.2820896230
Predicted improvement:        0.249042238
lambda =          1; f =          507.9693831
Norm of dx   0.025739
----
Improvement on iteration 45 =        0.312706520
-----------------
f at the beginning of new iteration,       507.9693831025
Predicted improvement:        0.119669897
lambda =          1; f =          507.7870161
lambda =     1.9332; f =          507.7195395
Norm of dx   0.016185
----
Improvement on iteration 46 =        0.249843599
-----------------
f at the beginning of new iteration,       507.7195395035
Predicted improvement:        0.086731102
lambda =          1; f =          507.5861122
lambda =     1.9332; f =          507.5325234
Norm of dx  0.0092778
----
Improvement on iteration 47 =        0.187016077
-----------------
f at the beginning of new iteration,       507.5325234261
Predicted improvement:        0.069443946
lambda =          1; f =          507.4272432
lambda =     1.9332; f =          507.3913725
Norm of dx  0.0081374
----
Improvement on iteration 48 =        0.141150970
-----------------
f at the beginning of new iteration,       507.3913724565
Predicted improvement:        0.052189329
lambda =          1; f =          507.3028219
lambda =     1.9332; f =          507.2483830
lambda =     3.7372; f =          507.2186278
Norm of dx  0.0084743
----
Improvement on iteration 49 =        0.172744618
-----------------
f at the beginning of new iteration,       507.2186278383
Predicted improvement:        0.054511678
lambda =          1; f =          507.1309221
lambda =     1.9332; f =          507.0868335
Norm of dx  0.0068585
----
Improvement on iteration 50 =        0.131794314
-----------------
f at the beginning of new iteration,       507.0868335238
Predicted improvement:        0.062479208
lambda =          1; f =          506.9981523
lambda =     1.9332; f =          506.9812342
Norm of dx   0.012961
----
Improvement on iteration 51 =        0.105599292
-----------------
f at the beginning of new iteration,       506.9812342316
Predicted improvement:        0.019853113
lambda =          1; f =          506.9499274
lambda =     1.9332; f =          506.9358663
Norm of dx  0.0031566
----
Improvement on iteration 52 =        0.045367889
-----------------
f at the beginning of new iteration,       506.9358663427
Predicted improvement:        0.018549114
lambda =          1; f =          506.9045274
lambda =     1.9332; f =          506.8857075
Norm of dx  0.0050295
----
Improvement on iteration 53 =        0.050158841
-----------------
f at the beginning of new iteration,       506.8857075012
Predicted improvement:        0.028221877
lambda =          1; f =          506.8475958
Norm of dx   0.010316
----
Improvement on iteration 54 =        0.038111719
-----------------
f at the beginning of new iteration,       506.8475957823
Predicted improvement:        0.012897792
lambda =          1; f =          506.8294775
lambda =     1.9332; f =          506.8264454
Norm of dx  0.0060785
----
Improvement on iteration 55 =        0.021150429
-----------------
f at the beginning of new iteration,       506.8264453531
Predicted improvement:        0.007012256
lambda =          1; f =          506.8137730
lambda =     1.9332; f =          506.8043852
lambda =     3.7372; f =          506.7929077
Norm of dx  0.0016232
----
Improvement on iteration 56 =        0.033537679
-----------------
f at the beginning of new iteration,       506.7929076738
Predicted improvement:        0.020112439
lambda =          1; f =          506.7602860
lambda =     1.9332; f =          506.7435568
Norm of dx  0.0080471
----
Improvement on iteration 57 =        0.049350888
-----------------
f at the beginning of new iteration,       506.7435567858
Predicted improvement:        0.018063926
lambda =          1; f =          506.7171228
lambda =     1.9332; f =          506.7099156
Norm of dx   0.012597
----
Improvement on iteration 58 =        0.033641196
-----------------
f at the beginning of new iteration,       506.7099155897
Predicted improvement:        0.007822739
lambda =          1; f =          506.6961529
lambda =     1.9332; f =          506.6867006
lambda =     3.7372; f =          506.6777180
Norm of dx  0.0018415
----
Improvement on iteration 59 =        0.032197614
-----------------
f at the beginning of new iteration,       506.6777179760
Predicted improvement:        0.012983613
lambda =          1; f =          506.6544269
lambda =     1.9332; f =          506.6375257
lambda =     3.7372; f =          506.6181357
Norm of dx  0.0066178
----
Improvement on iteration 60 =        0.059582257
-----------------
f at the beginning of new iteration,       506.6181357191
Predicted improvement:        0.020454653
lambda =          1; f =          506.5860745
lambda =     1.9332; f =          506.5724648
Norm of dx   0.012385
----
Improvement on iteration 61 =        0.045670908
-----------------
f at the beginning of new iteration,       506.5724648116
Predicted improvement:        0.019442004
lambda =          1; f =          506.5386189
lambda =     1.9332; f =          506.5161058
lambda =     3.7372; f =          506.4974284
Norm of dx  0.0093771
----
Improvement on iteration 62 =        0.075036385
-----------------
f at the beginning of new iteration,       506.4974284263
Predicted improvement:        0.023241699
lambda =          1; f =          506.4599135
lambda =     1.9332; f =          506.4409569
Norm of dx  0.0063162
----
Improvement on iteration 63 =        0.056471481
-----------------
f at the beginning of new iteration,       506.4409569457
Predicted improvement:        0.014903693
lambda =          1; f =          506.4177356
lambda =     1.9332; f =          506.4079080
Norm of dx   0.010653
----
Improvement on iteration 64 =        0.033048936
-----------------
f at the beginning of new iteration,       506.4079080094
Predicted improvement:        0.014088732
lambda =          1; f =          506.3827901
lambda =     1.9332; f =          506.3648867
lambda =     3.7372; f =          506.3453744
Norm of dx   0.009212
----
Improvement on iteration 65 =        0.062533656
-----------------
f at the beginning of new iteration,       506.3453743536
Predicted improvement:        0.021541543
lambda =          1; f =          506.3121296
lambda =     1.9332; f =          506.2990890
Norm of dx  0.0089673
----
Improvement on iteration 66 =        0.046285391
-----------------
f at the beginning of new iteration,       506.2990889624
Predicted improvement:        0.013185220
lambda =          1; f =          506.2752786
lambda =     1.9332; f =          506.2576835
lambda =     3.7372; f =          506.2362572
Norm of dx  0.0044258
----
Improvement on iteration 67 =        0.062831744
-----------------
f at the beginning of new iteration,       506.2362572186
Predicted improvement:        0.039985582
lambda =          1; f =          506.1681065
lambda =     1.9332; f =          506.1259173
lambda =     3.7372; f =          506.1034059
Norm of dx   0.025039
----
Improvement on iteration 68 =        0.132851322
-----------------
f at the beginning of new iteration,       506.1034058966
Predicted improvement:        0.046998949
lambda =          1; f =          506.0323208
lambda =     1.9332; f =          506.0074416
Norm of dx   0.016763
----
Improvement on iteration 69 =        0.095964317
-----------------
f at the beginning of new iteration,       506.0074415801
Predicted improvement:        0.009313686
lambda =          1; f =          505.9926092
lambda =     1.9332; f =          505.9856996
Norm of dx   0.012191
----
Improvement on iteration 70 =        0.021741968
-----------------
f at the beginning of new iteration,       505.9856996124
Predicted improvement:        0.011354776
lambda =          1; f =          505.9651239
lambda =     1.9332; f =          505.9497953
lambda =     3.7372; f =          505.9307739
Norm of dx  0.0093834
----
Improvement on iteration 71 =        0.054925712
-----------------
f at the beginning of new iteration,       505.9307739008
Predicted improvement:        0.035250559
lambda =          1; f =          505.8738311
lambda =     1.9332; f =          505.8454068
Norm of dx   0.019853
----
Improvement on iteration 72 =        0.085367136
-----------------
f at the beginning of new iteration,       505.8454067647
Predicted improvement:        0.033990664
lambda =          1; f =          505.7910691
lambda =     1.9332; f =          505.7649189
Norm of dx   0.019717
----
Improvement on iteration 73 =        0.080487903
-----------------
f at the beginning of new iteration,       505.7649188621
Predicted improvement:        0.036272012
lambda =          1; f =          505.7030949
lambda =     1.9332; f =          505.6647377
lambda =     3.7372; f =          505.6436254
Norm of dx   0.025513
----
Improvement on iteration 74 =        0.121293496
-----------------
f at the beginning of new iteration,       505.6436253663
Predicted improvement:        0.045744187
lambda =          1; f =          505.5715933
lambda =     1.9332; f =          505.5392346
Norm of dx   0.014964
----
Improvement on iteration 75 =        0.104390775
-----------------
f at the beginning of new iteration,       505.5392345914
Predicted improvement:        0.017545504
lambda =          1; f =          505.5119838
lambda =     1.9332; f =          505.5006223
Norm of dx   0.025811
----
Improvement on iteration 76 =        0.038612324
-----------------
f at the beginning of new iteration,       505.5006222672
Predicted improvement:        0.018215465
lambda =          1; f =          505.4671209
lambda =     1.9332; f =          505.4411170
lambda =     3.7372; f =          505.4051315
lambda =     7.2247; f =          505.3882947
Norm of dx   0.019718
----
Improvement on iteration 77 =        0.112327586
-----------------
f at the beginning of new iteration,       505.3882946816
Predicted improvement:        0.032665619
lambda =          1; f =          505.3431183
Norm of dx   0.036806
----
Improvement on iteration 78 =        0.045176416
-----------------
f at the beginning of new iteration,       505.3431182658
Predicted improvement:        0.012124261
lambda =          1; f =          505.3275497
Norm of dx   0.014956
----
Improvement on iteration 79 =        0.015568559
-----------------
f at the beginning of new iteration,       505.3275497073
Predicted improvement:        0.005864343
lambda =          1; f =          505.3174151
lambda =     1.9332; f =          505.3108491
lambda =     3.7372; f =          505.3060959
Norm of dx  0.0029183
----
Improvement on iteration 80 =        0.021453804
-----------------
f at the beginning of new iteration,       505.3060959036
Predicted improvement:        0.013036484
lambda =          1; f =          505.2820645
lambda =     1.9332; f =          505.2633361
lambda =     3.7372; f =          505.2372591
lambda =     7.2247; f =          505.2247687
Norm of dx   0.014325
----
Improvement on iteration 81 =        0.081327158
-----------------
f at the beginning of new iteration,       505.2247687457
Predicted improvement:        0.004619656
lambda =          1; f =          505.2181454
lambda =     1.9332; f =          505.2166949
Norm of dx   0.014845
----
Improvement on iteration 82 =        0.008073895
-----------------
f at the beginning of new iteration,       505.2166948511
Predicted improvement:        0.003097417
lambda =          1; f =          505.2107539
lambda =     1.9332; f =          505.2056714
lambda =     3.7372; f =          505.1971086
lambda =     7.2247; f =          505.1852709
lambda =     13.967; f =          505.1799878
Norm of dx  0.0038459
----
Improvement on iteration 83 =        0.036707072
-----------------
f at the beginning of new iteration,       505.1799877791
Predicted improvement:        0.017400552
lambda =          1; f =          505.1538752
lambda =     1.9332; f =          505.1450499
Norm of dx  0.0063978
----
Improvement on iteration 84 =        0.034937927
-----------------
f at the beginning of new iteration,       505.1450498525
Predicted improvement:        0.002170829
lambda =          1; f =          505.1419310
lambda =     1.9332; f =          505.1412267
Norm of dx  0.0099202
----
Improvement on iteration 85 =        0.003823169
-----------------
f at the beginning of new iteration,       505.1412266836
Predicted improvement:        0.001254187
lambda =          1; f =          505.1388506
lambda =     1.9332; f =          505.1368722
lambda =     3.7372; f =          505.1337023
lambda =     7.2247; f =          505.1300283
Norm of dx 0.00063697
----
Improvement on iteration 86 =        0.011198408
-----------------
f at the beginning of new iteration,       505.1300282753
Predicted improvement:        0.005018384
lambda =          1; f =          505.1229655
lambda =     1.9332; f =          505.1217492
Norm of dx  0.0066761
----
Improvement on iteration 87 =        0.008279079
-----------------
f at the beginning of new iteration,       505.1217491965
Predicted improvement:        0.001022233
lambda =          1; f =          505.1203026
lambda =     1.9332; f =          505.1200248
Norm of dx  0.0012526
----
Improvement on iteration 88 =        0.001724413
-----------------
f at the beginning of new iteration,       505.1200247833
Predicted improvement:        0.000520979
lambda =          1; f =          505.1190578
lambda =     1.9332; f =          505.1182937
lambda =     3.7372; f =          505.1171953
lambda =     7.2247; f =          505.1164923
Norm of dx 0.00072089
----
Improvement on iteration 89 =        0.003532517
-----------------
f at the beginning of new iteration,       505.1164922667
Predicted improvement:        0.001830263
lambda =          1; f =          505.1134235
lambda =     1.9332; f =          505.1116232
Norm of dx  0.0025367
----
Improvement on iteration 90 =        0.004869028
-----------------
f at the beginning of new iteration,       505.1116232384
Predicted improvement:        0.001171704
lambda =          1; f =          505.1102732
Norm of dx  0.0031518
----
Improvement on iteration 91 =        0.001349998
-----------------
f at the beginning of new iteration,       505.1102732409
Predicted improvement:        0.000211668
lambda =          1; f =          505.1098901
lambda =     1.9332; f =          505.1096048
lambda =     3.7372; f =          505.1092506
Norm of dx 0.00074066
----
Improvement on iteration 92 =        0.001022630
-----------------
f at the beginning of new iteration,       505.1092506105
Predicted improvement:        0.000914667
lambda =          1; f =          505.1075807
lambda =     1.9332; f =          505.1063111
lambda =     3.7372; f =          505.1046464
Norm of dx  0.0022378
----
Improvement on iteration 93 =        0.004604170
-----------------
f at the beginning of new iteration,       505.1046464405
Predicted improvement:        0.003108771
lambda =          1; f =          505.1000811
lambda =     1.9332; f =          505.0988050
Norm of dx  0.0068621
----
Improvement on iteration 94 =        0.005841446
-----------------
f at the beginning of new iteration,       505.0988049941
Predicted improvement:        0.000653525
lambda =          1; f =          505.0979692
Norm of dx  0.0024166
----
Improvement on iteration 95 =        0.000835762
-----------------
f at the beginning of new iteration,       505.0979692320
Predicted improvement:        0.000122458
lambda =          1; f =          505.0977979
Norm of dx 0.00075982
----
Improvement on iteration 96 =        0.000171372
-----------------
f at the beginning of new iteration,       505.0977978602
Predicted improvement:        0.000112902
lambda =          1; f =          505.0976085
lambda =     1.9332; f =          505.0974968
Norm of dx 0.00048216
----
Improvement on iteration 97 =        0.000301048
-----------------
f at the beginning of new iteration,       505.0974968123
Predicted improvement:        0.000267156
lambda =          1; f =          505.0970373
lambda =     1.9332; f =          505.0967423
lambda =     3.7372; f =          505.0965384
Norm of dx 0.00087594
----
Improvement on iteration 98 =        0.000958374
-----------------
f at the beginning of new iteration,       505.0965384384
Predicted improvement:        0.000442971
lambda =          1; f =          505.0958098
lambda =     1.9332; f =          505.0954138
Norm of dx  0.0016143
----
Improvement on iteration 99 =        0.001124623
-----------------
f at the beginning of new iteration,       505.0954138158
Predicted improvement:        0.000163280
lambda =          1; f =          505.0952142
Norm of dx  0.0016009
----
Improvement on iteration 100 =        0.000199629
-----------------
f at the beginning of new iteration,       505.0952141871
Predicted improvement:        0.000056225
lambda =          1; f =          505.0951131
lambda =     1.9332; f =          505.0950392
lambda =     3.7372; f =          505.0949525
Norm of dx 0.00057545
----
Improvement on iteration 101 =        0.000261734
-----------------
f at the beginning of new iteration,       505.0949524528
Predicted improvement:        0.000217901
lambda =          1; f =          505.0945527
lambda =     1.9332; f =          505.0942446
lambda =     3.7372; f =          505.0938264
Norm of dx  0.0012062
----
Improvement on iteration 102 =        0.001126015
-----------------
f at the beginning of new iteration,       505.0938264379
Predicted improvement:        0.000667376
lambda =          1; f =          505.0929517
Norm of dx  0.0027871
----
Improvement on iteration 103 =        0.000874781
-----------------
f at the beginning of new iteration,       505.0929516566
Predicted improvement:        0.000161758
lambda =          1; f =          505.0927660
Norm of dx  0.0010167
----
Improvement on iteration 104 =        0.000185614
-----------------
f at the beginning of new iteration,       505.0927660421
Predicted improvement:        0.000022066
lambda =          1; f =          505.0927282
lambda =     1.9332; f =          505.0927038
lambda =     3.7372; f =          505.0926864
Norm of dx 0.00026392
----
Improvement on iteration 105 =        0.000079600
-----------------
f at the beginning of new iteration,       505.0926864419
Predicted improvement:        0.000051324
lambda =          1; f =          505.0925887
lambda =     1.9332; f =          505.0925057
lambda =     3.7372; f =          505.0923674
lambda =     7.2247; f =          505.0921833
Norm of dx 0.00024637
----
Improvement on iteration 106 =        0.000503129
-----------------
f at the beginning of new iteration,       505.0921833125
Predicted improvement:        0.000110636
lambda =          1; f =          505.0920657
Norm of dx  0.0016529
----
Improvement on iteration 107 =        0.000117633
-----------------
f at the beginning of new iteration,       505.0920656795
Predicted improvement:        0.000007338
lambda =          1; f =          505.0920526
lambda =     1.9332; f =          505.0920428
lambda =     3.7372; f =          505.0920307
Norm of dx 0.00024482
----
Improvement on iteration 108 =        0.000035001
-----------------
f at the beginning of new iteration,       505.0920306783
Predicted improvement:        0.000032355
lambda =          1; f =          505.0919723
lambda =     1.9332; f =          505.0919284
lambda =     3.7372; f =          505.0918721
Norm of dx 0.00049642
----
Improvement on iteration 109 =        0.000158579
-----------------
f at the beginning of new iteration,       505.0918720992
Predicted improvement:        0.000111621
lambda =          1; f =          505.0917032
lambda =     1.9332; f =          505.0916413
Norm of dx 0.00093261
----
Improvement on iteration 110 =        0.000230777
-----------------
f at the beginning of new iteration,       505.0916413227
Predicted improvement:        0.000030969
lambda =          1; f =          505.0916018
Norm of dx  0.0008478
----
Improvement on iteration 111 =        0.000039478
-----------------
f at the beginning of new iteration,       505.0916018449
Predicted improvement:        0.000004605
lambda =          1; f =          505.0915954
Norm of dx 0.00031919
----
Improvement on iteration 112 =        0.000006410
-----------------
f at the beginning of new iteration,       505.0915954353
Predicted improvement:        0.000003181
lambda =          1; f =          505.0915898
lambda =     1.9332; f =          505.0915860
lambda =     3.7372; f =          505.0915830
Norm of dx 0.00015938
----
Improvement on iteration 113 =        0.000012398
-----------------
f at the beginning of new iteration,       505.0915830375
Predicted improvement:        0.000008210
lambda =          1; f =          505.0915669
lambda =     1.9332; f =          505.0915526
lambda =     3.7372; f =          505.0915269
lambda =     7.2247; f =          505.0914850
lambda =     13.967; f =          505.0914322
Norm of dx 9.5632e-05
----
Improvement on iteration 114 =        0.000150848
-----------------
f at the beginning of new iteration,       505.0914321899
Predicted improvement:        0.000016167
lambda =          1; f =          505.0914139
Norm of dx 0.00054869
----
Improvement on iteration 115 =        0.000018259
-----------------
f at the beginning of new iteration,       505.0914139310
Predicted improvement:        0.000001056
lambda =          1; f =          505.0914118
lambda =     1.9332; f =          505.0914099
lambda =     3.7372; f =          505.0914068
lambda =     7.2247; f =          505.0914024
lambda =     13.967; f =          505.0913998
Norm of dx 3.7068e-05
----
Improvement on iteration 116 =        0.000014101
-----------------
f at the beginning of new iteration,       505.0913998301
Predicted improvement:        0.000010877
lambda =          1; f =          505.0913791
lambda =     1.9332; f =          505.0913615
lambda =     3.7372; f =          505.0913320
lambda =     7.2247; f =          505.0912926
Norm of dx 0.00013553
----
Improvement on iteration 117 =        0.000107249
-----------------
f at the beginning of new iteration,       505.0912925815
Predicted improvement:        0.000064693
lambda =          1; f =          505.0912049
Norm of dx  0.0011724
----
Improvement on iteration 118 =        0.000087672
-----------------
f at the beginning of new iteration,       505.0912049097
Predicted improvement:        0.000017275
lambda =          1; f =          505.0911847
Norm of dx 0.00072781
----
Improvement on iteration 119 =        0.000020187
-----------------
f at the beginning of new iteration,       505.0911847227
Predicted improvement:        0.000000789
lambda =          1; f =          505.0911834
lambda =     1.9332; f =          505.0911829
Norm of dx 0.00010292
----
Improvement on iteration 120 =        0.000001839
-----------------
f at the beginning of new iteration,       505.0911828833
Predicted improvement:        0.000000715
lambda =          1; f =          505.0911815
lambda =     1.9332; f =          505.0911802
lambda =     3.7372; f =          505.0911779
lambda =     7.2247; f =          505.0911741
lambda =     13.967; f =          505.0911685
lambda =         27; f =          505.0911648
Norm of dx 2.6273e-05
----
Improvement on iteration 121 =        0.000018033
-----------------
f at the beginning of new iteration,       505.0911648500
Predicted improvement:        0.000010694
lambda =          1; f =          505.0911469
lambda =     1.9332; f =          505.0911368
Norm of dx 0.00033522
----
Improvement on iteration 122 =        0.000028079
-----------------
f at the beginning of new iteration,       505.0911367713
Predicted improvement:        0.000003832
lambda =          1; f =          505.0911324
Norm of dx 0.00033503
----
Improvement on iteration 123 =        0.000004326
-----------------
f at the beginning of new iteration,       505.0911324449
Predicted improvement:        0.000000009
lambda =          1; f =          505.0911324
lambda =     1.9332; f =          505.0911324
lambda =     3.7372; f =          505.0911323
lambda =     7.2247; f =          505.0911323
lambda =     13.967; f =          505.0911323
Norm of dx 6.9683e-06
----
Improvement on iteration 124 =        0.000000142
-----------------
f at the beginning of new iteration,       505.0911323031
Predicted improvement:        0.000000042
lambda =          1; f =          505.0911323
Norm of dx 1.9899e-05
----
Improvement on iteration 125 =        0.000000029
improvement < crit termination

Final value of minus the log posterior (or likelihood):505.091132 

RESULTS FROM POSTERIOR ESTIMATION
parameters
         prior mean     mode    s.d. prior pstdev

csadjcost    4.000   4.0068  1.2014 norm  1.5000 
chabb        0.700   0.8159  0.0387 beta  0.1000 
csigl        2.000   4.4412  0.4872 norm  0.7500 
cprobw       0.500   0.5505  0.0476 beta  0.0500 
cprobp       0.500   0.6819  0.0619 beta  0.1000 
cindw        0.500   0.7116  0.1172 beta  0.1500 
cindp        0.500   0.1643  0.0739 beta  0.1500 
czcap        0.500   0.7200  0.1247 beta  0.1500 
cfc          1.250   1.5102  0.0907 norm  0.1250 
clandaw      1.250   1.2700  0.0320 norm  0.1250 
cupsilon     0.200   0.0915  0.0318 beta  0.0500 
crpi         1.500   1.8121  0.1851 norm  0.2500 
crr          0.750   0.7940  0.0335 beta  0.1000 
cry          0.125   0.1666  0.0416 norm  0.0500 
crdy         0.125   0.1486  0.0347 norm  0.0500 
constepinf   0.625   0.2875  0.0406 gamm  0.1000 
cprobe       0.500   0.4551  0.0441 beta  0.1500 
constebeta   0.250   0.0427  0.0180 gamm  0.1000 
cebar        0.200   0.3337  0.0257 norm  0.0500 
ctrend       0.300   0.0834  0.0336 norm  0.0500 
calfa        0.300   0.1939  0.0270 norm  0.0500 
crhog        0.500   0.9203  0.0444 beta  0.2000 
cgy          0.500   0.3673  0.1031 beta  0.2000 
crhob        0.500   0.3068  0.1173 beta  0.2000 
crhoqs       0.500   0.7346  0.1262 beta  0.2000 
crhoa        0.500   0.9968  0.0020 beta  0.2000 
crhopinf     0.500   0.9512  0.0254 beta  0.2000 
crhow        0.500   0.5859  0.0955 beta  0.2000 
crhoms       0.500   0.1454  0.0861 beta  0.2000 
crhos        0.500   0.9969  0.0021 beta  0.2000 

standard deviation of shocks
         prior mean     mode    s.d. prior pstdev

ea           2.500   0.5395  0.0620 unif  1.4434 
eb           2.500   0.2507  0.0345 unif  1.4434 
eg           2.500   0.4929  0.0383 unif  1.4434 
eqs          2.500   0.4346  0.0708 unif  1.4434 
em           2.500   0.2499  0.0201 unif  1.4434 
epinf        2.500   0.0362  0.0093 unif  1.4434 
ew           2.500   0.1328  0.0212 unif  1.4434 
es           2.500   1.5045  0.1864 unif  1.4434 


Log data density [Laplace approximation] is -595.184975.

Estimation::mcmc: One Chain mode.
Estimation::mcmc: Initialization at the posterior mode.

Estimation::mcmc: Write details about the MCMC... Ok!
Estimation::mcmc: Details about the MCMC are available in GSW12_cql/metropolis\GSW12_cql_mh_history_0.mat


Estimation::mcmc: Number of mh files: 2 per block.
Estimation::mcmc: Total number of generated files: 2.
Estimation::mcmc: Total number of iterations: 500000.
Estimation::mcmc: Current acceptance ratio per chain: 
                                                       Chain  1: 29.4868%
Estimation::mcmc: Total number of MH draws per chain: 500000.
Estimation::mcmc: Total number of generated MH files: 2.
Estimation::mcmc: I'll use mh-files 1 to 2.
Estimation::mcmc: In MH-file number 1 I'll start at line 150001.
Estimation::mcmc: Finally I keep 350000 draws per chain.



MCMC Inefficiency factors per block
Parameter        Block 1
SE_ea            232.152
SE_eb            208.095
SE_eg            174.616
SE_eqs           254.836
SE_em            249.013
SE_epinf         515.284
SE_ew            180.880
SE_es            194.928
csadjcost        285.614
chabb            294.469
csigl            168.917
cprobw           182.442
cprobp           202.019
cindw            158.858
cindp            403.739
czcap            159.122
cfc              218.101
clandaw          183.377
cupsilon         218.411
crpi             258.475
crr              216.764
cry              168.919
crdy             181.359
constepinf       193.055
cprobe           224.726
constebeta       201.836
cebar            261.820
ctrend           258.391
calfa            204.119
crhog            266.857
cgy              164.777
crhob            223.264
crhoqs           309.163
crhoa            480.834
crhopinf         647.519
crhow            204.219
crhoms           292.458
crhos            558.475


Geweke (1992) Convergence Tests, based on means of draws 150000 to 220000 vs 325000 to 500000.
p-values are for Chi2-test for equality of means.
Parameter          Post. Mean        Post. Std   p-val No Taper   p-val 4% Taper   p-val 8% Taper  p-val 15% Taper
SE_ea                   0.558            0.067            0.000            0.010            0.021            0.038
SE_eb                   0.244            0.038            0.000            0.178            0.190            0.220
SE_eg                   0.508            0.039            0.000            0.636            0.600            0.544
SE_eqs                  0.458            0.070            0.000            0.535            0.519            0.537
SE_em                   0.262            0.023            0.000            0.018            0.058            0.103
SE_epinf                0.042            0.013            0.000            0.003            0.021            0.051
SE_ew                   0.137            0.022            0.000            0.000            0.001            0.003
SE_es                   1.572            0.198            0.000            0.680            0.661            0.620
csadjcost               3.915            1.212            0.000            0.007            0.008            0.009
chabb                   0.793            0.046            0.000            0.024            0.031            0.048
csigl                   4.573            0.495            0.000            0.554            0.542            0.487
cprobw                  0.547            0.048            0.000            0.000            0.002            0.006
cprobp                  0.680            0.059            0.000            0.482            0.493            0.496
cindw                   0.681            0.112            0.000            0.060            0.077            0.069
cindp                   0.211            0.100            0.000            0.003            0.021            0.054
czcap                   0.696            0.117            0.000            0.362            0.433            0.477
cfc                     1.507            0.096            0.000            0.008            0.035            0.079
clandaw                 1.275            0.034            0.000            0.606            0.653            0.677
cupsilon                0.107            0.036            0.819            0.988            0.987            0.985
crpi                    1.810            0.198            0.000            0.002            0.011            0.020
crr                     0.789            0.036            0.039            0.891            0.889            0.889
cry                     0.173            0.041            0.000            0.309            0.357            0.414
crdy                    0.153            0.035            0.000            0.114            0.106            0.112
constepinf              0.294            0.042            0.912            0.995            0.996            0.996
cprobe                  0.453            0.045            0.000            0.003            0.013            0.029
constebeta              0.050            0.020            0.000            0.796            0.805            0.820
cebar                   0.340            0.028            0.000            0.141            0.222            0.284
ctrend                  0.102            0.039            0.000            0.128            0.200            0.262
calfa                   0.189            0.027            0.684            0.978            0.978            0.977
crhog                   0.901            0.055            0.000            0.526            0.469            0.413
cgy                     0.350            0.103            0.000            0.095            0.101            0.103
crhob                   0.376            0.125            0.000            0.191            0.245            0.293
crhoqs                  0.775            0.119            0.000            0.000            0.001            0.001
crhoa                   0.994            0.004            0.000            0.448            0.475            0.488
crhopinf                0.931            0.061            0.000            0.003            0.022            0.049
crhow                   0.584            0.097            0.000            0.000            0.001            0.004
crhoms                  0.189            0.099            0.000            0.060            0.127            0.198
crhos                   0.993            0.005            0.000            0.256            0.356            0.406


Estimation::marginal density: I'm computing the posterior mean and covariance...  Done!
Estimation::marginal density: I'm computing the posterior log marginal density (modified harmonic mean)... Done!


ESTIMATION RESULTS

Log data density is -593.722178.

parameters
             prior mean   post. mean        90% HPD interval    prior       pstdev

csadjcost         4.000       3.9536      1.9426      5.7623   norm        1.5000
chabb             0.700       0.7956      0.7267      0.8679   beta        0.1000
csigl             2.000       4.5839      3.7468      5.3939   norm        0.7500
cprobw            0.500       0.5464      0.4685      0.6261   beta        0.0500
cprobp            0.500       0.6794      0.5811      0.7756   beta        0.1000
cindw             0.500       0.6827      0.5044      0.8646   beta        0.1500
cindp             0.500       0.2145      0.0587      0.3498   beta        0.1500
czcap             0.500       0.6990      0.5169      0.8916   beta        0.1500
cfc               1.250       1.5089      1.3508      1.6690   norm        0.1250
clandaw           1.250       1.2763      1.2189      1.3330   norm        0.1250
cupsilon          0.200       0.1062      0.0490      0.1611   beta        0.0500
crpi              1.500       1.8069      1.4928      2.1380   norm        0.2500
crr               0.750       0.7889      0.7327      0.8474   beta        0.1000
cry               0.125       0.1715      0.1045      0.2385   norm        0.0500
crdy              0.125       0.1530      0.0947      0.2096   norm        0.0500
constepinf        0.625       0.2940      0.2221      0.3610   gamm        0.1000
cprobe            0.500       0.4535      0.3781      0.5272   beta        0.1500
constebeta        0.250       0.0501      0.0185      0.0806   gamm        0.1000
cebar             0.200       0.3394      0.2948      0.3878   norm        0.0500
ctrend            0.300       0.1012      0.0384      0.1642   norm        0.0500
calfa             0.300       0.1890      0.1428      0.2325   norm        0.0500
crhog             0.500       0.9011      0.8241      0.9833   beta        0.2000
cgy               0.500       0.3500      0.1816      0.5163   beta        0.2000
crhob             0.500       0.3714      0.1761      0.5728   beta        0.2000
crhoqs            0.500       0.7701      0.6042      0.9657   beta        0.2000
crhoa             0.500       0.9938      0.9883      0.9994   beta        0.2000
crhopinf          0.500       0.9275      0.8760      0.9925   beta        0.2000
crhow             0.500       0.5866      0.4273      0.7501   beta        0.2000
crhoms            0.500       0.1918      0.0380      0.3381   beta        0.2000
crhos             0.500       0.9937      0.9877      0.9996   beta        0.2000

standard deviation of shocks
             prior mean   post. mean        90% HPD interval    prior       pstdev

ea                2.500       0.5573      0.4481      0.6682   unif        1.4434
eb                2.500       0.2450      0.1829      0.3061   unif        1.4434
eg                2.500       0.5063      0.4433      0.5698   unif        1.4434
eqs               2.500       0.4561      0.3462      0.5697   unif        1.4434
em                2.500       0.2625      0.2235      0.3006   unif        1.4434
epinf             2.500       0.0428      0.0225      0.0606   unif        1.4434
ew                2.500       0.1366      0.1001      0.1702   unif        1.4434
es                2.500       1.5772      1.2513      1.9006   unif        1.4434
Estimation::mcmc: Smoothed variables
Estimation::mcmc: Smoothed variables, done!
Estimation::mcmc: Smoothed shocks
Estimation::mcmc: Smoothed shocks, done!
Estimation::mcmc: Trend_coefficients
Estimation::mcmc: Trend_coefficients, done!
Estimation::mcmc: Smoothed constant
Estimation::mcmc: Smoothed constant, done!
Estimation::mcmc: Smoothed trend
Estimation::mcmc: Smoothed trend, done!
Estimation::mcmc: Updated Variables
Estimation::mcmc: Updated Variables, done!
Estimation::mcmc: Forecasted variables (mean)
Estimation::mcmc: Forecasted variables (mean), done!
Estimation::mcmc: Forecasted variables (point)
Estimation::mcmc: Forecasted variables (point), done!
Total computing time : 2h46m18s
Note: 43 warning(s) encountered in the preprocessor
Note: warning(s) encountered in MATLAB/Octave code
