Starting Dynare (version 4.5.7).
Starting preprocessing of the model file ...
Substitution of exo lags: added 2 auxiliary variables and equations.
Found 49 equation(s).
Evaluating expressions...done
Computing static model derivatives:
 - order 1
Computing dynamic model derivatives:
 - order 1
 - order 2
Processing outputs ...
done
Preprocessing completed.
[Warning: Some of the parameters have no value (bet, pistar, sprd, Fom, zstar, rstar, Rstarn, rkstar, omegastar, Lstar,
kstar, kbarstar, istar, ystar, cstar, wl_c, zwstar, sigwstar, omegabarstar, Gstar, Gammastar, dGdomegastar,
d2Gdomega2star, dGammadomegastar, d2Gammadomega2star, dGdsigmastar, d2Gdomegadsigmastar, dGammadsigmastar,
d2Gammadomegadsigmastar, muestar, nkstar, Rhostar, wekstar, vkstar, nstar, vstar, GammamuG, GammamuGprime, zeta_bw,
zeta_zw, zeta_bw_zw, zeta_bsigw, zeta_zsigw, zeta_spsigw, zeta_bmue, zeta_zmue, zeta_spmue, Rkstar, zeta_Gw,
zeta_Gsigw, zeta_nRk, zeta_nR, zeta_nqk, zeta_nn, zeta_nmue, zeta_nsigw) when using steady. If these parameters are not
initialized in a steadystate file or a steady_state_model-block, Dynare may not be able to solve the model...] 

STEADY-STATE RESULTS:

y_t              		 0
c_t              		 0
i_t              		 0
k_t              		 0
kbar_t           		 0
L_t              		 0
mc_t             		 0
pi_t             		 0
R_t              		 0
rk_t             		 0
u_t              		 0
w_t              		 0
muw_t            		 0
qk_t             		 0
Rktil_t          		 0
n_t              		 0
z_t              		 0
ztil_t           		 0
b_t              		 0
g_t              		 0
laf_t            		 0
law_t            		 0
sigw_t           		 0
mu_t             		 0
rm_t             		 0
gdp_rgd_obs      		 0.675032
hours_dngs15_obs 		 0.467095
wage_rgd_obs     		 0.675032
gdpdef_obs       		 0.636515
ffr_obs          		 1.24246
c_rgd_obs        		 0.675032
ifi_rgd_obs      		 0.675032
baag10_obs       		 0.449254
y_ft             		 0
c_ft             		 0
i_ft             		 0
k_ft             		 0
kbar_ft          		 0
L_ft             		 0
r_ft             		 0
rk_ft            		 0
u_ft             		 0
w_ft             		 0
qk_ft            		 0
outputgap_t      		 0
r_ft_obs         		 2.42378
r_ann_t          		 2.42378

EIGENVALUES:
         Modulus             Real        Imaginary

       5.616e-18       -5.616e-18                0
       4.193e-17        4.193e-17                0
       5.434e-17       -5.434e-17                0
       1.691e-16        1.691e-16                0
       1.849e-16       -1.849e-16                0
          0.1899           0.1743          0.07549
          0.1899           0.1743         -0.07549
          0.2185           0.2185                0
          0.2769           0.2719          0.05252
          0.2769           0.2719         -0.05252
          0.3298           0.3298                0
          0.3316           0.3316                0
          0.7042           0.7042                0
          0.8332           0.8332                0
          0.8395           0.8345          0.09142
          0.8395           0.8345         -0.09142
          0.9279           0.9279                0
          0.9326           0.9326                0
          0.9509           0.9509                0
          0.9583           0.9583                0
          0.9738           0.9738                0
          0.9788           0.9788                0
          0.9899           0.9899                0
           1.058            1.058                0
           1.138            1.138                0
           1.212            1.206           0.1134
           1.212            1.206          -0.1134
           1.231            1.231                0
           3.257            2.958            1.363
           3.257            2.958           -1.363
       2.167e+17       -2.167e+17                0
       4.148e+17        4.148e+17                0
       2.788e+18       -2.788e+18                0
       7.392e+18        7.392e+18                0
             Inf             -Inf                0


There are 12 eigenvalue(s) larger than 1 in modulus 
for 12 forward-looking variable(s)

The rank condition is verified.

Initial value of the log posterior (or likelihood): -4123678.8305
-----------------
f at the beginning of new iteration,   4123678.8305489090
Predicted improvement: 168004750886.771514893
lambda =          1; f =      5718376.9543025
lambda =    0.33333; f =      4300254.1191602
lambda =    0.11111; f =      4143111.5299935
lambda =   0.037037; f =      4125779.5779845
lambda =   0.012346; f =      4123894.0236239
lambda =  0.0041152; f =      4123697.5949872
lambda =  0.0013717; f =      4123679.7695272
lambda = 0.00045725; f =      4123678.8305629
lambda = 0.00015242; f =       191618.4875653
lambda = 5.0805e-05; f =       503974.5179831
lambda = 1.6935e-05; f =      1449101.1907577
Norm of dx     5796.6
----
Improvement on iteration 1 =  3932060.342983568
-----------------
f at the beginning of new iteration,    191618.4875653413
Predicted improvement: 138343204.546242237
lambda =          1; f =       192678.8214724
lambda =    0.33333; f =       191716.1326048
lambda =    0.11111; f =       191624.3701637
lambda =   0.037037; f =       191618.5237452
lambda =   0.012346; f =       191618.5631053
lambda =  0.0041152; f =       191618.4910708
lambda =  0.0013717; f =        54881.4948815
Norm of dx     166.41
----
Improvement on iteration 2 =   136736.992683839
-----------------
f at the beginning of new iteration,     54881.4948815020
Predicted improvement:  1373198.615325105
lambda =          1; f =        54999.5732113
lambda =    0.33333; f =        54891.8131056
lambda =    0.11111; f =        54882.2131953
lambda =   0.037037; f =        54881.5480332
lambda =   0.012346; f =        54881.4966819
lambda =  0.0041152; f =        45497.0707260
lambda =  0.0079555; f =        54881.4949622
lambda =  0.0053568; f =        43791.8095455
lambda =  0.0067914; f =        54881.4948815
lambda =  0.0058901; f =        54882.4913261
lambda =  0.0054079; f =        54882.4948244
Norm of dx      16.64
Cliff.  Perturbing search direction.
Predicted improvement:  2916755.579172197
lambda =          1; f =        55090.0382289
lambda =    0.33333; f =        54901.3705533
lambda =    0.11111; f =        54883.1689221
lambda =   0.037037; f =        54881.6321368
lambda =   0.012346; f =        54881.5028160
lambda =  0.0041152; f =        54882.4879043
lambda =  0.0013717; f =        47635.4073929
lambda =  0.0026518; f =        42109.6366570
lambda =  0.0051265; f =        54881.4949277
lambda =  0.0034519; f =        39356.9147432
lambda =  0.0043764; f =        54882.4790207
lambda =  0.0037956; f =        54882.4929623
lambda =  0.0034848; f =        39263.7170517
lambda =  0.0036681; f =        54882.4942384
lambda =   0.003557; f =        39068.8851018
lambda =  0.0036232; f =        54882.4946243
lambda =  0.0035833; f =        39001.4584626
Norm of dx     26.755
Cliff again.  Try traversing
Predicted improvement: 6070943832.965330124
lambda =          1; f =    916306759.4234039
lambda =    0.33333; f =    101840205.6488342
lambda =    0.11111; f =     11357564.3716286
lambda =   0.037037; f =      1308485.0548916
lambda =   0.012346; f =       193436.5168690
lambda =  0.0041152; f =        70047.4841192
lambda =  0.0013717; f =        56499.4034219
lambda = 0.00045725; f =        55041.1329628
lambda = 0.00015242; f =        54893.9738369
lambda = 5.0805e-05; f =        54881.8596053
lambda = 1.6935e-05; f =       877747.3454779
lambda =  5.645e-06; f =        56999.3191049
lambda = 1.8817e-06; f =        42144.8199412
Norm of dx 1.1019e+05
----
Improvement on iteration 3 =    15880.036418857
back and forth on step length never finished
-----------------
f at the beginning of new iteration,     39001.4584626448
Predicted improvement:  1373198.615325105
lambda =          1; f =        39120.6214085
lambda =    0.33333; f =        39012.0952979
lambda =    0.11111; f =        39002.2552070
lambda =   0.037037; f =        39001.5321126
lambda =   0.012346; f =        39001.4653965
lambda =  0.0041152; f =        39001.4588856
lambda =  0.0013717; f =        39002.4287579
lambda = 0.00045725; f =        39002.4554120
lambda = 0.00015242; f =        39002.4576680
lambda = 5.0805e-05; f =        39002.4582556
lambda = 1.6935e-05; f =        39002.4584372
lambda =  5.645e-06; f =        38996.1450550
Norm of dx      16.64
----
Improvement on iteration 4 =        5.313407599
-----------------
f at the beginning of new iteration,     38996.1450550462
Predicted improvement:   487265.792984493
lambda =          1; f =        39019.2245850
lambda =    0.33333; f =        38997.3612438
lambda =    0.11111; f =        38996.1463883
lambda =   0.037037; f =        38996.1520146
lambda =   0.012346; f =        32385.2541201
Norm of dx     9.8745
----
Improvement on iteration 5 =     6610.890934981
-----------------
f at the beginning of new iteration,     32385.2541200648
Predicted improvement:   635243.100159508
lambda =          1; f =        32461.5366316
lambda =    0.33333; f =        32390.8103754
lambda =    0.11111; f =        32385.4810968
lambda =   0.037037; f =        32385.2645641
lambda =   0.012346; f =        32386.2415546
lambda =  0.0041152; f =        27722.9487604
lambda =  0.0079555; f =        24415.0817334
lambda =   0.015379; f =        32385.2542112
lambda =   0.010356; f =        32386.2540327
lambda =   0.008168; f =        24267.4627553
lambda =  0.0094179; f =        23513.9874651
lambda =   0.010859; f =        32386.2523911
lambda =  0.0099698; f =        23268.3180240
lambda =   0.010494; f =        32386.2536308
lambda =   0.010176; f =        23196.9887350
lambda =   0.010366; f =        32386.2540041
lambda =   0.010252; f =        23174.4135985
Norm of dx     17.163
Cliff.  Perturbing search direction.
Predicted improvement:  1085924.768049334
lambda =          1; f =        32482.4923671
lambda =    0.33333; f =        32392.8157443
lambda =    0.11111; f =        32385.6291020
lambda =   0.037037; f =        32385.2668644
lambda =   0.012346; f =        32385.2541201
lambda =  0.0041152; f =        24741.2038840
lambda =  0.0079555; f =        19689.8628566
lambda =   0.015379; f =        32385.2543156
lambda =   0.010356; f =        32386.2515873
lambda =   0.008168; f =        19470.0175361
lambda =  0.0094179; f =        18354.9918906
Norm of dx     22.726

badg2 =

     0

----
Improvement on iteration 6 =    14030.262229418
warning: possible inaccuracy in H matrix
-----------------
f at the beginning of new iteration,     18354.9918906468
Predicted improvement:   192581.228358368
lambda =          1; f =        18364.1526062
lambda =    0.33333; f =        18355.3664465
lambda =    0.11111; f =        18355.0175582
lambda =   0.037037; f =        18354.9919057
lambda =   0.012346; f =        14855.1525291
lambda =   0.023866; f =        12679.3569609
Norm of dx      6.888
----
Improvement on iteration 7 =     5675.634929775
-----------------
f at the beginning of new iteration,     12679.3569608714
Predicted improvement:    46089.608486534
lambda =          1; f =        12681.6601701
lambda =    0.33333; f =        12679.4063264
lambda =    0.11111; f =        12382.0478193
lambda =   0.037037; f =        10334.3306297
Norm of dx     3.3954
----
Improvement on iteration 8 =     2345.026331204
-----------------
f at the beginning of new iteration,     10334.3306296675
Predicted improvement:    27379.636251774
lambda =          1; f =        10336.3142942
lambda =    0.33333; f =        10334.4172203
lambda =    0.11111; f =        10334.3346119
lambda =   0.037037; f =         8656.7729900
lambda =   0.071599; f =        10334.3306387
lambda =   0.048211; f =         8358.8251672
lambda =   0.061123; f =         8290.9899101
Norm of dx     2.9032
----
Improvement on iteration 9 =     2043.340719585
-----------------
f at the beginning of new iteration,      8290.9899100829
Predicted improvement:     7627.626592770
lambda =          1; f =         8291.0093477
lambda =    0.33333; f =         8290.9938794
lambda =    0.11111; f =         8290.9899104
lambda =   0.037037; f =         7797.7329801
lambda =   0.071599; f =         7453.2163676
lambda =    0.13841; f =         8290.9899255
lambda =     0.0932; f =         7285.2203927
lambda =    0.11816; f =         8290.9899122
lambda =    0.10248; f =         7221.7042303
Norm of dx      1.242
----
Improvement on iteration 10 =     1069.285679792
warning: possible inaccuracy in H matrix
-----------------
f at the beginning of new iteration,      7221.7042302914
Predicted improvement:    10463.480669802
lambda =          1; f =         7221.8533920
lambda =    0.33333; f =         7221.7071929
lambda =    0.11111; f =         7221.7044617
lambda =   0.037037; f =         7221.7042303
lambda =   0.012346; f =         6976.2497836
lambda =   0.023866; f =         6771.0643795
lambda =   0.046138; f =         7221.7042304
lambda =   0.031067; f =         7221.7042303
lambda =   0.024504; f =         6760.4324747
lambda =   0.028254; f =         7221.7042303
lambda =    0.02594; f =         6736.8073512
lambda =   0.027304; f =         7221.7042303
lambda =   0.026477; f =         7221.7042303
lambda =   0.025993; f =         6735.9404654
lambda =   0.026283; f =         6731.2403158
lambda =   0.026575; f =         7221.7042303
Norm of dx     2.0711
Cliff.  Perturbing search direction.
Predicted improvement:    26728.569450402
lambda =          1; f =         7221.9598119
lambda =    0.33333; f =         7221.7055664
lambda =    0.11111; f =         7221.7069180
lambda =   0.037037; f =         7221.7042304
lambda =   0.012346; f =         6610.9747811
lambda =   0.023866; f =         7221.7042303
lambda =    0.01607; f =         6445.4488464
lambda =   0.020374; f =         6264.7650214
lambda =   0.025831; f =         7221.7042303
lambda =   0.022403; f =         7221.7042303
lambda =   0.020569; f =         6256.8796252
lambda =    0.02165; f =         6213.4278158
lambda =   0.022789; f =         7221.7042303
lambda =   0.022099; f =         7221.7042303
lambda =   0.021695; f =         6211.6595326
lambda =   0.021936; f =         6202.0713622
lambda =   0.022181; f =         7221.7042303
Norm of dx     2.6908
Cliff again.  Try traversing
Predicted improvement: 211968329.046158493
lambda =          1; f =    100130691.4514944
lambda =    0.33333; f =     11126063.8115296
lambda =    0.11111; f =      1240671.9541654
lambda =   0.037037; f =       143617.9075184
lambda =   0.012346; f =        22163.7791573
lambda =  0.0041152; f =         8815.6268277
lambda =  0.0013717; f =         7380.0332462
lambda = 0.00045725; f =         7233.9933959
lambda = 0.00015242; f =         7221.9706959
lambda = 5.0805e-05; f =         7221.7319103
lambda = 1.6935e-05; f =         3270.2693495
Norm of dx      20590
----
Improvement on iteration 11 =     3951.434880814
-----------------
f at the beginning of new iteration,      3270.2693494770
Predicted improvement:     3036.429737391
lambda =          1; f =         3270.2699038
lambda =    0.33333; f =         2872.9814361
lambda =    0.11111; f =         2898.4046521
Norm of dx    0.78126
----
Improvement on iteration 12 =      397.287913340
-----------------
f at the beginning of new iteration,      2872.9814361374
Predicted improvement:     2297.333683722
lambda =          1; f =         2872.9814585
lambda =    0.33333; f =         2873.0034464
lambda =    0.11111; f =         2872.9835023
lambda =   0.037037; f =         2872.9815605
lambda =   0.012346; f =         2772.7295583
lambda =   0.023866; f =         2872.9814617
lambda =    0.01607; f =         2872.9814382
lambda =   0.012676; f =         2770.1918458
lambda =   0.014615; f =         2872.9814367
lambda =   0.013418; f =         2872.9814362
lambda =   0.012748; f =         2769.7608269
lambda =   0.013146; f =         2872.9814361
lambda =   0.012906; f =         2769.1429787
lambda =   0.013049; f =         2872.9814361
Norm of dx    0.79367
Cliff.  Perturbing search direction.
Predicted improvement:     4181.148820579
lambda =          1; f =         2872.9814439
lambda =    0.33333; f =         2873.0351580
lambda =    0.11111; f =         2872.9868034
lambda =   0.037037; f =         2872.9818532
lambda =   0.012346; f =         2872.9814440
lambda =  0.0041152; f =         2828.3584377
lambda =  0.0079555; f =         2762.4093196
lambda =   0.015379; f =         2872.9814609
lambda =   0.010356; f =         2872.9814381
lambda =   0.008168; f =         2759.3573464
lambda =  0.0094179; f =         2872.9814367
lambda =  0.0086467; f =         2872.9814362
lambda =  0.0082147; f =         2758.7813233
lambda =  0.0084712; f =         2872.9814361
lambda =  0.0083164; f =         2757.7297567
lambda =  0.0084089; f =         2872.9814361
Norm of dx     1.0658
Cliff again.  Try traversing
Predicted improvement:  9916026.132732699
lambda =          1; f =      5013122.8963531
lambda =    0.33333; f =       557438.5535494
lambda =    0.11111; f =        63788.1587754
lambda =   0.037037; f =         9413.3293501
lambda =   0.012346; f =         3530.0667653
lambda =  0.0041152; f =         2928.4354537
lambda =  0.0013717; f =         2876.6808099
lambda = 0.00045725; f =         2873.1196607
lambda = 0.00015242; f =         2872.9943647
lambda = 5.0805e-05; f =         2556.3720323
Norm of dx     4453.3
----
Improvement on iteration 13 =      316.609403816
-----------------
f at the beginning of new iteration,      2556.3720323216
Predicted improvement:     2267.135417062
lambda =          1; f =         2556.4410480
lambda =    0.33333; f =         2556.3785913
lambda =    0.11111; f =         2556.3724491
lambda =   0.037037; f =         2556.3720324
lambda =   0.012346; f =         2501.1695951
lambda =   0.023866; f =         2449.3283664
lambda =   0.046138; f =         2556.3720396
lambda =   0.031067; f =         2416.0614126
lambda =   0.039387; f =         2556.3720331
lambda =    0.03416; f =         2402.6121135
lambda =   0.037207; f =         2556.3720324
lambda =   0.035348; f =         2398.2705226
lambda =   0.036452; f =         2556.3720323
lambda =   0.035785; f =         2397.0692992
lambda =   0.036184; f =         2396.6183346
lambda =   0.036586; f =         2556.3720323
Norm of dx     0.6995
Cliff.  Perturbing search direction.
Predicted improvement:     3068.370263084
lambda =          1; f =         2556.4512579
lambda =    0.33333; f =         2556.3795574
lambda =    0.11111; f =         2556.3725311
lambda =   0.037037; f =         2556.3720331
lambda =   0.012346; f =         2482.8648913
lambda =   0.023866; f =         2415.9843648
lambda =   0.046138; f =         2556.3720446
lambda =   0.031067; f =         2374.6446369
lambda =   0.039387; f =         2556.3720347
lambda =    0.03416; f =         2556.3720323
lambda =   0.031363; f =         2373.0529741
lambda =   0.033013; f =         2364.8281287
lambda =   0.034749; f =         2556.3720324
lambda =   0.033696; f =         2362.1848222
lambda =   0.034324; f =         2556.3720323
lambda =   0.033946; f =         2361.6279326
Norm of dx    0.87451
Cliff again.  Try traversing
Predicted improvement: 14536089.387535486
lambda =          1; f =      4698404.3917776
lambda =    0.33333; f =       521724.5492195
lambda =    0.11111; f =        59398.3694695
lambda =   0.037037; f =         8611.8400177
lambda =   0.012346; f =         3161.3668937
lambda =  0.0041152; f =         2609.6681270
lambda =  0.0013717; f =         2559.6860172
lambda = 0.00045725; f =         2556.4398671
lambda = 0.00015242; f =         2556.3730586
lambda = 5.0805e-05; f =         2165.3422010
lambda = 1.6935e-05; f =         2182.3745062
lambda = 3.2739e-05; f =         2106.1532312
Norm of dx     5391.9
----
Improvement on iteration 14 =      450.218801138
-----------------
f at the beginning of new iteration,      2106.1532311836
Predicted improvement:      996.367917215
lambda =          1; f =         2106.1532603
lambda =    0.33333; f =         2106.1540647
lambda =    0.11111; f =         2106.1532380
lambda =   0.037037; f =         2034.6763361
lambda =   0.071599; f =         1968.7376912
lambda =    0.13841; f =         2106.1532653
lambda =     0.0932; f =         2106.1532314
lambda =   0.073512; f =         1965.0490215
lambda =   0.084761; f =         1944.2840035
lambda =    0.09773; f =         2106.1532323
lambda =   0.089728; f =         2106.1532312
lambda =   0.085245; f =         1943.4968429
lambda =   0.087907; f =         1939.8344166
lambda =   0.090653; f =         2106.1532312
lambda =   0.088995; f =         2106.1532312
lambda =   0.088015; f =         1939.7336559
Norm of dx    0.58603
Cliff.  Perturbing search direction.
Predicted improvement:     1384.954825942
lambda =          1; f =         2106.1534404
lambda =    0.33333; f =         2106.1547652
lambda =    0.11111; f =         2106.1532678
lambda =   0.037037; f =         2005.0888563
lambda =   0.071599; f =         2106.1532312
lambda =   0.048211; f =         1974.1598182
lambda =   0.061123; f =         1937.6794030
lambda =   0.077493; f =         2106.1532323
lambda =   0.067209; f =         1921.2158475
lambda =   0.073203; f =         2106.1532313
lambda =   0.069545; f =         1915.9922127
lambda =   0.071717; f =         2106.1532312
lambda =   0.070406; f =         1914.9559985
lambda =    0.07119; f =         2106.1532312
Norm of dx    0.65285
Cliff again.  Try traversing
Predicted improvement:  1730800.237461775
lambda =          1; f =       566719.0669857
lambda =    0.33333; f =        64416.9288657
lambda =    0.11111; f =         8892.8921288
lambda =   0.037037; f =         2819.2961223
lambda =   0.012346; f =         2174.7864047
lambda =  0.0041152; f =         2111.2605106
lambda =  0.0013717; f =         2106.3605964
lambda = 0.00045725; f =         2106.2569719
lambda = 0.00015242; f =         2106.1543773
lambda = 5.0805e-05; f =         2134.1870440
lambda = 1.6935e-05; f =         2078.7812142
Norm of dx     1860.5
----
Improvement on iteration 15 =      191.197232713
back and forth on step length never finished
-----------------
f at the beginning of new iteration,      1914.9559984707
Predicted improvement:      996.367917215
lambda =          1; f =         1914.9561018
lambda =    0.33333; f =         1914.9575480
lambda =    0.11111; f =         1914.9561704
lambda =   0.037037; f =         1914.9560175
lambda =   0.012346; f =         1914.9560006
lambda =  0.0041152; f =         1914.9559987
lambda =  0.0013717; f =         1914.9559985
lambda = 0.00045725; f =         1914.9559985
lambda = 0.00015242; f =         1914.9559985
lambda = 5.0805e-05; f =         1914.9626502
lambda = 1.6935e-05; f =         1914.9574091
lambda =  5.645e-06; f =         1914.9563825
lambda = 1.8817e-06; f =         1914.9561170
lambda = 6.2723e-07; f =         1914.9560369
lambda = 2.0908e-07; f =         1914.9560112
lambda = 6.9692e-08; f =         1914.9560027
lambda = 2.3231e-08; f =         1914.9559999
lambda = 7.7435e-09; f =         1914.9559989
lambda = 2.5812e-09; f =         1914.9559986

lambda =

  -6.2723e-07

lambda = -6.2723e-07; f =         1914.9559610
Norm of dx    0.58603
----
Improvement on iteration 16 =        0.000037428
-----------------
f at the beginning of new iteration,      1914.9559610426
Predicted improvement:     8127.276818820
lambda =          1; f =         1915.0421284
lambda =    0.33333; f =         1914.9595957
lambda =    0.11111; f =         1914.9559913
lambda =   0.037037; f =         1963.1433281
lambda =   0.012346; f =         1930.6954120
lambda =  0.0041152; f =         1925.1788037
lambda =  0.0013717; f =         1917.1421227
lambda = 0.00045725; f =         1914.0587866
lambda = 0.00015242; f =         1913.9116815
Norm of dx     1.9829
----
Improvement on iteration 17 =        1.044279557
-----------------
f at the beginning of new iteration,      1913.9116814858
Predicted improvement:      624.006677897
lambda =          1; f =         1914.9103174
lambda =    0.33333; f =         1626.1938261
Norm of dx    0.41589
----
Improvement on iteration 18 =      287.717855337
-----------------
f at the beginning of new iteration,      1626.1938261487
Predicted improvement:      300.413365501
lambda =          1; f =         1626.1940983
lambda =    0.33333; f =         1452.6486424
lambda =    0.64439; f =         1430.2736774
Norm of dx    0.27395
----
Improvement on iteration 19 =      195.920148745
-----------------
f at the beginning of new iteration,      1430.2736774033
Predicted improvement:     1685.125137149
lambda =          1; f =         1430.2777113
lambda =    0.33333; f =         1430.2738229
lambda =    0.11111; f =         1191.3343422
Norm of dx     1.2546
----
Improvement on iteration 20 =      238.939335215
-----------------
f at the beginning of new iteration,      1191.3343421880
Predicted improvement:      145.934189013
lambda =          1; f =         1191.3345389
lambda =    0.33333; f =         1106.4667130
lambda =    0.64439; f =         1049.0875853
lambda =     1.2457; f =         1191.3352670
lambda =     0.8388; f =         1191.3343529
lambda =    0.66161; f =         1046.7381027
lambda =    0.76285; f =         1036.7134453
Norm of dx    0.27925
----
Improvement on iteration 21 =      154.620896855
warning: possible inaccuracy in H matrix
-----------------
f at the beginning of new iteration,      1036.7134453328
Predicted improvement:      135.021285363
lambda =          1; f =          922.8649576
Norm of dx     0.2596
----
Improvement on iteration 22 =      113.848487720
-----------------
f at the beginning of new iteration,       922.8649576128
Predicted improvement:       50.058398631
lambda =          1; f =          849.2225032
lambda =     1.9332; f =          819.0498947
Norm of dx    0.16834
----
Improvement on iteration 23 =      103.815062905
-----------------
f at the beginning of new iteration,       819.0498947080
Predicted improvement:       22.274256482
lambda =          1; f =          819.0499404
lambda =    0.33333; f =          806.0975839
lambda =    0.64439; f =          798.1407791
lambda =     1.2457; f =          819.0500775
lambda =     0.8388; f =          819.0499001
lambda =    0.66161; f =          797.9267236
lambda =    0.76285; f =          819.0498948
lambda =    0.70038; f =          797.7119116
Norm of dx    0.11802
----
Improvement on iteration 24 =       21.337983080
warning: possible inaccuracy in H matrix
-----------------
f at the beginning of new iteration,       797.7119116282
Predicted improvement:       43.807820493
lambda =          1; f =          788.0774009
lambda =    0.33333; f =          783.1659907
Norm of dx    0.16971
----
Improvement on iteration 25 =       14.545920917
-----------------
f at the beginning of new iteration,       783.1659907116
Predicted improvement:       10.996371551
lambda =          1; f =          769.6553213
Norm of dx    0.12154
----
Improvement on iteration 26 =       13.510669459
-----------------
f at the beginning of new iteration,       769.6553212525
Predicted improvement:        5.105656240
lambda =          1; f =          761.1944541
lambda =     1.9332; f =          756.5201511
Norm of dx   0.079786
----
Improvement on iteration 27 =       13.135170123
-----------------
f at the beginning of new iteration,       756.5201511293
Predicted improvement:        7.972004539
lambda =          1; f =          745.7546485
Norm of dx    0.10723
----
Improvement on iteration 28 =       10.765502604
-----------------
f at the beginning of new iteration,       745.7546485254
Predicted improvement:        3.947183493
lambda =          1; f =          739.7927755
lambda =     1.9332; f =          737.5871623
Norm of dx   0.081161
----
Improvement on iteration 29 =        8.167486257
-----------------
f at the beginning of new iteration,       737.5871622685
Predicted improvement:        2.710833059
lambda =          1; f =          732.7952233
lambda =     1.9332; f =          729.3879133
lambda =     3.7372; f =          725.5643397
Norm of dx   0.037134
----
Improvement on iteration 30 =       12.022822611
-----------------
f at the beginning of new iteration,       725.5643396571
Predicted improvement:        3.257163784
lambda =          1; f =          720.3803640
lambda =     1.9332; f =          717.9118146
Norm of dx   0.057278
----
Improvement on iteration 31 =        7.652525011
-----------------
f at the beginning of new iteration,       717.9118146460
Predicted improvement:        3.302475384
lambda =          1; f =          712.3255858
lambda =     1.9332; f =          708.8636581
lambda =     3.7372; f =          706.8047816
Norm of dx   0.083993
----
Improvement on iteration 32 =       11.107032997
-----------------
f at the beginning of new iteration,       706.8047816490
Predicted improvement:        3.124467016
lambda =          1; f =          702.0303724
lambda =     1.9332; f =          700.0248512
Norm of dx    0.04371
----
Improvement on iteration 33 =        6.779930491
-----------------
f at the beginning of new iteration,       700.0248511584
Predicted improvement:        2.142338592
lambda =          1; f =          696.6225996
lambda =     1.9332; f =          695.1076306
Norm of dx   0.062892
----
Improvement on iteration 34 =        4.917220562
-----------------
f at the beginning of new iteration,       695.1076305966
Predicted improvement:        1.954973149
lambda =          1; f =          691.5835687
lambda =     1.9332; f =          689.0021311
lambda =     3.7372; f =          686.1114336
Norm of dx   0.045129
----
Improvement on iteration 35 =        8.996196996
-----------------
f at the beginning of new iteration,       686.1114336003
Predicted improvement:        5.415530049
lambda =          1; f =          677.6154955
lambda =     1.9332; f =          676.0469258
Norm of dx   0.083225
----
Improvement on iteration 36 =       10.064507840
-----------------
f at the beginning of new iteration,       676.0469257606
Predicted improvement:       24.878944724
lambda =          1; f =          676.0470050
lambda =    0.33333; f =          670.3140012
Norm of dx    0.20318
----
Improvement on iteration 37 =        5.732924552
-----------------
f at the beginning of new iteration,       670.3140012081
Predicted improvement:        6.449010678
lambda =          1; f =          667.1779467
lambda =    0.33333; f =          667.1846076
lambda =    0.64439; f =          666.2070088
Norm of dx    0.13235
----
Improvement on iteration 38 =        4.106992425
-----------------
f at the beginning of new iteration,       666.2070087827
Predicted improvement:        1.943196627
lambda =          1; f =          663.3304931
lambda =     1.9332; f =          662.3133603
Norm of dx    0.03772
----
Improvement on iteration 39 =        3.893648442
-----------------
f at the beginning of new iteration,       662.3133603411
Predicted improvement:        4.592602835
lambda =          1; f =          655.3783492
lambda =     1.9332; f =          655.8437951
Norm of dx    0.12226
----
Improvement on iteration 40 =        6.935011107
-----------------
f at the beginning of new iteration,       655.3783492336
Predicted improvement:        6.752744295
lambda =          1; f =          648.8722635
Norm of dx    0.14227
----
Improvement on iteration 41 =        6.506085734
-----------------
f at the beginning of new iteration,       648.8722634994
Predicted improvement:        4.579623405
lambda =          1; f =          643.9724718
Norm of dx   0.076175
----
Improvement on iteration 42 =        4.899791734
-----------------
f at the beginning of new iteration,       643.9724717650
Predicted improvement:        4.028439271
lambda =          1; f =          637.2612302
lambda =     1.9332; f =          633.3772203
Norm of dx   0.058913
----
Improvement on iteration 43 =       10.595251493
-----------------
f at the beginning of new iteration,       633.3772202723
Predicted improvement:        8.083514603
lambda =          1; f =          622.4878578
Norm of dx    0.15512
----
Improvement on iteration 44 =       10.889362521
-----------------
f at the beginning of new iteration,       622.4878577514
Predicted improvement:        9.476215302
lambda =          1; f =          611.2594436
Norm of dx    0.11478
----
Improvement on iteration 45 =       11.228414179
-----------------
f at the beginning of new iteration,       611.2594435720
Predicted improvement:        5.485446685
lambda =          1; f =          603.4676452
lambda =     1.9332; f =          602.5910367
Norm of dx    0.07056
----
Improvement on iteration 46 =        8.668406893
-----------------
f at the beginning of new iteration,       602.5910366786
Predicted improvement:       14.536620436
lambda =          1; f =          598.2636709
lambda =    0.33333; f =          597.3063494
Norm of dx     0.1497
----
Improvement on iteration 47 =        5.284687296
-----------------
f at the beginning of new iteration,       597.3063493831
Predicted improvement:        6.316884938
lambda =          1; f =          590.5354200
Norm of dx   0.067483
----
Improvement on iteration 48 =        6.770929417
-----------------
f at the beginning of new iteration,       590.5354199666
Predicted improvement:       10.427018439
lambda =          1; f =          656.0371501
lambda =    0.33333; f =          586.2675584
Norm of dx    0.18259
----
Improvement on iteration 49 =        4.267861584
-----------------
f at the beginning of new iteration,       586.2675583829
Predicted improvement:        8.606825840
lambda =          1; f =          577.0693561
Norm of dx    0.15055
----
Improvement on iteration 50 =        9.198202297
-----------------
f at the beginning of new iteration,       577.0693560858
Predicted improvement:        9.722608714
lambda =          1; f =          562.7951932
lambda =     1.9332; f =          577.0693780
lambda =     1.3017; f =          561.0069637
Norm of dx    0.14706
----
Improvement on iteration 51 =       16.062392419
-----------------
f at the beginning of new iteration,       561.0069636673
Predicted improvement:        4.882922628
lambda =          1; f =          561.0069939
lambda =    0.33333; f =          558.1609331
lambda =    0.64439; f =          556.8530489
Norm of dx    0.10944
----
Improvement on iteration 52 =        4.153914722
-----------------
f at the beginning of new iteration,       556.8530489448
Predicted improvement:       11.386605688
lambda =          1; f =          542.5367470
Norm of dx   0.099904
----
Improvement on iteration 53 =       14.316301902
-----------------
f at the beginning of new iteration,       542.5367470424
Predicted improvement:       29.181738844
lambda =          1; f =          582.9447886
lambda =    0.33333; f =          535.2465569
Norm of dx    0.32386
----
Improvement on iteration 54 =        7.290190130
-----------------
f at the beginning of new iteration,       535.2465569129
Predicted improvement:        5.084370511
lambda =          1; f =          527.9053784
lambda =     1.9332; f =          529.9397070
lambda =     1.3017; f =          527.2532403
Norm of dx   0.093442
----
Improvement on iteration 55 =        7.993316593
-----------------
f at the beginning of new iteration,       527.2532403203
Predicted improvement:        4.966989563
lambda =          1; f =          523.3240933
Norm of dx   0.067693
----
Improvement on iteration 56 =        3.929147032
-----------------
f at the beginning of new iteration,       523.3240932887
Predicted improvement:        5.145593772
lambda =          1; f =          519.5486663
Norm of dx   0.060286
----
Improvement on iteration 57 =        3.775426948
-----------------
f at the beginning of new iteration,       519.5486663406
Predicted improvement:        3.393429315
lambda =          1; f =          515.4303510
Norm of dx   0.063227
----
Improvement on iteration 58 =        4.118315347
-----------------
f at the beginning of new iteration,       515.4303509932
Predicted improvement:        2.162170231
lambda =          1; f =          512.3536475
lambda =     1.9332; f =          511.9157857
Norm of dx    0.05022
----
Improvement on iteration 59 =        3.514565332
-----------------
f at the beginning of new iteration,       511.9157856610
Predicted improvement:        1.682000350
lambda =          1; f =          510.3059881
Norm of dx   0.038897
----
Improvement on iteration 60 =        1.609797545
-----------------
f at the beginning of new iteration,       510.3059881156
Predicted improvement:        1.187194409
lambda =          1; f =          509.8607202
lambda =    0.33333; f =          509.8047179
Norm of dx   0.036632
----
Improvement on iteration 61 =        0.501270255
-----------------
f at the beginning of new iteration,       509.8047178610
Predicted improvement:        0.610042161
lambda =          1; f =          509.2228513
Norm of dx   0.037759
----
Improvement on iteration 62 =        0.581866526
-----------------
f at the beginning of new iteration,       509.2228513352
Predicted improvement:        0.496322717
lambda =          1; f =          508.4144991
lambda =     1.9332; f =          507.9814489
Norm of dx   0.020048
----
Improvement on iteration 63 =        1.241402414
-----------------
f at the beginning of new iteration,       507.9814489211
Predicted improvement:        0.976742768
lambda =          1; f =          506.4905025
lambda =     1.9332; f =          505.9152732
Norm of dx   0.031991
----
Improvement on iteration 64 =        2.066175675
-----------------
f at the beginning of new iteration,       505.9152732457
Predicted improvement:        0.700593927
lambda =          1; f =          504.9535179
Norm of dx   0.033366
----
Improvement on iteration 65 =        0.961755378
-----------------
f at the beginning of new iteration,       504.9535178676
Predicted improvement:        0.897664647
lambda =          1; f =          503.6585314
lambda =     1.9332; f =          503.5014948
Norm of dx   0.043799
----
Improvement on iteration 66 =        1.452023029
-----------------
f at the beginning of new iteration,       503.5014948387
Predicted improvement:        0.523621713
lambda =          1; f =          502.7250059
lambda =     1.9332; f =          502.4634862
Norm of dx    0.01667
----
Improvement on iteration 67 =        1.038008633
-----------------
f at the beginning of new iteration,       502.4634862058
Predicted improvement:        0.448448723
lambda =          1; f =          501.7033388
lambda =     1.9332; f =          501.2406518
lambda =     3.7372; f =          501.0328238
Norm of dx   0.029414
----
Improvement on iteration 68 =        1.430662454
-----------------
f at the beginning of new iteration,       501.0328237521
Predicted improvement:        0.581187803
lambda =          1; f =          500.1906999
lambda =     1.9332; f =          499.9961800
Norm of dx   0.026056
----
Improvement on iteration 69 =        1.036643742
-----------------
f at the beginning of new iteration,       499.9961800097
Predicted improvement:        0.500258048
lambda =          1; f =          499.4171176
Norm of dx   0.019698
----
Improvement on iteration 70 =        0.579062399
-----------------
f at the beginning of new iteration,       499.4171176103
Predicted improvement:        0.338912196
lambda =          1; f =          498.8802450
lambda =     1.9332; f =          498.6466722
Norm of dx   0.029225
----
Improvement on iteration 71 =        0.770445425
-----------------
f at the beginning of new iteration,       498.6466721854
Predicted improvement:        0.494625945
lambda =          1; f =          497.8373414
lambda =     1.9332; f =          497.4294615
Norm of dx    0.02498
----
Improvement on iteration 72 =        1.217210690
-----------------
f at the beginning of new iteration,       497.4294614955
Predicted improvement:        0.864414887
lambda =          1; f =          496.2791119
Norm of dx   0.034539
----
Improvement on iteration 73 =        1.150349552
-----------------
f at the beginning of new iteration,       496.2791119440
Predicted improvement:        0.672740695
lambda =          1; f =          495.7682055
Norm of dx    0.03972
----
Improvement on iteration 74 =        0.510906478
-----------------
f at the beginning of new iteration,       495.7682054656
Predicted improvement:        0.857824621
lambda =          1; f =          495.1602518
Norm of dx   0.029793
----
Improvement on iteration 75 =        0.607953691
-----------------
f at the beginning of new iteration,       495.1602517751
Predicted improvement:        0.446498356
lambda =          1; f =          494.5071927
lambda =     1.9332; f =          494.2628810
Norm of dx    0.01514
----
Improvement on iteration 76 =        0.897370748
-----------------
f at the beginning of new iteration,       494.2628810271
Predicted improvement:        0.396360334
lambda =          1; f =          493.6199295
lambda =     1.9332; f =          493.3090412
Norm of dx   0.020761
----
Improvement on iteration 77 =        0.953839847
-----------------
f at the beginning of new iteration,       493.3090411797
Predicted improvement:        0.428367858
lambda =          1; f =          492.7352649
Norm of dx   0.022892
----
Improvement on iteration 78 =        0.573776323
-----------------
f at the beginning of new iteration,       492.7352648572
Predicted improvement:        0.242176476
lambda =          1; f =          492.3972215
Norm of dx   0.025726
----
Improvement on iteration 79 =        0.338043387
-----------------
f at the beginning of new iteration,       492.3972214703
Predicted improvement:        0.197877548
lambda =          1; f =          492.1169498
lambda =     1.9332; f =          492.0815438
Norm of dx   0.017271
----
Improvement on iteration 80 =        0.315677675
-----------------
f at the beginning of new iteration,       492.0815437948
Predicted improvement:        0.178201192
lambda =          1; f =          491.7880177
lambda =     1.9332; f =          491.6126313
Norm of dx  0.0086995
----
Improvement on iteration 81 =        0.468912474
-----------------
f at the beginning of new iteration,       491.6126313210
Predicted improvement:        0.458630075
lambda =          1; f =          490.8355311
lambda =     1.9332; f =          490.3526340
lambda =     3.7372; f =          490.0553247
Norm of dx   0.024523
----
Improvement on iteration 82 =        1.557306640
-----------------
f at the beginning of new iteration,       490.0553246806
Predicted improvement:        0.716106968
lambda =          1; f =          488.8148722
lambda =     1.9332; f =          487.9930097
lambda =     3.7372; f =          487.2919878
Norm of dx   0.035666
----
Improvement on iteration 83 =        2.763336871
-----------------
f at the beginning of new iteration,       487.2919878098
Predicted improvement:        0.622180564
lambda =          1; f =          486.3999539
lambda =     1.9332; f =          486.2601873
Norm of dx   0.043525
----
Improvement on iteration 84 =        1.031800531
-----------------
f at the beginning of new iteration,       486.2601872789
Predicted improvement:        0.370184486
lambda =          1; f =          485.7329773
lambda =     1.9332; f =          485.6201253
Norm of dx   0.020543
----
Improvement on iteration 85 =        0.640062027
-----------------
f at the beginning of new iteration,       485.6201252522
Predicted improvement:        0.389629809
lambda =          1; f =          484.9370419
lambda =     1.9332; f =          484.4738409
lambda =     3.7372; f =          484.1002212
Norm of dx   0.023919
----
Improvement on iteration 86 =        1.519904061
-----------------
f at the beginning of new iteration,       484.1002211909
Predicted improvement:        0.621323327
lambda =          1; f =          483.3417685
Norm of dx   0.068246
----
Improvement on iteration 87 =        0.758452656
-----------------
f at the beginning of new iteration,       483.3417685349
Predicted improvement:        0.486849406
lambda =          1; f =          482.6803549
Norm of dx   0.039187
----
Improvement on iteration 88 =        0.661413660
-----------------
f at the beginning of new iteration,       482.6803548747
Predicted improvement:        0.510498666
lambda =          1; f =          482.0916446
Norm of dx   0.039974
----
Improvement on iteration 89 =        0.588710307
-----------------
f at the beginning of new iteration,       482.0916445675
Predicted improvement:        0.227921042
lambda =          1; f =          481.7775309
Norm of dx   0.017424
----
Improvement on iteration 90 =        0.314113667
-----------------
f at the beginning of new iteration,       481.7775309006
Predicted improvement:        0.215601404
lambda =          1; f =          481.4601082
lambda =     1.9332; f =          481.3737775
Norm of dx   0.015217
----
Improvement on iteration 91 =        0.403753370
-----------------
f at the beginning of new iteration,       481.3737775304
Predicted improvement:        0.155345349
lambda =          1; f =          481.1066173
lambda =     1.9332; f =          480.9363398
lambda =     3.7372; f =          480.8261733
Norm of dx   0.012055
----
Improvement on iteration 92 =        0.547604242
-----------------
f at the beginning of new iteration,       480.8261732881
Predicted improvement:        0.133579284
lambda =          1; f =          480.6448842
Norm of dx   0.013713
----
Improvement on iteration 93 =        0.181289090
-----------------
f at the beginning of new iteration,       480.6448841979
Predicted improvement:        0.119033746
lambda =          1; f =          480.4815277
Norm of dx   0.013903
----
Improvement on iteration 94 =        0.163356510
-----------------
f at the beginning of new iteration,       480.4815276882
Predicted improvement:        0.132194184
lambda =          1; f =          480.3040247
Norm of dx   0.019378
----
Improvement on iteration 95 =        0.177502981
-----------------
f at the beginning of new iteration,       480.3040247068
Predicted improvement:        0.115819706
lambda =          1; f =          480.1497510
Norm of dx   0.016379
----
Improvement on iteration 96 =        0.154273675
-----------------
f at the beginning of new iteration,       480.1497510315
Predicted improvement:        0.071326980
lambda =          1; f =          480.0564243
Norm of dx   0.012913
----
Improvement on iteration 97 =        0.093326777
-----------------
f at the beginning of new iteration,       480.0564242542
Predicted improvement:        0.029953158
lambda =          1; f =          480.0143100
lambda =     1.9332; f =          480.0080591
Norm of dx  0.0081846
----
Improvement on iteration 98 =        0.048365152
-----------------
f at the beginning of new iteration,       480.0080591024
Predicted improvement:        0.019354473
lambda =          1; f =          479.9749350
lambda =     1.9332; f =          479.9539708
lambda =     3.7372; f =          479.9402705
Norm of dx  0.0031755
----
Improvement on iteration 99 =        0.067788649
-----------------
f at the beginning of new iteration,       479.9402704533
Predicted improvement:        0.032767527
lambda =          1; f =          479.8848185
lambda =     1.9332; f =          479.8512383
lambda =     3.7372; f =          479.8362828
Norm of dx  0.0074232
----
Improvement on iteration 100 =        0.103987650
-----------------
f at the beginning of new iteration,       479.8362828035
Predicted improvement:        0.035608248
lambda =          1; f =          479.7799814
lambda =     1.9332; f =          479.7544491
Norm of dx   0.007622
----
Improvement on iteration 101 =        0.081833681
-----------------
f at the beginning of new iteration,       479.7544491225
Predicted improvement:        0.038429908
lambda =          1; f =          479.6915835
lambda =     1.9332; f =          479.6575954
Norm of dx   0.008829
----
Improvement on iteration 102 =        0.096853767
-----------------
f at the beginning of new iteration,       479.6575953552
Predicted improvement:        0.041777933
lambda =          1; f =          479.5958636
lambda =     1.9332; f =          479.5766639
Norm of dx   0.014811
----
Improvement on iteration 103 =        0.080931409
-----------------
f at the beginning of new iteration,       479.5766639461
Predicted improvement:        0.027196001
lambda =          1; f =          479.5267506
lambda =     1.9332; f =          479.4882878
lambda =     3.7372; f =          479.4365188
Norm of dx  0.0063152
----
Improvement on iteration 104 =        0.140145154
-----------------
f at the beginning of new iteration,       479.4365187921
Predicted improvement:        0.103887692
lambda =          1; f =          479.2845653
lambda =     1.9332; f =          479.2418375
Norm of dx   0.028091
----
Improvement on iteration 105 =        0.194681318
-----------------
f at the beginning of new iteration,       479.2418374740
Predicted improvement:        0.046879123
lambda =          1; f =          479.1697883
lambda =     1.9332; f =          479.1405245
Norm of dx   0.012641
----
Improvement on iteration 106 =        0.101313024
-----------------
f at the beginning of new iteration,       479.1405244504
Predicted improvement:        0.026700255
lambda =          1; f =          479.0918789
lambda =     1.9332; f =          479.0550111
lambda =     3.7372; f =          479.0068064
Norm of dx  0.0086426
----
Improvement on iteration 107 =        0.133718027
-----------------
f at the beginning of new iteration,       479.0068064232
Predicted improvement:        0.100485699
lambda =          1; f =          478.8511055
lambda =     1.9332; f =          478.7877239
Norm of dx   0.029592
----
Improvement on iteration 108 =        0.219082516
-----------------
f at the beginning of new iteration,       478.7877239076
Predicted improvement:        0.050305780
lambda =          1; f =          478.7184579
Norm of dx   0.015498
----
Improvement on iteration 109 =        0.069265965
-----------------
f at the beginning of new iteration,       478.7184579422
Predicted improvement:        0.021818994
lambda =          1; f =          478.6907004
Norm of dx  0.0097953
----
Improvement on iteration 110 =        0.027757536
-----------------
f at the beginning of new iteration,       478.6907004064
Predicted improvement:        0.013050939
lambda =          1; f =          478.6680142
lambda =     1.9332; f =          478.6530626
lambda =     3.7372; f =          478.6414330
Norm of dx  0.0037675
----
Improvement on iteration 111 =        0.049267455
-----------------
f at the beginning of new iteration,       478.6414329519
Predicted improvement:        0.036784884
lambda =          1; f =          478.5749603
lambda =     1.9332; f =          478.5257127
lambda =     3.7372; f =          478.4651964
Norm of dx   0.010738
----
Improvement on iteration 112 =        0.176236553
-----------------
f at the beginning of new iteration,       478.4651963985
Predicted improvement:        0.072754313
lambda =          1; f =          478.3804731
Norm of dx   0.037276
----
Improvement on iteration 113 =        0.084723290
-----------------
f at the beginning of new iteration,       478.3804731086
Predicted improvement:        0.013331716
lambda =          1; f =          478.3581862
lambda =     1.9332; f =          478.3453362
Norm of dx   0.010654
----
Improvement on iteration 114 =        0.035136915
-----------------
f at the beginning of new iteration,       478.3453361934
Predicted improvement:        0.028819817
lambda =          1; f =          478.2958378
lambda =     1.9332; f =          478.2644154
lambda =     3.7372; f =          478.2447673
Norm of dx   0.014665
----
Improvement on iteration 115 =        0.100568922
-----------------
f at the beginning of new iteration,       478.2447672716
Predicted improvement:        0.059108592
lambda =          1; f =          478.1415204
lambda =     1.9332; f =          478.0717088
lambda =     3.7372; f =          478.0074313
Norm of dx  0.0074908
----
Improvement on iteration 116 =        0.237335994
-----------------
f at the beginning of new iteration,       478.0074312778
Predicted improvement:        0.024361562
lambda =          1; f =          477.9805837
Norm of dx      0.018
----
Improvement on iteration 117 =        0.026847628
-----------------
f at the beginning of new iteration,       477.9805836503
Predicted improvement:        0.003578966
lambda =          1; f =          477.9746682
lambda =     1.9332; f =          477.9713928
Norm of dx   0.006412
----
Improvement on iteration 118 =        0.009190804
-----------------
f at the beginning of new iteration,       477.9713928467
Predicted improvement:        0.008191259
lambda =          1; f =          477.9567068
lambda =     1.9332; f =          477.9460550
lambda =     3.7372; f =          477.9338261
Norm of dx  0.0068214
----
Improvement on iteration 119 =        0.037566784
-----------------
f at the beginning of new iteration,       477.9338260628
Predicted improvement:        0.025556550
lambda =          1; f =          477.8909974
lambda =     1.9332; f =          477.8662065
Norm of dx  0.0089732
----
Improvement on iteration 120 =        0.067619527
-----------------
f at the beginning of new iteration,       477.8662065359
Predicted improvement:        0.022464604
lambda =          1; f =          477.8405599
Norm of dx   0.014891
----
Improvement on iteration 121 =        0.025646597
-----------------
f at the beginning of new iteration,       477.8405599392
Predicted improvement:        0.002884804
lambda =          1; f =          477.8357993
lambda =     1.9332; f =          477.8331751
Norm of dx  0.0043603
----
Improvement on iteration 122 =        0.007384869
-----------------
f at the beginning of new iteration,       477.8331750698
Predicted improvement:        0.005857019
lambda =          1; f =          477.8225048
lambda =     1.9332; f =          477.8144274
lambda =     3.7372; f =          477.8039783
Norm of dx  0.0040244
----
Improvement on iteration 123 =        0.029196758
-----------------
f at the beginning of new iteration,       477.8039783118
Predicted improvement:        0.028539895
lambda =          1; f =          477.7528502
lambda =     1.9332; f =          477.7159145
lambda =     3.7372; f =          477.6743289
Norm of dx  0.0095985
----
Improvement on iteration 124 =        0.129649440
-----------------
f at the beginning of new iteration,       477.6743288719
Predicted improvement:        0.070396859
lambda =          1; f =          477.5679496
lambda =     1.9332; f =          477.5319611
Norm of dx   0.030328
----
Improvement on iteration 125 =        0.142367807
-----------------
f at the beginning of new iteration,       477.5319610651
Predicted improvement:        0.010910208
lambda =          1; f =          477.5194938
Norm of dx  0.0075049
----
Improvement on iteration 126 =        0.012467276
-----------------
f at the beginning of new iteration,       477.5194937886
Predicted improvement:        0.001090291
lambda =          1; f =          477.5177797
lambda =     1.9332; f =          477.5170303
Norm of dx  0.0026376
----
Improvement on iteration 127 =        0.002463516
-----------------
f at the beginning of new iteration,       477.5170302729
Predicted improvement:        0.001668949
lambda =          1; f =          477.5138481
lambda =     1.9332; f =          477.5111616
lambda =     3.7372; f =          477.5067428
lambda =     7.2247; f =          477.5010971
Norm of dx 0.00093771
----
Improvement on iteration 128 =        0.015933133
-----------------
f at the beginning of new iteration,       477.5010971401
Predicted improvement:        0.013284881
lambda =          1; f =          477.4806115
lambda =     1.9332; f =          477.4724307
Norm of dx  0.0089299
----
Improvement on iteration 129 =        0.028666428
-----------------
f at the beginning of new iteration,       477.4724307122
Predicted improvement:        0.004821380
lambda =          1; f =          477.4659124
Norm of dx   0.004872
----
Improvement on iteration 130 =        0.006518313
-----------------
f at the beginning of new iteration,       477.4659123993
Predicted improvement:        0.002186789
lambda =          1; f =          477.4626469
lambda =     1.9332; f =          477.4616056
Norm of dx  0.0026345
----
Improvement on iteration 131 =        0.004306799
-----------------
f at the beginning of new iteration,       477.4616056002
Predicted improvement:        0.002174873
lambda =          1; f =          477.4573234
lambda =     1.9332; f =          477.4534479
lambda =     3.7372; f =          477.4462862
lambda =     7.2247; f =          477.4336769
lambda =     13.967; f =          477.4139256
lambda =         27; f =          477.3930864
Norm of dx  0.0010694
----
Improvement on iteration 132 =        0.068519184
-----------------
f at the beginning of new iteration,       477.3930864166
Predicted improvement:        0.016901160
lambda =          1; f =          477.3738549
Norm of dx   0.013594
----
Improvement on iteration 133 =        0.019231491
-----------------
f at the beginning of new iteration,       477.3738549259
Predicted improvement:        0.001676822
lambda =          1; f =          477.3713789
lambda =     1.9332; f =          477.3706852
Norm of dx  0.0032748
----
Improvement on iteration 134 =        0.003169774
-----------------
f at the beginning of new iteration,       477.3706851517
Predicted improvement:        0.001366965
lambda =          1; f =          477.3679763
lambda =     1.9332; f =          477.3654951
lambda =     3.7372; f =          477.3608266
lambda =     7.2247; f =          477.3522802
lambda =     13.967; f =          477.3375498
lambda =         27; f =          477.3157902
lambda =     52.196; f =          477.2990117
Norm of dx 0.00060663
----
Improvement on iteration 135 =        0.071673497
-----------------
f at the beginning of new iteration,       477.2990116547
Predicted improvement:        0.052215637
lambda =          1; f =          477.2071262
lambda =     1.9332; f =          477.1444627
lambda =     3.7372; f =          477.0889392
Norm of dx   0.022975
----
Improvement on iteration 136 =        0.210072487
-----------------
f at the beginning of new iteration,       477.0889391679
Predicted improvement:        0.008327735
lambda =          1; f =          477.0801657
Norm of dx   0.012172
----
Improvement on iteration 137 =        0.008773498
-----------------
f at the beginning of new iteration,       477.0801656696
Predicted improvement:        0.000589035
lambda =          1; f =          477.0791390
lambda =     1.9332; f =          477.0784554
lambda =     3.7372; f =          477.0778837
Norm of dx 0.00070689
----
Improvement on iteration 138 =        0.002281966
-----------------
f at the beginning of new iteration,       477.0778837040
Predicted improvement:        0.001739428
lambda =          1; f =          477.0744568
lambda =     1.9332; f =          477.0713532
lambda =     3.7372; f =          477.0656115
lambda =     7.2247; f =          477.0554753
lambda =     13.967; f =          477.0394762
lambda =         27; f =          477.0219490
Norm of dx  0.0010302
----
Improvement on iteration 139 =        0.055934713
-----------------
f at the beginning of new iteration,       477.0219489912
Predicted improvement:        0.037871765
lambda =          1; f =          476.9614515
lambda =     1.9332; f =          476.9323173
Norm of dx   0.015779
----
Improvement on iteration 140 =        0.089631656
-----------------
f at the beginning of new iteration,       476.9323173350
Predicted improvement:        0.014493948
lambda =          1; f =          476.9159205
Norm of dx   0.010993
----
Improvement on iteration 141 =        0.016396821
-----------------
f at the beginning of new iteration,       476.9159205138
Predicted improvement:        0.001582114
lambda =          1; f =          476.9132206
lambda =     1.9332; f =          476.9115427
lambda =     3.7372; f =          476.9106103
Norm of dx  0.0024487
----
Improvement on iteration 142 =        0.005310191
-----------------
f at the beginning of new iteration,       476.9106103232
Predicted improvement:        0.003941672
lambda =          1; f =          476.9028819
lambda =     1.9332; f =          476.8959507
lambda =     3.7372; f =          476.8833172
lambda =     7.2247; f =          476.8617372
lambda =     13.967; f =          476.8305152
lambda =         27; f =          476.8085364
Norm of dx  0.0022151
----
Improvement on iteration 143 =        0.102073913
-----------------
f at the beginning of new iteration,       476.8085364103
Predicted improvement:        0.075050186
lambda =          1; f =          476.6759314
lambda =     1.9332; f =          476.5829294
lambda =     3.7372; f =          476.4845184
Norm of dx   0.023433
----
Improvement on iteration 144 =        0.324018033
-----------------
f at the beginning of new iteration,       476.4845183770
Predicted improvement:        0.032966692
lambda =          1; f =          476.4470927
Norm of dx   0.037827
----
Improvement on iteration 145 =        0.037425710
-----------------
f at the beginning of new iteration,       476.4470926669
Correct for low angle: 0.00394685
Predicted improvement:        0.005117705
lambda =          1; f =          476.4394759
lambda =     1.9332; f =          476.4369374
Norm of dx   0.012457
----
Improvement on iteration 146 =        0.010155306
-----------------
f at the beginning of new iteration,       476.4369373610
Predicted improvement:        0.002688681
lambda =          1; f =          476.4318044
lambda =     1.9332; f =          476.4274474
lambda =     3.7372; f =          476.4202153
lambda =     7.2247; f =          476.4107220
Norm of dx   0.003514
----
Improvement on iteration 147 =        0.026215330
-----------------
f at the beginning of new iteration,       476.4107220312
Predicted improvement:        0.029987691
lambda =          1; f =          476.3561845
lambda =     1.9332; f =          476.3151455
lambda =     3.7372; f =          476.2631493
Norm of dx   0.026371
----
Improvement on iteration 148 =        0.147572729
-----------------
f at the beginning of new iteration,       476.2631493023
Predicted improvement:        0.145225449
lambda =          1; f =          476.0003873
lambda =     1.9332; f =          475.8098782
lambda =     3.7372; f =          475.6317228
Norm of dx   0.098436
----
Improvement on iteration 149 =        0.631426455
-----------------
f at the beginning of new iteration,       475.6317228470
Predicted improvement:        0.448944608
lambda =          1; f =          474.9382972
lambda =     1.9332; f =          474.7213289
Norm of dx    0.11797
----
Improvement on iteration 150 =        0.910393994
-----------------
f at the beginning of new iteration,       474.7213288528
Predicted improvement:        0.166495568
lambda =          1; f =          474.5507106
Norm of dx   0.060396
----
Improvement on iteration 151 =        0.170618266
-----------------
f at the beginning of new iteration,       474.5507105864
Predicted improvement:        0.019798615
lambda =          1; f =          474.5294346
Norm of dx   0.034957
----
Improvement on iteration 152 =        0.021276001
-----------------
f at the beginning of new iteration,       474.5294345853
Predicted improvement:        0.014219636
lambda =          1; f =          474.5121747
Norm of dx   0.014535
----
Improvement on iteration 153 =        0.017259903
-----------------
f at the beginning of new iteration,       474.5121746819
Predicted improvement:        0.010880057
lambda =          1; f =          474.5028370
Norm of dx   0.043417
----
Improvement on iteration 154 =        0.009337677
-----------------
f at the beginning of new iteration,       474.5028370051
Predicted improvement:        0.005025457
lambda =          1; f =          474.4981483
Norm of dx    0.01399
----
Improvement on iteration 155 =        0.004688661
-----------------
f at the beginning of new iteration,       474.4981483444
Predicted improvement:        0.001326164
lambda =          1; f =          474.4958111
lambda =     1.9332; f =          474.4941982
lambda =     3.7372; f =          474.4926448
Norm of dx  0.0028389
----
Improvement on iteration 156 =        0.005503579
-----------------
f at the beginning of new iteration,       474.4926447658
Predicted improvement:        0.005046510
lambda =          1; f =          474.4833076
lambda =     1.9332; f =          474.4759396
lambda =     3.7372; f =          474.4653467
lambda =     7.2247; f =          474.4583330
Norm of dx  0.0041572
----
Improvement on iteration 157 =        0.034311799
-----------------
f at the beginning of new iteration,       474.4583329668
Predicted improvement:        0.031785719
lambda =          1; f =          474.3986677
lambda =     1.9332; f =          474.3501115
lambda =     3.7372; f =          474.2760916
lambda =     7.2247; f =          474.2109328
Norm of dx   0.019816
----
Improvement on iteration 158 =        0.247400132
-----------------
f at the beginning of new iteration,       474.2109328344
Predicted improvement:        0.134258566
lambda =          1; f =          474.0312954
Norm of dx   0.075432
----
Improvement on iteration 159 =        0.179637465
-----------------
f at the beginning of new iteration,       474.0312953693
Predicted improvement:        0.059833209
lambda =          1; f =          473.9769421
Norm of dx   0.074618
----
Improvement on iteration 160 =        0.054353269
-----------------
f at the beginning of new iteration,       473.9769421003
Predicted improvement:        0.007740994
lambda =          1; f =          473.9704559
Norm of dx   0.015831
----
Improvement on iteration 161 =        0.006486223
-----------------
f at the beginning of new iteration,       473.9704558773
Predicted improvement:        0.000848777
lambda =          1; f =          473.9694840
Norm of dx  0.0059446
----
Improvement on iteration 162 =        0.000971921
-----------------
f at the beginning of new iteration,       473.9694839559
Predicted improvement:        0.000076530
lambda =          1; f =          473.9694047
Norm of dx 0.00077787
----
Improvement on iteration 163 =        0.000079298
-----------------
f at the beginning of new iteration,       473.9694046574
Predicted improvement:        0.000009096
lambda =          1; f =          473.9693948
Norm of dx  0.0011812
----
Improvement on iteration 164 =        0.000009899
-----------------
f at the beginning of new iteration,       473.9693947586
Predicted improvement:        0.000003868
lambda =          1; f =          473.9693879
lambda =     1.9332; f =          473.9693829
lambda =     3.7372; f =          473.9693767
Norm of dx 0.00014068
----
Improvement on iteration 165 =        0.000018046
-----------------
f at the beginning of new iteration,       473.9693767128
Predicted improvement:        0.000017251
lambda =          1; f =          473.9693450
lambda =     1.9332; f =          473.9693197
lambda =     3.7372; f =          473.9692826
lambda =     7.2247; f =          473.9692554
Norm of dx 0.00029291
----
Improvement on iteration 166 =        0.000121322
-----------------
f at the beginning of new iteration,       473.9692553908
Predicted improvement:        0.000101521
lambda =          1; f =          473.9690588
lambda =     1.9332; f =          473.9688884
lambda =     3.7372; f =          473.9685949
lambda =     7.2247; f =          473.9681610
lambda =     13.967; f =          473.9678190
Norm of dx 0.00095419
----
Improvement on iteration 167 =        0.001436409
-----------------
f at the beginning of new iteration,       473.9678189817
Predicted improvement:        0.000281570
lambda =          1; f =          473.9674829
Norm of dx    0.00323
----
Improvement on iteration 168 =        0.000336125
-----------------
f at the beginning of new iteration,       473.9674828568
Predicted improvement:        0.000044489
lambda =          1; f =          473.9674341
Norm of dx  0.0012978
----
Improvement on iteration 169 =        0.000048712
-----------------
f at the beginning of new iteration,       473.9674341447
Predicted improvement:        0.000001942
lambda =          1; f =          473.9674324
Norm of dx 0.00015455
----
Improvement on iteration 170 =        0.000001721
-----------------
f at the beginning of new iteration,       473.9674324238
Predicted improvement:        0.000000186
lambda =          1; f =          473.9674322
Norm of dx 2.0971e-05
----
Improvement on iteration 171 =        0.000000249
-----------------
f at the beginning of new iteration,       473.9674321743
Predicted improvement:        0.000000884
lambda =          1; f =          473.9674310
Norm of dx 6.5793e-05
----
Improvement on iteration 172 =        0.000001126
-----------------
f at the beginning of new iteration,       473.9674310483
Predicted improvement:        0.000001689
lambda =          1; f =          473.9674286
lambda =     1.9332; f =          473.9674274
Norm of dx 0.00010698
----
Improvement on iteration 173 =        0.000003629
-----------------
f at the beginning of new iteration,       473.9674274196
Predicted improvement:        0.000003426
lambda =          1; f =          473.9674213
lambda =     1.9332; f =          473.9674164
lambda =     3.7372; f =          473.9674090
lambda =     7.2247; f =          473.9674027
Norm of dx 0.00019935
----
Improvement on iteration 174 =        0.000024759
-----------------
f at the beginning of new iteration,       473.9674026601
Predicted improvement:        0.000023734
lambda =          1; f =          473.9673557
lambda =     1.9332; f =          473.9673123
lambda =     3.7372; f =          473.9672298
lambda =     7.2247; f =          473.9670751
lambda =     13.967; f =          473.9667945
lambda =         27; f =          473.9663208
lambda =     52.196; f =          473.9656623
lambda =      100.9; f =          473.9653562
Norm of dx  0.0010956
----
Improvement on iteration 175 =        0.002046474
-----------------
f at the beginning of new iteration,       473.9653561858
Correct for low angle: 0.0041364
Predicted improvement:        0.001995865
lambda =          1; f =          473.9622937
lambda =     1.9332; f =          473.9611077
Norm of dx   0.050038
----
Improvement on iteration 176 =        0.004248528
-----------------
f at the beginning of new iteration,       473.9611076582
Correct for low angle: 0.0012671
Predicted improvement:        0.008270961
lambda =          1; f =          474.0089762
lambda =    0.33333; f =          473.9629082
lambda =    0.11111; f =          473.9600789
Norm of dx    0.11734
----
Improvement on iteration 177 =        0.001028804
-----------------
f at the beginning of new iteration,       473.9600788541
Correct for low angle: 0.00396398
Predicted improvement:        0.002114882
lambda =          1; f =          473.9611717
lambda =    0.33333; f =          473.9592637
Norm of dx    0.12925
----
Improvement on iteration 178 =        0.000815189
-----------------
f at the beginning of new iteration,       473.9592636651
Correct for low angle: 0.0014057
Predicted improvement:        0.004429979
lambda =          1; f =          474.0054872
lambda =    0.33333; f =          473.9625626
lambda =    0.11111; f =          473.9589692
lambda =   0.037037; f =          473.9590088
lambda =   0.071599; f =          473.9589125
Norm of dx    0.11333
----
Improvement on iteration 179 =        0.000351144
-----------------
f at the beginning of new iteration,       473.9589125212
Correct for low angle: 0.004598
Predicted improvement:        0.001096869
lambda =          1; f =          473.9583329
lambda =    0.33333; f =          473.9583612
lambda =    0.64439; f =          473.9581699
Norm of dx    0.11124
----
Improvement on iteration 180 =        0.000742644
-----------------
f at the beginning of new iteration,       473.9581698773
Correct for low angle: 0.000988871
Predicted improvement:        0.001838709
lambda =          1; f =          473.9695498
lambda =    0.33333; f =          473.9586236
lambda =    0.11111; f =          473.9579435
Norm of dx   0.049321
----
Improvement on iteration 181 =        0.000226413
-----------------
f at the beginning of new iteration,       473.9579434640
Predicted improvement:        0.000156742
lambda =          1; f =          473.9577791
Norm of dx   0.044608
----
Improvement on iteration 182 =        0.000164364
-----------------
f at the beginning of new iteration,       473.9577790995
Predicted improvement:        0.000000818
lambda =          1; f =          473.9577777
lambda =     1.9332; f =          473.9577776
Norm of dx 0.00050357
----
Improvement on iteration 183 =        0.000001482
-----------------
f at the beginning of new iteration,       473.9577776171
Predicted improvement:        0.000000337
lambda =          1; f =          473.9577776
lambda =    0.33333; f =          473.9577775
Norm of dx 0.00068882
----
Improvement on iteration 184 =        0.000000084
improvement < crit termination

Final value of minus the log posterior (or likelihood):473.957778 

MODE CHECK

Fval obtained by the minimization routine (minus the posterior/likelihood)): 473.957778

RESULTS FROM POSTERIOR ESTIMATION
parameters
         prior mean     mode    s.d. prior pstdev

psi1         1.500   1.2533  0.0441 norm  0.2500 
rho_r        0.750   0.4327  0.0478 beta  0.1000 
psi2         0.120  -0.0226  0.0063 norm  0.0500 
psi3         0.120   0.0441  0.0290 norm  0.0500 
zeta_spb     0.050   0.0521  0.0044 beta  0.0050 
sprd_aux     2.000   1.9477  0.0921 gamm  0.1000 
alp          0.300   0.1624  0.0222 norm  0.0500 
Bigphi       1.250   1.6721  0.0736 norm  0.1200 
h            0.700   0.4840  0.0604 beta  0.1000 
nu_l         2.000   0.4155  0.2790 norm  0.7500 
rstar_aux    0.250   0.2785  0.0996 gamm  0.1000 
pistar_aux   0.750   0.5524  0.3248 gamm  0.4000 
zstar_aux    0.400   0.6416  0.0519 norm  0.1000 
sigmac       1.500   1.0355  0.1453 norm  0.3700 
Lmean      -45.000 -44.9626  2.8225 norm  5.0000 
rho_z        0.500   0.9945  0.0037 beta  0.2000 
rho_b        0.500   0.9823  0.0113 beta  0.2000 
rho_g        0.500   0.9023  0.0446 beta  0.2000 
rho_mu       0.500   0.8468  0.0333 beta  0.2000 
rho_rm       0.500   0.0566  0.0386 beta  0.2000 
rho_laf      0.500   0.9967  0.0019 beta  0.2000 
rho_law      0.500   0.9901  0.0038 beta  0.2000 
eta_laf      0.500   0.0604  0.0368 beta  0.2000 
eta_law      0.500   0.0736  0.0411 beta  0.2000 
eta_gz       0.500   0.5507  0.2610 beta  0.2000 
rho_sigw     0.750   0.9220  0.0289 beta  0.1500 

standard deviation of shocks
         prior mean     mode    s.d. prior pstdev

z_sh         0.100   0.3365  0.0246 invg  2.0000 
g_sh         0.100   2.6573  0.1944 invg  2.0000 
b_sh         0.100   0.0180  0.0025 invg  2.0000 
mu_sh        0.100   0.6054  0.0486 invg  2.0000 
laf_sh       0.100   0.6913  0.0833 invg  2.0000 
law_sh       0.100   1.1928  0.1606 invg  2.0000 
sigw_sh      0.050   0.0686  0.0060 invg  4.0000 
rm_sh        0.100   0.2969  0.0248 invg  2.0000 


Log data density [Laplace approximation] is -559.685108.

Estimation::mcmc: One Chain mode.
Estimation::mcmc: Initialization at the posterior mode.

Estimation::mcmc: Write details about the MCMC... Ok!
Estimation::mcmc: Details about the MCMC are available in DNGS15_nofa/metropolis\DNGS15_nofa_mh_history_0.mat


Estimation::mcmc: Number of mh files: 2 per block.
Estimation::mcmc: Total number of generated files: 2.
Estimation::mcmc: Total number of iterations: 500000.
Estimation::mcmc: Current acceptance ratio per chain: 
                                                       Chain  1: 33.8154%
Estimation::mcmc: Total number of MH draws per chain: 500000.
Estimation::mcmc: Total number of generated MH files: 2.
Estimation::mcmc: I'll use mh-files 1 to 2.
Estimation::mcmc: In MH-file number 1 I'll start at line 150001.
Estimation::mcmc: Finally I keep 350000 draws per chain.



MCMC Inefficiency factors per block
Parameter        Block 1
SE_z_sh          143.056
SE_g_sh          151.457
SE_b_sh          218.377
SE_mu_sh         192.702
SE_laf_sh        162.763
SE_law_sh        245.312
SE_sigw_sh       149.440
SE_rm_sh         150.681
psi1             209.560
rho_r            147.538
psi2             174.576
psi3             157.585
zeta_spb         133.575
sprd_aux         136.375
alp              187.182
Bigphi           159.060
h                227.211
nu_l             246.885
rstar_aux        152.288
pistar_aux       170.647
zstar_aux        175.163
sigmac           252.116
Lmean            186.900
rho_z            414.098
rho_b            132.031
rho_g            156.193
rho_mu           183.800
rho_rm           138.639
rho_laf          233.880
rho_law          148.592
eta_laf          131.869
eta_law          134.522
eta_gz            83.120
rho_sigw         183.723


Geweke (1992) Convergence Tests, based on means of draws 150000 to 220000 vs 325000 to 500000.
p-values are for Chi2-test for equality of means.
Parameter          Post. Mean        Post. Std   p-val No Taper   p-val 4% Taper   p-val 8% Taper  p-val 15% Taper
SE_z_sh                 0.344            0.026            0.444            0.950            0.944            0.938
SE_g_sh                 2.718            0.203            0.022            0.859            0.846            0.851
SE_b_sh                 0.020            0.003            0.133            0.928            0.926            0.926
SE_mu_sh                0.634            0.055            0.534            0.966            0.966            0.966
SE_laf_sh               0.704            0.087            0.000            0.763            0.769            0.769
SE_law_sh               1.232            0.174            0.052            0.919            0.916            0.909
SE_sigw_sh              0.070            0.006            0.000            0.510            0.518            0.480
SE_rm_sh                0.307            0.026            0.000            0.648            0.616            0.545
psi1                    1.266            0.049            0.031            0.881            0.869            0.860
rho_r                   0.421            0.049            0.000            0.362            0.300            0.224
psi2                   -0.021            0.007            0.000            0.558            0.589            0.632
psi3                    0.051            0.030            0.000            0.052            0.037            0.033
zeta_spb                0.053            0.004            0.000            0.131            0.116            0.129
sprd_aux                1.947            0.092            0.961            0.996            0.996            0.995
alp                     0.162            0.024            0.000            0.753            0.741            0.736
Bigphi                  1.683            0.076            0.004            0.798            0.782            0.779
h                       0.470            0.064            0.000            0.154            0.144            0.090
nu_l                    0.505            0.305            0.000            0.436            0.414            0.389
rstar_aux               0.303            0.099            0.000            0.247            0.237            0.210
pistar_aux              0.717            0.334            0.000            0.362            0.377            0.389
zstar_aux               0.637            0.054            0.000            0.304            0.322            0.319
sigmac                  1.036            0.154            0.000            0.181            0.134            0.091
Lmean                 -44.639            3.093            0.000            0.742            0.755            0.767
rho_z                   0.991            0.006            0.000            0.718            0.717            0.715
rho_b                   0.981            0.010            0.000            0.664            0.661            0.669
rho_g                   0.902            0.042            0.000            0.233            0.281            0.332
rho_mu                  0.844            0.036            0.526            0.962            0.961            0.960
rho_rm                  0.074            0.038            0.708            0.972            0.972            0.969
rho_laf                 0.996            0.002            0.000            0.545            0.507            0.319
rho_law                 0.990            0.004            0.000            0.746            0.733            0.709
eta_laf                 0.070            0.034            0.166            0.897            0.890            0.878
eta_law                 0.078            0.037            0.000            0.122            0.134            0.116
eta_gz                  0.524            0.194            0.576            0.945            0.941            0.936
rho_sigw                0.924            0.030            0.000            0.031            0.025            0.021


Estimation::marginal density: I'm computing the posterior mean and covariance...  Done!
Estimation::marginal density: I'm computing the posterior log marginal density (modified harmonic mean)... Done!


ESTIMATION RESULTS

Log data density is -559.350668.

parameters
             prior mean   post. mean        90% HPD interval    prior       pstdev

psi1              1.500       1.2648      1.1850      1.3417   norm        0.2500
rho_r             0.750       0.4214      0.3415      0.5014   beta        0.1000
psi2              0.120      -0.0213     -0.0319     -0.0106   norm        0.0500
psi3              0.120       0.0510     -0.0000      0.0988   norm        0.0500
zeta_spb          0.050       0.0531      0.0457      0.0603   beta        0.0050
sprd_aux          2.000       1.9471      1.7961      2.0966   gamm        0.1000
alp               0.300       0.1617      0.1223      0.2000   norm        0.0500
Bigphi            1.250       1.6846      1.5587      1.8058   norm        0.1200
h                 0.700       0.4699      0.3652      0.5760   beta        0.1000
nu_l              2.000       0.5030      0.0333      0.9700   norm        0.7500
rstar_aux         0.250       0.3018      0.1405      0.4602   gamm        0.1000
pistar_aux        0.750       0.7122      0.1805      1.2160   gamm        0.4000
zstar_aux         0.400       0.6365      0.5502      0.7266   norm        0.1000
sigmac            1.500       1.0376      0.7892      1.2883   norm        0.3700
Lmean           -45.000     -44.6571    -49.7408    -39.5817   norm        5.0000
rho_z             0.500       0.9911      0.9836      0.9991   beta        0.2000
rho_b             0.500       0.9804      0.9649      0.9960   beta        0.2000
rho_g             0.500       0.9017      0.8352      0.9698   beta        0.2000
rho_mu            0.500       0.8435      0.7834      0.9043   beta        0.2000
rho_rm            0.500       0.0735      0.0124      0.1285   beta        0.2000
rho_laf           0.500       0.9958      0.9923      0.9993   beta        0.2000
rho_law           0.500       0.9898      0.9838      0.9959   beta        0.2000
eta_laf           0.500       0.0699      0.0139      0.1206   beta        0.2000
eta_law           0.500       0.0788      0.0182      0.1361   beta        0.2000
eta_gz            0.500       0.5239      0.2075      0.8448   beta        0.2000
rho_sigw          0.750       0.9245      0.8760      0.9767   beta        0.1500

standard deviation of shocks
             prior mean   post. mean        90% HPD interval    prior       pstdev

z_sh              0.100       0.3434      0.3019      0.3840   invg        2.0000
g_sh              0.100       2.7199      2.3894      3.0443   invg        2.0000
b_sh              0.100       0.0199      0.0151      0.0246   invg        2.0000
mu_sh             0.100       0.6342      0.5459      0.7253   invg        2.0000
laf_sh            0.100       0.7018      0.5646      0.8403   invg        2.0000
law_sh            0.100       1.2312      0.9594      1.4983   invg        2.0000
sigw_sh           0.050       0.0697      0.0594      0.0800   invg        4.0000
rm_sh             0.100       0.3060      0.2628      0.3469   invg        2.0000
Estimation::mcmc: Posterior (dsge) IRFs...
Estimation::mcmc: Posterior IRFs, done!
Estimation::mcmc: Smoothed variables
Estimation::mcmc: Smoothed variables, done!
Estimation::mcmc: Smoothed shocks
Estimation::mcmc: Smoothed shocks, done!
Estimation::mcmc: Trend_coefficients
Estimation::mcmc: Trend_coefficients, done!
Estimation::mcmc: Smoothed constant
Estimation::mcmc: Smoothed constant, done!
Estimation::mcmc: Smoothed trend
Estimation::mcmc: Smoothed trend, done!
Estimation::mcmc: Updated Variables
Estimation::mcmc: Updated Variables, done!
Estimation::mcmc: Forecasted variables (mean)
Estimation::mcmc: Forecasted variables (mean), done!
Estimation::mcmc: Forecasted variables (point)
Estimation::mcmc: Forecasted variables (point), done!
Total computing time : 5h06m02s
Note: warning(s) encountered in MATLAB/Octave code
