Starting Dynare (version 4.5.7).
Starting preprocessing of the model file ...
Found 34 equation(s).
Evaluating expressions...done
Computing static model derivatives:
 - order 1
Computing dynamic model derivatives:
 - order 1
 - order 2
Processing outputs ...
done
Preprocessing completed.

Initial value of the log posterior (or likelihood): -65175.688
-----------------
f at the beginning of new iteration,     65175.6880499746
Predicted improvement: 47699209.338035218
lambda =          1; f =        72441.5601648
lambda =    0.33333; f =        65980.4452610
lambda =    0.11111; f =        65264.5700625
lambda =   0.037037; f =        65185.4560887
lambda =   0.012346; f =        65176.7379195
lambda =  0.0041152; f =        65175.7932723
lambda =  0.0013717; f =        65175.6963242
lambda = 0.00045725; f =        65175.6882231
lambda = 0.00015242; f =        52966.2452748
lambda = 0.00029465; f =        53735.9768815
Norm of dx     97.672
----
Improvement on iteration 1 =    12209.442775157
-----------------
f at the beginning of new iteration,     52966.2452748176
Predicted improvement:  1065886.086784875
lambda =          1; f =        53014.0387911
lambda =    0.33333; f =        52969.4366933
lambda =    0.11111; f =        52966.2615403
lambda =   0.037037; f =        52966.2506410
lambda =   0.012346; f =        42084.7409282
Norm of dx     14.712
----
Improvement on iteration 2 =    10881.504346596
-----------------
f at the beginning of new iteration,     42084.7409282216
Predicted improvement:  2162468.069350145
lambda =          1; f =        42536.4423544
lambda =    0.33333; f =        42124.7296317
lambda =    0.11111; f =        42087.2368060
lambda =   0.037037; f =        42084.7545786
lambda =   0.012346; f =        42084.7439848
lambda =  0.0041152; f =        42084.7410588
lambda =  0.0013717; f =        37118.7700967
lambda =  0.0026518; f =        42084.7409414
lambda =  0.0017856; f =        35852.4707694
lambda =  0.0022638; f =        42084.7409307
lambda =  0.0019634; f =        35325.8259953
lambda =  0.0021385; f =        42084.7409290
lambda =  0.0020316; f =        42084.7409283
lambda =  0.0019701; f =        35306.0877591
lambda =  0.0020068; f =        42084.7409283
lambda =  0.0019847; f =        42084.7409282
Norm of dx     36.342
Cliff.  Perturbing search direction.
Predicted improvement:  4680119.193979469
lambda =          1; f =        42735.9295110
lambda =    0.33333; f =        42144.9701262
lambda =    0.11111; f =        42088.8198880
lambda =   0.037037; f =        42084.8082575
lambda =   0.012346; f =        42084.7550921
lambda =  0.0041152; f =        42084.7410033
lambda =  0.0013717; f =        31120.3999085
lambda =  0.0026518; f =        42084.7409316
lambda =  0.0017856; f =        28400.3072260
lambda =  0.0022638; f =        42084.7409282
lambda =  0.0019634; f =        27302.9740303
lambda =  0.0021385; f =        26262.9011074
lambda =  0.0023292; f =        42084.7409283
lambda =  0.0022128; f =        25833.3992874
lambda =  0.0022819; f =        42084.7409282
lambda =  0.0022402; f =        25676.9495668
lambda =  0.0022652; f =        42084.7409282
Norm of dx     54.389
Cliff again.  Try traversing
Predicted improvement: 14645414126.419223785
lambda =          1; f =   2420388557.3098192
lambda =    0.33333; f =    268940302.1884721
lambda =    0.11111; f =     29910009.3490984
lambda =   0.037037; f =      3357592.3509082
lambda =   0.012346; f =       409491.4777236
lambda =  0.0041152; f =        82595.3376914
lambda =  0.0013717; f =        46483.6539625
lambda = 0.00045725; f =        42541.2811953
lambda = 0.00015242; f =        42126.4043583
lambda = 5.0805e-05; f =        42087.3198507
lambda = 1.6935e-05; f =        42084.7525378
lambda =  5.645e-06; f =        42084.9091937
lambda = 1.8817e-06; f =        42084.7412001
lambda = 6.2723e-07; f =        24321.6284530
lambda = 1.2125e-06; f =        16553.3826136
lambda = 2.3441e-06; f =        42084.7451350
lambda = 1.5784e-06; f =        15241.2475977
Norm of dx 1.7115e+05
----
Improvement on iteration 3 =    26843.493330505
-----------------
f at the beginning of new iteration,     15241.2475977161
Predicted improvement:   306917.717181682
lambda =          1; f =        15273.6309303
lambda =    0.33333; f =        15242.4488086
lambda =    0.11111; f =        15241.2535398
lambda =   0.037037; f =        11225.2199888
lambda =   0.012346; f =        12133.9950882
Norm of dx     9.8294
----
Improvement on iteration 4 =     4016.027608937
-----------------
f at the beginning of new iteration,     11225.2199887794
Predicted improvement:    27892.919650328
lambda =          1; f =        11225.3249403
lambda =    0.33333; f =        11225.2241960
lambda =    0.11111; f =        11225.2213690
lambda =   0.037037; f =        11225.2200010
lambda =   0.012346; f =        10590.9641529
lambda =   0.023866; f =        10100.9567267
lambda =   0.046138; f =        11225.2200470
lambda =   0.031067; f =        11225.2199894
lambda =   0.024504; f =        10076.8636500
lambda =   0.028254; f =         9941.8869608
lambda =   0.032577; f =        11225.2199909
lambda =   0.029909; f =        11225.2199888
lambda =   0.028415; f =         9936.3379430
lambda =   0.029302; f =         9906.2095865
lambda =   0.030218; f =        11225.2199889
lambda =   0.029665; f =        11225.2199888
lambda =   0.029338; f =         9904.9990215
Norm of dx     2.4901
Cliff.  Perturbing search direction.
Predicted improvement:    50474.619864235
lambda =          1; f =        11225.5186161
lambda =    0.33333; f =        11225.2374137
lambda =    0.11111; f =        11225.2199895
lambda =   0.037037; f =         8726.7133253
Norm of dx     3.7242

badg2 =

     0

----
Improvement on iteration 5 =     2498.506663511
-----------------
f at the beginning of new iteration,      8726.7133252684
Predicted improvement:    27199.904691285
lambda =          1; f =         8726.9157034
lambda =    0.33333; f =         8726.7280633
lambda =    0.11111; f =         8726.7134672
lambda =   0.037037; f =         7142.5160878
lambda =   0.071599; f =         6195.3222963
Norm of dx     3.2107
----
Improvement on iteration 6 =     2531.391028949
-----------------
f at the beginning of new iteration,      6195.3222963197
Predicted improvement:     6455.607880970
lambda =          1; f =         6195.5114142
lambda =    0.33333; f =         6195.3418746
lambda =    0.11111; f =         6195.3240272
lambda =   0.037037; f =         6195.3223743
lambda =   0.012346; f =         6041.5745805
lambda =   0.023866; f =         6195.3223053
lambda =    0.01607; f =         5997.8663206
lambda =   0.020374; f =         6195.3222984
lambda =    0.01767; f =         6195.3222964
lambda =   0.016224; f =         5996.1443742
lambda =   0.017077; f =         6195.3222963
lambda =    0.01656; f =         5992.4520891
lambda =   0.016868; f =         5989.3229292
lambda =   0.017182; f =         6195.3222963
lambda =   0.016993; f =         5988.3661178
Norm of dx     1.3357
Cliff.  Perturbing search direction.
Predicted improvement:     9501.705452940
lambda =          1; f =         6195.5760005
lambda =    0.33333; f =         6195.3488198
lambda =    0.11111; f =         6195.3247219
lambda =   0.037037; f =         6195.3224258
lambda =   0.012346; f =         5969.3756635
lambda =   0.023866; f =         6195.3223179
lambda =    0.01607; f =         6195.3222968
lambda =   0.012676; f =         5963.6113239
lambda =   0.014615; f =         5930.8970246
lambda =   0.016851; f =         6195.3222974
lambda =   0.015472; f =         6195.3222964
lambda =   0.014699; f =         5929.8411257
lambda =   0.015158; f =         6195.3222964
lambda =    0.01488; f =         6195.3222963
lambda =   0.014717; f =         5929.6707035
Norm of dx     1.7821
Cliff again.  Try traversing
Predicted improvement: 55139320.291340970
lambda =          1; f =     32895351.5497924
lambda =    0.33333; f =      3655957.6871728
lambda =    0.11111; f =       410262.4094305
lambda =   0.037037; f =        50671.4336177
lambda =   0.012346; f =        11031.2110003
lambda =  0.0041152; f =         6699.3735554
lambda =  0.0013717; f =         6241.6159352
lambda = 0.00045725; f =         6198.2224064
lambda = 0.00015242; f =         6195.4280898
lambda = 5.0805e-05; f =         6195.3270217
lambda = 1.6935e-05; f =         5651.2142749
lambda =  5.645e-06; f =         5644.5135420
lambda = 1.0913e-05; f =         5337.4866496
lambda = 2.1097e-05; f =         6591.0870734
lambda = 1.4205e-05; f =         5347.3721310
Norm of dx      10501
----
Improvement on iteration 7 =      857.835646678
-----------------
f at the beginning of new iteration,      5337.4866496416
Predicted improvement:    14716.213098754
lambda =          1; f =         5337.6954530
lambda =    0.33333; f =         5337.5063147
lambda =    0.11111; f =         5337.4883955
lambda =   0.037037; f =         5337.4867301
lambda =   0.012346; f =         4996.2831847
lambda =   0.023866; f =         5337.4866595
lambda =    0.01607; f =         4902.1569349
lambda =   0.020374; f =         5337.4866522
lambda =    0.01767; f =         5337.4866498
lambda =   0.016224; f =         4898.4498205
lambda =   0.017077; f =         5337.4866497
lambda =    0.01656; f =         4890.5470098
lambda =   0.016868; f =         5337.4866496
lambda =   0.016682; f =         4887.9000728
Norm of dx      2.742
Cliff.  Perturbing search direction.
Predicted improvement:    17977.581547773
lambda =          1; f =         5337.8364212
lambda =    0.33333; f =         5337.5170312
lambda =    0.11111; f =         5337.4894736
lambda =   0.037037; f =         5337.4868123
lambda =   0.012346; f =         4934.7051973
lambda =   0.023866; f =         5337.4866807
lambda =    0.01607; f =         5337.4866514
lambda =   0.012676; f =         4925.0685540
lambda =   0.014615; f =         5337.4866499
lambda =   0.013418; f =         4903.9796524
lambda =   0.014124; f =         5337.4866497
lambda =   0.013696; f =         5337.4866496
lambda =   0.013446; f =         4903.2443727
lambda =   0.013596; f =         4899.6286041
lambda =   0.013747; f =         5337.4866496
Norm of dx     3.2031
Cliff again.  Try traversing
Predicted improvement:  2874054.346935959
lambda =          1; f =      2637937.9506742
lambda =    0.33333; f =       296603.1068345
lambda =    0.11111; f =        37295.2726659
lambda =   0.037037; f =         8755.9446156
lambda =   0.012346; f =         5675.6881023
lambda =  0.0041152; f =         5363.6627811
lambda =  0.0013717; f =         5338.5148132
lambda = 0.00045725; f =         5337.5538508
lambda = 0.00015242; f =         5337.4908875
lambda = 5.0805e-05; f =         5337.4866498
lambda = 1.6935e-05; f =         5589.9586643
lambda =  5.645e-06; f =         5352.8160303
lambda = 1.8817e-06; f =         5337.6420446
lambda = 6.2723e-07; f =         5337.0527012
lambda = 2.0908e-07; f =         5337.2901251
lambda = 6.9692e-08; f =         5337.4154519
lambda = 2.3231e-08; f =         5337.4622876
lambda = 7.7435e-09; f =         5337.4784591
lambda = 2.5812e-09; f =         5337.4839117
Norm of dx     2397.5
----
Improvement on iteration 8 =      449.586576869
back and forth on step length never finished
-----------------
f at the beginning of new iteration,      4887.9000727729
Predicted improvement:    14716.213098754
lambda =          1; f =         4888.1205312
lambda =    0.33333; f =         4887.9218653
lambda =    0.11111; f =         4887.9024909
lambda =   0.037037; f =         4887.9003404
lambda =   0.012346; f =         4887.9001021
lambda =  0.0041152; f =         4887.9000759
lambda =  0.0013717; f =         4887.9000731
lambda = 0.00045725; f =         4887.9000728
lambda = 0.00015242; f =         4887.9000728
lambda = 5.0805e-05; f =         4886.9689437
Norm of dx      2.742
----
Improvement on iteration 9 =        0.931129080
-----------------
f at the beginning of new iteration,      4886.9689436927
Predicted improvement:    21431.874374598
lambda =          1; f =         4886.9730389
lambda =    0.33333; f =         4886.9690543
lambda =    0.11111; f =         4047.0012750
lambda =   0.037037; f =         4443.9798967
lambda =   0.012346; f =         4716.8202526
Norm of dx     2.4966
----
Improvement on iteration 10 =      839.967668701
-----------------
f at the beginning of new iteration,      4047.0012749917
Predicted improvement:     6439.041086424
lambda =          1; f =         4047.0080951
lambda =    0.33333; f =         4047.0143416
lambda =    0.11111; f =         3903.6350039
lambda =   0.037037; f =         3706.9897957
lambda =   0.071599; f =         3607.1346793
Norm of dx     1.9545
----
Improvement on iteration 11 =      439.866595724
-----------------
f at the beginning of new iteration,      3607.1346792679
Predicted improvement:     1476.296941121
lambda =          1; f =         3607.1456644
lambda =    0.33333; f =         3607.1346798
lambda =    0.11111; f =         3363.3320494
lambda =     0.2148; f =         3276.0131455
Norm of dx    0.57898
----
Improvement on iteration 12 =      331.121533755
-----------------
f at the beginning of new iteration,      3276.0131455127
Predicted improvement:     2266.262331754
lambda =          1; f =         3276.0142643
lambda =    0.33333; f =         2625.7920659
Norm of dx     0.8618
----
Improvement on iteration 13 =      650.221079606
-----------------
f at the beginning of new iteration,      2625.7920659070
Predicted improvement:      826.338112343
lambda =          1; f =         2625.7924157
lambda =    0.33333; f =         2625.7920742
lambda =    0.11111; f =         2473.1504952
lambda =     0.2148; f =         2625.7920659
lambda =    0.14463; f =         2437.1663780
lambda =    0.18337; f =         2400.1550460
lambda =    0.23248; f =         2625.7920661
lambda =    0.20163; f =         2384.2292776
lambda =    0.21961; f =         2625.7920659
lambda =    0.20864; f =         2378.3550139
lambda =    0.21515; f =         2625.7920659
lambda =    0.21122; f =         2376.2230306
lambda =    0.21357; f =         2625.7920659
Norm of dx    0.33487
Cliff.  Perturbing search direction.
Predicted improvement:     1857.150564937
lambda =          1; f =         2625.7920911
lambda =    0.33333; f =         2625.7920665
lambda =    0.11111; f =         2359.4987051
Norm of dx    0.51104

badg2 =

     0

----
Improvement on iteration 14 =      266.293360835
-----------------
f at the beginning of new iteration,      2359.4987050721
Predicted improvement:      713.023799504
lambda =          1; f =         2359.5021760
lambda =    0.33333; f =         2030.5152383
Norm of dx    0.49816
----
Improvement on iteration 15 =      328.983466810
-----------------
f at the beginning of new iteration,      2030.5152382622
Predicted improvement:      302.388157652
lambda =          1; f =         2030.5165793
lambda =    0.33333; f =         1847.3942539
lambda =    0.64439; f =         2030.5154654
lambda =     0.4339; f =         2030.5152436
lambda =    0.34224; f =         1843.0335267
lambda =    0.39461; f =         1819.5776141
lambda =    0.45499; f =         2030.5152512
lambda =    0.41773; f =         2030.5152401
lambda =    0.39686; f =         2030.5152383
Norm of dx    0.30304
Cliff.  Perturbing search direction.
Predicted improvement:      476.646638388
lambda =          1; f =         2030.5172075
lambda =    0.33333; f =         1747.5106034
lambda =    0.64439; f =         2030.5156411
lambda =     0.4339; f =         2030.5152706
lambda =    0.34224; f =         1741.1882323
lambda =    0.39461; f =         2030.5152472
lambda =     0.3623; f =         2030.5152389
lambda =    0.34419; f =         1739.8647865
lambda =    0.35494; f =         2030.5152383
lambda =    0.34845; f =         1737.2564569
lambda =    0.35233; f =         2030.5152383
Norm of dx     0.4094
Cliff again.  Try traversing
Predicted improvement:  2154340.205560602
lambda =          1; f =       543419.6295948
lambda =    0.33333; f =        61836.7017277
lambda =    0.11111; f =         8562.4215061
lambda =   0.037037; f =         2721.2294591
lambda =   0.012346; f =         2097.5927994
lambda =  0.0041152; f =         2035.8771779
lambda =  0.0013717; f =         2030.7058584
lambda = 0.00045725; f =         2030.5156197
lambda = 0.00015242; f =         1754.3961817
Norm of dx     2075.7
----
Improvement on iteration 16 =      293.258781318
back and forth on step length never finished
-----------------
f at the beginning of new iteration,      1737.2564569440
Predicted improvement:      302.388157652
lambda =          1; f =         1737.2601097
lambda =    0.33333; f =         1737.2568586
lambda =    0.11111; f =         1737.2565002
lambda =   0.037037; f =         1737.2564613
lambda =   0.012346; f =         1737.2564573
lambda =  0.0041152; f =         1737.2564570
lambda =  0.0013717; f =         1737.0301179
Norm of dx    0.30304
----
Improvement on iteration 17 =        0.226339023
-----------------
f at the beginning of new iteration,      1737.0301179210
Predicted improvement:      273.372103285
lambda =          1; f =         1842.3906921
lambda =    0.33333; f =         1743.8454747
lambda =    0.11111; f =         1734.1596455
lambda =   0.037037; f =         1734.5009601
lambda =   0.012346; f =         1735.3824706
lambda =  0.0041152; f =         1736.0594117
Norm of dx    0.12627
----
Improvement on iteration 18 =        2.870472425
-----------------
f at the beginning of new iteration,      1734.1596454956
Predicted improvement:      186.175953923
lambda =          1; f =         1446.8134401
lambda =     1.9332; f =         1339.6821136
Norm of dx    0.23069
----
Improvement on iteration 19 =      394.477531924
-----------------
f at the beginning of new iteration,      1339.6821135717
Predicted improvement:      357.502080096
lambda =          1; f =         1339.6822038
lambda =    0.33333; f =         1339.6821144
lambda =    0.11111; f =         1274.5432021
lambda =     0.2148; f =         1235.0767393
Norm of dx    0.47972
----
Improvement on iteration 20 =      104.605374276
-----------------
f at the beginning of new iteration,      1235.0767392956
Predicted improvement:      164.775766956
lambda =          1; f =         1235.0767394
lambda =    0.33333; f =         1149.6897505
lambda =    0.64439; f =         1100.5602458
Norm of dx    0.36357
----
Improvement on iteration 21 =      134.516493479
-----------------
f at the beginning of new iteration,      1100.5602458167
Predicted improvement:       67.114408480
lambda =          1; f =         1100.5602636
lambda =    0.33333; f =         1100.5602462
lambda =    0.11111; f =         1086.1957192
lambda =     0.2148; f =         1075.4306914
lambda =    0.41524; f =         1100.5602470
lambda =     0.2796; f =         1100.5602459
lambda =    0.22054; f =         1100.5602458
lambda =     0.2165; f =         1076.4995684
lambda =    0.21892; f =         1100.5602458
Norm of dx    0.30711
Cliff.  Perturbing search direction.
Predicted improvement:      106.308170370
lambda =          1; f =         1100.5602719
lambda =    0.33333; f =         1100.5602467
lambda =    0.11111; f =         1078.0348546
lambda =     0.2148; f =         1100.5602458
lambda =    0.14463; f =         1071.7714753
lambda =    0.18337; f =         1065.9165794
lambda =    0.23248; f =         1100.5602459
lambda =    0.20163; f =         1100.5602458
lambda =    0.18512; f =         1066.2531398
lambda =    0.19485; f =         1100.5602458
lambda =    0.18895; f =         1100.5602458
lambda =     0.1855; f =         1066.5644455
lambda =    0.18756; f =         1100.5602458
Norm of dx    0.38624
Cliff again.  Try traversing
Predicted improvement:   295753.283785352
lambda =          1; f =       147431.9553822
lambda =    0.33333; f =        17029.1897729
lambda =    0.11111; f =         2763.4847953
lambda =   0.037037; f =         1252.4199707
lambda =   0.012346; f =         1108.9644181
lambda =  0.0041152; f =         1100.5713947
lambda =  0.0013717; f =         1100.5642066
lambda = 0.00045725; f =         1100.5602469
lambda = 0.00015242; f =         1052.3582177
Norm of dx     769.09
----
Improvement on iteration 22 =       48.202028117
-----------------
f at the beginning of new iteration,      1052.3582176992
Predicted improvement:       78.451014737
lambda =          1; f =         1052.3582320
lambda =    0.33333; f =         1052.3582179
lambda =    0.11111; f =         1035.6292385
lambda =     0.2148; f =         1021.6247359
lambda =    0.41524; f =         1052.3582184
lambda =     0.2796; f =         1052.3582177
lambda =    0.22054; f =         1020.9540061
lambda =    0.25428; f =         1052.3582177
lambda =    0.23346; f =         1019.6240920
lambda =    0.24574; f =         1052.3582177
lambda =     0.2383; f =         1019.3013169
lambda =    0.24274; f =         1019.4867901
lambda =    0.24726; f =         1052.3582177
lambda =    0.24453; f =         1052.3582177
lambda =    0.24184; f =         1019.3375155
Norm of dx    0.38748
Cliff.  Perturbing search direction.
Predicted improvement:       95.974271493
lambda =          1; f =         1052.3582360
lambda =    0.33333; f =         1052.3582181
lambda =    0.11111; f =         1032.0266769
lambda =     0.2148; f =         1015.7591410
lambda =    0.41524; f =         1052.3582188
lambda =     0.2796; f =         1052.3582178
lambda =    0.22054; f =         1015.7230784
lambda =    0.25428; f =         1052.3582177
lambda =    0.23346; f =         1052.3582177
lambda =     0.2218; f =         1016.7284077
lambda =    0.22872; f =         1052.3582177
lambda =    0.22454; f =         1052.3582177
lambda =    0.22207; f =         1052.3582177
Norm of dx    0.46011
Cliff again.  Try traversing
Predicted improvement:    48578.400555257
lambda =          1; f =         1242.5208269
lambda =    0.33333; f =         1070.3224053
lambda =    0.11111; f =         1053.6353056
lambda =   0.037037; f =         1052.4174999
lambda =   0.012346; f =         1052.3582538
lambda =  0.0041152; f =         1052.3582191
lambda =  0.0013717; f =          951.3931683
lambda =  0.0026518; f =         1052.3582178
lambda =  0.0017856; f =          960.3213980
Norm of dx      311.7
----
Improvement on iteration 23 =      100.965049368
-----------------
f at the beginning of new iteration,       951.3931683313
Predicted improvement:       42.109891705
lambda =          1; f =          951.3931716
lambda =    0.33333; f =          951.3931684
lambda =    0.11111; f =          942.5332640
lambda =     0.2148; f =          951.3931683
lambda =    0.14463; f =          940.1620765
lambda =    0.18337; f =          938.5617451
lambda =    0.23248; f =          951.3931683
lambda =    0.20163; f =          951.3931683
lambda =    0.18512; f =          938.8754813
lambda =    0.19485; f =          951.3931683
lambda =    0.18895; f =          951.3931683
lambda =     0.1855; f =          939.0199185
lambda =    0.18756; f =          951.3931683
Norm of dx    0.26603
Cliff.  Perturbing search direction.
Predicted improvement:       59.997436610
lambda =          1; f =          951.3931718
lambda =    0.33333; f =          951.3931684
lambda =    0.11111; f =          939.0687511
lambda =     0.2148; f =          951.3931683
lambda =    0.14463; f =          935.8513976
lambda =    0.18337; f =          951.3931683
lambda =    0.15903; f =          934.6216667
lambda =    0.17322; f =          933.6693098
lambda =    0.18867; f =          951.3931683
lambda =    0.17924; f =          933.5709030
lambda =    0.18484; f =          951.3931683
lambda =    0.18146; f =          933.7860151
lambda =    0.18348; f =          951.3931683
Norm of dx    0.33438
Cliff again.  Try traversing
Predicted improvement:    65336.139186713
lambda =          1; f =        26780.3180714
lambda =    0.33333; f =         3655.9009809
lambda =    0.11111; f =         1229.7538566
lambda =   0.037037; f =          976.0695891
lambda =   0.012346; f =          952.5241692
lambda =  0.0041152; f =         1244.9176856
lambda =  0.0013717; f =          954.7738422
lambda = 0.00045725; f =          922.5636909
Norm of dx     361.49
----
Improvement on iteration 24 =       28.829477475
-----------------
f at the beginning of new iteration,       922.5636908566
Predicted improvement:       35.459544674
lambda =          1; f =          922.5636910
lambda =    0.33333; f =          901.0619828
lambda =    0.64439; f =          922.5636909
lambda =     0.4339; f =          895.5439160
lambda =    0.55011; f =          922.5636909
lambda =     0.4771; f =          893.4647979
lambda =    0.51965; f =          892.8193345
lambda =      0.566; f =          922.5636909
lambda =    0.53772; f =          922.5636909
lambda =    0.52143; f =          893.7963230
lambda =    0.53114; f =          922.5636909
lambda =    0.52529; f =          922.5636909
Norm of dx    0.36811
Cliff.  Perturbing search direction.
Predicted improvement:       42.544866173
lambda =          1; f =          922.5636909
lambda =    0.33333; f =          896.9437125
lambda =    0.64439; f =          878.5449554
lambda =     1.2457; f =          922.5636910
lambda =     0.8388; f =          922.5636909
lambda =    0.66161; f =          878.5503607
lambda =    0.76285; f =          922.5636909
lambda =    0.70038; f =          922.5636909
lambda =    0.66539; f =          922.5636909
lambda =    0.64524; f =          878.5193671
lambda =    0.65725; f =          878.3464324
lambda =    0.66949; f =          922.5636909
lambda =    0.66212; f =          878.6099036
Norm of dx      0.425
Cliff again.  Try traversing
Predicted improvement:    13292.085806085
lambda =          1; f =          978.9730463
lambda =    0.33333; f =          927.8610221
lambda =    0.11111; f =          923.0326279
lambda =   0.037037; f =          922.5861602
lambda =   0.012346; f =          922.5670352
lambda =  0.0041152; f =          840.0111432
lambda =  0.0079555; f =          922.5636919
lambda =  0.0053568; f =          839.6093035
Norm of dx     163.05
----
Improvement on iteration 25 =       82.954387400
-----------------
f at the beginning of new iteration,       839.6093034569
Predicted improvement:       28.662033157
lambda =          1; f =          811.9128410
Norm of dx     0.2403
----
Improvement on iteration 26 =       27.696462422
-----------------
f at the beginning of new iteration,       811.9128410348
Predicted improvement:        8.716298453
lambda =          1; f =          797.1198748
lambda =     1.9332; f =          787.3307877
lambda =     3.7372; f =          777.1121256
Norm of dx    0.31243
----
Improvement on iteration 27 =       34.800715476
-----------------
f at the beginning of new iteration,       777.1121255588
Predicted improvement:        6.873552383
lambda =          1; f =          764.5043019
lambda =     1.9332; f =          754.7535182
lambda =     3.7372; f =          743.1020296
Norm of dx    0.30483
----
Improvement on iteration 28 =       34.010095924
-----------------
f at the beginning of new iteration,       743.1020296347
Predicted improvement:       17.244327621
lambda =          1; f =          715.5103598
lambda =     1.9332; f =          707.7010150
Norm of dx     0.4062
----
Improvement on iteration 29 =       35.401014630
-----------------
f at the beginning of new iteration,       707.7010150047
Predicted improvement:       13.673440183
lambda =          1; f =          701.1751291
lambda =    0.33333; f =          701.6093806
Norm of dx    0.54196
----
Improvement on iteration 30 =        6.525885899
-----------------
f at the beginning of new iteration,       701.1751291058
Predicted improvement:        3.356572207
lambda =          1; f =          695.4072534
lambda =     1.9332; f =          691.8374267
lambda =     3.7372; f =          690.8714230
Norm of dx    0.19974
----
Improvement on iteration 31 =       10.303706100
-----------------
f at the beginning of new iteration,       690.8714230053
Predicted improvement:        4.244923564
lambda =          1; f =          685.6279452
Norm of dx   0.070214
----
Improvement on iteration 32 =        5.243477797
-----------------
f at the beginning of new iteration,       685.6279452080
Predicted improvement:        2.359681345
lambda =          1; f =          682.1978440
lambda =     1.9332; f =          682.0696913
Norm of dx   0.059935
----
Improvement on iteration 33 =        3.558253907
-----------------
f at the beginning of new iteration,       682.0696913008
Predicted improvement:        1.954979249
lambda =          1; f =          679.7362802
Norm of dx   0.034473
----
Improvement on iteration 34 =        2.333411066
-----------------
f at the beginning of new iteration,       679.7362802352
Predicted improvement:        1.779663880
lambda =          1; f =          676.9755783
lambda =     1.9332; f =          675.8533358
Norm of dx     0.2213
----
Improvement on iteration 35 =        3.882944471
-----------------
f at the beginning of new iteration,       675.8533357638
Predicted improvement:        2.777724842
lambda =          1; f =          672.1950842
Norm of dx    0.14996
----
Improvement on iteration 36 =        3.658251571
-----------------
f at the beginning of new iteration,       672.1950841932
Predicted improvement:        2.511817463
lambda =          1; f =          668.1821265
lambda =     1.9332; f =          666.2792149
Norm of dx    0.32523
----
Improvement on iteration 37 =        5.915869322
-----------------
f at the beginning of new iteration,       666.2792148715
Predicted improvement:        2.353339894
lambda =          1; f =          663.1644360
Norm of dx    0.15051
----
Improvement on iteration 38 =        3.114778880
-----------------
f at the beginning of new iteration,       663.1644359920
Predicted improvement:        1.412864379
lambda =          1; f =          661.4864421
Norm of dx    0.17052
----
Improvement on iteration 39 =        1.677993922
-----------------
f at the beginning of new iteration,       661.4864420695
Predicted improvement:        1.196357047
lambda =          1; f =          659.5738731
lambda =     1.9332; f =          658.6496147
Norm of dx   0.068509
----
Improvement on iteration 40 =        2.836827325
-----------------
f at the beginning of new iteration,       658.6496147441
Predicted improvement:        1.980037992
lambda =          1; f =          656.0061193
Norm of dx   0.070608
----
Improvement on iteration 41 =        2.643495453
-----------------
f at the beginning of new iteration,       656.0061192911
Predicted improvement:        1.328738213
lambda =          1; f =          653.9280043
lambda =     1.9332; f =          653.0277157
Norm of dx    0.13684
----
Improvement on iteration 42 =        2.978403609
-----------------
f at the beginning of new iteration,       653.0277156818
Predicted improvement:        1.067524551
lambda =          1; f =          651.3838156
lambda =     1.9332; f =          650.7226339
Norm of dx      0.139
----
Improvement on iteration 43 =        2.305081741
-----------------
f at the beginning of new iteration,       650.7226339412
Predicted improvement:        1.259382826
lambda =          1; f =          648.9953046
Norm of dx   0.058842
----
Improvement on iteration 44 =        1.727329382
-----------------
f at the beginning of new iteration,       648.9953045588
Predicted improvement:        1.869515199
lambda =          1; f =          646.9739323
Norm of dx   0.073383
----
Improvement on iteration 45 =        2.021372291
-----------------
f at the beginning of new iteration,       646.9739322682
Predicted improvement:        1.437971473
lambda =          1; f =          644.7533496
lambda =     1.9332; f =          644.0915714
Norm of dx    0.11948
----
Improvement on iteration 46 =        2.882360845
-----------------
f at the beginning of new iteration,       644.0915714233
Predicted improvement:        2.488362614
lambda =          1; f =          640.9991093
Norm of dx    0.07905
----
Improvement on iteration 47 =        3.092462106
-----------------
f at the beginning of new iteration,       640.9991093178
Predicted improvement:        1.363061070
lambda =          1; f =          638.8554952
lambda =     1.9332; f =          637.8455978
Norm of dx   0.094246
----
Improvement on iteration 48 =        3.153511496
-----------------
f at the beginning of new iteration,       637.8455978216
Predicted improvement:        1.913858821
lambda =          1; f =          634.9137888
lambda =     1.9332; f =          633.7609502
Norm of dx     0.1671
----
Improvement on iteration 49 =        4.084647596
-----------------
f at the beginning of new iteration,       633.7609502254
Predicted improvement:        2.409073169
lambda =          1; f =          631.2798072
Norm of dx    0.22598
----
Improvement on iteration 50 =        2.481143051
-----------------
f at the beginning of new iteration,       631.2798071749
Predicted improvement:        1.631924321
lambda =          1; f =          629.3221048
Norm of dx    0.15144
----
Improvement on iteration 51 =        1.957702343
-----------------
f at the beginning of new iteration,       629.3221048317
Predicted improvement:        0.521566704
lambda =          1; f =          628.7489288
Norm of dx    0.11892
----
Improvement on iteration 52 =        0.573176027
-----------------
f at the beginning of new iteration,       628.7489288051
Predicted improvement:        0.401038239
lambda =          1; f =          628.0281195
lambda =     1.9332; f =          627.4993680
lambda =     3.7372; f =          626.8601382
Norm of dx   0.043165
----
Improvement on iteration 53 =        1.888790634
-----------------
f at the beginning of new iteration,       626.8601381713
Predicted improvement:        1.801768560
lambda =          1; f =          624.0699521
lambda =     1.9332; f =          622.8166747
Norm of dx    0.32027
----
Improvement on iteration 54 =        4.043463510
-----------------
f at the beginning of new iteration,       622.8166746617
Predicted improvement:        0.645690905
lambda =          1; f =          622.0541203
Norm of dx    0.13098
----
Improvement on iteration 55 =        0.762554359
-----------------
f at the beginning of new iteration,       622.0541203027
Predicted improvement:        0.257004440
lambda =          1; f =          621.7099338
Norm of dx   0.061089
----
Improvement on iteration 56 =        0.344186496
-----------------
f at the beginning of new iteration,       621.7099338064
Predicted improvement:        0.338047716
lambda =          1; f =          621.2223171
lambda =     1.9332; f =          621.0822064
Norm of dx   0.042043
----
Improvement on iteration 57 =        0.627727406
-----------------
f at the beginning of new iteration,       621.0822064001
Predicted improvement:        0.287537532
lambda =          1; f =          620.6163667
lambda =     1.9332; f =          620.3850627
Norm of dx   0.033493
----
Improvement on iteration 58 =        0.697143660
-----------------
f at the beginning of new iteration,       620.3850627402
Predicted improvement:        0.318398143
lambda =          1; f =          619.8854631
lambda =     1.9332; f =          619.6731007
Norm of dx   0.062587
----
Improvement on iteration 59 =        0.711962084
-----------------
f at the beginning of new iteration,       619.6731006565
Predicted improvement:        0.398776850
lambda =          1; f =          618.9449659
lambda =     1.9332; f =          618.3958288
lambda =     3.7372; f =          617.7223652
Norm of dx   0.047438
----
Improvement on iteration 60 =        1.950735470
-----------------
f at the beginning of new iteration,       617.7223651869
Predicted improvement:        0.971470878
lambda =          1; f =          616.6060178
Norm of dx    0.10478
----
Improvement on iteration 61 =        1.116347398
-----------------
f at the beginning of new iteration,       616.6060177885
Predicted improvement:        0.619062643
lambda =          1; f =          615.5773175
lambda =     1.9332; f =          614.9945304
Norm of dx   0.049744
----
Improvement on iteration 62 =        1.611487342
-----------------
f at the beginning of new iteration,       614.9945304462
Predicted improvement:        1.689062084
lambda =          1; f =          612.4481843
lambda =     1.9332; f =          611.6561450
Norm of dx    0.15778
----
Improvement on iteration 63 =        3.338385481
-----------------
f at the beginning of new iteration,       611.6561449652
Predicted improvement:        2.797908356
lambda =          1; f =          609.1645310
Norm of dx    0.38323
----
Improvement on iteration 64 =        2.491613946
-----------------
f at the beginning of new iteration,       609.1645310193
Predicted improvement:        6.772247162
lambda =          1; f =          606.9881120
lambda =    0.33333; f =          606.1154159
Norm of dx    0.73404
----
Improvement on iteration 65 =        3.049115125
-----------------
f at the beginning of new iteration,       606.1154158939
Predicted improvement:        1.516748454
lambda =          1; f =          604.9539248
Norm of dx    0.20293
----
Improvement on iteration 66 =        1.161491118
-----------------
f at the beginning of new iteration,       604.9539247764
Predicted improvement:        0.508901241
lambda =          1; f =          604.5956282
Norm of dx   0.077648
----
Improvement on iteration 67 =        0.358296557
-----------------
f at the beginning of new iteration,       604.5956282192
Predicted improvement:        0.173692003
lambda =          1; f =          604.4270218
Norm of dx   0.039912
----
Improvement on iteration 68 =        0.168606433
-----------------
f at the beginning of new iteration,       604.4270217861
Predicted improvement:        0.088894397
lambda =          1; f =          604.2739291
lambda =     1.9332; f =          604.1769019
lambda =     3.7372; f =          604.1224037
Norm of dx   0.054046
----
Improvement on iteration 69 =        0.304618082
-----------------
f at the beginning of new iteration,       604.1224037044
Predicted improvement:        0.257985108
lambda =          1; f =          603.6676674
lambda =     1.9332; f =          603.3500201
lambda =     3.7372; f =          603.0102033
Norm of dx   0.069888
----
Improvement on iteration 70 =        1.112200362
-----------------
f at the beginning of new iteration,       603.0102033427
Predicted improvement:        0.703184751
lambda =          1; f =          601.9764737
lambda =     1.9332; f =          601.7503782
Norm of dx    0.25683
----
Improvement on iteration 71 =        1.259825158
-----------------
f at the beginning of new iteration,       601.7503781843
Predicted improvement:        0.791353797
lambda =          1; f =          600.5537997
lambda =     1.9332; f =          600.1344094
Norm of dx    0.12761
----
Improvement on iteration 72 =        1.615968827
-----------------
f at the beginning of new iteration,       600.1344093574
Predicted improvement:        0.595769964
lambda =          1; f =          599.3774830
Norm of dx    0.26611
----
Improvement on iteration 73 =        0.756926401
-----------------
f at the beginning of new iteration,       599.3774829566
Predicted improvement:        0.204494563
lambda =          1; f =          599.1848437
Norm of dx    0.13518
----
Improvement on iteration 74 =        0.192639279
-----------------
f at the beginning of new iteration,       599.1848436778
Predicted improvement:        0.017521012
lambda =          1; f =          599.1662830
Norm of dx   0.036967
----
Improvement on iteration 75 =        0.018560648
-----------------
f at the beginning of new iteration,       599.1662830303
Predicted improvement:        0.014901468
lambda =          1; f =          599.1484087
Norm of dx    0.03152
----
Improvement on iteration 76 =        0.017874318
-----------------
f at the beginning of new iteration,       599.1484087127
Predicted improvement:        0.018811413
lambda =          1; f =          599.1166394
lambda =     1.9332; f =          599.0978167
Norm of dx   0.024654
----
Improvement on iteration 77 =        0.050591983
-----------------
f at the beginning of new iteration,       599.0978167295
Predicted improvement:        0.037558191
lambda =          1; f =          599.0408674
lambda =     1.9332; f =          599.0210683
Norm of dx   0.021699
----
Improvement on iteration 78 =        0.076748427
-----------------
f at the beginning of new iteration,       599.0210683028
Predicted improvement:        0.033219377
lambda =          1; f =          598.9612335
lambda =     1.9332; f =          598.9171088
lambda =     3.7372; f =          598.8629511
Norm of dx    0.02216
----
Improvement on iteration 79 =        0.158117194
-----------------
f at the beginning of new iteration,       598.8629511089
Predicted improvement:        0.073650266
lambda =          1; f =          598.7575445
lambda =     1.9332; f =          599.8629795
lambda =     1.3017; f =          598.7423093
Norm of dx   0.035679
----
Improvement on iteration 80 =        0.120641810
-----------------
f at the beginning of new iteration,       598.7423092986
Predicted improvement:        0.023098842
lambda =          1; f =          598.7154746
Norm of dx   0.010525
----
Improvement on iteration 81 =        0.026834683
-----------------
f at the beginning of new iteration,       598.7154746161
Predicted improvement:        0.002507815
lambda =          1; f =          598.7119128
lambda =     1.9332; f =          598.7112349
Norm of dx  0.0061599
----
Improvement on iteration 82 =        0.004239702
-----------------
f at the beginning of new iteration,       598.7112349140
Predicted improvement:        0.001555005
lambda =          1; f =          598.7083071
lambda =     1.9332; f =          598.7058974
lambda =     3.7372; f =          598.7021188
lambda =     7.2247; f =          598.6980828
Norm of dx  0.0024049
----
Improvement on iteration 83 =        0.013152123
-----------------
f at the beginning of new iteration,       598.6980827910
Predicted improvement:        0.010584459
lambda =          1; f =          598.6785417
lambda =     1.9332; f =          598.6632206
lambda =     3.7372; f =          598.6414297
lambda =     7.2247; f =          598.6276889
Norm of dx   0.016204
----
Improvement on iteration 84 =        0.070393862
-----------------
f at the beginning of new iteration,       598.6276889286
Predicted improvement:        0.026055797
lambda =          1; f =          598.5881236
lambda =     1.9332; f =          598.5741027
Norm of dx   0.023252
----
Improvement on iteration 85 =        0.053586267
-----------------
f at the beginning of new iteration,       598.5741026621
Predicted improvement:        0.007255349
lambda =          1; f =          598.5646440
Norm of dx   0.024212
----
Improvement on iteration 86 =        0.009458626
-----------------
f at the beginning of new iteration,       598.5646440360
Predicted improvement:        0.003119497
lambda =          1; f =          598.5601402
lambda =     1.9332; f =          598.5590933
Norm of dx   0.013902
----
Improvement on iteration 87 =        0.005550707
-----------------
f at the beginning of new iteration,       598.5590933290
Predicted improvement:        0.002657897
lambda =          1; f =          598.5539393
lambda =     1.9332; f =          598.5494200
lambda =     3.7372; f =          598.5414777
lambda =     7.2247; f =          598.5290885
lambda =     13.967; f =          598.5161997
Norm of dx  0.0041703
----
Improvement on iteration 88 =        0.042893653
-----------------
f at the beginning of new iteration,       598.5161996759
Predicted improvement:        0.042121937
lambda =          1; f =          598.4371128
lambda =     1.9332; f =          598.3726311
lambda =     3.7372; f =          598.2735634
lambda =     7.2247; f =          598.1785431
Norm of dx   0.033056
----
Improvement on iteration 89 =        0.337656616
-----------------
f at the beginning of new iteration,       598.1785430599
Predicted improvement:        0.166389606
lambda =          1; f =          597.9316247
lambda =     1.9332; f =          597.8677364
Norm of dx    0.16709
----
Improvement on iteration 90 =        0.310806647
-----------------
f at the beginning of new iteration,       597.8677364126
Predicted improvement:        0.035466968
lambda =          1; f =          597.8250953
Norm of dx   0.037575
----
Improvement on iteration 91 =        0.042641145
-----------------
f at the beginning of new iteration,       597.8250952674
Predicted improvement:        0.013061704
lambda =          1; f =          597.8026274
lambda =     1.9332; f =          597.7882479
lambda =     3.7372; f =          597.7786149
Norm of dx   0.012064
----
Improvement on iteration 92 =        0.046480340
-----------------
f at the beginning of new iteration,       597.7786149274
Predicted improvement:        0.031928793
lambda =          1; f =          597.7164948
lambda =     1.9332; f =          597.6616917
lambda =     3.7372; f =          597.5646576
lambda =     7.2247; f =          597.4120815
lambda =     13.967; f =          597.2630414
Norm of dx   0.030837
----
Improvement on iteration 93 =        0.515573489
-----------------
f at the beginning of new iteration,       597.2630414383
Predicted improvement:        0.237441127
lambda =          1; f =          597.0040866
Norm of dx    0.18548
----
Improvement on iteration 94 =        0.258954793
-----------------
f at the beginning of new iteration,       597.0040866449
Predicted improvement:        0.091681877
lambda =          1; f =          596.9165694
Norm of dx   0.078948
----
Improvement on iteration 95 =        0.087517227
-----------------
f at the beginning of new iteration,       596.9165694178
Predicted improvement:        0.014579014
lambda =          1; f =          596.8989900
Norm of dx   0.028915
----
Improvement on iteration 96 =        0.017579453
-----------------
f at the beginning of new iteration,       596.8989899651
Predicted improvement:        0.008267209
lambda =          1; f =          596.8858853
lambda =     1.9332; f =          596.8799269
Norm of dx   0.026079
----
Improvement on iteration 97 =        0.019063103
-----------------
f at the beginning of new iteration,       596.8799268622
Predicted improvement:        0.014130037
lambda =          1; f =          596.8548111
lambda =     1.9332; f =          596.8370985
lambda =     3.7372; f =          596.8187355
Norm of dx   0.014892
----
Improvement on iteration 98 =        0.061191388
-----------------
f at the beginning of new iteration,       596.8187354740
Predicted improvement:        0.053338904
lambda =          1; f =          596.7207074
lambda =     1.9332; f =          596.6449984
lambda =     3.7372; f =          596.5429617
Norm of dx   0.026794
----
Improvement on iteration 99 =        0.275773734
-----------------
f at the beginning of new iteration,       596.5429617396
Predicted improvement:        0.186915622
lambda =          1; f =          596.2917195
Norm of dx    0.17578
----
Improvement on iteration 100 =        0.251242260
-----------------
f at the beginning of new iteration,       596.2917194795
Predicted improvement:        0.089606224
lambda =          1; f =          596.1860536
Norm of dx   0.095501
----
Improvement on iteration 101 =        0.105665857
-----------------
f at the beginning of new iteration,       596.1860536222
Predicted improvement:        0.011171651
lambda =          1; f =          596.1738448
Norm of dx    0.05113
----
Improvement on iteration 102 =        0.012208827
-----------------
f at the beginning of new iteration,       596.1738447953
Predicted improvement:        0.001497965
lambda =          1; f =          596.1727827
Norm of dx   0.011133
----
Improvement on iteration 103 =        0.001062140
-----------------
f at the beginning of new iteration,       596.1727826551
Predicted improvement:        0.000455939
lambda =          1; f =          596.1720949
lambda =     1.9332; f =          596.1718585
Norm of dx  0.0069353
----
Improvement on iteration 104 =        0.000924174
-----------------
f at the beginning of new iteration,       596.1718584812
Predicted improvement:        0.000455942
lambda =          1; f =          596.1709704
lambda =     1.9332; f =          596.1701862
lambda =     3.7372; f =          596.1687929
lambda =     7.2247; f =          596.1665623
lambda =     13.967; f =          596.1640158
Norm of dx  0.0014882
----
Improvement on iteration 105 =        0.007842712
-----------------
f at the beginning of new iteration,       596.1640157691
Predicted improvement:        0.006092409
lambda =          1; f =          596.1527934
lambda =     1.9332; f =          596.1441083
lambda =     3.7372; f =          596.1323967
Norm of dx   0.013042
----
Improvement on iteration 106 =        0.031619111
-----------------
f at the beginning of new iteration,       596.1323966585
Predicted improvement:        0.035596548
lambda =          1; f =          596.0709275
lambda =     1.9332; f =          596.0315725
lambda =     3.7372; f =          596.0074946
Norm of dx   0.076084
----
Improvement on iteration 107 =        0.124902032
-----------------
f at the beginning of new iteration,       596.0074946264
Predicted improvement:        0.054550298
lambda =          1; f =          595.9340574
Norm of dx    0.05223
----
Improvement on iteration 108 =        0.073437276
-----------------
f at the beginning of new iteration,       595.9340573501
Predicted improvement:        0.016180784
lambda =          1; f =          595.9177949
Norm of dx   0.064222
----
Improvement on iteration 109 =        0.016262481
-----------------
f at the beginning of new iteration,       595.9177948686
Predicted improvement:        0.000497457
lambda =          1; f =          595.9171878
Norm of dx  0.0075903
----
Improvement on iteration 110 =        0.000607047
-----------------
f at the beginning of new iteration,       595.9171878219
Predicted improvement:        0.000127071
lambda =          1; f =          595.9169930
lambda =     1.9332; f =          595.9169121
Norm of dx  0.0024845
----
Improvement on iteration 111 =        0.000275674
-----------------
f at the beginning of new iteration,       595.9169121483
Predicted improvement:        0.000173220
lambda =          1; f =          595.9165766
lambda =     1.9332; f =          595.9162802
lambda =     3.7372; f =          595.9157529
lambda =     7.2247; f =          595.9149002
lambda =     13.967; f =          595.9138521
Norm of dx  0.0012549
----
Improvement on iteration 112 =        0.003060051
-----------------
f at the beginning of new iteration,       595.9138520972
Predicted improvement:        0.003523026
lambda =          1; f =          595.9070677
lambda =     1.9332; f =          595.9011004
lambda =     3.7372; f =          595.8901939
lambda =     7.2247; f =          595.8700700
lambda =     13.967; f =          595.8331476
lambda =         27; f =          595.8235942
Norm of dx   0.012824
----
Improvement on iteration 113 =        0.090257855
-----------------
f at the beginning of new iteration,       595.8235942427
Predicted improvement:        0.089001836
lambda =          1; f =          595.6920711
lambda =     1.9332; f =          595.6521299
Norm of dx   0.070506
----
Improvement on iteration 114 =        0.171464333
-----------------
f at the beginning of new iteration,       595.6521299094
Predicted improvement:        0.257179073
lambda =          1; f =          596.0508778
lambda =    0.33333; f =          595.5213642
lambda =    0.64439; f =          595.5766538
lambda =     0.4339; f =          595.5128259
Norm of dx    0.43388
----
Improvement on iteration 115 =        0.139304008
-----------------
f at the beginning of new iteration,       595.5128259012
Predicted improvement:        0.078116470
lambda =          1; f =          595.4657207
Norm of dx    0.15875
----
Improvement on iteration 116 =        0.047105219
-----------------
f at the beginning of new iteration,       595.4657206818
Predicted improvement:        0.032893989
lambda =          1; f =          595.4345256
Norm of dx   0.054498
----
Improvement on iteration 117 =        0.031195088
-----------------
f at the beginning of new iteration,       595.4345255943
Predicted improvement:        0.010879212
lambda =          1; f =          595.4225264
Norm of dx   0.036192
----
Improvement on iteration 118 =        0.011999163
-----------------
f at the beginning of new iteration,       595.4225264313
Predicted improvement:        0.009272772
lambda =          1; f =          595.4061950
lambda =     1.9332; f =          595.3948594
lambda =     3.7372; f =          595.3833817
Norm of dx  0.0071861
----
Improvement on iteration 119 =        0.039144717
-----------------
f at the beginning of new iteration,       595.3833817144
Predicted improvement:        0.016194145
lambda =          1; f =          595.3590053
lambda =     1.9332; f =          595.3500671
Norm of dx   0.033033
----
Improvement on iteration 120 =        0.033314633
-----------------
f at the beginning of new iteration,       595.3500670814
Predicted improvement:        0.007019807
lambda =          1; f =          595.3426626
Norm of dx     0.0303
----
Improvement on iteration 121 =        0.007404434
-----------------
f at the beginning of new iteration,       595.3426626472
Predicted improvement:        0.001919225
lambda =          1; f =          595.3411238
Norm of dx   0.023777
----
Improvement on iteration 122 =        0.001538884
-----------------
f at the beginning of new iteration,       595.3411237628
Predicted improvement:        0.000439945
lambda =          1; f =          595.3406732
Norm of dx  0.0049789
----
Improvement on iteration 123 =        0.000450571
-----------------
f at the beginning of new iteration,       595.3406731922
Predicted improvement:        0.000082235
lambda =          1; f =          595.3405725
Norm of dx  0.0027237
----
Improvement on iteration 124 =        0.000100710
-----------------
f at the beginning of new iteration,       595.3405724826
Predicted improvement:        0.000017472
lambda =          1; f =          595.3405572
Norm of dx  0.0019398
----
Improvement on iteration 125 =        0.000015299
-----------------
f at the beginning of new iteration,       595.3405571838
Predicted improvement:        0.000001140
lambda =          1; f =          595.3405569
lambda =    0.33333; f =          595.3405567
Norm of dx 0.00031419
----
Improvement on iteration 126 =        0.000000474
-----------------
f at the beginning of new iteration,       595.3405567096
Predicted improvement:        0.000000227
lambda =          1; f =          595.3405565
Norm of dx 0.00011139
----
Improvement on iteration 127 =        0.000000182
-----------------
f at the beginning of new iteration,       595.3405565279
Predicted improvement:        0.000000006
lambda =          1; f =          595.3405565
lambda =     1.9332; f =          595.3405565
lambda =     3.7372; f =          595.3405565
lambda =     2.5164; f =          595.3405565
Norm of dx 1.8495e-05
----
Improvement on iteration 128 =        0.000000018
improvement < crit termination

Final value of minus the log posterior (or likelihood):595.340557 

MODE CHECK

Fval obtained by the minimization routine (minus the posterior/likelihood)): 595.340557

RESULTS FROM POSTERIOR ESTIMATION
parameters
         prior mean     mode    s.d. prior pstdev

para_sp_b    0.050   0.0363  0.0033 beta  0.0050 
phiv         4.000   1.8292  0.4156 norm  1.5000 
thetav       0.500   0.8707  0.0179 beta  0.1000 
rhov         0.500   0.7347  0.0175 beta  0.2000 
zetav        1.500   1.1092  0.1032 gamm  0.2500 
zetay        0.125   0.0381  0.0085 gamm  0.1000 
pi_bar       0.620   0.7657  0.1248 gamm  0.1000 
iotapi       0.500   0.0974  0.0477 beta  0.1500 
constebeta   0.300   0.0913  0.0295 gamm  0.1000 
ytrend       0.400   0.6634  0.0181 norm  0.1000 
s_bar        0.500   0.2659  0.0360 gamm  0.1000 
rhov_a       0.500   0.8466  0.0315 beta  0.2000 
rhov_g       0.500   0.9537  0.0178 beta  0.2000 
rhov_i       0.500   0.9323  0.0161 beta  0.2000 
rhov_f       0.750   0.9376  0.0148 beta  0.1500 

standard deviation of shocks
         prior mean     mode    s.d. prior pstdev

e_a          0.100   3.1871  0.5113 invg  2.0000 
e_g          0.100   5.2213  0.3551 invg  2.0000 
e_rn         0.100   0.2710  0.0161 invg  2.0000 
e_i          0.100   1.3516  0.2094 invg  2.0000 
e_f          0.050   5.5294  0.7030 invg  4.0000 


Log data density [Laplace approximation] is -644.856344.

Estimation::mcmc: One Chain mode.
Estimation::mcmc: Initialization at the posterior mode.

Estimation::mcmc: Write details about the MCMC... Ok!
Estimation::mcmc: Details about the MCMC are available in NKBGG/metropolis\NKBGG_mh_history_0.mat


Estimation::mcmc: Number of mh files: 1 per block.
Estimation::mcmc: Total number of generated files: 1.
Estimation::mcmc: Total number of iterations: 500000.
Estimation::mcmc: Current acceptance ratio per chain: 
                                                       Chain  1: 34.9326%
Estimation::mcmc: Total number of MH draws per chain: 500000.
Estimation::mcmc: Total number of generated MH files: 1.
Estimation::mcmc: I'll use mh-files 1 to 1.
Estimation::mcmc: In MH-file number 1 I'll start at line 200001.
Estimation::mcmc: Finally I keep 300000 draws per chain.



MCMC Inefficiency factors per block
Parameter        Block 1
SE_e_a           579.387
SE_e_g           203.226
SE_e_rn          263.089
SE_e_i           241.927
SE_e_f           241.051
para_sp_b        145.721
phiv             338.197
thetav           699.689
rhov             526.897
zetav            532.715
zetay            383.307
pi_bar           345.817
iotapi           242.028
constebeta       143.319
ytrend           229.217
s_bar            181.484
rhov_a           543.713
rhov_g           371.528
rhov_i           221.931
rhov_f           188.765


Geweke (1992) Convergence Tests, based on means of draws 200000 to 260000 vs 350000 to 500000.
p-values are for Chi2-test for equality of means.
Parameter          Post. Mean        Post. Std   p-val No Taper   p-val 4% Taper   p-val 8% Taper  p-val 15% Taper
SE_e_a                  2.471            0.564            0.000            0.769            0.821            0.851
SE_e_g                  5.376            0.391            0.000            0.612            0.651            0.663
SE_e_rn                 0.286            0.019            0.000            0.827            0.857            0.875
SE_e_i                  1.356            0.169            0.000            0.451            0.490            0.515
SE_e_f                  5.875            0.793            0.000            0.453            0.479            0.493
para_sp_b               0.036            0.003            0.909            0.994            0.994            0.994
phiv                    1.588            0.359            0.000            0.827            0.862            0.882
thetav                  0.799            0.049            0.008            0.958            0.968            0.973
rhov                    0.703            0.029            0.028            0.959            0.968            0.973
zetav                   1.377            0.135            0.000            0.898            0.919            0.931
zetay                   0.022            0.013            0.000            0.740            0.782            0.813
pi_bar                  0.912            0.123            0.000            0.542            0.631            0.689
iotapi                  0.140            0.056            0.000            0.568            0.596            0.583
constebeta              0.100            0.031            0.000            0.417            0.411            0.440
ytrend                  0.660            0.021            0.000            0.437            0.495            0.524
s_bar                   0.260            0.036            0.000            0.587            0.599            0.604
rhov_a                  0.879            0.037            0.350            0.983            0.987            0.989
rhov_g                  0.936            0.020            0.000            0.698            0.753            0.790
rhov_i                  0.931            0.016            0.000            0.203            0.170            0.159
rhov_f                  0.935            0.015            0.007            0.857            0.862            0.857


Estimation::marginal density: I'm computing the posterior mean and covariance...  Done!
Estimation::marginal density: I'm computing the posterior log marginal density (modified harmonic mean)... Done!


ESTIMATION RESULTS

Log data density is -642.830844.

parameters
             prior mean   post. mean        90% HPD interval    prior       pstdev

para_sp_b         0.050       0.0356      0.0303      0.0406   beta        0.0050
phiv              4.000       1.5954      1.0433      2.1309   norm        1.5000
thetav            0.500       0.7985      0.7252      0.8842   beta        0.1000
rhov              0.500       0.7033      0.6564      0.7541   beta        0.2000
zetav             1.500       1.3765      1.1088      1.5725   gamm        0.2500
zetay             0.125       0.0221      0.0015      0.0411   gamm        0.1000
pi_bar            0.620       0.9091      0.7058      1.1192   gamm        0.1000
iotapi            0.500       0.1400      0.0491      0.2239   beta        0.1500
constebeta        0.300       0.0999      0.0496      0.1470   gamm        0.1000
ytrend            0.400       0.6597      0.6259      0.6942   norm        0.1000
s_bar             0.500       0.2593      0.2034      0.3194   gamm        0.1000
rhov_a            0.500       0.8796      0.8223      0.9385   beta        0.2000
rhov_g            0.500       0.9361      0.9029      0.9681   beta        0.2000
rhov_i            0.500       0.9307      0.9051      0.9574   beta        0.2000
rhov_f            0.750       0.9351      0.9104      0.9599   beta        0.1500

standard deviation of shocks
             prior mean   post. mean        90% HPD interval    prior       pstdev

e_a               0.100       2.4762      1.7535      3.3885   invg        2.0000
e_g               0.100       5.3795      4.7636      6.0475   invg        2.0000
e_rn              0.100       0.2861      0.2553      0.3174   invg        2.0000
e_i               0.100       1.3590      1.0891      1.6147   invg        2.0000
e_f               0.050       5.8922      4.6231      7.0879   invg        4.0000
Estimation::mcmc: Posterior (dsge) IRFs...
Estimation::mcmc: Posterior IRFs, done!
Estimation::mcmc: Smoothed variables
Estimation::mcmc: Smoothed variables, done!
Estimation::mcmc: Smoothed shocks
Estimation::mcmc: Smoothed shocks, done!
Estimation::mcmc: Trend_coefficients
Estimation::mcmc: Trend_coefficients, done!
Estimation::mcmc: Smoothed constant
Estimation::mcmc: Smoothed constant, done!
Estimation::mcmc: Smoothed trend
Estimation::mcmc: Smoothed trend, done!
Estimation::mcmc: Updated Variables
Estimation::mcmc: Updated Variables, done!
Estimation::mcmc: Forecasted variables (mean)
Estimation::mcmc: Forecasted variables (mean), done!
Estimation::mcmc: Forecasted variables (point)
Estimation::mcmc: Forecasted variables (point), done!
Total computing time : 2h48m00s
