Starting Dynare (version 4.5.7).
Starting preprocessing of the model file ...
Substitution of exo lags: added 2 auxiliary variables and equations.
Found 49 equation(s).
Evaluating expressions...done
Computing static model derivatives:
 - order 1
Computing dynamic model derivatives:
 - order 1
 - order 2
Processing outputs ...
done
Preprocessing completed.
mex] k-order perturbation solver.
[mex] k-order solution simulation.
[mex] Quasi Monte-Carlo sequence (Sobol).
[mex] Markov Switching SBVAR.

Using 64-bit preprocessor
Starting Dynare (version 4.5.7).
Starting preprocessing of the model file ...
Substitution of exo lags: added 2 auxiliary variables and equations.
Found 49 equation(s).
Evaluating expressions...done
Computing static model derivatives:
 - order 1
Computing dynamic model derivatives:
 - order 1
 - order 2
Processing outputs ...
done
Preprocessing completed.

[Warning: Some of the parameters have no value (bet, pistar, sprd, Fom, zstar, rstar, Rstarn, rkstar, omegastar, Lstar, kstar, kbarstar, istar, ystar, cstar, wl_c, zwstar, sigwstar,
omegabarstar, Gstar, Gammastar, dGdomegastar, d2Gdomega2star, dGammadomegastar, d2Gammadomega2star, dGdsigmastar, d2Gdomegadsigmastar, dGammadsigmastar, d2Gammadomegadsigmastar, muestar,
nkstar, Rhostar, wekstar, vkstar, nstar, vstar, GammamuG, GammamuGprime, zeta_bw, zeta_zw, zeta_bw_zw, zeta_bsigw, zeta_zsigw, zeta_spsigw, zeta_bmue, zeta_zmue, zeta_spmue, Rkstar, zeta_Gw,
zeta_Gsigw, zeta_nRk, zeta_nR, zeta_nqk, zeta_nn, zeta_nmue, zeta_nsigw) when using steady. If these parameters are not initialized in a steadystate file or a steady_state_model-block, Dynare
may not be able to solve the model...] 

STEADY-STATE RESULTS:

y_t              		 0
c_t              		 0
i_t              		 0
k_t              		 0
kbar_t           		 0
L_t              		 0
mc_t             		 0
pi_t             		 0
R_t              		 0
rk_t             		 0
u_t              		 0
w_t              		 0
muw_t            		 0
qk_t             		 0
Rktil_t          		 0
n_t              		 0
z_t              		 0
ztil_t           		 0
b_t              		 0
g_t              		 0
laf_t            		 0
law_t            		 0
sigw_t           		 0
mu_t             		 0
rm_t             		 0
gdp_rgd_obs      		 0.675032
hours_dngs15_obs 		 0.467095
wage_rgd_obs     		 0.675032
gdpdef_obs       		 0.636515
ffr_obs          		 1.24246
c_rgd_obs        		 0.675032
ifi_rgd_obs      		 0.675032
baag10_obs       		 0.449254
y_ft             		 0
c_ft             		 0
i_ft             		 0
k_ft             		 0
kbar_ft          		 0
L_ft             		 0
r_ft             		 0
rk_ft            		 0
u_ft             		 0
w_ft             		 0
qk_ft            		 0
outputgap_t      		 0
r_ft_obs         		 2.42378
r_ann_t          		 2.42378

EIGENVALUES:
         Modulus             Real        Imaginary

       8.974e-18       -8.974e-18                0
       2.728e-17       -2.728e-17                0
       3.683e-17       -3.683e-17                0
       1.093e-16       -1.093e-16                0
       1.576e-16        1.576e-16                0
          0.2185           0.2185                0
          0.2654           0.2654                0
          0.3293           0.3293                0
          0.3298           0.3298                0
          0.3639           0.3639                0
          0.6151           0.6151                0
          0.7042           0.7042                0
          0.8408           0.8408                0
          0.9034           0.9002          0.07578
          0.9034           0.9002         -0.07578
          0.9077           0.9063          0.04968
          0.9077           0.9063         -0.04968
          0.9279           0.9279                0
          0.9326           0.9326                0
          0.9583           0.9583                0
          0.9729           0.9729                0
          0.9738           0.9738                0
          0.9788           0.9788                0
           1.053            1.053                0
           1.108            1.106          0.07199
           1.108            1.106         -0.07199
           1.135            1.125           0.1509
           1.135            1.125          -0.1509
           1.253            1.225           0.2632
           1.253            1.225          -0.2632
       8.717e+16       -8.717e+16                0
       2.359e+18       -2.359e+18                0
       3.913e+18        3.913e+18                0
       9.308e+18        9.308e+18                0
             Inf             -Inf                0


There are 12 eigenvalue(s) larger than 1 in modulus 
for 12 forward-looking variable(s)

The rank condition is verified.

Initial value of the log posterior (or likelihood): -222390.1257

==========================================================
   Change in the posterior covariance matrix = 24.9034.
   Change in the posterior mean = 9.2333.
   Mode improvement = 221898.8971
   New value of jscale = 0.0021366
==========================================================

==========================================================
   Change in the posterior covariance matrix = 0.84865.
   Change in the posterior mean = 5.1219.
   Mode improvement = 120.268
   New value of jscale = 0.26977
==========================================================

==========================================================
   Change in the posterior covariance matrix = 1.436.
   Change in the posterior mean = 3.7682.
   Mode improvement = 142.6494
   New value of jscale = 0.15484
==========================================================

Optimal value of the scale parameter = 0.15484


Final value of minus the log posterior (or likelihood):228.311246 

MODE CHECK

Fval obtained by the minimization routine (minus the posterior/likelihood)): 228.311246

RESULTS FROM POSTERIOR ESTIMATION
parameters
         prior mean     mode    s.d. prior pstdev

psi1         1.500   1.7380  0.1061 norm  0.2500 
rho_r        0.750   0.8306  0.0253 beta  0.1000 
psi2         0.120   0.0128  0.0136 norm  0.0500 
psi3         0.120   0.1620  0.0236 norm  0.0500 
zeta_p       0.500   0.6966  0.0057 beta  0.1000 
zeta_w       0.500   0.4585  0.0429 beta  0.1000 
iota_w       0.500   0.6993  0.0232 beta  0.1500 
iota_p       0.500   0.2131  0.0421 beta  0.1500 
zeta_spb     0.050   0.0468  0.0020 beta  0.0050 
sprd_aux     2.000   1.9123  0.0671 gamm  0.1000 
alp          0.300   0.1484  0.0105 norm  0.0500 
Bigphi       1.250   1.3814  0.0598 norm  0.1200 
h            0.700   0.5566  0.0235 beta  0.1000 
nu_l         2.000   1.9125  0.4399 norm  0.7500 
rstar_aux    0.250   0.1014  0.0363 gamm  0.1000 
pistar_aux   0.750   0.7172  0.0659 gamm  0.4000 
zstar_aux    0.400   0.6554  0.0622 norm  0.1000 
s2           4.000   3.0812  0.8813 norm  1.5000 
sigmac       1.500   0.7540  0.0878 norm  0.3700 
ppsi         0.500   0.6869  0.0401 beta  0.1500 
Lmean      -45.000 -44.9935  1.5431 norm  5.0000 
rho_z        0.500   0.9724  0.0168 beta  0.2000 
rho_b        0.500   0.9852  0.0468 beta  0.2000 
rho_g        0.500   0.9832  0.0597 beta  0.2000 
rho_mu       0.500   0.7371  0.0325 beta  0.2000 
rho_rm       0.500   0.4594  0.0424 beta  0.2000 
rho_laf      0.500   0.9876  0.1353 beta  0.2000 
rho_law      0.500   0.9377  0.0456 beta  0.2000 
eta_laf      0.500   0.6568  0.0790 beta  0.2000 
eta_law      0.500   0.7200  0.0624 beta  0.2000 
eta_gz       0.500   0.5973  0.1059 beta  0.2000 
rho_sigw     0.750   0.8980  0.0185 beta  0.1500 

standard deviation of shocks
         prior mean     mode    s.d. prior pstdev

z_sh         0.100   0.4244  0.0328 invg  2.0000 
g_sh         0.100   1.9634  0.3724 invg  2.0000 
b_sh         0.100   0.0246  0.0096 invg  2.0000 
mu_sh        0.100   0.3171  0.0352 invg  2.0000 
laf_sh       0.100   0.1056  0.0192 invg  2.0000 
law_sh       0.100   0.5286  0.0419 invg  2.0000 
sigw_sh      0.050   0.0593  0.0446 invg  4.0000 
rm_sh        0.100   0.1050  0.0143 invg  2.0000 


Log data density [Laplace approximation] is -352.121321.

Estimation::mcmc: One Chain mode.
Estimation::mcmc: Initialization at the posterior mode.

Estimation::mcmc: Write details about the MCMC... Ok!
Estimation::mcmc: Details about the MCMC are available in DNGS15/metropolis\DNGS15_mh_history_0.mat


Estimation::mcmc: Number of mh files: 4 per block.
Estimation::mcmc: Total number of generated files: 4.
Estimation::mcmc: Total number of iterations: 1000000.
Estimation::mcmc: Current acceptance ratio per chain: 
                                                       Chain  1: 16.4144%
Estimation::mcmc: Total number of MH draws per chain: 1000000.
Estimation::mcmc: Total number of generated MH files: 4.
Estimation::mcmc: I'll use mh-files 2 to 4.
Estimation::mcmc: In MH-file number 2 I'll start at line 2381.
Estimation::mcmc: Finally I keep 700000 draws per chain.



MCMC Inefficiency factors per block
Parameter        Block 1
SE_z_sh          556.139
SE_g_sh          312.144
SE_b_sh          537.965
SE_mu_sh         572.548
SE_laf_sh        655.699
SE_law_sh        619.135
SE_sigw_sh       342.755
SE_rm_sh         540.668
psi1             642.849
rho_r            651.413
psi2             602.954
psi3             672.564
zeta_p           744.844
zeta_w           722.373
iota_w           736.358
iota_p           729.466
zeta_spb         730.384
sprd_aux         710.772
alp              704.935
Bigphi           698.761
h                684.027
nu_l             616.555
rstar_aux        680.838
pistar_aux       726.524
zstar_aux        677.866
s2               552.119
sigmac           664.324
ppsi             702.246
Lmean            676.971
rho_z            487.818
rho_b            389.762
rho_g            373.943
rho_mu           693.623
rho_rm           672.173
rho_laf          299.223
rho_law          655.103
eta_laf          727.253
eta_law          680.454
eta_gz           719.512
rho_sigw         743.436


Geweke (1992) Convergence Tests, based on means of draws 300000 to 440000 vs 650000 to 1000000.
p-values are for Chi2-test for equality of means.
Parameter          Post. Mean        Post. Std   p-val No Taper   p-val 4% Taper   p-val 8% Taper  p-val 15% Taper
SE_z_sh                 0.437            0.035            0.778            0.994            0.995            0.995
SE_g_sh                 2.012            0.150            0.000            0.874            0.862            0.845
SE_b_sh                 0.024            0.003            0.000            0.019            0.076            0.152
SE_mu_sh                0.335            0.035            0.000            0.007            0.014            0.030
SE_laf_sh               0.108            0.015            0.000            0.185            0.280            0.374
SE_law_sh               0.524            0.051            0.000            0.014            0.044            0.080
SE_sigw_sh              0.061            0.005            0.000            0.009            0.045            0.111
SE_rm_sh                0.105            0.012            0.000            0.127            0.217            0.313
psi1                    1.675            0.133            0.000            0.857            0.883            0.901
rho_r                   0.834            0.026            0.000            0.741            0.780            0.809
psi2                    0.014            0.010            0.000            0.025            0.051            0.088
psi3                    0.166            0.025            0.000            0.059            0.135            0.219
zeta_p                  0.684            0.042            0.000            0.000            0.002            0.019
zeta_w                  0.500            0.058            0.000            0.000            0.005            0.023
iota_w                  0.617            0.092            0.000            0.000            0.000            0.000
iota_p                  0.263            0.102            0.000            0.000            0.000            0.003
zeta_spb                0.050            0.004            0.000            0.020            0.078            0.155
sprd_aux                1.954            0.091            0.000            0.221            0.316            0.399
alp                     0.135            0.017            0.000            0.349            0.464            0.554
Bigphi                  1.365            0.075            0.000            0.126            0.192            0.233
h                       0.603            0.048            0.000            0.539            0.625            0.664
nu_l                    2.025            0.351            0.000            0.491            0.517            0.511
rstar_aux               0.123            0.048            0.000            0.000            0.000            0.001
pistar_aux              0.747            0.181            0.000            0.018            0.076            0.154
zstar_aux               0.672            0.044            0.000            0.105            0.220            0.331
s2                      3.232            0.669            0.000            0.124            0.194            0.265
sigmac                  0.708            0.078            0.000            0.000            0.001            0.004
ppsi                    0.716            0.065            0.000            0.000            0.000            0.001
Lmean                 -43.767            2.267            0.000            0.237            0.336            0.405
rho_z                   0.970            0.012            0.000            0.273            0.354            0.429
rho_b                   0.985            0.007            0.000            0.164            0.242            0.328
rho_g                   0.976            0.014            0.000            0.007            0.037            0.095
rho_mu                  0.719            0.060            0.000            0.000            0.001            0.002
rho_rm                  0.463            0.057            0.000            0.551            0.599            0.636
rho_laf                 0.985            0.010            0.000            0.099            0.176            0.234
rho_law                 0.910            0.052            0.000            0.942            0.955            0.963
eta_laf                 0.592            0.109            0.000            0.000            0.002            0.014
eta_law                 0.705            0.088            0.000            0.017            0.074            0.164
eta_gz                  0.444            0.155            0.000            0.130            0.243            0.323
rho_sigw                0.913            0.041            0.000            0.026            0.105            0.212


Estimation::marginal density: I'm computing the posterior mean and covariance...  Done!
Estimation::marginal density: I'm computing the posterior log marginal density (modified harmonic mean)... Done!


ESTIMATION RESULTS

Log data density is -328.544089.

parameters
             prior mean   post. mean        90% HPD interval    prior       pstdev

psi1              1.500       1.6767      1.4626      1.8748   norm        0.2500
rho_r             0.750       0.8345      0.7899      0.8792   beta        0.1000
psi2              0.120       0.0137     -0.0017      0.0303   norm        0.0500
psi3              0.120       0.1648      0.1249      0.2052   norm        0.0500
zeta_p            0.500       0.6911      0.6149      0.7597   beta        0.1000
zeta_w            0.500       0.5076      0.4167      0.6070   beta        0.1000
iota_w            0.500       0.5933      0.4402      0.7111   beta        0.1500
iota_p            0.500       0.2605      0.0921      0.4487   beta        0.1500
zeta_spb          0.050       0.0512      0.0437      0.0566   beta        0.0050
sprd_aux          2.000       1.9460      1.7918      2.1129   gamm        0.1000
alp               0.300       0.1348      0.1031      0.1636   norm        0.0500
Bigphi            1.250       1.3601      1.2522      1.4838   norm        0.1200
h                 0.700       0.6126      0.5429      0.6837   beta        0.1000
nu_l              2.000       2.0399      1.4652      2.5921   norm        0.7500
rstar_aux         0.250       0.1254      0.0433      0.2050   gamm        0.1000
pistar_aux        0.750       0.7847      0.4944      1.0927   gamm        0.4000
zstar_aux         0.400       0.6709      0.5953      0.7479   norm        0.1000
s2                4.000       3.2410      2.2472      4.3053   norm        1.5000
sigmac            1.500       0.7047      0.5822      0.8282   norm        0.3700
ppsi              0.500       0.7226      0.6083      0.8384   beta        0.1500
Lmean           -45.000     -43.7422    -47.3653    -40.1374   norm        5.0000
rho_z             0.500       0.9708      0.9512      0.9904   beta        0.2000
rho_b             0.500       0.9860      0.9760      0.9966   beta        0.2000
rho_g             0.500       0.9769      0.9569      0.9973   beta        0.2000
rho_mu            0.500       0.7183      0.6139      0.8123   beta        0.2000
rho_rm            0.500       0.4653      0.3764      0.5567   beta        0.2000
rho_laf           0.500       0.9849      0.9717      0.9985   beta        0.2000
rho_law           0.500       0.9086      0.8305      0.9820   beta        0.2000
eta_laf           0.500       0.6034      0.4123      0.7927   beta        0.2000
eta_law           0.500       0.7070      0.5734      0.8523   beta        0.2000
eta_gz            0.500       0.4323      0.1819      0.6786   beta        0.2000
rho_sigw          0.750       0.9155      0.8538      0.9948   beta        0.1500

standard deviation of shocks
             prior mean   post. mean        90% HPD interval    prior       pstdev

z_sh              0.100       0.4385      0.3813      0.4953   invg        2.0000
g_sh              0.100       2.0123      1.7691      2.2552   invg        2.0000
b_sh              0.100       0.0236      0.0183      0.0285   invg        2.0000
mu_sh             0.100       0.3361      0.2773      0.3897   invg        2.0000
laf_sh            0.100       0.1075      0.0836      0.1297   invg        2.0000
law_sh            0.100       0.5215      0.4373      0.6069   invg        2.0000
sigw_sh           0.050       0.0616      0.0528      0.0703   invg        4.0000
rm_sh             0.100       0.1046      0.0849      0.1246   invg        2.0000
Estimation::mcmc: Posterior (dsge) IRFs...
Estimation::mcmc: Posterior IRFs, done!
Estimation::mcmc: Smoothed variables
Estimation::mcmc: Smoothed variables, done!
Estimation::mcmc: Smoothed shocks
Estimation::mcmc: Smoothed shocks, done!
Estimation::mcmc: Trend_coefficients
Estimation::mcmc: Trend_coefficients, done!
Estimation::mcmc: Smoothed constant
Estimation::mcmc: Smoothed constant, done!
Estimation::mcmc: Smoothed trend
Estimation::mcmc: Smoothed trend, done!
Estimation::mcmc: Updated Variables
Estimation::mcmc: Updated Variables, done!
Estimation::mcmc: Forecasted variables (mean)
Estimation::mcmc: Forecasted variables (mean), done!
Estimation::mcmc: Forecasted variables (point)
Estimation::mcmc: Forecasted variables (point), done!
Total computing time : 10h30m21s
Note: warning(s) encountered in MATLAB/Octave code
