Starting Dynare (version 4.5.7).
Starting preprocessing of the model file ...
WARNING: QPM08.mod:138.1-94: ''unit_root_vars'' is now obsolete; use the ''diffuse_filter'' option of ''estimation'' instead
Substitution of endo leads >= 2: added 6 auxiliary variables and equations.
Substitution of endo lags >= 2: added 16 auxiliary variables and equations.
Found 49 equation(s).
Evaluating expressions...done
Computing static model derivatives:
 - order 1
Computing dynamic model derivatives:
 - order 1
 - order 2
Processing outputs ...
done
Preprocessing completed.


RES_Y_US,RES_G_US                       0.250   0.1793     NaN beta  0.1000 
RES_gdpl_rgd_obs_BAR,RES_PIE_US         0.050   0.0141     NaN beta  0.0200 


Log data density [Laplace approximation] is NaN.


Configuring Dynare ...
[mex] Generalized QZ.
[mex] Sylvester equation solution.
[mex] Kronecker products.
[mex] Sparse kronecker products.
[mex] Local state space iteration (second order).
[mex] Bytecode evaluation.
[mex] k-order perturbation solver.
[mex] k-order solution simulation.
[mex] Quasi Monte-Carlo sequence (Sobol).
[mex] Markov Switching SBVAR.

Using 64-bit preprocessor
Starting Dynare (version 4.5.7).
Starting preprocessing of the model file ...
WARNING: QPM08.mod:138.1-94: ''unit_root_vars'' is now obsolete; use the ''diffuse_filter'' option of ''estimation'' instead
Substitution of endo leads >= 2: added 6 auxiliary variables and equations.
Substitution of endo lags >= 2: added 16 auxiliary variables and equations.
Found 49 equation(s).
Evaluating expressions...done
Computing static model derivatives:
 - order 1
Computing dynamic model derivatives:
 - order 1
 - order 2
Processing outputs ...
done
Preprocessing completed.


STEADY-STATE RESULTS:

RR_US             		 1.8456
RR_US_BAR         		 1.8456
unr_obs           		 6.525
unr_obs_GAP       		 0
unr_obs_BAR       		 6.525
PIE_US            		 2.5
PIE_US4           		 2.5
Y_US              		 0
gdpl_rgd_obs      		 895.093
gdpl_rgd_obs_BAR  		 895.093
ffr_obs           		 1.0864
G_US              		 2.7599
cpil_obs          		 498.924
E4_PIE_US4        		 2.5
E1_Y_US           		 0
E1_PIE_US         		 2.5
UNR_G_US          		 0
GROWTH_US         		 2.7599
GROWTH4_US        		 2.7599
GROWTH4_US_BAR    		 2.7599
blt_obs           		 -8.87
blt_obs_BAR       		 -8.87
E                 		 0
E2                		 0
GROWTH_US_BAR     		 2.7599
RR_US_GAP         		 0
blt_obs_GAP       		 0

EIGENVALUES:
         Modulus             Real        Imaginary

               0               -0                0
               0               -0                0
               0               -0                0
               0                0                0
               0               -0                0
               0               -0                0
               0               -0                0
       1.235e-18        1.235e-18                0
       1.942e-18        1.942e-18                0
       2.211e-18        2.211e-18                0
       5.884e-18       -5.884e-18                0
       6.471e-18       -6.471e-18                0
       6.883e-18        6.883e-18                0
       1.077e-17        1.077e-17                0
       1.239e-17        1.239e-17                0
       3.545e-17       -3.545e-17                0
       8.732e-17       -8.732e-17                0
             0.1              0.1                0
          0.4822          -0.4822                0
          0.5118         -0.05828           0.5085
          0.5118         -0.05828          -0.5085
          0.6648           0.6648                0
          0.6992           0.6992                0
          0.7796           0.7796                0
             0.9              0.9                0
           0.951           0.9252           0.2203
           0.951           0.9252          -0.2203
               1                1                0
               1                1                0
               1                1                0
               1                1                0
           1.156            1.156                0
           1.718          -0.2063            1.706
           1.718          -0.2063           -1.706
           1.824           -1.824                0
           7.308            7.308                0
       3.137e+04        1.568e+04        2.717e+04
       3.137e+04        1.568e+04       -2.717e+04
       3.137e+04       -3.137e+04                0
             Inf              Inf                0


There are 9 eigenvalue(s) larger than 1 in modulus 
for 9 forward-looking variable(s)

The rank condition is verified.

Initial value of the log posterior (or likelihood): -1022.844
                                            First-order      Norm of
 Iter F-count            f(x)  Feasibility   optimality         step
    0      31    1.022844e+03    0.000e+00    1.230e+03
Objective function returned Inf; trying a new point...
    1      65    7.765311e+02    0.000e+00    9.185e+02    4.412e+00
    2      96    6.623553e+02    0.000e+00    8.247e+02    8.320e-01
    3     128    6.364744e+02    0.000e+00    8.117e+02    9.978e-01
    4     161    6.305362e+02    0.000e+00    7.792e+02    2.327e-01
    5     192    6.256787e+02    0.000e+00    6.292e+03    1.411e+00
    6     223    6.229192e+02    0.000e+00    2.271e+03    1.341e+00
    7     254    5.968133e+02    0.000e+00    6.240e+02    3.988e+00
    8     286    5.541965e+02    0.000e+00    5.636e+02    8.101e-01
    9     319    5.499847e+02    0.000e+00    5.255e+02    3.071e-01
   10     351    5.460541e+02    0.000e+00    6.142e+02    2.151e+00
   11     383    5.368598e+02    0.000e+00    5.706e+02    4.971e-01
   12     415    5.264546e+02    0.000e+00    5.779e+02    3.603e-01
   13     446    5.203977e+02    0.000e+00    5.687e+03    4.515e-01
   14     477    5.153014e+02    0.000e+00    1.764e+03    8.349e-01
   15     509    5.017624e+02    0.000e+00    1.161e+03    6.596e-01
   16     542    4.852053e+02    0.000e+00    5.467e+02    7.211e-01
   17     573    4.780782e+02    0.000e+00    5.324e+02    6.473e-01
   18     604    4.543713e+02    0.000e+00    1.364e+03    1.084e+00
   19     636    4.538561e+02    0.000e+00    1.899e+02    2.056e-01
   20     668    4.476385e+02    0.000e+00    1.815e+02    3.057e-01
   21     700    4.372706e+02    0.000e+00    1.794e+02    5.668e-01
   22     732    4.343815e+02    0.000e+00    2.342e+02    2.488e-01
   23     766    4.335853e+02    0.000e+00    1.934e+02    1.013e-01
   24     799    4.322228e+02    0.000e+00    1.687e+02    2.861e-01
   25     832    4.279808e+02    0.000e+00    1.514e+02    6.630e-01
   26     864    4.197509e+02    0.000e+00    1.176e+02    7.495e-01
   27     897    4.166584e+02    0.000e+00    1.078e+02    5.507e-01
   28     931    4.149594e+02    0.000e+00    1.054e+02    2.677e-01
   29     963    4.099691e+02    0.000e+00    1.657e+02    9.164e-01
   30     995    4.088860e+02    0.000e+00    2.902e+02    1.166e+00

                                            First-order      Norm of
 Iter F-count            f(x)  Feasibility   optimality         step
   31    1027    4.000965e+02    0.000e+00    1.203e+02    1.035e+00
   32    1059    3.970349e+02    0.000e+00    1.178e+02    1.367e-01
   33    1091    3.898641e+02    0.000e+00    1.148e+02    1.792e+00
   34    1123    3.841758e+02    0.000e+00    1.341e+02    8.035e-01
   35    1156    3.800103e+02    0.000e+00    9.047e+01    7.711e-01
   36    1188    3.747556e+02    0.000e+00    7.055e+01    4.975e-01
   37    1220    3.700793e+02    0.000e+00    8.136e+01    5.452e-01
   38    1253    3.687145e+02    0.000e+00    7.840e+01    4.357e-01
   39    1286    3.641283e+02    0.000e+00    7.610e+01    5.203e-01
   40    1317    3.637332e+02    0.000e+00    1.054e+02    6.440e-01
   41    1350    3.598876e+02    0.000e+00    7.767e+01    5.260e-01
   42    1382    3.596322e+02    0.000e+00    1.492e+02    3.271e-01
   43    1414    3.573353e+02    0.000e+00    8.523e+01    2.272e-01
   44    1447    3.530107e+02    0.000e+00    4.377e+01    5.222e-01
   45    1480    3.511631e+02    0.000e+00    3.510e+01    1.880e-01
   46    1513    3.497302e+02    0.000e+00    3.694e+01    2.203e-01
   47    1546    3.495388e+02    0.000e+00    3.518e+01    1.570e-01
   48    1579    3.489498e+02    0.000e+00    4.545e+01    5.028e-01
   49    1610    3.484194e+02    0.000e+00    3.468e+01    1.049e-01
   50    1641    3.476221e+02    0.000e+00    2.952e+01    3.820e-01
   51    1672    3.469042e+02    0.000e+00    2.592e+01    7.885e-02
   52    1703    3.454958e+02    0.000e+00    1.016e+02    2.256e-01
   53    1734    3.451941e+02    0.000e+00    5.022e+01    5.917e-02
   54    1765    3.449619e+02    0.000e+00    3.177e+01    6.730e-02
   55    1796    3.448643e+02    0.000e+00    1.829e+01    4.047e-02
   56    1827    3.448294e+02    0.000e+00    1.351e+01    3.273e-02
   57    1858    3.448161e+02    0.000e+00    1.284e+01    2.385e-02
   58    1889    3.447917e+02    0.000e+00    1.290e+01    2.188e-02
   59    1920    3.447687e+02    0.000e+00    1.632e+01    3.661e-02
   60    1951    3.447324e+02    0.000e+00    2.120e+01    4.334e-02

                                            First-order      Norm of
 Iter F-count            f(x)  Feasibility   optimality         step
   61    1982    3.446960e+02    0.000e+00    2.426e+01    6.236e-02
   62    2013    3.446266e+02    0.000e+00    2.425e+01    7.763e-02
   63    2044    3.445488e+02    0.000e+00    1.861e+01    1.032e-01
   64    2075    3.444798e+02    0.000e+00    5.718e+00    7.160e-02
   65    2107    3.444651e+02    0.000e+00    6.677e+00    3.667e-02
   66    2138    3.444596e+02    0.000e+00    6.861e+00    1.957e-02
   67    2169    3.444447e+02    0.000e+00    7.967e+00    4.200e-02
   68    2200    3.444368e+02    0.000e+00    8.723e+00    3.199e-02
   69    2231    3.443998e+02    0.000e+00    1.093e+01    7.907e-02
   70    2262    3.443636e+02    0.000e+00    1.522e+01    5.895e-02
   71    2293    3.442993e+02    0.000e+00    1.189e+01    4.771e-02
   72    2324    3.442932e+02    0.000e+00    6.888e+00    9.973e-03
   73    2355    3.442890e+02    0.000e+00    6.675e+00    5.489e-03
   74    2386    3.442906e+02    0.000e+00    6.358e+00    7.362e-03
   75    2417    3.442891e+02    0.000e+00    6.565e+00    2.395e-03
   76    2448    3.442897e+02    0.000e+00    6.357e+00    2.745e-03
   77    2479    3.442875e+02    0.000e+00    6.091e+00    8.413e-03
   78    2510    3.442866e+02    0.000e+00    7.513e+00    1.138e-02
   79    2541    3.442846e+02    0.000e+00    6.277e+00    1.350e-02
   80    2572    3.442847e+02    0.000e+00    2.712e+00    6.336e-03
   81    2603    3.441198e+02    0.000e+00    6.863e+00    1.563e-02
   82    2634    3.441230e+02    0.000e+00    2.751e+00    1.184e-02
   83    2665    3.441220e+02    0.000e+00    1.939e+00    5.093e-03
   84    2696    3.441227e+02    0.000e+00    1.735e+00    4.476e-03
   85    2727    3.441223e+02    0.000e+00    1.833e+00    7.814e-04
   86    2758    3.441222e+02    0.000e+00    2.168e+00    4.439e-03
   87    2789    3.441219e+02    0.000e+00    2.316e+00    2.980e-03
   88    2820    3.441213e+02    0.000e+00    2.506e+00    6.060e-03
   89    2851    3.441201e+02    0.000e+00    2.457e+00    5.492e-03
   90    2882    3.441182e+02    0.000e+00    1.814e+00    3.277e-03

                                            First-order      Norm of
 Iter F-count            f(x)  Feasibility   optimality         step
   91    2913    3.441167e+02    0.000e+00    6.959e-01    6.646e-03
   92    2944    3.441164e+02    0.000e+00    1.544e-01    6.383e-03
   93    2975    3.440843e+02    0.000e+00    1.369e+00    3.105e-03
   94    3006    3.440845e+02    0.000e+00    3.799e-02    3.326e-03
   95    3037    3.440767e+02    0.000e+00    4.399e-02    6.231e-04
   96    3068    3.440766e+02    0.000e+00    6.229e-02    4.712e-04
   97    3099    3.440766e+02    0.000e+00    4.296e-03    2.458e-04
   98    3130    3.440766e+02    0.000e+00    1.353e-03    1.899e-05
   99    3161    3.440766e+02    0.000e+00    3.419e-04    7.846e-06
  100    3192    3.440766e+02    0.000e+00    2.102e-03    9.135e-06
  101    3224    3.440766e+02    0.000e+00    1.135e-03    3.387e-06

<a href = "matlab: helpview('optim','local_min_poss_with_constr','CSHelpWindow');">Local minimum possible. Constraints satisfied</a>.

fmincon stopped because the <a href = "matlab: helpview('optim','norm_curr_step_simple_fminconip','CSHelpWindow');">size of the current step</a> is less than
the value of the <a href = "matlab: helpview('optim','step_size_tol','CSHelpWindow');">step size tolerance</a> and constraints are 
satisfied to within the value of the <a href = "matlab: helpview('optim','constraint_tolerance','CSHelpWindow');">constraint tolerance</a>.

<<a href = "matlab: createExitMsg({'optimlib:sqpLineSearch:Exit2basic','fmincon'},{'optimlib:sqpLineSearch:Exit2detailed','1.000000e-06','0.000000e+00','1.000000e-06'},true,true);;">stopping criteria details</a>>

Final value of minus the log posterior (or likelihood):344.076580 

MODE CHECK

Fval obtained by the minimization routine (minus the posterior/likelihood)): 344.076580

RESULTS FROM POSTERIOR ESTIMATION
parameters
                                    prior mean     mode    s.d. prior pstdev

alpha_us1                               0.800   0.8183  0.0456 beta  0.1000 
alpha_us2                               0.300   0.2250  0.0241 gamm  0.2000 
alpha_us3                               0.500   0.1423  0.0786 beta  0.2000 
growth_us_ss                            2.500   2.4450  0.2285 norm  0.2500 
rr_us_bar_ss                            2.000   1.5398  0.1929 norm  0.2000 
rho_us                                  0.900   0.3934  0.0727 beta  0.0500 
tau_us                                  0.100   0.0846  0.0354 beta  0.0500 
beta_us1                                0.750   0.6646  0.0416 gamm  0.1000 
beta_us2                                0.150   0.0465  0.0477 beta  0.1000 
beta_us3                                0.200   0.1521  0.0300 gamm  0.0500 
lambda_us1                              0.500   0.7469  0.0474 beta  0.1000 
lambda_us2                              0.250   0.1834  0.0318 gamm  0.0500 
gamma_us1                               0.500   0.7902  0.0256 beta  0.0500 
gamma_us2                               0.500   0.1648  0.1149 gamm  0.3000 
gamma_us4                               0.200   0.2180  0.0557 gamm  0.0500 
kappa_us                               20.000  19.9614  0.4938 gamm  0.5000 
theta                                   1.000   1.4460  0.5483 gamm  0.5000 

standard deviation of shocks
                                    prior mean     mode    s.d. prior pstdev

RES_unr_obs_GAP                         0.200   0.1126  0.0134 invg     Inf 
RES_unr_obs_BAR                         0.100   0.0471  0.0201 invg     Inf 
RES_UNR_G_US                            0.100   0.0480  0.0144 invg     Inf 
RES_Y_US                                0.250   0.3776  0.0364 invg     Inf 
RES_gdpl_rgd_obs_BAR                    0.050   0.0231  0.0095 invg     Inf 
RES_G_US                                0.100   0.4719  0.1103 invg     Inf 
RES_PIE_US                              0.700   1.8275  0.1338 invg     Inf 
RES_ffr_obs                             0.700   0.1473  0.0206 invg     Inf 
RES_RR_US_BAR                           0.200   1.4451  0.2022 invg     Inf 
RES_blt_obs                             0.400   0.5271  0.1984 invg     Inf 
RES_blt_obs_BAR                         0.200   0.0926  0.0382 invg     Inf 

correlation of shocks
                                    prior mean     mode    s.d. prior pstdev

RES_Y_US,RES_G_US                       0.250   0.2795  0.1202 beta  0.1000 
RES_gdpl_rgd_obs_BAR,RES_PIE_US         0.050   0.0419  0.0185 beta  0.0200 


Log data density [Laplace approximation] is -406.115688.

Estimation::mcmc: One Chain mode.
Estimation::mcmc: Initialization at the posterior mode.

Estimation::mcmc: Write details about the MCMC... Ok!
Estimation::mcmc: Details about the MCMC are available in QPM08/metropolis\QPM08_mh_history_0.mat


Estimation::mcmc: Number of mh files: 3 per block.
Estimation::mcmc: Total number of generated files: 3.
Estimation::mcmc: Total number of iterations: 1000000.
Estimation::mcmc: Current acceptance ratio per chain: 
                                                       Chain  1: 24.5655%
Estimation::mcmc: Total number of MH draws per chain: 1000000.
Estimation::mcmc: Total number of generated MH files: 3.
Estimation::mcmc: I'll use mh-files 1 to 3.
Estimation::mcmc: In MH-file number 1 I'll start at line 300001.
Estimation::mcmc: Finally I keep 700000 draws per chain.



MCMC Inefficiency factors per block
Parameter                                Block 1
SE_RES_unr_obs_GAP                       337.196
SE_RES_unr_obs_BAR                       299.021
SE_RES_UNR_G_US                          377.137
SE_RES_Y_US                              541.002
SE_RES_gdpl_rgd_obs_BAR                  742.745
SE_RES_G_US                              389.348
SE_RES_PIE_US                            201.023
SE_RES_ffr_obs                           222.378
SE_RES_RR_US_BAR                         167.996
SE_RES_blt_obs                           438.410
SE_RES_blt_obs_BAR                       706.606
CC_RES_Y_US_RES_G_US                     163.817
CC_RES_gdpl_rgd_obs_BAR_RES_PIE_US       213.327
alpha_us1                                233.049
alpha_us2                                325.771
alpha_us3                                499.394
growth_us_ss                             172.654
rr_us_bar_ss                             169.961
rho_us                                    69.211
tau_us                                   268.146
beta_us1                                 402.318
beta_us2                                 189.626
beta_us3                                 182.090
lambda_us1                               181.724
lambda_us2                               181.926
gamma_us1                                 71.970
gamma_us2                                187.668
gamma_us4                                186.743
kappa_us                                 188.500
theta                                    447.106


Geweke (1992) Convergence Tests, based on means of draws 300000 to 440000 vs 650000 to 1000000.
p-values are for Chi2-test for equality of means.
Parameter                                  Post. Mean        Post. Std   p-val No Taper   p-val 4% Taper   p-val 8% Taper  p-val 15% Taper
SE_RES_unr_obs_GAP                              0.099            0.020            0.000            0.030            0.025            0.028
SE_RES_unr_obs_BAR                              0.068            0.025            0.000            0.080            0.055            0.044
SE_RES_UNR_G_US                                 0.065            0.021            0.000            0.110            0.080            0.047
SE_RES_Y_US                                     0.354            0.058            0.000            0.016            0.073            0.150
SE_RES_gdpl_rgd_obs_BAR                         0.091            0.115            0.000            0.009            0.057            0.132
SE_RES_G_US                                     0.523            0.149            0.000            0.011            0.046            0.104
SE_RES_PIE_US                                   1.858            0.138            0.000            0.623            0.626            0.611
SE_RES_ffr_obs                                  0.158            0.023            0.000            0.696            0.686            0.646
SE_RES_RR_US_BAR                                1.467            0.142            0.000            0.036            0.033            0.034
SE_RES_blt_obs                                  0.562            0.208            0.000            0.011            0.026            0.037
SE_RES_blt_obs_BAR                              0.226            0.209            0.000            0.423            0.484            0.499
CC_RES_Y_US_RES_G_US                            0.295            0.109            0.000            0.588            0.609            0.627
CC_RES_gdpl_rgd_obs_BAR_RES_PIE_US              0.049            0.019            0.000            0.058            0.073            0.090
alpha_us1                                       0.828            0.046            0.000            0.377            0.409            0.445
alpha_us2                                       0.233            0.030            0.000            0.031            0.084            0.145
alpha_us3                                       0.268            0.151            0.000            0.401            0.425            0.457
growth_us_ss                                    2.454            0.225            0.000            0.148            0.127            0.080
rr_us_bar_ss                                    1.517            0.185            0.000            0.047            0.054            0.027
rho_us                                          0.431            0.034            0.102            0.849            0.833            0.816
tau_us                                          0.096            0.039            0.000            0.188            0.262            0.343
beta_us1                                        0.673            0.051            0.000            0.049            0.132            0.223
beta_us2                                        0.067            0.043            0.000            0.505            0.528            0.531
beta_us3                                        0.149            0.027            0.000            0.524            0.505            0.482
lambda_us1                                      0.747            0.046            0.000            0.071            0.087            0.105
lambda_us2                                      0.189            0.032            0.000            0.021            0.022            0.029
gamma_us1                                       0.776            0.012            0.000            0.161            0.120            0.083
gamma_us2                                       0.216            0.105            0.000            0.188            0.147            0.129
gamma_us4                                       0.234            0.057            0.000            0.621            0.616            0.607
kappa_us                                       19.971            0.500            0.000            0.719            0.720            0.731
theta                                           1.460            0.542            0.000            0.208            0.288            0.321


Estimation::marginal density: I'm computing the posterior mean and covariance...  Done!
Estimation::marginal density: I'm computing the posterior log marginal density (modified harmonic mean)... Done!


ESTIMATION RESULTS

Log data density is -406.317188.

parameters
                                        prior mean   post. mean        90% HPD interval    prior       pstdev

alpha_us1                                    0.800       0.8270      0.7553      0.9028   beta        0.1000
alpha_us2                                    0.300       0.2344      0.1829      0.2824   gamm        0.2000
alpha_us3                                    0.500       0.2720      0.0526      0.5063   beta        0.2000
growth_us_ss                                 2.500       2.4543      2.0814      2.8252   norm        0.2500
rr_us_bar_ss                                 2.000       1.5133      1.2122      1.8231   norm        0.2000
rho_us                                       0.900       0.4307      0.3934      0.4763   beta        0.0500
tau_us                                       0.100       0.0945      0.0308      0.1535   beta        0.0500
beta_us1                                     0.750       0.6779      0.5914      0.7647   gamm        0.1000
beta_us2                                     0.150       0.0677      0.0024      0.1287   beta        0.1000
beta_us3                                     0.200       0.1496      0.1043      0.1938   gamm        0.0500
lambda_us1                                   0.500       0.7454      0.6666      0.8204   beta        0.1000
lambda_us2                                   0.250       0.1892      0.1364      0.2411   gamm        0.0500
gamma_us1                                    0.500       0.7765      0.7603      0.7902   beta        0.0500
gamma_us2                                    0.500       0.2132      0.0508      0.3705   gamm        0.3000
gamma_us4                                    0.200       0.2338      0.1414      0.3232   gamm        0.0500
kappa_us                                    20.000      19.9776     19.1560     20.7897   gamm        0.5000
theta                                        1.000       1.4801      0.6195      2.2890   gamm        0.5000

standard deviation of shocks
                                        prior mean   post. mean        90% HPD interval    prior       pstdev

RES_unr_obs_GAP                              0.200       0.0989      0.0652      0.1306   invg           Inf
RES_unr_obs_BAR                              0.100       0.0675      0.0283      0.1069   invg           Inf
RES_UNR_G_US                                 0.100       0.0657      0.0328      0.0991   invg           Inf
RES_Y_US                                     0.250       0.3467      0.2427      0.4457   invg           Inf
RES_gdpl_rgd_obs_BAR                         0.050       0.1121      0.0107      0.3478   invg           Inf
RES_G_US                                     0.100       0.5134      0.2675      0.7655   invg           Inf
RES_PIE_US                                   0.700       1.8605      1.6366      2.0881   invg           Inf
RES_ffr_obs                                  0.700       0.1583      0.1208      0.1943   invg           Inf
RES_RR_US_BAR                                0.200       1.4671      1.2353      1.6975   invg           Inf
RES_blt_obs                                  0.400       0.5471      0.2170      0.8559   invg           Inf
RES_blt_obs_BAR                              0.200       0.2184      0.0420      0.4947   invg           Inf

correlation of shocks
                                        prior mean   post. mean        90% HPD interval    prior       pstdev

RES_Y_US,RES_G_US                            0.250       0.2948      0.1197      0.4750   beta        0.1000
RES_gdpl_rgd_obs_BAR,RES_PIE_US              0.050       0.0481      0.0167      0.0773   beta        0.0200
Estimation::mcmc: Posterior (dsge) IRFs...
Estimation::mcmc: Posterior IRFs, done!
Estimation::mcmc: Smoothed variables
Estimation::mcmc: Smoothed variables, done!
Estimation::mcmc: Smoothed shocks
Estimation::mcmc: Smoothed shocks, done!
Estimation::mcmc: Trend_coefficients
Estimation::mcmc: Trend_coefficients, done!
Estimation::mcmc: Smoothed constant
Estimation::mcmc: Smoothed constant, done!
Estimation::mcmc: Smoothed trend
Estimation::mcmc: Smoothed trend, done!
Estimation::mcmc: Updated Variables
Estimation::mcmc: Updated Variables, done!
Estimation::mcmc: Forecasted variables (mean)
Estimation::mcmc: Forecasted variables (mean), done!
Estimation::mcmc: Forecasted variables (point)
Estimation::mcmc: Forecasted variables (point), done!
Total computing time : 9h35m13s
Note: 1 warning(s) encountered in the preprocessor
