Starting Dynare (version 4.5.7).
Starting preprocessing of the model file ...
Found 75 equation(s).
Evaluating expressions...done
Computing static model derivatives:
 - order 1
Computing dynamic model derivatives:
 - order 1
Processing outputs ...
done
Preprocessing completed.
Initial value of the log posterior (or likelihood): -1323.2854
-----------------
f at the beginning of new iteration,      1323.2853966403
Predicted improvement:   216109.478524251
lambda =          1; f =         1325.7543260
lambda =    0.33333; f =         1323.5559050
lambda =    0.11111; f =         1323.3142424
lambda =   0.037037; f =         1323.2882316
lambda =   0.012346; f =         1323.2856112
lambda =  0.0041152; f =         1323.2854004
lambda =  0.0013717; f =         1215.1818875
lambda = 0.00045725; f =         1243.8222992
Norm of dx     6.5743
----
Improvement on iteration 1 =      108.103509163
-----------------
f at the beginning of new iteration,      1215.1818874776
Predicted improvement:    46254.513642511
lambda =          1; f =         1221.2179883
lambda =    0.33333; f =         1215.8460360
lambda =    0.11111; f =         1215.2535892
lambda =   0.037037; f =         1215.1892161
lambda =   0.012346; f =         1215.1825336
lambda =  0.0041152; f =         1215.1819325
lambda =  0.0013717; f =         1215.1818880
lambda = 0.00045725; f =         1177.3390974
lambda = 0.00088394; f =         1186.8727642
Norm of dx     3.3514
----
Improvement on iteration 2 =       37.842790053
-----------------
f at the beginning of new iteration,      1177.3390974242
Predicted improvement:    30184.828123764
lambda =          1; f =         1181.2014598
lambda =    0.33333; f =         1177.7612397
lambda =    0.11111; f =         1177.3837416
lambda =   0.037037; f =         1177.3433671
lambda =   0.012346; f =         1177.3393802
lambda =  0.0041152; f =         1177.3390986
lambda =  0.0013717; f =         1104.0251250
lambda =  0.0026518; f =         1078.3668826
Norm of dx     3.2884
----
Improvement on iteration 3 =       98.972214785
-----------------
f at the beginning of new iteration,      1078.3668826397
Predicted improvement:    35299.671670984
lambda =          1; f =         1083.9005276
lambda =    0.33333; f =         1078.9784743
lambda =    0.11111; f =         1078.4338051
lambda =   0.037037; f =         1078.3740143
lambda =   0.012346; f =         1078.3675895
lambda =  0.0041152; f =         1078.3669377
lambda =  0.0013717; f =         1078.3668848
lambda = 0.00045725; f =         1139.9555970
lambda = 0.00015242; f =         1073.9191605
Norm of dx      4.667
----
Improvement on iteration 4 =        4.447722177
-----------------
f at the beginning of new iteration,      1073.9191604625
Predicted improvement:     9829.472264955
lambda =          1; f =         1074.7154697
lambda =    0.33333; f =         1074.0037124
lambda =    0.11111; f =         1073.9274193
lambda =   0.037037; f =         1073.9198347
lambda =   0.012346; f =         1073.9192095
lambda =  0.0041152; f =         1073.9191611
lambda =  0.0013717; f =         1052.6430095
lambda =  0.0026518; f =         1045.9048049
Norm of dx     1.8993
----
Improvement on iteration 5 =       28.014355532
-----------------
f at the beginning of new iteration,      1045.9048049309
Predicted improvement:     9610.006200127
lambda =          1; f =         1046.3121283
lambda =    0.33333; f =         1045.9455630
lambda =    0.11111; f =         1045.9080502
lambda =   0.037037; f =         1045.9048989
lambda =   0.012346; f =         1058.5885597
lambda =  0.0041152; f =         1015.1400741
Norm of dx     2.3056
----
Improvement on iteration 6 =       30.764730844
-----------------
f at the beginning of new iteration,      1015.1400740866
Predicted improvement:     7212.493368938
lambda =          1; f =         1016.1811074
lambda =    0.33333; f =         1015.2473357
lambda =    0.11111; f =         1015.1496329
lambda =   0.037037; f =         1015.1406006
lambda =   0.012346; f =         1015.1400746
lambda =  0.0041152; f =          964.6039537
lambda =  0.0079555; f =         1017.7615810
lambda =  0.0053568; f =          959.3034332
lambda =  0.0067914; f =          972.0980896
Norm of dx     2.1044
----
Improvement on iteration 7 =       55.836640854
-----------------
f at the beginning of new iteration,       959.3034332330
Predicted improvement:     4910.722368186
lambda =          1; f =          960.1072466
lambda =    0.33333; f =          959.3860202
lambda =    0.11111; f =          959.3107824
lambda =   0.037037; f =          959.3038670
lambda =   0.012346; f =          959.3034385
lambda =  0.0041152; f =          924.1401361
lambda =  0.0079555; f =          913.0692924
Norm of dx     1.7389
----
Improvement on iteration 8 =       46.234140808
-----------------
f at the beginning of new iteration,       913.0692924247
Predicted improvement:     4484.861487905
lambda =          1; f =          913.8701971
lambda =    0.33333; f =          913.1510941
lambda =    0.11111; f =          913.0765667
lambda =   0.037037; f =          913.0696786
lambda =   0.012346; f =          913.0692952
lambda =  0.0041152; f =          897.4469987
Norm of dx     1.8285
----
Improvement on iteration 9 =       15.622293675
-----------------
f at the beginning of new iteration,       897.4469987495
Predicted improvement:     5254.734867362
lambda =          1; f =          898.9121294
lambda =    0.33333; f =          897.5997787
lambda =    0.11111; f =          897.4617996
lambda =   0.037037; f =          897.4480669
lambda =   0.012346; f =          897.4470146
lambda =  0.0041152; f =          873.8716578
Norm of dx     2.3543
----
Improvement on iteration 10 =       23.575340919
-----------------
f at the beginning of new iteration,       873.8716578307
Predicted improvement:      321.686547807
lambda =          1; f =          873.8861869
lambda =    0.33333; f =          873.8721515
lambda =    0.11111; f =          866.2023250
lambda =   0.037037; f =          858.1815455
Norm of dx    0.26723
----
Improvement on iteration 11 =       15.690112377
-----------------
f at the beginning of new iteration,       858.1815454536
Predicted improvement:     1170.684920163
lambda =          1; f =          858.5739363
lambda =    0.33333; f =          858.2137132
lambda =    0.11111; f =          858.1831644
lambda =   0.037037; f =          858.1815815
lambda =   0.012346; f =          845.0304578
Norm of dx     1.0442
----
Improvement on iteration 12 =       13.151087635
-----------------
f at the beginning of new iteration,       845.0304578191
Predicted improvement:      753.857308103
lambda =          1; f =          845.2705802
lambda =    0.33333; f =          845.0502993
lambda =    0.11111; f =          845.0316491
lambda =   0.037037; f =          845.0305205
lambda =   0.012346; f =          831.0563218
lambda =   0.023866; f =          845.0304687
lambda =    0.01607; f =          845.0304583
lambda =   0.012676; f =          831.7232649
Norm of dx    0.71147
----
Improvement on iteration 13 =       13.974136065
-----------------
f at the beginning of new iteration,       831.0563217541
Predicted improvement:      614.352531974
lambda =          1; f =          831.1877989
lambda =    0.33333; f =          831.0648253
lambda =    0.11111; f =          831.0563496
lambda =   0.037037; f =          831.0563221
lambda =   0.012346; f =          818.6131768
lambda =   0.023866; f =          818.7711849
Norm of dx    0.59858
----
Improvement on iteration 14 =       12.443144944
-----------------
f at the beginning of new iteration,       818.6131768097
Predicted improvement:     5309.087075328
lambda =          1; f =          831.4954018
lambda =    0.33333; f =          819.9728442
lambda =    0.11111; f =          818.7432803
lambda =   0.037037; f =          818.6223705
lambda =   0.012346; f =          818.6132377
lambda =  0.0041152; f =          785.4449450
lambda =  0.0079555; f =          795.7959568
lambda =  0.0053568; f =          781.0425134
Norm of dx     5.2307
----
Improvement on iteration 15 =       37.570663397
-----------------
f at the beginning of new iteration,       781.0425134123
Predicted improvement:      120.882731333
lambda =          1; f =          781.0428001
lambda =    0.33333; f =          781.0425204
lambda =    0.11111; f =          761.3649617
lambda =     0.2148; f =          781.0425141
lambda =    0.14463; f =          762.6534279
Norm of dx    0.18349
----
Improvement on iteration 16 =       19.677551744
-----------------
f at the beginning of new iteration,       761.3649616679
Predicted improvement:     2038.019288068
lambda =          1; f =          762.5130563
lambda =    0.33333; f =          761.4680972
lambda =    0.11111; f =          761.3702265
lambda =   0.037037; f =          761.3653691
lambda =   0.012346; f =          751.1799500
lambda =  0.0041152; f =          751.9208825
Norm of dx     3.1637
----
Improvement on iteration 17 =       10.185011702
-----------------
f at the beginning of new iteration,       751.1799499660
Predicted improvement:       51.063057646
lambda =          1; f =          751.1809756
lambda =    0.33333; f =          751.1799502
lambda =    0.11111; f =          743.2264722
lambda =     0.2148; f =          743.3290873
Norm of dx    0.10749
----
Improvement on iteration 18 =        7.953477723
-----------------
f at the beginning of new iteration,       743.2264722433
Predicted improvement:       78.610919609
lambda =          1; f =          743.2290092
lambda =    0.33333; f =          743.2264733
lambda =    0.11111; f =          734.4577173
Norm of dx     0.1875
----
Improvement on iteration 19 =        8.768754917
-----------------
f at the beginning of new iteration,       734.4577173264
Predicted improvement:       41.443525120
lambda =          1; f =          734.4578763
lambda =    0.33333; f =          723.6941722
Norm of dx   0.095971
----
Improvement on iteration 20 =       10.763545111
-----------------
f at the beginning of new iteration,       723.6941722158
Predicted improvement:       39.307154400
lambda =          1; f =          723.6951086
lambda =    0.33333; f =          723.6941726
lambda =    0.11111; f =          716.5752523
lambda =     0.2148; f =          712.5027166
Norm of dx   0.089738
----
Improvement on iteration 21 =       11.191455602
-----------------
f at the beginning of new iteration,       712.5027166138
Predicted improvement:       62.707152076
lambda =          1; f =          712.5077858
lambda =    0.33333; f =          712.5030958
lambda =    0.11111; f =          712.5027279
lambda =   0.037037; f =          709.1874374
lambda =   0.071599; f =          712.5027169
lambda =   0.048211; f =          709.9288519
Norm of dx    0.15707
----
Improvement on iteration 22 =        3.315279252
-----------------
f at the beginning of new iteration,       709.1874373615
Predicted improvement:      102.128658742
lambda =          1; f =          709.1905687
lambda =    0.33333; f =          709.1874985
lambda =    0.11111; f =          701.0576396
Norm of dx    0.22798
----
Improvement on iteration 23 =        8.129797719
-----------------
f at the beginning of new iteration,       701.0576396430
Predicted improvement:       20.953248511
lambda =          1; f =          715.5638287
lambda =    0.33333; f =          693.1418076
Norm of dx   0.069754
----
Improvement on iteration 24 =        7.915832030
-----------------
f at the beginning of new iteration,       693.1418076130
Predicted improvement:       14.502659037
lambda =          1; f =          693.1418097
lambda =    0.33333; f =          687.2145247
Norm of dx   0.069888
----
Improvement on iteration 25 =        5.927282876
-----------------
f at the beginning of new iteration,       687.2145247367
Predicted improvement:        7.654346925
lambda =          1; f =          684.5682738
lambda =    0.33333; f =          683.5584560
lambda =    0.64439; f =          682.6464380
Norm of dx    0.04501
----
Improvement on iteration 26 =        4.568086706
-----------------
f at the beginning of new iteration,       682.6464380307
Predicted improvement:        3.864571979
lambda =          1; f =          682.6464404
lambda =    0.33333; f =          680.9389964
Norm of dx   0.032965
----
Improvement on iteration 27 =        1.707441675
-----------------
f at the beginning of new iteration,       680.9389963553
Predicted improvement:        5.298028221
lambda =          1; f =          678.5155629
lambda =    0.33333; f =          678.3446547
lambda =    0.64439; f =          677.5292549
Norm of dx   0.048189
----
Improvement on iteration 28 =        3.409741474
-----------------
f at the beginning of new iteration,       677.5292548813
Predicted improvement:        3.980648031
lambda =          1; f =          675.8889841
lambda =    0.33333; f =          675.5789008
lambda =    0.64439; f =          675.0199813
Norm of dx   0.044308
----
Improvement on iteration 29 =        2.509273626
-----------------
f at the beginning of new iteration,       675.0199812549
Predicted improvement:        2.772717822
lambda =          1; f =          673.6600427
lambda =    0.33333; f =          673.6283008
lambda =    0.64439; f =          673.1604648
Norm of dx   0.039992
----
Improvement on iteration 30 =        1.859516497
-----------------
f at the beginning of new iteration,       673.1604647575
Predicted improvement:        1.999179820
lambda =          1; f =          670.7403325
Norm of dx   0.037588
----
Improvement on iteration 31 =        2.420132214
-----------------
f at the beginning of new iteration,       670.7403325438
Predicted improvement:        1.458233401
lambda =          1; f =          668.4951141
lambda =     1.9332; f =          667.5123481
Norm of dx   0.036397
----
Improvement on iteration 32 =        3.227984467
-----------------
f at the beginning of new iteration,       667.5123480771
Predicted improvement:        1.922159494
lambda =          1; f =          664.5836867
lambda =     1.9332; f =          663.6480412
Norm of dx     0.0639
----
Improvement on iteration 33 =        3.864306923
-----------------
f at the beginning of new iteration,       663.6480411542
Predicted improvement:        3.213341747
lambda =          1; f =          659.6629244
Norm of dx   0.080299
----
Improvement on iteration 34 =        3.985116766
-----------------
f at the beginning of new iteration,       659.6629243881
Predicted improvement:        2.216611978
lambda =          1; f =          656.5559627
lambda =     1.9332; f =          656.1300427
Norm of dx   0.057647
----
Improvement on iteration 35 =        3.532881689
-----------------
f at the beginning of new iteration,       656.1300426992
Predicted improvement:        2.117518736
lambda =          1; f =          654.2386871
Norm of dx   0.056262
----
Improvement on iteration 36 =        1.891355605
-----------------
f at the beginning of new iteration,       654.2386870941
Predicted improvement:        1.435576357
lambda =          1; f =          652.2603442
Norm of dx   0.049957
----
Improvement on iteration 37 =        1.978342927
-----------------
f at the beginning of new iteration,       652.2603441675
Predicted improvement:        1.612458094
lambda =          1; f =          649.7566481
lambda =     1.9332; f =          648.9032200
Norm of dx   0.096945
----
Improvement on iteration 38 =        3.357124145
-----------------
f at the beginning of new iteration,       648.9032200225
Correct for low angle: 0.00389646
Predicted improvement:        2.760484935
lambda =          1; f =          645.9735659
Norm of dx   0.077177
----
Improvement on iteration 39 =        2.929654090
-----------------
f at the beginning of new iteration,       645.9735659327
Correct for low angle: 0.00324088
Predicted improvement:        5.475186985
lambda =          1; f =          658.9177509
lambda =    0.33333; f =          643.8210135
Norm of dx    0.17079
----
Improvement on iteration 40 =        2.152552405
-----------------
f at the beginning of new iteration,       643.8210135282
Correct for low angle: 0.00256604
Predicted improvement:        6.776086425
lambda =          1; f =          651.7886336
lambda =    0.33333; f =          643.0628514
lambda =    0.11111; f =          642.8198405
Norm of dx    0.18645
----
Improvement on iteration 41 =        1.001173011
-----------------
f at the beginning of new iteration,       642.8198405171
Predicted improvement:        3.498768307
lambda =          1; f =          637.7909160
lambda =     1.9332; f =          640.1644986
lambda =     1.3017; f =          637.4049897
Norm of dx    0.21471
----
Improvement on iteration 42 =        5.414850796
-----------------
f at the beginning of new iteration,       637.4049897211
Predicted improvement:        5.468565755
lambda =          1; f =          637.4049997
lambda =    0.33333; f =          634.3677035
lambda =    0.64439; f =          633.8328603
Norm of dx    0.20031
----
Improvement on iteration 43 =        3.572129434
-----------------
f at the beginning of new iteration,       633.8328602871
Predicted improvement:        5.956353288
lambda =          1; f =          633.7028602
lambda =    0.33333; f =          631.9697014
Norm of dx    0.15147
----
Improvement on iteration 44 =        1.863158848
-----------------
f at the beginning of new iteration,       631.9697014393
Predicted improvement:        7.913790182
lambda =          1; f =          631.9697015
lambda =    0.33333; f =          629.5840892
Norm of dx    0.21531
----
Improvement on iteration 45 =        2.385612228
-----------------
f at the beginning of new iteration,       629.5840892112
Predicted improvement:        2.825780552
lambda =          1; f =          629.5840894
lambda =    0.33333; f =          628.1492444
lambda =    0.64439; f =          628.1659256
Norm of dx    0.11129
----
Improvement on iteration 46 =        1.434844768
-----------------
f at the beginning of new iteration,       628.1492444433
Predicted improvement:        1.591377876
lambda =          1; f =          626.6369789
Norm of dx   0.076137
----
Improvement on iteration 47 =        1.512265546
-----------------
f at the beginning of new iteration,       626.6369788976
Predicted improvement:        1.174771007
lambda =          1; f =          625.2526541
Norm of dx   0.023205
----
Improvement on iteration 48 =        1.384324765
-----------------
f at the beginning of new iteration,       625.2526541327
Predicted improvement:        4.523440773
lambda =          1; f =          626.8204717
lambda =    0.33333; f =          623.8000573
Norm of dx    0.09223
----
Improvement on iteration 49 =        1.452596792
-----------------
f at the beginning of new iteration,       623.8000573402
Predicted improvement:        2.296933160
lambda =          1; f =          621.2023740
Norm of dx   0.074534
----
Improvement on iteration 50 =        2.597683313
-----------------
f at the beginning of new iteration,       621.2023740269
Predicted improvement:        1.627509853
lambda =          1; f =          618.7713270
lambda =     1.9332; f =          617.9856637
Norm of dx    0.07754
----
Improvement on iteration 51 =        3.216710339
-----------------
f at the beginning of new iteration,       617.9856636876
Predicted improvement:        1.320031705
lambda =          1; f =          616.4253941
Norm of dx   0.078877
----
Improvement on iteration 52 =        1.560269552
-----------------
f at the beginning of new iteration,       616.4253941352
Predicted improvement:        1.000675035
lambda =          1; f =          615.2134738
Norm of dx   0.055353
----
Improvement on iteration 53 =        1.211920348
-----------------
f at the beginning of new iteration,       615.2134737872
Predicted improvement:        0.988828754
lambda =          1; f =          613.9652654
Norm of dx   0.045333
----
Improvement on iteration 54 =        1.248208348
-----------------
f at the beginning of new iteration,       613.9652654396
Predicted improvement:        0.806197594
lambda =          1; f =          612.7283099
lambda =     1.9332; f =          612.2649719
Norm of dx   0.040126
----
Improvement on iteration 55 =        1.700293550
-----------------
f at the beginning of new iteration,       612.2649718896
Predicted improvement:        0.672616384
lambda =          1; f =          611.1952129
lambda =     1.9332; f =          610.6854826
Norm of dx   0.025601
----
Improvement on iteration 56 =        1.579489313
-----------------
f at the beginning of new iteration,       610.6854825770
Predicted improvement:        0.675188853
lambda =          1; f =          609.6066463
lambda =     1.9332; f =          609.0940760
Norm of dx   0.043887
----
Improvement on iteration 57 =        1.591406562
-----------------
f at the beginning of new iteration,       609.0940760148
Predicted improvement:        0.884008630
lambda =          1; f =          607.8851040
Norm of dx   0.055694
----
Improvement on iteration 58 =        1.208971981
-----------------
f at the beginning of new iteration,       607.8851040335
Predicted improvement:        0.820822015
lambda =          1; f =          606.8332538
Norm of dx   0.044518
----
Improvement on iteration 59 =        1.051850219
-----------------
f at the beginning of new iteration,       606.8332538143
Predicted improvement:        0.607864256
lambda =          1; f =          605.8584486
lambda =     1.9332; f =          605.3774546
Norm of dx   0.039503
----
Improvement on iteration 60 =        1.455799210
-----------------
f at the beginning of new iteration,       605.3774546041
Predicted improvement:        0.795582710
lambda =          1; f =          604.1603190
lambda =     1.9332; f =          603.7115581
Norm of dx   0.041689
----
Improvement on iteration 61 =        1.665896525
-----------------
f at the beginning of new iteration,       603.7115580794
Correct for low angle: 0.00439884
Predicted improvement:        1.450812773
lambda =          1; f =          602.4712808
Norm of dx    0.13109
----
Improvement on iteration 62 =        1.240277297
-----------------
f at the beginning of new iteration,       602.4712807824
Correct for low angle: 0.00226953
Predicted improvement:        2.629075223
lambda =          1; f =          602.2077148
lambda =    0.33333; f =          601.1188975
lambda =    0.64439; f =          600.8048454
Norm of dx   0.059643
----
Improvement on iteration 63 =        1.666435337
-----------------
f at the beginning of new iteration,       600.8048454456
Correct for low angle: 0.00247129
Predicted improvement:        4.030603388
lambda =          1; f =          604.2899305
lambda =    0.33333; f =          599.9367362
Norm of dx    0.10909
----
Improvement on iteration 64 =        0.868109238
-----------------
f at the beginning of new iteration,       599.9367362080
Correct for low angle: 0.00188527
Predicted improvement:        5.286210663
lambda =          1; f =          599.9367362
lambda =    0.33333; f =          599.8650429
lambda =    0.11111; f =          599.0520654
lambda =     0.2148; f =          598.8895655
Norm of dx    0.13404
----
Improvement on iteration 65 =        1.047170675
-----------------
f at the beginning of new iteration,       598.8895655330
Correct for low angle: 0.00212922
Predicted improvement:        4.574096152
lambda =          1; f =          608.2900202
lambda =    0.33333; f =          599.1493552
lambda =    0.11111; f =          598.3198885
Norm of dx    0.14697
----
Improvement on iteration 66 =        0.569677066
-----------------
f at the beginning of new iteration,       598.3198884670
Correct for low angle: 0.00491285
Predicted improvement:        1.963588710
lambda =          1; f =          595.5248464
lambda =     1.9332; f =          596.9178046
lambda =     1.3017; f =          595.3158680
Norm of dx    0.16051
----
Improvement on iteration 67 =        3.004020512
-----------------
f at the beginning of new iteration,       595.3158679549
Predicted improvement:        1.210537348
lambda =          1; f =          593.9902857
Norm of dx   0.044243
----
Improvement on iteration 68 =        1.325582236
-----------------
f at the beginning of new iteration,       593.9902857190
Predicted improvement:        0.678018959
lambda =          1; f =          593.2252814
Norm of dx   0.026183
----
Improvement on iteration 69 =        0.765004324
-----------------
f at the beginning of new iteration,       593.2252813952
Predicted improvement:        0.853530947
lambda =          1; f =          592.1766263
Norm of dx   0.079271
----
Improvement on iteration 70 =        1.048655105
-----------------
f at the beginning of new iteration,       592.1766262897
Predicted improvement:        0.654973558
lambda =          1; f =          591.1532265
lambda =     1.9332; f =          590.6951337
Norm of dx   0.044397
----
Improvement on iteration 71 =        1.481492574
-----------------
f at the beginning of new iteration,       590.6951337160
Predicted improvement:        0.875951502
lambda =          1; f =          589.3130270
lambda =     1.9332; f =          588.7226934
Norm of dx    0.11086
----
Improvement on iteration 72 =        1.972440300
-----------------
f at the beginning of new iteration,       588.7226934159
Predicted improvement:        0.927323900
lambda =          1; f =          587.5283350
Norm of dx   0.067646
----
Improvement on iteration 73 =        1.194358416
-----------------
f at the beginning of new iteration,       587.5283350003
Predicted improvement:        0.903193868
lambda =          1; f =          586.3046834
Norm of dx    0.10728
----
Improvement on iteration 74 =        1.223651623
-----------------
f at the beginning of new iteration,       586.3046833768
Predicted improvement:        0.666623303
lambda =          1; f =          585.5433944
Norm of dx   0.065902
----
Improvement on iteration 75 =        0.761288984
-----------------
f at the beginning of new iteration,       585.5433943924
Predicted improvement:        0.599122773
lambda =          1; f =          584.7441428
Norm of dx   0.058632
----
Improvement on iteration 76 =        0.799251633
-----------------
f at the beginning of new iteration,       584.7441427593
Predicted improvement:        0.772550641
lambda =          1; f =          583.5937893
lambda =     1.9332; f =          583.2977251
Norm of dx   0.077375
----
Improvement on iteration 77 =        1.446417676
-----------------
f at the beginning of new iteration,       583.2977250832
Predicted improvement:        0.762899310
lambda =          1; f =          582.3146839
Norm of dx   0.053448
----
Improvement on iteration 78 =        0.983041204
-----------------
f at the beginning of new iteration,       582.3146838790
Predicted improvement:        0.634040847
lambda =          1; f =          581.7107779
Norm of dx   0.083368
----
Improvement on iteration 79 =        0.603905962
-----------------
f at the beginning of new iteration,       581.7107779172
Predicted improvement:        0.359337089
lambda =          1; f =          581.4688538
Norm of dx   0.051246
----
Improvement on iteration 80 =        0.241924082
-----------------
f at the beginning of new iteration,       581.4688538357
Predicted improvement:        0.188041471
lambda =          1; f =          581.1697087
lambda =     1.9332; f =          581.0346599
Norm of dx   0.028332
----
Improvement on iteration 81 =        0.434193985
-----------------
f at the beginning of new iteration,       581.0346598504
Predicted improvement:        0.218325781
lambda =          1; f =          580.6835394
lambda =     1.9332; f =          580.5143690
Norm of dx   0.042085
----
Improvement on iteration 82 =        0.520290884
-----------------
f at the beginning of new iteration,       580.5143689668
Predicted improvement:        0.449330944
lambda =          1; f =          579.8129577
lambda =     1.9332; f =          579.4954819
Norm of dx    0.07073
----
Improvement on iteration 83 =        1.018887063
-----------------
f at the beginning of new iteration,       579.4954819042
Predicted improvement:        0.418919759
lambda =          1; f =          578.8286414
lambda =     1.9332; f =          578.5108253
Norm of dx   0.074266
----
Improvement on iteration 84 =        0.984656609
-----------------
f at the beginning of new iteration,       578.5108252955
Predicted improvement:        0.414249049
lambda =          1; f =          577.8672280
lambda =     1.9332; f =          577.6014052
Norm of dx   0.079597
----
Improvement on iteration 85 =        0.909420107
-----------------
f at the beginning of new iteration,       577.6014051888
Predicted improvement:        0.267253970
lambda =          1; f =          577.2015432
lambda =     1.9332; f =          577.0609899
Norm of dx   0.028898
----
Improvement on iteration 86 =        0.540415262
-----------------
f at the beginning of new iteration,       577.0609899268
Predicted improvement:        0.112208102
lambda =          1; f =          576.8842356
lambda =     1.9332; f =          576.8088136
Norm of dx   0.031292
----
Improvement on iteration 87 =        0.252176355
-----------------
f at the beginning of new iteration,       576.8088135714
Predicted improvement:        0.091423186
lambda =          1; f =          576.6679099
lambda =     1.9332; f =          576.6166070
Norm of dx   0.016525
----
Improvement on iteration 88 =        0.192206528
-----------------
f at the beginning of new iteration,       576.6166070431
Predicted improvement:        0.084130278
lambda =          1; f =          576.4906866
lambda =     1.9332; f =          576.4508770
Norm of dx   0.031934
----
Improvement on iteration 89 =        0.165730064
-----------------
f at the beginning of new iteration,       576.4508769791
Predicted improvement:        0.093205056
lambda =          1; f =          576.3091597
lambda =     1.9332; f =          576.2547279
Norm of dx   0.019098
----
Improvement on iteration 90 =        0.196149122
-----------------
f at the beginning of new iteration,       576.2547278574
Predicted improvement:        0.090747947
lambda =          1; f =          576.1117002
lambda =     1.9332; f =          576.0468899
Norm of dx   0.034697
----
Improvement on iteration 91 =        0.207837964
-----------------
f at the beginning of new iteration,       576.0468898931
Predicted improvement:        0.071120146
lambda =          1; f =          575.9395600
lambda =     1.9332; f =          575.9034974
Norm of dx   0.019086
----
Improvement on iteration 92 =        0.143392513
-----------------
f at the beginning of new iteration,       575.9034973804
Predicted improvement:        0.057080509
lambda =          1; f =          575.8124489
lambda =     1.9332; f =          575.7694846
Norm of dx   0.010482
----
Improvement on iteration 93 =        0.134012809
-----------------
f at the beginning of new iteration,       575.7694845719
Predicted improvement:        0.050428615
lambda =          1; f =          575.6932115
lambda =     1.9332; f =          575.6662979
Norm of dx   0.010663
----
Improvement on iteration 94 =        0.103186712
-----------------
f at the beginning of new iteration,       575.6662978599
Predicted improvement:        0.037842281
lambda =          1; f =          575.6033684
lambda =     1.9332; f =          575.5687520
Norm of dx   0.014657
----
Improvement on iteration 95 =        0.097545901
-----------------
f at the beginning of new iteration,       575.5687519585
Predicted improvement:        0.033285650
lambda =          1; f =          575.5223936
Norm of dx   0.019216
----
Improvement on iteration 96 =        0.046358334
-----------------
f at the beginning of new iteration,       575.5223936246
Predicted improvement:        0.033510889
lambda =          1; f =          575.4706371
lambda =     1.9332; f =          575.4490423
Norm of dx   0.024204
----
Improvement on iteration 97 =        0.073351334
-----------------
f at the beginning of new iteration,       575.4490422905
Predicted improvement:        0.030534852
lambda =          1; f =          575.3957853
lambda =     1.9332; f =          575.3599378
lambda =     3.7372; f =          575.3277976
Norm of dx   0.013052
----
Improvement on iteration 98 =        0.121244683
-----------------
f at the beginning of new iteration,       575.3277976075
Predicted improvement:        0.049178346
lambda =          1; f =          575.2445514
lambda =     1.9332; f =          575.1941458
lambda =     3.7372; f =          575.1712220
Norm of dx   0.021837
----
Improvement on iteration 99 =        0.156575636
-----------------
f at the beginning of new iteration,       575.1712219711
Predicted improvement:        0.067007085
lambda =          1; f =          575.0717020
lambda =     1.9332; f =          575.0412672
Norm of dx   0.011475
----
Improvement on iteration 100 =        0.129954806
-----------------
f at the beginning of new iteration,       575.0412671647
Correct for low angle: 0.00407312
Predicted improvement:        0.038025634
lambda =          1; f =          575.0056268
Norm of dx   0.030421
----
Improvement on iteration 101 =        0.035640378
-----------------
f at the beginning of new iteration,       575.0056267866
Correct for low angle: 0.000724198
Predicted improvement:        0.198917645
lambda =          1; f =          577.0694704
lambda =    0.33333; f =          575.2013564
lambda =    0.11111; f =          574.9987183
lambda =   0.037037; f =          574.9944832
lambda =   0.071599; f =          574.9921648
Norm of dx   0.028173
----
Improvement on iteration 102 =        0.013461950
-----------------
f at the beginning of new iteration,       574.9921648365
Correct for low angle: 0.0016663
Predicted improvement:        0.073256048
lambda =          1; f =          577.2704541
lambda =    0.33333; f =          575.1701513
lambda =    0.11111; f =          575.0010587
lambda =   0.037037; f =          574.9899484
Norm of dx   0.029446
----
Improvement on iteration 103 =        0.002216457
-----------------
f at the beginning of new iteration,       574.9899483797
Correct for low angle: 0.00274959
Predicted improvement:        0.042629445
lambda =          1; f =          575.4910710
lambda =    0.33333; f =          575.0303958
lambda =    0.11111; f =          574.9875050
lambda =   0.037037; f =          574.9872872
lambda =   0.071599; f =          574.9864792
Norm of dx   0.029314
----
Improvement on iteration 104 =        0.003469209
-----------------
f at the beginning of new iteration,       574.9864791705
Correct for low angle: 0.00140123
Predicted improvement:        0.084951858
lambda =          1; f =          577.7940228
lambda =    0.33333; f =          575.2019623
lambda =    0.11111; f =          574.9974758
lambda =   0.037037; f =          574.9839458
Norm of dx   0.028827
----
Improvement on iteration 105 =        0.002533333
-----------------
f at the beginning of new iteration,       574.9839458375
Correct for low angle: 0.00350808
Predicted improvement:        0.034000839
lambda =          1; f =          575.1978956
lambda =    0.33333; f =          574.9929288
lambda =    0.11111; f =          574.9793939
Norm of dx   0.029147
----
Improvement on iteration 106 =        0.004551962
-----------------
f at the beginning of new iteration,       574.9793938759
Correct for low angle: 0.00126285
Predicted improvement:        0.099346686
lambda =          1; f =          578.3335506
lambda =    0.33333; f =          575.2312710
lambda =    0.11111; f =          574.9919381
lambda =   0.037037; f =          574.9763491
Norm of dx   0.029738
----
Improvement on iteration 107 =        0.003044787
-----------------
f at the beginning of new iteration,       574.9763490887
Correct for low angle: 0.00424172
Predicted improvement:        0.030772836
lambda =          1; f =          575.0094844
lambda =    0.33333; f =          574.9657710
Norm of dx      0.031
----
Improvement on iteration 108 =        0.010578108
-----------------
f at the beginning of new iteration,       574.9657709803
Correct for low angle: 0.000760465
Predicted improvement:        0.197472871
lambda =          1; f =          580.0844003
lambda =    0.33333; f =          575.2990733
lambda =    0.11111; f =          574.9713055
lambda =   0.037037; f =          574.9571476
Norm of dx   0.031387
----
Improvement on iteration 109 =        0.008623430
-----------------
f at the beginning of new iteration,       574.9571475502
Correct for low angle: 0.00364948
Predicted improvement:        0.045719988
lambda =          1; f =          575.4061791
lambda =    0.33333; f =          574.9837951
lambda =    0.11111; f =          574.9538811
Norm of dx   0.034688
----
Improvement on iteration 110 =        0.003266443
-----------------
f at the beginning of new iteration,       574.9538811075
Correct for low angle: 0.00115717
Predicted improvement:        0.142298230
lambda =          1; f =          577.2843719
lambda =    0.33333; f =          575.2119247
lambda =    0.11111; f =          574.9626215
lambda =   0.037037; f =          574.9472718
Norm of dx    0.03378
----
Improvement on iteration 111 =        0.006609307
-----------------
f at the beginning of new iteration,       574.9472718004
Predicted improvement:        0.034727154
lambda =          1; f =          574.8853729
lambda =     1.9332; f =          574.8413762
lambda =     3.7372; f =          574.7939351
Norm of dx   0.034994
----
Improvement on iteration 112 =        0.153336729
-----------------
f at the beginning of new iteration,       574.7939350709
Predicted improvement:        0.091423968
lambda =          1; f =          574.6371548
lambda =     1.9332; f =          574.5373100
lambda =     3.7372; f =          574.4712118
Norm of dx   0.058492
----
Improvement on iteration 113 =        0.322723292
-----------------
f at the beginning of new iteration,       574.4712117786
Predicted improvement:        0.094839998
lambda =          1; f =          574.3277000
lambda =     1.9332; f =          574.2779706
Norm of dx   0.019431
----
Improvement on iteration 114 =        0.193241200
-----------------
f at the beginning of new iteration,       574.2779705789
Correct for low angle: 0.00362939
Predicted improvement:        0.045270369
lambda =          1; f =          574.3371879
lambda =    0.33333; f =          574.2638764
Norm of dx   0.041807
----
Improvement on iteration 115 =        0.014094139
-----------------
f at the beginning of new iteration,       574.2638764400
Correct for low angle: 0.000471155
Predicted improvement:        0.357764237
lambda =          1; f =          590.4019591
lambda =    0.33333; f =          575.1827912
lambda =    0.11111; f =          574.2997294
lambda =   0.037037; f =          574.2506678
Norm of dx   0.045443
----
Improvement on iteration 116 =        0.013208601
-----------------
f at the beginning of new iteration,       574.2506678391
Correct for low angle: 0.00470313
Predicted improvement:        0.032368055
lambda =          1; f =          574.2105885
Norm of dx   0.051766
----
Improvement on iteration 117 =        0.040079379
-----------------
f at the beginning of new iteration,       574.2105884599
Correct for low angle: 0.000385866
Predicted improvement:        0.314841963
lambda =          1; f =          581.4198889
lambda =    0.33333; f =          575.2427999
lambda =    0.11111; f =          574.2959703
lambda =   0.037037; f =          574.2041067
lambda =   0.012346; f =          574.2042732
lambda =   0.023866; f =          574.2021618
Norm of dx   0.054977
----
Improvement on iteration 118 =        0.008426623
-----------------
f at the beginning of new iteration,       574.2021618367
Correct for low angle: 0.00286434
Predicted improvement:        0.037841345
lambda =          1; f =          577.6985334
lambda =    0.33333; f =          574.4977081
lambda =    0.11111; f =          574.2287165
lambda =   0.037037; f =          574.2037236
lambda =   0.012346; f =          574.2018965
lambda =  0.0041152; f =          574.2019870
Norm of dx   0.055685
----
Improvement on iteration 119 =        0.000265293
-----------------
f at the beginning of new iteration,       574.2018965440
Correct for low angle: 0.00244142
Predicted improvement:        0.043540336
lambda =          1; f =          576.7430782
lambda =    0.33333; f =          574.5274225
lambda =    0.11111; f =          574.2327955
lambda =   0.037037; f =          574.2026337
lambda =   0.012346; f =          574.2010417
lambda =   0.023866; f =          574.2012414
Norm of dx     0.0544
----
Improvement on iteration 120 =        0.000854850
-----------------
f at the beginning of new iteration,       574.2010416936
Correct for low angle: 0.0020977
Predicted improvement:        0.050127496
lambda =          1; f =          581.5329311
lambda =    0.33333; f =          574.7700419
lambda =    0.11111; f =          574.2530344
lambda =   0.037037; f =          574.2048932
lambda =   0.012346; f =          574.2008881
lambda =  0.0041152; f =          574.2008329
Norm of dx    0.05344
----
Improvement on iteration 121 =        0.000208762
-----------------
f at the beginning of new iteration,       574.2008329314
Predicted improvement:        0.022514038
lambda =          1; f =          574.1739729
Norm of dx   0.059869
----
Improvement on iteration 122 =        0.026860059
-----------------
f at the beginning of new iteration,       574.1739728728
Correct for low angle: 0.00155009
Predicted improvement:        0.036197403
lambda =          1; f =          574.5526972
lambda =    0.33333; f =          574.2022032
lambda =    0.11111; f =          574.1711669
Norm of dx   0.013876
----
Improvement on iteration 123 =        0.002805997
-----------------
f at the beginning of new iteration,       574.1711668753
Correct for low angle: 0.00096215
Predicted improvement:        0.054973768
lambda =          1; f =          575.4678293
lambda =    0.33333; f =          574.2728912
lambda =    0.11111; f =          574.1747704
lambda =   0.037037; f =          574.1692018
Norm of dx    0.01802
----
Improvement on iteration 124 =        0.001965102
-----------------
f at the beginning of new iteration,       574.1692017732
Predicted improvement:        0.009353907
lambda =          1; f =          574.1542153
lambda =     1.9332; f =          574.1465988
Norm of dx   0.016472
----
Improvement on iteration 125 =        0.022602938
-----------------
f at the beginning of new iteration,       574.1465988351
Predicted improvement:        0.014233789
lambda =          1; f =          574.1213338
lambda =     1.9332; f =          574.1033707
lambda =     3.7372; f =          574.0837754
Norm of dx    0.01087
----
Improvement on iteration 126 =        0.062823422
-----------------
f at the beginning of new iteration,       574.0837754128
Predicted improvement:        0.037156376
lambda =          1; f =          574.0203566
lambda =     1.9332; f =          573.9815765
lambda =     3.7372; f =          573.9630212
Norm of dx   0.015203
----
Improvement on iteration 127 =        0.120754178
-----------------
f at the beginning of new iteration,       573.9630212346
Predicted improvement:        0.032496265
lambda =          1; f =          573.9197530
Norm of dx   0.024339
----
Improvement on iteration 128 =        0.043268242
-----------------
f at the beginning of new iteration,       573.9197529927
Correct for low angle: 0.00206241
Predicted improvement:        0.030974088
lambda =          1; f =          576.2777927
lambda =    0.33333; f =          574.1262119
lambda =    0.11111; f =          573.9380880
lambda =   0.037037; f =          573.9206712
lambda =   0.012346; f =          573.9194964
Norm of dx   0.034257
----
Improvement on iteration 129 =        0.000256586
-----------------
f at the beginning of new iteration,       573.9194964064
Correct for low angle: 0.00427742
Predicted improvement:        0.014045128
lambda =          1; f =          573.9572647
lambda =    0.33333; f =          573.9167426
lambda =    0.11111; f =          573.9168113
lambda =     0.2148; f =          573.9159074
Norm of dx   0.031329
----
Improvement on iteration 130 =        0.003589030
-----------------
f at the beginning of new iteration,       573.9159073765
Correct for low angle: 0.000685963
Predicted improvement:        0.072015118
lambda =          1; f =          576.0624523
lambda =    0.33333; f =          574.0835259
lambda =    0.11111; f =          573.9238999
lambda =   0.037037; f =          573.9136413
Norm of dx   0.021209
----
Improvement on iteration 131 =        0.002266062
-----------------
f at the beginning of new iteration,       573.9136413148
Predicted improvement:        0.008408148
lambda =          1; f =          573.9025314
Norm of dx   0.024623
----
Improvement on iteration 132 =        0.011109922
-----------------
f at the beginning of new iteration,       573.9025313931
Correct for low angle: 0.00342838
Predicted improvement:        0.005728817
lambda =          1; f =          573.9309429
lambda =    0.33333; f =          573.9026068
lambda =    0.11111; f =          573.9014779
lambda =     0.2148; f =          573.9014720
Norm of dx   0.021932
----
Improvement on iteration 133 =        0.001059404
-----------------
f at the beginning of new iteration,       573.9014719895
Correct for low angle: 0.000393404
Predicted improvement:        0.057594810
lambda =          1; f =          575.9240315
lambda =    0.33333; f =          574.0656113
lambda =    0.11111; f =          573.9113037
lambda =   0.037037; f =          573.9001182
Norm of dx    0.01942
----
Improvement on iteration 134 =        0.001353760
-----------------
f at the beginning of new iteration,       573.9001182298
Correct for low angle: 0.00250656
Predicted improvement:        0.008318341
lambda =          1; f =          574.1846042
lambda =    0.33333; f =          573.9287236
lambda =    0.11111; f =          573.9015478
lambda =   0.037037; f =          573.8996640
lambda =   0.071599; f =          573.9000834
lambda =   0.048211; f =          573.8997110
Norm of dx   0.018879
----
Improvement on iteration 135 =        0.000454230
-----------------
f at the beginning of new iteration,       573.8996639995
Correct for low angle: 0.000956669
Predicted improvement:        0.022646463
lambda =          1; f =          575.3841704
lambda =    0.33333; f =          574.0342401
lambda =    0.11111; f =          573.9116653
lambda =   0.037037; f =          573.9002369
lambda =   0.012346; f =          573.8994820
Norm of dx   0.019486
----
Improvement on iteration 136 =        0.000182026
-----------------
f at the beginning of new iteration,       573.8994819737
Correct for low angle: 0.0039947
Predicted improvement:        0.005446090
lambda =          1; f =          573.9266445
lambda =    0.33333; f =          573.9005597
lambda =    0.11111; f =          573.8989802
Norm of dx   0.019272
----
Improvement on iteration 137 =        0.000501798
-----------------
f at the beginning of new iteration,       573.8989801754
Correct for low angle: 0.000801894
Predicted improvement:        0.030099863
lambda =          1; f =          575.3523668
lambda =    0.33333; f =          574.0722579
lambda =    0.11111; f =          573.9136099
lambda =   0.037037; f =          573.8986807
lambda =   0.012346; f =          573.8982900
lambda =   0.023866; f =          573.8981804
Norm of dx   0.023787
----
Improvement on iteration 138 =        0.000799808
-----------------
f at the beginning of new iteration,       573.8981803674
Correct for low angle: 0.00101068
Predicted improvement:        0.026751001
lambda =          1; f =          576.2102332
lambda =    0.33333; f =          574.1025336
lambda =    0.11111; f =          573.9169499
lambda =   0.037037; f =          573.8993599
lambda =   0.012346; f =          573.8980235
lambda =  0.0041152; f =          573.8980675
Norm of dx   0.023847
----
Improvement on iteration 139 =        0.000156877
-----------------
f at the beginning of new iteration,       573.8980234907
Correct for low angle: 0.00496934
Predicted improvement:        0.005340897
lambda =          1; f =          573.8892437
lambda =     1.9332; f =          573.8843377
Norm of dx    0.02433
----
Improvement on iteration 140 =        0.013685819
-----------------
f at the beginning of new iteration,       573.8843376718
Predicted improvement:        0.010635211
lambda =          1; f =          573.8660270
lambda =     1.9332; f =          573.8549931
lambda =     3.7372; f =          573.8509510
Norm of dx   0.014913
----
Improvement on iteration 141 =        0.033386688
-----------------
f at the beginning of new iteration,       573.8509509840
Correct for low angle: 0.00113508
Predicted improvement:        0.046919731
lambda =          1; f =          580.4851718
lambda =    0.33333; f =          574.3736486
lambda =    0.11111; f =          573.8989228
lambda =   0.037037; f =          573.8545123
lambda =   0.012346; f =          573.8508103
lambda =  0.0041152; f =          573.8507585
Norm of dx   0.038781
----
Improvement on iteration 142 =        0.000192533
-----------------
f at the beginning of new iteration,       573.8507584510
Correct for low angle: 0.00196347
Predicted improvement:        0.032181303
lambda =          1; f =          580.0890194
lambda =    0.33333; f =          574.3547788
lambda =    0.11111; f =          573.8993163
lambda =   0.037037; f =          573.8551372
lambda =   0.012346; f =          573.8509550
lambda =  0.0041152; f =          573.8506854
lambda =  0.0013717; f =          573.8507188
Norm of dx   0.050147
----
Improvement on iteration 143 =        0.000073044
-----------------
f at the beginning of new iteration,       573.8506854068
Predicted improvement:        0.008999876
lambda =          1; f =          573.8389973
Norm of dx   0.029315
----
Improvement on iteration 144 =        0.011688106
-----------------
f at the beginning of new iteration,       573.8389973010
Correct for low angle: 0.0017793
Predicted improvement:        0.025232850
lambda =          1; f =          573.9678951
lambda =    0.33333; f =          573.8424155
lambda =    0.11111; f =          573.8360159
Norm of dx  0.0072727
----
Improvement on iteration 145 =        0.002981435
-----------------
f at the beginning of new iteration,       573.8360158656
Correct for low angle: 0.00224351
Predicted improvement:        0.010079612
lambda =          1; f =          574.7782495
lambda =    0.33333; f =          573.9270556
lambda =    0.11111; f =          573.8451880
lambda =   0.037037; f =          573.8368367
lambda =   0.012346; f =          573.8360451
lambda =  0.0041152; f =          573.8359986
lambda =  0.0013717; f =          573.8360071
Norm of dx   0.023508
----
Improvement on iteration 146 =        0.000017252
-----------------
f at the beginning of new iteration,       573.8359986136
Predicted improvement:        0.004339722
lambda =          1; f =          573.8309849
Norm of dx   0.022399
----
Improvement on iteration 147 =        0.005013708
-----------------
f at the beginning of new iteration,       573.8309849057
Correct for low angle: 0.00214366
Predicted improvement:        0.002164022
lambda =          1; f =          573.9297415
lambda =    0.33333; f =          573.8414857
lambda =    0.11111; f =          573.8321217
lambda =   0.037037; f =          573.8311057
lambda =   0.012346; f =          573.8309967
lambda =  0.0041152; f =          573.8309857
lambda =  0.0013717; f =          573.8309848
lambda = 0.00045725; f =          573.8309848
lambda = 0.00015242; f =          573.8309849
lambda = 5.0805e-05; f =          573.8309849
lambda = 1.6935e-05; f =          573.8309849
lambda =  5.645e-06; f =          573.8309849
Norm of dx  0.0080727
----
Improvement on iteration 148 =        0.000000106
-----------------
f at the beginning of new iteration,       573.8309847994
Correct for low angle: 0.00279517
Predicted improvement:        0.024456105
lambda =          1; f =          573.8309848
lambda =    0.33333; f =          576.8719558
lambda =    0.11111; f =          574.1046452
lambda =   0.037037; f =          573.8597935
lambda =   0.012346; f =          573.8342287
lambda =  0.0041152; f =          573.8313793
lambda =  0.0013717; f =          573.8310407
lambda = 0.00045725; f =          573.8309951
lambda = 0.00015242; f =          573.8309873
lambda = 5.0805e-05; f =          573.8309855
lambda = 1.6935e-05; f =          573.8309850
lambda =  5.645e-06; f =          573.8309849
lambda = 1.8817e-06; f =          573.8309848
lambda = 6.2723e-07; f =          573.8309848
lambda = 2.0908e-07; f =          573.8309848
lambda = 6.9692e-08; f =          573.8309848
Norm of dx    0.10151
----
Improvement on iteration 149 =        0.000000002
improvement < crit termination

Final value of minus the log posterior (or likelihood):573.830985 

MODE CHECK

Fval obtained by the minimization routine (minus the posterior/likelihood)): 573.830985

RESULTS FROM POSTERIOR ESTIMATION
parameters
                prior mean     mode    s.d. prior pstdev

Hcnn                0.500   0.8083  0.0431 beta  0.1220 
Hcd                 0.500   0.4864  0.1282 beta  0.1220 
Hr                  0.500   0.4965  0.1340 beta  0.1220 
NU                  2.000   0.1715  0.1012 gamm  1.0000 
CHIp                2.000   2.4975  0.9175 gamm  1.0000 
ETAp                0.500   0.8907  0.0985 beta  0.2240 
CHIw                2.000   1.9652  0.7424 gamm  1.0000 
ETAw                0.500   0.8838  0.1113 beta  0.2240 
CHInr               2.000   3.4415  0.6040 gamm  1.0000 
CHIcd               2.000   1.6283  0.5675 gamm  1.0000 
CHIr                6.000   9.7273  1.2363 gamm  1.0000 
CHIl                2.000   0.8246  0.7084 gamm  1.0000 
ETAl                0.500   0.7834  0.2127 beta  0.2240 
PHIpaigdp           2.000   5.9330  0.4998 norm  1.0000 
PHIdeltapaigdp      0.500   0.4072  0.4012 norm  0.4000 
PHIhgdp             0.500   0.0480  0.1400 norm  0.4000 
PHIdeltahgdp        0.500   0.3101  0.1458 norm  0.4000 
PHIr                0.750   0.8341  0.0437 beta  0.1120 
RHOanr              0.750   0.9078  0.0426 beta  0.1120 
RHOacd              0.750   0.7789  0.1158 beta  0.1120 
RHOar               0.500   0.7824  0.0623 beta  0.1500 
RHOxicnnsmall       0.750   0.8073  0.0786 beta  0.1120 
RHOxicdsmall        0.750   0.9961  0.0022 beta  0.1120 
RHOxirsmall         0.750   0.7925  0.1180 beta  0.1120 
RHOxilsmall         0.750   0.7862  0.0465 beta  0.1120 
RHOzm               0.500   0.8261  0.0618 beta  0.1500 
RHOzk               0.500   0.8849  0.0364 beta  0.1500 
RHOxgf              0.750   0.7808  0.1225 beta  0.1120 

standard deviation of shocks
                prior mean     mode    s.d. prior pstdev

epsilonanr          0.040   0.0357  0.0078 invg  0.0200 
epsilonacd          0.020   0.0112  0.0040 invg  0.0200 
epsilonar           0.040   0.0359  0.0087 invg  0.0200 
epsilonxicnnsmall   0.030   0.0185  0.0038 invg  0.0200 
epsilonxicdsmall    0.030   0.0243  0.0050 invg  0.0200 
epsilonxirsmall     0.030   0.0197  0.0067 invg  0.0200 
epsilonxilsmall     0.030   0.1449  0.0383 invg  0.0200 
epsilonr            0.002   0.0005  0.0001 invg  20.0000 
epsilonzm           0.005   0.0032  0.0007 invg  0.0200 
epsilonzk           0.005   0.0048  0.0010 invg  0.0200 
epsilonxgf          0.010   0.0048  0.0018 invg  0.0200 
epsilongthetaxc     0.005   0.0024  0.0009 invg  0.0200 
epsilongthetaxk     0.005   0.0024  0.0009 invg  0.0200 
epsilongthetal      0.005   0.0024  0.0009 invg  0.0200 
eta_xgdp            0.005   0.0040  0.0004 invg  2.0000 
eta_pgdp            0.005   0.0026  0.0002 invg  2.0000 
eta_pecnn           0.005   0.0028  0.0006 invg  2.0000 
eta_pecd            0.005   0.0200  0.0017 invg  2.0000 
eta_per             0.005   0.0249  0.0029 invg  2.0000 
eta_penr            0.005   0.0073  0.0014 invg  2.0000 
eta_paipc           0.005   0.0047  0.0004 invg  2.0000 
eta_paipk           0.005   0.0028  0.0003 invg  2.0000 
eta_wage            0.005   0.0092  0.0007 invg  2.0000 


Log data density [Laplace approximation] is -740.888797.

Estimation::mcmc: One Chain mode.
Estimation::mcmc: Initialization at the posterior mode.

Estimation::mcmc: Write details about the MCMC... Ok!
Estimation::mcmc: Details about the MCMC are available in FRBEDO08_cql/metropolis\FRBEDO08_cql_mh_history_0.mat


Estimation::mcmc: Number of mh files: 5 per block.
Estimation::mcmc: Total number of generated files: 5.
Estimation::mcmc: Total number of iterations: 1000000.
Estimation::mcmc: Current acceptance ratio per chain: 
                                                       Chain  1: 24.5142%
Estimation::mcmc: Total number of MH draws per chain: 1000000.
Estimation::mcmc: Total number of generated MH files: 5.
Estimation::mcmc: I'll use mh-files 2 to 5.
Estimation::mcmc: In MH-file number 2 I'll start at line 64151.
Estimation::mcmc: Finally I keep 700000 draws per chain.



MCMC Inefficiency factors per block
Parameter                  Block 1
SE_epsilonanr              333.018
SE_epsilonacd              509.124
SE_epsilonar               248.181
SE_epsilonxicnnsmall       213.611
SE_epsilonxicdsmall        370.562
SE_epsilonxirsmall         615.719
SE_epsilonxilsmall         351.580
SE_epsilonr                278.614
SE_epsilonzm               199.121
SE_epsilonzk               199.007
SE_epsilonxgf              473.467
SE_epsilongthetaxc         620.298
SE_epsilongthetaxk         704.073
SE_epsilongthetal          665.362
SE_eta_xgdp                216.702
SE_eta_pgdp                220.443
SE_eta_pecnn               168.397
SE_eta_pecd                188.808
SE_eta_per                 220.991
SE_eta_penr                249.059
SE_eta_paipc               185.240
SE_eta_paipk               250.752
SE_eta_wage                194.947
Hcnn                       216.216
Hcd                        150.436
Hr                         156.239
NU                         252.740
CHIp                       209.663
ETAp                       216.229
CHIw                       307.166
ETAw                       298.061
CHInr                      256.823
CHIcd                      453.229
CHIr                       140.642
CHIl                       376.433
ETAl                       200.673
PHIpaigdp                  175.573
PHIdeltapaigdp             181.494
PHIhgdp                    205.669
PHIdeltahgdp               222.854
PHIr                       300.607
RHOanr                     213.105
RHOacd                     184.750
RHOar                      267.457
RHOxicnnsmall              191.994
RHOxicdsmall               371.536
RHOxirsmall                193.038
RHOxilsmall                276.194
RHOzm                      322.551
RHOzk                      310.856
RHOxgf                     162.197


Geweke (1992) Convergence Tests, based on means of draws 300000 to 440000 vs 650000 to 1000000.
p-values are for Chi2-test for equality of means.
Parameter                    Post. Mean        Post. Std   p-val No Taper   p-val 4% Taper   p-val 8% Taper  p-val 15% Taper
SE_epsilonanr                     0.044            0.010            0.000            0.742            0.755            0.750
SE_epsilonacd                     0.016            0.008            0.000            0.282            0.271            0.250
SE_epsilonar                      0.039            0.010            0.000            0.154            0.170            0.197
SE_epsilonxicnnsmall              0.019            0.004            0.000            0.717            0.717            0.698
SE_epsilonxicdsmall               0.029            0.007            0.000            0.861            0.860            0.854
SE_epsilonxirsmall                0.030            0.017            0.000            0.054            0.108            0.120
SE_epsilonxilsmall                0.178            0.049            0.000            0.735            0.745            0.720
SE_epsilonr                       0.001            0.000            0.000            0.057            0.045            0.041
SE_epsilonzm                      0.003            0.001            0.000            0.541            0.527            0.515
SE_epsilonzk                      0.005            0.001            0.000            0.053            0.065            0.071
SE_epsilonxgf                     0.007            0.003            0.000            0.334            0.337            0.324
SE_epsilongthetaxc                0.004            0.003            0.000            0.279            0.319            0.327
SE_epsilongthetaxk                0.005            0.004            0.000            0.060            0.044            0.016
SE_epsilongthetal                 0.004            0.003            0.000            0.121            0.136            0.144
SE_eta_xgdp                       0.004            0.000            0.000            0.242            0.242            0.187
SE_eta_pgdp                       0.003            0.000            0.000            0.097            0.096            0.100
SE_eta_pecnn                      0.003            0.001            0.000            0.284            0.267            0.264
SE_eta_pecd                       0.020            0.002            0.000            0.415            0.459            0.522
SE_eta_per                        0.027            0.003            0.000            0.184            0.203            0.182
SE_eta_penr                       0.007            0.002            0.000            0.484            0.487            0.460
SE_eta_paipc                      0.005            0.000            0.000            0.103            0.126            0.135
SE_eta_paipk                      0.003            0.000            0.115            0.924            0.916            0.920
SE_eta_wage                       0.009            0.001            0.000            0.268            0.264            0.156
Hcnn                              0.790            0.043            0.915            0.995            0.994            0.994
Hcd                               0.471            0.116            0.000            0.353            0.346            0.310
Hr                                0.503            0.123            0.747            0.979            0.980            0.979
NU                                0.232            0.117            0.000            0.007            0.005            0.004
CHIp                              2.750            0.892            0.000            0.116            0.120            0.109
ETAp                              0.852            0.093            0.000            0.377            0.353            0.305
CHIw                              2.576            0.892            0.000            0.135            0.144            0.131
ETAw                              0.801            0.133            0.000            0.205            0.163            0.109
CHInr                             3.819            0.679            0.000            0.199            0.225            0.154
CHIcd                             2.629            0.947            0.000            0.523            0.565            0.579
CHIr                              8.244            1.015            0.291            0.923            0.924            0.926
CHIl                              1.759            1.064            0.000            0.814            0.830            0.833
ETAl                              0.599            0.217            0.000            0.361            0.391            0.371
PHIpaigdp                         5.669            0.458            0.000            0.192            0.225            0.221
PHIdeltapaigdp                    0.448            0.401            0.000            0.409            0.400            0.411
PHIhgdp                           0.096            0.140            0.000            0.122            0.107            0.134
PHIdeltahgdp                      0.263            0.143            0.000            0.757            0.744            0.748
PHIr                              0.817            0.046            0.000            0.495            0.454            0.404
RHOanr                            0.897            0.044            0.000            0.199            0.170            0.168
RHOacd                            0.739            0.112            0.000            0.257            0.198            0.187
RHOar                             0.736            0.074            0.000            0.013            0.009            0.003
RHOxicnnsmall                     0.787            0.078            0.000            0.345            0.304            0.246
RHOxicdsmall                      0.995            0.003            0.000            0.685            0.704            0.726
RHOxirsmall                       0.756            0.115            0.000            0.045            0.028            0.009
RHOxilsmall                       0.785            0.048            0.139            0.941            0.942            0.930
RHOzm                             0.769            0.082            0.000            0.318            0.314            0.288
RHOzk                             0.861            0.047            0.000            0.640            0.626            0.596
RHOxgf                            0.752            0.112            0.000            0.342            0.286            0.290


Estimation::marginal density: I'm computing the posterior mean and covariance...  Done!
Estimation::marginal density: I'm computing the posterior log marginal density (modified harmonic mean)... Done!


ESTIMATION RESULTS

Log data density is -735.466683.

parameters
                    prior mean   post. mean        90% HPD interval    prior       pstdev

Hcnn                     0.500       0.7905      0.7205      0.8613   beta        0.1220
Hcd                      0.500       0.4713      0.2806      0.6627   beta        0.1220
Hr                       0.500       0.5030      0.2962      0.7046   beta        0.1220
NU                       2.000       0.2315      0.0544      0.4058   gamm        1.0000
CHIp                     2.000       2.7616      1.3171      4.1291   gamm        1.0000
ETAp                     0.500       0.8509      0.7228      0.9918   beta        0.2240
CHIw                     2.000       2.5546      1.1707      3.8516   gamm        1.0000
ETAw                     0.500       0.8014      0.6120      0.9872   beta        0.2240
CHInr                    2.000       3.8164      2.7052      4.8763   gamm        1.0000
CHIcd                    2.000       2.6557      1.1146      4.0908   gamm        1.0000
CHIr                     6.000       8.2458      6.5597      9.8788   gamm        1.0000
CHIl                     2.000       1.7757      0.1627      3.3012   gamm        1.0000
ETAl                     0.500       0.6000      0.2640      0.9429   beta        0.2240
PHIpaigdp                2.000       5.6646      4.9316      6.4227   norm        1.0000
PHIdeltapaigdp           0.500       0.4457     -0.2131      1.1094   norm        0.4000
PHIhgdp                  0.500       0.0940     -0.1316      0.3251   norm        0.4000
PHIdeltahgdp             0.500       0.2644      0.0287      0.4899   norm        0.4000
PHIr                     0.750       0.8179      0.7491      0.8872   beta        0.1120
RHOanr                   0.750       0.8972      0.8279      0.9709   beta        0.1120
RHOacd                   0.750       0.7392      0.5617      0.9204   beta        0.1120
RHOar                    0.500       0.7362      0.6202      0.8568   beta        0.1500
RHOxicnnsmall            0.750       0.7865      0.6632      0.9127   beta        0.1120
RHOxicdsmall             0.750       0.9945      0.9898      0.9992   beta        0.1120
RHOxirsmall              0.750       0.7564      0.5835      0.9476   beta        0.1120
RHOxilsmall              0.750       0.7861      0.7117      0.8616   beta        0.1120
RHOzm                    0.500       0.7700      0.6466      0.8983   beta        0.1500
RHOzk                    0.500       0.8604      0.7900      0.9354   beta        0.1500
RHOxgf                   0.750       0.7520      0.5760      0.9301   beta        0.1120

standard deviation of shocks
                    prior mean   post. mean        90% HPD interval    prior       pstdev

epsilonanr               0.040       0.0436      0.0276      0.0596   invg        0.0200
epsilonacd               0.020       0.0162      0.0063      0.0261   invg        0.0200
epsilonar                0.040       0.0388      0.0235      0.0533   invg        0.0200
epsilonxicnnsmall        0.030       0.0193      0.0133      0.0253   invg        0.0200
epsilonxicdsmall         0.030       0.0297      0.0185      0.0408   invg        0.0200
epsilonxirsmall          0.030       0.0310      0.0109      0.0535   invg        0.0200
epsilonxilsmall          0.030       0.1764      0.1053      0.2467   invg        0.0200
epsilonr                 0.002       0.0005      0.0004      0.0006   invg       20.0000
epsilonzm                0.005       0.0034      0.0022      0.0045   invg        0.0200
epsilonzk                0.005       0.0051      0.0033      0.0068   invg        0.0200
epsilonxgf               0.010       0.0069      0.0027      0.0113   invg        0.0200
epsilongthetaxc          0.005       0.0041      0.0012      0.0076   invg        0.0200
epsilongthetaxk          0.005       0.0051      0.0012      0.0096   invg        0.0200
epsilongthetal           0.005       0.0043      0.0013      0.0077   invg        0.0200
eta_xgdp                 0.005       0.0039      0.0033      0.0046   invg        2.0000
eta_pgdp                 0.005       0.0028      0.0024      0.0032   invg        2.0000
eta_pecnn                0.005       0.0026      0.0016      0.0035   invg        2.0000
eta_pecd                 0.005       0.0202      0.0174      0.0230   invg        2.0000
eta_per                  0.005       0.0273      0.0222      0.0324   invg        2.0000
eta_penr                 0.005       0.0070      0.0043      0.0098   invg        2.0000
eta_paipc                0.005       0.0045      0.0038      0.0052   invg        2.0000
eta_paipk                0.005       0.0030      0.0024      0.0035   invg        2.0000
eta_wage                 0.005       0.0093      0.0081      0.0104   invg        2.0000
Estimation::mcmc: Posterior (dsge) IRFs...
Estimation::mcmc: Posterior IRFs, done!
Estimation::mcmc: Smoothed variables
Estimation::mcmc: Smoothed variables, done!
Estimation::mcmc: Smoothed shocks
Estimation::mcmc: Smoothed shocks, done!
Estimation::mcmc: Trend_coefficients
Estimation::mcmc: Trend_coefficients, done!
Estimation::mcmc: Smoothed constant
Estimation::mcmc: Smoothed constant, done!
Estimation::mcmc: Smoothed trend
Estimation::mcmc: Smoothed trend, done!
Estimation::mcmc: Updated Variables
Estimation::mcmc: Updated Variables, done!
Estimation::mcmc: Forecasted variables (mean)
Estimation::mcmc: Forecasted variables (mean), done!
Estimation::mcmc: Forecasted variables (point)
Estimation::mcmc: Forecasted variables (point), done!
Total computing time : 29h09m28s
