Starting preprocessing of the model file ...
WARNING: in the 'steady_state_model' block, variable 'ewma' is not assigned a value
WARNING: in the 'steady_state_model' block, variable 'epinfma' is not assigned a value
WARNING: in the 'steady_state_model' block, variable 'zcapf' is not assigned a value
WARNING: in the 'steady_state_model' block, variable 'rkf' is not assigned a value
WARNING: in the 'steady_state_model' block, variable 'kf' is not assigned a value
WARNING: in the 'steady_state_model' block, variable 'pkf' is not assigned a value
WARNING: in the 'steady_state_model' block, variable 'cf' is not assigned a value
WARNING: in the 'steady_state_model' block, variable 'invef' is not assigned a value
WARNING: in the 'steady_state_model' block, variable 'yf' is not assigned a value
WARNING: in the 'steady_state_model' block, variable 'labf' is not assigned a value
WARNING: in the 'steady_state_model' block, variable 'wf' is not assigned a value
WARNING: in the 'steady_state_model' block, variable 'rrf' is not assigned a value
WARNING: in the 'steady_state_model' block, variable 'mc' is not assigned a value
WARNING: in the 'steady_state_model' block, variable 'zcap' is not assigned a value
WARNING: in the 'steady_state_model' block, variable 'rk' is not assigned a value
WARNING: in the 'steady_state_model' block, variable 'k' is not assigned a value
WARNING: in the 'steady_state_model' block, variable 'pk' is not assigned a value
WARNING: in the 'steady_state_model' block, variable 'c' is not assigned a value
WARNING: in the 'steady_state_model' block, variable 'inve' is not assigned a value
WARNING: in the 'steady_state_model' block, variable 'y' is not assigned a value
WARNING: in the 'steady_state_model' block, variable 'lab' is not assigned a value
WARNING: in the 'steady_state_model' block, variable 'pinf' is not assigned a value
WARNING: in the 'steady_state_model' block, variable 'w' is not assigned a value
WARNING: in the 'steady_state_model' block, variable 'r' is not assigned a value
WARNING: in the 'steady_state_model' block, variable 'a' is not assigned a value
WARNING: in the 'steady_state_model' block, variable 'b' is not assigned a value
WARNING: in the 'steady_state_model' block, variable 'g' is not assigned a value
WARNING: in the 'steady_state_model' block, variable 'qs' is not assigned a value
WARNING: in the 'steady_state_model' block, variable 'ms' is not assigned a value
WARNING: in the 'steady_state_model' block, variable 'spinf' is not assigned a value
WARNING: in the 'steady_state_model' block, variable 'sw' is not assigned a value
WARNING: in the 'steady_state_model' block, variable 'kpf' is not assigned a value
WARNING: in the 'steady_state_model' block, variable 'kp' is not assigned a value
Found 40 equation(s).
Evaluating expressions...done
Computing static model derivatives (order 1).
Computing dynamic model derivatives (order 2).
Processing outputs ...
done
Preprocessing completed.
[Warning: Some of the parameters have no value (ccs, cinvs, crdpi) when using
initial_estimation_checks. If these parameters are not initialized in a steadystate file or a
steady_state_model-block, Dynare may not be able to solve the model...] 
Initial value of the log posterior (or likelihood): -826.8257

==========================================================
   Change in the posterior covariance matrix = 3.9998.
   Change in the posterior mean = 1.0018.
   Mode improvement = 315.5227
   New value of jscale = 0.0045396
==========================================================

==========================================================
   Change in the posterior covariance matrix = 0.68831.
   Change in the posterior mean = 1.7106.
   Mode improvement = 29.1976
   New value of jscale = 0.46711
==========================================================

==========================================================
   Change in the posterior covariance matrix = 1.2879.
   Change in the posterior mean = 0.60775.
   Mode improvement = 12.8634
   New value of jscale = 0.15793
==========================================================

Optimal value of the scale parameter = 0.15793


Final value of minus the log posterior (or likelihood):469.241880 

RESULTS FROM POSTERIOR ESTIMATION
parameters
             prior mean     mode    s.d. prior pstdev

crhoa            0.500   0.9555  0.0224 beta 0.2000 
crhob            0.500   0.1205  0.1018 beta 0.2000 
crhog            0.500   0.9518  0.0308 beta 0.2000 
crhoqs           0.500   0.6804  0.0823 beta 0.2000 
crhoms           0.500   0.1972  0.0810 beta 0.2000 
crhopinf         0.500   0.9909  0.0677 beta 0.2000 
crhow            0.500   0.9574  0.0153 beta 0.2000 
cmap             0.500   0.7968  0.0970 beta 0.2000 
cmaw             0.500   0.6274  0.0978 beta 0.2000 
csadjcost        4.000   5.2461  0.6877 norm 1.5000 
csigma           1.500   1.0893  0.1698 norm 0.3750 
chabb            0.700   0.8413  0.0375 beta 0.1000 
cprobw           0.500   0.7303  0.0533 beta 0.1000 
csigl            2.000   2.0680  0.4215 norm 0.7500 
cprobp           0.500   0.6631  0.0966 beta 0.1000 
cindw            0.500   0.5739  0.1126 beta 0.1500 
cindp            0.500   0.3710  0.1699 beta 0.1500 
czcap            0.500   0.6923  0.0865 beta 0.1500 
cfc              1.250   1.6125  0.0989 norm 0.1250 
crpi             1.500   1.6136  0.1390 norm 0.2500 
crr              0.750   0.6779  0.0392 beta 0.1000 
cry              0.125   0.0010  0.0213 norm 0.0500 
crdy             0.125   0.1401  0.0343 norm 0.0500 
constepinf       0.625   0.7087  0.0721 gamm 0.1000 
constebeta       0.250   0.1742  0.0739 gamm 0.1000 
constelab        0.000   0.5575  1.4135 norm 2.0000 
ctrend           0.400   0.6510  0.0860 norm 0.1000 
cgy              0.500   0.4981  0.1003 norm 0.2500 
calfa            0.300   0.2155  0.0209 norm 0.0500 

standard deviation of shocks
             prior mean     mode    s.d. prior pstdev

ea               0.100   0.3464  0.0274 invg 2.0000 
eb               0.100   0.2421  0.0276 invg 2.0000 
eg               0.100   0.4949  0.0374 invg 2.0000 
eqs              0.100   0.4219  0.0771 invg 2.0000 
em               0.100   0.2546  0.0195 invg 2.0000 
epinf            0.100   0.1066  0.0155 invg 2.0000 
ew               0.100   0.1450  0.0200 invg 2.0000 


Log data density [Laplace approximation] is -550.422247.

mh_jscale has been set equal to 0.18604

Estimation::mcmc: One Chain mode.
Estimation::mcmc: Initialization at the posterior mode.

Estimation::mcmc: Write details about the MCMC... Ok!
Estimation::mcmc: Details about the MCMC are available in SW07/metropolis\SW07_mh_history_0.mat


Estimation::mcmc: Number of mh files: 4 per block.
Estimation::mcmc: Total number of generated files: 4.
Estimation::mcmc: Total number of iterations: 1000000.
Estimation::mcmc: Current acceptance ratio per chain: 
                                                       Chain  1: 27.3313%
Estimation::mcmc: Total number of MH draws per chain: 1000000.
Estimation::mcmc: Total number of generated MH files: 4.
Estimation::mcmc: I'll use mh-files 1 to 4.
Estimation::mcmc: In MH-file number 1 I'll start at line 300001.
Estimation::mcmc: Finally I keep 700000 draws per chain.



MCMC Inefficiency factors per block
Parameter        Block 1
SE_ea            408.023
SE_eb            434.298
SE_eg            377.664
SE_eqs           463.299
SE_em            414.769
SE_epinf         430.404
SE_ew            570.734
crhoa            734.707
crhob            497.177
crhog            420.443
crhoqs           461.691
crhoms           489.853
crhopinf         716.712
crhow            591.781
cmap             621.561
cmaw             576.820
csadjcost        550.384
csigma           367.863
chabb            503.242
cprobw           647.848
csigl            570.872
cprobp           722.702
cindw            550.308
cindp            507.401
czcap            508.634
cfc              468.890
crpi             595.818
crr              667.689
cry              711.273
crdy             530.117
constepinf       560.109
constebeta       376.158
constelab        424.615
ctrend           637.081
cgy              482.857
calfa            410.008


Geweke (1992) Convergence Tests, based on means of draws 300000 to 440000 vs 650000 to 1000000.
p-values are for Chi2-test for equality of means.
Parameter          Post. Mean        Post. Std   p-val No Taper   p-val 4% Taper   p-val 8% Taper  p-val 15% Taper
SE_ea                   0.351            0.028            0.000            0.011            0.015            0.018
SE_eb                   0.239            0.028            0.000            0.000            0.000            0.000
SE_eg                   0.505            0.037            0.000            0.316            0.338            0.366
SE_eqs                  0.508            0.082            0.000            0.000            0.000            0.000
SE_em                   0.263            0.021            0.156            0.957            0.957            0.952
SE_epinf                0.102            0.015            0.000            0.013            0.022            0.029
SE_ew                   0.127            0.028            0.000            0.000            0.000            0.001
crhoa                   0.882            0.069            0.000            0.000            0.000            0.000
crhob                   0.215            0.112            0.000            0.886            0.900            0.912
crhog                   0.937            0.030            0.000            0.000            0.000            0.001
crhoqs                  0.620            0.082            0.000            0.000            0.000            0.001
crhoms                  0.185            0.084            0.000            0.000            0.001            0.002
crhopinf                0.877            0.117            0.000            0.000            0.000            0.002
crhow                   0.943            0.020            0.000            0.003            0.009            0.028
cmap                    0.697            0.139            0.000            0.001            0.009            0.018
cmaw                    0.641            0.123            0.000            0.002            0.005            0.006
csadjcost               5.322            1.003            0.000            0.838            0.839            0.842
csigma                  1.179            0.110            0.000            0.041            0.053            0.047
chabb                   0.801            0.043            0.000            0.192            0.223            0.262
cprobw                  0.776            0.063            0.000            0.000            0.000            0.001
csigl                   2.048            0.631            0.000            0.211            0.258            0.276
cprobp                  0.802            0.125            0.000            0.000            0.000            0.000
cindw                   0.514            0.147            0.000            0.000            0.001            0.001
cindp                   0.351            0.119            0.000            0.000            0.001            0.003
czcap                   0.632            0.112            0.000            0.006            0.016            0.031
cfc                     1.617            0.080            0.000            0.152            0.214            0.254
crpi                    1.717            0.175            0.000            0.164            0.257            0.334
crr                     0.755            0.064            0.000            0.000            0.000            0.001
cry                     0.072            0.055            0.000            0.000            0.000            0.000
crdy                    0.176            0.039            0.000            0.001            0.005            0.019
constepinf              0.685            0.097            0.000            0.110            0.179            0.263
constebeta              0.191            0.069            0.000            0.000            0.000            0.000
constelab               1.167            1.175            0.000            0.001            0.003            0.005
ctrend                  0.681            0.065            0.000            0.000            0.000            0.001
cgy                     0.479            0.126            0.000            0.847            0.858            0.861
calfa                   0.210            0.020            0.000            0.001            0.002            0.005


Estimation::marginal density: I'm computing the posterior mean and covariance...  Done!
Estimation::marginal density: I'm computing the posterior log marginal density (modified harmonic mean)... Done!


ESTIMATION RESULTS

Log data density is -543.054211.

parameters
                 prior mean   post. mean        90% HPD interval    prior       pstdev

crhoa                 0.500       0.8780      0.7870      0.9957    beta       0.2000
crhob                 0.500       0.2179      0.0389      0.3785    beta       0.2000
crhog                 0.500       0.9386      0.8946      0.9843    beta       0.2000
crhoqs                0.500       0.6188      0.4834      0.7522    beta       0.2000
crhoms                0.500       0.1855      0.0472      0.3158    beta       0.2000
crhopinf              0.500       0.8715      0.7104      0.9993    beta       0.2000
crhow                 0.500       0.9423      0.9115      0.9733    beta       0.2000
cmap                  0.500       0.6874      0.4760      0.8951    beta       0.2000
cmaw                  0.500       0.6430      0.4510      0.8436    beta       0.2000
csadjcost             4.000       5.3230      3.6265      6.9524    norm       1.5000
csigma                1.500       1.1803      1.0039      1.3520    norm       0.3750
chabb                 0.700       0.8001      0.7334      0.8694    beta       0.1000
cprobw                0.500       0.7804      0.6804      0.8815    beta       0.1000
csigl                 2.000       2.1025      1.0614      3.1474    norm       0.7500
cprobp                0.500       0.8049      0.6111      0.9341    beta       0.1000
cindw                 0.500       0.5201      0.2699      0.7543    beta       0.1500
cindp                 0.500       0.3444      0.1494      0.5369    beta       0.1500
czcap                 0.500       0.6320      0.4570      0.8217    beta       0.1500
cfc                   1.250       1.6195      1.4862      1.7538    norm       0.1250
crpi                  1.500       1.7232      1.4281      2.0264    norm       0.2500
crr                   0.750       0.7593      0.6543      0.8568    beta       0.1000
cry                   0.125       0.0789      0.0010      0.1557    norm       0.0500
crdy                  0.125       0.1757      0.1140      0.2421    norm       0.0500
constepinf            0.625       0.6785      0.5100      0.8373    gamm       0.1000
constebeta            0.250       0.1880      0.0789      0.2933    gamm       0.1000
constelab             0.000       1.2093     -0.6614      3.0685    norm       2.0000
ctrend                0.400       0.6842      0.5780      0.7621    norm       0.1000
cgy                   0.500       0.4855      0.2768      0.6924    norm       0.2500
calfa                 0.300       0.2103      0.1770      0.2433    norm       0.0500

standard deviation of shocks
                 prior mean   post. mean        90% HPD interval    prior       pstdev

ea                    0.100       0.3512      0.3058      0.3992    invg       2.0000
eb                    0.100       0.2392      0.1918      0.2862    invg       2.0000
eg                    0.100       0.5051      0.4433      0.5647    invg       2.0000
eqs                   0.100       0.5103      0.3702      0.6369    invg       2.0000
em                    0.100       0.2632      0.2289      0.2989    invg       2.0000
epinf                 0.100       0.1021      0.0766      0.1265    invg       2.0000
ew                    0.100       0.1262      0.0798      0.1706    invg       2.0000
Estimation::mcmc: Smoothed variables
Estimation::mcmc: Smoothed variables, done!
Estimation::mcmc: Smoothed shocks
Estimation::mcmc: Smoothed shocks, done!
Estimation::mcmc: Trend_coefficients
Estimation::mcmc: Trend_coefficients, done!
Estimation::mcmc: Smoothed constant
Estimation::mcmc: Smoothed constant, done!
Estimation::mcmc: Smoothed trend
Estimation::mcmc: Smoothed trend, done!
Estimation::mcmc: Updated Variables
Estimation::mcmc: Updated Variables, done!
Estimation::mcmc: Forecasted variables (mean)
Estimation::mcmc: Forecasted variables (mean), done!
Estimation::mcmc: Forecasted variables (point)
Estimation::mcmc: Forecasted variables (point), done!
Total computing time : 2h45m19s
Note: 33 warning(s) encountered in the preprocessor
Note: warning(s) encountered in MATLAB/Octave code
