Starting Dynare (version 4.5.7).
Starting preprocessing of the model file ...
Found 43 equation(s).
Evaluating expressions...done
Computing static model derivatives:
 - order 1
Computing dynamic model derivatives:
 - order 1
 - order 2
Processing outputs ...
done
Preprocessing completed.
Initial value of the log posterior (or likelihood): -591.6836
-----------------
f at the beginning of new iteration,       591.6836289122
Predicted improvement:      502.851020345
lambda =          1; f =          591.7048598
lambda =    0.33333; f =          591.6837306
lambda =    0.11111; f =          523.2497172
Norm of dx    0.31713
----
Improvement on iteration 1 =       68.433911760
-----------------
f at the beginning of new iteration,       523.2497171520
Predicted improvement:       35.009436970
lambda =          1; f =          523.2497412
lambda =    0.33333; f =          504.9676434
lambda =    0.64439; f =          497.7545716
Norm of dx   0.082261
----
Improvement on iteration 2 =       25.495145559
-----------------
f at the beginning of new iteration,       497.7545715929
Predicted improvement:       19.116543220
lambda =          1; f =          497.7557129
lambda =    0.33333; f =          497.7545810
lambda =    0.11111; f =          494.2140821
lambda =     0.2148; f =          493.2906856
Norm of dx   0.073352
----
Improvement on iteration 3 =        4.463885970
-----------------
f at the beginning of new iteration,       493.2906856230
Predicted improvement:       15.433906588
lambda =          1; f =          488.9161571
lambda =    0.33333; f =          487.1883361
Norm of dx   0.059293
----
Improvement on iteration 4 =        6.102349488
-----------------
f at the beginning of new iteration,       487.1883361353
Predicted improvement:       10.717609355
lambda =          1; f =          484.6838397
lambda =    0.33333; f =          482.0956269
lambda =    0.64439; f =          481.1433105
Norm of dx   0.072176
----
Improvement on iteration 5 =        6.045025586
-----------------
f at the beginning of new iteration,       481.1433105492
Predicted improvement:        6.105490748
lambda =          1; f =          479.2217478
lambda =    0.33333; f =          478.2862119
lambda =    0.64439; f =          477.6654489
Norm of dx   0.053668
----
Improvement on iteration 6 =        3.477861631
-----------------
f at the beginning of new iteration,       477.6654489186
Predicted improvement:        3.444890245
lambda =          1; f =          475.3718492
Norm of dx   0.032208
----
Improvement on iteration 7 =        2.293599706
-----------------
f at the beginning of new iteration,       475.3718492124
Predicted improvement:        1.666629531
lambda =          1; f =          473.7178028
Norm of dx   0.014345
----
Improvement on iteration 8 =        1.654046440
-----------------
f at the beginning of new iteration,       473.7178027725
Predicted improvement:        0.671079312
lambda =          1; f =          472.8319594
Norm of dx   0.014665
----
Improvement on iteration 9 =        0.885843335
-----------------
f at the beginning of new iteration,       472.8319594377
Predicted improvement:        0.532630130
lambda =          1; f =          472.0489889
lambda =     1.9332; f =          471.8487527
Norm of dx   0.020302
----
Improvement on iteration 10 =        0.983206739
-----------------
f at the beginning of new iteration,       471.8487526989
Predicted improvement:        0.317587931
lambda =          1; f =          471.2854824
lambda =     1.9332; f =          470.8890228
lambda =     3.7372; f =          470.4744242
Norm of dx  0.0091637
----
Improvement on iteration 11 =        1.374328518
-----------------
f at the beginning of new iteration,       470.4744241810
Predicted improvement:        0.611978712
lambda =          1; f =          469.4294362
lambda =     1.9332; f =          468.7781069
lambda =     3.7372; f =          468.4534820
Norm of dx   0.033658
----
Improvement on iteration 12 =        2.020942191
-----------------
f at the beginning of new iteration,       468.4534819899
Predicted improvement:        0.953117030
lambda =          1; f =          467.0108957
lambda =     1.9332; f =          466.4375117
Norm of dx   0.017062
----
Improvement on iteration 13 =        2.015970257
-----------------
f at the beginning of new iteration,       466.4375117326
Predicted improvement:        0.582035882
lambda =          1; f =          465.5373033
lambda =     1.9332; f =          465.2028554
Norm of dx    0.05232
----
Improvement on iteration 14 =        1.234656311
-----------------
f at the beginning of new iteration,       465.2028554216
Predicted improvement:        0.502719078
lambda =          1; f =          464.3511610
lambda =     1.9332; f =          463.8335685
lambda =     3.7372; f =          463.6062715
Norm of dx   0.025837
----
Improvement on iteration 15 =        1.596583902
-----------------
f at the beginning of new iteration,       463.6062715200
Predicted improvement:        0.809574780
lambda =          1; f =          462.2688197
lambda =     1.9332; f =          461.5361404
Norm of dx   0.021481
----
Improvement on iteration 16 =        2.070131151
-----------------
f at the beginning of new iteration,       461.5361403689
Predicted improvement:        0.889082027
lambda =          1; f =          460.2422090
lambda =     1.9332; f =          459.9289175
Norm of dx   0.065133
----
Improvement on iteration 17 =        1.607222825
-----------------
f at the beginning of new iteration,       459.9289175444
Predicted improvement:        0.546652616
lambda =          1; f =          459.0445687
lambda =     1.9332; f =          458.5842092
Norm of dx    0.02678
----
Improvement on iteration 18 =        1.344708317
-----------------
f at the beginning of new iteration,       458.5842092279
Predicted improvement:        1.113432123
lambda =          1; f =          458.0787285
lambda =    0.33333; f =          458.0570117
lambda =    0.64439; f =          457.9042890
Norm of dx   0.043202
----
Improvement on iteration 19 =        0.679920231
-----------------
f at the beginning of new iteration,       457.9042889971
Predicted improvement:        1.002013117
lambda =          1; f =          456.3964992
lambda =     1.9332; f =          457.8682993
lambda =     1.3017; f =          456.2502791
Norm of dx   0.071447
----
Improvement on iteration 20 =        1.654009917
-----------------
f at the beginning of new iteration,       456.2502790804
Predicted improvement:        0.788461788
lambda =          1; f =          454.9675576
lambda =     1.9332; f =          454.2818347
Norm of dx   0.034316
----
Improvement on iteration 21 =        1.968444404
-----------------
f at the beginning of new iteration,       454.2818346768
Predicted improvement:        1.020738308
lambda =          1; f =          455.1466969
lambda =    0.33333; f =          453.7380358
lambda =    0.64439; f =          453.6092813
Norm of dx   0.078599
----
Improvement on iteration 22 =        0.672553341
-----------------
f at the beginning of new iteration,       453.6092813358
Predicted improvement:        1.720468034
lambda =          1; f =          453.3102958
lambda =    0.33333; f =          452.8577824
Norm of dx   0.086532
----
Improvement on iteration 23 =        0.751498912
-----------------
f at the beginning of new iteration,       452.8577824237
Predicted improvement:        0.601423482
lambda =          1; f =          452.0449953
Norm of dx    0.04817
----
Improvement on iteration 24 =        0.812787118
-----------------
f at the beginning of new iteration,       452.0449953057
Predicted improvement:        0.422007968
lambda =          1; f =          451.5078582
Norm of dx   0.028869
----
Improvement on iteration 25 =        0.537137085
-----------------
f at the beginning of new iteration,       451.5078582204
Predicted improvement:        0.191003597
lambda =          1; f =          451.2193839
lambda =     1.9332; f =          451.1324940
Norm of dx   0.013887
----
Improvement on iteration 26 =        0.375364216
-----------------
f at the beginning of new iteration,       451.1324940044
Predicted improvement:        0.177842961
lambda =          1; f =          450.8374238
lambda =     1.9332; f =          450.6643590
Norm of dx  0.0085221
----
Improvement on iteration 27 =        0.468134986
-----------------
f at the beginning of new iteration,       450.6643590188
Predicted improvement:        0.410467229
lambda =          1; f =          450.1513314
Norm of dx   0.038526
----
Improvement on iteration 28 =        0.513027657
-----------------
f at the beginning of new iteration,       450.1513313619
Predicted improvement:        0.135121422
lambda =          1; f =          449.9375910
lambda =     1.9332; f =          449.8425010
Norm of dx   0.021247
----
Improvement on iteration 29 =        0.308830317
-----------------
f at the beginning of new iteration,       449.8425010444
Predicted improvement:        0.154947366
lambda =          1; f =          449.5767108
lambda =     1.9332; f =          449.4091893
lambda =     3.7372; f =          449.3122784
Norm of dx   0.016311
----
Improvement on iteration 30 =        0.530222684
-----------------
f at the beginning of new iteration,       449.3122783600
Predicted improvement:        0.159568949
lambda =          1; f =          449.0760022
lambda =     1.9332; f =          448.9997353
Norm of dx   0.012349
----
Improvement on iteration 31 =        0.312543084
-----------------
f at the beginning of new iteration,       448.9997352757
Predicted improvement:        0.133128574
lambda =          1; f =          448.8097576
lambda =     1.9332; f =          448.7876264
Norm of dx   0.019731
----
Improvement on iteration 32 =        0.212108827
-----------------
f at the beginning of new iteration,       448.7876264485
Predicted improvement:        0.211595412
lambda =          1; f =          448.4843909
lambda =     1.9332; f =          448.4009204
Norm of dx   0.026403
----
Improvement on iteration 33 =        0.386706040
-----------------
f at the beginning of new iteration,       448.4009204086
Predicted improvement:        0.139360171
lambda =          1; f =          448.1685446
lambda =     1.9332; f =          448.0360868
Norm of dx   0.015507
----
Improvement on iteration 34 =        0.364833590
-----------------
f at the beginning of new iteration,       448.0360868188
Predicted improvement:        0.176547293
lambda =          1; f =          447.8258823
Norm of dx   0.028891
----
Improvement on iteration 35 =        0.210204567
-----------------
f at the beginning of new iteration,       447.8258822517
Predicted improvement:        0.082440534
lambda =          1; f =          447.6877001
lambda =     1.9332; f =          447.6084766
Norm of dx   0.020727
----
Improvement on iteration 36 =        0.217405696
-----------------
f at the beginning of new iteration,       447.6084765561
Predicted improvement:        0.222380585
lambda =          1; f =          447.2367727
lambda =     1.9332; f =          447.0251066
Norm of dx   0.043709
----
Improvement on iteration 37 =        0.583369975
-----------------
f at the beginning of new iteration,       447.0251065807
Predicted improvement:        0.440726687
lambda =          1; f =          446.3670548
lambda =     1.9332; f =          446.1607952
Norm of dx   0.083198
----
Improvement on iteration 38 =        0.864311346
-----------------
f at the beginning of new iteration,       446.1607952348
Predicted improvement:        0.283888895
lambda =          1; f =          445.7334131
lambda =     1.9332; f =          445.5788029
Norm of dx   0.029645
----
Improvement on iteration 39 =        0.581992312
-----------------
f at the beginning of new iteration,       445.5788029224
Predicted improvement:        0.272879548
lambda =          1; f =          445.1908168
lambda =     1.9332; f =          445.0999573
Norm of dx   0.057365
----
Improvement on iteration 40 =        0.478845602
-----------------
f at the beginning of new iteration,       445.0999573202
Predicted improvement:        0.239348240
lambda =          1; f =          444.6837876
lambda =     1.9332; f =          444.4054007
lambda =     3.7372; f =          444.1549963
Norm of dx   0.046687
----
Improvement on iteration 41 =        0.944961018
-----------------
f at the beginning of new iteration,       444.1549963026
Predicted improvement:        0.325996561
lambda =          1; f =          443.7706711
Norm of dx    0.13154
----
Improvement on iteration 42 =        0.384325180
-----------------
f at the beginning of new iteration,       443.7706711229
Predicted improvement:        0.245208846
lambda =          1; f =          443.4586053
Norm of dx   0.042742
----
Improvement on iteration 43 =        0.312065790
-----------------
f at the beginning of new iteration,       443.4586053327
Predicted improvement:        0.188977309
lambda =          1; f =          443.1270487
lambda =     1.9332; f =          442.8985586
lambda =     3.7372; f =          442.7006499
Norm of dx   0.081516
----
Improvement on iteration 44 =        0.757955400
-----------------
f at the beginning of new iteration,       442.7006499323
Predicted improvement:        0.773428484
lambda =          1; f =          441.6082669
lambda =     1.9332; f =          442.7009741
lambda =     1.3017; f =          445.1711543
lambda =     1.0267; f =          441.6449286
Norm of dx    0.16282
----
Improvement on iteration 45 =        1.092383007
-----------------
f at the beginning of new iteration,       441.6082669253
Predicted improvement:        2.397100065
lambda =          1; f =          441.3812769
lambda =    0.33333; f =          440.6207558
Norm of dx    0.22834
----
Improvement on iteration 46 =        0.987511081
-----------------
f at the beginning of new iteration,       440.6207558440
Predicted improvement:        2.182612367
lambda =          1; f =          440.5741956
lambda =    0.33333; f =          439.5034089
lambda =    0.64439; f =          439.1927557
Norm of dx    0.14718
----
Improvement on iteration 47 =        1.428000125
-----------------
f at the beginning of new iteration,       439.1927557186
Predicted improvement:        1.216943815
lambda =          1; f =          440.5109978
lambda =    0.33333; f =          438.9933144
lambda =    0.11111; f =          439.0070103
Norm of dx   0.051795
----
Improvement on iteration 48 =        0.199441335
-----------------
f at the beginning of new iteration,       438.9933143831
Predicted improvement:        0.510878771
lambda =          1; f =          438.5994964
Norm of dx   0.063255
----
Improvement on iteration 49 =        0.393817961
-----------------
f at the beginning of new iteration,       438.5994964220
Predicted improvement:        0.200044450
lambda =          1; f =          438.3074372
lambda =     1.9332; f =          438.2398224
Norm of dx   0.017193
----
Improvement on iteration 50 =        0.359674005
-----------------
f at the beginning of new iteration,       438.2398224170
Predicted improvement:        0.158912215
lambda =          1; f =          437.9800636
lambda =     1.9332; f =          437.8385623
Norm of dx   0.012256
----
Improvement on iteration 51 =        0.401260123
-----------------
f at the beginning of new iteration,       437.8385622936
Predicted improvement:        0.340166813
lambda =          1; f =          437.3711237
Norm of dx   0.056955
----
Improvement on iteration 52 =        0.467438631
-----------------
f at the beginning of new iteration,       437.3711236622
Predicted improvement:        0.210610013
lambda =          1; f =          437.1003508
Norm of dx   0.040221
----
Improvement on iteration 53 =        0.270772815
-----------------
f at the beginning of new iteration,       437.1003508474
Predicted improvement:        0.098565080
lambda =          1; f =          436.9568839
lambda =     1.9332; f =          436.9230631
Norm of dx   0.010742
----
Improvement on iteration 54 =        0.177287749
-----------------
f at the beginning of new iteration,       436.9230630984
Predicted improvement:        0.052774059
lambda =          1; f =          436.8406784
lambda =     1.9332; f =          436.8052586
Norm of dx   0.018226
----
Improvement on iteration 55 =        0.117804474
-----------------
f at the beginning of new iteration,       436.8052586248
Predicted improvement:        0.029740875
lambda =          1; f =          436.7593299
lambda =     1.9332; f =          436.7413176
Norm of dx   0.010619
----
Improvement on iteration 56 =        0.063941050
-----------------
f at the beginning of new iteration,       436.7413175751
Predicted improvement:        0.019348002
lambda =          1; f =          436.7099527
lambda =     1.9332; f =          436.6939457
Norm of dx  0.0045155
----
Improvement on iteration 57 =        0.047371905
-----------------
f at the beginning of new iteration,       436.6939456702
Predicted improvement:        0.018541986
lambda =          1; f =          436.6635507
lambda =     1.9332; f =          436.6471684
Norm of dx   0.007271
----
Improvement on iteration 58 =        0.046777236
-----------------
f at the beginning of new iteration,       436.6471684340
Predicted improvement:        0.030073387
lambda =          1; f =          436.5961378
lambda =     1.9332; f =          436.5650827
lambda =     3.7372; f =          436.5516160
Norm of dx   0.016595
----
Improvement on iteration 59 =        0.095552468
-----------------
f at the beginning of new iteration,       436.5516159657
Predicted improvement:        0.041682671
lambda =          1; f =          436.4859373
lambda =     1.9332; f =          436.4567441
Norm of dx  0.0064184
----
Improvement on iteration 60 =        0.094871823
-----------------
f at the beginning of new iteration,       436.4567441432
Predicted improvement:        0.015807799
lambda =          1; f =          436.4368657
Norm of dx   0.014276
----
Improvement on iteration 61 =        0.019878472
-----------------
f at the beginning of new iteration,       436.4368656717
Predicted improvement:        0.005934195
lambda =          1; f =          436.4273674
lambda =     1.9332; f =          436.4227737
Norm of dx   0.005433
----
Improvement on iteration 62 =        0.014091993
-----------------
f at the beginning of new iteration,       436.4227736788
Predicted improvement:        0.008293657
lambda =          1; f =          436.4081196
lambda =     1.9332; f =          436.3979204
lambda =     3.7372; f =          436.3876742
Norm of dx   0.004435
----
Improvement on iteration 63 =        0.035099486
-----------------
f at the beginning of new iteration,       436.3876741931
Predicted improvement:        0.017592451
lambda =          1; f =          436.3581979
lambda =     1.9332; f =          436.3409593
Norm of dx  0.0097227
----
Improvement on iteration 64 =        0.046714894
-----------------
f at the beginning of new iteration,       436.3409592987
Predicted improvement:        0.025992720
lambda =          1; f =          436.3037829
lambda =     1.9332; f =          436.2958495
Norm of dx   0.016183
----
Improvement on iteration 65 =        0.045109825
-----------------
f at the beginning of new iteration,       436.2958494733
Predicted improvement:        0.014368176
lambda =          1; f =          436.2727636
lambda =     1.9332; f =          436.2615473
Norm of dx  0.0056483
----
Improvement on iteration 66 =        0.034302193
-----------------
f at the beginning of new iteration,       436.2615472805
Predicted improvement:        0.009415234
lambda =          1; f =          436.2520743
Norm of dx  0.0082129
----
Improvement on iteration 67 =        0.009472950
-----------------
f at the beginning of new iteration,       436.2520743307
Predicted improvement:        0.001673878
lambda =          1; f =          436.2494917
lambda =     1.9332; f =          436.2484663
Norm of dx  0.0029533
----
Improvement on iteration 68 =        0.003608074
-----------------
f at the beginning of new iteration,       436.2484662569
Predicted improvement:        0.002046054
lambda =          1; f =          436.2447409
lambda =     1.9332; f =          436.2419189
lambda =     3.7372; f =          436.2382337
Norm of dx  0.0014252
----
Improvement on iteration 69 =        0.010232574
-----------------
f at the beginning of new iteration,       436.2382336824
Predicted improvement:        0.007508497
lambda =          1; f =          436.2254685
lambda =     1.9332; f =          436.2176010
lambda =     3.7372; f =          436.2134002
Norm of dx  0.0060644
----
Improvement on iteration 70 =        0.024833501
-----------------
f at the beginning of new iteration,       436.2134001814
Predicted improvement:        0.012299406
lambda =          1; f =          436.1923317
lambda =     1.9332; f =          436.1791698
lambda =     3.7372; f =          436.1722114
Norm of dx  0.0059116
----
Improvement on iteration 71 =        0.041188772
-----------------
f at the beginning of new iteration,       436.1722114098
Predicted improvement:        0.005650549
lambda =          1; f =          436.1653856
Norm of dx  0.0075503
----
Improvement on iteration 72 =        0.006825777
-----------------
f at the beginning of new iteration,       436.1653856328
Predicted improvement:        0.001279023
lambda =          1; f =          436.1636174
Norm of dx  0.0034616
----
Improvement on iteration 73 =        0.001768214
-----------------
f at the beginning of new iteration,       436.1636174187
Predicted improvement:        0.000921466
lambda =          1; f =          436.1622085
lambda =     1.9332; f =          436.1616718
Norm of dx  0.0021441
----
Improvement on iteration 74 =        0.001945637
-----------------
f at the beginning of new iteration,       436.1616717815
Predicted improvement:        0.000962220
lambda =          1; f =          436.1598258
lambda =     1.9332; f =          436.1582414
lambda =     3.7372; f =          436.1555553
lambda =     7.2247; f =          436.1517631
lambda =     13.967; f =          436.1496091
Norm of dx  0.0010192
----
Improvement on iteration 75 =        0.012062658
-----------------
f at the beginning of new iteration,       436.1496091235
Predicted improvement:        0.007726419
lambda =          1; f =          436.1358447
lambda =     1.9332; f =          436.1260527
lambda =     3.7372; f =          436.1155358
Norm of dx  0.0074351
----
Improvement on iteration 76 =        0.034073304
-----------------
f at the beginning of new iteration,       436.1155358194
Predicted improvement:        0.010743223
lambda =          1; f =          436.1009305
Norm of dx   0.024371
----
Improvement on iteration 77 =        0.014605354
-----------------
f at the beginning of new iteration,       436.1009304650
Predicted improvement:        0.003631252
lambda =          1; f =          436.0967557
Norm of dx    0.01555
----
Improvement on iteration 78 =        0.004174728
-----------------
f at the beginning of new iteration,       436.0967557369
Predicted improvement:        0.000519561
lambda =          1; f =          436.0958512
lambda =     1.9332; f =          436.0952522
lambda =     3.7372; f =          436.0947651
Norm of dx  0.0022647
----
Improvement on iteration 79 =        0.001990630
-----------------
f at the beginning of new iteration,       436.0947651067
Predicted improvement:        0.001292880
lambda =          1; f =          436.0922722
lambda =     1.9332; f =          436.0901156
lambda =     3.7372; f =          436.0864127
lambda =     7.2247; f =          436.0810058
lambda =     13.967; f =          436.0771675
Norm of dx  0.0015449
----
Improvement on iteration 80 =        0.017597593
-----------------
f at the beginning of new iteration,       436.0771675140
Predicted improvement:        0.002817734
lambda =          1; f =          436.0731863
lambda =     1.9332; f =          436.0724299
Norm of dx  0.0099202
----
Improvement on iteration 81 =        0.004737639
-----------------
f at the beginning of new iteration,       436.0724298754
Predicted improvement:        0.000762156
lambda =          1; f =          436.0711025
lambda =     1.9332; f =          436.0702218
lambda =     3.7372; f =          436.0695002
Norm of dx  0.0015756
----
Improvement on iteration 82 =        0.002929641
-----------------
f at the beginning of new iteration,       436.0695002345
Predicted improvement:        0.002040084
lambda =          1; f =          436.0656066
lambda =     1.9332; f =          436.0623085
lambda =     3.7372; f =          436.0568483
lambda =     7.2247; f =          436.0497042
Norm of dx  0.0043999
----
Improvement on iteration 83 =        0.019796006
-----------------
f at the beginning of new iteration,       436.0497042284
Predicted improvement:        0.004644432
lambda =          1; f =          436.0447295
Norm of dx   0.019748
----
Improvement on iteration 84 =        0.004974774
-----------------
f at the beginning of new iteration,       436.0447294539
Predicted improvement:        0.000273431
lambda =          1; f =          436.0442295
lambda =     1.9332; f =          436.0438455
lambda =     3.7372; f =          436.0433293
Norm of dx  0.0020539
----
Improvement on iteration 85 =        0.001400183
-----------------
f at the beginning of new iteration,       436.0433292707
Predicted improvement:        0.001469978
lambda =          1; f =          436.0406722
lambda =     1.9332; f =          436.0386973
lambda =     3.7372; f =          436.0362557
Norm of dx  0.0069344
----
Improvement on iteration 86 =        0.007073597
-----------------
f at the beginning of new iteration,       436.0362556741
Predicted improvement:        0.005828919
lambda =          1; f =          436.0261031
lambda =     1.9332; f =          436.0193278
lambda =     3.7372; f =          436.0135673
Norm of dx   0.019076
----
Improvement on iteration 87 =        0.022688398
-----------------
f at the beginning of new iteration,       436.0135672757
Predicted improvement:        0.006127198
lambda =          1; f =          436.0051111
Norm of dx  0.0056213
----
Improvement on iteration 88 =        0.008456166
-----------------
f at the beginning of new iteration,       436.0051111098
Predicted improvement:        0.001558861
lambda =          1; f =          436.0034417
Norm of dx  0.0049047
----
Improvement on iteration 89 =        0.001669431
-----------------
f at the beginning of new iteration,       436.0034416787
Predicted improvement:        0.000123364
lambda =          1; f =          436.0032038
lambda =     1.9332; f =          436.0029982
lambda =     3.7372; f =          436.0026454
lambda =     7.2247; f =          436.0021306
lambda =     13.967; f =          436.0017592
Norm of dx  0.0005068
----
Improvement on iteration 90 =        0.001682431
-----------------
f at the beginning of new iteration,       436.0017592480
Predicted improvement:        0.001470177
lambda =          1; f =          435.9989000
lambda =     1.9332; f =          435.9963761
lambda =     3.7372; f =          435.9918918
lambda =     7.2247; f =          435.9846971
lambda =     13.967; f =          435.9762869
Norm of dx  0.0034647
----
Improvement on iteration 91 =        0.025472391
-----------------
f at the beginning of new iteration,       435.9762868568
Predicted improvement:        0.004060014
lambda =          1; f =          435.9716594
Norm of dx   0.022485
----
Improvement on iteration 92 =        0.004627427
-----------------
f at the beginning of new iteration,       435.9716594303
Predicted improvement:        0.000537605
lambda =          1; f =          435.9707703
lambda =     1.9332; f =          435.9702771
Norm of dx  0.0049462
----
Improvement on iteration 93 =        0.001382341
-----------------
f at the beginning of new iteration,       435.9702770896
Predicted improvement:        0.001124555
lambda =          1; f =          435.9682148
lambda =     1.9332; f =          435.9666279
lambda =     3.7372; f =          435.9644817
Norm of dx  0.0060014
----
Improvement on iteration 94 =        0.005795349
-----------------
f at the beginning of new iteration,       435.9644817405
Predicted improvement:        0.006458893
lambda =          1; f =          435.9526421
lambda =     1.9332; f =          435.9435341
lambda =     3.7372; f =          435.9311992
Norm of dx   0.025327
----
Improvement on iteration 95 =        0.033282503
-----------------
f at the beginning of new iteration,       435.9311992378
Predicted improvement:        0.033930744
lambda =          1; f =          435.8721507
lambda =     1.9332; f =          435.8330070
lambda =     3.7372; f =          435.8019478
Norm of dx    0.11719
----
Improvement on iteration 96 =        0.129251433
-----------------
f at the beginning of new iteration,       435.8019478050
Predicted improvement:        0.052473942
lambda =          1; f =          435.7192412
lambda =     1.9332; f =          435.6820408
Norm of dx   0.064027
----
Improvement on iteration 97 =        0.119907055
-----------------
f at the beginning of new iteration,       435.6820407502
Predicted improvement:        0.006144188
lambda =          1; f =          435.6752184
Norm of dx   0.031994
----
Improvement on iteration 98 =        0.006822395
-----------------
f at the beginning of new iteration,       435.6752183554
Predicted improvement:        0.000943347
lambda =          1; f =          435.6735539
lambda =     1.9332; f =          435.6723949
lambda =     3.7372; f =          435.6712130
Norm of dx  0.0059046
----
Improvement on iteration 99 =        0.004005328
-----------------
f at the beginning of new iteration,       435.6712130272
Predicted improvement:        0.003163376
lambda =          1; f =          435.6654867
lambda =     1.9332; f =          435.6611967
lambda =     3.7372; f =          435.6557061
Norm of dx   0.033245
----
Improvement on iteration 100 =        0.015506964
-----------------
f at the beginning of new iteration,       435.6557060633
Predicted improvement:        0.013666322
lambda =          1; f =          435.6325533
lambda =     1.9332; f =          435.6178648
lambda =     3.7372; f =          435.6057147
Norm of dx   0.072748
----
Improvement on iteration 101 =        0.049991336
-----------------
f at the beginning of new iteration,       435.6057147275
Predicted improvement:        0.021406037
lambda =          1; f =          435.5677730
lambda =     1.9332; f =          435.5416014
lambda =     3.7372; f =          435.5189461
Norm of dx    0.07478
----
Improvement on iteration 102 =        0.086768625
-----------------
f at the beginning of new iteration,       435.5189461024
Predicted improvement:        0.048616785
lambda =          1; f =          435.4698994
Norm of dx    0.16851
----
Improvement on iteration 103 =        0.049046693
-----------------
f at the beginning of new iteration,       435.4698994089
Predicted improvement:        0.015151105
lambda =          1; f =          435.4512695
Norm of dx   0.033074
----
Improvement on iteration 104 =        0.018629861
-----------------
f at the beginning of new iteration,       435.4512695474
Predicted improvement:        0.001594705
lambda =          1; f =          435.4497111
Norm of dx  0.0087978
----
Improvement on iteration 105 =        0.001558486
-----------------
f at the beginning of new iteration,       435.4497110618
Predicted improvement:        0.000040249
lambda =          1; f =          435.4496714
Norm of dx  0.0066562
----
Improvement on iteration 106 =        0.000039660
-----------------
f at the beginning of new iteration,       435.4496714017
Predicted improvement:        0.000001151
lambda =          1; f =          435.4496702
Norm of dx 0.00068601
----
Improvement on iteration 107 =        0.000001178
-----------------
f at the beginning of new iteration,       435.4496702232
Predicted improvement:        0.000000023
lambda =          1; f =          435.4496702
lambda =    0.33333; f =          435.4496702
Norm of dx 0.00012133
----
Improvement on iteration 108 =        0.000000008
improvement < crit termination

Final value of minus the log posterior (or likelihood):435.449670 

RESULTS FROM POSTERIOR ESTIMATION
parameters
       prior mean     mode    s.d. prior pstdev

RHO_A      0.500   0.9575  0.0190 beta  0.2000 
RHO_EFP    0.500   0.9387  0.0199 beta  0.2000 
RHO_G      0.500   0.9807  0.0146 beta  0.2000 
RHO_X      0.500   0.9925  0.0051 beta  0.2000 
RHO_MS     0.500   0.4496  0.0759 beta  0.2000 
RHO_P      0.500   0.9967  0.0021 beta  0.2000 
RHO_W      0.500   0.1940  0.0787 beta  0.2000 
S_PRIMEP   4.000   5.3588  1.1666 norm  1.5000 
H          0.700   0.5704  0.0660 beta  0.1000 
SIGMA_W    0.750   0.8386  0.0245 beta  0.0500 
SIGMAP     0.750   0.7792  0.0257 beta  0.0500 
FCP        1.450   1.3086  0.0820 norm  0.1250 
PPHI       0.330   2.0510  0.4414 gamm  0.2500 
SIGMA_WI   0.500   0.2839  0.1168 beta  0.1500 
SIGMA_PI   0.500   0.0916  0.0438 beta  0.1500 
ZETA       0.250   0.8772  0.0466 beta  0.1500 
IOTA_PI    1.700   1.5878  0.1429 norm  0.1500 
RHO_I      0.750   0.8213  0.0252 beta  0.1000 
IOTA_Y     0.125   0.0492  0.0132 gamm  0.0500 
IOTA_DY    0.063   0.1547  0.0237 norm  0.0500 
VARKAPPA   0.155   0.1129  0.0149 unif  0.0837 
picbar     0.625   0.6252  0.0962 gamm  0.1000 
ctrend     0.400   0.5625  0.0655 norm  0.1000 

standard deviation of shocks
       prior mean     mode    s.d. prior pstdev

ea         0.100   0.3807  0.0319 invg  2.0000 
e_kq       0.100   0.2557  0.0398 invg  2.0000 
eg         0.100   2.2769  0.1745 invg  2.0000 
eqs        0.100   0.5236  0.1579 invg  2.0000 
em         0.100   0.1061  0.0092 invg  2.0000 
epinf      0.100   0.0753  0.0129 invg  2.0000 
ew         0.100   0.2654  0.0303 invg  2.0000 


Log data density [Laplace approximation] is -510.222387.

Estimation::mcmc: One Chain mode.
Estimation::mcmc: Initialization at the posterior mode.

Estimation::mcmc: Write details about the MCMC... Ok!
Estimation::mcmc: Details about the MCMC are available in VI16_BGG/metropolis\VI16_BGG_mh_history_0.mat


Estimation::mcmc: Number of mh files: 2 per block.
Estimation::mcmc: Total number of generated files: 2.
Estimation::mcmc: Total number of iterations: 500000.
Estimation::mcmc: Current acceptance ratio per chain: 
                                                       Chain  1: 37.6476%
Estimation::mcmc: Total number of MH draws per chain: 500000.
Estimation::mcmc: Total number of generated MH files: 2.
Estimation::mcmc: I'll use mh-files 1 to 2.
Estimation::mcmc: In MH-file number 1 I'll start at line 150001.
Estimation::mcmc: Finally I keep 350000 draws per chain.



MCMC Inefficiency factors per block
Parameter       Block 1
SE_ea           135.223
SE_e_kq         212.162
SE_eg           138.751
SE_eqs          571.242
SE_em           143.468
SE_epinf        163.016
SE_ew           130.929
RHO_A           229.640
RHO_EFP         172.888
RHO_G           180.844
RHO_X           526.122
RHO_MS          136.666
RHO_P           427.153
RHO_W           158.356
S_PRIMEP        294.707
H               186.517
SIGMA_W         188.390
SIGMAP          166.557
FCP             145.662
PPHI            142.896
SIGMA_WI        136.837
SIGMA_PI        186.677
ZETA            124.589
IOTA_PI         128.916
RHO_I           149.942
IOTA_Y          193.066
IOTA_DY         131.070
VARKAPPA        332.757
picbar          118.830
ctrend          165.177


Geweke (1992) Convergence Tests, based on means of draws 150000 to 220000 vs 325000 to 500000.
p-values are for Chi2-test for equality of means.
Parameter         Post. Mean        Post. Std   p-val No Taper   p-val 4% Taper   p-val 8% Taper  p-val 15% Taper
SE_ea                  0.393            0.033            0.000            0.413            0.387            0.364
SE_e_kq                0.294            0.048            0.000            0.731            0.737            0.699
SE_eg                  2.315            0.180            0.000            0.384            0.349            0.350
SE_eqs                 0.726            0.270            0.000            0.006            0.022            0.032
SE_em                  0.109            0.010            0.000            0.267            0.301            0.317
SE_epinf               0.079            0.014            0.000            0.378            0.409            0.416
SE_ew                  0.267            0.031            0.000            0.668            0.672            0.647
RHO_A                  0.946            0.024            0.000            0.297            0.294            0.254
RHO_EFP                0.929            0.022            0.000            0.322            0.357            0.330
RHO_G                  0.972            0.016            0.000            0.337            0.306            0.266
RHO_X                  0.985            0.012            0.000            0.114            0.118            0.083
RHO_MS                 0.462            0.077            0.000            0.050            0.071            0.099
RHO_P                  0.995            0.004            0.000            0.391            0.410            0.373
RHO_W                  0.223            0.081            0.197            0.915            0.920            0.922
S_PRIMEP               5.179            1.134            0.000            0.035            0.062            0.064
H                      0.590            0.065            0.000            0.022            0.043            0.052
SIGMA_W                0.831            0.027            0.000            0.784            0.806            0.820
SIGMAP                 0.774            0.027            0.336            0.945            0.948            0.950
FCP                    1.305            0.082            0.618            0.970            0.969            0.971
PPHI                   2.137            0.457            0.000            0.757            0.769            0.774
SIGMA_WI               0.315            0.115            0.000            0.103            0.153            0.166
SIGMA_PI               0.120            0.052            0.000            0.330            0.324            0.316
ZETA                   0.868            0.046            0.000            0.686            0.674            0.638
IOTA_PI                1.611            0.146            0.000            0.168            0.142            0.128
RHO_I                  0.818            0.026            0.000            0.424            0.423            0.416
IOTA_Y                 0.052            0.015            0.000            0.675            0.684            0.662
IOTA_DY                0.152            0.024            0.000            0.344            0.364            0.344
VARKAPPA               0.100            0.017            0.000            0.047            0.097            0.122
picbar                 0.622            0.094            0.000            0.273            0.273            0.299
ctrend                 0.573            0.064            0.000            0.198            0.167            0.078


Estimation::marginal density: I'm computing the posterior mean and covariance...  Done!
Estimation::marginal density: I'm computing the posterior log marginal density (modified harmonic mean)... Done!


ESTIMATION RESULTS

Log data density is -509.169252.

parameters
           prior mean   post. mean        90% HPD interval    prior       pstdev

RHO_A           0.500       0.9463      0.9116      0.9827   beta        0.2000
RHO_EFP         0.500       0.9291      0.8948      0.9644   beta        0.2000
RHO_G           0.500       0.9715      0.9480      0.9960   beta        0.2000
RHO_X           0.500       0.9850      0.9708      0.9990   beta        0.2000
RHO_MS          0.500       0.4617      0.3386      0.5886   beta        0.2000
RHO_P           0.500       0.9944      0.9892      0.9995   beta        0.2000
RHO_W           0.500       0.2233      0.0880      0.3509   beta        0.2000
S_PRIMEP        4.000       5.1611      3.2220      6.9480   norm        1.5000
H               0.700       0.5910      0.4853      0.6991   beta        0.1000
SIGMA_W         0.750       0.8310      0.7880      0.8754   beta        0.0500
SIGMAP          0.750       0.7738      0.7289      0.8167   beta        0.0500
FCP             1.450       1.3038      1.1658      1.4356   norm        0.1250
PPHI            0.330       2.1364      1.3893      2.8828   gamm        0.2500
SIGMA_WI        0.500       0.3182      0.1298      0.5061   beta        0.1500
SIGMA_PI        0.500       0.1204      0.0376      0.1976   beta        0.1500
ZETA            0.250       0.8679      0.7960      0.9439   beta        0.1500
IOTA_PI         1.700       1.6137      1.3703      1.8477   norm        0.1500
RHO_I           0.750       0.8189      0.7781      0.8628   beta        0.1000
IOTA_Y          0.125       0.0516      0.0267      0.0754   gamm        0.0500
IOTA_DY         0.063       0.1514      0.1116      0.1912   norm        0.0500
VARKAPPA        0.155       0.0993      0.0713      0.1266   unif        0.0837
picbar          0.625       0.6205      0.4639      0.7676   gamm        0.1000
ctrend          0.400       0.5719      0.4648      0.6738   norm        0.1000

standard deviation of shocks
           prior mean   post. mean        90% HPD interval    prior       pstdev

ea              0.100       0.3934      0.3385      0.4455   invg        2.0000
e_kq            0.100       0.2944      0.2176      0.3686   invg        2.0000
eg              0.100       2.3159      2.0217      2.6083   invg        2.0000
eqs             0.100       0.7392      0.3454      1.1619   invg        2.0000
em              0.100       0.1089      0.0926      0.1246   invg        2.0000
epinf           0.100       0.0792      0.0568      0.1010   invg        2.0000
ew              0.100       0.2664      0.2155      0.3170   invg        2.0000
Estimation::mcmc: Smoothed variables
Estimation::mcmc: Smoothed variables, done!
Estimation::mcmc: Smoothed shocks
Estimation::mcmc: Smoothed shocks, done!
Estimation::mcmc: Trend_coefficients
Estimation::mcmc: Trend_coefficients, done!
Estimation::mcmc: Smoothed constant
Estimation::mcmc: Smoothed constant, done!
Estimation::mcmc: Smoothed trend
Estimation::mcmc: Smoothed trend, done!
Estimation::mcmc: Updated Variables
Estimation::mcmc: Updated Variables, done!
Estimation::mcmc: Forecasted variables (mean)
Estimation::mcmc: Forecasted variables (mean), done!
Estimation::mcmc: Forecasted variables (point)
Estimation::mcmc: Forecasted variables (point), done!
Total computing time : 2h15m23s
