Starting Dynare (version 4.5.7).
Starting preprocessing of the model file ...
WARNING: in the 'steady_state_model' block, variable 'y' is not assigned a value
WARNING: in the 'steady_state_model' block, variable 'c' is not assigned a value
WARNING: in the 'steady_state_model' block, variable 'inve' is not assigned a value
WARNING: in the 'steady_state_model' block, variable 'zcap' is not assigned a value
WARNING: in the 'steady_state_model' block, variable 'lam' is not assigned a value
WARNING: in the 'steady_state_model' block, variable 'r' is not assigned a value
WARNING: in the 'steady_state_model' block, variable 'pinf' is not assigned a value
WARNING: in the 'steady_state_model' block, variable 'lab' is not assigned a value
WARNING: in the 'steady_state_model' block, variable 'pk' is not assigned a value
WARNING: in the 'steady_state_model' block, variable 'rk' is not assigned a value
WARNING: in the 'steady_state_model' block, variable 'k' is not assigned a value
WARNING: in the 'steady_state_model' block, variable 'kp' is not assigned a value
WARNING: in the 'steady_state_model' block, variable 'mc' is not assigned a value
WARNING: in the 'steady_state_model' block, variable 'w' is not assigned a value
WARNING: in the 'steady_state_model' block, variable 'u' is not assigned a value
WARNING: in the 'steady_state_model' block, variable 'ex' is not assigned a value
WARNING: in the 'steady_state_model' block, variable 'ls' is not assigned a value
WARNING: in the 'steady_state_model' block, variable 'un' is not assigned a value
WARNING: in the 'steady_state_model' block, variable 'e' is not assigned a value
WARNING: in the 'steady_state_model' block, variable 'yf' is not assigned a value
WARNING: in the 'steady_state_model' block, variable 'cf' is not assigned a value
WARNING: in the 'steady_state_model' block, variable 'invef' is not assigned a value
WARNING: in the 'steady_state_model' block, variable 'zcapf' is not assigned a value
WARNING: in the 'steady_state_model' block, variable 'lamf' is not assigned a value
WARNING: in the 'steady_state_model' block, variable 'rrf' is not assigned a value
WARNING: in the 'steady_state_model' block, variable 'labf' is not assigned a value
WARNING: in the 'steady_state_model' block, variable 'pkf' is not assigned a value
WARNING: in the 'steady_state_model' block, variable 'rkf' is not assigned a value
WARNING: in the 'steady_state_model' block, variable 'kf' is not assigned a value
WARNING: in the 'steady_state_model' block, variable 'kpf' is not assigned a value
WARNING: in the 'steady_state_model' block, variable 'wf' is not assigned a value
WARNING: in the 'steady_state_model' block, variable 'exf' is not assigned a value
WARNING: in the 'steady_state_model' block, variable 'ef' is not assigned a value
WARNING: in the 'steady_state_model' block, variable 'g' is not assigned a value
WARNING: in the 'steady_state_model' block, variable 'b' is not assigned a value
WARNING: in the 'steady_state_model' block, variable 'qs' is not assigned a value
WARNING: in the 'steady_state_model' block, variable 'a' is not assigned a value
WARNING: in the 'steady_state_model' block, variable 'spinf' is not assigned a value
WARNING: in the 'steady_state_model' block, variable 'epinfma' is not assigned a value
WARNING: in the 'steady_state_model' block, variable 'sw' is not assigned a value
WARNING: in the 'steady_state_model' block, variable 'ewma' is not assigned a value
WARNING: in the 'steady_state_model' block, variable 'ms' is not assigned a value
WARNING: in the 'steady_state_model' block, variable 'pss' is not assigned a value
Found 51 equation(s).
Evaluating expressions...done
Computing static model derivatives:
 - order 1
Computing dynamic model derivatives:
 - order 1
 - order 2
Processing outputs ...
done
Preprocessing completed.
[Warning: Your prior allows for negative standard deviations for
structural shocks. Due to working with variances, Dynare will be
able to continue, but it is recommended to change your prior.] 
[> In <a href="matlab:matlab.internal.language.introspective.errorDocCallback('initial_estimation_checks', 'C:\dynare\4.5.7\matlab\initial_estimation_checks.m', 86)" style="font-weight:bold">initial_estimation_checks</a> (<a href="matlab: opentoline('C:\dynare\4.5.7\matlab\initial_estimation_checks.m',86,0)">line 86</a>)
  In <a href="matlab:matlab.internal.language.introspective.errorDocCallback('dynare_estimation_1', 'C:\dynare\4.5.7\matlab\dynare_estimation_1.m', 165)" style="font-weight:bold">dynare_estimation_1</a> (<a href="matlab: opentoline('C:\dynare\4.5.7\matlab\dynare_estimation_1.m',165,0)">line 165</a>)
  In <a href="matlab:matlab.internal.language.introspective.errorDocCallback('dynare_estimation', 'C:\dynare\4.5.7\matlab\dynare_estimation.m', 105)" style="font-weight:bold">dynare_estimation</a> (<a href="matlab: opentoline('C:\dynare\4.5.7\matlab\dynare_estimation.m',105,0)">line 105</a>)
  In <a href="matlab:matlab.internal.language.introspective.errorDocCallback('GSW12_cql', 'C:\Users\dev\Documents\GitHub\MMB_forecast_application\estimations\GSW12_cql_20081110_s3\GSW12_cql.m', 615)" style="font-weight:bold">GSW12_cql</a> (<a href="matlab: opentoline('C:\Users\dev\Documents\GitHub\MMB_forecast_application\estimations\GSW12_cql_20081110_s3\GSW12_cql.m',615,0)">line 615</a>)
  In <a href="matlab:matlab.internal.language.introspective.errorDocCallback('dynare', 'C:\dynare\4.5.7\matlab\dynare.m', 235)" style="font-weight:bold">dynare</a> (<a href="matlab: opentoline('C:\dynare\4.5.7\matlab\dynare.m',235,0)">line 235</a>)
  In <a href="matlab:matlab.internal.language.introspective.errorDocCallback('Copy_2_of_gen_forecast', 'C:\Users\dev\Documents\GitHub\MMB_forecast_application\Copy_2_of_gen_forecast.m', 222)" style="font-weight:bold">Copy_2_of_gen_forecast</a> (<a href="matlab: opentoline('C:\Users\dev\Documents\GitHub\MMB_forecast_application\Copy_2_of_gen_forecast.m',222,0)">line 222</a>)] 
Initial value of the log posterior (or likelihood): -3084.0167
-----------------
f at the beginning of new iteration,      3084.0166969306
Predicted improvement:   288854.862813603
lambda =          1; f =         3084.7167805
lambda =    0.33333; f =         1923.2057295
lambda =    0.11111; f =         1418.7628092
lambda =   0.037037; f =         1019.6567508
lambda =   0.012346; f =         1200.6155660
lambda =  0.0041152; f =         1799.0593606
Norm of dx     7.6007
----
Improvement on iteration 1 =     2064.359946113
-----------------
f at the beginning of new iteration,      1019.6567508174
Predicted improvement:     1749.105104709
lambda =          1; f =         1019.6938100
lambda =    0.33333; f =         1019.6582425
lambda =    0.11111; f =         1019.6568366
lambda =   0.037037; f =          927.2129873
lambda =   0.071599; f =         1019.6567672
lambda =   0.048211; f =         1019.6567517
lambda =   0.038027; f =          925.7828706
lambda =   0.043845; f =         1019.6567510
lambda =   0.040255; f =          923.3721181
Norm of dx    0.59321
----
Improvement on iteration 2 =       96.284632695
warning: possible inaccuracy in H matrix
-----------------
f at the beginning of new iteration,       923.3721181228
Predicted improvement:     5382.078253668
lambda =          1; f =          923.3867883
lambda =    0.33333; f =          923.4237346
lambda =    0.11111; f =          923.3721210
lambda =   0.037037; f =          858.9845136
lambda =   0.012346; f =          873.4959837
Norm of dx     2.1028
----
Improvement on iteration 3 =       64.387604525
-----------------
f at the beginning of new iteration,       858.9845135975
Predicted improvement:      108.689267451
lambda =          1; f =          858.9845498
lambda =    0.33333; f =          806.2810734
lambda =    0.64439; f =          803.4453454
Norm of dx    0.15155
----
Improvement on iteration 4 =       55.539168180
-----------------
f at the beginning of new iteration,       803.4453454176
Predicted improvement:      144.059367851
lambda =          1; f =          723.7713388
lambda =    0.33333; f =          735.2900859
lambda =    0.64439; f =          713.1661188
Norm of dx    0.22804
----
Improvement on iteration 5 =       90.279226644
-----------------
f at the beginning of new iteration,       713.1661187737
Predicted improvement:       17.776577296
lambda =          1; f =          747.5317506
lambda =    0.33333; f =          704.4481343
lambda =    0.64439; f =          706.6928634
lambda =     0.4339; f =          703.5893634
Norm of dx   0.073038
----
Improvement on iteration 6 =        9.576755409
-----------------
f at the beginning of new iteration,       703.5893633651
Predicted improvement:       10.832594061
lambda =          1; f =          687.7887876
lambda =     1.9332; f =          690.3533720
Norm of dx   0.068356
----
Improvement on iteration 7 =       15.800575763
-----------------
f at the beginning of new iteration,       687.7887876018
Predicted improvement:       26.548624688
lambda =          1; f =          687.7888039
lambda =    0.33333; f =          673.1137502
lambda =    0.64439; f =          665.2262488
Norm of dx    0.17959
----
Improvement on iteration 8 =       22.562538818
-----------------
f at the beginning of new iteration,       665.2262487842
Predicted improvement:       17.551229510
lambda =          1; f =          665.2262822
lambda =    0.33333; f =          655.8715522
lambda =    0.64439; f =          653.2714874
Norm of dx    0.15722
----
Improvement on iteration 9 =       11.954761398
-----------------
f at the beginning of new iteration,       653.2714873857
Predicted improvement:      120.401310037
lambda =          1; f =          653.2773703
lambda =    0.33333; f =          645.5361164
lambda =    0.11111; f =          639.0020869
Norm of dx    0.88249
----
Improvement on iteration 10 =       14.269400476
-----------------
f at the beginning of new iteration,       639.0020869096
Predicted improvement:       16.899501495
lambda =          1; f =          616.7646734
Norm of dx    0.16752
----
Improvement on iteration 11 =       22.237413520
-----------------
f at the beginning of new iteration,       616.7646733897
Predicted improvement:       11.426242867
lambda =          1; f =          599.5576903
lambda =     1.9332; f =          597.0173389
Norm of dx    0.15204
----
Improvement on iteration 12 =       19.747334535
-----------------
f at the beginning of new iteration,       597.0173388547
Predicted improvement:       15.562190376
lambda =          1; f =          580.9595572
Norm of dx    0.10555
----
Improvement on iteration 13 =       16.057781698
-----------------
f at the beginning of new iteration,       580.9595571568
Predicted improvement:        8.547715408
lambda =          1; f =          566.8104813
lambda =     1.9332; f =          560.2117728
Norm of dx   0.055033
----
Improvement on iteration 14 =       20.747784350
-----------------
f at the beginning of new iteration,       560.2117728071
Predicted improvement:       14.385469679
lambda =          1; f =          553.0609066
lambda =    0.33333; f =          553.1702027
lambda =    0.64439; f =          550.8016560
Norm of dx    0.10139
----
Improvement on iteration 15 =        9.410116786
-----------------
f at the beginning of new iteration,       550.8016560211
Predicted improvement:        6.401832120
lambda =          1; f =          542.8585759
Norm of dx    0.11342
----
Improvement on iteration 16 =        7.943080149
-----------------
f at the beginning of new iteration,       542.8585758722
Predicted improvement:        4.835416026
lambda =          1; f =          536.7972553
Norm of dx   0.070678
----
Improvement on iteration 17 =        6.061320560
-----------------
f at the beginning of new iteration,       536.7972553124
Predicted improvement:        3.626598781
lambda =          1; f =          531.1379552
lambda =     1.9332; f =          528.5443763
Norm of dx   0.052266
----
Improvement on iteration 18 =        8.252878985
-----------------
f at the beginning of new iteration,       528.5443763274
Predicted improvement:        3.189591019
lambda =          1; f =          523.1640663
lambda =     1.9332; f =          528.5443786
lambda =     1.3017; f =          522.0158590
lambda =     1.6503; f =          521.1146032
lambda =     2.0923; f =          528.5444099
lambda =     1.8146; f =          520.9388688
Norm of dx   0.060244
----
Improvement on iteration 19 =        7.605507483
warning: possible inaccuracy in H matrix
-----------------
f at the beginning of new iteration,       520.9388688446
Predicted improvement:        3.978714525
lambda =          1; f =          516.7762606
Norm of dx   0.047356
----
Improvement on iteration 20 =        4.162608244
-----------------
f at the beginning of new iteration,       516.7762606010
Predicted improvement:        3.912305754
lambda =          1; f =          512.3539706
Norm of dx   0.095507
----
Improvement on iteration 21 =        4.422290012
-----------------
f at the beginning of new iteration,       512.3539705895
Predicted improvement:        1.978703351
lambda =          1; f =          509.2858079
lambda =     1.9332; f =          507.8389103
Norm of dx   0.033423
----
Improvement on iteration 22 =        4.515060262
-----------------
f at the beginning of new iteration,       507.8389103276
Predicted improvement:        3.564722406
lambda =          1; f =          503.7419737
Norm of dx    0.10669
----
Improvement on iteration 23 =        4.096936588
-----------------
f at the beginning of new iteration,       503.7419737399
Predicted improvement:        3.039886775
lambda =          1; f =          499.5066949
Norm of dx   0.065515
----
Improvement on iteration 24 =        4.235278848
-----------------
f at the beginning of new iteration,       499.5066948920
Predicted improvement:        2.873514132
lambda =          1; f =          495.3932920
lambda =     1.9332; f =          494.5795134
Norm of dx    0.07994
----
Improvement on iteration 25 =        4.927181472
-----------------
f at the beginning of new iteration,       494.5795134204
Predicted improvement:        1.765797439
lambda =          1; f =          491.8304181
lambda =     1.9332; f =          490.6104068
Norm of dx   0.021911
----
Improvement on iteration 26 =        3.969106635
-----------------
f at the beginning of new iteration,       490.6104067858
Predicted improvement:        2.588604582
lambda =          1; f =          486.8688923
lambda =     1.9332; f =          486.5008468
Norm of dx    0.10919
----
Improvement on iteration 27 =        4.109560034
-----------------
f at the beginning of new iteration,       486.5008467519
Predicted improvement:        4.189661611
lambda =          1; f =          480.6826219
Norm of dx   0.080328
----
Improvement on iteration 28 =        5.818224838
-----------------
f at the beginning of new iteration,       480.6826219139
Predicted improvement:        4.714367644
lambda =          1; f =          474.4807604
Norm of dx    0.20215
----
Improvement on iteration 29 =        6.201861538
-----------------
f at the beginning of new iteration,       474.4807603756
Predicted improvement:        3.293357288
lambda =          1; f =          468.9038711
lambda =     1.9332; f =          465.5177372
lambda =     3.7372; f =          474.4807618
lambda =     2.5164; f =          464.5723220
Norm of dx    0.16698
----
Improvement on iteration 30 =        9.908438340
-----------------
f at the beginning of new iteration,       464.5723220360
Predicted improvement:       10.220976437
lambda =          1; f =          449.1621199
lambda =     1.9332; f =          464.5723580
lambda =     1.3017; f =          450.5178914
Norm of dx    0.29855
----
Improvement on iteration 31 =       15.410202122
-----------------
f at the beginning of new iteration,       449.1621199136
Predicted improvement:        9.708048206
lambda =          1; f =          437.0570868
Norm of dx    0.10868
----
Improvement on iteration 32 =       12.105033083
-----------------
f at the beginning of new iteration,       437.0570868304
Predicted improvement:       32.146808921
lambda =          1; f =          473.5072697
lambda =    0.33333; f =          436.1314836
lambda =    0.11111; f =          433.2361305
Norm of dx    0.66734
----
Improvement on iteration 33 =        3.820956322
-----------------
f at the beginning of new iteration,       433.2361305086
Predicted improvement:       12.743904973
lambda =          1; f =          416.5150712
Norm of dx     0.1018
----
Improvement on iteration 34 =       16.721059295
-----------------
f at the beginning of new iteration,       416.5150712131
Predicted improvement:        4.419792397
lambda =          1; f =          411.0309744
Norm of dx   0.072017
----
Improvement on iteration 35 =        5.484096810
-----------------
f at the beginning of new iteration,       411.0309744031
Predicted improvement:        2.812354719
lambda =          1; f =          406.7081547
lambda =     1.9332; f =          404.9874032
Norm of dx   0.054987
----
Improvement on iteration 36 =        6.043571172
-----------------
f at the beginning of new iteration,       404.9874032308
Predicted improvement:        1.251744599
lambda =          1; f =          403.2066164
lambda =     1.9332; f =          402.8109324
Norm of dx   0.034777
----
Improvement on iteration 37 =        2.176470854
-----------------
f at the beginning of new iteration,       402.8109323768
Predicted improvement:        0.760689056
lambda =          1; f =          401.5146732
lambda =     1.9332; f =          400.7269729
lambda =     3.7372; f =          400.4745658
Norm of dx   0.018201
----
Improvement on iteration 38 =        2.336366552
-----------------
f at the beginning of new iteration,       400.4745658244
Predicted improvement:        0.930416768
lambda =          1; f =          399.2641385
Norm of dx   0.018445
----
Improvement on iteration 39 =        1.210427333
-----------------
f at the beginning of new iteration,       399.2641384916
Predicted improvement:        0.697400505
lambda =          1; f =          398.4399097
Norm of dx   0.034411
----
Improvement on iteration 40 =        0.824228836
-----------------
f at the beginning of new iteration,       398.4399096557
Predicted improvement:        0.475439266
lambda =          1; f =          397.8392873
Norm of dx   0.030267
----
Improvement on iteration 41 =        0.600622387
-----------------
f at the beginning of new iteration,       397.8392872691
Predicted improvement:        0.387893660
lambda =          1; f =          397.2199947
lambda =     1.9332; f =          396.9383105
Norm of dx   0.026043
----
Improvement on iteration 42 =        0.900976782
-----------------
f at the beginning of new iteration,       396.9383104870
Predicted improvement:        0.408371757
lambda =          1; f =          396.2667879
lambda =     1.9332; f =          395.9179571
Norm of dx     0.0283
----
Improvement on iteration 43 =        1.020353360
-----------------
f at the beginning of new iteration,       395.9179571271
Predicted improvement:        0.467705756
lambda =          1; f =          395.2205051
lambda =     1.9332; f =          395.0133984
Norm of dx   0.030039
----
Improvement on iteration 44 =        0.904558737
-----------------
f at the beginning of new iteration,       395.0133983904
Predicted improvement:        0.332945255
lambda =          1; f =          394.4261711
lambda =     1.9332; f =          394.0168159
lambda =     3.7372; f =          393.5906597
Norm of dx   0.016601
----
Improvement on iteration 45 =        1.422738643
-----------------
f at the beginning of new iteration,       393.5906597478
Predicted improvement:        0.516656246
lambda =          1; f =          392.8051486
lambda =     1.9332; f =          392.5129973
Norm of dx   0.050076
----
Improvement on iteration 46 =        1.077662416
-----------------
f at the beginning of new iteration,       392.5129973322
Predicted improvement:        0.306957402
lambda =          1; f =          392.0880012
Norm of dx   0.016326
----
Improvement on iteration 47 =        0.424996159
-----------------
f at the beginning of new iteration,       392.0880011737
Predicted improvement:        0.335418338
lambda =          1; f =          391.6644675
Norm of dx   0.027794
----
Improvement on iteration 48 =        0.423533656
-----------------
f at the beginning of new iteration,       391.6644675176
Predicted improvement:        0.220956227
lambda =          1; f =          391.3622905
Norm of dx   0.030931
----
Improvement on iteration 49 =        0.302177014
-----------------
f at the beginning of new iteration,       391.3622905038
Predicted improvement:        0.207887955
lambda =          1; f =          391.1021021
Norm of dx   0.020779
----
Improvement on iteration 50 =        0.260188422
-----------------
f at the beginning of new iteration,       391.1021020821
Predicted improvement:        0.090255522
lambda =          1; f =          390.9774755
Norm of dx   0.013794
----
Improvement on iteration 51 =        0.124626597
-----------------
f at the beginning of new iteration,       390.9774754850
Predicted improvement:        0.069649087
lambda =          1; f =          390.8775042
lambda =     1.9332; f =          390.8564727
Norm of dx  0.0093402
----
Improvement on iteration 52 =        0.121002770
-----------------
f at the beginning of new iteration,       390.8564727151
Predicted improvement:        0.045687242
lambda =          1; f =          390.7794222
lambda =     1.9332; f =          390.7331119
Norm of dx  0.0092459
----
Improvement on iteration 53 =        0.123360858
-----------------
f at the beginning of new iteration,       390.7331118570
Predicted improvement:        0.073429620
lambda =          1; f =          390.6308041
Norm of dx   0.014745
----
Improvement on iteration 54 =        0.102307742
-----------------
f at the beginning of new iteration,       390.6308041155
Predicted improvement:        0.056854091
lambda =          1; f =          390.5424242
lambda =     1.9332; f =          390.5057111
Norm of dx    0.01611
----
Improvement on iteration 55 =        0.125092967
-----------------
f at the beginning of new iteration,       390.5057111487
Predicted improvement:        0.058474009
lambda =          1; f =          390.4004114
lambda =     1.9332; f =          390.3232811
lambda =     3.7372; f =          390.2326349
Norm of dx   0.011243
----
Improvement on iteration 56 =        0.273076252
-----------------
f at the beginning of new iteration,       390.2326348969
Predicted improvement:        0.112055953
lambda =          1; f =          390.0650820
lambda =     1.9332; f =          390.0101060
Norm of dx   0.020525
----
Improvement on iteration 57 =        0.222528876
-----------------
f at the beginning of new iteration,       390.0101060208
Predicted improvement:        0.059808308
lambda =          1; f =          389.9124607
lambda =     1.9332; f =          389.8605137
Norm of dx  0.0086685
----
Improvement on iteration 58 =        0.149592340
-----------------
f at the beginning of new iteration,       389.8605136812
Predicted improvement:        0.054303761
lambda =          1; f =          389.7749051
lambda =     1.9332; f =          389.7360014
Norm of dx   0.018318
----
Improvement on iteration 59 =        0.124512269
-----------------
f at the beginning of new iteration,       389.7360014119
Predicted improvement:        0.074002651
lambda =          1; f =          389.5985400
lambda =     1.9332; f =          389.4893020
lambda =     3.7372; f =          389.3304277
lambda =     7.2247; f =          389.2252792
Norm of dx    0.02307
----
Improvement on iteration 60 =        0.510722198
-----------------
f at the beginning of new iteration,       389.2252792142
Predicted improvement:        0.279582735
lambda =          1; f =          388.7746533
lambda =     1.9332; f =          388.5543406
Norm of dx   0.026194
----
Improvement on iteration 61 =        0.670938584
-----------------
f at the beginning of new iteration,       388.5543406307
Predicted improvement:        0.194084295
lambda =          1; f =          388.3303519
Norm of dx   0.052365
----
Improvement on iteration 62 =        0.223988688
-----------------
f at the beginning of new iteration,       388.3303519430
Predicted improvement:        0.098532710
lambda =          1; f =          388.1766934
lambda =     1.9332; f =          388.1113366
Norm of dx   0.014151
----
Improvement on iteration 63 =        0.219015356
-----------------
f at the beginning of new iteration,       388.1113365874
Predicted improvement:        0.180325714
lambda =          1; f =          387.8183492
lambda =     1.9332; f =          387.7068972
Norm of dx   0.047852
----
Improvement on iteration 64 =        0.404439355
-----------------
f at the beginning of new iteration,       387.7068972327
Predicted improvement:        0.351207056
lambda =          1; f =          387.2424685
Norm of dx   0.026747
----
Improvement on iteration 65 =        0.464428749
-----------------
f at the beginning of new iteration,       387.2424684838
Predicted improvement:        0.359855715
lambda =          1; f =          386.7673848
Norm of dx    0.08158
----
Improvement on iteration 66 =        0.475083671
-----------------
f at the beginning of new iteration,       386.7673848129
Predicted improvement:        0.224993126
lambda =          1; f =          386.5646861
Norm of dx   0.030107
----
Improvement on iteration 67 =        0.202698690
-----------------
f at the beginning of new iteration,       386.5646861232
Predicted improvement:        0.158036720
lambda =          1; f =          386.4365968
Norm of dx   0.046121
----
Improvement on iteration 68 =        0.128089297
-----------------
f at the beginning of new iteration,       386.4365968262
Predicted improvement:        0.128078173
lambda =          1; f =          386.2928994
Norm of dx   0.027467
----
Improvement on iteration 69 =        0.143697391
-----------------
f at the beginning of new iteration,       386.2928994353
Predicted improvement:        0.086935980
lambda =          1; f =          386.1818932
Norm of dx   0.018574
----
Improvement on iteration 70 =        0.111006217
-----------------
f at the beginning of new iteration,       386.1818932183
Predicted improvement:        0.054075302
lambda =          1; f =          386.1047659
lambda =     1.9332; f =          386.0891827
Norm of dx    0.01591
----
Improvement on iteration 71 =        0.092710489
-----------------
f at the beginning of new iteration,       386.0891827298
Predicted improvement:        0.029416945
lambda =          1; f =          386.0410959
lambda =     1.9332; f =          386.0153944
Norm of dx  0.0040799
----
Improvement on iteration 72 =        0.073788356
-----------------
f at the beginning of new iteration,       386.0153943738
Predicted improvement:        0.037681284
lambda =          1; f =          385.9588009
lambda =     1.9332; f =          385.9403124
Norm of dx  0.0099912
----
Improvement on iteration 73 =        0.075082015
-----------------
f at the beginning of new iteration,       385.9403123585
Predicted improvement:        0.022694046
lambda =          1; f =          385.9026436
lambda =     1.9332; f =          385.8816063
Norm of dx  0.0063435
----
Improvement on iteration 74 =        0.058706046
-----------------
f at the beginning of new iteration,       385.8816063125
Predicted improvement:        0.025619713
lambda =          1; f =          385.8428307
lambda =     1.9332; f =          385.8293331
Norm of dx  0.0069997
----
Improvement on iteration 75 =        0.052273262
-----------------
f at the beginning of new iteration,       385.8293330500
Predicted improvement:        0.023532351
lambda =          1; f =          385.7867864
lambda =     1.9332; f =          385.7552534
lambda =     3.7372; f =          385.7164629
Norm of dx  0.0081564
----
Improvement on iteration 76 =        0.112870156
-----------------
f at the beginning of new iteration,       385.7164628937
Predicted improvement:        0.038878807
lambda =          1; f =          385.6628052
Norm of dx    0.01646
----
Improvement on iteration 77 =        0.053657692
-----------------
f at the beginning of new iteration,       385.6628052014
Predicted improvement:        0.027234376
lambda =          1; f =          385.6240161
lambda =     1.9332; f =          385.6160337
Norm of dx   0.015326
----
Improvement on iteration 78 =        0.046771519
-----------------
f at the beginning of new iteration,       385.6160336828
Predicted improvement:        0.014155382
lambda =          1; f =          385.5921426
lambda =     1.9332; f =          385.5778753
Norm of dx  0.0066171
----
Improvement on iteration 79 =        0.038158417
-----------------
f at the beginning of new iteration,       385.5778752659
Predicted improvement:        0.020335214
lambda =          1; f =          385.5489638
lambda =     1.9332; f =          385.5443695
Norm of dx   0.011959
----
Improvement on iteration 80 =        0.033505793
-----------------
f at the beginning of new iteration,       385.5443694733
Predicted improvement:        0.014470154
lambda =          1; f =          385.5194953
lambda =     1.9332; f =          385.5035931
lambda =     3.7372; f =          385.4926043
Norm of dx  0.0078306
----
Improvement on iteration 81 =        0.051765172
-----------------
f at the beginning of new iteration,       385.4926043011
Predicted improvement:        0.025217562
lambda =          1; f =          385.4541654
lambda =     1.9332; f =          385.4384582
Norm of dx  0.0097234
----
Improvement on iteration 82 =        0.054146131
-----------------
f at the beginning of new iteration,       385.4384581700
Predicted improvement:        0.029188734
lambda =          1; f =          385.3949928
lambda =     1.9332; f =          385.3819682
Norm of dx   0.017767
----
Improvement on iteration 83 =        0.056489936
-----------------
f at the beginning of new iteration,       385.3819682340
Predicted improvement:        0.023465721
lambda =          1; f =          385.3461887
lambda =     1.9332; f =          385.3323580
Norm of dx   0.011775
----
Improvement on iteration 84 =        0.049610236
-----------------
f at the beginning of new iteration,       385.3323579979
Predicted improvement:        0.010896587
lambda =          1; f =          385.3128016
lambda =     1.9332; f =          385.2986372
lambda =     3.7372; f =          385.2824805
Norm of dx  0.0073216
----
Improvement on iteration 85 =        0.049877529
-----------------
f at the beginning of new iteration,       385.2824804689
Predicted improvement:        0.031510634
lambda =          1; f =          385.2276936
lambda =     1.9332; f =          385.1914853
lambda =     3.7372; f =          385.1624297
Norm of dx    0.02223
----
Improvement on iteration 86 =        0.120050734
-----------------
f at the beginning of new iteration,       385.1624297350
Predicted improvement:        0.035973105
lambda =          1; f =          385.1109286
lambda =     1.9332; f =          385.0987520
Norm of dx   0.012076
----
Improvement on iteration 87 =        0.063677690
-----------------
f at the beginning of new iteration,       385.0987520452
Predicted improvement:        0.009910845
lambda =          1; f =          385.0834102
lambda =     1.9332; f =          385.0768397
Norm of dx  0.0044659
----
Improvement on iteration 88 =        0.021912331
-----------------
f at the beginning of new iteration,       385.0768397139
Predicted improvement:        0.016260530
lambda =          1; f =          385.0466298
lambda =     1.9332; f =          385.0226472
lambda =     3.7372; f =          384.9878760
lambda =     7.2247; f =          384.9644696
Norm of dx  0.0087593
----
Improvement on iteration 89 =        0.112370073
-----------------
f at the beginning of new iteration,       384.9644696405
Predicted improvement:        0.076855077
lambda =          1; f =          384.8327831
lambda =     1.9332; f =          384.7475194
lambda =     3.7372; f =          384.6781565
Norm of dx    0.03873
----
Improvement on iteration 90 =        0.286313187
-----------------
f at the beginning of new iteration,       384.6781564539
Predicted improvement:        0.047401412
lambda =          1; f =          384.6079449
lambda =     1.9332; f =          384.5866223
Norm of dx   0.023261
----
Improvement on iteration 91 =        0.091534141
-----------------
f at the beginning of new iteration,       384.5866223125
Predicted improvement:        0.045969601
lambda =          1; f =          384.5023864
lambda =     1.9332; f =          384.4376810
lambda =     3.7372; f =          384.3505602
Norm of dx    0.03222
----
Improvement on iteration 92 =        0.236062079
-----------------
f at the beginning of new iteration,       384.3505602339
Predicted improvement:        0.139368921
lambda =          1; f =          384.1655998
Norm of dx    0.11065
----
Improvement on iteration 93 =        0.184960476
-----------------
f at the beginning of new iteration,       384.1655997581
Predicted improvement:        0.054016106
lambda =          1; f =          384.0890709
lambda =     1.9332; f =          384.0734103
Norm of dx   0.055357
----
Improvement on iteration 94 =        0.092189475
-----------------
f at the beginning of new iteration,       384.0734102832
Predicted improvement:        0.032811628
lambda =          1; f =          384.0126553
lambda =     1.9332; f =          383.9648021
lambda =     3.7372; f =          383.8969023
lambda =     7.2247; f =          383.8604515
Norm of dx  0.0072862
----
Improvement on iteration 95 =        0.212958813
-----------------
f at the beginning of new iteration,       383.8604514706
Predicted improvement:        0.108133004
lambda =          1; f =          383.6810208
lambda =     1.9332; f =          383.5800175
Norm of dx   0.075324
----
Improvement on iteration 96 =        0.280434015
-----------------
f at the beginning of new iteration,       383.5800174558
Predicted improvement:        0.110409209
lambda =          1; f =          383.4364319
Norm of dx    0.15062
----
Improvement on iteration 97 =        0.143585590
-----------------
f at the beginning of new iteration,       383.4364318655
Predicted improvement:        0.042525276
lambda =          1; f =          383.3783977
Norm of dx   0.043232
----
Improvement on iteration 98 =        0.058034125
-----------------
f at the beginning of new iteration,       383.3783977404
Predicted improvement:        0.023483052
lambda =          1; f =          383.3452591
lambda =     1.9332; f =          383.3430666
Norm of dx    0.01082
----
Improvement on iteration 99 =        0.035331176
-----------------
f at the beginning of new iteration,       383.3430665645
Predicted improvement:        0.024214694
lambda =          1; f =          383.3031104
lambda =     1.9332; f =          383.2797842
Norm of dx  0.0067887
----
Improvement on iteration 100 =        0.063282340
-----------------
f at the beginning of new iteration,       383.2797842246
Predicted improvement:        0.050045402
lambda =          1; f =          383.2017008
lambda =     1.9332; f =          383.1675824
Norm of dx   0.026169
----
Improvement on iteration 101 =        0.112201779
-----------------
f at the beginning of new iteration,       383.1675824454
Predicted improvement:        0.029638484
lambda =          1; f =          383.1183184
lambda =     1.9332; f =          383.0905262
Norm of dx   0.046042
----
Improvement on iteration 102 =        0.077056235
-----------------
f at the beginning of new iteration,       383.0905262103
Predicted improvement:        0.039467939
lambda =          1; f =          383.0274110
lambda =     1.9332; f =          382.9987432
Norm of dx    0.05499
----
Improvement on iteration 103 =        0.091783000
-----------------
f at the beginning of new iteration,       382.9987432105
Predicted improvement:        0.058451760
lambda =          1; f =          382.8900162
lambda =     1.9332; f =          382.8033159
lambda =     3.7372; f =          382.6760608
lambda =     7.2247; f =          382.5811784
Norm of dx   0.052743
----
Improvement on iteration 104 =        0.417564813
-----------------
f at the beginning of new iteration,       382.5811783970
Predicted improvement:        0.170862570
lambda =          1; f =          382.3344763
lambda =     1.9332; f =          382.2674923
Norm of dx   0.021906
----
Improvement on iteration 105 =        0.313686049
-----------------
f at the beginning of new iteration,       382.2674923480
Predicted improvement:        0.022421367
lambda =          1; f =          382.2398824
Norm of dx   0.048579
----
Improvement on iteration 106 =        0.027609981
-----------------
f at the beginning of new iteration,       382.2398823673
Predicted improvement:        0.010001583
lambda =          1; f =          382.2250719
lambda =     1.9332; f =          382.2211241
Norm of dx   0.035482
----
Improvement on iteration 107 =        0.018758305
-----------------
f at the beginning of new iteration,       382.2211240623
Predicted improvement:        0.008459423
lambda =          1; f =          382.2054171
lambda =     1.9332; f =          382.1929909
lambda =     3.7372; f =          382.1752040
lambda =     7.2247; f =          382.1649724
Norm of dx  0.0059083
----
Improvement on iteration 108 =        0.056151676
-----------------
f at the beginning of new iteration,       382.1649723860
Predicted improvement:        0.037886798
lambda =          1; f =          382.0963568
lambda =     1.9332; f =          382.0449890
lambda =     3.7372; f =          381.9792849
Norm of dx   0.015067
----
Improvement on iteration 109 =        0.185687514
-----------------
f at the beginning of new iteration,       381.9792848720
Predicted improvement:        0.104271911
lambda =          1; f =          381.8330843
lambda =     1.9332; f =          381.8111054
Norm of dx     0.1101
----
Improvement on iteration 110 =        0.168179429
-----------------
f at the beginning of new iteration,       381.8111054426
Predicted improvement:        0.032433884
lambda =          1; f =          381.7647026
lambda =     1.9332; f =          381.7545287
Norm of dx   0.020632
----
Improvement on iteration 111 =        0.056576762
-----------------
f at the beginning of new iteration,       381.7545286808
Predicted improvement:        0.012133761
lambda =          1; f =          381.7341111
lambda =     1.9332; f =          381.7220568
Norm of dx   0.017614
----
Improvement on iteration 112 =        0.032471834
-----------------
f at the beginning of new iteration,       381.7220568469
Predicted improvement:        0.023997643
lambda =          1; f =          381.6818824
lambda =     1.9332; f =          381.6587821
Norm of dx     0.0322
----
Improvement on iteration 113 =        0.063274725
-----------------
f at the beginning of new iteration,       381.6587821222
Predicted improvement:        0.049234739
lambda =          1; f =          381.5791127
lambda =     1.9332; f =          381.5383006
Norm of dx   0.056707
----
Improvement on iteration 114 =        0.120481537
-----------------
f at the beginning of new iteration,       381.5383005849
Predicted improvement:        0.046731866
lambda =          1; f =          381.4744328
Norm of dx   0.040366
----
Improvement on iteration 115 =        0.063867797
-----------------
f at the beginning of new iteration,       381.4744327884
Predicted improvement:        0.015749364
lambda =          1; f =          381.4551071
Norm of dx   0.012235
----
Improvement on iteration 116 =        0.019325704
-----------------
f at the beginning of new iteration,       381.4551070848
Predicted improvement:        0.004365109
lambda =          1; f =          381.4475941
lambda =     1.9332; f =          381.4427957
lambda =     3.7372; f =          381.4395843
Norm of dx   0.005833
----
Improvement on iteration 117 =        0.015522738
-----------------
f at the beginning of new iteration,       381.4395843466
Predicted improvement:        0.010314286
lambda =          1; f =          381.4195017
lambda =     1.9332; f =          381.4017362
lambda =     3.7372; f =          381.3700758
lambda =     7.2247; f =          381.3189993
lambda =     13.967; f =          381.2590137
Norm of dx  0.0053473
----
Improvement on iteration 118 =        0.180570668
-----------------
f at the beginning of new iteration,       381.2590136787
Predicted improvement:        0.049809846
lambda =          1; f =          381.1968322
Norm of dx   0.068375
----
Improvement on iteration 119 =        0.062181519
-----------------
f at the beginning of new iteration,       381.1968321601
Predicted improvement:        0.011427562
lambda =          1; f =          381.1830744
Norm of dx   0.063009
----
Improvement on iteration 120 =        0.013757750
-----------------
f at the beginning of new iteration,       381.1830744101
Predicted improvement:        0.002245338
lambda =          1; f =          381.1796787
lambda =     1.9332; f =          381.1784898
Norm of dx   0.022732
----
Improvement on iteration 121 =        0.004584599
-----------------
f at the beginning of new iteration,       381.1784898109
Predicted improvement:        0.002241087
lambda =          1; f =          381.1741699
lambda =     1.9332; f =          381.1704370
lambda =     3.7372; f =          381.1640354
lambda =     7.2247; f =          381.1546932
lambda =     13.967; f =          381.1478908
Norm of dx  0.0052762
----
Improvement on iteration 122 =        0.030598968
-----------------
f at the beginning of new iteration,       381.1478908426
Predicted improvement:        0.025978586
lambda =          1; f =          381.0993429
lambda =     1.9332; f =          381.0601351
lambda =     3.7372; f =          381.0008985
lambda =     7.2247; f =          380.9476506
Norm of dx   0.012758
----
Improvement on iteration 123 =        0.200240208
-----------------
f at the beginning of new iteration,       380.9476506346
Predicted improvement:        0.067869964
lambda =          1; f =          380.8507141
lambda =     1.9332; f =          380.8281387
Norm of dx   0.085561
----
Improvement on iteration 124 =        0.119511955
-----------------
f at the beginning of new iteration,       380.8281386797
Predicted improvement:        0.007890660
lambda =          1; f =          380.8185249
Norm of dx   0.025127
----
Improvement on iteration 125 =        0.009613767
-----------------
f at the beginning of new iteration,       380.8185249129
Predicted improvement:        0.002315940
lambda =          1; f =          380.8147013
lambda =     1.9332; f =          380.8125730
Norm of dx  0.0074074
----
Improvement on iteration 126 =        0.005951951
-----------------
f at the beginning of new iteration,       380.8125729621
Predicted improvement:        0.004576546
lambda =          1; f =          380.8043666
lambda =     1.9332; f =          380.7983866
lambda =     3.7372; f =          380.7913456
Norm of dx  0.0086229
----
Improvement on iteration 127 =        0.021227330
-----------------
f at the beginning of new iteration,       380.7913456317
Predicted improvement:        0.016804300
lambda =          1; f =          380.7602664
lambda =     1.9332; f =          380.7358165
lambda =     3.7372; f =          380.7010573
lambda =     7.2247; f =          380.6811575
Norm of dx   0.022283
----
Improvement on iteration 128 =        0.110188083
-----------------
f at the beginning of new iteration,       380.6811575491
Predicted improvement:        0.058507744
lambda =          1; f =          380.5817208
lambda =     1.9332; f =          380.5235719
Norm of dx   0.015272
----
Improvement on iteration 129 =        0.157585676
-----------------
f at the beginning of new iteration,       380.5235718728
Predicted improvement:        0.047005177
lambda =          1; f =          380.4823971
Norm of dx   0.078438
----
Improvement on iteration 130 =        0.041174819
-----------------
f at the beginning of new iteration,       380.4823970537
Predicted improvement:        0.008337016
lambda =          1; f =          380.4734313
Norm of dx   0.023356
----
Improvement on iteration 131 =        0.008965757
-----------------
f at the beginning of new iteration,       380.4734312971
Predicted improvement:        0.001220321
lambda =          1; f =          380.4716624
lambda =     1.9332; f =          380.4712579
Norm of dx  0.0045412
----
Improvement on iteration 132 =        0.002173410
-----------------
f at the beginning of new iteration,       380.4712578868
Predicted improvement:        0.000864388
lambda =          1; f =          380.4695940
lambda =     1.9332; f =          380.4681590
lambda =     3.7372; f =          380.4657082
lambda =     7.2247; f =          380.4621840
lambda =     13.967; f =          380.4599539
Norm of dx  0.0017523
----
Improvement on iteration 133 =        0.011303986
-----------------
f at the beginning of new iteration,       380.4599539010
Predicted improvement:        0.009605782
lambda =          1; f =          380.4427164
lambda =     1.9332; f =          380.4301148
lambda =     3.7372; f =          380.4150401
Norm of dx  0.0088467
----
Improvement on iteration 134 =        0.044913759
-----------------
f at the beginning of new iteration,       380.4150401419
Predicted improvement:        0.015402847
lambda =          1; f =          380.3955629
Norm of dx   0.040186
----
Improvement on iteration 135 =        0.019477289
-----------------
f at the beginning of new iteration,       380.3955628531
Predicted improvement:        0.003538332
lambda =          1; f =          380.3912940
Norm of dx   0.019074
----
Improvement on iteration 136 =        0.004268857
-----------------
f at the beginning of new iteration,       380.3912939966
Predicted improvement:        0.000693865
lambda =          1; f =          380.3902154
lambda =     1.9332; f =          380.3897798
Norm of dx  0.0028824
----
Improvement on iteration 137 =        0.001514214
-----------------
f at the beginning of new iteration,       380.3897797828
Predicted improvement:        0.000833823
lambda =          1; f =          380.3881670
lambda =     1.9332; f =          380.3867644
lambda =     3.7372; f =          380.3843340
lambda =     7.2247; f =          380.3806889
lambda =     13.967; f =          380.3776029
Norm of dx  0.0022525
----
Improvement on iteration 138 =        0.012176845
-----------------
f at the beginning of new iteration,       380.3776029378
Predicted improvement:        0.010372881
lambda =          1; f =          380.3580084
lambda =     1.9332; f =          380.3418155
lambda =     3.7372; f =          380.3162733
lambda =     7.2247; f =          380.2886736
Norm of dx   0.011027
----
Improvement on iteration 139 =        0.088929350
-----------------
f at the beginning of new iteration,       380.2886735874
Predicted improvement:        0.029606674
lambda =          1; f =          380.2495262
Norm of dx    0.11403
----
Improvement on iteration 140 =        0.039147381
-----------------
f at the beginning of new iteration,       380.2495262065
Predicted improvement:        0.008298053
lambda =          1; f =          380.2402628
Norm of dx   0.072592
----
Improvement on iteration 141 =        0.009263453
-----------------
f at the beginning of new iteration,       380.2402627534
Predicted improvement:        0.000736575
lambda =          1; f =          380.2390821
lambda =     1.9332; f =          380.2384862
Norm of dx  0.0095871
----
Improvement on iteration 142 =        0.001776562
-----------------
f at the beginning of new iteration,       380.2384861911
Predicted improvement:        0.001156331
lambda =          1; f =          380.2363589
lambda =     1.9332; f =          380.2346944
lambda =     3.7372; f =          380.2323442
lambda =     7.2247; f =          380.2309860
Norm of dx  0.0058977
----
Improvement on iteration 143 =        0.007500237
-----------------
f at the beginning of new iteration,       380.2309859538
Predicted improvement:        0.005910421
lambda =          1; f =          380.2197608
lambda =     1.9332; f =          380.2103738
lambda =     3.7372; f =          380.1952124
lambda =     7.2247; f =          380.1771050
Norm of dx  0.0072902
----
Improvement on iteration 144 =        0.053880953
-----------------
f at the beginning of new iteration,       380.1771050006
Predicted improvement:        0.019945244
lambda =          1; f =          380.1553391
Norm of dx   0.052021
----
Improvement on iteration 145 =        0.021765920
-----------------
f at the beginning of new iteration,       380.1553390803
Predicted improvement:        0.001061411
lambda =          1; f =          380.1542957
Norm of dx   0.020473
----
Improvement on iteration 146 =        0.001043374
-----------------
f at the beginning of new iteration,       380.1542957066
Predicted improvement:        0.000025079
lambda =          1; f =          380.1542676
Norm of dx  0.0014214
----
Improvement on iteration 147 =        0.000028128
-----------------
f at the beginning of new iteration,       380.1542675785
Predicted improvement:        0.000002108
lambda =          1; f =          380.1542642
lambda =     1.9332; f =          380.1542626
Norm of dx 9.6173e-05
----
Improvement on iteration 148 =        0.000005017
-----------------
f at the beginning of new iteration,       380.1542625611
Predicted improvement:        0.000003416
lambda =          1; f =          380.1542561
lambda =     1.9332; f =          380.1542508
lambda =     3.7372; f =          380.1542425
lambda =     7.2247; f =          380.1542336
Norm of dx 9.0431e-05
----
Improvement on iteration 149 =        0.000028927
-----------------
f at the beginning of new iteration,       380.1542336338
Predicted improvement:        0.000023005
lambda =          1; f =          380.1541938
lambda =     1.9332; f =          380.1541677
lambda =     3.7372; f =          380.1541477
Norm of dx 0.00048953
----
Improvement on iteration 150 =        0.000085904
-----------------
f at the beginning of new iteration,       380.1541477302
Predicted improvement:        0.000011067
lambda =          1; f =          380.1541353
Norm of dx  0.0003891
----
Improvement on iteration 151 =        0.000012387
-----------------
f at the beginning of new iteration,       380.1541353436
Predicted improvement:        0.000000344
lambda =          1; f =          380.1541350
Norm of dx 7.1229e-05
----
Improvement on iteration 152 =        0.000000334
-----------------
f at the beginning of new iteration,       380.1541350100
Predicted improvement:        0.000000003
lambda =          1; f =          380.1541350
lambda =     1.9332; f =          380.1541350
Norm of dx 9.0522e-06
----
Improvement on iteration 153 =        0.000000006
improvement < crit termination

Final value of minus the log posterior (or likelihood):380.154135 

RESULTS FROM POSTERIOR ESTIMATION
parameters
         prior mean     mode    s.d. prior pstdev

csadjcost    4.000   7.9003  1.1253 norm  1.5000 
chabb        0.700   0.8027  0.0426 beta  0.1000 
csigl        2.000   4.0909  0.4364 norm  0.7500 
cprobw       0.500   0.4605  0.0413 beta  0.0500 
cprobp       0.500   0.8225  0.0246 beta  0.1000 
cindw        0.500   0.2943  0.1239 beta  0.1500 
cindp        0.500   0.2903  0.1452 beta  0.1500 
czcap        0.500   0.7665  0.1036 beta  0.1500 
cfc          1.250   1.3940  0.0978 norm  0.1250 
clandaw      1.250   1.2541  0.0304 norm  0.1250 
cupsilon     0.200   0.0806  0.0279 beta  0.0500 
crpi         1.500   1.0712  0.0524 norm  0.2500 
crr          0.750   0.8487  0.0261 beta  0.1000 
cry          0.125   0.2348  0.0433 norm  0.0500 
crdy         0.125   0.0181  0.0133 norm  0.0500 
constepinf   0.625   0.2693  0.0426 gamm  0.1000 
cprobe       0.500   0.4897  0.0587 beta  0.1500 
constebeta   0.250   0.0405  0.0176 gamm  0.1000 
cebar        0.200   0.3252  0.0203 norm  0.0500 
ctrend       0.300   0.0994  0.0354 norm  0.0500 
calfa        0.300   0.1441  0.0229 norm  0.0500 
crhog        0.500   0.9184  0.0486 beta  0.2000 
cgy          0.500   0.2276  0.0742 beta  0.2000 
crhob        0.500   0.6500  0.1155 beta  0.2000 
crhoqs       0.500   0.6590  0.0780 beta  0.2000 
crhoa        0.500   0.9951  0.0021 beta  0.2000 
crhopinf     0.500   0.2243  0.1709 beta  0.2000 
crhow        0.500   0.3064  0.0963 beta  0.2000 
crhoms       0.500   0.7641  0.0539 beta  0.2000 
crhos        0.500   0.9893  0.0093 beta  0.2000 

standard deviation of shocks
         prior mean     mode    s.d. prior pstdev

ea           2.500   0.6339  0.0962 unif  1.4434 
eb           2.500   0.1360  0.0316 unif  1.4434 
eg           2.500   0.3736  0.0279 unif  1.4434 
eqs          2.500   0.3802  0.0627 unif  1.4434 
em           2.500   0.1067  0.0096 unif  1.4434 
epinf        2.500   0.1309  0.0191 unif  1.4434 
ew           2.500   0.2387  0.0302 unif  1.4434 
es           2.500   1.1066  0.1348 unif  1.4434 


Log data density [Laplace approximation] is -471.712694.

Estimation::mcmc: One Chain mode.
Estimation::mcmc: Initialization at the posterior mode.

Estimation::mcmc: Write details about the MCMC... Ok!
Estimation::mcmc: Details about the MCMC are available in GSW12_cql/metropolis\GSW12_cql_mh_history_0.mat

[Warning: Matrix is close to singular or badly scaled. Results may
be inaccurate. RCOND =  8.371121e-17.] 
[> In <a href="matlab:matlab.internal.language.introspective.errorDocCallback('dyn_first_order_solver', 'C:\dynare\4.5.7\matlab\dyn_first_order_solver.m', 315)" style="font-weight:bold">dyn_first_order_solver</a> (<a href="matlab: opentoline('C:\dynare\4.5.7\matlab\dyn_first_order_solver.m',315,0)">line 315</a>)
  In <a href="matlab:matlab.internal.language.introspective.errorDocCallback('stochastic_solvers', 'C:\dynare\4.5.7\matlab\stochastic_solvers.m', 267)" style="font-weight:bold">stochastic_solvers</a> (<a href="matlab: opentoline('C:\dynare\4.5.7\matlab\stochastic_solvers.m',267,0)">line 267</a>)
  In <a href="matlab:matlab.internal.language.introspective.errorDocCallback('resol', 'C:\dynare\4.5.7\matlab\resol.m', 144)" style="font-weight:bold">resol</a> (<a href="matlab: opentoline('C:\dynare\4.5.7\matlab\resol.m',144,0)">line 144</a>)
  In <a href="matlab:matlab.internal.language.introspective.errorDocCallback('dynare_resolve', 'C:\dynare\4.5.7\matlab\dynare_resolve.m', 69)" style="font-weight:bold">dynare_resolve</a> (<a href="matlab: opentoline('C:\dynare\4.5.7\matlab\dynare_resolve.m',69,0)">line 69</a>)
  In <a href="matlab:matlab.internal.language.introspective.errorDocCallback('dsge_likelihood', 'C:\dynare\4.5.7\matlab\dsge_likelihood.m', 252)" style="font-weight:bold">dsge_likelihood</a> (<a href="matlab: opentoline('C:\dynare\4.5.7\matlab\dsge_likelihood.m',252,0)">line 252</a>)
  In <a href="matlab:matlab.internal.language.introspective.errorDocCallback('posterior_sampler_iteration', 'C:\dynare\4.5.7\matlab\posterior_sampler_iteration.m', 64)" style="font-weight:bold">posterior_sampler_iteration</a> (<a href="matlab: opentoline('C:\dynare\4.5.7\matlab\posterior_sampler_iteration.m',64,0)">line 64</a>)
  In <a href="matlab:matlab.internal.language.introspective.errorDocCallback('posterior_sampler_core', 'C:\dynare\4.5.7\matlab\posterior_sampler_core.m', 170)" style="font-weight:bold">posterior_sampler_core</a> (<a href="matlab: opentoline('C:\dynare\4.5.7\matlab\posterior_sampler_core.m',170,0)">line 170</a>)
  In <a href="matlab:matlab.internal.language.introspective.errorDocCallback('posterior_sampler', 'C:\dynare\4.5.7\matlab\posterior_sampler.m', 121)" style="font-weight:bold">posterior_sampler</a> (<a href="matlab: opentoline('C:\dynare\4.5.7\matlab\posterior_sampler.m',121,0)">line 121</a>)
  In <a href="matlab:matlab.internal.language.introspective.errorDocCallback('dynare_estimation_1', 'C:\dynare\4.5.7\matlab\dynare_estimation_1.m', 448)" style="font-weight:bold">dynare_estimation_1</a> (<a href="matlab: opentoline('C:\dynare\4.5.7\matlab\dynare_estimation_1.m',448,0)">line 448</a>)
  In <a href="matlab:matlab.internal.language.introspective.errorDocCallback('dynare_estimation', 'C:\dynare\4.5.7\matlab\dynare_estimation.m', 105)" style="font-weight:bold">dynare_estimation</a> (<a href="matlab: opentoline('C:\dynare\4.5.7\matlab\dynare_estimation.m',105,0)">line 105</a>)
  In <a href="matlab:matlab.internal.language.introspective.errorDocCallback('GSW12_cql', 'C:\Users\dev\Documents\GitHub\MMB_forecast_application\estimations\GSW12_cql_20081110_s3\GSW12_cql.m', 615)" style="font-weight:bold">GSW12_cql</a> (<a href="matlab: opentoline('C:\Users\dev\Documents\GitHub\MMB_forecast_application\estimations\GSW12_cql_20081110_s3\GSW12_cql.m',615,0)">line 615</a>)
  In <a href="matlab:matlab.internal.language.introspective.errorDocCallback('dynare', 'C:\dynare\4.5.7\matlab\dynare.m', 235)" style="font-weight:bold">dynare</a> (<a href="matlab: opentoline('C:\dynare\4.5.7\matlab\dynare.m',235,0)">line 235</a>)
  In <a href="matlab:matlab.internal.language.introspective.errorDocCallback('Copy_2_of_gen_forecast', 'C:\Users\dev\Documents\GitHub\MMB_forecast_application\Copy_2_of_gen_forecast.m', 222)" style="font-weight:bold">Copy_2_of_gen_forecast</a> (<a href="matlab: opentoline('C:\Users\dev\Documents\GitHub\MMB_forecast_application\Copy_2_of_gen_forecast.m',222,0)">line 222</a>)
] 
[Warning: Matrix is close to singular or badly scaled. Results may
be inaccurate. RCOND =  1.851943e-18.] 
[> In <a href="matlab:matlab.internal.language.introspective.errorDocCallback('dyn_first_order_solver', 'C:\dynare\4.5.7\matlab\dyn_first_order_solver.m', 315)" style="font-weight:bold">dyn_first_order_solver</a> (<a href="matlab: opentoline('C:\dynare\4.5.7\matlab\dyn_first_order_solver.m',315,0)">line 315</a>)
  In <a href="matlab:matlab.internal.language.introspective.errorDocCallback('stochastic_solvers', 'C:\dynare\4.5.7\matlab\stochastic_solvers.m', 267)" style="font-weight:bold">stochastic_solvers</a> (<a href="matlab: opentoline('C:\dynare\4.5.7\matlab\stochastic_solvers.m',267,0)">line 267</a>)
  In <a href="matlab:matlab.internal.language.introspective.errorDocCallback('resol', 'C:\dynare\4.5.7\matlab\resol.m', 144)" style="font-weight:bold">resol</a> (<a href="matlab: opentoline('C:\dynare\4.5.7\matlab\resol.m',144,0)">line 144</a>)
  In <a href="matlab:matlab.internal.language.introspective.errorDocCallback('dynare_resolve', 'C:\dynare\4.5.7\matlab\dynare_resolve.m', 69)" style="font-weight:bold">dynare_resolve</a> (<a href="matlab: opentoline('C:\dynare\4.5.7\matlab\dynare_resolve.m',69,0)">line 69</a>)
  In <a href="matlab:matlab.internal.language.introspective.errorDocCallback('dsge_likelihood', 'C:\dynare\4.5.7\matlab\dsge_likelihood.m', 252)" style="font-weight:bold">dsge_likelihood</a> (<a href="matlab: opentoline('C:\dynare\4.5.7\matlab\dsge_likelihood.m',252,0)">line 252</a>)
  In <a href="matlab:matlab.internal.language.introspective.errorDocCallback('posterior_sampler_iteration', 'C:\dynare\4.5.7\matlab\posterior_sampler_iteration.m', 64)" style="font-weight:bold">posterior_sampler_iteration</a> (<a href="matlab: opentoline('C:\dynare\4.5.7\matlab\posterior_sampler_iteration.m',64,0)">line 64</a>)
  In <a href="matlab:matlab.internal.language.introspective.errorDocCallback('posterior_sampler_core', 'C:\dynare\4.5.7\matlab\posterior_sampler_core.m', 170)" style="font-weight:bold">posterior_sampler_core</a> (<a href="matlab: opentoline('C:\dynare\4.5.7\matlab\posterior_sampler_core.m',170,0)">line 170</a>)
  In <a href="matlab:matlab.internal.language.introspective.errorDocCallback('posterior_sampler', 'C:\dynare\4.5.7\matlab\posterior_sampler.m', 121)" style="font-weight:bold">posterior_sampler</a> (<a href="matlab: opentoline('C:\dynare\4.5.7\matlab\posterior_sampler.m',121,0)">line 121</a>)
  In <a href="matlab:matlab.internal.language.introspective.errorDocCallback('dynare_estimation_1', 'C:\dynare\4.5.7\matlab\dynare_estimation_1.m', 448)" style="font-weight:bold">dynare_estimation_1</a> (<a href="matlab: opentoline('C:\dynare\4.5.7\matlab\dynare_estimation_1.m',448,0)">line 448</a>)
  In <a href="matlab:matlab.internal.language.introspective.errorDocCallback('dynare_estimation', 'C:\dynare\4.5.7\matlab\dynare_estimation.m', 105)" style="font-weight:bold">dynare_estimation</a> (<a href="matlab: opentoline('C:\dynare\4.5.7\matlab\dynare_estimation.m',105,0)">line 105</a>)
  In <a href="matlab:matlab.internal.language.introspective.errorDocCallback('GSW12_cql', 'C:\Users\dev\Documents\GitHub\MMB_forecast_application\estimations\GSW12_cql_20081110_s3\GSW12_cql.m', 615)" style="font-weight:bold">GSW12_cql</a> (<a href="matlab: opentoline('C:\Users\dev\Documents\GitHub\MMB_forecast_application\estimations\GSW12_cql_20081110_s3\GSW12_cql.m',615,0)">line 615</a>)
  In <a href="matlab:matlab.internal.language.introspective.errorDocCallback('dynare', 'C:\dynare\4.5.7\matlab\dynare.m', 235)" style="font-weight:bold">dynare</a> (<a href="matlab: opentoline('C:\dynare\4.5.7\matlab\dynare.m',235,0)">line 235</a>)
  In <a href="matlab:matlab.internal.language.introspective.errorDocCallback('Copy_2_of_gen_forecast', 'C:\Users\dev\Documents\GitHub\MMB_forecast_application\Copy_2_of_gen_forecast.m', 222)" style="font-weight:bold">Copy_2_of_gen_forecast</a> (<a href="matlab: opentoline('C:\Users\dev\Documents\GitHub\MMB_forecast_application\Copy_2_of_gen_forecast.m',222,0)">line 222</a>)
] 
[Warning: Matrix is close to singular or badly scaled. Results may
be inaccurate. RCOND =  5.418202e-19.] 
[> In <a href="matlab:matlab.internal.language.introspective.errorDocCallback('dyn_first_order_solver', 'C:\dynare\4.5.7\matlab\dyn_first_order_solver.m', 315)" style="font-weight:bold">dyn_first_order_solver</a> (<a href="matlab: opentoline('C:\dynare\4.5.7\matlab\dyn_first_order_solver.m',315,0)">line 315</a>)
  In <a href="matlab:matlab.internal.language.introspective.errorDocCallback('stochastic_solvers', 'C:\dynare\4.5.7\matlab\stochastic_solvers.m', 267)" style="font-weight:bold">stochastic_solvers</a> (<a href="matlab: opentoline('C:\dynare\4.5.7\matlab\stochastic_solvers.m',267,0)">line 267</a>)
  In <a href="matlab:matlab.internal.language.introspective.errorDocCallback('resol', 'C:\dynare\4.5.7\matlab\resol.m', 144)" style="font-weight:bold">resol</a> (<a href="matlab: opentoline('C:\dynare\4.5.7\matlab\resol.m',144,0)">line 144</a>)
  In <a href="matlab:matlab.internal.language.introspective.errorDocCallback('dynare_resolve', 'C:\dynare\4.5.7\matlab\dynare_resolve.m', 69)" style="font-weight:bold">dynare_resolve</a> (<a href="matlab: opentoline('C:\dynare\4.5.7\matlab\dynare_resolve.m',69,0)">line 69</a>)
  In <a href="matlab:matlab.internal.language.introspective.errorDocCallback('dsge_likelihood', 'C:\dynare\4.5.7\matlab\dsge_likelihood.m', 252)" style="font-weight:bold">dsge_likelihood</a> (<a href="matlab: opentoline('C:\dynare\4.5.7\matlab\dsge_likelihood.m',252,0)">line 252</a>)
  In <a href="matlab:matlab.internal.language.introspective.errorDocCallback('posterior_sampler_iteration', 'C:\dynare\4.5.7\matlab\posterior_sampler_iteration.m', 64)" style="font-weight:bold">posterior_sampler_iteration</a> (<a href="matlab: opentoline('C:\dynare\4.5.7\matlab\posterior_sampler_iteration.m',64,0)">line 64</a>)
  In <a href="matlab:matlab.internal.language.introspective.errorDocCallback('posterior_sampler_core', 'C:\dynare\4.5.7\matlab\posterior_sampler_core.m', 170)" style="font-weight:bold">posterior_sampler_core</a> (<a href="matlab: opentoline('C:\dynare\4.5.7\matlab\posterior_sampler_core.m',170,0)">line 170</a>)
  In <a href="matlab:matlab.internal.language.introspective.errorDocCallback('posterior_sampler', 'C:\dynare\4.5.7\matlab\posterior_sampler.m', 121)" style="font-weight:bold">posterior_sampler</a> (<a href="matlab: opentoline('C:\dynare\4.5.7\matlab\posterior_sampler.m',121,0)">line 121</a>)
  In <a href="matlab:matlab.internal.language.introspective.errorDocCallback('dynare_estimation_1', 'C:\dynare\4.5.7\matlab\dynare_estimation_1.m', 448)" style="font-weight:bold">dynare_estimation_1</a> (<a href="matlab: opentoline('C:\dynare\4.5.7\matlab\dynare_estimation_1.m',448,0)">line 448</a>)
  In <a href="matlab:matlab.internal.language.introspective.errorDocCallback('dynare_estimation', 'C:\dynare\4.5.7\matlab\dynare_estimation.m', 105)" style="font-weight:bold">dynare_estimation</a> (<a href="matlab: opentoline('C:\dynare\4.5.7\matlab\dynare_estimation.m',105,0)">line 105</a>)
  In <a href="matlab:matlab.internal.language.introspective.errorDocCallback('GSW12_cql', 'C:\Users\dev\Documents\GitHub\MMB_forecast_application\estimations\GSW12_cql_20081110_s3\GSW12_cql.m', 615)" style="font-weight:bold">GSW12_cql</a> (<a href="matlab: opentoline('C:\Users\dev\Documents\GitHub\MMB_forecast_application\estimations\GSW12_cql_20081110_s3\GSW12_cql.m',615,0)">line 615</a>)
  In <a href="matlab:matlab.internal.language.introspective.errorDocCallback('dynare', 'C:\dynare\4.5.7\matlab\dynare.m', 235)" style="font-weight:bold">dynare</a> (<a href="matlab: opentoline('C:\dynare\4.5.7\matlab\dynare.m',235,0)">line 235</a>)
  In <a href="matlab:matlab.internal.language.introspective.errorDocCallback('Copy_2_of_gen_forecast', 'C:\Users\dev\Documents\GitHub\MMB_forecast_application\Copy_2_of_gen_forecast.m', 222)" style="font-weight:bold">Copy_2_of_gen_forecast</a> (<a href="matlab: opentoline('C:\Users\dev\Documents\GitHub\MMB_forecast_application\Copy_2_of_gen_forecast.m',222,0)">line 222</a>)
] 

Estimation::mcmc: Number of mh files: 2 per block.
Estimation::mcmc: Total number of generated files: 2.
Estimation::mcmc: Total number of iterations: 500000.
Estimation::mcmc: Current acceptance ratio per chain: 
                                                       Chain  1: 16.9874%
Estimation::mcmc: Total number of MH draws per chain: 500000.
Estimation::mcmc: Total number of generated MH files: 2.
Estimation::mcmc: I'll use mh-files 1 to 2.
Estimation::mcmc: In MH-file number 1 I'll start at line 150001.
Estimation::mcmc: Finally I keep 350000 draws per chain.



MCMC Inefficiency factors per block
Parameter        Block 1
SE_ea            572.242
SE_eb            669.564
SE_eg            544.968
SE_eqs           486.593
SE_em            525.388
SE_epinf         582.704
SE_ew            507.299
SE_es            554.134
csadjcost        577.878
chabb            665.926
csigl            523.910
cprobw           535.649
cprobp           644.724
cindw            478.527
cindp            519.335
czcap            617.304
cfc              602.014
clandaw          735.463
cupsilon         592.319
crpi             663.050
crr              569.897
cry              656.131
crdy             626.109
constepinf       696.265
cprobe           661.358
constebeta       700.024
cebar            544.168
ctrend           731.690
calfa            519.006
crhog            510.109
cgy              617.839
crhob            675.637
crhoqs           506.212
crhoa            646.235
crhopinf         598.452
crhow            546.443
crhoms           692.492
crhos            469.969


Geweke (1992) Convergence Tests, based on means of draws 150000 to 220000 vs 325000 to 500000.
p-values are for Chi2-test for equality of means.
Parameter          Post. Mean        Post. Std   p-val No Taper   p-val 4% Taper   p-val 8% Taper  p-val 15% Taper
SE_ea                   0.575            0.117            0.000            0.000            0.000            0.000
SE_eb                   0.101            0.053            0.000            0.000            0.000            0.000
SE_eg                   0.386            0.031            0.000            0.735            0.766            0.767
SE_eqs                  0.361            0.064            0.000            0.000            0.000            0.000
SE_em                   0.109            0.011            0.000            0.000            0.000            0.000
SE_epinf                0.123            0.021            0.000            0.009            0.041            0.068
SE_ew                   0.246            0.031            0.000            0.260            0.338            0.382
SE_es                   1.230            0.155            0.000            0.011            0.047            0.090
csadjcost               7.282            1.341            0.000            0.000            0.000            0.000
chabb                   0.745            0.066            0.000            0.000            0.000            0.000
csigl                   4.414            0.453            0.000            0.000            0.004            0.016
cprobw                  0.481            0.043            0.000            0.001            0.004            0.007
cprobp                  0.811            0.035            0.000            0.000            0.000            0.000
cindw                   0.278            0.117            0.000            0.000            0.000            0.000
cindp                   0.262            0.112            0.000            0.000            0.002            0.007
czcap                   0.746            0.120            0.000            0.160            0.301            0.416
cfc                     1.464            0.121            0.000            0.000            0.000            0.000
clandaw                 1.150            0.137            0.000            0.000            0.000            0.000
cupsilon                0.114            0.037            0.000            0.002            0.012            0.034
crpi                    1.134            0.110            0.000            0.003            0.018            0.048
crr                     0.866            0.029            0.000            0.000            0.000            0.000
cry                     0.285            0.072            0.000            0.000            0.000            0.000
crdy                    0.029            0.020            0.000            0.099            0.208            0.306
constepinf              0.348            0.093            0.000            0.000            0.000            0.000
cprobe                  0.418            0.097            0.000            0.000            0.000            0.000
constebeta              0.071            0.038            0.000            0.000            0.000            0.000
cebar                   0.336            0.020            0.000            0.000            0.000            0.000
ctrend                  0.235            0.139            0.000            0.000            0.000            0.000
calfa                   0.151            0.024            0.000            0.151            0.250            0.309
crhog                   0.945            0.049            0.000            0.000            0.000            0.000
cgy                     0.271            0.097            0.000            0.000            0.000            0.002
crhob                   0.795            0.190            0.000            0.000            0.000            0.000
crhoqs                  0.698            0.080            0.000            0.000            0.000            0.000
crhoa                   0.991            0.004            0.000            0.003            0.019            0.057
crhopinf                0.341            0.163            0.000            0.000            0.000            0.000
crhow                   0.260            0.106            0.000            0.000            0.000            0.000
crhoms                  0.680            0.106            0.000            0.000            0.000            0.000
crhos                   0.985            0.009            0.000            0.007            0.021            0.036


Estimation::marginal density: I'm computing the posterior mean and covariance...  Done!
Estimation::marginal density: I'm computing the posterior log marginal density (modified harmonic mean)... Done!


ESTIMATION RESULTS

Log data density is -473.779215.

parameters
             prior mean   post. mean        90% HPD interval    prior       pstdev

csadjcost         4.000       7.0220      4.8952      9.1102   norm        1.5000
chabb             0.700       0.7228      0.6388      0.8395   beta        0.1000
csigl             2.000       4.4618      3.6315      5.1177   norm        0.7500
cprobw            0.500       0.4855      0.4069      0.5469   beta        0.0500
cprobp            0.500       0.8051      0.7430      0.8644   beta        0.1000
cindw             0.500       0.2570      0.0937      0.4360   beta        0.1500
cindp             0.500       0.2547      0.0899      0.4294   beta        0.1500
czcap             0.500       0.7398      0.5393      0.9328   beta        0.1500
cfc               1.250       1.4919      1.3055      1.6937   norm        0.1250
clandaw           1.250       1.0972      0.9958      1.2893   norm        0.1250
cupsilon          0.200       0.1197      0.0615      0.1825   beta        0.0500
crpi              1.500       1.1182      0.9575      1.2772   norm        0.2500
crr               0.750       0.8712      0.8292      0.9200   beta        0.1000
cry               0.125       0.3094      0.1877      0.3959   norm        0.0500
crdy              0.125       0.0306      0.0006      0.0687   norm        0.0500
constepinf        0.625       0.3785      0.2281      0.5244   gamm        0.1000
cprobe            0.500       0.3940      0.2259      0.5431   beta        0.1500
constebeta        0.250       0.0811      0.0212      0.1361   gamm        0.1000
cebar             0.200       0.3401      0.3123      0.3736   norm        0.0500
ctrend            0.300       0.2873      0.0815      0.4229   norm        0.0500
calfa             0.300       0.1528      0.1153      0.1879   norm        0.0500
crhog             0.500       0.9580      0.8949      0.9989   beta        0.2000
cgy               0.500       0.2832      0.1206      0.4588   beta        0.2000
crhob             0.500       0.8618      0.5768      0.9982   beta        0.2000
crhoqs            0.500       0.7094      0.5883      0.8369   beta        0.2000
crhoa             0.500       0.9909      0.9834      0.9971   beta        0.2000
crhopinf          0.500       0.3700      0.1106      0.6412   beta        0.2000
crhow             0.500       0.2370      0.0675      0.3836   beta        0.2000
crhoms            0.500       0.6468      0.4799      0.8254   beta        0.2000
crhos             0.500       0.9856      0.9751      0.9981   beta        0.2000

standard deviation of shocks
             prior mean   post. mean        90% HPD interval    prior       pstdev

ea                2.500       0.5490      0.3750      0.7149   unif        1.4434
eb                2.500       0.0824      0.0373      0.1631   unif        1.4434
eg                2.500       0.3866      0.3361      0.4384   unif        1.4434
eqs               2.500       0.3508      0.2479      0.4374   unif        1.4434
em                2.500       0.1065      0.0907      0.1243   unif        1.4434
epinf             2.500       0.1209      0.0870      0.1545   unif        1.4434
ew                2.500       0.2473      0.1947      0.2968   unif        1.4434
es                2.500       1.2433      0.9622      1.4721   unif        1.4434
Estimation::mcmc: Smoothed variables
Estimation::mcmc: Smoothed variables, done!
Estimation::mcmc: Smoothed shocks
Estimation::mcmc: Smoothed shocks, done!
Estimation::mcmc: Trend_coefficients
Estimation::mcmc: Trend_coefficients, done!
Estimation::mcmc: Smoothed constant
Estimation::mcmc: Smoothed constant, done!
Estimation::mcmc: Smoothed trend
Estimation::mcmc: Smoothed trend, done!
Estimation::mcmc: Updated Variables
Estimation::mcmc: Updated Variables, done!
Estimation::mcmc: Forecasted variables (mean)
Estimation::mcmc: Forecasted variables (mean), done!
Estimation::mcmc: Forecasted variables (point)
Estimation::mcmc: Forecasted variables (point), done!
Total computing time : 1h09m43s
Note: 43 warning(s) encountered in the preprocessor
Note: warning(s) encountered in MATLAB/Octave code
