Starting preprocessing of the model file ...
WARNING: in the 'steady_state_model' block, variable 'ewma' is not assigned a value
WARNING: in the 'steady_state_model' block, variable 'epinfma' is not assigned a value
WARNING: in the 'steady_state_model' block, variable 'zcapf' is not assigned a value
WARNING: in the 'steady_state_model' block, variable 'rkf' is not assigned a value
WARNING: in the 'steady_state_model' block, variable 'kf' is not assigned a value
WARNING: in the 'steady_state_model' block, variable 'pkf' is not assigned a value
WARNING: in the 'steady_state_model' block, variable 'cf' is not assigned a value
WARNING: in the 'steady_state_model' block, variable 'invef' is not assigned a value
WARNING: in the 'steady_state_model' block, variable 'yf' is not assigned a value
WARNING: in the 'steady_state_model' block, variable 'labf' is not assigned a value
WARNING: in the 'steady_state_model' block, variable 'wf' is not assigned a value
WARNING: in the 'steady_state_model' block, variable 'rrf' is not assigned a value
WARNING: in the 'steady_state_model' block, variable 'mc' is not assigned a value
WARNING: in the 'steady_state_model' block, variable 'zcap' is not assigned a value
WARNING: in the 'steady_state_model' block, variable 'rk' is not assigned a value
WARNING: in the 'steady_state_model' block, variable 'k' is not assigned a value
WARNING: in the 'steady_state_model' block, variable 'pk' is not assigned a value
WARNING: in the 'steady_state_model' block, variable 'c' is not assigned a value
WARNING: in the 'steady_state_model' block, variable 'inve' is not assigned a value
WARNING: in the 'steady_state_model' block, variable 'y' is not assigned a value
WARNING: in the 'steady_state_model' block, variable 'lab' is not assigned a value
WARNING: in the 'steady_state_model' block, variable 'pinf' is not assigned a value
WARNING: in the 'steady_state_model' block, variable 'w' is not assigned a value
WARNING: in the 'steady_state_model' block, variable 'r' is not assigned a value
WARNING: in the 'steady_state_model' block, variable 'a' is not assigned a value
WARNING: in the 'steady_state_model' block, variable 'b' is not assigned a value
WARNING: in the 'steady_state_model' block, variable 'g' is not assigned a value
WARNING: in the 'steady_state_model' block, variable 'qs' is not assigned a value
WARNING: in the 'steady_state_model' block, variable 'ms' is not assigned a value
WARNING: in the 'steady_state_model' block, variable 'spinf' is not assigned a value
WARNING: in the 'steady_state_model' block, variable 'sw' is not assigned a value
WARNING: in the 'steady_state_model' block, variable 'kpf' is not assigned a value
WARNING: in the 'steady_state_model' block, variable 'kp' is not assigned a value
Found 40 equation(s).
Evaluating expressions...done
Computing static model derivatives (order 1).
Computing dynamic model derivatives (order 2).
Processing outputs ...
done
Preprocessing completed.
[Warning: Some of the parameters have no value (ccs, cinvs, crdpi) when using initial_estimation_checks. If these
parameters are not initialized in a steadystate file or a steady_state_model-block, Dynare may not be able to
solve the model...] 
Initial value of the log posterior (or likelihood): -719.525

==========================================================
   Change in the posterior covariance matrix = 3.9999.
   Change in the posterior mean = 0.59507.
   Mode improvement = 260.3832
   New value of jscale = 0.0054354
==========================================================

==========================================================
   Change in the posterior covariance matrix = 0.76969.
   Change in the posterior mean = 2.3784.
   Mode improvement = 57.7121
   New value of jscale = 0.40003
==========================================================

==========================================================
   Change in the posterior covariance matrix = 1.3869.
   Change in the posterior mean = 2.0133.
   Mode improvement = 19.7475
   New value of jscale = 0.30088
==========================================================

Optimal value of the scale parameter = 0.30088


Final value of minus the log posterior (or likelihood):381.682257 

RESULTS FROM POSTERIOR ESTIMATION
parameters
             prior mean     mode    s.d. prior pstdev

crhoa            0.500   0.9389  0.0210 beta 0.2000 
crhob            0.500   0.8829  0.0412 beta 0.2000 
crhog            0.500   0.9704  0.0196 beta 0.2000 
crhoqs           0.500   0.7512  0.0701 beta 0.2000 
crhoms           0.500   0.3621  0.0807 beta 0.2000 
crhopinf         0.500   0.9908  0.0109 beta 0.2000 
crhow            0.500   0.9447  0.0193 beta 0.2000 
cmap             0.500   0.8241  0.0505 beta 0.2000 
cmaw             0.500   0.6449  0.1284 beta 0.2000 
csadjcost        4.000   5.2361  1.1271 norm 1.5000 
csigma           1.500   0.6423  0.1148 norm 0.3750 
chabb            0.700   0.6600  0.0405 beta 0.1000 
cprobw           0.500   0.6387  0.0570 beta 0.1000 
csigl            2.000   2.2649  0.3399 norm 0.7500 
cprobp           0.500   0.7687  0.0383 beta 0.1000 
cindw            0.500   0.4276  0.0579 beta 0.1500 
cindp            0.500   0.1915  0.0556 beta 0.1500 
czcap            0.500   0.6369  0.1001 beta 0.1500 
cfc              1.250   1.3502  0.0620 norm 0.1250 
crpi             1.500   1.8320  0.1651 norm 0.2500 
crr              0.750   0.8439  0.0290 beta 0.1000 
cry              0.125   0.0010  0.0068 norm 0.0500 
crdy             0.125   0.1672  0.0198 norm 0.0500 
constepinf       0.625   0.5907  0.0989 gamm 0.1000 
constebeta       0.250   0.1610  0.0654 gamm 0.1000 
constelab        0.000  -0.7874  1.4982 norm 2.0000 
ctrend           0.400   0.7222  0.0559 norm 0.1000 
cgy              0.500   0.3457  0.0959 norm 0.2500 
calfa            0.300   0.1291  0.0152 norm 0.0500 

standard deviation of shocks
             prior mean     mode    s.d. prior pstdev

ea               0.100   0.3808  0.0296 invg 2.0000 
eb               0.100   0.0611  0.0118 invg 2.0000 
eg               0.100   0.3841  0.0275 invg 2.0000 
eqs              0.100   0.3216  0.0557 invg 2.0000 
em               0.100   0.1084  0.0099 invg 2.0000 
epinf            0.100   0.1129  0.0164 invg 2.0000 
ew               0.100   0.2325  0.0384 invg 2.0000 


Log data density [Laplace approximation] is -472.386062.

mh_jscale has been set equal to 0.32381

Estimation::mcmc: One Chain mode.
Estimation::mcmc: Initialization at the posterior mode.

Estimation::mcmc: Write details about the MCMC... Ok!
Estimation::mcmc: Details about the MCMC are available in SW07/metropolis\SW07_mh_history_0.mat


Estimation::mcmc: Number of mh files: 4 per block.
Estimation::mcmc: Total number of generated files: 4.
Estimation::mcmc: Total number of iterations: 1000000.
Estimation::mcmc: Current acceptance ratio per chain: 
                                                       Chain  1: 27.5981%
Estimation::mcmc: Total number of MH draws per chain: 1000000.
Estimation::mcmc: Total number of generated MH files: 4.
Estimation::mcmc: I'll use mh-files 1 to 4.
Estimation::mcmc: In MH-file number 1 I'll start at line 300001.
Estimation::mcmc: Finally I keep 700000 draws per chain.



MCMC Inefficiency factors per block
Parameter        Block 1
SE_ea            214.699
SE_eb            214.280
SE_eg            197.923
SE_eqs           269.224
SE_em            230.757
SE_epinf         256.597
SE_ew            341.126
crhoa            458.131
crhob            187.533
crhog            273.952
crhoqs           267.261
crhoms           240.161
crhopinf         540.400
crhow            442.135
cmap             566.191
cmaw             427.678
csadjcost        435.152
csigma           256.536
chabb            479.344
cprobw           476.174
csigl            489.976
cprobp           526.797
cindw            582.298
cindp            426.721
czcap            328.948
cfc              352.929
crpi             359.330
crr              224.663
cry              530.303
crdy             345.158
constepinf       228.394
constebeta       230.410
constelab        395.406
ctrend           349.224
cgy              201.282
calfa            269.131


Geweke (1992) Convergence Tests, based on means of draws 300000 to 440000 vs 650000 to 1000000.
p-values are for Chi2-test for equality of means.
Parameter          Post. Mean        Post. Std   p-val No Taper   p-val 4% Taper   p-val 8% Taper  p-val 15% Taper
SE_ea                   0.392            0.032            0.000            0.644            0.638            0.623
SE_eb                   0.067            0.012            0.000            0.281            0.269            0.227
SE_eg                   0.395            0.029            0.000            0.115            0.117            0.080
SE_eqs                  0.346            0.067            0.000            0.016            0.024            0.019
SE_em                   0.111            0.010            0.000            0.294            0.287            0.274
SE_epinf                0.111            0.016            0.000            0.532            0.543            0.493
SE_ew                   0.223            0.040            0.000            0.355            0.416            0.429
crhoa                   0.947            0.027            0.000            0.355            0.371            0.339
crhob                   0.881            0.037            0.000            0.273            0.298            0.248
crhog                   0.959            0.023            0.000            0.265            0.224            0.204
crhoqs                  0.735            0.081            0.000            0.012            0.020            0.016
crhoms                  0.368            0.077            0.000            0.695            0.708            0.679
crhopinf                0.970            0.040            0.000            0.106            0.116            0.116
crhow                   0.931            0.029            0.000            0.434            0.440            0.418
cmap                    0.782            0.094            0.000            0.794            0.803            0.777
cmaw                    0.571            0.145            0.000            0.079            0.117            0.131
csadjcost               5.537            1.096            0.000            0.378            0.390            0.360
csigma                  0.695            0.097            0.000            0.420            0.408            0.387
chabb                   0.642            0.055            0.000            0.465            0.465            0.435
cprobw                  0.654            0.076            0.000            0.313            0.337            0.310
csigl                   2.350            0.529            0.000            0.116            0.141            0.140
cprobp                  0.780            0.066            0.000            0.627            0.666            0.656
cindw                   0.429            0.140            0.000            0.930            0.934            0.933
cindp                   0.218            0.085            0.000            0.423            0.461            0.444
czcap                   0.629            0.119            0.000            0.144            0.162            0.128
cfc                     1.380            0.088            0.000            0.893            0.894            0.886
crpi                    1.897            0.204            0.000            0.884            0.886            0.874
crr                     0.849            0.025            0.000            0.626            0.641            0.629
cry                     0.017            0.022            0.000            0.189            0.173            0.149
crdy                    0.168            0.024            0.000            0.332            0.353            0.366
constepinf              0.609            0.078            0.000            0.685            0.702            0.706
constebeta              0.176            0.064            0.000            0.611            0.595            0.520
constelab              -0.823            1.532            0.027            0.950            0.952            0.950
ctrend                  0.695            0.051            0.000            0.481            0.470            0.377
cgy                     0.333            0.101            0.000            0.213            0.245            0.250
calfa                   0.132            0.017            0.327            0.957            0.953            0.947


Estimation::marginal density: I'm computing the posterior mean and covariance...  Done!
Estimation::marginal density: I'm computing the posterior log marginal density (modified harmonic mean)... Done!


ESTIMATION RESULTS

Log data density is -461.540204.

parameters
                 prior mean   post. mean        90% HPD interval    prior       pstdev

crhoa                 0.500       0.9463      0.9056      0.9895    beta       0.2000
crhob                 0.500       0.8802      0.8206      0.9402    beta       0.2000
crhog                 0.500       0.9586      0.9274      0.9934    beta       0.2000
crhoqs                0.500       0.7383      0.6115      0.8699    beta       0.2000
crhoms                0.500       0.3674      0.2413      0.4958    beta       0.2000
crhopinf              0.500       0.9780      0.9563      0.9989    beta       0.2000
crhow                 0.500       0.9327      0.8961      0.9726    beta       0.2000
cmap                  0.500       0.7876      0.6561      0.9209    beta       0.2000
cmaw                  0.500       0.5692      0.3412      0.8066    beta       0.2000
csadjcost             4.000       5.5578      3.7455      7.3666    norm       1.5000
csigma                1.500       0.6903      0.5342      0.8376    norm       0.3750
chabb                 0.700       0.6437      0.5582      0.7364    beta       0.1000
cprobw                0.500       0.6480      0.5280      0.7621    beta       0.1000
csigl                 2.000       2.3335      1.4669      3.2397    norm       0.7500
cprobp                0.500       0.7732      0.6787      0.8686    beta       0.1000
cindw                 0.500       0.4355      0.2100      0.6767    beta       0.1500
cindp                 0.500       0.2188      0.0806      0.3493    beta       0.1500
czcap                 0.500       0.6330      0.4447      0.8260    beta       0.1500
cfc                   1.250       1.3781      1.2326      1.5205    norm       0.1250
crpi                  1.500       1.9089      1.5825      2.2191    norm       0.2500
crr                   0.750       0.8468      0.8095      0.8851    beta       0.1000
cry                   0.125       0.0129      0.0010      0.0287    norm       0.0500
crdy                  0.125       0.1679      0.1291      0.2076    norm       0.0500
constepinf            0.625       0.6064      0.4783      0.7350    gamm       0.1000
constebeta            0.250       0.1760      0.0720      0.2742    gamm       0.1000
constelab             0.000      -0.8977     -3.4198      1.6336    norm       2.0000
ctrend                0.400       0.6945      0.6137      0.7717    norm       0.1000
cgy                   0.500       0.3328      0.1676      0.4986    norm       0.2500
calfa                 0.300       0.1322      0.1050      0.1606    norm       0.0500

standard deviation of shocks
                 prior mean   post. mean        90% HPD interval    prior       pstdev

ea                    0.100       0.3929      0.3403      0.4439    invg       2.0000
eb                    0.100       0.0668      0.0470      0.0859    invg       2.0000
eg                    0.100       0.3954      0.3467      0.4423    invg       2.0000
eqs                   0.100       0.3423      0.2368      0.4441    invg       2.0000
em                    0.100       0.1116      0.0951      0.1280    invg       2.0000
epinf                 0.100       0.1104      0.0847      0.1353    invg       2.0000
ew                    0.100       0.2248      0.1597      0.2887    invg       2.0000
Estimation::mcmc: Smoothed variables
Estimation::mcmc: Smoothed variables, done!
Estimation::mcmc: Smoothed shocks
Estimation::mcmc: Smoothed shocks, done!
Estimation::mcmc: Trend_coefficients
Estimation::mcmc: Trend_coefficients, done!
Estimation::mcmc: Smoothed constant
Estimation::mcmc: Smoothed constant, done!
Estimation::mcmc: Smoothed trend
Estimation::mcmc: Smoothed trend, done!
Estimation::mcmc: Updated Variables
Estimation::mcmc: Updated Variables, done!
Estimation::mcmc: Forecasted variables (mean)
Estimation::mcmc: Forecasted variables (mean), done!
Estimation::mcmc: Forecasted variables (point)
Estimation::mcmc: Forecasted variables (point), done!
Total computing time : 2h33m25s
Note: 33 warning(s) encountered in the preprocessor
Note: warning(s) encountered in MATLAB/Octave code
