Starting Dynare (version 4.5.7).
Starting preprocessing of the model file ...
WARNING: in the 'steady_state_model' block, variable 'ewma' is not assigned a value
WARNING: in the 'steady_state_model' block, variable 'epinfma' is not assigned a value
WARNING: in the 'steady_state_model' block, variable 'zcapf' is not assigned a value
WARNING: in the 'steady_state_model' block, variable 'rkf' is not assigned a value
WARNING: in the 'steady_state_model' block, variable 'kf' is not assigned a value
WARNING: in the 'steady_state_model' block, variable 'pkf' is not assigned a value
WARNING: in the 'steady_state_model' block, variable 'cf' is not assigned a value
WARNING: in the 'steady_state_model' block, variable 'invef' is not assigned a value
WARNING: in the 'steady_state_model' block, variable 'yf' is not assigned a value
WARNING: in the 'steady_state_model' block, variable 'labf' is not assigned a value
WARNING: in the 'steady_state_model' block, variable 'wf' is not assigned a value
WARNING: in the 'steady_state_model' block, variable 'rrf' is not assigned a value
WARNING: in the 'steady_state_model' block, variable 'mc' is not assigned a value
WARNING: in the 'steady_state_model' block, variable 'zcap' is not assigned a value
WARNING: in the 'steady_state_model' block, variable 'rk' is not assigned a value
WARNING: in the 'steady_state_model' block, variable 'k' is not assigned a value
WARNING: in the 'steady_state_model' block, variable 'pk' is not assigned a value
WARNING: in the 'steady_state_model' block, variable 'c' is not assigned a value
WARNING: in the 'steady_state_model' block, variable 'inve' is not assigned a value
WARNING: in the 'steady_state_model' block, variable 'y' is not assigned a value
WARNING: in the 'steady_state_model' block, variable 'lab' is not assigned a value
WARNING: in the 'steady_state_model' block, variable 'pinf' is not assigned a value
WARNING: in the 'steady_state_model' block, variable 'w' is not assigned a value
WARNING: in the 'steady_state_model' block, variable 'r' is not assigned a value
WARNING: in the 'steady_state_model' block, variable 'a' is not assigned a value
WARNING: in the 'steady_state_model' block, variable 'b' is not assigned a value
WARNING: in the 'steady_state_model' block, variable 'g' is not assigned a value
WARNING: in the 'steady_state_model' block, variable 'qs' is not assigned a value
WARNING: in the 'steady_state_model' block, variable 'ms' is not assigned a value
WARNING: in the 'steady_state_model' block, variable 'spinf' is not assigned a value
WARNING: in the 'steady_state_model' block, variable 'sw' is not assigned a value
WARNING: in the 'steady_state_model' block, variable 'kpf' is not assigned a value
WARNING: in the 'steady_state_model' block, variable 'kp' is not assigned a value
Found 40 equation(s).
Evaluating expressions...done
Computing static model derivatives:
 - order 1
Computing dynamic model derivatives:
 - order 1
 - order 2
Processing outputs ...
done
Preprocessing completed.
a value
WARNING: in the 'steady_state_model' block, variable 'pk' is not assigned a value
WARNING: in the 'steady_state_model' block, variable 'c' is not assigned a value
WARNING: in the 'steady_state_model' block, variable 'inve' is not assigned a value
WARNING: in the 'steady_state_model' block, variable 'y' is not assigned a value
WARNING: in the 'steady_state_model' block, variable 'lab' is not assigned a value
WARNING: in the 'steady_state_model' block, variable 'pinf' is not assigned a value
WARNING: in the 'steady_state_model' block, variable 'w' is not assigned a value
WARNING: in the 'steady_state_model' block, variable 'r' is not assigned a value
WARNING: in the 'steady_state_model' block, variable 'a' is not assigned a value
WARNING: in the 'steady_state_model' block, variable 'b' is not assigned a value
WARNING: in the 'steady_state_model' block, variable 'g' is not assigned a value
WARNING: in the 'steady_state_model' block, variable 'qs' is not assigned a value
WARNING: in the 'steady_state_model' block, variable 'ms' is not assigned a value
WARNING: in the 'steady_state_model' block, variable 'spinf' is not assigned a value
WARNING: in the 'steady_state_model' block, variable 'sw' is not assigned a value
WARNING: in the 'steady_state_model' block, variable 'kpf' is not assigned a value
WARNING: in the 'steady_state_model' block, variable 'kp' is not assigned a value
Found 40 equation(s).
Evaluating expressions...done
Computing static model derivatives:
 - order 1
Computing dynamic model derivatives:
 - order 1
 - order 2
Processing outputs ...
done
Preprocessing completed.

[Warning: Some of the parameters have no value (ccs, cinvs, crdpi) when using initial_estimation_checks. If
these parameters are not initialized in a steadystate file or a steady_state_model-block, Dynare may not be
able to solve the model...] 
Initial value of the log posterior (or likelihood): -2126.7867

==========================================================
   Change in the posterior covariance matrix = 4.
   Change in the posterior mean = 2.6317.
   Mode improvement = 1254.2663
   New value of jscale = 0.0029757
==========================================================

==========================================================
   Change in the posterior covariance matrix = 0.24049.
   Change in the posterior mean = 3.4503.
   Mode improvement = 45.9329
   New value of jscale = 0.40888
==========================================================

==========================================================
   Change in the posterior covariance matrix = 2.8586.
   Change in the posterior mean = 2.3826.
   Mode improvement = 24.3196
   New value of jscale = 0.28214
==========================================================

Optimal value of the scale parameter = 0.28214


Final value of minus the log posterior (or likelihood):802.267972 

MODE CHECK

Fval obtained by the minimization routine (minus the posterior/likelihood)): 802.267972

RESULTS FROM POSTERIOR ESTIMATION
parameters
        prior mean     mode    s.d. prior pstdev

crhoa       0.500   0.9909  0.0018 beta  0.2000 
crhob       0.500   0.3840  0.1196 beta  0.2000 
crhog       0.500   0.8741  0.0197 beta  0.2000 
crhoqs      0.500   0.6539  0.0566 beta  0.2000 
crhoms      0.500   0.1989  0.0730 beta  0.2000 
crhopinf    0.500   0.9977  0.0025 beta  0.2000 
crhow       0.500   0.9795  0.0079 beta  0.2000 
cmap        0.500   0.8424  0.0562 beta  0.2000 
cmaw        0.500   0.8396  0.0532 beta  0.2000 
csadjcost   4.000   4.8394  0.7165 norm  1.5000 
csigma      1.500   1.1259  0.2060 norm  0.3750 
chabb       0.700   0.7783  0.0422 beta  0.1000 
cprobw      0.500   0.7681  0.0396 beta  0.1000 
csigl       2.000   2.3470  0.4032 norm  0.7500 
cprobp      0.500   0.7257  0.0408 beta  0.1000 
cindw       0.500   0.5802  0.0978 beta  0.1500 
cindp       0.500   0.2864  0.0654 beta  0.1500 
czcap       0.500   0.2600  0.0689 beta  0.1500 
cfc         1.250   1.5979  0.0835 norm  0.1250 
crpi        1.500   1.8274  0.1369 norm  0.2500 
crr         0.750   0.7927  0.0325 beta  0.1000 
cry         0.125   0.0562  0.0171 norm  0.0500 
crdy        0.125   0.2085  0.0241 norm  0.0500 
constepinf   0.625   0.6467  0.0863 gamm  0.1000 
constebeta   0.250   0.1354  0.0930 gamm  0.1000 
constelab   0.000   2.4404  1.7626 norm  2.0000 
ctrend      0.400   0.6565  0.0413 norm  0.1000 
cgy         0.500   0.4468  0.0971 norm  0.2500 
calfa       0.300   0.1459  0.0230 norm  0.0500 

standard deviation of shocks
        prior mean     mode    s.d. prior pstdev

ea          0.100   0.4964  0.0326 invg  2.0000 
eb          0.100   0.2178  0.0265 invg  2.0000 
eg          0.100   0.5098  0.0338 invg  2.0000 
eqs         0.100   0.4343  0.0554 invg  2.0000 
em          0.100   0.2528  0.0182 invg  2.0000 
epinf       0.100   0.1011  0.0162 invg  2.0000 
ew          0.100   0.1571  0.0187 invg  2.0000 


Log data density [Laplace approximation] is -894.772047.

Estimation::mcmc: One Chain mode.
Estimation::mcmc: Initialization at the posterior mode.

Estimation::mcmc: Write details about the MCMC... Ok!
Estimation::mcmc: Details about the MCMC are available in SW07/metropolis\SW07_mh_history_0.mat


Estimation::mcmc: Number of mh files: 2 per block.
Estimation::mcmc: Total number of generated files: 2.
Estimation::mcmc: Total number of iterations: 500000.
Estimation::mcmc: Current acceptance ratio per chain: 
                                                       Chain  1: 33.0262%
Estimation::mcmc: Total number of MH draws per chain: 500000.
Estimation::mcmc: Total number of generated MH files: 2.
Estimation::mcmc: I'll use mh-files 1 to 2.
Estimation::mcmc: In MH-file number 1 I'll start at line 200001.
Estimation::mcmc: Finally I keep 300000 draws per chain.



MCMC Inefficiency factors per block
Parameter        Block 1
SE_ea            200.579
SE_eb            374.824
SE_eg            167.330
SE_eqs           334.693
SE_em            181.283
SE_epinf         342.481
SE_ew            239.012
crhoa            524.135
crhob            423.856
crhog            644.475
crhoqs           377.366
crhoms           326.085
crhopinf         228.552
crhow            362.467
cmap             511.260
cmaw             396.930
csadjcost        375.307
csigma           415.914
chabb            326.232
cprobw           450.121
csigl            431.172
cprobp           398.222
cindw            378.499
cindp            399.635
czcap            348.096
cfc              349.442
crpi             377.255
crr              390.188
cry              342.732
crdy             312.216
constepinf       481.031
constebeta       216.447
constelab        379.326
ctrend           466.744
cgy              242.909
calfa            383.334


Geweke (1992) Convergence Tests, based on means of draws 200000 to 260000 vs 350000 to 500000.
p-values are for Chi2-test for equality of means.
Parameter          Post. Mean        Post. Std   p-val No Taper   p-val 4% Taper   p-val 8% Taper  p-val 15% Taper
SE_ea                   0.502            0.032            0.000            0.201            0.246            0.270
SE_eb                   0.222            0.033            0.000            0.890            0.907            0.917
SE_eg                   0.524            0.032            0.000            0.206            0.215            0.176
SE_eqs                  0.446            0.065            0.000            0.010            0.033            0.064
SE_em                   0.258            0.017            0.000            0.260            0.235            0.202
SE_epinf                0.099            0.019            0.000            0.159            0.178            0.198
SE_ew                   0.155            0.019            0.000            0.001            0.002            0.001
crhoa                   0.991            0.004            0.000            0.045            0.070            0.092
crhob                   0.357            0.135            0.816            0.994            0.995            0.995
crhog                   0.904            0.057            0.000            0.539            0.620            0.658
crhoqs                  0.669            0.078            0.000            0.026            0.055            0.087
crhoms                  0.216            0.080            0.000            0.776            0.801            0.825
crhopinf                0.996            0.003            0.016            0.905            0.915            0.922
crhow                   0.972            0.011            0.000            0.550            0.597            0.615
cmap                    0.793            0.096            0.000            0.737            0.757            0.762
cmaw                    0.807            0.064            0.000            0.004            0.011            0.017
csadjcost               5.130            0.971            0.000            0.394            0.416            0.352
csigma                  1.237            0.185            0.000            0.762            0.805            0.829
chabb                   0.760            0.044            0.004            0.905            0.918            0.915
cprobw                  0.774            0.045            0.000            0.011            0.033            0.053
csigl                   2.448            0.547            0.000            0.005            0.011            0.012
cprobp                  0.704            0.057            0.000            0.435            0.480            0.499
cindw                   0.576            0.121            0.000            0.000            0.003            0.005
cindp                   0.288            0.094            0.000            0.808            0.804            0.803
czcap                   0.307            0.083            0.000            0.797            0.800            0.793
cfc                     1.653            0.093            0.000            0.636            0.688            0.724
crpi                    1.885            0.181            0.000            0.519            0.567            0.587
crr                     0.790            0.035            0.000            0.120            0.109            0.089
cry                     0.058            0.021            0.000            0.130            0.128            0.061
crdy                    0.207            0.028            0.000            0.686            0.691            0.692
constepinf              0.654            0.101            0.000            0.456            0.529            0.586
constebeta              0.151            0.056            0.411            0.962            0.960            0.960
constelab               2.223            1.419            0.000            0.422            0.434            0.428
ctrend                  0.612            0.068            0.000            0.405            0.486            0.527
cgy                     0.455            0.092            0.000            0.039            0.072            0.078
calfa                   0.163            0.024            0.000            0.566            0.640            0.671


Estimation::marginal density: I'm computing the posterior mean and covariance...  Done!
Estimation::marginal density: I'm computing the posterior log marginal density (modified harmonic mean)... Done!


ESTIMATION RESULTS

Log data density is -885.511585.

parameters
            prior mean   post. mean        90% HPD interval    prior       pstdev

crhoa            0.500       0.9908      0.9852      0.9967   beta        0.2000
crhob            0.500       0.3624      0.1466      0.5850   beta        0.2000
crhog            0.500       0.8994      0.8071      0.9821   beta        0.2000
crhoqs           0.500       0.6701      0.5373      0.7949   beta        0.2000
crhoms           0.500       0.2168      0.0822      0.3410   beta        0.2000
crhopinf         0.500       0.9960      0.9926      0.9996   beta        0.2000
crhow            0.500       0.9724      0.9566      0.9884   beta        0.2000
cmap             0.500       0.7965      0.6605      0.9334   beta        0.2000
cmaw             0.500       0.8079      0.7149      0.9095   beta        0.2000
csadjcost        4.000       5.1518      3.5283      6.7009   norm        1.5000
csigma           1.500       1.2230      0.9368      1.5136   norm        0.3750
chabb            0.700       0.7611      0.6856      0.8343   beta        0.1000
cprobw           0.500       0.7732      0.7016      0.8445   beta        0.1000
csigl            2.000       2.4380      1.5535      3.3151   norm        0.7500
cprobp           0.500       0.7057      0.6148      0.7966   beta        0.1000
cindw            0.500       0.5740      0.3853      0.7882   beta        0.1500
cindp            0.500       0.2861      0.1350      0.4357   beta        0.1500
czcap            0.500       0.3084      0.1709      0.4492   beta        0.1500
cfc              1.250       1.6481      1.4980      1.7972   norm        0.1250
crpi             1.500       1.8750      1.5856      2.1688   norm        0.2500
crr              0.750       0.7891      0.7348      0.8471   beta        0.1000
cry              0.125       0.0573      0.0233      0.0916   norm        0.0500
crdy             0.125       0.2077      0.1610      0.2544   norm        0.0500
constepinf        0.625       0.6571      0.4870      0.8235   gamm        0.1000
constebeta        0.250       0.1533      0.0633      0.2417   gamm        0.1000
constelab        0.000       2.1971     -0.1483      4.6051   norm        2.0000
ctrend           0.400       0.6137      0.5079      0.7205   norm        0.1000
cgy              0.500       0.4540      0.3008      0.6045   norm        0.2500
calfa            0.300       0.1612      0.1228      0.1993   norm        0.0500

standard deviation of shocks
            prior mean   post. mean        90% HPD interval    prior       pstdev

ea               0.100       0.5022      0.4482      0.5550   invg        2.0000
eb               0.100       0.2211      0.1639      0.2743   invg        2.0000
eg               0.100       0.5231      0.4721      0.5751   invg        2.0000
eqs              0.100       0.4444      0.3349      0.5506   invg        2.0000
em               0.100       0.2578      0.2294      0.2853   invg        2.0000
epinf            0.100       0.0991      0.0682      0.1291   invg        2.0000
ew               0.100       0.1548      0.1228      0.1854   invg        2.0000
Estimation::mcmc: Posterior (dsge) IRFs...
Estimation::mcmc: Posterior IRFs, done!
Estimation::mcmc: Smoothed variables
Estimation::mcmc: Smoothed variables, done!
Estimation::mcmc: Smoothed shocks
Estimation::mcmc: Smoothed shocks, done!
Estimation::mcmc: Trend_coefficients
Estimation::mcmc: Trend_coefficients, done!
Estimation::mcmc: Smoothed constant
Estimation::mcmc: Smoothed constant, done!
Estimation::mcmc: Smoothed trend
Estimation::mcmc: Smoothed trend, done!
Estimation::mcmc: Updated Variables
Estimation::mcmc: Updated Variables, done!
Estimation::mcmc: Forecasted variables (mean)
Estimation::mcmc: Forecasted variables (mean), done!
Estimation::mcmc: Forecasted variables (point)
Estimation::mcmc: Forecasted variables (point), done!
Total computing time : 4h11m09s
Note: 33 warning(s) encountered in the preprocessor
Note: warning(s) encountered in MATLAB/Octave code
