Starting Dynare (version 4.5.7).
Starting preprocessing of the model file ...
Found 75 equation(s).
Evaluating expressions...done
Computing static model derivatives:
 - order 1
Computing dynamic model derivatives:
 - order 1
Processing outputs ...
done
Preprocessing completed.
Initial value of the log posterior (or likelihood): -1577.9886
-----------------
f at the beginning of new iteration,      1577.9885845744
Predicted improvement:   363686.368716557
lambda =          1; f =         1580.2759708
lambda =    0.33333; f =         1578.2390814
lambda =    0.11111; f =         1578.0152601
lambda =   0.037037; f =         1577.9911962
lambda =   0.012346; f =         1577.9887797
lambda =  0.0041152; f =         1577.9885875
lambda =  0.0013717; f =         1343.7875075
lambda = 0.00045725; f =         1422.8839185
Norm of dx     8.5286
----
Improvement on iteration 1 =      234.201077042
-----------------
f at the beginning of new iteration,      1343.7875075324
Predicted improvement:    47069.984450382
lambda =          1; f =         1349.4554666
lambda =    0.33333; f =         1344.4107881
lambda =    0.11111; f =         1343.8546722
lambda =   0.037037; f =         1343.7943237
lambda =   0.012346; f =         1343.7880859
lambda =  0.0041152; f =         1343.7875420
lambda =  0.0013717; f =         1343.7875077
lambda = 0.00045725; f =         1303.7057356
lambda = 0.00088394; f =         1288.4966017
Norm of dx     3.2609
----
Improvement on iteration 2 =       55.290905828
-----------------
f at the beginning of new iteration,      1288.4966017043
Predicted improvement:    60729.559782169
lambda =          1; f =         1297.5630178
lambda =    0.33333; f =         1289.4951564
lambda =    0.11111; f =         1288.6046823
lambda =   0.037037; f =         1288.5077119
lambda =   0.012346; f =         1288.4975669
lambda =  0.0041152; f =         1288.4966430
lambda =  0.0013717; f =         1150.0007756
lambda =  0.0026518; f =         1288.4966068
lambda =  0.0017856; f =         1389.1612460
lambda =  0.0014084; f =         1149.6515909
lambda =  0.0016239; f =         1186.6933036
Norm of dx     5.4618
----
Improvement on iteration 3 =      138.845010809
warning: possible inaccuracy in H matrix
-----------------
f at the beginning of new iteration,      1149.6515908955
Predicted improvement:     6754.271417943
lambda =          1; f =         1149.8728635
lambda =    0.33333; f =         1149.6727676
lambda =    0.11111; f =         1149.6530246
lambda =   0.037037; f =         1149.6516001
lambda =   0.012346; f =         1155.0775713
lambda =  0.0041152; f =         1125.5115647
Norm of dx     1.3108
----
Improvement on iteration 4 =       24.140026153
-----------------
f at the beginning of new iteration,      1125.5115647425
Predicted improvement:     5781.910019808
lambda =          1; f =         1126.1171509
lambda =    0.33333; f =         1125.5715421
lambda =    0.11111; f =         1125.5162617
lambda =   0.037037; f =         1125.5116937
lambda =   0.012346; f =         1185.1668782
lambda =  0.0041152; f =         1086.5215142
lambda =  0.0079555; f =         1078.3624734
Norm of dx     1.5549
----
Improvement on iteration 5 =       47.149091370
-----------------
f at the beginning of new iteration,      1078.3624733724
Predicted improvement:    47983.005782798
lambda =          1; f =         1126.9398204
lambda =    0.33333; f =         1083.6757061
lambda =    0.11111; f =         1078.9305229
lambda =   0.037037; f =         1078.4198750
lambda =   0.012346; f =         1078.3672895
lambda =  0.0041152; f =         1078.3626874
lambda =  0.0013717; f =         1078.3624734
lambda = 0.00045725; f =         1054.1058418
Norm of dx     13.269
----
Improvement on iteration 6 =       24.256631605
-----------------
f at the beginning of new iteration,      1054.1058417676
Predicted improvement:     4639.636488090
lambda =          1; f =         1055.1003887
lambda =    0.33333; f =         1054.2096972
lambda =    0.11111; f =         1054.1156306
lambda =   0.037037; f =         1054.1064943
lambda =   0.012346; f =         1054.1058512
lambda =  0.0041152; f =         1029.7612101
Norm of dx      1.595
----
Improvement on iteration 7 =       24.344631683
-----------------
f at the beginning of new iteration,      1029.7612100850
Predicted improvement:     2045.419277288
lambda =          1; f =         1030.0019184
lambda =    0.33333; f =         1029.7846098
lambda =    0.11111; f =         1029.7630454
lambda =   0.037037; f =         1029.7612553
lambda =   0.012346; f =          997.8096308
Norm of dx    0.93456
----
Improvement on iteration 8 =       31.951579247
-----------------
f at the beginning of new iteration,       997.8096308382
Predicted improvement:     2394.867449907
lambda =          1; f =          998.1656155
lambda =    0.33333; f =          997.8437729
lambda =    0.11111; f =          997.8128418
lambda =   0.037037; f =          997.8098456
lambda =   0.012346; f =          997.8096322
lambda =  0.0041152; f =          983.0372243
lambda =  0.0079555; f =          983.0049837
Norm of dx     1.2799
----
Improvement on iteration 9 =       14.804647096
-----------------
f at the beginning of new iteration,       983.0049837419
Predicted improvement:     1487.255151002
lambda =          1; f =          983.1257176
lambda =    0.33333; f =          983.0122141
lambda =    0.11111; f =          983.0051633
lambda =   0.037037; f =          983.0049903
lambda =   0.012346; f =          989.4684543
lambda =  0.0041152; f =          976.2233203
Norm of dx    0.92454
----
Improvement on iteration 10 =        6.781663404
-----------------
f at the beginning of new iteration,       976.2233203377
Predicted improvement:     6559.041104229
lambda =          1; f =          979.6867886
lambda =    0.33333; f =          976.5657798
lambda =    0.11111; f =          976.2495808
lambda =   0.037037; f =          976.2243421
lambda =   0.012346; f =          976.2233320
lambda =  0.0041152; f =          976.2233204
lambda =  0.0013717; f =          964.1361974
Norm of dx     4.1903
----
Improvement on iteration 11 =       12.087122897
-----------------
f at the beginning of new iteration,       964.1361974404
Predicted improvement:     3166.144798640
lambda =          1; f =          964.9313421
lambda =    0.33333; f =          964.2052113
lambda =    0.11111; f =          964.1395018
lambda =   0.037037; f =          964.1362219
lambda =   0.012346; f =          980.3121604
lambda =  0.0041152; f =          954.9964567
Norm of dx     2.1329
----
Improvement on iteration 12 =        9.139740743
-----------------
f at the beginning of new iteration,       954.9964566978
Predicted improvement:      368.083825723
lambda =          1; f =          955.0120003
lambda =    0.33333; f =          954.9964886
lambda =    0.11111; f =          920.9854246
Norm of dx    0.29146
----
Improvement on iteration 13 =       34.011032083
-----------------
f at the beginning of new iteration,       920.9854246144
Predicted improvement:     1166.033680703
lambda =          1; f =          921.3541087
lambda =    0.33333; f =          921.0174897
lambda =    0.11111; f =          920.9868517
lambda =   0.037037; f =          899.6481738
lambda =   0.012346; f =          906.0989908
Norm of dx    0.96797
----
Improvement on iteration 14 =       21.337250810
-----------------
f at the beginning of new iteration,       899.6481738049
Predicted improvement:      361.648693300
lambda =          1; f =          899.6898173
lambda =    0.33333; f =          899.6514007
lambda =    0.11111; f =          899.6482546
lambda =   0.037037; f =          888.7899084
Norm of dx    0.31801
----
Improvement on iteration 15 =       10.858265387
-----------------
f at the beginning of new iteration,       888.7899084181
Predicted improvement:      480.595083714
lambda =          1; f =          888.8122046
lambda =    0.33333; f =          888.7915555
lambda =    0.11111; f =          888.7900102
lambda =   0.037037; f =          888.7899084
lambda =   0.012346; f =          878.3651046
lambda =   0.023866; f =          871.1059040
lambda =   0.046138; f =          888.7899100
lambda =   0.031067; f =          869.0829879
Norm of dx    0.35962
----
Improvement on iteration 16 =       19.706920555
-----------------
f at the beginning of new iteration,       869.0829878628
Predicted improvement:      289.213692841
lambda =          1; f =          869.0936067
lambda =    0.33333; f =          869.0832180
lambda =    0.11111; f =          869.0829879
lambda =   0.037037; f =          863.4073268
lambda =   0.012346; f =          865.2614304
Norm of dx    0.26183
----
Improvement on iteration 17 =        5.675661027
-----------------
f at the beginning of new iteration,       863.4073268361
Predicted improvement:      126.249089628
lambda =          1; f =          863.4079219
lambda =    0.33333; f =          863.4073295
lambda =    0.11111; f =          846.2321231
Norm of dx    0.14258
----
Improvement on iteration 18 =       17.175203784
-----------------
f at the beginning of new iteration,       846.2321230523
Predicted improvement:      108.091850235
lambda =          1; f =          846.2354492
lambda =    0.33333; f =          846.2322219
lambda =    0.11111; f =          834.8814475
Norm of dx    0.15502
----
Improvement on iteration 19 =       11.350675557
-----------------
f at the beginning of new iteration,       834.8814474950
Predicted improvement:      324.588881606
lambda =          1; f =          834.9621634
lambda =    0.33333; f =          834.8866443
lambda =    0.11111; f =          834.8816273
lambda =   0.037037; f =          822.6391091
Norm of dx    0.49884
----
Improvement on iteration 20 =       12.242338348
-----------------
f at the beginning of new iteration,       822.6391091466
Predicted improvement:      135.375818219
lambda =          1; f =          822.6454163
lambda =    0.33333; f =          822.6394225
lambda =    0.11111; f =          822.6391229
lambda =   0.037037; f =          820.8966313
lambda =   0.012346; f =          820.7230657
Norm of dx    0.24329
----
Improvement on iteration 21 =        1.916043478
-----------------
f at the beginning of new iteration,       820.7230656683
Predicted improvement:       67.709626080
lambda =          1; f =          820.7247931
lambda =    0.33333; f =          820.7230696
lambda =    0.11111; f =          808.7454666
lambda =     0.2148; f =          820.7230658
lambda =    0.14463; f =          808.1198855
Norm of dx    0.15137
----
Improvement on iteration 22 =       12.603180141
-----------------
f at the beginning of new iteration,       808.1198855273
Predicted improvement:      712.628524092
lambda =          1; f =          809.1873672
lambda =    0.33333; f =          808.2144150
lambda =    0.11111; f =          808.1247510
lambda =   0.037037; f =          808.1198856
lambda =   0.012346; f =          800.0746000
Norm of dx     1.5519
----
Improvement on iteration 23 =        8.045285502
-----------------
f at the beginning of new iteration,       800.0746000255
Predicted improvement:       38.825699583
lambda =          1; f =          800.0765312
lambda =    0.33333; f =          800.7234813
lambda =    0.11111; f =          792.5979836
lambda =     0.2148; f =          789.6028651
Norm of dx    0.10917
----
Improvement on iteration 24 =       10.471734949
-----------------
f at the beginning of new iteration,       789.6028650763
Predicted improvement:       20.944390051
lambda =          1; f =          798.9398837
lambda =    0.33333; f =          779.9521749
Norm of dx   0.065524
----
Improvement on iteration 25 =        9.650690159
-----------------
f at the beginning of new iteration,       779.9521749170
Predicted improvement:       12.479613790
lambda =          1; f =          779.9521884
lambda =    0.33333; f =          780.3116379
lambda =    0.11111; f =          777.4954932
lambda =     0.2148; f =          776.2381414
Norm of dx   0.064965
----
Improvement on iteration 26 =        3.714033487
-----------------
f at the beginning of new iteration,       776.2381414299
Predicted improvement:       29.226017403
lambda =          1; f =          776.2381415
lambda =    0.33333; f =          771.5496393
lambda =    0.11111; f =          771.2442061
lambda =     0.2148; f =          769.3673920
Norm of dx    0.17166
----
Improvement on iteration 27 =        6.870749416
-----------------
f at the beginning of new iteration,       769.3673920140
Predicted improvement:        9.547893268
lambda =          1; f =          757.7132942
Norm of dx   0.060972
----
Improvement on iteration 28 =       11.654097819
-----------------
f at the beginning of new iteration,       757.7132941952
Predicted improvement:       20.504423054
lambda =          1; f =          757.7132942
lambda =    0.33333; f =          748.8208316
Norm of dx    0.19246
----
Improvement on iteration 29 =        8.892462622
-----------------
f at the beginning of new iteration,       748.8208315730
Predicted improvement:        7.603478734
lambda =          1; f =          738.0439907
lambda =     1.9332; f =          737.9908965
Norm of dx   0.094635
----
Improvement on iteration 30 =       10.829935087
-----------------
f at the beginning of new iteration,       737.9908964856
Predicted improvement:       21.131004792
lambda =          1; f =          736.4216979
lambda =    0.33333; f =          732.6041911
Norm of dx    0.13011
----
Improvement on iteration 31 =        5.386705423
-----------------
f at the beginning of new iteration,       732.6041910630
Predicted improvement:        4.891770516
lambda =          1; f =          729.7808529
lambda =    0.33333; f =          730.2605198
lambda =    0.64439; f =          729.4584118
Norm of dx   0.036146
----
Improvement on iteration 32 =        3.145779269
-----------------
f at the beginning of new iteration,       729.4584117942
Predicted improvement:        2.211451257
lambda =          1; f =          726.3008601
lambda =     1.9332; f =          725.7692019
Norm of dx   0.014352
----
Improvement on iteration 33 =        3.689209936
-----------------
f at the beginning of new iteration,       725.7692018579
Predicted improvement:        2.764141267
lambda =          1; f =          721.8159815
lambda =     1.9332; f =          720.8052482
Norm of dx   0.034895
----
Improvement on iteration 34 =        4.963953624
-----------------
f at the beginning of new iteration,       720.8052482336
Predicted improvement:        3.380110968
lambda =          1; f =          718.0197409
Norm of dx   0.051944
----
Improvement on iteration 35 =        2.785507364
-----------------
f at the beginning of new iteration,       718.0197408697
Predicted improvement:        2.521370523
lambda =          1; f =          714.2567584
lambda =     1.9332; f =          713.3940560
Norm of dx   0.043087
----
Improvement on iteration 36 =        4.625684915
-----------------
f at the beginning of new iteration,       713.3940559543
Predicted improvement:        3.417597673
lambda =          1; f =          709.4674435
Norm of dx   0.038474
----
Improvement on iteration 37 =        3.926612500
-----------------
f at the beginning of new iteration,       709.4674434539
Predicted improvement:        3.794476981
lambda =          1; f =          705.9173204
Norm of dx   0.079139
----
Improvement on iteration 38 =        3.550123066
-----------------
f at the beginning of new iteration,       705.9173203877
Predicted improvement:        3.695574721
lambda =          1; f =          705.9173252
lambda =    0.33333; f =          703.3892630
lambda =    0.64439; f =          701.5634154
lambda =     1.2457; f =          705.9173359
lambda =     0.8388; f =          705.9173215
lambda =    0.66161; f =          701.7399586
lambda =    0.76285; f =          705.9173207
lambda =    0.70038; f =          705.9173204
lambda =    0.66539; f =          701.7992553
lambda =    0.68617; f =          702.3501736
lambda =     0.7076; f =          705.9173204
lambda =    0.69466; f =          705.9173204
lambda =    0.68196; f =          702.1978092
lambda =    0.68956; f =          702.4947440
Norm of dx     0.1244
----
Improvement on iteration 39 =        4.353905000
warning: possible inaccuracy in H matrix
-----------------
f at the beginning of new iteration,       701.5634153876
Predicted improvement:       16.368293419
lambda =          1; f =          701.5634312
lambda =    0.33333; f =          697.4403567
Norm of dx    0.39653
----
Improvement on iteration 40 =        4.123058698
-----------------
f at the beginning of new iteration,       697.4403566897
Predicted improvement:        3.827744941
lambda =          1; f =          697.4403571
lambda =    0.33333; f =          697.4403567
lambda =    0.11111; f =          697.4403567
lambda =   0.037037; f =          697.1691423
lambda =   0.071599; f =          696.9412735
lambda =    0.13841; f =          697.4403567
lambda =     0.0932; f =          697.4403567
lambda =   0.073512; f =          696.9294553
lambda =   0.084761; f =          697.4403567
lambda =    0.07782; f =          697.4403567
lambda =   0.073932; f =          696.9268732
lambda =   0.076241; f =          697.4403567
lambda =   0.074847; f =          696.9212602
lambda =   0.075681; f =          696.9161670
lambda =   0.076523; f =          697.4403567
Norm of dx    0.05782
Cliff.  Perturbing search direction.
Predicted improvement:       12.003860599
lambda =          1; f =          697.4403655
lambda =    0.33333; f =          697.4403576
lambda =    0.11111; f =          697.4403568
lambda =   0.037037; f =          697.4403567
lambda =   0.012346; f =          697.1768949
lambda =   0.023866; f =          697.4403567
lambda =    0.01607; f =          697.1117125
lambda =   0.020374; f =          697.4403567
lambda =    0.01767; f =          697.4403567
lambda =   0.016224; f =          697.1091857
lambda =   0.017077; f =          697.0953501
lambda =   0.017975; f =          697.4403567
lambda =   0.017431; f =          697.4403567
lambda =   0.017112; f =          697.0947902
lambda =   0.017302; f =          697.0917587
lambda =   0.017495; f =          697.4403567
Norm of dx   0.077496
Cliff again.  Try traversing
Predicted improvement:     1593.024483126
lambda =          1; f =         1266.7069708
lambda =    0.33333; f =          740.6562357
lambda =    0.11111; f =          699.5672651
lambda =   0.037037; f =          697.5668834
lambda =   0.012346; f =          697.4485978
lambda =  0.0041152; f =          697.4403822
lambda =  0.0013717; f =          701.1504794
lambda = 0.00045725; f =          696.8128355
Norm of dx     56.445
----
Improvement on iteration 41 =        0.627521148
-----------------
f at the beginning of new iteration,       696.8128355414
Predicted improvement:       15.465210971
lambda =          1; f =          696.8164423
lambda =    0.33333; f =          696.8128446
lambda =    0.11111; f =          696.8128365
lambda =   0.037037; f =          696.8128356
lambda =   0.012346; f =          696.8128355
lambda =  0.0041152; f =          696.6947998
lambda =  0.0079555; f =          696.8128355
lambda =  0.0053568; f =          696.6639888
lambda =  0.0067914; f =          696.8128355
lambda =  0.0058901; f =          696.8128355
lambda =  0.0054079; f =          696.6627807
lambda =  0.0056923; f =          696.6561471
lambda =  0.0059916; f =          696.8128355
lambda =  0.0058102; f =          696.8128355
lambda =   0.005704; f =          696.8128355
Norm of dx    0.64791
Cliff.  Perturbing search direction.
Predicted improvement:       55.013422473
lambda =          1; f =          696.8160299
lambda =    0.33333; f =          696.8128777
lambda =    0.11111; f =          696.8128401
lambda =   0.037037; f =          696.8128360
lambda =   0.012346; f =          696.8128356
lambda =  0.0041152; f =          696.8128355
lambda =  0.0013717; f =          696.6701328
lambda =  0.0026518; f =          696.5553976
lambda =  0.0051265; f =          696.8128355
lambda =  0.0034519; f =          696.8128355
lambda =  0.0027227; f =          696.8128355
lambda =  0.0026729; f =          696.8128355
Norm of dx    0.69691
Cliff again.  Try traversing
Predicted improvement:     1474.946973692
lambda =          1; f =         2637.0040804
lambda =    0.33333; f =          876.9647611
lambda =    0.11111; f =          707.9937040
lambda =   0.037037; f =          696.8967693
lambda =   0.012346; f =          696.8128367
lambda =  0.0041152; f =          746.5608952
lambda =  0.0013717; f =          701.4614389
lambda = 0.00045725; f =          696.5188578
lambda = 0.00015242; f =          696.4471200
lambda = 0.00029465; f =          696.3574401
Norm of dx     54.313
----
Improvement on iteration 42 =        0.455395441
-----------------
f at the beginning of new iteration,       696.3574401005
Predicted improvement:       10.492878192
lambda =          1; f =          696.3600302
lambda =    0.33333; f =          696.3574458
lambda =    0.11111; f =          696.3574407
lambda =   0.037037; f =          696.3574401
lambda =   0.012346; f =          696.3574401
lambda =  0.0041152; f =          696.2796691
lambda =  0.0079555; f =          696.3574401
lambda =  0.0053568; f =          696.2601917
lambda =  0.0067914; f =          696.2404075
lambda =  0.0086103; f =          696.3574401
lambda =  0.0074677; f =          696.3574401
lambda =  0.0068562; f =          696.2395883
lambda =  0.0072168; f =          696.2351502
lambda =  0.0075963; f =          696.3574401
lambda =  0.0073663; f =          696.3574401
lambda =  0.0072316; f =          696.2349724
lambda =  0.0073121; f =          696.3574401
Norm of dx     0.5934
Cliff.  Perturbing search direction.
Predicted improvement:       17.762655427
lambda =          1; f =          696.3601643
lambda =    0.33333; f =          696.3574467
lambda =    0.11111; f =          696.3574408
lambda =   0.037037; f =          696.3574402
lambda =   0.012346; f =          696.3574401
lambda =  0.0041152; f =          696.2215165
lambda =  0.0079555; f =          696.3574401
lambda =  0.0053568; f =          696.1853167
lambda =  0.0067914; f =          696.1468141
lambda =  0.0086103; f =          696.3574401
lambda =  0.0074677; f =          696.3574401
lambda =  0.0068562; f =          696.3574401
Norm of dx    0.62662
Cliff again.  Try traversing
Predicted improvement:    91768.583347951
lambda =          1; f =        47285.1898731
lambda =    0.33333; f =         5710.3418658
lambda =    0.11111; f =         1209.6376874
lambda =   0.037037; f =          742.7965667
lambda =   0.012346; f =          699.1610026
lambda =  0.0041152; f =          696.3701369
lambda =  0.0013717; f =          696.3577253
lambda = 0.00045725; f =          696.3574402
lambda = 0.00015242; f =          696.3574401
lambda = 5.0805e-05; f =          699.8186113
lambda = 1.6935e-05; f =          695.0483332
Norm of dx     428.41
----
Improvement on iteration 43 =        1.309106893
-----------------
f at the beginning of new iteration,       695.0483332071
Predicted improvement:       13.072004065
lambda =          1; f =          695.0528503
lambda =    0.33333; f =          695.0483415
lambda =    0.11111; f =          695.0483341
lambda =   0.037037; f =          695.0483333
lambda =   0.012346; f =          695.0483332
lambda =  0.0041152; f =          694.9575295
lambda =  0.0079555; f =          695.0483332
lambda =  0.0053568; f =          695.0483332
lambda =  0.0042252; f =          694.9556345
lambda =  0.0048717; f =          695.0483332
lambda =  0.0044728; f =          694.9514814
lambda =   0.004708; f =          694.9476853
lambda =  0.0049556; f =          695.0483332
lambda =  0.0048056; f =          695.0483332
lambda =  0.0047177; f =          694.9475325
lambda =  0.0047702; f =          695.0483332
Norm of dx    0.73665
Cliff.  Perturbing search direction.
Predicted improvement:       18.898501237
lambda =          1; f =          695.0550207
lambda =    0.33333; f =          695.0483358
lambda =    0.11111; f =          695.0483334
lambda =   0.037037; f =          695.0483332
lambda =   0.012346; f =          695.0483332
lambda =  0.0041152; f =          694.9001530
lambda =  0.0079555; f =          694.7761817
lambda =   0.015379; f =          695.0483332
lambda =   0.010356; f =          695.0483332
lambda =   0.008168; f =          694.7697479
lambda =  0.0094179; f =          695.0483332
lambda =  0.0086467; f =          694.7554284
lambda =  0.0091015; f =          695.0483332
lambda =  0.0088258; f =          694.7501316
lambda =  0.0089902; f =          694.7453002
lambda =  0.0091576; f =          695.0483332
lambda =  0.0090568; f =          695.0483332
Norm of dx    0.76749
Cliff again.  Try traversing
Predicted improvement:     1731.308290339
lambda =          1; f =         1168.8575892
lambda =    0.33333; f =          729.4026343
lambda =    0.11111; f =          696.7009088
lambda =   0.037037; f =          695.1618046
lambda =   0.012346; f =          695.0554886
lambda =  0.0041152; f =          695.0483386
lambda =  0.0013717; f =          700.3052702
lambda = 0.00045725; f =          694.2267855
Norm of dx     58.844
----
Improvement on iteration 44 =        0.821547713
-----------------
f at the beginning of new iteration,       694.2267854943
Predicted improvement:       13.820011376
lambda =          1; f =          694.2324562
lambda =    0.33333; f =          694.2267917
lambda =    0.11111; f =          694.2267865
lambda =   0.037037; f =          694.2267856
lambda =   0.012346; f =          694.2267855
lambda =  0.0041152; f =          694.1252871
lambda =  0.0079555; f =          694.2267855
lambda =  0.0053568; f =          694.2267855
lambda =  0.0042252; f =          694.2267855
lambda =  0.0041479; f =          694.1246001
lambda =  0.0041941; f =          694.2267855
Norm of dx    0.77607
Cliff.  Perturbing search direction.
Predicted improvement:       29.454860481
lambda =          1; f =          694.2301132
lambda =    0.33333; f =          694.2268095
lambda =    0.11111; f =          694.2267881
lambda =   0.037037; f =          694.2267858
lambda =   0.012346; f =          694.2267855
lambda =  0.0041152; f =          694.2267855
lambda =  0.0013717; f =          694.1505673
lambda =  0.0026518; f =          694.2267855
lambda =  0.0017856; f =          694.1296730
lambda =  0.0022638; f =          694.1068977
lambda =  0.0028701; f =          694.2267855
lambda =  0.0024892; f =          694.0967037
lambda =  0.0027112; f =          694.2267855
lambda =  0.0025757; f =          694.0928867
lambda =  0.0026562; f =          694.2267855
lambda =  0.0026076; f =          694.2267855
lambda =  0.0025789; f =          694.0927478
Norm of dx    0.80063
Cliff again.  Try traversing
Predicted improvement:      366.541139122
lambda =          1; f =         1127.3458779
lambda =    0.33333; f =          727.2519215
lambda =    0.11111; f =          694.9824644
lambda =   0.037037; f =          694.2267892
lambda =   0.012346; f =          694.2267886
lambda =  0.0041152; f =          709.0821042
lambda =  0.0013717; f =          695.7484028
lambda = 0.00045725; f =          694.1734537
lambda = 0.00015242; f =          694.1353153
lambda = 0.00029465; f =          694.1180614
Norm of dx     27.075
----
Improvement on iteration 45 =        0.134037655
back and forth on step length never finished
-----------------
f at the beginning of new iteration,       694.0927478393
Predicted improvement:       13.820011376
lambda =          1; f =          694.0984542
lambda =    0.33333; f =          694.0927552
lambda =    0.11111; f =          694.0927489
lambda =   0.037037; f =          694.0927480
lambda =   0.012346; f =          694.0927479
lambda =  0.0041152; f =          694.0927478
lambda =  0.0013717; f =          694.0927478
lambda = 0.00045725; f =          694.0927478
lambda = 0.00015242; f =          694.0927478
lambda = 5.0805e-05; f =          694.0927478
lambda = 1.6935e-05; f =          694.0924043
Norm of dx    0.77607
----
Improvement on iteration 46 =        0.000343524
-----------------
f at the beginning of new iteration,       694.0924043158
Predicted improvement:        3.108826644
lambda =          1; f =          717.2787756
lambda =    0.33333; f =          697.2798267
lambda =    0.11111; f =          694.8104447
lambda =   0.037037; f =          694.2562805
lambda =   0.012346; f =          694.1276866
lambda =  0.0041152; f =          694.1010676
lambda =  0.0013717; f =          694.0948985
lambda = 0.00045725; f =          694.0931899
lambda = 0.00015242; f =          694.0926610
lambda = 5.0805e-05; f =          694.0924893
lambda = 1.6935e-05; f =          694.0924326
lambda =  5.645e-06; f =          694.0924137
lambda = 1.8817e-06; f =          694.0924075
lambda = 6.2723e-07; f =          694.0924054
lambda = 2.0908e-07; f =          694.0924047
lambda = 6.9692e-08; f =          694.0924044
lambda = 2.3231e-08; f =          694.0924044
lambda = 7.7435e-09; f =          694.0924043
lambda = 2.5812e-09; f =          694.0924043

lambda =

  -6.2723e-07

lambda = -6.2723e-07; f =          694.0924033
Norm of dx    0.20358
----
Improvement on iteration 47 =        0.000001045
-----------------
f at the beginning of new iteration,       694.0924032703
Predicted improvement:        4.573697889
lambda =          1; f =          694.0924033
lambda =    0.33333; f =          694.0924033
lambda =    0.11111; f =          694.0924033
lambda =   0.037037; f =          693.7669845
lambda =   0.071599; f =          694.0924033
lambda =   0.048211; f =          694.0924033
lambda =   0.038027; f =          693.7586566
lambda =   0.043845; f =          694.0924033
lambda =   0.040255; f =          694.0924033
lambda =   0.038244; f =          693.7568313
lambda =   0.039438; f =          693.7468095
lambda =    0.04067; f =          694.0924033
lambda =   0.039926; f =          694.0924033
lambda =   0.039487; f =          694.0924033
Norm of dx   0.098643
Cliff.  Perturbing search direction.
Predicted improvement:        6.335967366
lambda =          1; f =          694.0924033
lambda =    0.33333; f =          694.0924033
lambda =    0.11111; f =          694.0924033
lambda =   0.037037; f =          693.6465409
lambda =   0.071599; f =          694.0924033
lambda =   0.048211; f =          694.0924033
lambda =   0.038027; f =          693.6352677
lambda =   0.043845; f =          694.0924033
lambda =   0.040255; f =          694.0924033
lambda =   0.038244; f =          693.6327978
lambda =   0.039438; f =          693.6192432
lambda =    0.04067; f =          694.0924033
lambda =   0.039926; f =          694.0924033
lambda =   0.039487; f =          694.0924033
Norm of dx    0.11856
Cliff again.  Try traversing
Predicted improvement:     6820.822606353
lambda =          1; f =         1064.5286318
lambda =    0.33333; f =          721.6540184
lambda =    0.11111; f =          695.3412640
lambda =   0.037037; f =          694.1097656
lambda =   0.012346; f =          694.0930854
lambda =  0.0041152; f =          694.0924036
lambda =  0.0013717; f =          717.3350186
lambda = 0.00045725; f =          692.7019093
lambda = 0.00015242; f =          692.4859687
lambda = 0.00029465; f =          692.0610012
Norm of dx      116.8
----
Improvement on iteration 48 =        2.031402081
-----------------
f at the beginning of new iteration,       692.0610011895
Correct for low angle: -5.2833e-05
Predicted improvement:      863.190816360
lambda =          1; f =          692.0610077
lambda =    0.33333; f =          700.2061852
lambda =    0.11111; f =          692.4127296
lambda =   0.037037; f =          691.9593533
lambda =   0.012346; f =          692.0033914
lambda =  0.0041152; f =          692.0391692
lambda =  0.0013717; f =          692.0534318
lambda = 0.00045725; f =          692.0584456
lambda = 0.00015242; f =          692.0601457
lambda = 5.0805e-05; f =          692.0607156
lambda = 1.6935e-05; f =          692.0609060
lambda =  5.645e-06; f =          692.0609694
lambda = 1.8817e-06; f =          692.0609906
lambda = 6.2723e-07; f =          692.0609977
lambda = 2.0908e-07; f =          692.0610000
lambda = 6.9692e-08; f =          692.0610008
lambda = 2.3231e-08; f =          692.0610011
lambda = 7.7435e-09; f =          692.0610011
lambda = 2.5812e-09; f =          692.0610012
Norm of dx    0.16997
----
Improvement on iteration 49 =        0.101647861
smallest step still improving too slow
-----------------
f at the beginning of new iteration,       691.9593533283
Predicted improvement:        1.397792969
lambda =          1; f =          692.3201046
lambda =    0.33333; f =          691.3373646
Norm of dx   0.031879
----
Improvement on iteration 50 =        0.621988773
--