Starting Dynare (version 4.5.7).
Starting preprocessing of the model file ...
Found 48 equation(s).
Evaluating expressions...done
Computing static model derivatives:
 - order 1
Computing dynamic model derivatives:
 - order 1
Processing outputs ...
done
Preprocessing completed.

STEADY-STATE RESULTS:

lambda         		 0.761533
R              		 1.01604
pic            		 1.00798
c              		 1.33367
w_tilda        		 1.37266
w              		 1.37266
phi_w          		 10.3112
psi_w          		 5.04409
L              		 1.01067
k              		 17.2954
k_bar          		 17.3534
i              		 0.490335
Q              		 1
d              		 8.17366
n              		 9.17969
R_e            		 1.02131
r_k            		 0.0382175
u              		 1
R_d            		 1.01758
F1             		 0.00737821
F2             		 0.0031571
F1_prim        		 0.148605
omega          		 0.469293
mc             		 0.81057
p_tilda        		 1
phi_f          		 21.1686
psi_f          		 26.1157
y              		 2.52699
Delta          		 1
z              		 0.003345
lb             		 0
lphi           		 -0.223144
lmu            		 0
llambda_f      		 -1.45372
lg             		 0.322136
lA             		 0
lsigma         		 -1.22861
lnu            		 -0.0225524
gdp_rgd_obs    		 0.3345
c_rgd_obs      		 0.3345
ifi_rgd_obs    		 0.3345
hours_kr15_obs 		 662.979
wage_rgd_obs   		 0.3345
gdpdef_obs     		 0.795155
ffr_obs        		 1.60412
dlnD           		 0.6626
credit_nom_obs 		 1.45776
bbb1yffr_obs   		 0.153442

EIGENVALUES:
         Modulus             Real        Imaginary

       1.664e-16        1.664e-16                0
       9.139e-16       -9.139e-16                0
           0.106            0.106                0
           0.125            0.125                0
          0.4779           0.4779                0
          0.5042           0.5042                0
          0.5508           0.5508                0
           0.558           0.5044           0.2385
           0.558           0.5044          -0.2385
          0.5606           0.5606                0
          0.7947           0.7947                0
          0.8482           0.8482                0
           0.887            0.887                0
          0.9192           0.9192                0
          0.9306           0.9306                0
          0.9404           0.9404                0
          0.9509           0.9509                0
          0.9642           0.9642                0
            1.01             1.01                0
            1.08             1.08                0
           1.128            1.128                0
           1.251            1.251                0
           1.481            1.388           0.5173
           1.481            1.388          -0.5173
           1.651            1.651                0
           2.513            2.513                0
       1.587e+17       -1.587e+17                0
       1.656e+19        1.656e+19                0
       2.615e+20       -2.615e+20                0
       8.586e+20        8.586e+20                0
       1.733e+22       -1.733e+22                0
       1.831e+22       -1.831e+22                0
       3.481e+23        3.481e+23                0
       8.891e+33       -8.891e+33                0
             Inf              Inf                0


There are 17 eigenvalue(s) larger than 1 in modulus 
for 17 forward-looking variable(s)

The rank condition is verified.


Prior distribution for parameter rho_sigma has unbounded density!
Prior distribution for parameter rho_nu has unbounded density!
Initial value of the log posterior (or likelihood): -1039.2556
-----------------
f at the beginning of new iteration,      1039.2556374877
Predicted improvement:      591.469781467
lambda =          1; f =         1039.2982704
lambda =    0.33333; f =         1039.2595195
lambda =    0.11111; f =         1039.2558405
lambda =   0.037037; f =         1037.8589631
lambda =   0.012346; f =         1030.3215784
Norm of dx    0.34394
----
Improvement on iteration 1 =        8.934059126
-----------------
f at the beginning of new iteration,      1030.3215783620
Predicted improvement:      796.167896947
lambda =          1; f =         1030.4276500
lambda =    0.33333; f =         1030.3221751
lambda =    0.11111; f =          915.5555301
Norm of dx    0.61195
----
Improvement on iteration 2 =      114.766048263
-----------------
f at the beginning of new iteration,       915.5555300989
Predicted improvement:       39.941422827
lambda =          1; f =          904.5195516
lambda =    0.33333; f =          893.4205208
lambda =    0.64439; f =          884.1731179
Norm of dx   0.083754
----
Improvement on iteration 3 =       31.382412209
-----------------
f at the beginning of new iteration,       884.1731178900
Predicted improvement:       22.900624478
lambda =          1; f =          884.1731597
lambda =    0.33333; f =          875.0312103
Norm of dx   0.079353
----
Improvement on iteration 4 =        9.141907554
-----------------
f at the beginning of new iteration,       875.0312103364
Predicted improvement:        6.371185395
lambda =          1; f =          868.8883404
Norm of dx   0.042291
----
Improvement on iteration 5 =        6.142869914
-----------------
f at the beginning of new iteration,       868.8883404219
Predicted improvement:        2.860359179
lambda =          1; f =          864.7620010
lambda =     1.9332; f =          864.3339206
Norm of dx   0.032103
----
Improvement on iteration 6 =        4.554419784
-----------------
f at the beginning of new iteration,       864.3339206381
Predicted improvement:        3.342291914
lambda =          1; f =          859.7141682
Norm of dx   0.025683
----
Improvement on iteration 7 =        4.619752454
-----------------
f at the beginning of new iteration,       859.7141681843
Predicted improvement:        3.370660942
lambda =          1; f =          855.0306270
Norm of dx   0.061907
----
Improvement on iteration 8 =        4.683541177
-----------------
f at the beginning of new iteration,       855.0306270068
Predicted improvement:        2.038744738
lambda =          1; f =          852.5219631
Norm of dx     0.0532
----
Improvement on iteration 9 =        2.508663873
-----------------
f at the beginning of new iteration,       852.5219631339
Predicted improvement:        1.233818837
lambda =          1; f =          850.4300576
lambda =     1.9332; f =          849.1856230
Norm of dx   0.033276
----
Improvement on iteration 10 =        3.336340088
-----------------
f at the beginning of new iteration,       849.1856230460
Predicted improvement:        2.836268454
lambda =          1; f =          845.5943500
Norm of dx   0.077818
----
Improvement on iteration 11 =        3.591273028
-----------------
f at the beginning of new iteration,       845.5943500184
Predicted improvement:        1.213576112
lambda =          1; f =          844.0042789
Norm of dx   0.028281
----
Improvement on iteration 12 =        1.590071147
-----------------
f at the beginning of new iteration,       844.0042788715
Predicted improvement:        0.609581233
lambda =          1; f =          843.1969638
Norm of dx   0.023336
----
Improvement on iteration 13 =        0.807315053
-----------------
f at the beginning of new iteration,       843.1969638187
Predicted improvement:        0.415176919
lambda =          1; f =          842.5179371
lambda =     1.9332; f =          842.1615595
Norm of dx    0.02017
----
Improvement on iteration 14 =        1.035404291
-----------------
f at the beginning of new iteration,       842.1615595276
Predicted improvement:        0.696504376
lambda =          1; f =          841.0480523
lambda =     1.9332; f =          840.5341409
Norm of dx   0.040361
----
Improvement on iteration 15 =        1.627418583
-----------------
f at the beginning of new iteration,       840.5341409442
Predicted improvement:        0.482215683
lambda =          1; f =          839.8228717
lambda =     1.9332; f =          839.6045801
Norm of dx   0.026257
----
Improvement on iteration 16 =        0.929560863
-----------------
f at the beginning of new iteration,       839.6045800817
Predicted improvement:        0.217988647
lambda =          1; f =          839.2491244
lambda =     1.9332; f =          839.0581681
Norm of dx  0.0077518
----
Improvement on iteration 17 =        0.546411957
-----------------
f at the beginning of new iteration,       839.0581681251
Predicted improvement:        0.229024685
lambda =          1; f =          838.7060154
lambda =     1.9332; f =          838.5652881
Norm of dx   0.020754
----
Improvement on iteration 18 =        0.492880051
-----------------
f at the beginning of new iteration,       838.5652880741
Predicted improvement:        0.162698839
lambda =          1; f =          838.2896236
lambda =     1.9332; f =          838.1220872
lambda =     3.7372; f =          838.0440424
Norm of dx   0.014433
----
Improvement on iteration 19 =        0.521245678
-----------------
f at the beginning of new iteration,       838.0440423956
Predicted improvement:        0.213085431
lambda =          1; f =          837.7137904
lambda =     1.9332; f =          837.5802857
Norm of dx  0.0077415
----
Improvement on iteration 20 =        0.463756695
-----------------
f at the beginning of new iteration,       837.5802857005
Predicted improvement:        0.102247385
lambda =          1; f =          837.4126247
lambda =     1.9332; f =          837.3216579
Norm of dx   0.012532
----
Improvement on iteration 21 =        0.258627775
-----------------
f at the beginning of new iteration,       837.3216579259
Predicted improvement:        0.127283248
lambda =          1; f =          837.1304526
lambda =     1.9332; f =          837.0655469
Norm of dx   0.022082
----
Improvement on iteration 22 =        0.256110980
-----------------
f at the beginning of new iteration,       837.0655469461
Predicted improvement:        0.089923955
lambda =          1; f =          836.9122129
lambda =     1.9332; f =          836.8167312
lambda =     3.7372; f =          836.7615376
Norm of dx  0.0075998
----
Improvement on iteration 23 =        0.304009330
-----------------
f at the beginning of new iteration,       836.7615376158
Predicted improvement:        0.187348293
lambda =          1; f =          836.4744972
lambda =     1.9332; f =          836.3743330
Norm of dx     0.0257
----
Improvement on iteration 24 =        0.387204617
-----------------
f at the beginning of new iteration,       836.3743329992
Predicted improvement:        0.163522649
lambda =          1; f =          836.1395853
lambda =     1.9332; f =          836.1003970
Norm of dx   0.019868
----
Improvement on iteration 25 =        0.273936049
-----------------
f at the beginning of new iteration,       836.1003969501
Predicted improvement:        0.062959983
lambda =          1; f =          836.0023807
lambda =     1.9332; f =          835.9602213
Norm of dx  0.0055936
----
Improvement on iteration 26 =        0.140175678
-----------------
f at the beginning of new iteration,       835.9602212718
Predicted improvement:        0.068727979
lambda =          1; f =          835.8423125
lambda =     1.9332; f =          835.7676011
lambda =     3.7372; f =          835.7202725
Norm of dx   0.012163
----
Improvement on iteration 27 =        0.239948809
-----------------
f at the beginning of new iteration,       835.7202724631
Predicted improvement:        0.059610839
lambda =          1; f =          835.6190535
lambda =     1.9332; f =          835.5575461
lambda =     3.7372; f =          835.5314923
Norm of dx  0.0067493
----
Improvement on iteration 28 =        0.188780167
-----------------
f at the beginning of new iteration,       835.5314922961
Predicted improvement:        0.085834344
lambda =          1; f =          835.3842165
lambda =     1.9332; f =          835.2905807
lambda =     3.7372; f =          835.2282612
Norm of dx   0.014773
----
Improvement on iteration 29 =        0.303231134
-----------------
f at the beginning of new iteration,       835.2282611623
Predicted improvement:        0.086138268
lambda =          1; f =          835.0944060
lambda =     1.9332; f =          835.0393236
Norm of dx   0.017769
----
Improvement on iteration 30 =        0.188937527
-----------------
f at the beginning of new iteration,       835.0393236357
Predicted improvement:        0.061294000
lambda =          1; f =          834.9298619
lambda =     1.9332; f =          834.8515211
lambda =     3.7372; f =          834.7659188
Norm of dx    0.01363
----
Improvement on iteration 31 =        0.273404800
-----------------
f at the beginning of new iteration,       834.7659188358
Predicted improvement:        0.143306780
lambda =          1; f =          834.5363356
lambda =     1.9332; f =          834.4236563
Norm of dx   0.033862
----
Improvement on iteration 32 =        0.342262554
-----------------
f at the beginning of new iteration,       834.4236562817
Predicted improvement:        0.150765639
lambda =          1; f =          834.1735412
lambda =     1.9332; f =          834.0308965
Norm of dx   0.036269
----
Improvement on iteration 33 =        0.392759820
-----------------
f at the beginning of new iteration,       834.0308964620
Predicted improvement:        0.244628375
lambda =          1; f =          833.6479029
lambda =     1.9332; f =          833.4803834
Norm of dx   0.071644
----
Improvement on iteration 34 =        0.550513072
-----------------
f at the beginning of new iteration,       833.4803833898
Predicted improvement:        0.161791394
lambda =          1; f =          833.2322518
lambda =     1.9332; f =          833.1380509
Norm of dx   0.035272
----
Improvement on iteration 35 =        0.342332520
-----------------
f at the beginning of new iteration,       833.1380508696
Predicted improvement:        0.066299546
lambda =          1; f =          833.0325189
lambda =     1.9332; f =          832.9841344
Norm of dx   0.013858
----
Improvement on iteration 36 =        0.153916439
-----------------
f at the beginning of new iteration,       832.9841344306
Predicted improvement:        0.074536990
lambda =          1; f =          832.8548711
lambda =     1.9332; f =          832.7699681
lambda =     3.7372; f =          832.7037876
Norm of dx   0.013176
----
Improvement on iteration 37 =        0.280346850
-----------------
f at the beginning of new iteration,       832.7037875803
Predicted improvement:        0.097705801
lambda =          1; f =          832.5547325
lambda =     1.9332; f =          832.4980065
Norm of dx   0.039887
----
Improvement on iteration 38 =        0.205781054
-----------------
f at the beginning of new iteration,       832.4980065258
Predicted improvement:        0.052693593
lambda =          1; f =          832.4039599
lambda =     1.9332; f =          832.3365504
lambda =     3.7372; f =          832.2616524
Norm of dx   0.017738
----
Improvement on iteration 39 =        0.236354150
-----------------
f at the beginning of new iteration,       832.2616523762
Predicted improvement:        0.128545637
lambda =          1; f =          832.0609066
lambda =     1.9332; f =          831.9765464
Norm of dx    0.02764
----
Improvement on iteration 40 =        0.285105985
-----------------
f at the beginning of new iteration,       831.9765463911
Predicted improvement:        0.064231574
lambda =          1; f =          831.8858894
lambda =     1.9332; f =          831.8712593
Norm of dx  0.0099668
----
Improvement on iteration 41 =        0.105287129
-----------------
f at the beginning of new iteration,       831.8712592621
Predicted improvement:        0.028643562
lambda =          1; f =          831.8224186
lambda =     1.9332; f =          831.7919499
lambda =     3.7372; f =          831.7737812
Norm of dx  0.0036703
----
Improvement on iteration 42 =        0.097478088
-----------------
f at the beginning of new iteration,       831.7737811745
Predicted improvement:        0.049323171
lambda =          1; f =          831.6898769
lambda =     1.9332; f =          831.6383479
lambda =     3.7372; f =          831.6129737
Norm of dx    0.01638
----
Improvement on iteration 43 =        0.160807428
-----------------
f at the beginning of new iteration,       831.6129737462
Predicted improvement:        0.033260953
lambda =          1; f =          831.5605475
lambda =     1.9332; f =          831.5367257
Norm of dx  0.0067263
----
Improvement on iteration 44 =        0.076248022
-----------------
f at the beginning of new iteration,       831.5367257245
Predicted improvement:        0.039291406
lambda =          1; f =          831.4669314
lambda =     1.9332; f =          831.4176409
lambda =     3.7372; f =          831.3655538
Norm of dx   0.011596
----
Improvement on iteration 45 =        0.171171946
-----------------
f at the beginning of new iteration,       831.3655537781
Predicted improvement:        0.067783571
lambda =          1; f =          831.2651396
lambda =     1.9332; f =          831.2340333
Norm of dx   0.030219
----
Improvement on iteration 46 =        0.131520437
-----------------
f at the beginning of new iteration,       831.2340333413
Predicted improvement:        0.014509361
lambda =          1; f =          831.2125559
lambda =     1.9332; f =          831.2062845
Norm of dx  0.0053992
----
Improvement on iteration 47 =        0.027748817
-----------------
f at the beginning of new iteration,       831.2062845243
Predicted improvement:        0.010849010
lambda =          1; f =          831.1851317
lambda =     1.9332; f =          831.1663624
lambda =     3.7372; f =          831.1327321
lambda =     7.2247; f =          831.0776243
lambda =     13.967; f =          831.0080531
Norm of dx  0.0033962
----
Improvement on iteration 48 =        0.198231470
-----------------
f at the beginning of new iteration,       831.0080530544
Predicted improvement:        0.142554314
lambda =          1; f =          830.7907328
lambda =     1.9332; f =          830.7011691
Norm of dx   0.057065
----
Improvement on iteration 49 =        0.306883943
-----------------
f at the beginning of new iteration,       830.7011691119
Predicted improvement:        0.058364917
lambda =          1; f =          830.6170712
lambda =     1.9332; f =          830.5926946
Norm of dx   0.025785
----
Improvement on iteration 50 =        0.108474552
-----------------
f at the beginning of new iteration,       830.5926945594
Predicted improvement:        0.021790218
lambda =          1; f =          830.5527989
lambda =     1.9332; f =          830.5215738
lambda =     3.7372; f =          830.4754553
lambda =     7.2247; f =          830.4417087
Norm of dx   0.020103
----
Improvement on iteration 51 =        0.150985850
-----------------
f at the beginning of new iteration,       830.4417087089
Predicted improvement:        0.190570076
lambda =          1; f =          830.2187941
Norm of dx     0.1698
----
Improvement on iteration 52 =        0.222914562
-----------------
f at the beginning of new iteration,       830.2187941468
Predicted improvement:        0.563999390
lambda =          1; f =          829.7001558
Norm of dx   0.068671
----
Improvement on iteration 53 =        0.518638394
-----------------
f at the beginning of new iteration,       829.7001557524
Predicted improvement:        1.187732564
lambda =          1; f =          831.0049307
lambda =    0.33333; f =          829.4670694
lambda =    0.11111; f =          829.5067841
lambda =     0.2148; f =          829.4377826
Norm of dx    0.14964
----
Improvement on iteration 54 =        0.262373106
-----------------
f at the beginning of new iteration,       829.4377826461
Predicted improvement:        0.448188977
lambda =          1; f =          829.6424345
lambda =    0.33333; f =          829.2246903
lambda =    0.64439; f =          829.2360698
Norm of dx    0.10204
----
Improvement on iteration 55 =        0.213092362
-----------------
f at the beginning of new iteration,       829.2246902844
Predicted improvement:        0.274197960
lambda =          1; f =          828.9141778
Norm of dx   0.062659
----
Improvement on iteration 56 =        0.310512525
-----------------
f at the beginning of new iteration,       828.9141777595
Predicted improvement:        0.141572984
lambda =          1; f =          828.7133613
lambda =     1.9332; f =          828.6798979
Norm of dx   0.019592
----
Improvement on iteration 57 =        0.234279826
-----------------
f at the beginning of new iteration,       828.6798979335
Predicted improvement:        0.168147256
lambda =          1; f =          828.4927983
Norm of dx    0.04172
----
Improvement on iteration 58 =        0.187099586
-----------------
f at the beginning of new iteration,       828.4927983479
Predicted improvement:        0.121983825
lambda =          1; f =          828.3329857
Norm of dx   0.029761
----
Improvement on iteration 59 =        0.159812609
-----------------
f at the beginning of new iteration,       828.3329857390
Predicted improvement:        0.128012224
lambda =          1; f =          828.1732420
Norm of dx   0.028835
----
Improvement on iteration 60 =        0.159743699
-----------------
f at the beginning of new iteration,       828.1732420397
Predicted improvement:        0.123109536
lambda =          1; f =          827.9953318
lambda =     1.9332; f =          827.9611874
Norm of dx   0.025148
----
Improvement on iteration 61 =        0.212054687
-----------------
f at the beginning of new iteration,       827.9611873528
Predicted improvement:        0.169577320
lambda =          1; f =          827.6879652
lambda =     1.9332; f =          827.5499860
Norm of dx   0.032636
----
Improvement on iteration 62 =        0.411201361
-----------------
f at the beginning of new iteration,       827.5499859913
Predicted improvement:        0.440817001
lambda =          1; f =          826.8884487
lambda =     1.9332; f =          829.3354320
lambda =     1.3017; f =          826.9209896
Norm of dx   0.072389
----
Improvement on iteration 63 =        0.661537263
-----------------
f at the beginning of new iteration,       826.8884487282
Predicted improvement:        0.926663315
lambda =          1; f =          827.2911242
lambda =    0.33333; f =          826.5177898
Norm of dx    0.13336
----
Improvement on iteration 64 =        0.370658935
-----------------
f at the beginning of new iteration,       826.5177897928
Predicted improvement:        0.585021492
lambda =          1; f =          826.5178171
lambda =    0.33333; f =          826.4877970
lambda =    0.11111; f =          826.4115484
lambda =     0.2148; f =          826.3783152
Norm of dx    0.11355
----
Improvement on iteration 65 =        0.139474625
-----------------
f at the beginning of new iteration,       826.3783151682
Predicted improvement:        0.183696612
lambda =          1; f =          826.1938633
Norm of dx   0.025974
----
Improvement on iteration 66 =        0.184451909
-----------------
f at the beginning of new iteration,       826.1938632594
Predicted improvement:        0.044218089
lambda =          1; f =          826.1653875
Norm of dx   0.011886
----
Improvement on iteration 67 =        0.028475799
-----------------
f at the beginning of new iteration,       826.1653874601
Predicted improvement:        0.044346817
lambda =          1; f =          826.1140711
Norm of dx  0.0096193
----
Improvement on iteration 68 =        0.051316392
-----------------
f at the beginning of new iteration,       826.1140710684
Predicted improvement:        0.040980939
lambda =          1; f =          826.0439950
lambda =     1.9332; f =          826.0001675
lambda =     3.7372; f =          825.9750786
Norm of dx  0.0068659
----
Improvement on iteration 69 =        0.138992497
-----------------
f at the beginning of new iteration,       825.9750785710
Predicted improvement:        0.110212805
lambda =          1; f =          825.7937335
lambda =     1.9332; f =          825.6954398
Norm of dx   0.023259
----
Improvement on iteration 70 =        0.279638802
-----------------
f at the beginning of new iteration,       825.6954397687
Predicted improvement:        0.123977082
lambda =          1; f =          825.5718256
Norm of dx    0.03876
----
Improvement on iteration 71 =        0.123614141
-----------------
f at the beginning of new iteration,       825.5718256273
Predicted improvement:        0.035285268
lambda =          1; f =          825.5404487
Norm of dx   0.009174
----
Improvement on iteration 72 =        0.031376967
-----------------
f at the beginning of new iteration,       825.5404486599
Predicted improvement:        0.016507971
lambda =          1; f =          825.5178441
Norm of dx  0.0068859
----
Improvement on iteration 73 =        0.022604573
-----------------
f at the beginning of new iteration,       825.5178440866
Predicted improvement:        0.015230359
lambda =          1; f =          825.4943442
lambda =     1.9332; f =          825.4851407
Norm of dx  0.0051945
----
Improvement on iteration 74 =        0.032703408
-----------------
f at the beginning of new iteration,       825.4851406791
Predicted improvement:        0.022814863
lambda =          1; f =          825.4421323
lambda =     1.9332; f =          825.4067164
lambda =     3.7372; f =          825.3512033
lambda =     7.2247; f =          825.2925453
Norm of dx  0.0071582
----
Improvement on iteration 75 =        0.192595407
-----------------
f at the beginning of new iteration,       825.2925452719
Predicted improvement:        0.157936112
lambda =          1; f =          825.0600593
lambda =     1.9332; f =          824.9895600
Norm of dx   0.047751
----
Improvement on iteration 76 =        0.302985310
-----------------
f at the beginning of new iteration,       824.9895599623
Predicted improvement:        0.147041930
lambda =          1; f =          824.7895631
Norm of dx    0.03926
----
Improvement on iteration 77 =        0.199996911
-----------------
f at the beginning of new iteration,       824.7895630511
Predicted improvement:        0.078942767
lambda =          1; f =          824.6796080
Norm of dx   0.029917
----
Improvement on iteration 78 =        0.109955050
-----------------
f at the beginning of new iteration,       824.6796080010
Predicted improvement:        0.059770000
lambda =          1; f =          824.5953732
lambda =     1.9332; f =          824.5788154
Norm of dx   0.028628
----
Improvement on iteration 79 =        0.100792619
-----------------
f at the beginning of new iteration,       824.5788153823
Predicted improvement:        0.037043906
lambda =          1; f =          824.5225316
lambda =     1.9332; f =          824.5012145
Norm of dx  0.0076319
----
Improvement on iteration 80 =        0.077600925
-----------------
f at the beginning of new iteration,       824.5012144574
Predicted improvement:        0.049534009
lambda =          1; f =          824.4288241
lambda =     1.9332; f =          824.4100546
Norm of dx   0.015156
----
Improvement on iteration 81 =        0.091159829
-----------------
f at the beginning of new iteration,       824.4100546287
Predicted improvement:        0.051367071
lambda =          1; f =          824.3182461
lambda =     1.9332; f =          824.2523105
lambda =     3.7372; f =          824.1791292
Norm of dx   0.021974
----
Improvement on iteration 82 =        0.230925435
-----------------
f at the beginning of new iteration,       824.1791291942
Predicted improvement:        0.097448370
lambda =          1; f =          824.0440040
Norm of dx   0.046855
----
Improvement on iteration 83 =        0.135125242
-----------------
f at the beginning of new iteration,       824.0440039527
Predicted improvement:        0.049818990
lambda =          1; f =          823.9840282
Norm of dx   0.024397
----
Improvement on iteration 84 =        0.059975731
-----------------
f at the beginning of new iteration,       823.9840282213
Predicted improvement:        0.013313750
lambda =          1; f =          823.9621139
lambda =     1.9332; f =          823.9503889
Norm of dx  0.0099046
----
Improvement on iteration 85 =        0.033639296
-----------------
f at the beginning of new iteration,       823.9503889257
Predicted improvement:        0.026159819
lambda =          1; f =          823.9037716
lambda =     1.9332; f =          823.8707213
lambda =     3.7372; f =          823.8363936
Norm of dx   0.010206
----
Improvement on iteration 86 =        0.113995280
-----------------
f at the beginning of new iteration,       823.8363936452
Predicted improvement:        0.089683551
lambda =          1; f =          823.6807631
lambda =     1.9332; f =          823.5792706
lambda =     3.7372; f =          823.5088529
Norm of dx   0.040215
----
Improvement on iteration 87 =        0.327540724
-----------------
f at the beginning of new iteration,       823.5088529217
Predicted improvement:        0.105894628
lambda =          1; f =          823.4046252
Norm of dx   0.030403
----
Improvement on iteration 88 =        0.104227757
-----------------
f at the beginning of new iteration,       823.4046251643
Predicted improvement:        0.024065456
lambda =          1; f =          823.3808069
Norm of dx   0.010192
----
Improvement on iteration 89 =        0.023818216
-----------------
f at the beginning of new iteration,       823.3808069483
Predicted improvement:        0.003017601
lambda =          1; f =          823.3759983
lambda =     1.9332; f =          823.3737053
Norm of dx  0.0071193
----
Improvement on iteration 90 =        0.007101630
-----------------
f at the beginning of new iteration,       823.3737053178
Predicted improvement:        0.004416457
lambda =          1; f =          823.3656937
lambda =     1.9332; f =          823.3596806
lambda =     3.7372; f =          823.3520648
Norm of dx  0.0042396
----
Improvement on iteration 91 =        0.021640481
-----------------
f at the beginning of new iteration,       823.3520648366
Predicted improvement:        0.019602347
lambda =          1; f =          823.3196211
lambda =     1.9332; f =          823.3014419
Norm of dx   0.013122
----
Improvement on iteration 92 =        0.050622939
-----------------
f at the beginning of new iteration,       823.3014418975
Predicted improvement:        0.021842213
lambda =          1; f =          823.2735136
Norm of dx   0.016128
----
Improvement on iteration 93 =        0.027928256
-----------------
f at the beginning of new iteration,       823.2735136416
Predicted improvement:        0.004770458
lambda =          1; f =          823.2675851
Norm of dx  0.0074758
----
Improvement on iteration 94 =        0.005928520
-----------------
f at the beginning of new iteration,       823.2675851217
Predicted improvement:        0.001374219
lambda =          1; f =          823.2653717
lambda =     1.9332; f =          823.2643003
Norm of dx  0.0027152
----
Improvement on iteration 95 =        0.003284788
-----------------
f at the beginning of new iteration,       823.2643003334
Predicted improvement:        0.001992707
lambda =          1; f =          823.2606467
lambda =     1.9332; f =          823.2578395
lambda =     3.7372; f =          823.2541055
Norm of dx  0.0020281
----
Improvement on iteration 96 =        0.010194788
-----------------
f at the beginning of new iteration,       823.2541055449
Predicted improvement:        0.009365066
lambda =          1; f =          823.2387894
lambda =     1.9332; f =          823.2307235
Norm of dx   0.009353
----
Improvement on iteration 97 =        0.023382033
-----------------
f at the beginning of new iteration,       823.2307235120
Predicted improvement:        0.009497464
lambda =          1; f =          823.2177686
Norm of dx   0.011626
----
Improvement on iteration 98 =        0.012954877
-----------------
f at the beginning of new iteration,       823.2177686345
Predicted improvement:        0.003737677
lambda =          1; f =          823.2130064
Norm of dx  0.0057607
----
Improvement on iteration 99 =        0.004762226
-----------------
f at the beginning of new iteration,       823.2130064082
Predicted improvement:        0.001275884
lambda =          1; f =          823.2108854
lambda =     1.9332; f =          823.2096756
Norm of dx  0.0020884
----
Improvement on iteration 100 =        0.003330823
-----------------
f at the beginning of new iteration,       823.2096755847
Predicted improvement:        0.002696750
lambda =          1; f =          823.2047811
lambda =     1.9332; f =          823.2010939
lambda =     3.7372; f =          823.1962487
Norm of dx  0.0036808
----
Improvement on iteration 101 =        0.013426931
-----------------
f at the beginning of new iteration,       823.1962486538
Predicted improvement:        0.012034311
lambda =          1; f =          823.1746939
lambda =     1.9332; f =          823.1589316
lambda =     3.7372; f =          823.1395800
Norm of dx    0.01633
----
Improvement on iteration 102 =        0.056668655
-----------------
f at the beginning of new iteration,       823.1395799988
Predicted improvement:        0.027787167
lambda =          1; f =          823.0954313
lambda =     1.9332; f =          823.0748997
Norm of dx    0.03875
----
Improvement on iteration 103 =        0.064680294
-----------------
f at the beginning of new iteration,       823.0748997046
Predicted improvement:        0.020913201
lambda =          1; f =          823.0426054
lambda =     1.9332; f =          823.0332499
Norm of dx   0.017179
----
Improvement on iteration 104 =        0.041649814
-----------------
f at the beginning of new iteration,       823.0332498903
Predicted improvement:        0.005995634
lambda =          1; f =          823.0236425
lambda =     1.9332; f =          823.0190220
Norm of dx  0.0080473
----
Improvement on iteration 105 =        0.014227865
-----------------
f at the beginning of new iteration,       823.0190220258
Predicted improvement:        0.008233698
lambda =          1; f =          823.0044046
lambda =     1.9332; f =          822.9941141
lambda =     3.7372; f =          822.9833504
Norm of dx  0.0070484
----
Improvement on iteration 106 =        0.035671655
-----------------
f at the beginning of new iteration,       822.9833503709
Predicted improvement:        0.028186412
lambda =          1; f =          822.9327395
lambda =     1.9332; f =          822.8959621
lambda =     3.7372; f =          822.8539890
Norm of dx   0.038475
----
Improvement on iteration 107 =        0.129361341
-----------------
f at the beginning of new iteration,       822.8539890302
Predicted improvement:        0.061616140
lambda =          1; f =          822.7828588
Norm of dx   0.085244
----
Improvement on iteration 108 =        0.071130194
-----------------
f at the beginning of new iteration,       822.7828588359
Predicted improvement:        0.014013733
lambda =          1; f =          822.7675308
Norm of dx   0.011798
----
Improvement on iteration 109 =        0.015328031
-----------------
f at the beginning of new iteration,       822.7675308050
Predicted improvement:        0.003163216
lambda =          1; f =          822.7619748
lambda =     1.9332; f =          822.7581790
lambda =     3.7372; f =          822.7546354
Norm of dx  0.0048701
----
Improvement on iteration 110 =        0.012895424
-----------------
f at the beginning of new iteration,       822.7546353811
Predicted improvement:        0.010005397
lambda =          1; f =          822.7361773
lambda =     1.9332; f =          822.7217572
lambda =     3.7372; f =          822.7015635
lambda =     7.2247; f =          822.6913015
Norm of dx    0.00774
----
Improvement on iteration 111 =        0.063333900
-----------------
f at the beginning of new iteration,       822.6913014813
Predicted improvement:        0.021904190
lambda =          1; f =          822.6632054
Norm of dx    0.04163
----
Improvement on iteration 112 =        0.028096081
-----------------
f at the beginning of new iteration,       822.6632053998
Predicted improvement:        0.004733043
lambda =          1; f =          822.6577628
Norm of dx   0.015188
----
Improvement on iteration 113 =        0.005442569
-----------------
f at the beginning of new iteration,       822.6577628309
Predicted improvement:        0.000732655
lambda =          1; f =          822.6566127
lambda =     1.9332; f =          822.6561019
Norm of dx  0.0020076
----
Improvement on iteration 114 =        0.001660937
-----------------
f at the beginning of new iteration,       822.6561018940
Predicted improvement:        0.001052302
lambda =          1; f =          822.6541758
lambda =     1.9332; f =          822.6527034
lambda =     3.7372; f =          822.6507462
Norm of dx  0.0029544
----
Improvement on iteration 115 =        0.005355670
-----------------
f at the beginning of new iteration,       822.6507462243
Predicted improvement:        0.006459022
lambda =          1; f =          822.6390067
lambda =     1.9332; f =          822.6302048
lambda =     3.7372; f =          822.6191549
Norm of dx  0.0074364
----
Improvement on iteration 116 =        0.031591339
-----------------
f at the beginning of new iteration,       822.6191548856
Predicted improvement:        0.031551028
lambda =          1; f =          822.5607494
lambda =     1.9332; f =          822.5147695
lambda =     3.7372; f =          822.4494029
lambda =     7.2247; f =          822.4126818
Norm of dx   0.045001
----
Improvement on iteration 117 =        0.206473067
-----------------
f at the beginning of new iteration,       822.4126818189
Predicted improvement:        0.154944311
lambda =          1; f =          822.1396662
lambda =     1.9332; f =          821.9510974
lambda =     3.7372; f =          821.7691072
Norm of dx    0.16821
----
Improvement on iteration 118 =        0.643574593
-----------------
f at the beginning of new iteration,       821.7691072262
Predicted improvement:        0.062699815
lambda =          1; f =          821.6959595
Norm of dx    0.19899
----
Improvement on iteration 119 =        0.073147713
-----------------
f at the beginning of new iteration,       821.6959595134
Predicted improvement:        0.006836889
lambda =          1; f =          821.6882362
Norm of dx    0.02543
----
Improvement on iteration 120 =        0.007723301
-----------------
f at the beginning of new iteration,       821.6882362128
Predicted improvement:        0.001314534
lambda =          1; f =          821.6867301
Norm of dx   0.007725
----
Improvement on iteration 121 =        0.001506107
-----------------
f at the beginning of new iteration,       821.6867301060
Predicted improvement:        0.000736760
lambda =          1; f =          821.6855216
lambda =     1.9332; f =          821.6848677
Norm of dx  0.0035928
----
Improvement on iteration 122 =        0.001862425
-----------------
f at the beginning of new iteration,       821.6848676809
Predicted improvement:        0.001651176
lambda =          1; f =          821.6819056
lambda =     1.9332; f =          821.6797494
lambda =     3.7372; f =          821.6772232
Norm of dx  0.0062034
----
Improvement on iteration 123 =        0.007644474
-----------------
f at the beginning of new iteration,       821.6772232065
Predicted improvement:        0.007815121
lambda =          1; f =          821.6631151
lambda =     1.9332; f =          821.6526881
lambda =     3.7372; f =          821.6400700
Norm of dx   0.013216
----
Improvement on iteration 124 =        0.037153184
-----------------
f at the beginning of new iteration,       821.6400700230
Predicted improvement:        0.051392992
lambda =          1; f =          821.5486931
lambda =     1.9332; f =          821.4836785
lambda =     3.7372; f =          821.4124121
Norm of dx   0.080182
----
Improvement on iteration 125 =        0.227657919
-----------------
f at the beginning of new iteration,       821.4124121038
Predicted improvement:        0.183640698
lambda =          1; f =          821.1012637
lambda =     1.9332; f =          820.9203039
Norm of dx    0.34682
----
Improvement on iteration 126 =        0.492108220
-----------------
f at the beginning of new iteration,       820.9203038840
Predicted improvement:        0.229070569
lambda =          1; f =          820.6496692
Norm of dx     0.3387
----
Improvement on iteration 127 =        0.270634639
-----------------
f at the beginning of new iteration,       820.6496692447
Predicted improvement:        0.028779798
lambda =          1; f =          820.6233056
Norm of dx   0.044491
----
Improvement on iteration 128 =        0.026363667
-----------------
f at the beginning of new iteration,       820.6233055779
Predicted improvement:        0.002241139
lambda =          1; f =          820.6204307
Norm of dx   0.014144
----
Improvement on iteration 129 =        0.002874914
-----------------
f at the beginning of new iteration,       820.6204306637
Predicted improvement:        0.001063131
lambda =          1; f =          820.6191048
Norm of dx  0.0050805
----
Improvement on iteration 130 =        0.001325893
-----------------
f at the beginning of new iteration,       820.6191047705
Predicted improvement:        0.000289658
lambda =          1; f =          820.6187809
Norm of dx  0.0070979
----
Improvement on iteration 131 =        0.000323892
-----------------
f at the beginning of new iteration,       820.6187808786
Predicted improvement:        0.000031540
lambda =          1; f =          820.6187432
Norm of dx  0.0010377
----
Improvement on iteration 132 =        0.000037674
-----------------
f at the beginning of new iteration,       820.6187432045
Predicted improvement:        0.000010940
lambda =          1; f =          820.6187250
lambda =     1.9332; f =          820.6187141
Norm of dx 0.00064586
----
Improvement on iteration 133 =        0.000029061
-----------------
f at the beginning of new iteration,       820.6187141438
Predicted improvement:        0.000032570
lambda =          1; f =          820.6186562
lambda =     1.9332; f =          820.6186152
lambda =     3.7372; f =          820.6185712
Norm of dx  0.0004916
----
Improvement on iteration 134 =        0.000142913
-----------------
f at the beginning of new iteration,       820.6185712306
Predicted improvement:        0.000135268
lambda =          1; f =          820.6183125
lambda =     1.9332; f =          820.6180921
lambda =     3.7372; f =          820.6177236
lambda =     7.2247; f =          820.6172258
Norm of dx   0.001249
----
Improvement on iteration 135 =        0.001345471
-----------------
f at the beginning of new iteration,       820.6172257601
Predicted improvement:        0.001984582
lambda =          1; f =          820.6136182
lambda =     1.9332; f =          820.6109015
lambda =     3.7372; f =          820.6074325
Norm of dx   0.015064
----
Improvement on iteration 136 =        0.009793276
-----------------
f at the beginning of new iteration,       820.6074324842
Predicted improvement:        0.008883757
lambda =          1; f =          820.5923710
lambda =     1.9332; f =          820.5831841
lambda =     3.7372; f =          820.5786951
Norm of dx   0.068239
----
Improvement on iteration 137 =        0.028737404
-----------------
f at the beginning of new iteration,       820.5786950798
Predicted improvement:        0.008329072
lambda =          1; f =          820.5676094
Norm of dx   0.022928
----
Improvement on iteration 138 =        0.011085686
-----------------
f at the beginning of new iteration,       820.5676093935
Predicted improvement:        0.001610453
lambda =          1; f =          820.5659976
Norm of dx  0.0090813
----
Improvement on iteration 139 =        0.001611837
-----------------
f at the beginning of new iteration,       820.5659975570
Predicted improvement:        0.000007520
lambda =          1; f =          820.5659912
Norm of dx  0.0019945
----
Improvement on iteration 140 =        0.000006399
-----------------
f at the beginning of new iteration,       820.5659911580
Predicted improvement:        0.000000841
lambda =          1; f =          820.5659900
lambda =     1.9332; f =          820.5659897
Norm of dx 0.00051333
----
Improvement on iteration 141 =        0.000001409
-----------------
f at the beginning of new iteration,       820.5659897491
Predicted improvement:        0.000000601
lambda =          1; f =          820.5659886
lambda =     1.9332; f =          820.5659877
lambda =     3.7372; f =          820.5659861
lambda =     7.2247; f =          820.5659847
Norm of dx  8.457e-05
----
Improvement on iteration 142 =        0.000005000
-----------------
f at the beginning of new iteration,       820.5659847490
Predicted improvement:        0.000004603
lambda =          1; f =          820.5659755
lambda =     1.9332; f =          820.5659675
lambda =     3.7372; f =          820.5659526
lambda =     7.2247; f =          820.5659274
lambda =     13.967; f =          820.5658920
lambda =         27; f =          820.5658724
Norm of dx 0.00015295
----
Improvement on iteration 143 =        0.000112371
-----------------
f at the beginning of new iteration,       820.5658723779
Predicted improvement:        0.000115487
lambda =          1; f =          820.5656491
lambda =     1.9332; f =          820.5654555
lambda =     3.7372; f =          820.5651226
lambda =     7.2247; f =          820.5646331
lambda =     13.967; f =          820.5642659
Norm of dx  0.0026487
----
Improvement on iteration 144 =        0.001606482
-----------------
f at the beginning of new iteration,       820.5642658960
Predicted improvement:        0.000815670
lambda =          1; f =          820.5630809
lambda =     1.9332; f =          820.5627900
Norm of dx   0.023138
----
Improvement on iteration 145 =        0.001475868
-----------------
f at the beginning of new iteration,       820.5627900282
Predicted improvement:        0.000053780
lambda =          1; f =          820.5627378
Norm of dx     0.0047
----
Improvement on iteration 146 =        0.000052196
-----------------
f at the beginning of new iteration,       820.5627378324
Predicted improvement:        0.000001017
lambda =          1; f =          820.5627370
Norm of dx 0.00037946
----
Improvement on iteration 147 =        0.000000879
-----------------
f at the beginning of new iteration,       820.5627369536
Predicted improvement:        0.000000026
lambda =          1; f =          820.5627369
lambda =     1.9332; f =          820.5627370
lambda =     1.3017; f =          820.5627370
lambda =     1.0267; f =          820.5627369
lambda =     1.1838; f =          820.5627369
lambda =      1.365; f =          820.5627369
Norm of dx 6.1231e-05
----
Improvement on iteration 148 =        0.000000099
improvement < crit termination
warning: possible inaccuracy in H matrix

Final value of minus the log posterior (or likelihood):820.562737 

MODE CHECK

Fval obtained by the minimization routine (minus the posterior/likelihood)): 820.562737
Exiting fzero: aborting search for an interval containing a sign change
    because complex function value encountered during search.
(Function value at -7 is -2.5107+0.034694i.)
Check function or try again with a different starting value.
Exiting fzero: aborting search for an interval containing a sign change
    because complex function value encountered during search.
(Function value at -7 is -2.3055+0.043732i.)
Check function or try again with a different starting value.
Exiting fzero: aborting search for an interval containing a sign change
    because complex function value encountered during search.
(Function value at -7 is -5.3791+0.0025085i.)
Check function or try again with a different starting value.

RESULTS FROM POSTERIOR ESTIMATION
parameters
           prior mean     mode    s.d. prior pstdev

alpha          0.330   0.1852  0.0209 beta  0.0500 
zeta_p         0.600   0.7054  0.0323 beta  0.2000 
iota_p         0.500   0.1366  0.0840 beta  0.2000 
s_bis          0.500   0.4818  0.0806 gamm  0.1000 
h              0.700   0.7249  0.0339 beta  0.0500 
a_bis          0.200   0.0265  0.0134 gamm  0.1000 
nu_l           2.000   2.2773  0.6718 gamm  0.7500 
zeta_w         0.600   0.3343  0.0428 beta  0.2000 
iota_w         0.500   0.0694  0.0435 beta  0.2000 
r_star         2.000   1.4904  0.4124 gamm  1.0000 
psi_1          1.500   1.5122  0.0885 gamm  0.4000 
psi_2          0.200   0.0201  0.0107 gamm  0.1000 
rho_R          0.500   0.5513  0.0429 beta  0.2000 
pi_star        3.010   4.1172  1.0059 norm  1.5000 
gamma_star     2.000   2.9094  0.2766 gamm  1.0000 
lambda_f       0.150   0.2472  0.1062 gamm  0.1000 
gg_star        0.300   0.2645  0.0728 gamm  0.1000 
L_adj        662.000 662.1202  0.9894 norm  1.0000 
D_adj          0.500   0.3655  0.0751 norm  0.1000 
chi            0.120   0.1212  0.0099 beta  0.0100 
nu             0.975   0.9767  0.0009 beta  0.0010 
sigma          0.300   0.2979  0.0101 gamm  0.0100 
rho_z          0.200   0.0775  0.0475 beta  0.1000 
rho_phi        0.600   0.9707  0.0082 beta  0.2000 
rho_lambda_f   0.600   0.9958  0.0032 beta  0.2000 
rho_mu         0.800   0.7777  0.0517 beta  0.0500 
rho_b          0.600   0.1500  0.0850 beta  0.2000 
rho_g          0.800   0.9089  0.0227 beta  0.0500 
rho_sigma      0.800   0.9183  0.0214 beta  0.2000 
rho_nu         0.800   0.4223  0.0792 beta  0.2000 

standard deviation of shocks
           prior mean     mode    s.d. prior pstdev

eps_z          0.500   0.6682  0.0509 invg     Inf 
eps_phi        2.000   3.8570  0.9259 invg     Inf 
eps_lambda_f   0.500   6.0395  2.1763 invg     Inf 
eps_mu         0.500   0.7162  0.0885 invg     Inf 
eps_b          0.500   1.6979  0.2457 invg     Inf 
eps_g          0.500   0.5916  0.0429 invg     Inf 
eps_R          0.250   0.3041  0.0271 invg     Inf 
eps_sigma      0.500   6.4046  0.9968 invg     Inf 
eps_nu         0.500   0.7067  0.0638 invg     Inf 


Log data density [Laplace approximation] is -901.762002.

Estimation::mcmc: One Chain mode.
Estimation::mcmc: Initialization at the posterior mode.

Estimation::mcmc: Write details about the MCMC... Ok!
Estimation::mcmc: Details about the MCMC are available in KR15_FF/metropolis\KR15_FF_mh_history_0.mat

Exiting fzero: aborting search for an interval containing a sign change
    because complex function value encountered during search.
(Function value at -7 is -5.1478+0.00028141i.)
Check function or try again with a different starting value.
Exiting fzero: aborting search for an interval containing a sign change
    because complex function value encountered during search.
(Function value at -7 is -3.5499+0.0064423i.)
Check function or try again with a different starting value.
Exiting fzero: aborting search for an interval containing a sign change
    because complex function value encountered during search.
(Function value at -7 is -5.2347-0.00038579i.)
Check function or try again with a different starting value.
Exiting fzero: aborting search for an interval containing a sign change
    because complex function value encountered during search.
(Function value at -7 is -4.6149-0.00023841i.)
Check function or try again with a different starting value.
Exiting fzero: aborting search for an interval containing a sign change
    because complex function value encountered during search.
(Function value at -7 is -5.0866-0.0030401i.)
Check function or try again with a different starting value.
Exiting fzero: aborting search for an interval containing a sign change
    because complex function value encountered during search.
(Function value at -7 is -2.1707+0.0055024i.)
Check function or try again with a different starting value.
Exiting fzero: aborting search for an interval containing a sign change
    because complex function value encountered during search.
(Function value at -7 is -2.3982+0.0031836i.)
Check function or try again with a different starting value.
Exiting fzero: aborting search for an interval containing a sign change
    because complex function value encountered during search.
(Function value at -7 is -2.1143-0.0093559i.)
Check function or try again with a different starting value.
Exiting fzero: aborting search for an interval containing a sign change
    because complex function value encountered during search.
(Function value at -7 is -2.0668+0.00437i.)
Check function or try again with a different starting value.
Exiting fzero: aborting search for an interval containing a sign change
    because complex function value encountered during search.
(Function value at -7 is -2.2137+0.0037372i.)
Check function or try again with a different starting value.
Exiting fzero: aborting search for an interval containing a sign change
    because complex function value encountered during search.
(Function value at -7 is -1.9762+0.0044165i.)
Check function or try again with a different starting value.
Exiting fzero: aborting search for an interval containing a sign change
    because complex function value encountered during search.
(Function value at -7 is -2.0008+0.0032318i.)
Check function or try again with a different starting value.
Exiting fzero: aborting search for an interval containing a sign change
    because complex function value encountered during search.
(Function value at -7 is -1.9439-0.001974i.)
Check function or try again with a different starting value.
Exiting fzero: aborting search for an interval containing a sign change
    because complex function value encountered during search.
(Function value at -7 is -2.0399+0.0012379i.)
Check function or try again with a different starting value.
Exiting fzero: aborting search for an interval containing a sign change
    because complex function value encountered during search.
(Function value at -7 is -1.9703-0.0040301i.)
Check function or try again with a different starting value.
Exiting fzero: aborting search for an interval containing a sign change
    because complex function value encountered during search.
(Function value at -7 is -1.9102+0.035235i.)
Check function or try again with a different starting value.
Exiting fzero: aborting search for an interval containing a sign change
    because complex function value encountered during search.
(Function value at -7 is -1.78+0.042344i.)
Check function or try again with a different starting value.
Exiting fzero: aborting search for an interval containing a sign change
    because complex function value encountered during search.
(Function value at -7 is -1.8732+0.037991i.)
Check function or try again with a different starting value.
Exiting fzero: aborting search for an interval containing a sign change
    because complex function value encountered during search.
(Function value at -7 is -1.8929+0.040191i.)
Check function or try again with a different starting value.
Exiting fzero: aborting search for an interval containing a sign change
    because complex function value encountered during search.
(Function value at -7 is -1.831-0.012972i.)
Check function or try again with a different starting value.
Exiting fzero: aborting search for an interval containing a sign change
    because complex function value encountered during search.
(Function value at -7 is -1.9095-0.032645i.)
Check function or try again with a different starting value.
Exiting fzero: aborting search for an interval containing a sign change
    because complex function value encountered during search.
(Function value at -7 is -1.8332-0.084976i.)
Check function or try again with a different starting value.
Exiting fzero: aborting search for an interval containing a sign change
    because complex function value encountered during search.
(Function value at -7 is -1.9501-0.035139i.)
Check function or try again with a different starting value.
Exiting fzero: aborting search for an interval containing a sign change
    because complex function value encountered during search.
(Function value at -7 is -1.7866+0.042366i.)
Check function or try again with a different starting value.
Exiting fzero: aborting search for an interval containing a sign change
    because complex function value encountered during search.
(Function value at -7 is -2.0693+0.022544i.)
Check function or try again with a different starting value.
Exiting fzero: aborting search for an interval containing a sign change
    because complex function value encountered during search.
(Function value at -7 is -1.9051+0.026392i.)
Check function or try again with a different starting value.
Exiting fzero: aborting search for an interval containing a sign change
    because complex function value encountered during search.
(Function value at -7 is -1.9891+0.0024518i.)
Check function or try again with a different starting value.
Exiting fzero: aborting search for an interval containing a sign change
    because complex function value encountered during search.
(Function value at -7 is -1.9436-0.011602i.)
Check function or try again with a different starting value.
Exiting fzero: aborting search for an interval containing a sign change
    because complex function value encountered during search.
(Function value at -7 is -2.0121-0.0006959i.)
Check function or try again with a different starting value.
Exiting fzero: aborting search for an interval containing a sign change
    because complex function value encountered during search.
(Function value at -7 is -1.9012+0.025938i.)
Check function or try again with a different starting value.
Exiting fzero: aborting search for an interval containing a sign change
    because complex function value encountered during search.
(Function value at -7 is -1.9834-0.00068516i.)
Check function or try again with a different starting value.
Exiting fzero: aborting search for an interval containing a sign change
    because complex function value encountered during search.
(Function value at -7 is -1.871-0.013268i.)
Check function or try again with a different starting value.
Exiting fzero: aborting search for an interval containing a sign change
    because complex function value encountered during search.
(Function value at -7 is -1.96-0.013546i.)
Check function or try again with a different starting value.
Exiting fzero: aborting search for an interval containing a sign change
    because complex function value encountered during search.
(Function value at -7 is -1.9885-0.015718i.)
Check function or try again with a different starting value.
Exiting fzero: aborting search for an interval containing a sign change
    because complex function value encountered during search.
(Function value at -7 is -1.9326-0.015156i.)
Check function or try again with a different starting value.
Exiting fzero: aborting search for an interval containing a sign change
    because complex function value encountered during search.
(Function value at -7 is -2.0477-0.0077697i.)
Check function or try again with a different starting value.
Exiting fzero: aborting search for an interval containing a sign change
    because complex function value encountered during search.
(Function value at -7 is -1.9738-0.015723i.)
Check function or try again with a different starting value.
Exiting fzero: aborting search for an interval containing a sign change
    because complex function value encountered during search.
(Function value at -7 is -1.832-0.0064657i.)
Check function or try again with a different starting value.
Exiting fzero: aborting search for an interval containing a sign change
    because complex function value encountered during search.
(Function value at -7 is -1.8656-0.011772i.)
Check function or try again with a different starting value.
Exiting fzero: aborting search for an interval containing a sign change
    because complex function value encountered during search.
(Function value at -7 is -1.7808-0.011799i.)
Check function or try again with a different starting value.
Exiting fzero: aborting search for an interval containing a sign change
    because complex function value encountered during search.
(Function value at -7 is -1.8325-0.0010917i.)
Check function or try again with a different starting value.
Exiting fzero: aborting search for an interval containing a sign change
    because complex function value encountered during search.
(Function value at -7 is -1.815-0.0084115i.)
Check function or try again with a different starting value.
Exiting fzero: aborting search for an interval containing a sign change
    because complex function value encountered during search.
(Function value at -7 is -2.0059+0.040123i.)
Check function or try again with a different starting value.
Exiting fzero: aborting search for an interval containing a sign change
    because complex function value encountered during search.
(Function value at -7 is -4.4266-0.00024672i.)
Check function or try again with a different starting value.
Exiting fzero: aborting search for an interval containing a sign change
    because complex function value encountered during search.
(Function value at -7 is -1.8948+0.028204i.)
Check function or try again with a different starting value.
Exiting fzero: aborting search for an interval containing a sign change
    because complex function value encountered during search.
(Function value at -7 is -2.1089-0.016126i.)
Check function or try again with a different starting value.
Exiting fzero: aborting search for an interval containing a sign change
    because complex function value encountered during search.
(Function value at -7 is -2.3158-0.010151i.)
Check function or try again with a different starting value.
Exiting fzero: aborting search for an interval containing a sign change
    because complex function value encountered during search.
(Function value at -7 is -2.2916-0.016695i.)
Check function or try again with a different starting value.
Exiting fzero: aborting search for an interval containing a sign change
    because complex function value encountered during search.
(Function value at -7 is -2.2035-0.013814i.)
Check function or try again with a different starting value.
Exiting fzero: aborting search for an interval containing a sign change
    because complex function value encountered during search.
(Function value at -7 is -2.1481-0.014729i.)
Check function or try again with a different starting value.
Exiting fzero: aborting search for an interval containing a sign change
    because complex function value encountered during search.
(Function value at -7 is -2.1337-0.01408i.)
Check function or try again with a different starting value.
Exiting fzero: aborting search for an interval containing a sign change
    because complex function value encountered during search.
(Function value at -7 is -2.4099-0.00059228i.)
Check function or try again with a different starting value.
Exiting fzero: aborting search for an interval containing a sign change
    because complex function value encountered during search.
(Function value at -7 is -2.2139+0.0045114i.)
Check function or try again with a different starting value.
Exiting fzero: aborting search for an interval containing a sign change
    because complex function value encountered during search.
(Function value at -7 is -5.5058-0.015621i.)
Check function or try again with a different starting value.
Exiting fzero: aborting search for an interval containing a sign change
    because complex function value encountered during search.
(Function value at -7 is -4.6715-0.020205i.)
Check function or try again with a different starting value.
Exiting fzero: aborting search for an interval containing a sign change
    because complex function value encountered during search.
(Function value at -7 is -5.1692-0.010789i.)
Check function or try again with a different starting value.
Exiting fzero: aborting search for an interval containing a sign change
    because complex function value encountered during search.
(Function value at -7 is -5.3594-0.0056336i.)
Check function or try again with a different starting value.
Exiting fzero: aborting search for an interval containing a sign change
    because complex function value encountered during search.
(Function value at -7 is -5.03-0.021203i.)
Check function or try again with a different starting value.
Exiting fzero: aborting search for an interval containing a sign change
    because complex function value encountered during search.
(Function value at -7 is -4.4725-0.00089757i.)
Check function or try again with a different starting value.
Exiting fzero: aborting search for an interval containing a sign change
    because complex function value encountered during search.
(Function value at -7 is -2.0094+0.0027139i.)
Check function or try again with a different starting value.
Exiting fzero: aborting search for an interval containing a sign change
    because complex function value encountered during search.
(Function value at -7 is -1.9183-0.01281i.)
Check function or try again with a different starting value.
Exiting fzero: aborting search for an interval containing a sign change
    because complex function value encountered during search.
(Function value at -7 is -1.9606-0.006832i.)
Check function or try again with a different starting value.
Exiting fzero: aborting search for an interval containing a sign change
    because complex function value encountered during search.
(Function value at -7 is -1.9722-0.0002637i.)
Check function or try again with a different starting value.
Exiting fzero: aborting search for an interval containing a sign change
    because complex function value encountered during search.
(Function value at -7 is -2.0418-0.0095135i.)
Check function or try again with a different starting value.
Exiting fzero: aborting search for an interval containing a sign change
    because complex function value encountered during search.
(Function value at -7 is -2.0849-0.0076373i.)
Check function or try again with a different starting value.
Exiting fzero: aborting search for an interval containing a sign change
    because complex function value encountered during search.
(Function value at -7 is -2.1057+0.03409i.)
Check function or try again with a different starting value.

Estimation::mcmc: Number of mh files: 4 per block.
Estimation::mcmc: Total number of generated files: 4.
Estimation::mcmc: Total number of iterations: 1000000.
Estimation::mcmc: Current acceptance ratio per chain: 
                                                       Chain  1: 27.2979%
Estimation::mcmc: Total number of MH draws per chain: 1000000.
Estimation::mcmc: Total number of generated MH files: 4.
Estimation::mcmc: I'll use mh-files 1 to 4.
Estimation::mcmc: In MH-file number 1 I'll start at line 300001.
Estimation::mcmc: Finally I keep 700000 draws per chain.



MCMC Inefficiency factors per block
Parameter             Block 1
SE_eps_z              209.898
SE_eps_phi            393.458
SE_eps_lambda_f       615.725
SE_eps_mu             209.017
SE_eps_b              264.639
SE_eps_g              211.101
SE_eps_R              183.978
SE_eps_sigma          314.858
SE_eps_nu             193.232
alpha                 249.239
zeta_p                275.216
iota_p                258.374
s_bis                 234.563
h                     241.489
a_bis                 692.609
nu_l                  305.874
zeta_w                228.557
iota_w                167.200
r_star                224.727
psi_1                 358.824
psi_2                 555.134
rho_R                 236.763
pi_star               277.535
gamma_star            215.452
lambda_f              455.641
gg_star               233.430
L_adj                 181.202
D_adj                 262.565
chi                   164.385
nu                    177.962
sigma                 178.169
rho_z                 232.887
rho_phi               353.669
rho_lambda_f          462.431
rho_mu                167.484
rho_b                 203.298
rho_g                 181.164
rho_sigma             191.833
rho_nu                315.111


Geweke (1992) Convergence Tests, based on means of draws 300000 to 440000 vs 650000 to 1000000.
p-values are for Chi2-test for equality of means.
Parameter               Post. Mean        Post. Std   p-val No Taper   p-val 4% Taper   p-val 8% Taper  p-val 15% Taper
SE_eps_z                     0.696            0.055            0.199            0.941            0.938            0.937
SE_eps_phi                   4.797            1.230            0.000            0.714            0.703            0.640
SE_eps_lambda_f              7.374            2.962            0.000            0.080            0.176            0.253
SE_eps_mu                    0.736            0.094            0.000            0.701            0.672            0.600
SE_eps_b                     1.759            0.272            0.000            0.699            0.691            0.643
SE_eps_g                     0.615            0.047            0.000            0.283            0.280            0.241
SE_eps_R                     0.311            0.028            0.000            0.193            0.169            0.131
SE_eps_sigma                 7.305            1.243            0.716            0.989            0.989            0.989
SE_eps_nu                    0.736            0.068            0.000            0.127            0.137            0.073
alpha                        0.193            0.021            0.000            0.301            0.304            0.289
zeta_p                       0.696            0.038            0.050            0.924            0.917            0.899
iota_p                       0.187            0.097            0.000            0.818            0.783            0.750
s_bis                        0.466            0.084            0.000            0.548            0.496            0.324
h                            0.720            0.036            0.000            0.402            0.407            0.359
a_bis                        0.079            0.060            0.000            0.439            0.466            0.432
nu_l                         2.880            0.788            0.000            0.405            0.393            0.299
zeta_w                       0.352            0.045            0.014            0.880            0.878            0.882
iota_w                       0.084            0.041            0.016            0.864            0.860            0.848
r_star                       1.668            0.436            0.000            0.221            0.236            0.237
psi_1                        1.592            0.116            0.000            0.295            0.283            0.189
psi_2                        0.037            0.023            0.000            0.643            0.637            0.588
rho_R                        0.568            0.045            0.000            0.357            0.364            0.333
pi_star                      3.808            0.984            0.000            0.493            0.547            0.583
gamma_star                   2.775            0.309            0.000            0.213            0.253            0.248
lambda_f                     0.245            0.101            0.000            0.075            0.151            0.218
gg_star                      0.274            0.060            0.000            0.028            0.075            0.117
L_adj                      662.148            0.990            0.000            0.230            0.257            0.323
D_adj                        0.415            0.081            0.000            0.859            0.860            0.851
chi                          0.121            0.010            0.387            0.942            0.941            0.945
nu                           0.977            0.001            0.000            0.751            0.741            0.700
sigma                        0.296            0.010            0.223            0.935            0.933            0.916
rho_z                        0.117            0.055            0.159            0.930            0.932            0.937
rho_phi                      0.963            0.010            0.074            0.944            0.944            0.942
rho_lambda_f                 0.991            0.006            0.000            0.018            0.020            0.011
rho_mu                       0.768            0.050            0.943            0.995            0.996            0.995
rho_b                        0.181            0.088            0.001            0.834            0.833            0.827
rho_g                        0.908            0.021            0.000            0.189            0.168            0.118
rho_sigma                    0.918            0.021            0.000            0.534            0.493            0.453
rho_nu                       0.482            0.088            0.000            0.457            0.452            0.388


Estimation::marginal density: I'm computing the posterior mean and covariance...  Done!
Estimation::marginal density: I'm computing the posterior log marginal density (modified harmonic mean)... Done!


ESTIMATION RESULTS

Log data density is -899.747798.

parameters
               prior mean   post. mean        90% HPD interval    prior       pstdev

alpha               0.330       0.1929      0.1579      0.2271   beta        0.0500
zeta_p              0.600       0.6953      0.6345      0.7583   beta        0.2000
iota_p              0.500       0.1867      0.0341      0.3245   beta        0.2000
s_bis               0.500       0.4647      0.3248      0.5968   gamm        0.1000
h                   0.700       0.7212      0.6631      0.7818   beta        0.0500
a_bis               0.200       0.0806      0.0109      0.1764   gamm        0.1000
nu_l                2.000       2.8799      1.6277      4.1309   gamm        0.7500
zeta_w              0.600       0.3519      0.2781      0.4262   beta        0.2000
iota_w              0.500       0.0840      0.0184      0.1482   beta        0.2000
r_star              2.000       1.6735      0.9521      2.3919   gamm        1.0000
psi_1               1.500       1.5963      1.4090      1.7770   gamm        0.4000
psi_2               0.200       0.0379      0.0066      0.0690   gamm        0.1000
rho_R               0.500       0.5688      0.4964      0.6449   beta        0.2000
pi_star             3.010       3.7654      2.2407      5.4719   norm        1.5000
gamma_star          2.000       2.7683      2.2661      3.2720   gamm        1.0000
lambda_f            0.150       0.2372      0.0718      0.3797   gamm        0.1000
gg_star             0.300       0.2720      0.1762      0.3759   gamm        0.1000
L_adj             662.000     662.1410    660.5393    663.7794   norm        1.0000
D_adj               0.500       0.4155      0.2826      0.5485   norm        0.1000
chi                 0.120       0.1208      0.1046      0.1368   beta        0.0100
nu                  0.975       0.9768      0.9752      0.9783   beta        0.0010
sigma               0.300       0.2956      0.2786      0.3119   gamm        0.0100
rho_z               0.200       0.1169      0.0264      0.1980   beta        0.1000
rho_phi             0.600       0.9627      0.9466      0.9797   beta        0.2000
rho_lambda_f        0.600       0.9912      0.9833      0.9993   beta        0.2000
rho_mu              0.800       0.7675      0.6869      0.8508   beta        0.0500
rho_b               0.600       0.1802      0.0433      0.3111   beta        0.2000
rho_g               0.800       0.9075      0.8733      0.9425   beta        0.0500
rho_sigma           0.800       0.9175      0.8827      0.9526   beta        0.2000
rho_nu              0.800       0.4845      0.3415      0.6331   beta        0.2000

standard deviation of shocks
               prior mean   post. mean        90% HPD interval    prior       pstdev

eps_z               0.500       0.6949      0.6037      0.7820   invg           Inf
eps_phi             2.000       4.7961      2.9161      6.6120   invg           Inf
eps_lambda_f        0.500       7.6584      3.3342     12.3779   invg           Inf
eps_mu              0.500       0.7357      0.5825      0.8841   invg           Inf
eps_b               0.500       1.7645      1.3224      2.1940   invg           Inf
eps_g               0.500       0.6154      0.5393      0.6902   invg           Inf
eps_R               0.250       0.3112      0.2648      0.3568   invg           Inf
eps_sigma           0.500       7.3421      5.3186      9.3106   invg           Inf
eps_nu              0.500       0.7363      0.6268      0.8460   invg           Inf
Estimation::mcmc: Posterior (dsge) IRFs...
Estimation::mcmc: Posterior IRFs, done!
Estimation::mcmc: Smoothed variables
Estimation::mcmc: Smoothed variables, done!
Estimation::mcmc: Smoothed shocks
Estimation::mcmc: Smoothed shocks, done!
Estimation::mcmc: Trend_coefficients
Estimation::mcmc: Trend_coefficients, done!
Estimation::mcmc: Smoothed constant
Estimation::mcmc: Smoothed constant, done!
Estimation::mcmc: Smoothed trend
Estimation::mcmc: Smoothed trend, done!
Estimation::mcmc: Updated Variables
Estimation::mcmc: Updated Variables, done!
Estimation::mcmc: Forecasted variables (mean)
Estimation::mcmc: Forecasted variables (mean), done!
Estimation::mcmc: Forecasted variables (point)
Estimation::mcmc: Forecasted variables (point), done!
Total computing time : 17h03m28s
