Starting Dynare (version 4.5.7).
Starting preprocessing of the model file ...
Found 16 equation(s).
Evaluating expressions...done
Computing static model derivatives:
 - order 1
Computing dynamic model derivatives:
 - order 1
 - order 2
Processing outputs ...
done
Preprocessing completed.
Initial value of the log posterior (or likelihood): -1747.4213
-----------------
f at the beginning of new iteration,      1747.4213321377
Predicted improvement: 17583379.376273300
lambda =          1; f =         1747.5987548
lambda =    0.33333; f =         1747.4397967
lambda =    0.11111; f =         1747.4229947
lambda =   0.037037; f =         1747.4214144
lambda =   0.012346; f =         1629.8787916
lambda =  0.0041152; f =         1199.5475985
lambda =  0.0013717; f =          824.8657368
lambda = 0.00045725; f =          527.4625186
lambda = 0.00015242; f =          475.1394937
lambda = 5.0805e-05; f =          821.2140580
Norm of dx     59.302
----
Improvement on iteration 1 =     1272.281838457
-----------------
f at the beginning of new iteration,       475.1394936804
Predicted improvement:    13125.033631241
lambda =          1; f =          477.4409081
lambda =    0.33333; f =          475.3892120
lambda =    0.11111; f =          475.1653093
lambda =   0.037037; f =          475.1417857
lambda =   0.012346; f =          475.1396187
lambda =  0.0041152; f =          475.1394938
lambda =  0.0013717; f =          464.9610822
lambda = 0.00045725; f =          464.9772266
lambda = 0.00088394; f =          460.2522006
Norm of dx     1.6207
----
Improvement on iteration 2 =       14.887293107
-----------------
f at the beginning of new iteration,       460.2522005729
Predicted improvement:     3026.467890857
lambda =          1; f =          460.9739821
lambda =    0.33333; f =          460.3292611
lambda =    0.11111; f =          460.2597617
lambda =   0.037037; f =          460.2527516
lambda =   0.012346; f =          460.2522076
lambda =  0.0041152; f =          454.8904053
lambda =  0.0013717; f =          453.2128546
lambda =  0.0026518; f =          450.1810615
Norm of dx    0.86274
----
Improvement on iteration 3 =       10.071139092
-----------------
f at the beginning of new iteration,       450.1810614810
Predicted improvement:      354.933420721
lambda =          1; f =          450.2451802
lambda =    0.33333; f =          450.1876794
lambda =    0.11111; f =          450.1816412
lambda =   0.037037; f =          450.1810872
lambda =   0.012346; f =          451.5522525
lambda =  0.0041152; f =          447.8487859
lambda =  0.0079555; f =          447.2596632
Norm of dx    0.28395
----
Improvement on iteration 4 =        2.921398270
-----------------
f at the beginning of new iteration,       447.2596632107
Predicted improvement:       78.846514142
lambda =          1; f =          447.2711812
lambda =    0.33333; f =          447.2608344
lambda =    0.11111; f =          447.2597603
lambda =   0.037037; f =          447.2596662
lambda =   0.012346; f =          447.1908006
lambda =  0.0041152; f =          446.7321091
lambda =  0.0079555; f =          446.5672540
Norm of dx    0.13758
----
Improvement on iteration 5 =        0.692409209
-----------------
f at the beginning of new iteration,       446.5672540015
Predicted improvement:       36.638637616
lambda =          1; f =          391.4099856
lambda =     1.9332; f =          363.2065097
Norm of dx    0.10116
----
Improvement on iteration 6 =       83.360744282
-----------------
f at the beginning of new iteration,       363.2065097200
Predicted improvement:       17.343914013
lambda =          1; f =          336.6258616
lambda =     1.9332; f =          325.4206616
Norm of dx    0.11569
----
Improvement on iteration 7 =       37.785848124
-----------------
f at the beginning of new iteration,       325.4206615957
Predicted improvement:       13.462296965
lambda =          1; f =          384.9607966
lambda =    0.33333; f =          319.9569469
Norm of dx    0.12749
----
Improvement on iteration 8 =        5.463714725
-----------------
f at the beginning of new iteration,       319.9569468709
Predicted improvement:        3.233307873
lambda =          1; f =          317.0622982
Norm of dx   0.027406
----
Improvement on iteration 9 =        2.894648664
-----------------
f at the beginning of new iteration,       317.0622982065
Predicted improvement:        2.989204700
lambda =          1; f =          311.9860969
lambda =     1.9332; f =          309.2087462
Norm of dx   0.042103
----
Improvement on iteration 10 =        7.853552048
-----------------
f at the beginning of new iteration,       309.2087461589
Predicted improvement:        3.941606862
lambda =          1; f =          304.2568271
Norm of dx   0.073961
----
Improvement on iteration 11 =        4.951919026
-----------------
f at the beginning of new iteration,       304.2568271324
Predicted improvement:        1.910461621
lambda =          1; f =          301.4076226
lambda =     1.9332; f =          300.5363874
Norm of dx   0.030314
----
Improvement on iteration 12 =        3.720439694
-----------------
f at the beginning of new iteration,       300.5363874384
Predicted improvement:        1.308869327
lambda =          1; f =          299.0556978
Norm of dx    0.02051
----
Improvement on iteration 13 =        1.480689637
-----------------
f at the beginning of new iteration,       299.0556978011
Predicted improvement:        1.684966729
lambda =          1; f =          296.3848612
lambda =     1.9332; f =          295.3304937
Norm of dx   0.033457
----
Improvement on iteration 14 =        3.725204149
-----------------
f at the beginning of new iteration,       295.3304936523
Predicted improvement:        5.844695347
lambda =          1; f =          288.6209725
Norm of dx    0.12928
----
Improvement on iteration 15 =        6.709521124
-----------------
f at the beginning of new iteration,       288.6209725281
Predicted improvement:        4.699264462
lambda =          1; f =          283.9182930
Norm of dx    0.17199
----
Improvement on iteration 16 =        4.702679486
-----------------
f at the beginning of new iteration,       283.9182930423
Predicted improvement:        1.041658815
lambda =          1; f =          282.5701123
Norm of dx   0.023911
----
Improvement on iteration 17 =        1.348180717
-----------------
f at the beginning of new iteration,       282.5701123258
Predicted improvement:        0.495523893
lambda =          1; f =          281.8021208
lambda =     1.9332; f =          281.5034435
Norm of dx   0.026898
----
Improvement on iteration 18 =        1.066668853
-----------------
f at the beginning of new iteration,       281.5034434728
Predicted improvement:        0.818270440
lambda =          1; f =          280.1697765
lambda =     1.9332; f =          279.4528029
Norm of dx    0.03173
----
Improvement on iteration 19 =        2.050640607
-----------------
f at the beginning of new iteration,       279.4528028659
Predicted improvement:        1.748657093
lambda =          1; f =          278.2631134
Norm of dx    0.12424
----
Improvement on iteration 20 =        1.189689417
-----------------
f at the beginning of new iteration,       278.2631134492
Predicted improvement:        2.162281669
lambda =          1; f =          277.2235320
lambda =    0.33333; f =          277.2809411
Norm of dx   0.065717
----
Improvement on iteration 21 =        1.039581459
-----------------
f at the beginning of new iteration,       277.2235319900
Predicted improvement:        0.625731738
lambda =          1; f =          276.0606711
lambda =     1.9332; f =          275.3236357
lambda =     3.7372; f =          277.2623900
lambda =     2.5164; f =          275.2450588
Norm of dx   0.028521
----
Improvement on iteration 22 =        1.978473146
-----------------
f at the beginning of new iteration,       275.2450588436
Predicted improvement:        0.500662106
lambda =          1; f =          274.4900281
lambda =     1.9332; f =          274.2305778
Norm of dx   0.028919
----
Improvement on iteration 23 =        1.014481058
-----------------
f at the beginning of new iteration,       274.2305777861
Predicted improvement:        0.570679929
lambda =          1; f =          274.6962584
lambda =    0.33333; f =          273.9496667
lambda =    0.64439; f =          273.9728979
Norm of dx   0.079423
----
Improvement on iteration 24 =        0.280911044
-----------------
f at the beginning of new iteration,       273.9496667417
Predicted improvement:        0.234868903
lambda =          1; f =          273.7165245
Norm of dx   0.036368
----
Improvement on iteration 25 =        0.233142224
-----------------
f at the beginning of new iteration,       273.7165245176
Predicted improvement:        0.057808157
lambda =          1; f =          273.6373281
Norm of dx  0.0038119
----
Improvement on iteration 26 =        0.079196459
-----------------
f at the beginning of new iteration,       273.6373280589
Predicted improvement:        0.080277466
lambda =          1; f =          273.5182589
lambda =     1.9332; f =          273.4863784
Norm of dx   0.010586
----
Improvement on iteration 27 =        0.150949674
-----------------
f at the beginning of new iteration,       273.4863783853
Predicted improvement:        0.109449018
lambda =          1; f =          273.2925049
lambda =     1.9332; f =          273.1587633
lambda =     3.7372; f =          273.0454892
Norm of dx   0.013922
----
Improvement on iteration 28 =        0.440889146
-----------------
f at the beginning of new iteration,       273.0454892396
Predicted improvement:        0.246800738
lambda =          1; f =          272.5922318
lambda =     1.9332; f =          272.2435248
lambda =     3.7372; f =          271.7821105
Norm of dx   0.025092
----
Improvement on iteration 29 =        1.263378773
-----------------
f at the beginning of new iteration,       271.7821104664
Predicted improvement:        1.124245972
lambda =          1; f =          270.3864144
Norm of dx    0.16259
----
Improvement on iteration 30 =        1.395696093
-----------------
f at the beginning of new iteration,       270.3864143729
Predicted improvement:        0.370985430
lambda =          1; f =          269.9198678
Norm of dx    0.09589
----
Improvement on iteration 31 =        0.466546531
-----------------
f at the beginning of new iteration,       269.9198678416
Predicted improvement:        0.191792686
lambda =          1; f =          269.6327253
lambda =     1.9332; f =          269.5616299
Norm of dx   0.051613
----
Improvement on iteration 32 =        0.358237986
-----------------
f at the beginning of new iteration,       269.5616298559
Predicted improvement:        0.469470798
lambda =          1; f =          268.7350675
lambda =     1.9332; f =          268.1523348
lambda =     3.7372; f =          267.4701804
Norm of dx   0.083645
----
Improvement on iteration 33 =        2.091449465
-----------------
f at the beginning of new iteration,       267.4701803912
Predicted improvement:        1.397228012
lambda =          1; f =          265.3979083
lambda =     1.9332; f =          264.6017239
Norm of dx    0.23687
----
Improvement on iteration 34 =        2.868456531
-----------------
f at the beginning of new iteration,       264.6017238604
Predicted improvement:        0.408472852
lambda =          1; f =          264.0043437
lambda =     1.9332; f =          263.8441145
Norm of dx    0.15376
----
Improvement on iteration 35 =        0.757609401
-----------------
f at the beginning of new iteration,       263.8441144591
Predicted improvement:        0.243643958
lambda =          1; f =          263.4259259
lambda =     1.9332; f =          263.1713478
lambda =     3.7372; f =          263.1524828
Norm of dx   0.021555
----
Improvement on iteration 36 =        0.691631673
-----------------
f at the beginning of new iteration,       263.1524827866
Predicted improvement:        0.384145001
lambda =          1; f =          262.6236243
Norm of dx    0.01034
----
Improvement on iteration 37 =        0.528858486
-----------------
f at the beginning of new iteration,       262.6236243004
Correct for low angle: 0.00483646
Predicted improvement:        0.165475978
lambda =          1; f =          262.4664688
Norm of dx   0.055742
----
Improvement on iteration 38 =        0.157155527
-----------------
f at the beginning of new iteration,       262.4664687729
Correct for low angle: 0.00354414
Predicted improvement:        0.167908953
lambda =          1; f =          262.4022179
lambda =    0.33333; f =          262.3871810
lambda =    0.64439; f =          262.3678217
Norm of dx   0.064101
----
Improvement on iteration 39 =        0.098647107
-----------------
f at the beginning of new iteration,       262.3678216661
Correct for low angle: 0.00350651
Predicted improvement:        0.118401438
lambda =          1; f =          262.3034890
lambda =    0.33333; f =          262.3078039
lambda =    0.64439; f =          262.2859982
Norm of dx   0.046939
----
Improvement on iteration 40 =        0.081823510
-----------------
f at the beginning of new iteration,       262.2859981560
Correct for low angle: 0.00305652
Predicted improvement:        0.266417117
lambda =          1; f =          262.1629832
lambda =    0.33333; f =          262.1551727
lambda =    0.64439; f =          262.1159891
Norm of dx    0.06682
----
Improvement on iteration 41 =        0.170009104
-----------------
f at the beginning of new iteration,       262.1159890516
Correct for low angle: 0.00214426
Predicted improvement:        0.594061493
lambda =          1; f =          263.5884972
lambda =    0.33333; f =          261.9797396
Norm of dx    0.10816
----
Improvement on iteration 42 =        0.136249466
-----------------
f at the beginning of new iteration,       261.9797395851
Correct for low angle: 0.00187985
Predicted improvement:        0.875864200
lambda =          1; f =          264.0098859
lambda =    0.33333; f =          261.8816264
lambda =    0.11111; f =          261.8412283
lambda =     0.2148; f =          261.8101606
Norm of dx    0.12804
----
Improvement on iteration 43 =        0.169578952
-----------------
f at the beginning of new iteration,       261.8101606332
Correct for low angle: 0.00278015
Predicted improvement:        0.577098081
lambda =          1; f =          263.4405764
lambda =    0.33333; f =          261.6970183
lambda =    0.11111; f =          261.7113112
lambda =     0.2148; f =          261.6729687
Norm of dx    0.14071
----
Improvement on iteration 44 =        0.137191981
-----------------
f at the beginning of new iteration,       261.6729686522
Correct for low angle: 0.00282794
Predicted improvement:        0.614036801
lambda =          1; f =          262.8572852
lambda =    0.33333; f =          261.5622488
lambda =    0.11111; f =          261.5704252
lambda =     0.2148; f =          261.5352187
Norm of dx    0.15677
----
Improvement on iteration 45 =        0.137749929
-----------------
f at the beginning of new iteration,       261.5352187228
Correct for low angle: 0.00245895
Predicted improvement:        0.793717004
lambda =          1; f =          265.9999157
lambda =    0.33333; f =          261.5579169
lambda =    0.11111; f =          261.4171696
Norm of dx    0.17567
----
Improvement on iteration 46 =        0.118049076
-----------------
f at the beginning of new iteration,       261.4171696464
Predicted improvement:        0.419498396
lambda =          1; f =          260.8014944
lambda =     1.9332; f =          260.6580460
Norm of dx    0.19569
----
Improvement on iteration 47 =        0.759123640
-----------------
f at the beginning of new iteration,       260.6580460067
Predicted improvement:        0.182352324
lambda =          1; f =          260.4214401
Norm of dx   0.044725
----
Improvement on iteration 48 =        0.236605902
-----------------
f at the beginning of new iteration,       260.4214401046
Predicted improvement:        0.114182013
lambda =          1; f =          260.2505467
lambda =     1.9332; f =          260.1921894
Norm of dx   0.044136
----
Improvement on iteration 49 =        0.229250657
-----------------
f at the beginning of new iteration,       260.1921894480
Correct for low angle: 0.00152572
Predicted improvement:        0.126184267
lambda =          1; f =          260.9578487
lambda =    0.33333; f =          260.2136564
lambda =    0.11111; f =          260.1759072
Norm of dx   0.053817
----
Improvement on iteration 50 =        0.016282214
-----------------
f at the beginning of new iteration,       260.1759072337
Predicted improvement:        0.032929927
lambda =          1; f =          260.1310125
Norm of dx   0.060089
----
Improvement on iteration 51 =        0.044894707
-----------------
f at the beginning of new iteration,       260.1310125271
Correct for low angle: 0.00282553
Predicted improvement:        0.024088675
lambda =          1; f =          260.2330888
lambda =    0.33333; f =          260.1317001
lambda =    0.11111; f =          260.1273933
Norm of dx   0.051319
----
Improvement on iteration 52 =        0.003619274
-----------------
f at the beginning of new iteration,       260.1273932528
Correct for low angle: 0.001798
Predicted improvement:        0.039046689
lambda =          1; f =          260.6431099
lambda =    0.33333; f =          260.1642063
lambda =    0.11111; f =          260.1258173
lambda =   0.037037; f =          260.1253695
Norm of dx   0.051375
----
Improvement on iteration 53 =        0.002023778
-----------------
f at the beginning of new iteration,       260.1253694751
Correct for low angle: 0.00480726
Predicted improvement:        0.016300781
lambda =          1; f =          260.1020811
lambda =     1.9332; f =          260.0972860
Norm of dx   0.052686
----
Improvement on iteration 54 =        0.028083519
-----------------
f at the beginning of new iteration,       260.0972859557
Predicted improvement:        0.012983736
lambda =          1; f =          260.0725671
lambda =     1.9332; f =          260.0519237
lambda =     3.7372; f =          260.0188010
lambda =     7.2247; f =          259.9814635
Norm of dx  0.0078873
----
Improvement on iteration 55 =        0.115822497
-----------------
f at the beginning of new iteration,       259.9814634590
Predicted improvement:        0.070208957
lambda =          1; f =          259.8645733
lambda =     1.9332; f =          259.8002038
Norm of dx   0.018404
----
Improvement on iteration 56 =        0.181259649
-----------------
f at the beginning of new iteration,       259.8002038102
Predicted improvement:        0.137080887
lambda =          1; f =          259.6096672
Norm of dx   0.037693
----
Improvement on iteration 57 =        0.190536659
-----------------
f at the beginning of new iteration,       259.6096671508
Predicted improvement:        0.090385316
lambda =          1; f =          259.4792430
lambda =     1.9332; f =          259.4430786
Norm of dx   0.072426
----
Improvement on iteration 58 =        0.166588575
-----------------
f at the beginning of new iteration,       259.4430785755
Predicted improvement:        0.047578391
lambda =          1; f =          259.3655704
lambda =     1.9332; f =          259.3207464
Norm of dx    0.02784
----
Improvement on iteration 59 =        0.122332197
-----------------
f at the beginning of new iteration,       259.3207463784
Predicted improvement:        0.115786142
lambda =          1; f =          259.1656221
Norm of dx    0.05575
----
Improvement on iteration 60 =        0.155124247
-----------------
f at the beginning of new iteration,       259.1656221318
Predicted improvement:        0.059579911
lambda =          1; f =          259.0890721
Norm of dx    0.02403
----
Improvement on iteration 61 =        0.076550072
-----------------
f at the beginning of new iteration,       259.0890720601
Predicted improvement:        0.029091096
lambda =          1; f =          259.0538587
Norm of dx  0.0075849
----
Improvement on iteration 62 =        0.035213352
-----------------
f at the beginning of new iteration,       259.0538587081
Predicted improvement:        0.008166975
lambda =          1; f =          259.0412975
lambda =     1.9332; f =          259.0366164
Norm of dx  0.0061419
----
Improvement on iteration 63 =        0.017242344
-----------------
f at the beginning of new iteration,       259.0366163638
Predicted improvement:        0.007254744
lambda =          1; f =          259.0227805
lambda =     1.9332; f =          259.0111314
lambda =     3.7372; f =          258.9922424
lambda =     7.2247; f =          258.9705309
Norm of dx  0.0068966
----
Improvement on iteration 64 =        0.066085476
-----------------
f at the beginning of new iteration,       258.9705308880
Predicted improvement:        0.057616831
lambda =          1; f =          258.8718579
lambda =     1.9332; f =          258.8093115
lambda =     3.7372; f =          258.7687631
Norm of dx   0.027456
----
Improvement on iteration 65 =        0.201767823
-----------------
f at the beginning of new iteration,       258.7687630654
Predicted improvement:        0.070526682
lambda =          1; f =          258.6771062
Norm of dx   0.027249
----
Improvement on iteration 66 =        0.091656869
-----------------
f at the beginning of new iteration,       258.6771061959
Predicted improvement:        0.023169415
lambda =          1; f =          258.6566805
Norm of dx   0.027863
----
Improvement on iteration 67 =        0.020425690
-----------------
f at the beginning of new iteration,       258.6566805056
Predicted improvement:        0.002326006
lambda =          1; f =          258.6544569
Norm of dx   0.004347
----
Improvement on iteration 68 =        0.002223571
-----------------
f at the beginning of new iteration,       258.6544569347
Correct for low angle: 0.00484897
Predicted improvement:        0.000292769
lambda =          1; f =          258.6540651
Norm of dx  0.0032977
----
Improvement on iteration 69 =        0.000391864
-----------------
f at the beginning of new iteration,       258.6540650707
Predicted improvement:        0.000169312
lambda =          1; f =          258.6537920
lambda =     1.9332; f =          258.6536696
Norm of dx  0.0018906
----
Improvement on iteration 70 =        0.000395473
-----------------
f at the beginning of new iteration,       258.6536695979
Predicted improvement:        0.000244711
lambda =          1; f =          258.6532001
lambda =     1.9332; f =          258.6527983
lambda =     3.7372; f =          258.6521213
lambda =     7.2247; f =          258.6511853
lambda =     13.967; f =          258.6507741
Norm of dx  0.0010417
----
Improvement on iteration 71 =        0.002895449
-----------------
f at the beginning of new iteration,       258.6507741486
Predicted improvement:        0.002490649
lambda =          1; f =          258.6464148
lambda =     1.9332; f =          258.6434313
lambda =     3.7372; f =          258.6405415
Norm of dx  0.0024192
----
Improvement on iteration 72 =        0.010232626
-----------------
f at the beginning of new iteration,       258.6405415230
Predicted improvement:        0.002112029
lambda =          1; f =          258.6382267
Norm of dx  0.0051933
----
Improvement on iteration 73 =        0.002314819
-----------------
f at the beginning of new iteration,       258.6382267039
Predicted improvement:        0.000216898
lambda =          1; f =          258.6379121
lambda =     1.9332; f =          258.6378184
Norm of dx  0.0015644
----
Improvement on iteration 74 =        0.000408292
-----------------
f at the beginning of new iteration,       258.6378184123
Predicted improvement:        0.000197185
lambda =          1; f =          258.6374392
lambda =     1.9332; f =          258.6371085
lambda =     3.7372; f =          258.6365327
lambda =     7.2247; f =          258.6356565
lambda =     13.967; f =          258.6348469
Norm of dx 0.00069748
----
Improvement on iteration 75 =        0.002971533
-----------------
f at the beginning of new iteration,       258.6348468798
Predicted improvement:        0.002048282
lambda =          1; f =          258.6311233
lambda =     1.9332; f =          258.6283086
lambda =     3.7372; f =          258.6246796
Norm of dx  0.0038383
----
Improvement on iteration 76 =        0.010167318
-----------------
f at the beginning of new iteration,       258.6246795618
Predicted improvement:        0.003333596
lambda =          1; f =          258.6208225
Norm of dx   0.012561
----
Improvement on iteration 77 =        0.003857092
-----------------
f at the beginning of new iteration,       258.6208224698
Predicted improvement:        0.000232499
lambda =          1; f =          258.6205935
Norm of dx  0.0019842
----
Improvement on iteration 78 =        0.000228968
-----------------
f at the beginning of new iteration,       258.6205935019
Predicted improvement:        0.000003895
lambda =          1; f =          258.6205903
Norm of dx 0.00030096
----
Improvement on iteration 79 =        0.000003181
-----------------
f at the beginning of new iteration,       258.6205903207
Predicted improvement:        0.000001604
lambda =          1; f =          258.6205882
Norm of dx 0.00018435
----
Improvement on iteration 80 =        0.000002137
-----------------
f at the beginning of new iteration,       258.6205881841
Predicted improvement:        0.000005883
lambda =          1; f =          258.6205803
Norm of dx 0.00047108
----
Improvement on iteration 81 =        0.000007869
-----------------
f at the beginning of new iteration,       258.6205803156
Predicted improvement:        0.000012106
lambda =          1; f =          258.6205625
lambda =     1.9332; f =          258.6205542
Norm of dx 0.00063854
----
Improvement on iteration 82 =        0.000026098
-----------------
f at the beginning of new iteration,       258.6205542174
Predicted improvement:        0.000020422
lambda =          1; f =          258.6205178
lambda =     1.9332; f =          258.6204894
lambda =     3.7372; f =          258.6204500
Norm of dx 0.00057145
----
Improvement on iteration 83 =        0.000104229
-----------------
f at the beginning of new iteration,       258.6204499885
Predicted improvement:        0.000099213
lambda =          1; f =          258.6203036
lambda =     1.9332; f =          258.6202603
Norm of dx  0.0021032
----
Improvement on iteration 84 =        0.000189728
-----------------
f at the beginning of new iteration,       258.6202602603
Predicted improvement:        0.000030983
lambda =          1; f =          258.6202172
Norm of dx  0.0010868
----
Improvement on iteration 85 =        0.000043057
-----------------
f at the beginning of new iteration,       258.6202172036
Predicted improvement:        0.000005158
lambda =          1; f =          258.6202100
Norm of dx  0.0005965
----
Improvement on iteration 86 =        0.000007156
-----------------
f at the beginning of new iteration,       258.6202100477
Predicted improvement:        0.000000213
lambda =          1; f =          258.6202101
lambda =    0.33333; f =          258.6202100
lambda =    0.11111; f =          258.6202100
lambda =   0.037037; f =          258.6202100
lambda =   0.012346; f =          258.6202100
lambda =  0.0041152; f =          258.6202100
lambda =  0.0013717; f =          258.6202100
lambda = 0.00045725; f =          258.6202100
lambda = 0.00015242; f =          258.6202100
lambda = 5.0805e-05; f =          258.6202100
lambda = 1.6935e-05; f =          258.6202100
Norm of dx 8.4374e-05
----
Improvement on iteration 87 =        0.000000016
improvement < crit termination

Final value of minus the log posterior (or likelihood):258.620210 

MODE CHECK

Fval obtained by the minimization routine (minus the posterior/likelihood)): 258.620210

RESULTS FROM POSTERIOR ESTIMATION
parameters
         prior mean     mode    s.d. prior pstdev

trend        0.500   0.7373  0.0851 norm  0.2500 
piestarobs   1.000   0.9040  0.1787 norm  0.5000 
rstarobs     0.125   0.4315  0.0875 gamm  0.0625 
kappa        0.300   0.1028  0.0417 gamm  0.1500 
sigma        2.000   4.8741  0.6480 gamm  0.5000 
psi1         1.500   1.3254  0.1798 gamm  0.2500 
psi2         0.125   0.1206  0.1197 gamm  0.1000 
rhoR         0.500   0.7796  0.0283 beta  0.2000 
rhog         0.800   0.8688  0.0832 beta  0.1000 
rhoz         0.300   0.4367  0.0878 beta  0.1000 
rhoxi        0.500   0.5088  0.2768 beta  0.2000 
rhophi       0.500   0.9012  0.0272 beta  0.2000 

standard deviation of shocks
         prior mean     mode    s.d. prior pstdev

eR           0.003   0.0027  0.0002 invg  0.0014 
eg           0.006   0.0038  0.0008 invg  0.0032 
ez           0.009   0.0067  0.0007 invg  0.0043 
exi          0.005   0.0030  0.0010 invg  0.0040 
ephi         0.005   0.0271  0.0080 invg  0.0040 


Log data density [Laplace approximation] is -308.600012.

Estimation::mcmc: One Chain mode.
Estimation::mcmc: Initialization at the posterior mode.

Estimation::mcmc: Write details about the MCMC... Ok!
Estimation::mcmc: Details about the MCMC are available in WW11/metropolis\WW11_mh_history_0.mat


Estimation::mcmc: Number of mh files: 1 per block.
Estimation::mcmc: Total number of generated files: 1.
Estimation::mcmc: Total number of iterations: 500000.
Estimation::mcmc: Current acceptance ratio per chain: 
                                                       Chain  1: 43.4802%
Estimation::mcmc: Total number of MH draws per chain: 500000.
Estimation::mcmc: Total number of generated MH files: 1.
Estimation::mcmc: I'll use mh-files 1 to 1.
Estimation::mcmc: In MH-file number 1 I'll start at line 200001.
Estimation::mcmc: Finally I keep 300000 draws per chain.



MCMC Inefficiency factors per block
Parameter        Block 1
SE_eR            136.790
SE_eg            110.332
SE_ez            113.967
SE_exi           380.190
SE_ephi          324.335
trend            109.854
piestarobs       165.684
rstarobs         121.689
kappa            268.565
sigma            115.926
psi1             134.113
psi2             187.414
rhoR             138.163
rhog             132.320
rhoz             115.574
rhoxi             63.142
rhophi           163.061


Geweke (1992) Convergence Tests, based on means of draws 200000 to 260000 vs 350000 to 500000.
p-values are for Chi2-test for equality of means.
Parameter          Post. Mean        Post. Std   p-val No Taper   p-val 4% Taper   p-val 8% Taper  p-val 15% Taper
SE_eR                   0.003            0.000            0.000            0.053            0.057            0.042
SE_eg                   0.004            0.001            0.003            0.767            0.759            0.772
SE_ez                   0.007            0.001            0.000            0.282            0.267            0.213
SE_exi                  0.004            0.002            0.000            0.611            0.609            0.602
SE_ephi                 0.029            0.009            0.000            0.153            0.125            0.082
trend                   0.732            0.088            0.000            0.588            0.596            0.616
piestarobs              0.907            0.204            0.000            0.129            0.156            0.228
rstarobs                0.420            0.090            0.000            0.277            0.225            0.228
kappa                   0.105            0.039            0.000            0.093            0.079            0.058
sigma                   5.060            0.648            0.004            0.789            0.788            0.771
psi1                    1.408            0.183            0.000            0.545            0.558            0.543
psi2                    0.212            0.129            0.003            0.840            0.849            0.841
rhoR                    0.791            0.026            0.000            0.082            0.088            0.076
rhog                    0.831            0.088            0.000            0.207            0.143            0.072
rhoz                    0.449            0.086            0.000            0.573            0.559            0.532
rhoxi                   0.509            0.200            0.000            0.581            0.555            0.533
rhophi                  0.905            0.028            0.000            0.681            0.663            0.596


Estimation::marginal density: I'm computing the posterior mean and covariance...  Done!
Estimation::marginal density: I'm computing the posterior log marginal density (modified harmonic mean)... Done!


ESTIMATION RESULTS

Log data density is -308.364060.

parameters
             prior mean   post. mean        90% HPD interval    prior       pstdev

trend             0.500       0.7341      0.5939      0.8780   norm        0.2500
piestarobs        1.000       0.9060      0.5664      1.2254   norm        0.5000
rstarobs          0.125       0.4196      0.2732      0.5689   gamm        0.0625
kappa             0.300       0.1067      0.0476      0.1678   gamm        0.1500
sigma             2.000       5.0572      3.9799      6.0958   gamm        0.5000
psi1              1.500       1.4065      1.1087      1.6936   gamm        0.2500
psi2              0.125       0.2122      0.0118      0.3966   gamm        0.1000
rhoR              0.500       0.7909      0.7483      0.8339   beta        0.2000
rhog              0.800       0.8311      0.6980      0.9686   beta        0.1000
rhoz              0.300       0.4476      0.3028      0.5875   beta        0.1000
rhoxi             0.500       0.5101      0.1796      0.8335   beta        0.2000
rhophi            0.500       0.9059      0.8597      0.9509   beta        0.2000

standard deviation of shocks
             prior mean   post. mean        90% HPD interval    prior       pstdev

eR                0.003       0.0027      0.0025      0.0030   invg        0.0014
eg                0.006       0.0039      0.0027      0.0052   invg        0.0032
ez                0.009       0.0066      0.0054      0.0077   invg        0.0043
exi               0.005       0.0042      0.0018      0.0069   invg        0.0040
ephi              0.005       0.0282      0.0144      0.0419   invg        0.0040
Estimation::mcmc: Posterior (dsge) IRFs...
Estimation::mcmc: Posterior IRFs, done!
Estimation::mcmc: Smoothed variables
Estimation::mcmc: Smoothed variables, done!
Estimation::mcmc: Smoothed shocks
Estimation::mcmc: Smoothed shocks, done!
Estimation::mcmc: Trend_coefficients
Estimation::mcmc: Trend_coefficients, done!
Estimation::mcmc: Smoothed constant
Estimation::mcmc: Smoothed constant, done!
Estimation::mcmc: Smoothed trend
Estimation::mcmc: Smoothed trend, done!
Estimation::mcmc: Updated Variables
Estimation::mcmc: Updated Variables, done!
Estimation::mcmc: Forecasted variables (mean)
Estimation::mcmc: Forecasted variables (mean), done!
Estimation::mcmc: Forecasted variables (point)
Estimation::mcmc: Forecasted variables (point), done!
Total computing time : 1h09m54s
