Starting Dynare (version 4.5.7).
Starting preprocessing of the model file ...
WARNING: A16.mod:107.1-156.5: Symbol s_phi declared twice.
Substitution of endo leads >= 2: added 6 auxiliary variables and equations.
Substitution of endo lags >= 2: added 10 auxiliary variables and equations.
Found 101 equation(s).
Evaluating expressions...done
Computing static model derivatives:
 - order 1
Computing dynamic model derivatives:
 - order 1
Processing outputs ...
done
Preprocessing completed.

<a href = "matlab: helpview([docroot '/toolbox/optim/msg_csh/optim_msg_csh.map'],'local_min_found','CSHelpWindow');">Local minimum found that satisfies the constraints</a>.

Optimization completed because the objective function is non-decreasing in 
<a href = "matlab: helpview([docroot '/toolbox/optim/msg_csh/optim_msg_csh.map'],'feasible_directions','CSHelpWindow');">feasible directions</a>, to within the value of the <a href = "matlab: helpview([docroot '/toolbox/optim/msg_csh/optim_msg_csh.map'],'optimality_tolerance_msgcsh','CSHelpWindow');">optimality tolerance</a>,
and constraints are satisfied to within the value of the <a href = "matlab: helpview([docroot '/toolbox/optim/msg_csh/optim_msg_csh.map'],'constraint_tolerance','CSHelpWindow');">constraint tolerance</a>.

<<a href = "matlab: createExitMsg({'optimlib:sqpLineSearch:Exit1basic'},{'optimlib:sqpLineSearch:Exit1detailed','0.000000e+00','1.000000e-04','1.179887e-10','1.000000e-06'},true,true);;">stopping criteria details</a>>

Initial value of the log posterior (or likelihood): -3632.8112

==========================================================
   Change in the posterior covariance matrix = 3.9673.
   Change in the posterior mean = 2.4283.
   Mode improvement = 3127.6252
   New value of jscale = 0.0053528
==========================================================

==========================================================
   Change in the posterior covariance matrix = 0.067874.
   Change in the posterior mean = 0.93403.
   Mode improvement = 22.6942
   New value of jscale = 0.15223
==========================================================

==========================================================
   Change in the posterior covariance matrix = 0.29253.
   Change in the posterior mean = 1.6161.
   Mode improvement = 22.4407
   New value of jscale = 0.34106
==========================================================

Optimal value of the scale parameter = 0.34106


Final value of minus the log posterior (or likelihood):505.439482 

RESULTS FROM POSTERIOR ESTIMATION
parameters
            prior mean     mode    s.d. prior pstdev

bet_s           0.750   0.6969  0.0152 gamm  0.0500 
nu              2.000   2.8599  0.4776 gamm  0.7500 
h               0.500   0.9153  0.0101 beta  0.2000 
eta             0.600   0.6688  0.0195 beta  0.1000 
xi_p            0.750   0.8934  0.0121 beta  0.1500 
iota_p          0.500   0.0669  0.0359 beta  0.1500 
xi_w            0.750   0.9484  0.0125 beta  0.1500 
iota_w          0.500   0.1264  0.0493 beta  0.1500 
theta           0.750   0.7186  0.0184 beta  0.0500 
theta_I         4.000   3.5692  0.5060 gamm  2.0000 
pis             0.500   0.3414  0.0534 gamm  0.1000 
rho_i           0.850   0.9341  0.0114 beta  0.1000 
phi_pi          0.700   0.5363  0.0161 norm  0.0500 
phi_DY          0.125   0.1514  0.0310 norm  0.0500 
tB              0.500   0.2292  0.0244 gamm  0.2000 
rho_z           0.500   0.4934  0.0392 beta  0.2000 
rho_g           0.500   0.9991  0.0006 beta  0.2000 
rho_beta        0.500   0.3350  0.0599 beta  0.2000 
rho_tau         0.500   0.9991  0.0011 beta  0.2000 
decay           0.500   0.8691  0.0345 beta  0.2000 
rho_p           0.500   0.9834  0.0044 beta  0.2000 
rho_w           0.500   0.2495  0.0800 beta  0.2000 
theta_p         0.500   0.3000  0.0668 beta  0.2000 
theta_w         0.500   0.1467  0.0681 beta  0.2000 

standard deviation of shocks
            prior mean     mode    s.d. prior pstdev

eps_z           0.500   1.0425  0.0753 invg2 1.0000 
eps_g           0.500   0.8326  0.0633 invg2 1.0000 
eps_i           0.100   0.1203  0.0085 invg2 1.0000 
eps_tau         0.500   0.1897  0.0179 invg2 1.0000 
eps_tau_trans   0.500   0.1714  0.0187 invg2 1.0000 
eps_beta        0.500   4.3664  0.5495 invg2 1.0000 
eps_p           0.100   0.0341  0.0073 invg2 1.0000 
eps_w           0.100   0.2545  0.0354 invg2 1.0000 
eps_meas        0.050   0.3026  0.0193 invg2 0.0500 
eps_meas_sp     0.050   0.0260  0.0189 invg2 0.0500 


Log data density [Laplace approximation] is -615.091285.

Estimation::mcmc: One Chain mode.
Estimation::mcmc: Initialization at the posterior mode.

Estimation::mcmc: Write details about the MCMC... Ok!
Estimation::mcmc: Details about the MCMC are available in A16/metropolis\A16_mh_history_0.mat


Estimation::mcmc: Number of mh files: 1 per block.
Estimation::mcmc: Total number of generated files: 1.
Estimation::mcmc: Total number of iterations: 100000.
Estimation::mcmc: Current acceptance ratio per chain: 
                                                       Chain  1: 33.451%
Estimation::mcmc: Total number of MH draws per chain: 100000.
Estimation::mcmc: Total number of generated MH files: 1.
Estimation::mcmc: I'll use mh-files 1 to 1.
Estimation::mcmc: In MH-file number 1 I'll start at line 30001.
Estimation::mcmc: Finally I keep 70000 draws per chain.



MCMC Inefficiency factors per block
Parameter              Block 1
SE_eps_z               137.536
SE_eps_g               109.181
SE_eps_i               143.776
SE_eps_tau             315.567
SE_eps_tau_trans       227.777
SE_eps_beta            590.613
SE_eps_p               448.454
SE_eps_w               261.556
SE_eps_meas            228.919
SE_eps_meas_sp         487.229
bet_s                  629.939
nu                     583.369
h                      555.788
eta                    296.993
xi_p                   506.459
iota_p                 182.354
xi_w                   297.575
iota_w                 237.725
theta                  617.401
theta_I                405.291
pis                    397.465
rho_i                  310.903
phi_pi                 619.004
phi_DY                 414.665
tB                     115.678
rho_z                  335.571
rho_g                  151.497
rho_beta               459.031
rho_tau                118.049
decay                  263.079
rho_p                  229.088
rho_w                  415.515
theta_p                575.559
theta_w                373.868


Geweke (1992) Convergence Tests, based on means of draws 30000 to 44000 vs 65000 to 100000.
p-values are for Chi2-test for equality of means.
Parameter                Post. Mean        Post. Std   p-val No Taper   p-val 4% Taper   p-val 8% Taper  p-val 15% Taper
SE_eps_z                      1.055            0.079            0.000            0.035            0.060            0.065
SE_eps_g                      0.845            0.060            0.119            0.869            0.864            0.850
SE_eps_i                      0.123            0.009            0.000            0.065            0.084            0.081
SE_eps_tau                    0.208            0.024            0.000            0.000            0.000            0.000
SE_eps_tau_trans              0.175            0.019            0.000            0.156            0.234            0.283
SE_eps_beta                   4.796            1.316            0.000            0.000            0.001            0.007
SE_eps_p                      0.038            0.011            0.000            0.004            0.022            0.043
SE_eps_w                      0.252            0.038            0.000            0.000            0.000            0.001
SE_eps_meas                   0.307            0.022            0.000            0.648            0.700            0.723
SE_eps_meas_sp                0.057            0.036            0.000            0.000            0.001            0.001
bet_s                         0.728            0.046            0.000            0.000            0.000            0.001
nu                            3.058            0.791            0.000            0.002            0.015            0.036
h                             0.916            0.021            0.000            0.000            0.001            0.008
eta                           0.669            0.022            0.000            0.248            0.358            0.438
xi_p                          0.886            0.023            0.000            0.002            0.017            0.045
iota_p                        0.087            0.038            0.000            0.428            0.478            0.516
xi_w                          0.939            0.017            0.000            0.003            0.013            0.035
iota_w                        0.154            0.053            0.000            0.105            0.179            0.207
theta                         0.719            0.047            0.000            0.000            0.000            0.000
theta_I                       3.553            0.805            0.000            0.006            0.020            0.038
pis                           0.349            0.069            0.000            0.000            0.001            0.002
rho_i                         0.929            0.012            0.000            0.540            0.613            0.668
phi_pi                        0.546            0.055            0.000            0.000            0.000            0.000
phi_DY                        0.156            0.048            0.000            0.004            0.020            0.049
tB                            0.213            0.022            0.000            0.029            0.036            0.044
rho_z                         0.480            0.062            0.000            0.250            0.266            0.239
rho_g                         0.999            0.001            0.000            0.184            0.137            0.079
rho_beta                      0.336            0.103            0.000            0.000            0.000            0.001
rho_tau                       0.999            0.001            0.020            0.811            0.823            0.834
decay                         0.861            0.038            0.000            0.002            0.008            0.010
rho_p                         0.981            0.006            0.000            0.083            0.126            0.153
rho_w                         0.304            0.122            0.000            0.000            0.001            0.005
theta_p                       0.322            0.161            0.000            0.750            0.803            0.832
theta_w                       0.179            0.090            0.072            0.919            0.932            0.940


Estimation::marginal density: I'm computing the posterior mean and covariance...  Done!
Estimation::marginal density: I'm computing the posterior log marginal density (modified harmonic mean)... Done!


ESTIMATION RESULTS

Log data density is -598.824031.

parameters
                prior mean   post. mean        90% HPD interval    prior       pstdev

bet_s                0.750       0.7387      0.6654      0.8121   gamm        0.0500
nu                   2.000       2.9691      1.6051      4.2349   gamm        0.7500
h                    0.500       0.9140      0.8855      0.9436   beta        0.2000
eta                  0.600       0.6702      0.6339      0.7042   beta        0.1000
xi_p                 0.750       0.8901      0.8569      0.9285   beta        0.1500
iota_p               0.500       0.0863      0.0281      0.1427   beta        0.1500
xi_w                 0.750       0.9386      0.9129      0.9662   beta        0.1500
iota_w               0.500       0.1509      0.0670      0.2338   beta        0.1500
theta                0.750       0.7172      0.6372      0.8001   beta        0.0500
theta_I              4.000       3.6373      2.3482      4.9052   gamm        2.0000
pis                  0.500       0.3602      0.2426      0.4735   gamm        0.1000
rho_i                0.850       0.9291      0.9086      0.9489   beta        0.1000
phi_pi               0.700       0.5255      0.4486      0.6075   norm        0.0500
phi_DY               0.125       0.1661      0.0947      0.2416   norm        0.0500
tB                   0.500       0.2132      0.1790      0.2454   gamm        0.2000
rho_z                0.500       0.4892      0.3906      0.5876   beta        0.2000
rho_g                0.500       0.9989      0.9980      0.9998   beta        0.2000
rho_beta             0.500       0.3419      0.1730      0.4981   beta        0.2000
rho_tau              0.500       0.9986      0.9974      0.9999   beta        0.2000
decay                0.500       0.8644      0.8069      0.9188   beta        0.2000
rho_p                0.500       0.9804      0.9723      0.9892   beta        0.2000
rho_w                0.500       0.3103      0.0966      0.5005   beta        0.2000
theta_p              0.500       0.3231      0.0664      0.5583   beta        0.2000
theta_w              0.500       0.1747      0.0351      0.3097   beta        0.2000

standard deviation of shocks
                prior mean   post. mean        90% HPD interval    prior       pstdev

eps_z                0.500       1.0550      0.9268      1.1865   invg2       1.0000
eps_g                0.500       0.8411      0.7473      0.9375   invg2       1.0000
eps_i                0.100       0.1227      0.1083      0.1371   invg2       1.0000
eps_tau              0.500       0.2037      0.1689      0.2400   invg2       1.0000
eps_tau_trans        0.500       0.1745      0.1437      0.2030   invg2       1.0000
eps_beta             0.500       4.5373      3.0712      6.0041   invg2       1.0000
eps_p                0.100       0.0368      0.0213      0.0527   invg2       1.0000
eps_w                0.100       0.2504      0.1869      0.3111   invg2       1.0000
eps_meas             0.050       0.3073      0.2714      0.3425   invg2       0.0500
eps_meas_sp          0.050       0.0552      0.0111      0.1110   invg2       0.0500
Estimation::mcmc: Smoothed variables
Estimation::mcmc: Smoothed variables, done!
Estimation::mcmc: Smoothed shocks
Estimation::mcmc: Smoothed shocks, done!
Estimation::mcmc: Trend_coefficients
Estimation::mcmc: Trend_coefficients, done!
Estimation::mcmc: Smoothed constant
Estimation::mcmc: Smoothed constant, done!
Estimation::mcmc: Smoothed trend
Estimation::mcmc: Smoothed trend, done!
Estimation::mcmc: Updated Variables
Estimation::mcmc: Updated Variables, done!
Estimation::mcmc: Forecasted variables (mean)
Estimation::mcmc: Forecasted variables (mean), done!
Estimation::mcmc: Forecasted variables (point)
Estimation::mcmc: Forecasted variables (point), done!
Total computing time : 25h11m06s
Note: 1 warning(s) encountered in the preprocessor
