Starting Dynare (version 4.5.7).
Starting preprocessing of the model file ...
WARNING: QPM08_cql.mod:138.1-102: ''unit_root_vars'' is now obsolete; use the ''diffuse_filter'' option of ''estimation'' instead
Substitution of endo leads >= 2: added 6 auxiliary variables and equations.
Substitution of endo lags >= 2: added 16 auxiliary variables and equations.
Found 49 equation(s).
Evaluating expressions...done
Computing static model derivatives:
 - order 1
Computing dynamic model derivatives:
 - order 1
 - order 2
Processing outputs ...
done
Preprocessing completed.
general\addpath.m', 86)" style="font-weight:bold">addpath</a> (<a href="matlab: opentoline('C:\Program Files\MATLAB\R2019a\toolbox\matlab\general\addpath.m',86,0)">line 86</a>)
  In <a href="matlab:matlab.internal.language.introspective.errorDocCallback('dynare_config', 'C:\dynare\4.5.7\matlab\dynare_config.m', 146)" style="font-weight:bold">dynare_config</a> (<a href="matlab: opentoline('C:\dynare\4.5.7\matlab\dynare_config.m',146,0)">line 146</a>)
  In <a href="matlab:matlab.internal.language.introspective.errorDocCallback('dynare', 'C:\dynare\4.5.7\matlab\dynare.m', 63)" style="font-weight:bold">dynare</a> (<a href="matlab: opentoline('C:\dynare\4.5.7\matlab\dynare.m',63,0)">line 63</a>)
  In <a href="matlab:matlab.internal.language.introspective.errorDocCallback('gen_forecast_jisu3', 'C:\Users\Home\Documents\GitHub\MMB_forecast_application\gen_forecast_jisu3.m', 222)" style="font-weight:bold">gen_forecast_jisu3</a> (<a href="matlab: opentoline('C:\Users\Home\Documents\GitHub\MMB_forecast_application\gen_forecast_jisu3.m',222,0)">line 222</a>)] 

Configuring Dynare ...
[m]   Generalized QZ.
[m]   Sylvester equation solution.
[m]   Kronecker products.
[m]   Sparse kronecker products.
[m]   Local state space iteration (second order).
[no]  Bytecode evaluation.
[no]  k-order perturbation solver.
[no]  k-order solution simulation.
[no]  Quasi Monte-Carlo sequence (Sobol).
[no]  Markov Switching SBVAR.

Using 64-bit preprocessor
Starting Dynare (version 4.5.7).
Starting preprocessing of the model file ...
WARNING: QPM08_cql.mod:138.1-102: ''unit_root_vars'' is now obsolete; use the ''diffuse_filter'' option of ''estimation'' instead
Substitution of endo leads >= 2: added 6 auxiliary variables and equations.
Substitution of endo lags >= 2: added 16 auxiliary variables and equations.
Found 49 equation(s).
Evaluating expressions...done
Computing static model derivatives:
 - order 1
Computing dynamic model derivatives:
 - order 1
 - order 2
Processing outputs ...
done
Preprocessing completed.


STEADY-STATE RESULTS:

RR_US             		 1.8456
RR_US_BAR         		 1.8456
unr_cql_obs       		 6.525
unr_cql_obs_GAP   		 0
unr_cql_obs_BAR   		 6.525
PIE_US            		 2.5
PIE_US4           		 2.5
Y_US              		 0
gdpl_rgd_obs      		 895.093
gdpl_rgd_obs_BAR  		 895.093
ffr_obs           		 1.0864
G_US              		 2.7599
cpil_obs          		 498.924
E4_PIE_US4        		 2.5
E1_Y_US           		 0
E1_PIE_US         		 2.5
UNR_G_US          		 0
GROWTH_US         		 2.7599
GROWTH4_US        		 2.7599
GROWTH4_US_BAR    		 2.7599
blt_obs           		 -8.87
blt_obs_BAR       		 -8.87
E                 		 0
E2                		 0
GROWTH_US_BAR     		 2.7599
RR_US_GAP         		 0
blt_obs_GAP       		 0

EIGENVALUES:
         Modulus             Real        Imaginary

               0                0                0
               0                0                0
               0                0                0
               0                0                0
               0               -0               -0
               0               -0               -0
               0               -0               -0
        1.12e-19        1.118e-19        6.776e-21
       8.633e-19       -8.633e-19       -2.096e-37
       1.518e-18        1.517e-18        5.417e-20
       5.756e-18       -5.148e-18       -2.574e-18
       7.383e-18       -7.383e-18       -2.694e-20
       7.896e-18        5.139e-18       -5.995e-18
       9.028e-18       -6.794e-18        5.945e-18
       1.077e-17       -1.021e-17        3.405e-18
       1.365e-17       -1.354e-17       -1.693e-18
       5.367e-17        4.064e-18       -5.352e-17
             0.1              0.1        6.982e-18
          0.4822          -0.4822       -1.692e-16
          0.5118         -0.05828           0.5085
          0.5118         -0.05828          -0.5085
          0.6648           0.6648       -3.688e-17
          0.6992           0.6992       -1.151e-17
          0.7796           0.7796                0
             0.9              0.9        6.106e-17
           0.951           0.9252           0.2203
           0.951           0.9252          -0.2203
               1                1                0
               1                1               -0
               1                1               -0
               1                1               -0
           1.156            1.156        2.009e-16
           1.718          -0.2063            1.706
           1.718          -0.2063           -1.706
           1.824           -1.824       -8.466e-16
           7.308            7.308        5.007e-15
       3.156e+04        1.577e+04       -2.734e+04
       3.156e+04        1.578e+04        2.733e+04
       3.156e+04       -3.156e+04            6.877
             Inf             -Inf                0


There are 9 eigenvalue(s) larger than 1 in modulus 
for 9 forward-looking variable(s)

The rank condition is verified.

Initial value of the log posterior (or likelihood): -2491.6795
                                            First-order      Norm of
 Iter F-count            f(x)  Feasibility   optimality         step
    0      31    2.491679e+03    0.000e+00    5.941e+03
목적 함수가 Inf을(를) 반환했습니다. 새 점을 시도하는 중...
    1      63    1.808396e+03    0.000e+00    1.381e+03    2.583e+01
    2      94    1.608045e+03    0.000e+00    1.834e+03    3.151e+00
    3     125    1.552872e+03    0.000e+00    1.824e+03    2.082e+00
    4     156    1.282209e+03    0.000e+00    1.824e+03    9.042e+00
    5     188    1.238336e+03    0.000e+00    1.805e+03    2.080e+00
    6     220    1.193897e+03    0.000e+00    1.814e+03    8.232e-01
    7     252    1.177906e+03    0.000e+00    1.841e+03    3.280e-01
    8     286    1.176810e+03    0.000e+00    1.809e+03    8.318e-01
    9     317    1.076556e+03    0.000e+00    5.379e+03    4.375e+00
   10     348    1.069213e+03    0.000e+00    6.233e+03    1.431e+00
   11     384    9.918609e+02    0.000e+00    6.140e+03    6.439e-01
   12     416    9.579240e+02    0.000e+00    3.182e+03    1.476e+00
   13     448    9.453872e+02    0.000e+00    2.265e+03    4.839e-01
   14     479    9.282334e+02    0.000e+00    2.897e+03    1.516e+00
   15     515    8.995870e+02    0.000e+00    2.711e+03    6.587e-01
   16     547    8.921066e+02    0.000e+00    1.944e+03    1.687e-01
   17     579    8.855109e+02    0.000e+00    8.402e+02    6.834e-01
   18     611    8.790030e+02    0.000e+00    6.303e+02    1.188e+00
   19     643    8.722575e+02    0.000e+00    5.012e+02    6.691e-01
   20     675    8.674186e+02    0.000e+00    2.781e+02    5.691e-01
   21     707    8.673931e+02    0.000e+00    1.883e+02    6.689e-01
   22     739    8.672287e+02    0.000e+00    3.120e+02    9.042e-01
   23     771    8.642483e+02    0.000e+00    2.122e+02    8.251e-01
   24     803    8.591937e+02    0.000e+00    2.446e+02    5.857e-01
   25     835    8.530639e+02    0.000e+00    2.440e+02    4.845e-01
   26     868    8.502946e+02    0.000e+00    1.543e+02    2.064e-01
   27     900    8.423837e+02    0.000e+00    1.755e+02    1.394e+00
   28     933    8.406945e+02    0.000e+00    1.522e+02    5.656e-01
   29     966    8.398252e+02    0.000e+00    1.914e+02    7.899e-01
   30     999    8.373703e+02    0.000e+00    1.104e+02    6.165e-01

                                            First-order      Norm of
 Iter F-count            f(x)  Feasibility   optimality         step
   31    1032    8.362359e+02    0.000e+00    1.029e+02    4.431e-01
   32    1064    8.339184e+02    0.000e+00    1.000e+02    7.534e-01
   33    1096    8.329707e+02    0.000e+00    1.031e+02    3.004e-01
   34    1128    8.305664e+02    0.000e+00    1.239e+02    2.829e-01
   35    1160    8.300472e+02    0.000e+00    9.651e+01    3.303e-01
   36    1193    8.297228e+02    0.000e+00    1.167e+02    1.882e-01
   37    1226    8.286280e+02    0.000e+00    8.300e+01    1.809e-01
   38    1258    8.282553e+02    0.000e+00    9.470e+01    2.347e-01
   39    1290    8.276274e+02    0.000e+00    6.008e+01    2.897e-01
   40    1322    8.273398e+02    0.000e+00    4.627e+01    3.809e-01
   41    1353    8.262544e+02    0.000e+00    6.127e+01    1.970e-01
   42    1385    8.260915e+02    0.000e+00    6.331e+01    1.300e-01
   43    1417    8.258133e+02    0.000e+00    6.647e+01    1.627e-01
   44    1451    8.253463e+02    0.000e+00    7.500e+01    1.395e-01
   45    1483    8.253105e+02    0.000e+00    2.322e+01    3.772e-01
   46    1515    8.245649e+02    0.000e+00    2.038e+01    9.852e-02
   47    1548    8.236750e+02    0.000e+00    5.262e+01    2.708e-01
   48    1580    8.228456e+02    0.000e+00    6.370e+01    2.407e-01
   49    1612    8.218861e+02    0.000e+00    4.621e+01    2.840e-01
   50    1643    8.206287e+02    0.000e+00    1.786e+01    2.218e-01
   51    1674    8.193491e+02    0.000e+00    2.480e+01    2.794e-01
   52    1705    8.171741e+02    0.000e+00    3.773e+01    8.924e-01
   53    1737    8.154183e+02    0.000e+00    6.023e+01    8.499e-01
   54    1769    8.138108e+02    0.000e+00    6.384e+01    8.855e-01
   55    1801    8.136187e+02    0.000e+00    2.308e+02    5.587e-01
   56    1833    8.119982e+02    0.000e+00    5.467e+01    4.188e-01
   57    1864    8.105675e+02    0.000e+00    5.187e+01    1.261e-01
   58    1895    8.098975e+02    0.000e+00    9.808e+01    2.637e-01
   59    1926    8.099740e+02    0.000e+00    6.543e+01    2.090e-01
   60    1957    8.090676e+02    0.000e+00    6.345e+01    1.366e-01

                                            First-order      Norm of
 Iter F-count            f(x)  Feasibility   optimality         step
   61    1988    8.077251e+02    0.000e+00    5.388e+01    2.762e-01
   62    2020    8.064630e+02    0.000e+00    5.026e+01    4.777e-01
   63    2051    8.051005e+02    0.000e+00    4.858e+01    4.670e-01
   64    2082    8.005758e+02    0.000e+00    2.250e+02    3.232e+00
   65    2114    7.946277e+02    0.000e+00    9.880e+02    1.831e+00
   66    2145    7.590453e+02    0.000e+00    1.209e+02    8.698e+00
   67    2176    7.405679e+02    0.000e+00    2.201e+03    3.764e+00
   68    2208    6.980544e+02    0.000e+00    5.936e+02    3.630e+00
   69    2240    6.678081e+02    0.000e+00    5.357e+02    1.824e+00
   70    2272    6.626844e+02    0.000e+00    4.983e+02    9.164e-01
   71    2303    6.472781e+02    0.000e+00    2.280e+02    4.691e-01
   72    2334    6.409657e+02    0.000e+00    3.291e+02    6.551e-01
   73    2366    6.278711e+02    0.000e+00    1.613e+02    4.702e-01
   74    2397    6.192081e+02    0.000e+00    1.563e+02    4.654e-01
   75    2428    6.143016e+02    0.000e+00    1.300e+02    5.389e-01
   76    2459    6.135428e+02    0.000e+00    1.237e+02    2.298e-01
   77    2490    6.117148e+02    0.000e+00    1.206e+02    1.295e-01
   78    2521    6.103467e+02    0.000e+00    1.077e+02    8.462e-02
   79    2552    6.094231e+02    0.000e+00    9.375e+01    3.999e-02
   80    2583    6.064710e+02    0.000e+00    5.552e+01    1.458e-01
   81    2615    6.055668e+02    0.000e+00    5.195e+01    6.626e-02
   82    2646    6.048434e+02    0.000e+00    5.109e+01    5.002e-02
   83    2677    6.042766e+02    0.000e+00    4.924e+01    4.799e-02
   84    2708    6.037078e+02    0.000e+00    4.759e+01    6.595e-02
   85    2739    6.028329e+02    0.000e+00    4.301e+01    1.095e-01
   86    2770    6.014655e+02    0.000e+00    3.784e+01    1.438e-01
   87    2801    5.998104e+02    0.000e+00    5.793e+01    2.174e-01
   88    2832    5.987869e+02    0.000e+00    5.533e+01    7.635e-02
   89    2863    5.977054e+02    0.000e+00    8.162e+01    1.012e-01
   90    2894    5.962857e+02    0.000e+00    1.323e+02    1.663e-01

                                            First-order      Norm of
 Iter F-count            f(x)  Feasibility   optimality         step
   91    2925    5.937697e+02    0.000e+00    2.141e+02    2.956e-01
   92    2957    5.932020e+02    0.000e+00    2.056e+02    9.579e-02
   93    2988    5.921738e+02    0.000e+00    3.848e+01    1.484e-01
   94    3019    5.907921e+02    0.000e+00    8.576e+01    1.019e-01
   95    3050    5.902910e+02    0.000e+00    7.610e+01    5.175e-02
   96    3081    5.899717e+02    0.000e+00    5.679e+01    5.636e-02
   97    3112    5.895346e+02    0.000e+00    3.427e+01    7.513e-02
   98    3143    5.888523e+02    0.000e+00    2.848e+01    1.458e-01
   99    3174    5.872499e+02    0.000e+00    2.907e+01    3.806e-01
  100    3205    5.860278e+02    0.000e+00    4.820e+01    3.351e-01
  101    3236    5.852552e+02    0.000e+00    4.450e+01    7.732e-02
  102    3267    5.850405e+02    0.000e+00    4.076e+01    7.039e-02
  103    3298    5.848854e+02    0.000e+00    3.763e+01    3.680e-02
  104    3329    5.845535e+02    0.000e+00    3.308e+01    8.619e-02
  105    3360    5.842991e+02    0.000e+00    2.971e+01    7.352e-02
  106    3391    5.841228e+02    0.000e+00    4.918e+01    6.708e-02
  107    3422    5.840245e+02    0.000e+00    5.151e+01    4.211e-02
  108    3453    5.839423e+02    0.000e+00    4.609e+01    2.802e-02
  109    3484    5.838113e+02    0.000e+00    3.888e+01    2.713e-02
  110    3515    5.835498e+02    0.000e+00    3.474e+01    6.145e-02
  111    3546    5.829682e+02    0.000e+00    4.040e+01    9.695e-02
  112    3578    5.821388e+02    0.000e+00    5.380e+01    1.640e-01
  113    3610    5.819070e+02    0.000e+00    4.577e+01    3.800e-02
  114    3641    5.812005e+02    0.000e+00    3.079e+01    1.327e-01
  115    3672    5.810392e+02    0.000e+00    4.003e+01    9.112e-02
  116    3703    5.809474e+02    0.000e+00    3.330e+01    3.598e-02
  117    3734    5.808553e+02    0.000e+00    3.236e+01    2.871e-02
  118    3765    5.806787e+02    0.000e+00    2.978e+01    4.833e-02
  119    3796    5.804183e+02    0.000e+00    2.715e+01    6.180e-02
  120    3827    5.801542e+02    0.000e+00    1.219e+02    1.207e-01

                                            First-order      Norm of
 Iter F-count            f(x)  Feasibility   optimality         step
  121    3858    5.799744e+02    0.000e+00    5.117e+01    4.452e-02
  122    3889    5.798128e+02    0.000e+00    4.655e+01    4.212e-02
  123    3920    5.795220e+02    0.000e+00    4.817e+01    8.436e-02
  124    3951    5.793024e+02    0.000e+00    2.968e+01    9.677e-02
  125    3982    5.790800e+02    0.000e+00    2.828e+01    9.577e-02
  126    4013    5.789168e+02    0.000e+00    2.073e+01    2.857e-02
  127    4044    5.788136e+02    0.000e+00    1.931e+01    3.465e-02
  128    4075    5.787612e+02    0.000e+00    2.008e+01    2.042e-02
  129    4106    5.784577e+02    0.000e+00    2.223e+01    1.087e-01
  130    4137    5.773266e+02    0.000e+00    3.561e+01    6.630e-01
  131    4168    5.766395e+02    0.000e+00    2.775e+01    2.729e-01
  132    4199    5.752733e+02    0.000e+00    3.469e+01    5.191e-01
  133    4230    5.748836e+02    0.000e+00    1.092e+01    1.225e-01
  134    4261    5.745402e+02    0.000e+00    2.516e+01    3.531e-01
  135    4292    5.743237e+02    0.000e+00    1.817e+01    5.548e-02
  136    4323    5.739648e+02    0.000e+00    1.186e+01    1.117e-01
  137    4354    5.736197e+02    0.000e+00    7.712e+00    1.952e-01
  138    4385    5.733721e+02    0.000e+00    8.534e+00    2.545e-01
  139    4416    5.732653e+02    0.000e+00    5.948e+00    8.863e-02
  140    4447    5.732370e+02    0.000e+00    5.094e+00    1.788e-01
  141    4478    5.732026e+02    0.000e+00    5.190e+00    4.976e-02
  142    4509    5.731932e+02    0.000e+00    5.449e+00    3.612e-02
  143    4540    5.731892e+02    0.000e+00    5.883e+00    5.079e-02
  144    4571    5.731873e+02    0.000e+00    6.359e+00    1.757e-02
  145    4602    5.731852e+02    0.000e+00    6.921e+00    1.492e-02
  146    4633    5.731812e+02    0.000e+00    7.690e+00    1.564e-02
  147    4664    5.731719e+02    0.000e+00    8.764e+00    2.530e-02
  148    4695    5.731510e+02    0.000e+00    9.760e+00    3.691e-02
  149    4726    5.731146e+02    0.000e+00    9.527e+00    4.108e-02
  150    4757    5.730751e+02    0.000e+00    6.370e+00    1.736e-02

                                            First-order      Norm of
 Iter F-count            f(x)  Feasibility   optimality         step
  151    4788    5.730428e+02    0.000e+00    4.944e+00    3.502e-02
  152    4819    5.730273e+02    0.000e+00    6.725e+00    7.304e-02
  153    4850    5.730266e+02    0.000e+00    5.003e+00    3.702e-03
  154    4881    5.730253e+02    0.000e+00    5.013e+00    8.807e-03
  155    4912    5.730248e+02    0.000e+00    5.009e+00    2.402e-03
  156    4943    5.730226e+02    0.000e+00    5.001e+00    6.828e-03
  157    4974    5.730183e+02    0.000e+00    6.869e+00    8.413e-03
  158    5005    5.730052e+02    0.000e+00    1.354e+01    1.414e-02
  159    5036    5.729728e+02    0.000e+00    2.215e+01    2.326e-02
  160    5067    5.728975e+02    0.000e+00    3.150e+01    4.239e-02
  161    5098    5.727695e+02    0.000e+00    3.806e+01    7.032e-02
  162    5129    5.726269e+02    0.000e+00    3.966e+01    7.993e-02
  163    5160    5.724695e+02    0.000e+00    3.514e+01    5.768e-02
  164    5191    5.723056e+02    0.000e+00    1.304e+01    4.192e-02
  165    5222    5.723058e+02    0.000e+00    8.951e+00    4.287e-02
  166    5253    5.722987e+02    0.000e+00    1.829e+00    7.784e-03
  167    5284    5.722947e+02    0.000e+00    1.729e+00    7.494e-03
  168    5315    5.722960e+02    0.000e+00    1.003e-01    2.356e-03
  169    5346    5.721783e+02    0.000e+00    1.576e+00    2.424e-02
  170    5377    5.721679e+02    0.000e+00    7.311e-01    1.407e-02
  171    5408    5.721663e+02    0.000e+00    8.763e-02    3.152e-03
  172    5439    5.721664e+02    0.000e+00    8.962e-02    1.622e-03
  173    5470    5.721664e+02    0.000e+00    4.309e-02    1.108e-03
  174    5501    5.721664e+02    0.000e+00    3.656e-03    1.730e-04
  175    5532    5.721664e+02    0.000e+00    1.338e-03    3.194e-05
  176    5563    5.721662e+02    0.000e+00    2.980e-03    5.696e-05
  177    5594    5.721662e+02    0.000e+00    3.629e-04    2.331e-05
  178    5625    5.721662e+02    0.000e+00    7.291e-05    3.782e-06
  179    5656    5.721662e+02    0.000e+00    3.072e-04    1.389e-05
  180    5687    5.721662e+02    0.000e+00    2.748e-04    1.108e-05

                                            First-order      Norm of
 Iter F-count            f(x)  Feasibility   optimality         step
  181    5718    5.721662e+02    0.000e+00    1.070e-04    4.913e-06
  182    5751    5.721662e+02    0.000e+00    6.529e-05    1.620e-06

<a href = "matlab: helpview([docroot '/toolbox/optim/msg_csh/optim_msg_csh.map'],'local_min_poss_with_constr','CSHelpWindow');">국소 최솟값이 있을 수 있습니다. 제약 조건이 충족되었습니다</a>.

<a href = "matlab: helpview([docroot '/toolbox/optim/msg_csh/optim_msg_csh.map'],'norm_curr_step_simple_fminconip','CSHelpWindow');">현재 스텝의 크기</a>가 <a href = "matlab: helpview([docroot '/toolbox/optim/msg_csh/optim_msg_csh.map'],'step_size_tol','CSHelpWindow');">스텝 크기 허용오차</a> 
값보다 작고 제약 조건이 <a href = "matlab: helpview([docroot '/toolbox/optim/msg_csh/optim_msg_csh.map'],'constraint_tolerance','CSHelpWindow');">제약 조건 허용오차</a>의 
값 이내에서 충족되기 때문에 fmincon이(가) 중지되었습니다.

<<a href = "matlab: createExitMsg({'optimlib:sqpLineSearch:Exit2basic','fmincon'},{'optimlib:sqpLineSearch:Exit2detailed','1.000000e-06','0.000000e+00','1.000000e-06'},true,true);;">중지 기준 세부 정보</a>>

Final value of minus the log posterior (or likelihood):572.166170 

RESULTS FROM POSTERIOR ESTIMATION
parameters
                                    prior mean     mode    s.d. prior pstdev

alpha_us1                               0.800   0.2065  0.0390 beta  0.1000 
alpha_us2                               0.300   0.7245  0.0441 gamm  0.2000 
alpha_us3                               0.500   0.3628  0.1977 beta  0.2000 
growth_us_ss                            2.500   2.4225  0.2301 norm  0.2500 
rr_us_bar_ss                            2.000   1.5326  0.1948 norm  0.2000 
rho_us                                  0.900   0.3934  0.0780 beta  0.0500 
tau_us                                  0.100   0.0539  0.0319 beta  0.0500 
beta_us1                                0.750   0.5854  0.0332 gamm  0.1000 
beta_us2                                0.150   0.0429  0.0459 beta  0.1000 
beta_us3                                0.200   0.1528  0.0349 gamm  0.0500 
lambda_us1                              0.500   0.7812  0.0468 beta  0.1000 
lambda_us2                              0.250   0.1770  0.0299 gamm  0.0500 
gamma_us1                               0.500   0.7859  0.0257 beta  0.0500 
gamma_us2                               0.500   0.2358  0.1588 gamm  0.3000 
gamma_us4                               0.200   0.2202  0.0544 gamm  0.0500 
kappa_us                               20.000  19.9317  0.4961 gamm  0.5000 
theta                                   1.000   1.6373  0.5915 gamm  0.5000 

standard deviation of shocks
                                    prior mean     mode    s.d. prior pstdev

RES_unr_cql_obs_GAP                     0.200   0.2681  0.0337 invg     Inf 
RES_unr_cql_obs_BAR                     0.100   0.0473  0.0204 invg     Inf 
RES_UNR_G_US                            0.100   0.1036  0.0569 invg     Inf 
RES_Y_US                                0.250   1.1389  0.1046 invg     Inf 
RES_gdpl_rgd_obs_BAR                    0.050   0.0230  0.0094 invg     Inf 
RES_G_US                                0.100   0.3122  0.1320 invg     Inf 
RES_PIE_US                              0.700   1.9397  0.1419 invg     Inf 
RES_ffr_obs                             0.700   0.1430  0.0201 invg     Inf 
RES_RR_US_BAR                           0.200   1.3897  0.1960 invg     Inf 
RES_blt_obs                             0.400   0.7201  0.2521 invg     Inf 
RES_blt_obs_BAR                         0.200   0.0923  0.0378 invg     Inf 

correlation of shocks
                                    prior mean     mode    s.d. prior pstdev

RES_Y_US,RES_G_US                       0.250   0.1811  0.0853 beta  0.1000 
RES_gdpl_rgd_obs_BAR,RES_PIE_US         0.050   0.0420  0.0186 beta  0.0200 


Log data density [Laplace approximation] is -629.845750.

Estimation::mcmc: One Chain mode.
Estimation::mcmc: Initialization at the posterior mode.

Estimation::mcmc: Write details about the MCMC... Ok!
Estimation::mcmc: Details about the MCMC are available in QPM08_cql/metropolis\QPM08_cql_mh_history_0.mat


Estimation::mcmc: Number of mh files: 2 per block.
Estimation::mcmc: Total number of generated files: 2.
Estimation::mcmc: Total number of iterations: 500000.
Estimation::mcmc: Current acceptance ratio per chain: 
                                                       Chain  1: 27.0198%
Estimation::mcmc: Total number of MH draws per chain: 500000.
Estimation::mcmc: Total number of generated MH files: 2.
Estimation::mcmc: I'll use mh-files 1 to 2.
Estimation::mcmc: In MH-file number 1 I'll start at line 150001.
Estimation::mcmc: Finally I keep 350000 draws per chain.



MCMC Inefficiency factors per block
Parameter                                Block 1
SE_RES_unr_cql_obs_GAP                   517.103
SE_RES_unr_cql_obs_BAR                   683.522
SE_RES_UNR_G_US                          278.261
SE_RES_Y_US                              172.587
SE_RES_gdpl_rgd_obs_BAR                  704.690
SE_RES_G_US                              340.343
SE_RES_PIE_US                            202.250
SE_RES_ffr_obs                           222.903
SE_RES_RR_US_BAR                         147.466
SE_RES_blt_obs                           403.279
SE_RES_blt_obs_BAR                       606.617
CC_RES_Y_US_RES_G_US                     181.376
CC_RES_gdpl_rgd_obs_BAR_RES_PIE_US       203.638
alpha_us1                                242.570
alpha_us2                                273.687
alpha_us3                                207.674
growth_us_ss                             156.622
rr_us_bar_ss                             155.477
rho_us                                    92.267
tau_us                                   283.349
beta_us1                                 174.693
beta_us2                                 174.210
beta_us3                                 173.005
lambda_us1                               169.798
lambda_us2                               165.209
gamma_us1                                 99.221
gamma_us2                                165.197
gamma_us4                                169.796
kappa_us                                 166.251
theta                                    347.091


Geweke (1992) Convergence Tests, based on means of draws 150000 to 220000 vs 325000 to 500000.
p-values are for Chi2-test for equality of means.
Parameter                                  Post. Mean        Post. Std   p-val No Taper   p-val 4% Taper   p-val 8% Taper  p-val 15% Taper
SE_RES_unr_cql_obs_GAP                          0.232            0.055            0.000            0.001            0.001            0.000
SE_RES_unr_cql_obs_BAR                          0.133            0.096            0.000            0.001            0.002            0.001
SE_RES_UNR_G_US                                 0.102            0.058            0.000            0.007            0.011            0.013
SE_RES_Y_US                                     1.117            0.103            0.000            0.105            0.073            0.042
SE_RES_gdpl_rgd_obs_BAR                         0.050            0.045            0.000            0.008            0.008            0.004
SE_RES_G_US                                     0.488            0.184            0.000            0.077            0.070            0.083
SE_RES_PIE_US                                   1.978            0.149            0.000            0.784            0.790            0.803
SE_RES_ffr_obs                                  0.155            0.023            0.000            0.146            0.108            0.089
SE_RES_RR_US_BAR                                1.426            0.145            0.000            0.382            0.364            0.338
SE_RES_blt_obs                                  0.782            0.258            0.000            0.203            0.250            0.248
SE_RES_blt_obs_BAR                              0.179            0.134            0.677            0.992            0.993            0.994
CC_RES_Y_US_RES_G_US                            0.221            0.086            0.000            0.221            0.223            0.223
CC_RES_gdpl_rgd_obs_BAR_RES_PIE_US              0.050            0.020            0.000            0.134            0.126            0.140
alpha_us1                                       0.229            0.044            0.000            0.088            0.062            0.045
alpha_us2                                       0.768            0.051            0.000            0.634            0.650            0.653
alpha_us3                                       0.503            0.189            0.000            0.245            0.221            0.192
growth_us_ss                                    2.424            0.226            0.000            0.521            0.525            0.494
rr_us_bar_ss                                    1.499            0.185            0.000            0.666            0.672            0.616
rho_us                                          0.445            0.044            0.009            0.808            0.823            0.818
tau_us                                          0.084            0.041            0.000            0.063            0.049            0.025
beta_us1                                        0.580            0.034            0.000            0.449            0.473            0.498
beta_us2                                        0.063            0.042            0.000            0.459            0.420            0.372
beta_us3                                        0.155            0.034            0.000            0.327            0.359            0.358
lambda_us1                                      0.781            0.046            0.000            0.524            0.504            0.446
lambda_us2                                      0.184            0.030            0.000            0.008            0.007            0.005
gamma_us1                                       0.772            0.015            0.000            0.685            0.690            0.700
gamma_us2                                       0.289            0.138            0.000            0.658            0.648            0.606
gamma_us4                                       0.235            0.054            0.000            0.127            0.096            0.104
kappa_us                                       19.941            0.495            0.000            0.136            0.151            0.173
theta                                           1.651            0.545            0.000            0.185            0.200            0.173


Estimation::marginal density: I'm computing the posterior mean and covariance...  Done!
Estimation::marginal density: I'm computing the posterior log marginal density (modified harmonic mean)... Done!


ESTIMATION RESULTS

Log data density is -629.001091.

parameters
                                        prior mean   post. mean        90% HPD interval    prior       pstdev

alpha_us1                                    0.800       0.2278      0.1531      0.2977   beta        0.1000
alpha_us2                                    0.300       0.7677      0.6821      0.8505   gamm        0.2000
alpha_us3                                    0.500       0.5016      0.1905      0.8115   beta        0.2000
growth_us_ss                                 2.500       2.4283      2.0667      2.8119   norm        0.2500
rr_us_bar_ss                                 2.000       1.5016      1.1930      1.8063   norm        0.2000
rho_us                                       0.900       0.4449      0.3934      0.5056   beta        0.0500
tau_us                                       0.100       0.0828      0.0202      0.1438   beta        0.0500
beta_us1                                     0.750       0.5799      0.5254      0.6352   gamm        0.1000
beta_us2                                     0.150       0.0635      0.0020      0.1240   beta        0.1000
beta_us3                                     0.200       0.1555      0.0992      0.2115   gamm        0.0500
lambda_us1                                   0.500       0.7810      0.7082      0.8577   beta        0.1000
lambda_us2                                   0.250       0.1834      0.1361      0.2338   gamm        0.0500
gamma_us1                                    0.500       0.7717      0.7511      0.7902   beta        0.0500
gamma_us2                                    0.500       0.2884      0.0659      0.4958   gamm        0.3000
gamma_us4                                    0.200       0.2360      0.1451      0.3224   gamm        0.0500
kappa_us                                    20.000      19.9388     19.1300     20.7574   gamm        0.5000
theta                                        1.000       1.6453      0.7748      2.4979   gamm        0.5000

standard deviation of shocks
                                        prior mean   post. mean        90% HPD interval    prior       pstdev

RES_unr_cql_obs_GAP                          0.200       0.2307      0.1337      0.3155   invg           Inf
RES_unr_cql_obs_BAR                          0.100       0.1370      0.0247      0.2959   invg           Inf
RES_UNR_G_US                                 0.100       0.0999      0.0259      0.1811   invg           Inf
RES_Y_US                                     0.250       1.1179      0.9477      1.2845   invg           Inf
RES_gdpl_rgd_obs_BAR                         0.050       0.0534      0.0113      0.1135   invg           Inf
RES_G_US                                     0.100       0.4832      0.1990      0.7708   invg           Inf
RES_PIE_US                                   0.700       1.9786      1.7352      2.2231   invg           Inf
RES_ffr_obs                                  0.700       0.1546      0.1173      0.1921   invg           Inf
RES_RR_US_BAR                                0.200       1.4256      1.1884      1.6585   invg           Inf
RES_blt_obs                                  0.400       0.7867      0.3885      1.1844   invg           Inf
RES_blt_obs_BAR                              0.200       0.1721      0.0489      0.3292   invg           Inf

correlation of shocks
                                        prior mean   post. mean        90% HPD interval    prior       pstdev

RES_Y_US,RES_G_US                            0.250       0.2213      0.0815      0.3575   beta        0.1000
RES_gdpl_rgd_obs_BAR,RES_PIE_US              0.050       0.0496      0.0187      0.0801   beta        0.0200
Estimation::mcmc: Smoothed variables
Estimation::mcmc: Smoothed variables, done!
Estimation::mcmc: Smoothed shocks
Estimation::mcmc: Smoothed shocks, done!
Estimation::mcmc: Trend_coefficients
Estimation::mcmc: Trend_coefficients, done!
Estimation::mcmc: Smoothed constant
Estimation::mcmc: Smoothed constant, done!
Estimation::mcmc: Smoothed trend
Estimation::mcmc: Smoothed trend, done!
Estimation::mcmc: Updated Variables
Estimation::mcmc: Updated Variables, done!
Estimation::mcmc: Forecasted variables (mean)
Estimation::mcmc: Forecasted variables (mean), done!
Estimation::mcmc: Forecasted variables (point)
Estimation::mcmc: Forecasted variables (point), done!
Total computing time : 2h52m14s
Note: 1 warning(s) encountered in the preprocessor
