Starting Dynare (version 4.5.7).
Starting preprocessing of the model file ...
Substitution of exo lags: added 2 auxiliary variables and equations.
Found 40 equation(s).
Evaluating expressions...done
Computing static model derivatives:
 - order 1
Computing dynamic model derivatives:
 - order 1
 - order 2
Processing outputs ...
done
Preprocessing completed.
Initial value of the log posterior (or likelihood): -918.8256
-----------------
f at the beginning of new iteration,       918.8256490166
Predicted improvement:     8639.738344261
lambda =          1; f =          919.8991758
lambda =    0.33333; f =          918.9281345
lambda =    0.11111; f =          918.8328353
lambda =   0.037037; f =          918.8256942
lambda =   0.012346; f =          722.0617262
lambda =   0.023866; f =          591.2816109
lambda =   0.046138; f =          918.8259151
lambda =   0.031067; f =          918.8256492
lambda =   0.024504; f =          586.9226155
lambda =   0.028254; f =          573.5826602
lambda =   0.032577; f =          918.8256531
lambda =   0.029909; f =          577.6145482
Norm of dx     1.3145
----
Improvement on iteration 1 =      345.242988835
warning: possible inaccuracy in H matrix
-----------------
f at the beginning of new iteration,       573.5826601818
Predicted improvement:       65.918579162
lambda =          1; f =          573.5828215
lambda =    0.33333; f =          583.3712323
lambda =    0.11111; f =          569.4462537
lambda =   0.037037; f =          570.1481024
lambda =   0.071599; f =          569.0269617
Norm of dx    0.11525
----
Improvement on iteration 2 =        4.555698507
-----------------
f at the beginning of new iteration,       569.0269616751
Predicted improvement:       94.364108631
lambda =          1; f =          569.0296209
lambda =    0.33333; f =          606.3933138
lambda =    0.11111; f =          558.9485933
Norm of dx    0.21129
----
Improvement on iteration 3 =       10.078368396
-----------------
f at the beginning of new iteration,       558.9485932786
Predicted improvement:       20.273329073
lambda =          1; f =          566.8963030
lambda =    0.33333; f =          552.0263182
Norm of dx   0.077732
----
Improvement on iteration 4 =        6.922275080
-----------------
f at the beginning of new iteration,       552.0263181989
Predicted improvement:       16.437689217
lambda =          1; f =          530.2327435
Norm of dx   0.085647
----
Improvement on iteration 5 =       21.793574657
-----------------
f at the beginning of new iteration,       530.2327435415
Predicted improvement:        4.386119056
lambda =          1; f =          525.2189074
Norm of dx   0.038083
----
Improvement on iteration 6 =        5.013836129
-----------------
f at the beginning of new iteration,       525.2189074126
Predicted improvement:        2.684185592
lambda =          1; f =          522.2092170
Norm of dx   0.031555
----
Improvement on iteration 7 =        3.009690433
-----------------
f at the beginning of new iteration,       522.2092169797
Predicted improvement:        2.987910620
lambda =          1; f =          518.3662293
Norm of dx   0.059308
----
Improvement on iteration 8 =        3.842987653
-----------------
f at the beginning of new iteration,       518.3662293271
Predicted improvement:        2.180201593
lambda =          1; f =          515.0685137
lambda =     1.9332; f =          513.7150996
Norm of dx   0.046886
----
Improvement on iteration 9 =        4.651129721
-----------------
f at the beginning of new iteration,       513.7150996064
Predicted improvement:        1.602183891
lambda =          1; f =          510.9771700
lambda =     1.9332; f =          509.3386778
lambda =     3.7372; f =          509.5570431
Norm of dx   0.041094
----
Improvement on iteration 10 =        4.376421810
-----------------
f at the beginning of new iteration,       509.3386777963
Predicted improvement:        2.529569661
lambda =          1; f =          506.0100479
Norm of dx   0.061865
----
Improvement on iteration 11 =        3.328629921
-----------------
f at the beginning of new iteration,       506.0100478751
Predicted improvement:        1.876322962
lambda =          1; f =          503.2869567
lambda =     1.9332; f =          502.6504212
Norm of dx   0.042393
----
Improvement on iteration 12 =        3.359626657
-----------------
f at the beginning of new iteration,       502.6504212182
Predicted improvement:        1.680711758
lambda =          1; f =          499.8846190
lambda =     1.9332; f =          498.4263078
Norm of dx   0.058067
----
Improvement on iteration 13 =        4.224113412
-----------------
f at the beginning of new iteration,       498.4263078058
Predicted improvement:        2.518493950
lambda =          1; f =          495.5007634
Norm of dx   0.077945
----
Improvement on iteration 14 =        2.925544441
-----------------
f at the beginning of new iteration,       495.5007633647
Predicted improvement:        0.800905335
lambda =          1; f =          494.2634709
lambda =     1.9332; f =          493.7682399
Norm of dx   0.060268
----
Improvement on iteration 15 =        1.732523460
-----------------
f at the beginning of new iteration,       493.7682399046
Predicted improvement:        0.715399148
lambda =          1; f =          492.5727457
lambda =     1.9332; f =          491.8892903
Norm of dx   0.024292
----
Improvement on iteration 16 =        1.878949625
-----------------
f at the beginning of new iteration,       491.8892902796
Predicted improvement:        0.884146713
lambda =          1; f =          490.6955079
Norm of dx   0.034835
----
Improvement on iteration 17 =        1.193782373
-----------------
f at the beginning of new iteration,       490.6955079063
Predicted improvement:        0.539225550
lambda =          1; f =          489.9180132
lambda =     1.9332; f =          489.7170668
Norm of dx    0.02567
----
Improvement on iteration 18 =        0.978441095
-----------------
f at the beginning of new iteration,       489.7170668110
Predicted improvement:        0.372276996
lambda =          1; f =          489.0946172
lambda =     1.9332; f =          488.7404472
Norm of dx    0.02711
----
Improvement on iteration 19 =        0.976619609
-----------------
f at the beginning of new iteration,       488.7404472015
Predicted improvement:        0.573059036
lambda =          1; f =          487.9865420
Norm of dx   0.046383
----
Improvement on iteration 20 =        0.753905160
-----------------
f at the beginning of new iteration,       487.9865420411
Predicted improvement:        0.289852981
lambda =          1; f =          487.5553899
lambda =     1.9332; f =          487.4198993
Norm of dx   0.034347
----
Improvement on iteration 21 =        0.566642691
-----------------
f at the beginning of new iteration,       487.4198993498
Predicted improvement:        0.195799129
lambda =          1; f =          487.0646240
lambda =     1.9332; f =          486.7988146
lambda =     3.7372; f =          486.4669191
Norm of dx   0.011856
----
Improvement on iteration 22 =        0.952980201
-----------------
f at the beginning of new iteration,       486.4669191493
Predicted improvement:        0.404466712
lambda =          1; f =          485.8601880
lambda =     1.9332; f =          485.6640882
Norm of dx   0.032816
----
Improvement on iteration 23 =        0.802830915
-----------------
f at the beginning of new iteration,       485.6640882342
Predicted improvement:        0.235619211
lambda =          1; f =          485.2791575
lambda =     1.9332; f =          485.0751683
Norm of dx   0.021198
----
Improvement on iteration 24 =        0.588919969
-----------------
f at the beginning of new iteration,       485.0751682654
Predicted improvement:        0.206928740
lambda =          1; f =          484.7548974
lambda =     1.9332; f =          484.6271221
Norm of dx   0.027456
----
Improvement on iteration 25 =        0.448046188
-----------------
f at the beginning of new iteration,       484.6271220778
Predicted improvement:        0.144312624
lambda =          1; f =          484.3942158
lambda =     1.9332; f =          484.2747590
Norm of dx   0.014857
----
Improvement on iteration 26 =        0.352363044
-----------------
f at the beginning of new iteration,       484.2747590341
Predicted improvement:        0.096250143
lambda =          1; f =          484.1300488
lambda =     1.9332; f =          484.0807405
Norm of dx   0.015852
----
Improvement on iteration 27 =        0.194018561
-----------------
f at the beginning of new iteration,       484.0807404733
Predicted improvement:        0.074909875
lambda =          1; f =          483.9408996
lambda =     1.9332; f =          483.8286211
lambda =     3.7372; f =          483.6625355
lambda =     7.2247; f =          483.5395991
Norm of dx  0.0078352
----
Improvement on iteration 28 =        0.541141367
-----------------
f at the beginning of new iteration,       483.5395991061
Predicted improvement:        0.105783447
lambda =          1; f =          483.3839378
lambda =     1.9332; f =          483.3452325
Norm of dx   0.015411
----
Improvement on iteration 29 =        0.194366572
-----------------
f at the beginning of new iteration,       483.3452325339
Predicted improvement:        0.075645989
lambda =          1; f =          483.2086598
lambda =     1.9332; f =          483.1076139
lambda =     3.7372; f =          482.9838061
Norm of dx    0.01065
----
Improvement on iteration 30 =        0.361426469
-----------------
f at the beginning of new iteration,       482.9838060653
Predicted improvement:        0.151402990
lambda =          1; f =          482.7781289
Norm of dx   0.036444
----
Improvement on iteration 31 =        0.205677214
-----------------
f at the beginning of new iteration,       482.7781288516
Predicted improvement:        0.092884749
lambda =          1; f =          482.6475815
lambda =     1.9332; f =          482.6264008
Norm of dx    0.02204
----
Improvement on iteration 32 =        0.151728095
-----------------
f at the beginning of new iteration,       482.6264007562
Predicted improvement:        0.043508296
lambda =          1; f =          482.5561620
lambda =     1.9332; f =          482.5209825
Norm of dx  0.0088195
----
Improvement on iteration 33 =        0.105418304
-----------------
f at the beginning of new iteration,       482.5209824524
Predicted improvement:        0.034274856
lambda =          1; f =          482.4703630
lambda =     1.9332; f =          482.4554809
Norm of dx  0.0071495
----
Improvement on iteration 34 =        0.065501563
-----------------
f at the beginning of new iteration,       482.4554808894
Predicted improvement:        0.019211588
lambda =          1; f =          482.4222786
lambda =     1.9332; f =          482.4007216
lambda =     3.7372; f =          482.3848929
Norm of dx  0.0054914
----
Improvement on iteration 35 =        0.070587957
-----------------
f at the beginning of new iteration,       482.3848929326
Predicted improvement:        0.017769563
lambda =          1; f =          482.3559566
lambda =     1.9332; f =          482.3408685
Norm of dx  0.0054507
----
Improvement on iteration 36 =        0.044024395
-----------------
f at the beginning of new iteration,       482.3408685380
Predicted improvement:        0.020866312
lambda =          1; f =          482.3115050
lambda =     1.9332; f =          482.3064241
Norm of dx  0.0069434
----
Improvement on iteration 37 =        0.034444426
-----------------
f at the beginning of new iteration,       482.3064241119
Predicted improvement:        0.008947442
lambda =          1; f =          482.2923685
lambda =     1.9332; f =          482.2861907
Norm of dx  0.0043768
----
Improvement on iteration 38 =        0.020233417
-----------------
f at the beginning of new iteration,       482.2861906951
Predicted improvement:        0.008129511
lambda =          1; f =          482.2723783
lambda =     1.9332; f =          482.2639173
lambda =     3.7372; f =          482.2596843
Norm of dx  0.0032662
----
Improvement on iteration 39 =        0.026506412
-----------------
f at the beginning of new iteration,       482.2596842830
Predicted improvement:        0.008765724
lambda =          1; f =          482.2463781
lambda =     1.9332; f =          482.2415852
Norm of dx  0.0030989
----
Improvement on iteration 40 =        0.018099109
-----------------
f at the beginning of new iteration,       482.2415851744
Predicted improvement:        0.002974836
lambda =          1; f =          482.2364206
lambda =     1.9332; f =          482.2330354
lambda =     3.7372; f =          482.2304549
Norm of dx  0.0018742
----
Improvement on iteration 41 =        0.011130275
-----------------
f at the beginning of new iteration,       482.2304548999
Predicted improvement:        0.005488950
lambda =          1; f =          482.2209245
lambda =     1.9332; f =          482.2146610
lambda =     3.7372; f =          482.2097762
Norm of dx   0.002687
----
Improvement on iteration 42 =        0.020678661
-----------------
f at the beginning of new iteration,       482.2097762393
Predicted improvement:        0.003846985
lambda =          1; f =          482.2047278
Norm of dx  0.0029161
----
Improvement on iteration 43 =        0.005048465
-----------------
f at the beginning of new iteration,       482.2047277743
Predicted improvement:        0.003046853
lambda =          1; f =          482.1996919
lambda =     1.9332; f =          482.1969070
Norm of dx  0.0024378
----
Improvement on iteration 44 =        0.007820765
-----------------
f at the beginning of new iteration,       482.1969070091
Predicted improvement:        0.005130157
lambda =          1; f =          482.1886780
lambda =     1.9332; f =          482.1846736
Norm of dx  0.0045249
----
Improvement on iteration 45 =        0.012233459
-----------------
f at the beginning of new iteration,       482.1846735504
Predicted improvement:        0.004577702
lambda =          1; f =          482.1776288
lambda =     1.9332; f =          482.1748558
Norm of dx  0.0037218
----
Improvement on iteration 46 =        0.009817737
-----------------
f at the beginning of new iteration,       482.1748558137
Predicted improvement:        0.003003382
lambda =          1; f =          482.1696087
lambda =     1.9332; f =          482.1660758
lambda =     3.7372; f =          482.1629548
Norm of dx  0.0019035
----
Improvement on iteration 47 =        0.011901029
-----------------
f at the beginning of new iteration,       482.1629547847
Predicted improvement:        0.003565355
lambda =          1; f =          482.1574375
lambda =     1.9332; f =          482.1551819
Norm of dx  0.0032171
----
Improvement on iteration 48 =        0.007772870
-----------------
f at the beginning of new iteration,       482.1551819152
Predicted improvement:        0.001426754
lambda =          1; f =          482.1525926
lambda =     1.9332; f =          482.1506508
lambda =     3.7372; f =          482.1481983
Norm of dx  0.0023924
----
Improvement on iteration 49 =        0.006983662
-----------------
f at the beginning of new iteration,       482.1481982528
Predicted improvement:        0.006414924
lambda =          1; f =          482.1367270
lambda =     1.9332; f =          482.1284587
lambda =     3.7372; f =          482.1191472
Norm of dx  0.0079123
----
Improvement on iteration 50 =        0.029051095
-----------------
f at the beginning of new iteration,       482.1191471575
Predicted improvement:        0.015047498
lambda =          1; f =          482.0958793
lambda =     1.9332; f =          482.0864211
Norm of dx   0.014073
----
Improvement on iteration 51 =        0.032726078
-----------------
f at the beginning of new iteration,       482.0864210797
Predicted improvement:        0.005616671
lambda =          1; f =          482.0772827
lambda =     1.9332; f =          482.0725171
Norm of dx  0.0029865
----
Improvement on iteration 52 =        0.013903964
-----------------
f at the beginning of new iteration,       482.0725171158
Predicted improvement:        0.008608184
lambda =          1; f =          482.0573565
lambda =     1.9332; f =          482.0468952
lambda =     3.7372; f =          482.0366677
Norm of dx  0.0074699
----
Improvement on iteration 53 =        0.035849436
-----------------
f at the beginning of new iteration,       482.0366676798
Predicted improvement:        0.015735905
lambda =          1; f =          482.0118467
lambda =     1.9332; f =          482.0006305
Norm of dx   0.021112
----
Improvement on iteration 54 =        0.036037205
-----------------
f at the beginning of new iteration,       482.0006304745
Predicted improvement:        0.004762779
lambda =          1; f =          481.9932340
lambda =     1.9332; f =          481.9901751
Norm of dx   0.010228
----
Improvement on iteration 55 =        0.010455407
-----------------
f at the beginning of new iteration,       481.9901750671
Predicted improvement:        0.005464179
lambda =          1; f =          481.9798329
lambda =     1.9332; f =          481.9712496
lambda =     3.7372; f =          481.9575957
lambda =     7.2247; f =          481.9422988
Norm of dx  0.0068155
----
Improvement on iteration 56 =        0.047876227
-----------------
f at the beginning of new iteration,       481.9422988404
Predicted improvement:        0.018512865
lambda =          1; f =          481.9166127
Norm of dx    0.01529
----
Improvement on iteration 57 =        0.025686171
-----------------
f at the beginning of new iteration,       481.9166126695
Predicted improvement:        0.008711028
lambda =          1; f =          481.9045127
Norm of dx  0.0081982
----
Improvement on iteration 58 =        0.012100009
-----------------
f at the beginning of new iteration,       481.9045126608
Predicted improvement:        0.007429087
lambda =          1; f =          481.8920276
lambda =     1.9332; f =          481.8846588
Norm of dx  0.0094517
----
Improvement on iteration 59 =        0.019853837
-----------------
f at the beginning of new iteration,       481.8846588237
Predicted improvement:        0.017257461
lambda =          1; f =          481.8552964
lambda =     1.9332; f =          481.8372079
lambda =     3.7372; f =          481.8278588
Norm of dx   0.024276
----
Improvement on iteration 60 =        0.056800027
-----------------
f at the beginning of new iteration,       481.8278587963
Predicted improvement:        0.024168617
lambda =          1; f =          481.7897464
lambda =     1.9332; f =          481.7724642
Norm of dx   0.009419
----
Improvement on iteration 61 =        0.055394623
-----------------
f at the beginning of new iteration,       481.7724641736
Predicted improvement:        0.005579605
lambda =          1; f =          481.7650387
Norm of dx   0.017022
----
Improvement on iteration 62 =        0.007425466
-----------------
f at the beginning of new iteration,       481.7650387072
Predicted improvement:        0.003559490
lambda =          1; f =          481.7589012
lambda =     1.9332; f =          481.7549347
lambda =     3.7372; f =          481.7520749
Norm of dx   0.012356
----
Improvement on iteration 63 =        0.012963851
-----------------
f at the beginning of new iteration,       481.7520748567
Predicted improvement:        0.009188146
lambda =          1; f =          481.7339413
lambda =     1.9332; f =          481.7174573
lambda =     3.7372; f =          481.6867890
lambda =     7.2247; f =          481.6319770
lambda =     13.967; f =          481.5427302
lambda =         27; f =          481.4327218
Norm of dx  0.0078472
----
Improvement on iteration 64 =        0.319353059
-----------------
f at the beginning of new iteration,       481.4327217975
Predicted improvement:        0.063219212
lambda =          1; f =          481.3580955
Norm of dx    0.15532
----
Improvement on iteration 65 =        0.074626332
-----------------
f at the beginning of new iteration,       481.3580954651
Predicted improvement:        0.014409091
lambda =          1; f =          481.3334932
lambda =     1.9332; f =          481.3181745
lambda =     3.7372; f =          481.3096139
Norm of dx   0.043352
----
Improvement on iteration 66 =        0.048481597
-----------------
f at the beginning of new iteration,       481.3096138681
Predicted improvement:        0.028263122
lambda =          1; f =          481.2594498
lambda =     1.9332; f =          481.2239894
lambda =     3.7372; f =          481.1858937
Norm of dx  0.0089643
----
Improvement on iteration 67 =        0.123720154
-----------------
f at the beginning of new iteration,       481.1858937142
Predicted improvement:        0.019109301
lambda =          1; f =          481.1638768
Norm of dx   0.059793
----
Improvement on iteration 68 =        0.022016894
-----------------
f at the beginning of new iteration,       481.1638768204
Predicted improvement:        0.002466711
lambda =          1; f =          481.1598335
lambda =     1.9332; f =          481.1576637
Norm of dx   0.022366
----
Improvement on iteration 69 =        0.006213109
-----------------
f at the beginning of new iteration,       481.1576637112
Predicted improvement:        0.005184659
lambda =          1; f =          481.1481301
lambda =     1.9332; f =          481.1407413
lambda =     3.7372; f =          481.1305740
Norm of dx   0.022123
----
Improvement on iteration 70 =        0.027089683
-----------------
f at the beginning of new iteration,       481.1305740280
Predicted improvement:        0.028071546
lambda =          1; f =          481.0832625
lambda =     1.9332; f =          481.0548957
Norm of dx   0.060997
----
Improvement on iteration 71 =        0.075678357
-----------------
f at the beginning of new iteration,       481.0548956706
Predicted improvement:        0.045687487
lambda =          1; f =          480.9920728
Norm of dx   0.032478
----
Improvement on iteration 72 =        0.062822882
-----------------
f at the beginning of new iteration,       480.9920727891
Predicted improvement:        0.017862024
lambda =          1; f =          480.9714712
Norm of dx   0.036163
----
Improvement on iteration 73 =        0.020601593
-----------------
f at the beginning of new iteration,       480.9714711964
Predicted improvement:        0.001786709
lambda =          1; f =          480.9687140
lambda =     1.9332; f =          480.9676199
Norm of dx   0.016043
----
Improvement on iteration 74 =        0.003851249
-----------------
f at the beginning of new iteration,       480.9676199477
Predicted improvement:        0.001867075
lambda =          1; f =          480.9640120
lambda =     1.9332; f =          480.9608739
lambda =     3.7372; f =          480.9554353
lambda =     7.2247; f =          480.9472798
lambda =     13.967; f =          480.9404176
Norm of dx  0.0030919
----
Improvement on iteration 75 =        0.027202316
-----------------
f at the beginning of new iteration,       480.9404176313
Predicted improvement:        0.018885116
lambda =          1; f =          480.9068099
lambda =     1.9332; f =          480.8829736
lambda =     3.7372; f =          480.8575146
Norm of dx   0.041864
----
Improvement on iteration 76 =        0.082903008
-----------------
f at the beginning of new iteration,       480.8575146231
Predicted improvement:        0.008363539
lambda =          1; f =          480.8481702
Norm of dx   0.032558
----
Improvement on iteration 77 =        0.009344455
-----------------
f at the beginning of new iteration,       480.8481701684
Predicted improvement:        0.000438431
lambda =          1; f =          480.8475352
lambda =     1.9332; f =          480.8473797
Norm of dx  0.0027203
----
Improvement on iteration 78 =        0.000790425
-----------------
f at the beginning of new iteration,       480.8473797429
Predicted improvement:        0.000320449
lambda =          1; f =          480.8467545
lambda =     1.9332; f =          480.8461993
lambda =     3.7372; f =          480.8452031
lambda =     7.2247; f =          480.8435655
lambda =     13.967; f =          480.8414772
Norm of dx 0.00073021
----
Improvement on iteration 79 =        0.005902526
-----------------
f at the beginning of new iteration,       480.8414772172
Predicted improvement:        0.005860942
lambda =          1; f =          480.8313415
lambda =     1.9332; f =          480.8247505
lambda =     3.7372; f =          480.8198918
Norm of dx  0.0080462
----
Improvement on iteration 80 =        0.021585424
-----------------
f at the beginning of new iteration,       480.8198917928
Predicted improvement:        0.006864636
lambda =          1; f =          480.8102399
lambda =     1.9332; f =          480.8085947
Norm of dx   0.029811
----
Improvement on iteration 81 =        0.011297137
-----------------
f at the beginning of new iteration,       480.8085946557
Predicted improvement:        0.000419648
lambda =          1; f =          480.8081008
Norm of dx  0.0080911
----
Improvement on iteration 82 =        0.000493878
-----------------
f at the beginning of new iteration,       480.8081007777
Predicted improvement:        0.000110420
lambda =          1; f =          480.8078961
lambda =     1.9332; f =          480.8077344
lambda =     3.7372; f =          480.8075021
lambda =     7.2247; f =          480.8073528
Norm of dx  0.0014888
----
Improvement on iteration 83 =        0.000747979
-----------------
f at the beginning of new iteration,       480.8073527988
Predicted improvement:        0.000626926
lambda =          1; f =          480.8061200
lambda =     1.9332; f =          480.8050044
lambda =     3.7372; f =          480.8029435
lambda =     7.2247; f =          480.7993163
lambda =     13.967; f =          480.7936354
lambda =         27; f =          480.7876156
Norm of dx  0.0020284
----
Improvement on iteration 84 =        0.019737203
-----------------
f at the beginning of new iteration,       480.7876155961
Predicted improvement:        0.004405387
lambda =          1; f =          480.7823722
Norm of dx    0.01577
----
Improvement on iteration 85 =        0.005243408
-----------------
f at the beginning of new iteration,       480.7823721879
Predicted improvement:        0.000460987
lambda =          1; f =          480.7817957
Norm of dx  0.0039771
----
Improvement on iteration 86 =        0.000576536
-----------------
f at the beginning of new iteration,       480.7817956519
Predicted improvement:        0.000188957
lambda =          1; f =          480.7814677
lambda =     1.9332; f =          480.7812500
lambda =     3.7372; f =          480.7810672
Norm of dx  0.0017831
----
Improvement on iteration 87 =        0.000728404
-----------------
f at the beginning of new iteration,       480.7810672480
Predicted improvement:        0.000543506
lambda =          1; f =          480.7799896
lambda =     1.9332; f =          480.7790021
lambda =     3.7372; f =          480.7771423
lambda =     7.2247; f =          480.7737310
lambda =     13.967; f =          480.7678194
lambda =         27; f =          480.7589165
lambda =     52.196; f =          480.7509476
Norm of dx  0.0018237
----
Improvement on iteration 88 =        0.030119629
-----------------
f at the beginning of new iteration,       480.7509476193
Predicted improvement:        0.024898794
lambda =          1; f =          480.7072634
lambda =     1.9332; f =          480.6777285
lambda =     3.7372; f =          480.6523168
Norm of dx   0.070343
----
Improvement on iteration 89 =        0.098630816
-----------------
f at the beginning of new iteration,       480.6523168032
Predicted improvement:        0.018387055
lambda =          1; f =          480.6332203
Norm of dx   0.034743
----
Improvement on iteration 90 =        0.019096507
-----------------
f at the beginning of new iteration,       480.6332202963
Predicted improvement:        0.001232148
lambda =          1; f =          480.6313016
lambda =     1.9332; f =          480.6305002
Norm of dx  0.0028928
----
Improvement on iteration 91 =        0.002720112
-----------------
f at the beginning of new iteration,       480.6305001846
Predicted improvement:        0.001674189
lambda =          1; f =          480.6272605
lambda =     1.9332; f =          480.6244384
lambda =     3.7372; f =          480.6195323
lambda =     7.2247; f =          480.6120986
lambda =     13.967; f =          480.6053719
Norm of dx  0.0053619
----
Improvement on iteration 92 =        0.025128318
-----------------
f at the beginning of new iteration,       480.6053718671
Predicted improvement:        0.020515676
lambda =          1; f =          480.5682456
lambda =     1.9332; f =          480.5406759
lambda =     3.7372; f =          480.5070302
Norm of dx   0.060657
----
Improvement on iteration 93 =        0.098341648
-----------------
f at the beginning of new iteration,       480.5070302196
Predicted improvement:        0.018882846
lambda =          1; f =          480.4877841
Norm of dx   0.073631
----
Improvement on iteration 94 =        0.019246118
-----------------
f at the beginning of new iteration,       480.4877841011
Predicted improvement:        0.000517830
lambda =          1; f =          480.4870874
Norm of dx  0.0030212
----
Improvement on iteration 95 =        0.000696698
-----------------
f at the beginning of new iteration,       480.4870874026
Predicted improvement:        0.000330390
lambda =          1; f =          480.4865585
lambda =     1.9332; f =          480.4862976
Norm of dx   0.001482
----
Improvement on iteration 96 =        0.000789821
-----------------
f at the beginning of new iteration,       480.4862975814
Predicted improvement:        0.000582969
lambda =          1; f =          480.4852060
lambda =     1.9332; f =          480.4843141
lambda =     3.7372; f =          480.4829386
lambda =     7.2247; f =          480.4815968
Norm of dx  0.0020383
----
Improvement on iteration 97 =        0.004700783
-----------------
f at the beginning of new iteration,       480.4815967985
Predicted improvement:        0.003635171
lambda =          1; f =          480.4751908
lambda =     1.9332; f =          480.4707527
lambda =     3.7372; f =          480.4663755
Norm of dx   0.012992
----
Improvement on iteration 98 =        0.015221257
-----------------
f at the beginning of new iteration,       480.4663755418
Predicted improvement:        0.001517944
lambda =          1; f =          480.4647977
Norm of dx  0.0053803
----
Improvement on iteration 99 =        0.001577828
-----------------
f at the beginning of new iteration,       480.4647977140
Predicted improvement:        0.000039548
lambda =          1; f =          480.4647549
Norm of dx  0.0015312
----
Improvement on iteration 100 =        0.000042799
-----------------
f at the beginning of new iteration,       480.4647549149
Predicted improvement:        0.000009231
lambda =          1; f =          480.4647372
lambda =     1.9332; f =          480.4647230
lambda =     3.7372; f =          480.4647016
lambda =     7.2247; f =          480.4646835
Norm of dx 0.00015948
----
Improvement on iteration 101 =        0.000071371
-----------------
f at the beginning of new iteration,       480.4646835443
Predicted improvement:        0.000061289
lambda =          1; f =          480.4645676
lambda =     1.9332; f =          480.4644699
lambda =     3.7372; f =          480.4643095
lambda =     7.2247; f =          480.4641060
Norm of dx 0.00037119
----
Improvement on iteration 102 =        0.000577539
-----------------
f at the beginning of new iteration,       480.4641060055
Predicted improvement:        0.000213027
lambda =          1; f =          480.4638688
Norm of dx  0.0036962
----
Improvement on iteration 103 =        0.000237245
-----------------
f at the beginning of new iteration,       480.4638687604
Predicted improvement:        0.000010407
lambda =          1; f =          480.4638552
Norm of dx 0.00042449
----
Improvement on iteration 104 =        0.000013569
-----------------
f at the beginning of new iteration,       480.4638551912
Predicted improvement:        0.000004531
lambda =          1; f =          480.4638472
lambda =     1.9332; f =          480.4638421
lambda =     3.7372; f =          480.4638386
Norm of dx  0.0002912
----
Improvement on iteration 105 =        0.000016571
-----------------
f at the beginning of new iteration,       480.4638386199
Predicted improvement:        0.000011346
lambda =          1; f =          480.4638163
lambda =     1.9332; f =          480.4637959
lambda =     3.7372; f =          480.4637580
lambda =     7.2247; f =          480.4636901
lambda =     13.967; f =          480.4635786
lambda =         27; f =          480.4634376
Norm of dx 0.00023984
----
Improvement on iteration 106 =        0.000401038
-----------------
f at the beginning of new iteration,       480.4634375815
Predicted improvement:        0.000275429
lambda =          1; f =          480.4630638
Norm of dx  0.0065425
----
Improvement on iteration 107 =        0.000373752
-----------------
f at the beginning of new iteration,       480.4630638291
Predicted improvement:        0.000082899
lambda =          1; f =          480.4629745
Norm of dx  0.0043862
----
Improvement on iteration 108 =        0.000089303
-----------------
f at the beginning of new iteration,       480.4629745259
Predicted improvement:        0.000003877
lambda =          1; f =          480.4629676
lambda =     1.9332; f =          480.4629627
lambda =     3.7372; f =          480.4629577
Norm of dx 0.00059748
----
Improvement on iteration 109 =        0.000016867
-----------------
f at the beginning of new iteration,       480.4629576589
Predicted improvement:        0.000012841
lambda =          1; f =          480.4629324
lambda =     1.9332; f =          480.4629097
lambda =     3.7372; f =          480.4628684
lambda =     7.2247; f =          480.4627980
lambda =     13.967; f =          480.4626971
lambda =         27; f =          480.4626336
Norm of dx 0.00029996
----
Improvement on iteration 110 =        0.000324053
-----------------
f at the beginning of new iteration,       480.4626336055
Predicted improvement:        0.000276496
lambda =          1; f =          480.4621159
lambda =     1.9332; f =          480.4616965
lambda =     3.7372; f =          480.4610600
lambda =     7.2247; f =          480.4604808
Norm of dx  0.0031606
----
Improvement on iteration 111 =        0.002152828
-----------------
f at the beginning of new iteration,       480.4604807773
Predicted improvement:        0.000151543
lambda =          1; f =          480.4603089
Norm of dx  0.0073231
----
Improvement on iteration 112 =        0.000171890
-----------------
f at the beginning of new iteration,       480.4603088876
Predicted improvement:        0.000016079
lambda =          1; f =          480.4602797
lambda =     1.9332; f =          480.4602582
lambda =     3.7372; f =          480.4602325
Norm of dx  0.0015529
----
Improvement on iteration 113 =        0.000076346
-----------------
f at the beginning of new iteration,       480.4602325421
Predicted improvement:        0.000069060
lambda =          1; f =          480.4600997
lambda =     1.9332; f =          480.4599857
lambda =     3.7372; f =          480.4597927
lambda =     7.2247; f =          480.4595217
lambda =     13.967; f =          480.4593784
Norm of dx  0.0027589
----
Improvement on iteration 114 =        0.000854132
-----------------
f at the beginning of new iteration,       480.4593784099
Predicted improvement:        0.000762814
lambda =          1; f =          480.4579011
lambda =     1.9332; f =          480.4566078
lambda =     3.7372; f =          480.4543416
lambda =     7.2247; f =          480.4508368
lambda =     13.967; f =          480.4473536
Norm of dx  0.0062757
----
Improvement on iteration 115 =        0.012024835
-----------------
f at the beginning of new iteration,       480.4473535752
Predicted improvement:        0.003089749
lambda =          1; f =          480.4435227
Norm of dx   0.095638
----
Improvement on iteration 116 =        0.003830914
-----------------
f at the beginning of new iteration,       480.4435226613
Predicted improvement:        0.000261245
lambda =          1; f =          480.4432565
Norm of dx   0.029382
----
Improvement on iteration 117 =        0.000266117
-----------------
f at the beginning of new iteration,       480.4432565444
Predicted improvement:        0.000001474
lambda =          1; f =          480.4432537
lambda =     1.9332; f =          480.4432512
lambda =     3.7372; f =          480.4432472
lambda =     7.2247; f =          480.4432421
Norm of dx 0.00031624
----
Improvement on iteration 118 =        0.000014455
-----------------
f at the beginning of new iteration,       480.4432420893
Predicted improvement:        0.000013937
lambda =          1; f =          480.4432169
lambda =     1.9332; f =          480.4431983
lambda =     3.7372; f =          480.4431756
Norm of dx 0.00085129
----
Improvement on iteration 119 =        0.000066503
-----------------
f at the beginning of new iteration,       480.4431755859
Predicted improvement:        0.000039075
lambda =          1; f =          480.4431182
lambda =     1.9332; f =          480.4431008
Norm of dx  0.0008979
----
Improvement on iteration 120 =        0.000074768
-----------------
f at the beginning of new iteration,       480.4431008179
Predicted improvement:        0.000006142
lambda =          1; f =          480.4430940
Norm of dx  0.0014016
----
Improvement on iteration 121 =        0.000006812
-----------------
f at the beginning of new iteration,       480.4430940060
Predicted improvement:        0.000000198
lambda =          1; f =          480.4430938
Norm of dx  0.0002757
----
Improvement on iteration 122 =        0.000000162
-----------------
f at the beginning of new iteration,       480.4430938440
Predicted improvement:        0.000000000
lambda =          1; f =          480.4430938
lambda =    0.33333; f =          480.4430938
lambda =    0.11111; f =          480.4430938
lambda =   0.037037; f =          480.4430938
lambda =   0.012346; f =          480.4430938
lambda =  0.0041152; f =          480.4430938
lambda =  0.0013717; f =          480.4430938
lambda = 0.00045725; f =          480.4430938
lambda = 0.00015242; f =          480.4430938
lambda = 5.0805e-05; f =          480.4430938
lambda = 9.8216e-05; f =          480.4430938
lambda = 6.6133e-05; f =          480.4430938
lambda = 5.2163e-05; f =          480.4430938
lambda = 6.0144e-05; f =          480.4430938
lambda = 6.9347e-05; f =          480.4430938
lambda = 6.3669e-05; f =          480.4430938
lambda = 6.0488e-05; f =          480.4430938
lambda = 6.2377e-05; f =          480.4430938
lambda = 6.1237e-05; f =          480.4430938
lambda = 6.1918e-05; f =          480.4430938
lambda = 6.2608e-05; f =          480.4430938
Norm of dx 7.1573e-06
Cliff.  Perturbing search direction.
Predicted improvement:        0.000000002
lambda =          1; f =          480.4430939
lambda =    0.33333; f =          480.4430939
lambda =    0.11111; f =          480.4430938
lambda =   0.037037; f =          480.4430938
lambda =   0.012346; f =          480.4430938
lambda =  0.0041152; f =          480.4430938
lambda =  0.0013717; f =          480.4430938
lambda = 0.00045725; f =          480.4430938
lambda = 0.00088394; f =          480.4430938
lambda =  0.0005952; f =          480.4430938
lambda = 0.00046946; f =          480.4430938
lambda = 0.00046088; f =          480.4430938
Norm of dx  1.361e-05

badg2 =

     0

----
Improvement on iteration 123 =        0.000000000
improvement < crit termination
back and forth on step length never finished

Final value of minus the log posterior (or likelihood):480.443094 

RESULTS FROM POSTERIOR ESTIMATION
parameters
           prior mean     mode    s.d. prior pstdev

rhoZ           0.500   0.9900  0.0050 beta  0.2000 
rhob2          0.500   0.1749  0.0973 beta  0.2000 
rhog           0.500   0.9441  0.0218 beta  0.2000 
rhomu          0.500   0.6364  0.0759 beta  0.2000 
rhoms          0.500   0.1296  0.0735 beta  0.2000 
rhop           0.500   0.8269  0.0746 beta  0.2000 
rhow           0.500   0.9400  0.0209 beta  0.2000 
thetap         0.500   0.7327  0.1141 beta  0.2000 
thetaw         0.500   0.7604  0.0976 beta  0.2000 
inv_adj_cost   4.000   4.7440  1.0174 norm  1.5000 
sigma_c        1.500   1.3472  0.1623 norm  0.3750 
h              0.700   0.7769  0.0499 beta  0.1000 
zeta_w         0.500   0.8400  0.0425 beta  0.1000 
nu_L           2.000   1.9584  0.6786 norm  0.7500 
zeta_p         0.500   0.9007  0.0205 beta  0.1000 
iota_w         0.500   0.4578  0.1490 beta  0.1500 
iota_p         0.500   0.3170  0.1110 beta  0.1500 
czcap          0.500   0.6092  0.1062 beta  0.1500 
Phi            1.250   1.6567  0.0889 norm  0.1250 
psi1           1.500   1.8827  0.1868 norm  0.2500 
rhoR           0.750   0.7925  0.0377 beta  0.1000 
psi2           0.125   0.0869  0.0435 norm  0.0500 
psi3           0.125   0.1812  0.0330 norm  0.0500 
const_pi       0.625   0.5426  0.0637 gamm  0.1000 
constebeta     0.250   0.2100  0.0917 gamm  0.1000 
const_L        0.000   0.4180  1.4851 norm  2.0000 
ctrend         0.400   0.5238  0.0771 norm  0.1000 
rhogZ          0.500   0.5958  0.1254 norm  0.2500 
alpha          0.300   0.2586  0.0400 norm  0.0500 

standard deviation of shocks
           prior mean     mode    s.d. prior pstdev

eZ             0.100   0.3674  0.0306 invg  2.0000 
eb2            0.100   0.2359  0.0259 invg  2.0000 
eg             0.100   0.4961  0.0358 invg  2.0000 
emu            0.100   0.5097  0.0685 invg  2.0000 
ems            0.100   0.2542  0.0194 invg  2.0000 
ep             0.100   0.1071  0.0139 invg  2.0000 
ew             0.100   0.1201  0.0236 invg  2.0000 


Log data density [Laplace approximation] is -554.347667.

Estimation::mcmc: One Chain mode.
Estimation::mcmc: Initialization at the posterior mode.

Estimation::mcmc: Write details about the MCMC... Ok!
Estimation::mcmc: Details about the MCMC are available in FU20/metropolis\FU20_mh_history_0.mat


Estimation::mcmc: Number of mh files: 2 per block.
Estimation::mcmc: Total number of generated files: 2.
Estimation::mcmc: Total number of iterations: 500000.
Estimation::mcmc: Current acceptance ratio per chain: 
                                                       Chain  1: 13.5612%
Estimation::mcmc: Total number of MH draws per chain: 500000.
Estimation::mcmc: Total number of generated MH files: 2.
Estimation::mcmc: I'll use mh-files 1 to 2.
Estimation::mcmc: In MH-file number 1 I'll start at line 150001.
Estimation::mcmc: Finally I keep 350000 draws per chain.



MCMC Inefficiency factors per block
Parameter          Block 1
SE_eZ              349.272
SE_eb2             330.508
SE_eg              346.608
SE_emu             368.970
SE_ems             391.598
SE_ep              383.828
SE_ew              502.848
rhoZ               714.685
rhob2              336.742
rhog               380.868
rhomu              371.590
rhoms              397.569
rhop               640.619
rhow               412.585
thetap             537.092
thetaw             556.504
inv_adj_cost       337.152
sigma_c            372.598
h                  345.117
zeta_w             534.748
nu_L               310.374
zeta_p             730.899
iota_w             294.582
iota_p             383.041
czcap              342.862
Phi                323.780
psi1               315.797
rhoR               552.650
psi2               563.534
psi3               401.118
const_pi           321.794
constebeta         346.020
const_L            385.036
ctrend             515.998
rhogZ              320.565
alpha              369.096


Geweke (1992) Convergence Tests, based on means of draws 150000 to 220000 vs 325000 to 500000.
p-values are for Chi2-test for equality of means.
Parameter            Post. Mean        Post. Std   p-val No Taper   p-val 4% Taper   p-val 8% Taper  p-val 15% Taper
SE_eZ                     0.361            0.031            0.000            0.001            0.004            0.010
SE_eb2                    0.235            0.026            0.000            0.100            0.102            0.115
SE_eg                     0.507            0.036            0.000            0.101            0.096            0.053
SE_emu                    0.479            0.072            0.000            0.057            0.137            0.231
SE_ems                    0.263            0.022            0.101            0.945            0.946            0.942
SE_ep                     0.103            0.014            0.000            0.032            0.025            0.016
SE_ew                     0.140            0.027            0.000            0.000            0.000            0.002
rhoZ                      0.975            0.018            0.000            0.000            0.000            0.001
rhob2                     0.182            0.094            0.000            0.178            0.225            0.294
rhog                      0.939            0.023            0.000            0.000            0.001            0.007
rhomu                     0.663            0.082            0.000            0.459            0.538            0.603
rhoms                     0.193            0.083            0.000            0.010            0.012            0.011
rhop                      0.952            0.075            0.000            0.000            0.002            0.019
rhow                      0.947            0.019            0.000            0.000            0.000            0.000
thetap                    0.755            0.098            0.000            0.326            0.436            0.526
thetaw                    0.619            0.121            0.000            0.789            0.828            0.836
inv_adj_cost              5.269            0.990            0.000            0.247            0.269            0.273
sigma_c                   1.200            0.142            0.000            0.000            0.001            0.005
h                         0.807            0.046            0.000            0.000            0.001            0.004
zeta_w                    0.756            0.058            0.000            0.000            0.000            0.001
nu_L                      2.063            0.652            0.000            0.245            0.256            0.297
zeta_p                    0.727            0.087            0.000            0.000            0.000            0.001
iota_w                    0.553            0.139            0.000            0.001            0.002            0.007
iota_p                    0.378            0.122            0.000            0.000            0.000            0.000
czcap                     0.693            0.098            0.000            0.016            0.043            0.096
Phi                       1.691            0.089            0.000            0.002            0.006            0.018
psi1                      1.827            0.174            0.000            0.508            0.482            0.438
rhoR                      0.728            0.051            0.000            0.000            0.000            0.001
psi2                      0.033            0.036            0.000            0.000            0.002            0.018
psi3                      0.158            0.036            0.000            0.000            0.000            0.000
const_pi                  0.543            0.065            0.000            0.017            0.021            0.030
constebeta                0.249            0.101            0.000            0.115            0.090            0.074
const_L                   0.654            1.553            0.000            0.000            0.000            0.002
ctrend                    0.540            0.086            0.000            0.000            0.000            0.000
rhogZ                     0.588            0.128            0.000            0.031            0.035            0.033
alpha                     0.270            0.039            0.000            0.000            0.000            0.000


Estimation::marginal density: I'm computing the posterior mean and covariance...  Done!
Estimation::marginal density: I'm computing the posterior log marginal density (modified harmonic mean)... Done!


ESTIMATION RESULTS

Log data density is -550.633222.

parameters
               prior mean   post. mean        90% HPD interval    prior       pstdev

rhoZ                0.500       0.9739      0.9424      0.9973   beta        0.2000
rhob2               0.500       0.1811      0.0372      0.3236   beta        0.2000
rhog                0.500       0.9384      0.9028      0.9775   beta        0.2000
rhomu               0.500       0.6643      0.5278      0.8011   beta        0.2000
rhoms               0.500       0.1931      0.0538      0.3241   beta        0.2000
rhop                0.500       0.9548      0.8557      0.9991   beta        0.2000
rhow                0.500       0.9469      0.9203      0.9751   beta        0.2000
thetap              0.500       0.7552      0.6111      0.9050   beta        0.2000
thetaw              0.500       0.6085      0.4158      0.8040   beta        0.2000
inv_adj_cost        4.000       5.2418      3.6149      6.9215   norm        1.5000
sigma_c             1.500       1.1957      0.9815      1.4016   norm        0.3750
h                   0.700       0.8070      0.7371      0.8776   beta        0.1000
zeta_w              0.500       0.7533      0.6592      0.8477   beta        0.1000
nu_L                2.000       2.0654      1.0027      3.1180   norm        0.7500
zeta_p              0.500       0.7234      0.6213      0.9093   beta        0.1000
iota_w              0.500       0.5565      0.3332      0.7883   beta        0.1500
iota_p              0.500       0.3786      0.1695      0.5668   beta        0.1500
czcap               0.500       0.6949      0.5348      0.8497   beta        0.1500
Phi                 1.250       1.6902      1.5420      1.8327   norm        0.1250
psi1                1.500       1.8238      1.5405      2.0978   norm        0.2500
rhoR                0.750       0.7266      0.6415      0.8106   beta        0.1000
psi2                0.125       0.0326      0.0010      0.0768   norm        0.0500
psi3                0.125       0.1566      0.0994      0.2193   norm        0.0500
const_pi            0.625       0.5428      0.4393      0.6528   gamm        0.1000
constebeta          0.250       0.2461      0.0914      0.3967   gamm        0.1000
const_L             0.000       0.5696     -1.9380      3.0650   norm        2.0000
ctrend              0.400       0.5431      0.4111      0.7044   norm        0.1000
rhogZ               0.500       0.5852      0.3782      0.7997   norm        0.2500
alpha               0.300       0.2697      0.2048      0.3341   norm        0.0500

standard deviation of shocks
               prior mean   post. mean        90% HPD interval    prior       pstdev

eZ                  0.100       0.3607      0.3095      0.4108   invg        2.0000
eb2                 0.100       0.2353      0.1933      0.2784   invg        2.0000
eg                  0.100       0.5081      0.4455      0.5648   invg        2.0000
emu                 0.100       0.4779      0.3634      0.5949   invg        2.0000
ems                 0.100       0.2631      0.2275      0.2989   invg        2.0000
ep                  0.100       0.1034      0.0808      0.1258   invg        2.0000
ew                  0.100       0.1389      0.0940      0.1832   invg        2.0000
Estimation::mcmc: Smoothed variables
Estimation::mcmc: Smoothed variables, done!
Estimation::mcmc: Smoothed shocks
Estimation::mcmc: Smoothed shocks, done!
Estimation::mcmc: Trend_coefficients
Estimation::mcmc: Trend_coefficients, done!
Estimation::mcmc: Smoothed constant
Estimation::mcmc: Smoothed constant, done!
Estimation::mcmc: Smoothed trend
Estimation::mcmc: Smoothed trend, done!
Estimation::mcmc: Updated Variables
Estimation::mcmc: Updated Variables, done!
Estimation::mcmc: Forecasted variables (mean)
Estimation::mcmc: Forecasted variables (mean), done!
Estimation::mcmc: Forecasted variables (point)
Estimation::mcmc: Forecasted variables (point), done!
Total computing time : 1h42m26s
