Starting Dynare (version 4.5.7).
Starting preprocessing of the model file ...
WARNING: in the 'steady_state_model' block, variable 'y' is not assigned a value
WARNING: in the 'steady_state_model' block, variable 'c' is not assigned a value
WARNING: in the 'steady_state_model' block, variable 'inve' is not assigned a value
WARNING: in the 'steady_state_model' block, variable 'zcap' is not assigned a value
WARNING: in the 'steady_state_model' block, variable 'lam' is not assigned a value
WARNING: in the 'steady_state_model' block, variable 'r' is not assigned a value
WARNING: in the 'steady_state_model' block, variable 'pinf' is not assigned a value
WARNING: in the 'steady_state_model' block, variable 'lab' is not assigned a value
WARNING: in the 'steady_state_model' block, variable 'pk' is not assigned a value
WARNING: in the 'steady_state_model' block, variable 'rk' is not assigned a value
WARNING: in the 'steady_state_model' block, variable 'k' is not assigned a value
WARNING: in the 'steady_state_model' block, variable 'kp' is not assigned a value
WARNING: in the 'steady_state_model' block, variable 'mc' is not assigned a value
WARNING: in the 'steady_state_model' block, variable 'w' is not assigned a value
WARNING: in the 'steady_state_model' block, variable 'u' is not assigned a value
WARNING: in the 'steady_state_model' block, variable 'ex' is not assigned a value
WARNING: in the 'steady_state_model' block, variable 'ls' is not assigned a value
WARNING: in the 'steady_state_model' block, variable 'un' is not assigned a value
WARNING: in the 'steady_state_model' block, variable 'e' is not assigned a value
WARNING: in the 'steady_state_model' block, variable 'yf' is not assigned a value
WARNING: in the 'steady_state_model' block, variable 'cf' is not assigned a value
WARNING: in the 'steady_state_model' block, variable 'invef' is not assigned a value
WARNING: in the 'steady_state_model' block, variable 'zcapf' is not assigned a value
WARNING: in the 'steady_state_model' block, variable 'lamf' is not assigned a value
WARNING: in the 'steady_state_model' block, variable 'rrf' is not assigned a value
WARNING: in the 'steady_state_model' block, variable 'labf' is not assigned a value
WARNING: in the 'steady_state_model' block, variable 'pkf' is not assigned a value
WARNING: in the 'steady_state_model' block, variable 'rkf' is not assigned a value
WARNING: in the 'steady_state_model' block, variable 'kf' is not assigned a value
WARNING: in the 'steady_state_model' block, variable 'kpf' is not assigned a value
WARNING: in the 'steady_state_model' block, variable 'wf' is not assigned a value
WARNING: in the 'steady_state_model' block, variable 'exf' is not assigned a value
WARNING: in the 'steady_state_model' block, variable 'ef' is not assigned a value
WARNING: in the 'steady_state_model' block, variable 'g' is not assigned a value
WARNING: in the 'steady_state_model' block, variable 'b' is not assigned a value
WARNING: in the 'steady_state_model' block, variable 'qs' is not assigned a value
WARNING: in the 'steady_state_model' block, variable 'a' is not assigned a value
WARNING: in the 'steady_state_model' block, variable 'spinf' is not assigned a value
WARNING: in the 'steady_state_model' block, variable 'epinfma' is not assigned a value
WARNING: in the 'steady_state_model' block, variable 'sw' is not assigned a value
WARNING: in the 'steady_state_model' block, variable 'ewma' is not assigned a value
WARNING: in the 'steady_state_model' block, variable 'ms' is not assigned a value
WARNING: in the 'steady_state_model' block, variable 'pss' is not assigned a value
Found 51 equation(s).
Evaluating expressions...done
Computing static model derivatives:
 - order 1
Computing dynamic model derivatives:
 - order 1
 - order 2
Processing outputs ...
done
Preprocessing completed.
[Warning: Your prior allows for negative standard deviations for structural shocks. Due to working with variances, Dynare will
be able to continue, but it is recommended to change your prior.] 
[> In <a href="matlab:matlab.internal.language.introspective.errorDocCallback('initial_estimation_checks', 'C:\dynare\4.5.7\matlab\initial_estimation_checks.m', 86)" style="font-weight:bold">initial_estimation_checks</a> (<a href="matlab: opentoline('C:\dynare\4.5.7\matlab\initial_estimation_checks.m',86,0)">line 86</a>)
  In <a href="matlab:matlab.internal.language.introspective.errorDocCallback('dynare_estimation_1', 'C:\dynare\4.5.7\matlab\dynare_estimation_1.m', 165)" style="font-weight:bold">dynare_estimation_1</a> (<a href="matlab: opentoline('C:\dynare\4.5.7\matlab\dynare_estimation_1.m',165,0)">line 165</a>)
  In <a href="matlab:matlab.internal.language.introspective.errorDocCallback('dynare_estimation', 'C:\dynare\4.5.7\matlab\dynare_estimation.m', 105)" style="font-weight:bold">dynare_estimation</a> (<a href="matlab: opentoline('C:\dynare\4.5.7\matlab\dynare_estimation.m',105,0)">line 105</a>)
  In <a href="matlab:matlab.internal.language.introspective.errorDocCallback('GSW12', 'C:\Users\KaiLong\Documents\GitHub\MMB_forecast_application\estimations\GSW12_20010815_s1\GSW12.m', 615)" style="font-weight:bold">GSW12</a> (<a href="matlab: opentoline('C:\Users\KaiLong\Documents\GitHub\MMB_forecast_application\estimations\GSW12_20010815_s1\GSW12.m',615,0)">line 615</a>)
  In <a href="matlab:matlab.internal.language.introspective.errorDocCallback('dynare', 'C:\dynare\4.5.7\matlab\dynare.m', 235)" style="font-weight:bold">dynare</a> (<a href="matlab: opentoline('C:\dynare\4.5.7\matlab\dynare.m',235,0)">line 235</a>)
  In <a href="matlab:matlab.internal.language.introspective.errorDocCallback('Copy_3_of_gen_forecast', 'C:\Users\KaiLong\Documents\GitHub\MMB_forecast_application\Copy_3_of_gen_forecast.m', 222)" style="font-weight:bold">Copy_3_of_gen_forecast</a> (<a href="matlab: opentoline('C:\Users\KaiLong\Documents\GitHub\MMB_forecast_application\Copy_3_of_gen_forecast.m',222,0)">line 222</a>)] 
Initial value of the log posterior (or likelihood): -4252.9273
-----------------
f at the beginning of new iteration,      4252.9272619066
Predicted improvement:   665723.240757285
lambda =          1; f =         4253.2622568
lambda =    0.33333; f =         2742.2644906
lambda =    0.11111; f =         1352.7495855
lambda =   0.037037; f =          997.0421612
lambda =   0.012346; f =         1159.5290055
lambda =  0.0041152; f =         1887.8190771
Norm of dx     11.539
----
Improvement on iteration 1 =     3255.885100670
-----------------
f at the beginning of new iteration,       997.0421612366
Predicted improvement:     1255.273416513
lambda =          1; f =          997.1309113
lambda =    0.33333; f =          997.0497176
lambda =    0.11111; f =          997.0426656
lambda =   0.037037; f =          997.0421622
lambda =   0.012346; f =          968.0668271
lambda =   0.023866; f =          944.9130844
lambda =   0.046138; f =          997.0421743
lambda =   0.031067; f =          933.3547913
lambda =   0.039387; f =          997.0421640
lambda =    0.03416; f =          997.0421613
lambda =   0.031363; f =          932.9991985
lambda =   0.033013; f =          931.7179494
lambda =   0.034749; f =          997.0421613
lambda =   0.033696; f =          932.5810998
lambda =   0.034324; f =          997.0421613
lambda =   0.033946; f =          997.0421612
lambda =   0.033572; f =          932.1814742
Norm of dx    0.50151
Cliff.  Perturbing search direction.
Predicted improvement:     1804.696151098
lambda =          1; f =          997.2445417
lambda =    0.33333; f =          997.0560234
lambda =    0.11111; f =          997.0432302
lambda =   0.037037; f =          997.0421804
lambda =   0.012346; f =          956.4210682
lambda =   0.023866; f =          927.1759217
lambda =   0.046138; f =          997.0422230
lambda =   0.031067; f =          997.0421656
lambda =   0.024504; f =          926.2271569
lambda =   0.028254; f =          997.0421623
lambda =    0.02594; f =          997.0421613
lambda =   0.024644; f =          926.0658970
lambda =   0.025414; f =          925.9983374
lambda =   0.026207; f =          997.0421613
lambda =   0.025728; f =          997.0421612
lambda =   0.025445; f =          926.0666508
Norm of dx    0.72924
Cliff again.  Try traversing
Predicted improvement:  1389442.697557758
lambda =          1; f =       577565.6389235
lambda =    0.33333; f =        64559.5317681
lambda =    0.11111; f =         7899.1310572
lambda =   0.037037; f =         1713.9126585
lambda =   0.012346; f =         1061.8665881
lambda =  0.0041152; f =         1000.9606486
lambda =  0.0013717; f =          997.2688756
lambda = 0.00045725; f =          997.0482882
lambda = 0.00015242; f =          997.0431187
lambda = 5.0805e-05; f =          842.7445550
lambda = 9.8216e-05; f =          872.8000857
Norm of dx       1667
----
Improvement on iteration 2 =      154.297606278
-----------------
f at the beginning of new iteration,       842.7445549583
Predicted improvement:      231.949196622
lambda =          1; f =          842.7445870
lambda =    0.33333; f =          842.7459772
lambda =    0.11111; f =          842.7446240
lambda =   0.037037; f =          829.6457136
lambda =   0.071599; f =          842.7445644
lambda =   0.048211; f =          830.8470932
Norm of dx    0.20672
----
Improvement on iteration 3 =       13.098841328
-----------------
f at the beginning of new iteration,       829.6457136305
Predicted improvement:      105.726334887
lambda =          1; f =          829.6461828
lambda =    0.33333; f =          815.2654028
lambda =    0.11111; f =          814.5643578
Norm of dx    0.19438
----
Improvement on iteration 4 =       15.081355803
-----------------
f at the beginning of new iteration,       814.5643578280
Predicted improvement:      107.443539763
lambda =          1; f =          814.5643685
lambda =    0.33333; f =          776.8029278
Norm of dx    0.21906
----
Improvement on iteration 5 =       37.761430057
-----------------
f at the beginning of new iteration,       776.8029277708
Predicted improvement:       62.330754231
lambda =          1; f =          776.8030422
lambda =    0.33333; f =          754.7560689
Norm of dx    0.23737
----
Improvement on iteration 6 =       22.046858897
-----------------
f at the beginning of new iteration,       754.7560688736
Predicted improvement:       76.024333689
lambda =          1; f =          754.7581017
lambda =    0.33333; f =          725.2817580
Norm of dx    0.27916
----
Improvement on iteration 7 =       29.474310901
-----------------
f at the beginning of new iteration,       725.2817579721
Predicted improvement:       16.938876238
lambda =          1; f =          711.2360072
Norm of dx   0.088563
----
Improvement on iteration 8 =       14.045750732
-----------------
f at the beginning of new iteration,       711.2360072397
Predicted improvement:        8.484244112
lambda =          1; f =          701.4642215
Norm of dx   0.052928
----
Improvement on iteration 9 =        9.771785706
-----------------
f at the beginning of new iteration,       701.4642215338
Predicted improvement:        8.355844796
lambda =          1; f =          689.4891784
lambda =     1.9332; f =          687.8952019
Norm of dx   0.095074
----
Improvement on iteration 10 =       13.569019672
-----------------
f at the beginning of new iteration,       687.8952018617
Predicted improvement:        8.106616900
lambda =          1; f =          687.8952019
lambda =    0.33333; f =          682.8192043
lambda =    0.64439; f =          679.1020784
lambda =     1.2457; f =          687.8952261
lambda =     0.8388; f =          677.9955357
lambda =     1.0635; f =          687.8952037
lambda =    0.92232; f =          678.3769117
Norm of dx   0.051635
----
Improvement on iteration 11 =        9.899666135
warning: possible inaccuracy in H matrix
-----------------
f at the beginning of new iteration,       677.9955357270
Predicted improvement:       13.938509549
lambda =          1; f =          659.4292670
Norm of dx    0.10428
----
Improvement on iteration 12 =       18.566268759
-----------------
f at the beginning of new iteration,       659.4292669682
Predicted improvement:       12.138915948
lambda =          1; f =          655.1707417
lambda =    0.33333; f =          653.1099241
lambda =    0.64439; f =          651.0817643
Norm of dx    0.22576
----
Improvement on iteration 13 =        8.347502675
-----------------
f at the beginning of new iteration,       651.0817642936
Predicted improvement:        4.154336652
lambda =          1; f =          648.0163548
Norm of dx   0.054117
----
Improvement on iteration 14 =        3.065409467
-----------------
f at the beginning of new iteration,       648.0163548267
Predicted improvement:        3.895122525
lambda =          1; f =          641.4104107
lambda =     1.9332; f =          637.4000693
lambda =     3.7372; f =          635.8144559
Norm of dx   0.042224
----
Improvement on iteration 15 =       12.201898922
-----------------
f at the beginning of new iteration,       635.8144559051
Predicted improvement:        4.183434727
lambda =          1; f =          629.5768840
lambda =     1.9332; f =          628.2824180
Norm of dx   0.073816
----
Improvement on iteration 16 =        7.532037947
-----------------
f at the beginning of new iteration,       628.2824179580
Predicted improvement:        3.675011309
lambda =          1; f =          623.0797027
lambda =     1.9332; f =          623.0269247
Norm of dx   0.037398
----
Improvement on iteration 17 =        5.255493297
-----------------
f at the beginning of new iteration,       623.0269246608
Predicted improvement:        3.440515721
lambda =          1; f =          619.4169739
Norm of dx   0.056936
----
Improvement on iteration 18 =        3.609950783
-----------------
f at the beginning of new iteration,       619.4169738783
Predicted improvement:        1.404462306
lambda =          1; f =          617.3372484
lambda =     1.9332; f =          619.4170301
lambda =     1.3017; f =          617.0964718
Norm of dx   0.040167
----
Improvement on iteration 19 =        2.320502092
-----------------
f at the beginning of new iteration,       617.0964717860
Predicted improvement:        3.690585354
lambda =          1; f =          613.6301068
Norm of dx   0.066457
----
Improvement on iteration 20 =        3.466365034
-----------------
f at the beginning of new iteration,       613.6301067519
Predicted improvement:        1.875431824
lambda =          1; f =          611.0147588
Norm of dx    0.06243
----
Improvement on iteration 21 =        2.615347907
-----------------
f at the beginning of new iteration,       611.0147588448
Predicted improvement:        4.188657763
lambda =          1; f =          606.1572577
Norm of dx    0.12248
----
Improvement on iteration 22 =        4.857501181
-----------------
f at the beginning of new iteration,       606.1572576642
Predicted improvement:        3.070283108
lambda =          1; f =          602.9770156
Norm of dx   0.052854
----
Improvement on iteration 23 =        3.180242023
-----------------
f at the beginning of new iteration,       602.9770156408
Predicted improvement:        1.850783390
lambda =          1; f =          600.4065822
Norm of dx   0.031166
----
Improvement on iteration 24 =        2.570433462
-----------------
f at the beginning of new iteration,       600.4065821784
Predicted improvement:        2.214341316
lambda =          1; f =          596.9722537
lambda =     1.9332; f =          595.5044761
Norm of dx   0.073444
----
Improvement on iteration 25 =        4.902106074
-----------------
f at the beginning of new iteration,       595.5044761040
Predicted improvement:        2.762377919
lambda =          1; f =          593.1725530
Norm of dx   0.072571
----
Improvement on iteration 26 =        2.331923138
-----------------
f at the beginning of new iteration,       593.1725529661
Predicted improvement:        2.322196385
lambda =          1; f =          589.3067204
lambda =     1.9332; f =          593.1725571
lambda =     1.3017; f =          588.6830746
lambda =     1.6503; f =          589.0123677
Norm of dx    0.10231
----
Improvement on iteration 27 =        4.489478329
-----------------
f at the beginning of new iteration,       588.6830746369
Predicted improvement:        5.916961536
lambda =          1; f =          580.7009845
Norm of dx    0.19708
----
Improvement on iteration 28 =        7.982090124
-----------------
f at the beginning of new iteration,       580.7009845128
Predicted improvement:      101.056292129
lambda =          1; f =          582.4510604
lambda =    0.33333; f =          580.7009997
lambda =    0.11111; f =          570.6874896
Norm of dx     2.6488
----
Improvement on iteration 29 =       10.013494871
-----------------
f at the beginning of new iteration,       570.6874896418
Predicted improvement:       19.871914049
lambda =          1; f =          579.2470712
lambda =    0.33333; f =          561.9074410
Norm of dx    0.47233
----
Improvement on iteration 30 =        8.780048594
-----------------
f at the beginning of new iteration,       561.9074410478
Predicted improvement:       23.570093935
lambda =          1; f =         1251.4480986
lambda =    0.33333; f =          549.7592858
lambda =    0.64439; f =          560.4919833
lambda =     0.4339; f =          548.7858528
Norm of dx    0.57418
----
Improvement on iteration 31 =       13.121588243
-----------------
f at the beginning of new iteration,       548.7858528045
Predicted improvement:       21.230667311
lambda =          1; f =          547.5277626
lambda =    0.33333; f =          540.4175068
Norm of dx     0.1875
----
Improvement on iteration 32 =        8.368345989
-----------------
f at the beginning of new iteration,       540.4175068159
Predicted improvement:        6.491193119
lambda =          1; f =          534.3621780
Norm of dx    0.13548
----
Improvement on iteration 33 =        6.055328807
-----------------
f at the beginning of new iteration,       534.3621780088
Predicted improvement:        5.202725402
lambda =          1; f =          528.8110097
Norm of dx   0.080241
----
Improvement on iteration 34 =        5.551168282
-----------------
f at the beginning of new iteration,       528.8110097271
Predicted improvement:        2.897844648
lambda =          1; f =          524.6548890
lambda =     1.9332; f =          524.5328900
Norm of dx   0.045999
----
Improvement on iteration 35 =        4.278119711
-----------------
f at the beginning of new iteration,       524.5328900159
Predicted improvement:        2.289648373
lambda =          1; f =          521.8788252
Norm of dx   0.026379
----
Improvement on iteration 36 =        2.654064774
-----------------
f at the beginning of new iteration,       521.8788252417
Predicted improvement:        1.191465761
lambda =          1; f =          520.0682530
lambda =     1.9332; f =          519.5267754
Norm of dx   0.023488
----
Improvement on iteration 37 =        2.352049891
-----------------
f at the beginning of new iteration,       519.5267753509
Predicted improvement:        0.870962704
lambda =          1; f =          518.0464193
lambda =     1.9332; f =          517.1295443
lambda =     3.7372; f =          516.6222247
Norm of dx   0.024085
----
Improvement on iteration 38 =        2.904550697
-----------------
f at the beginning of new iteration,       516.6222246535
Predicted improvement:        0.858719953
lambda =          1; f =          515.5287483
Norm of dx   0.023008
----
Improvement on iteration 39 =        1.093476374
-----------------
f at the beginning of new iteration,       515.5287482793
Predicted improvement:        0.398496762
lambda =          1; f =          514.9318534
lambda =     1.9332; f =          514.7730827
Norm of dx   0.018195
----
Improvement on iteration 40 =        0.755665607
-----------------
f at the beginning of new iteration,       514.7730826720
Predicted improvement:        0.274733506
lambda =          1; f =          514.3346181
lambda =     1.9332; f =          514.1152489
Norm of dx    0.01219
----
Improvement on iteration 41 =        0.657833772
-----------------
f at the beginning of new iteration,       514.1152489004
Predicted improvement:        0.499667926
lambda =          1; f =          513.4406782
Norm of dx   0.027932
----
Improvement on iteration 42 =        0.674570743
-----------------
f at the beginning of new iteration,       513.4406781577
Predicted improvement:        0.295512984
lambda =          1; f =          513.0252005
lambda =     1.9332; f =          512.9649843
Norm of dx   0.029442
----
Improvement on iteration 43 =        0.475693845
-----------------
f at the beginning of new iteration,       512.9649843127
Predicted improvement:        0.240100779
lambda =          1; f =          512.6196784
lambda =     1.9332; f =          512.5155282
Norm of dx  0.0091878
----
Improvement on iteration 44 =        0.449456145
-----------------
f at the beginning of new iteration,       512.5155281672
Predicted improvement:        0.211668880
lambda =          1; f =          512.2117261
lambda =     1.9332; f =          512.1436903
Norm of dx   0.013866
----
Improvement on iteration 45 =        0.371837867
-----------------
f at the beginning of new iteration,       512.1436903006
Predicted improvement:        0.140803595
lambda =          1; f =          511.9278633
lambda =     1.9332; f =          511.8496344
Norm of dx   0.013628
----
Improvement on iteration 46 =        0.294055940
-----------------
f at the beginning of new iteration,       511.8496343607
Predicted improvement:        0.080537126
lambda =          1; f =          511.7236096
lambda =     1.9332; f =          511.6716400
Norm of dx  0.0068203
----
Improvement on iteration 47 =        0.177994329
-----------------
f at the beginning of new iteration,       511.6716400316
Predicted improvement:        0.043967271
lambda =          1; f =          511.5999075
lambda =     1.9332; f =          511.5619403
Norm of dx   0.007394
----
Improvement on iteration 48 =        0.109699723
-----------------
f at the beginning of new iteration,       511.5619403081
Predicted improvement:        0.051453485
lambda =          1; f =          511.4828278
lambda =     1.9332; f =          511.4515462
Norm of dx   0.010341
----
Improvement on iteration 49 =        0.110394090
-----------------
f at the beginning of new iteration,       511.4515462176
Predicted improvement:        0.038306644
lambda =          1; f =          511.3879781
lambda =     1.9332; f =          511.3527527
Norm of dx  0.0063778
----
Improvement on iteration 50 =        0.098793555
-----------------
f at the beginning of new iteration,       511.3527526621
Predicted improvement:        0.039361585
lambda =          1; f =          511.3008717
Norm of dx  0.0073498
----
Improvement on iteration 51 =        0.051880986
-----------------
f at the beginning of new iteration,       511.3008716760
Predicted improvement:        0.022388948
lambda =          1; f =          511.2656141
lambda =     1.9332; f =          511.2500756
Norm of dx  0.0051514
----
Improvement on iteration 52 =        0.050796067
-----------------
f at the beginning of new iteration,       511.2500756088
Predicted improvement:        0.024019568
lambda =          1; f =          511.2090526
lambda =     1.9332; f =          511.1833850
lambda =     3.7372; f =          511.1681816
Norm of dx  0.0060414
----
Improvement on iteration 53 =        0.081894003
-----------------
f at the beginning of new iteration,       511.1681816063
Predicted improvement:        0.018562359
lambda =          1; f =          511.1418101
lambda =     1.9332; f =          511.1363301
Norm of dx  0.0029804
----
Improvement on iteration 54 =        0.031851548
-----------------
f at the beginning of new iteration,       511.1363300580
Predicted improvement:        0.007403182
lambda =          1; f =          511.1229805
lambda =     1.9332; f =          511.1131406
lambda =     3.7372; f =          511.1012973
Norm of dx  0.0031882
----
Improvement on iteration 55 =        0.035032800
-----------------
f at the beginning of new iteration,       511.1012972585
Predicted improvement:        0.020883240
lambda =          1; f =          511.0683699
lambda =     1.9332; f =          511.0535691
Norm of dx  0.0085074
----
Improvement on iteration 56 =        0.047728156
-----------------
f at the beginning of new iteration,       511.0535691029
Predicted improvement:        0.013134595
lambda =          1; f =          511.0342085
lambda =     1.9332; f =          511.0285304
Norm of dx  0.0047193
----
Improvement on iteration 57 =        0.025038722
-----------------
f at the beginning of new iteration,       511.0285303804
Predicted improvement:        0.005252724
lambda =          1; f =          511.0193470
lambda =     1.9332; f =          511.0131851
lambda =     3.7372; f =          511.0079173
Norm of dx  0.0012368
----
Improvement on iteration 58 =        0.020613046
-----------------
f at the beginning of new iteration,       511.0079173341
Predicted improvement:        0.009014348
lambda =          1; f =          510.9912969
lambda =     1.9332; f =          510.9783349
lambda =     3.7372; f =          510.9602844
lambda =     7.2247; f =          510.9517951
Norm of dx  0.0048447
----
Improvement on iteration 59 =        0.056122265
-----------------
f at the beginning of new iteration,       510.9517950691
Predicted improvement:        0.018034914
lambda =          1; f =          510.9257970
lambda =     1.9332; f =          510.9194168
Norm of dx  0.0051932
----
Improvement on iteration 60 =        0.032378266
-----------------
f at the beginning of new iteration,       510.9194168029
Predicted improvement:        0.009449889
lambda =          1; f =          510.9016904
lambda =     1.9332; f =          510.8872793
lambda =     3.7372; f =          510.8653012
lambda =     7.2247; f =          510.8451204
Norm of dx  0.0042767
----
Improvement on iteration 61 =        0.074296428
-----------------
f at the beginning of new iteration,       510.8451203753
Predicted improvement:        0.051658101
lambda =          1; f =          510.7529511
lambda =     1.9332; f =          510.6868700
lambda =     3.7372; f =          510.6128267
Norm of dx   0.027499
----
Improvement on iteration 62 =        0.232293665
-----------------
f at the beginning of new iteration,       510.6128267100
Predicted improvement:        0.034316661
lambda =          1; f =          510.5684378
Norm of dx   0.025489
----
Improvement on iteration 63 =        0.044388936
-----------------
f at the beginning of new iteration,       510.5684377740
Predicted improvement:        0.014906135
lambda =          1; f =          510.5442158
lambda =     1.9332; f =          510.5317590
Norm of dx   0.012979
----
Improvement on iteration 64 =        0.036678815
-----------------
f at the beginning of new iteration,       510.5317589589
Predicted improvement:        0.021427177
lambda =          1; f =          510.4958226
lambda =     1.9332; f =          510.4747713
Norm of dx   0.014588
----
Improvement on iteration 65 =        0.056987674
-----------------
f at the beginning of new iteration,       510.4747712847
Predicted improvement:        0.027104303
lambda =          1; f =          510.4385140
Norm of dx   0.014459
----
Improvement on iteration 66 =        0.036257316
-----------------
f at the beginning of new iteration,       510.4385139685
Predicted improvement:        0.011935227
lambda =          1; f =          510.4207666
lambda =     1.9332; f =          510.4151861
Norm of dx  0.0058477
----
Improvement on iteration 67 =        0.023327880
-----------------
f at the beginning of new iteration,       510.4151860885
Predicted improvement:        0.009187246
lambda =          1; f =          510.3980057
lambda =     1.9332; f =          510.3840950
lambda =     3.7372; f =          510.3629507
lambda =     7.2247; f =          510.3432137
Norm of dx   0.003997
----
Improvement on iteration 68 =        0.071972385
-----------------
f at the beginning of new iteration,       510.3432137031
Predicted improvement:        0.012432435
lambda =          1; f =          510.3228645
lambda =     1.9332; f =          510.3120626
Norm of dx   0.016222
----
Improvement on iteration 69 =        0.031151138
-----------------
f at the beginning of new iteration,       510.3120625655
Predicted improvement:        0.015657412
lambda =          1; f =          510.2851589
lambda =     1.9332; f =          510.2680413
lambda =     3.7372; f =          510.2568459
Norm of dx   0.017725
----
Improvement on iteration 70 =        0.055216642
-----------------
f at the beginning of new iteration,       510.2568459232
Predicted improvement:        0.029030681
lambda =          1; f =          510.2060923
lambda =     1.9332; f =          510.1718555
lambda =     3.7372; f =          510.1414207
Norm of dx  0.0056896
----
Improvement on iteration 71 =        0.115425238
-----------------
f at the beginning of new iteration,       510.1414206854
Predicted improvement:        0.016965960
lambda =          1; f =          510.1108921
lambda =     1.9332; f =          510.0886361
lambda =     3.7372; f =          510.0629782
Norm of dx    0.01837
----
Improvement on iteration 72 =        0.078442440
-----------------
f at the beginning of new iteration,       510.0629782458
Predicted improvement:        0.045241926
lambda =          1; f =          509.9887239
lambda =     1.9332; f =          509.9489476
Norm of dx   0.039957
----
Improvement on iteration 73 =        0.114030676
-----------------
f at the beginning of new iteration,       509.9489475694
Predicted improvement:        0.038165694
lambda =          1; f =          509.9005420
Norm of dx   0.022517
----
Improvement on iteration 74 =        0.048405570
-----------------
f at the beginning of new iteration,       509.9005419997
Predicted improvement:        0.011262188
lambda =          1; f =          509.8830011
lambda =     1.9332; f =          509.8756115
Norm of dx  0.0047593
----
Improvement on iteration 75 =        0.024930498
-----------------
f at the beginning of new iteration,       509.8756115017
Predicted improvement:        0.012830153
lambda =          1; f =          509.8515367
lambda =     1.9332; f =          509.8319392
lambda =     3.7372; f =          509.8018622
lambda =     7.2247; f =          509.7726460
Norm of dx  0.0064415
----
Improvement on iteration 76 =        0.102965519
-----------------
f at the beginning of new iteration,       509.7726459823
Predicted improvement:        0.039480920
lambda =          1; f =          509.7130691
lambda =     1.9332; f =          509.6926301
Norm of dx   0.041129
----
Improvement on iteration 77 =        0.080015874
-----------------
f at the beginning of new iteration,       509.6926301078
Predicted improvement:        0.009039875
lambda =          1; f =          509.6768991
lambda =     1.9332; f =          509.6664492
lambda =     3.7372; f =          509.6578394
Norm of dx   0.011238
----
Improvement on iteration 78 =        0.034790723
-----------------
f at the beginning of new iteration,       509.6578393851
Predicted improvement:        0.016301273
lambda =          1; f =          509.6297081
lambda =     1.9332; f =          509.6115630
lambda =     3.7372; f =          509.5987482
Norm of dx   0.010339
----
Improvement on iteration 79 =        0.059091157
-----------------
f at the beginning of new iteration,       509.5987482285
Predicted improvement:        0.005408653
lambda =          1; f =          509.5912864
Norm of dx  0.0078393
----
Improvement on iteration 80 =        0.007461875
-----------------
f at the beginning of new iteration,       509.5912863536
Predicted improvement:        0.004308105
lambda =          1; f =          509.5844757
lambda =     1.9332; f =          509.5813838
Norm of dx  0.0035385
----
Improvement on iteration 81 =        0.009902563
-----------------
f at the beginning of new iteration,       509.5813837909
Predicted improvement:        0.005765699
lambda =          1; f =          509.5709151
lambda =     1.9332; f =          509.5630640
lambda =     3.7372; f =          509.5531651
Norm of dx  0.0058027
----
Improvement on iteration 82 =        0.028218682
-----------------
f at the beginning of new iteration,       509.5531651088
Predicted improvement:        0.012823529
lambda =          1; f =          509.5360557
Norm of dx   0.021177
----
Improvement on iteration 83 =        0.017109422
-----------------
f at the beginning of new iteration,       509.5360556870
Predicted improvement:        0.004397355
lambda =          1; f =          509.5301310
Norm of dx  0.0097183
----
Improvement on iteration 84 =        0.005924640
-----------------
f at the beginning of new iteration,       509.5301310466
Predicted improvement:        0.002714663
lambda =          1; f =          509.5257038
lambda =     1.9332; f =          509.5233777
Norm of dx  0.0052194
----
Improvement on iteration 85 =        0.006753381
-----------------
f at the beginning of new iteration,       509.5233776655
Predicted improvement:        0.004192202
lambda =          1; f =          509.5163024
lambda =     1.9332; f =          509.5120564
Norm of dx  0.0051297
----
Improvement on iteration 86 =        0.011321253
-----------------
f at the beginning of new iteration,       509.5120564124
Predicted improvement:        0.005781065
lambda =          1; f =          509.5046019
Norm of dx  0.0050586
----
Improvement on iteration 87 =        0.007454516
-----------------
f at the beginning of new iteration,       509.5046018960
Predicted improvement:        0.001394829
lambda =          1; f =          509.5028179
Norm of dx  0.0014668
----
Improvement on iteration 88 =        0.001784031
-----------------
f at the beginning of new iteration,       509.5028178645
Predicted improvement:        0.000540603
lambda =          1; f =          509.5019153
lambda =     1.9332; f =          509.5013958
Norm of dx 0.00080901
----
Improvement on iteration 89 =        0.001422101
-----------------
f at the beginning of new iteration,       509.5013957638
Predicted improvement:        0.001219433
lambda =          1; f =          509.4992217
lambda =     1.9332; f =          509.4976714
lambda =     3.7372; f =          509.4959862
Norm of dx  0.0022283
----
Improvement on iteration 90 =        0.005409541
-----------------
f at the beginning of new iteration,       509.4959862224
Predicted improvement:        0.003713007
lambda =          1; f =          509.4894146
lambda =     1.9332; f =          509.4848299
lambda =     3.7372; f =          509.4802279
Norm of dx  0.0061291
----
Improvement on iteration 91 =        0.015758314
-----------------
f at the beginning of new iteration,       509.4802279085
Predicted improvement:        0.003148169
lambda =          1; f =          509.4760399
Norm of dx  0.0035351
----
Improvement on iteration 92 =        0.004187990
-----------------
f at the beginning of new iteration,       509.4760399188
Predicted improvement:        0.001229197
lambda =          1; f =          509.4741588
lambda =     1.9332; f =          509.4734436
Norm of dx  0.0022061
----
Improvement on iteration 93 =        0.002596298
-----------------
f at the beginning of new iteration,       509.4734436209
Predicted improvement:        0.001281467
lambda =          1; f =          509.4710072
lambda =     1.9332; f =          509.4689591
lambda =     3.7372; f =          509.4656153
lambda =     7.2247; f =          509.4614424
Norm of dx  0.0018602
----
Improvement on iteration 94 =        0.012001224
-----------------
f at the beginning of new iteration,       509.4614423973
Predicted improvement:        0.003585597
lambda =          1; f =          509.4572172
Norm of dx  0.0099956
----
Improvement on iteration 95 =        0.004225216
-----------------
f at the beginning of new iteration,       509.4572171813
Predicted improvement:        0.000319447
lambda =          1; f =          509.4567948
Norm of dx  0.0026348
----
Improvement on iteration 96 =        0.000422337
-----------------
f at the beginning of new iteration,       509.4567948438
Predicted improvement:        0.000178037
lambda =          1; f =          509.4564979
lambda =     1.9332; f =          509.4563256
Norm of dx  0.0015683
----
Improvement on iteration 97 =        0.000469286
-----------------
f at the beginning of new iteration,       509.4563255581
Predicted improvement:        0.000416412
lambda =          1; f =          509.4555855
lambda =     1.9332; f =          509.4550605
lambda =     3.7372; f =          509.4544984
Norm of dx  0.0021745
----
Improvement on iteration 98 =        0.001827172
-----------------
f at the beginning of new iteration,       509.4544983862
Predicted improvement:        0.001223624
lambda =          1; f =          509.4523473
lambda =     1.9332; f =          509.4508734
lambda =     3.7372; f =          509.4494816
Norm of dx  0.0026481
----
Improvement on iteration 99 =        0.005016788
-----------------
f at the beginning of new iteration,       509.4494815980
Predicted improvement:        0.000742522
lambda =          1; f =          509.4485434
Norm of dx  0.0045906
----
Improvement on iteration 100 =        0.000938238
-----------------
f at the beginning of new iteration,       509.4485433600
Predicted improvement:        0.000172683
lambda =          1; f =          509.4482733
lambda =     1.9332; f =          509.4481573
Norm of dx  0.0017109
----
Improvement on iteration 101 =        0.000386069
-----------------
f at the beginning of new iteration,       509.4481572909
Predicted improvement:        0.000212539
lambda =          1; f =          509.4477584
lambda =     1.9332; f =          509.4474320
lambda =     3.7372; f =          509.4469266
lambda =     7.2247; f =          509.4464181
Norm of dx  0.0005682
----
Improvement on iteration 102 =        0.001739223
-----------------
f at the beginning of new iteration,       509.4464180681
Predicted improvement:        0.000595408
lambda =          1; f =          509.4456117
Norm of dx  0.0044082
----
Improvement on iteration 103 =        0.000806410
-----------------
f at the beginning of new iteration,       509.4456116578
Predicted improvement:        0.000151110
lambda =          1; f =          509.4454422
Norm of dx  0.0025827
----
Improvement on iteration 104 =        0.000169426
-----------------
f at the beginning of new iteration,       509.4454422315
Predicted improvement:        0.000024896
lambda =          1; f =          509.4453960
lambda =     1.9332; f =          509.4453589
lambda =     3.7372; f =          509.4453037
lambda =     7.2247; f =          509.4452583
Norm of dx 0.00040362
----
Improvement on iteration 105 =        0.000183944
-----------------
f at the beginning of new iteration,       509.4452582876
Predicted improvement:        0.000148812
lambda =          1; f =          509.4449719
lambda =     1.9332; f =          509.4447239
lambda =     3.7372; f =          509.4442971
lambda =     7.2247; f =          509.4436684
lambda =     13.967; f =          509.4431864
Norm of dx 0.00051907
----
Improvement on iteration 106 =        0.002071869
-----------------
f at the beginning of new iteration,       509.4431864189
Predicted improvement:        0.000104798
lambda =          1; f =          509.4430550
Norm of dx 0.00086513
----
Improvement on iteration 107 =        0.000131445
-----------------
f at the beginning of new iteration,       509.4430549742
Predicted improvement:        0.000018919
lambda =          1; f =          509.4430290
Norm of dx 0.00022139
----
Improvement on iteration 108 =        0.000025990
-----------------
f at the beginning of new iteration,       509.4430289845
Predicted improvement:        0.000015772
lambda =          1; f =          509.4430023
lambda =     1.9332; f =          509.4429860
lambda =     3.7372; f =          509.4429777
Norm of dx 0.00023042
----
Improvement on iteration 109 =        0.000051317
-----------------
f at the beginning of new iteration,       509.4429776671
Predicted improvement:        0.000037127
lambda =          1; f =          509.4429045
lambda =     1.9332; f =          509.4428382
lambda =     3.7372; f =          509.4427155
lambda =     7.2247; f =          509.4424988
lambda =     13.967; f =          509.4421562
lambda =         27; f =          509.4417794
Norm of dx 0.00016489
----
Improvement on iteration 110 =        0.001198241
-----------------
f at the beginning of new iteration,       509.4417794265
Predicted improvement:        0.000874067
lambda =          1; f =          509.4403371
lambda =     1.9332; f =          509.4395393
Norm of dx   0.006478
----
Improvement on iteration 111 =        0.002240158
-----------------
f at the beginning of new iteration,       509.4395392687
Predicted improvement:        0.000466143
lambda =          1; f =          509.4390425
Norm of dx   0.006137
----
Improvement on iteration 112 =        0.000496802
-----------------
f at the beginning of new iteration,       509.4390424669
Predicted improvement:        0.000019802
lambda =          1; f =          509.4390080
lambda =     1.9332; f =          509.4389845
lambda =     3.7372; f =          509.4389626
Norm of dx 0.00031877
----
Improvement on iteration 113 =        0.000079885
-----------------
f at the beginning of new iteration,       509.4389625819
Predicted improvement:        0.000057421
lambda =          1; f =          509.4388506
lambda =     1.9332; f =          509.4387513
lambda =     3.7372; f =          509.4385737
lambda =     7.2247; f =          509.4382839
lambda =     13.967; f =          509.4379237
Norm of dx 0.00039763
----
Improvement on iteration 114 =        0.001038896
-----------------
f at the beginning of new iteration,       509.4379236859
Predicted improvement:        0.000507995
lambda =          1; f =          509.4372346
Norm of dx  0.0052084
----
Improvement on iteration 115 =        0.000689054
-----------------
f at the beginning of new iteration,       509.4372346317
Predicted improvement:        0.000140996
lambda =          1; f =          509.4370758
Norm of dx  0.0028639
----
Improvement on iteration 116 =        0.000158847
-----------------
f at the beginning of new iteration,       509.4370757848
Predicted improvement:        0.000012359
lambda =          1; f =          509.4370535
lambda =     1.9332; f =          509.4370376
lambda =     3.7372; f =          509.4370204
Norm of dx  0.0003657
----
Improvement on iteration 117 =        0.000055377
-----------------
f at the beginning of new iteration,       509.4370204080
Predicted improvement:        0.000041734
lambda =          1; f =          509.4369402
lambda =     1.9332; f =          509.4368712
lambda =     3.7372; f =          509.4367538
lambda =     7.2247; f =          509.4365862
lambda =     13.967; f =          509.4364849
Norm of dx  0.0005105
----
Improvement on iteration 118 =        0.000535545
-----------------
f at the beginning of new iteration,       509.4364848625
Predicted improvement:        0.000301110
lambda =          1; f =          509.4360029
lambda =     1.9332; f =          509.4357654
Norm of dx  0.0020335
----
Improvement on iteration 119 =        0.000719418
-----------------
f at the beginning of new iteration,       509.4357654448
Predicted improvement:        0.000064164
lambda =          1; f =          509.4356949
Norm of dx  0.0022084
----
Improvement on iteration 120 =        0.000070515
-----------------
f at the beginning of new iteration,       509.4356949297
Predicted improvement:        0.000009842
lambda =          1; f =          509.4356767
lambda =     1.9332; f =          509.4356618
lambda =     3.7372; f =          509.4356390
lambda =     7.2247; f =          509.4356174
Norm of dx 0.00044013
----
Improvement on iteration 121 =        0.000077531
-----------------
f at the beginning of new iteration,       509.4356173989
Predicted improvement:        0.000070473
lambda =          1; f =          509.4354781
lambda =     1.9332; f =          509.4353507
lambda =     3.7372; f =          509.4351116
lambda =     7.2247; f =          509.4346765
lambda =     13.967; f =          509.4339361
lambda =         27; f =          509.4328812
lambda =     52.196; f =          509.4322470
Norm of dx  0.0011135
----
Improvement on iteration 122 =        0.003370442
-----------------
f at the beginning of new iteration,       509.4322469571
Predicted improvement:        0.002343540
lambda =          1; f =          509.4282783
lambda =     1.9332; f =          509.4258761
lambda =     3.7372; f =          509.4247966
Norm of dx    0.01479
----
Improvement on iteration 123 =        0.007450356
-----------------
f at the beginning of new iteration,       509.4247966014
Predicted improvement:        0.000320719
lambda =          1; f =          509.4244450
Norm of dx  0.0043096
----
Improvement on iteration 124 =        0.000351632
-----------------
f at the beginning of new iteration,       509.4244449698
Predicted improvement:        0.000037149
lambda =          1; f =          509.4243759
lambda =     1.9332; f =          509.4243198
lambda =     3.7372; f =          509.4242347
lambda =     7.2247; f =          509.4241568
Norm of dx  0.0012379
----
Improvement on iteration 125 =        0.000288174
-----------------
f at the beginning of new iteration,       509.4241567960
Predicted improvement:        0.000244348
lambda =          1; f =          509.4236840
lambda =     1.9332; f =          509.4232703
lambda =     3.7372; f =          509.4225455
lambda =     7.2247; f =          509.4214244
lambda =     13.967; f =          509.4202982
Norm of dx  0.0033382
----
Improvement on iteration 126 =        0.003858642
-----------------
f at the beginning of new iteration,       509.4202981536
Predicted improvement:        0.000601224
lambda =          1; f =          509.4196117
Norm of dx  0.0040383
----
Improvement on iteration 127 =        0.000686499
-----------------
f at the beginning of new iteration,       509.4196116547
Predicted improvement:        0.000016813
lambda =          1; f =          509.4195930
Norm of dx  0.0016731
----
Improvement on iteration 128 =        0.000018670
-----------------
f at the beginning of new iteration,       509.4195929852
Predicted improvement:        0.000001215
lambda =          1; f =          509.4195906
lambda =     1.9332; f =          509.4195886
lambda =     3.7372; f =          509.4195854
lambda =     7.2247; f =          509.4195812
Norm of dx 0.00016983
----
Improvement on iteration 129 =        0.000011755
-----------------
f at the beginning of new iteration,       509.4195812304
Predicted improvement:        0.000011549
lambda =          1; f =          509.4195605
lambda =     1.9332; f =          509.4195449
lambda =     3.7372; f =          509.4195255
Norm of dx 0.00038416
----
Improvement on iteration 130 =        0.000055766
-----------------
f at the beginning of new iteration,       509.4195254645
Predicted improvement:        0.000032856
lambda =          1; f =          509.4194796
Norm of dx  0.0016915
----
Improvement on iteration 131 =        0.000045838
-----------------
f at the beginning of new iteration,       509.4194796261
Predicted improvement:        0.000015028
lambda =          1; f =          509.4194649
Norm of dx  0.0021504
----
Improvement on iteration 132 =        0.000014767
-----------------
f at the beginning of new iteration,       509.4194648588
Predicted improvement:        0.000000134
lambda =          1; f =          509.4194647
Norm of dx 0.00016265
----
Improvement on iteration 133 =        0.000000151
-----------------
f at the beginning of new iteration,       509.4194647079
Predicted improvement:        0.000000003
lambda =          1; f =          509.4194647
lambda =     1.9332; f =          509.4194647
lambda =     3.7372; f =          509.4194647
Norm of dx 3.1535e-05
----
Improvement on iteration 134 =        0.000000014
improvement < crit termination

Final value of minus the log posterior (or likelihood):509.419465 

RESULTS FROM POSTERIOR ESTIMATION
parameters
         prior mean     mode    s.d. prior pstdev

csadjcost    4.000   4.3351  1.0432 norm  1.5000 
chabb        0.700   0.8276  0.0327 beta  0.1000 
csigl        2.000   4.3838  0.4902 norm  0.7500 
cprobw       0.500   0.5511  0.0473 beta  0.0500 
cprobp       0.500   0.6909  0.0586 beta  0.1000 
cindw        0.500   0.7018  0.1184 beta  0.1500 
cindp        0.500   0.1631  0.0739 beta  0.1500 
czcap        0.500   0.7488  0.1159 beta  0.1500 
cfc          1.250   1.4983  0.0888 norm  0.1250 
clandaw      1.250   1.2676  0.0320 norm  0.1250 
cupsilon     0.200   0.0910  0.0320 beta  0.0500 
crpi         1.500   1.7771  0.1826 norm  0.2500 
crr          0.750   0.7998  0.0318 beta  0.1000 
cry          0.125   0.1738  0.0403 norm  0.0500 
crdy         0.125   0.1421  0.0337 norm  0.0500 
constepinf   0.625   0.2983  0.0413 gamm  0.1000 
cprobe       0.500   0.4602  0.0428 beta  0.1500 
constebeta   0.250   0.0451  0.0189 gamm  0.1000 
cebar        0.200   0.3355  0.0266 norm  0.0500 
ctrend       0.300   0.0713  0.0336 norm  0.0500 
calfa        0.300   0.2002  0.0269 norm  0.0500 
crhog        0.500   0.9245  0.0408 beta  0.2000 
cgy          0.500   0.4192  0.0997 beta  0.2000 
crhob        0.500   0.2739  0.1137 beta  0.2000 
crhoqs       0.500   0.6828  0.0965 beta  0.2000 
crhoa        0.500   0.9974  0.0013 beta  0.2000 
crhopinf     0.500   0.9483  0.0261 beta  0.2000 
crhow        0.500   0.5850  0.0950 beta  0.2000 
crhoms       0.500   0.1297  0.0802 beta  0.2000 
crhos        0.500   0.9970  0.0019 beta  0.2000 

standard deviation of shocks
         prior mean     mode    s.d. prior pstdev

ea           2.500   0.5706  0.0642 unif  1.4434 
eb           2.500   0.2556  0.0335 unif  1.4434 
eg           2.500   0.4906  0.0384 unif  1.4434 
eqs          2.500   0.4591  0.0688 unif  1.4434 
em           2.500   0.2476  0.0199 unif  1.4434 
epinf        2.500   0.0357  0.0092 unif  1.4434 
ew           2.500   0.1324  0.0210 unif  1.4434 
es           2.500   1.5412  0.1952 unif  1.4434 


Log data density [Laplace approximation] is -600.288886.

Estimation::mcmc: One Chain mode.
Estimation::mcmc: Initialization at the posterior mode.

Estimation::mcmc: Write details about the MCMC... Ok!
Estimation::mcmc: Details about the MCMC are available in GSW12/metropolis\GSW12_mh_history_0.mat


Estimation::mcmc: Number of mh files: 2 per block.
Estimation::mcmc: Total number of generated files: 2.
Estimation::mcmc: Total number of iterations: 500000.
Estimation::mcmc: Current acceptance ratio per chain: 
                                                       Chain  1: 28.462%
Estimation::mcmc: Total number of MH draws per chain: 500000.
Estimation::mcmc: Total number of generated MH files: 2.
Estimation::mcmc: I'll use mh-files 1 to 2.
Estimation::mcmc: In MH-file number 1 I'll start at line 150001.
Estimation::mcmc: Finally I keep 350000 draws per chain.



MCMC Inefficiency factors per block
Parameter        Block 1
SE_ea            442.021
SE_eb            257.314
SE_eg            199.133
SE_eqs           261.017
SE_em            385.111
SE_epinf         723.969
SE_ew            418.777
SE_es            239.015
csadjcost        309.677
chabb            308.949
csigl            242.403
cprobw           294.145
cprobp           453.990
cindw            319.801
cindp            702.686
czcap            288.227
cfc              502.600
clandaw          385.099
cupsilon         224.872
crpi             603.538
crr              431.087
cry              328.220
crdy             257.096
constepinf       253.962
cprobe           398.879
constebeta       208.834
cebar            304.834
ctrend           409.692
calfa            402.968
crhog            543.063
cgy              279.450
crhob            302.796
crhoqs           376.604
crhoa            573.769
crhopinf         744.812
crhow            482.508
crhoms           422.186
crhos            594.068


Geweke (1992) Convergence Tests, based on means of draws 150000 to 220000 vs 325000 to 500000.
p-values are for Chi2-test for equality of means.
Parameter          Post. Mean        Post. Std   p-val No Taper   p-val 4% Taper   p-val 8% Taper  p-val 15% Taper
SE_ea                   0.635            0.094            0.000            0.000            0.000            0.000
SE_eb                   0.247            0.036            0.000            0.008            0.007            0.002
SE_eg                   0.506            0.040            0.000            0.417            0.395            0.386
SE_eqs                  0.466            0.071            0.000            0.012            0.015            0.013
SE_em                   0.267            0.026            0.000            0.000            0.000            0.000
SE_epinf                0.076            0.043            0.000            0.000            0.000            0.000
SE_ew                   0.129            0.026            0.000            0.000            0.000            0.000
SE_es                   1.603            0.202            0.000            0.410            0.399            0.365
csadjcost               4.587            1.110            0.000            0.000            0.000            0.000
chabb                   0.815            0.038            0.000            0.047            0.037            0.018
csigl                   4.500            0.505            0.000            0.848            0.852            0.853
cprobw                  0.546            0.050            0.000            0.035            0.058            0.057
cprobp                  0.718            0.067            0.000            0.000            0.000            0.000
cindw                   0.632            0.134            0.000            0.000            0.000            0.000
cindp                   0.410            0.261            0.000            0.000            0.000            0.000
czcap                   0.703            0.120            0.000            0.014            0.034            0.039
cfc                     1.418            0.127            0.000            0.000            0.000            0.000
clandaw                 1.270            0.040            0.000            0.063            0.081            0.033
cupsilon                0.106            0.034            0.000            0.154            0.134            0.135
crpi                    1.575            0.330            0.000            0.000            0.000            0.000
crr                     0.788            0.043            0.000            0.002            0.002            0.001
cry                     0.172            0.046            0.000            0.003            0.002            0.001
crdy                    0.138            0.036            0.000            0.000            0.000            0.000
constepinf              0.301            0.044            0.000            0.018            0.013            0.006
cprobe                  0.484            0.052            0.000            0.000            0.000            0.000
constebeta              0.050            0.020            0.000            0.040            0.043            0.074
cebar                   0.354            0.029            0.000            0.000            0.000            0.000
ctrend                  0.097            0.042            0.000            0.000            0.000            0.000
calfa                   0.178            0.033            0.000            0.000            0.000            0.000
crhog                   0.875            0.079            0.000            0.000            0.000            0.000
cgy                     0.365            0.106            0.000            0.000            0.000            0.000
crhob                   0.352            0.123            0.000            0.008            0.013            0.012
crhoqs                  0.688            0.111            0.000            0.000            0.000            0.000
crhoa                   0.995            0.003            0.000            0.536            0.565            0.576
crhopinf                0.651            0.344            0.000            0.000            0.000            0.000
crhow                   0.619            0.125            0.000            0.000            0.000            0.000
crhoms                  0.208            0.111            0.000            0.000            0.000            0.000
crhos                   0.993            0.005            0.000            0.681            0.719            0.746


Estimation::marginal density: I'm computing the posterior mean and covariance...  Done!
Estimation::marginal density: I'm computing the posterior log marginal density (modified harmonic mean)... Done!


ESTIMATION RESULTS

Log data density is -595.980479.

parameters
             prior mean   post. mean        90% HPD interval    prior       pstdev

csadjcost         4.000       4.6649      2.8126      6.5081   norm        1.5000
chabb             0.700       0.8174      0.7587      0.8787   beta        0.1000
csigl             2.000       4.5025      3.6451      5.3233   norm        0.7500
cprobw            0.500       0.5447      0.4602      0.6265   beta        0.0500
cprobp            0.500       0.7273      0.6241      0.8330   beta        0.1000
cindw             0.500       0.6194      0.4099      0.8544   beta        0.1500
cindp             0.500       0.4900      0.1038      0.8314   beta        0.1500
czcap             0.500       0.6991      0.4950      0.8882   beta        0.1500
cfc               1.250       1.3928      1.1908      1.5933   norm        0.1250
clandaw           1.250       1.2684      1.2035      1.3414   norm        0.1250
cupsilon          0.200       0.1051      0.0501      0.1597   beta        0.0500
crpi              1.500       1.5255      1.0038      1.9414   norm        0.2500
crr               0.750       0.7861      0.7181      0.8584   beta        0.1000
cry               0.125       0.1684      0.0911      0.2441   norm        0.0500
crdy              0.125       0.1364      0.0776      0.1956   norm        0.0500
constepinf        0.625       0.2997      0.2246      0.3711   gamm        0.1000
cprobe            0.500       0.4918      0.4078      0.5745   beta        0.1500
constebeta        0.250       0.0502      0.0192      0.0805   gamm        0.1000
cebar             0.200       0.3565      0.3108      0.4031   norm        0.0500
ctrend            0.300       0.1017      0.0299      0.1728   norm        0.0500
calfa             0.300       0.1743      0.1181      0.2253   norm        0.0500
crhog             0.500       0.8686      0.7429      0.9913   beta        0.2000
cgy               0.500       0.3542      0.1775      0.5208   beta        0.2000
crhob             0.500       0.3533      0.1495      0.5564   beta        0.2000
crhoqs            0.500       0.6814      0.4949      0.8736   beta        0.2000
crhoa             0.500       0.9950      0.9903      0.9994   beta        0.2000
crhopinf          0.500       0.5480      0.1200      0.9889   beta        0.2000
crhow             0.500       0.6343      0.4370      0.8739   beta        0.2000
crhoms            0.500       0.2197      0.0398      0.3912   beta        0.2000
crhos             0.500       0.9923      0.9854      0.9995   beta        0.2000

standard deviation of shocks
             prior mean   post. mean        90% HPD interval    prior       pstdev

ea                2.500       0.6508      0.4906      0.7984   unif        1.4434
eb                2.500       0.2460      0.1870      0.3075   unif        1.4434
eg                2.500       0.5065      0.4421      0.5734   unif        1.4434
eqs               2.500       0.4664      0.3482      0.5801   unif        1.4434
em                2.500       0.2689      0.2243      0.3115   unif        1.4434
epinf             2.500       0.0884      0.0263      0.1439   unif        1.4434
ew                2.500       0.1252      0.0768      0.1694   unif        1.4434
es                2.500       1.6016      1.2546      1.9246   unif        1.4434
Estimation::mcmc: Smoothed variables
Estimation::mcmc: Smoothed variables, done!
Estimation::mcmc: Smoothed shocks
Estimation::mcmc: Smoothed shocks, done!
Estimation::mcmc: Trend_coefficients
Estimation::mcmc: Trend_coefficients, done!
Estimation::mcmc: Smoothed constant
Estimation::mcmc: Smoothed constant, done!
Estimation::mcmc: Smoothed trend
Estimation::mcmc: Smoothed trend, done!
Estimation::mcmc: Updated Variables
Estimation::mcmc: Updated Variables, done!
Estimation::mcmc: Forecasted variables (mean)
Estimation::mcmc: Forecasted variables (mean), done!
Estimation::mcmc: Forecasted variables (point)
Estimation::mcmc: Forecasted variables (point), done!
Total computing time : 2h45m35s
Note: 43 warning(s) encountered in the preprocessor
Note: warning(s) encountered in MATLAB/Octave code
