Starting preprocessing of the model file ...
WARNING: in the 'steady_state_model' block, variable 'ewma' is not assigned a value
WARNING: in the 'steady_state_model' block, variable 'epinfma' is not assigned a value
WARNING: in the 'steady_state_model' block, variable 'zcapf' is not assigned a value
WARNING: in the 'steady_state_model' block, variable 'rkf' is not assigned a value
WARNING: in the 'steady_state_model' block, variable 'kf' is not assigned a value
WARNING: in the 'steady_state_model' block, variable 'pkf' is not assigned a value
WARNING: in the 'steady_state_model' block, variable 'cf' is not assigned a value
WARNING: in the 'steady_state_model' block, variable 'invef' is not assigned a value
WARNING: in the 'steady_state_model' block, variable 'yf' is not assigned a value
WARNING: in the 'steady_state_model' block, variable 'labf' is not assigned a value
WARNING: in the 'steady_state_model' block, variable 'wf' is not assigned a value
WARNING: in the 'steady_state_model' block, variable 'rrf' is not assigned a value
WARNING: in the 'steady_state_model' block, variable 'mc' is not assigned a value
WARNING: in the 'steady_state_model' block, variable 'zcap' is not assigned a value
WARNING: in the 'steady_state_model' block, variable 'rk' is not assigned a value
WARNING: in the 'steady_state_model' block, variable 'k' is not assigned a value
WARNING: in the 'steady_state_model' block, variable 'pk' is not assigned a value
WARNING: in the 'steady_state_model' block, variable 'c' is not assigned a value
WARNING: in the 'steady_state_model' block, variable 'inve' is not assigned a value
WARNING: in the 'steady_state_model' block, variable 'y' is not assigned a value
WARNING: in the 'steady_state_model' block, variable 'lab' is not assigned a value
WARNING: in the 'steady_state_model' block, variable 'pinf' is not assigned a value
WARNING: in the 'steady_state_model' block, variable 'w' is not assigned a value
WARNING: in the 'steady_state_model' block, variable 'r' is not assigned a value
WARNING: in the 'steady_state_model' block, variable 'a' is not assigned a value
WARNING: in the 'steady_state_model' block, variable 'b' is not assigned a value
WARNING: in the 'steady_state_model' block, variable 'g' is not assigned a value
WARNING: in the 'steady_state_model' block, variable 'qs' is not assigned a value
WARNING: in the 'steady_state_model' block, variable 'ms' is not assigned a value
WARNING: in the 'steady_state_model' block, variable 'spinf' is not assigned a value
WARNING: in the 'steady_state_model' block, variable 'sw' is not assigned a value
WARNING: in the 'steady_state_model' block, variable 'kpf' is not assigned a value
WARNING: in the 'steady_state_model' block, variable 'kp' is not assigned a value
Found 40 equation(s).
Evaluating expressions...done
Computing static model derivatives (order 1).
Computing dynamic model derivatives (order 2).
Processing outputs ...
done
Preprocessing completed.
[Warning: Some of the parameters have no value (ccs, cinvs, crdpi) when using
initial_estimation_checks. If these parameters are not initialized in a steadystate file or a
steady_state_model-block, Dynare may not be able to solve the model...] 
Initial value of the log posterior (or likelihood): -838.5629

==========================================================
   Change in the posterior covariance matrix = 3.9998.
   Change in the posterior mean = 0.49636.
   Mode improvement = 329.5428
   New value of jscale = 0.0043226
==========================================================

==========================================================
   Change in the posterior covariance matrix = 0.66717.
   Change in the posterior mean = 2.0292.
   Mode improvement = 22.1889
   New value of jscale = 0.42535
==========================================================

==========================================================
   Change in the posterior covariance matrix = 0.22057.
   Change in the posterior mean = 1.2906.
   Mode improvement = 12.2314
   New value of jscale = 0.085827
==========================================================

Optimal value of the scale parameter = 0.085827


Final value of minus the log posterior (or likelihood):474.599772 

RESULTS FROM POSTERIOR ESTIMATION
parameters
             prior mean     mode    s.d. prior pstdev

crhoa            0.500   0.8460  0.0601 beta 0.2000 
crhob            0.500   0.1549  0.0970 beta 0.2000 
crhog            0.500   0.9556  0.0324 beta 0.2000 
crhoqs           0.500   0.5977  0.0529 beta 0.2000 
crhoms           0.500   0.1207  0.0622 beta 0.2000 
crhopinf         0.500   0.8493  0.0502 beta 0.2000 
crhow            0.500   0.9392  0.0212 beta 0.2000 
cmap             0.500   0.7503  0.0935 beta 0.2000 
cmaw             0.500   0.7387  0.1091 beta 0.2000 
csadjcost        4.000   5.1622  0.9204 norm 1.5000 
csigma           1.500   1.2070  0.1109 norm 0.3750 
chabb            0.700   0.8010  0.0392 beta 0.1000 
cprobw           0.500   0.8334  0.0333 beta 0.1000 
csigl            2.000   2.2117  0.4763 norm 0.7500 
cprobp           0.500   0.9058  0.0172 beta 0.1000 
cindw            0.500   0.4432  0.1157 beta 0.1500 
cindp            0.500   0.3039  0.0615 beta 0.1500 
czcap            0.500   0.5944  0.0813 beta 0.1500 
cfc              1.250   1.6481  0.0617 norm 0.1250 
crpi             1.500   1.7239  0.1557 norm 0.2500 
crr              0.750   0.8152  0.0316 beta 0.1000 
cry              0.125   0.1151  0.0244 norm 0.0500 
crdy             0.125   0.1817  0.0331 norm 0.0500 
constepinf       0.625   0.6892  0.0745 gamm 0.1000 
constebeta       0.250   0.1584  0.0587 gamm 0.1000 
constelab        0.000   1.6775  0.7075 norm 2.0000 
ctrend           0.400   0.7149  0.0205 norm 0.1000 
cgy              0.500   0.4892  0.1239 norm 0.2500 
calfa            0.300   0.2123  0.0204 norm 0.0500 

standard deviation of shocks
             prior mean     mode    s.d. prior pstdev

ea               0.100   0.3499  0.0258 invg 2.0000 
eb               0.100   0.2465  0.0284 invg 2.0000 
eg               0.100   0.4965  0.0391 invg 2.0000 
eqs              0.100   0.5303  0.0542 invg 2.0000 
em               0.100   0.2534  0.0177 invg 2.0000 
epinf            0.100   0.1017  0.0154 invg 2.0000 
ew               0.100   0.1111  0.0193 invg 2.0000 


Log data density [Laplace approximation] is -556.828576.

mh_jscale has been set equal to 0.22676

Estimation::mcmc: One Chain mode.
Estimation::mcmc: Initialization at the posterior mode.

Estimation::mcmc: Write details about the MCMC... Ok!
Estimation::mcmc: Details about the MCMC are available in SW07/metropolis\SW07_mh_history_0.mat


Estimation::mcmc: Number of mh files: 4 per block.
Estimation::mcmc: Total number of generated files: 4.
Estimation::mcmc: Total number of iterations: 1000000.
Estimation::mcmc: Current acceptance ratio per chain: 
                                                       Chain  1: 19.4616%
Estimation::mcmc: Total number of MH draws per chain: 1000000.
Estimation::mcmc: Total number of generated MH files: 4.
Estimation::mcmc: I'll use mh-files 1 to 4.
Estimation::mcmc: In MH-file number 1 I'll start at line 300001.
Estimation::mcmc: Finally I keep 700000 draws per chain.



MCMC Inefficiency factors per block
Parameter        Block 1
SE_ea            451.801
SE_eb            372.234
SE_eg            341.130
SE_eqs           515.642
SE_em            417.580
SE_epinf         447.532
SE_ew            551.850
crhoa            611.812
crhob            461.518
crhog            467.345
crhoqs           528.252
crhoms           522.817
crhopinf         691.402
crhow            459.572
cmap             607.324
cmaw             474.202
csadjcost        419.301
csigma           501.845
chabb            449.570
cprobw           609.295
csigl            534.064
cprobp           737.902
cindw            509.861
cindp            639.520
czcap            559.410
cfc              536.060
crpi             497.378
crr              625.279
cry              665.308
crdy             455.376
constepinf       537.670
constebeta       501.410
constelab        602.106
ctrend           719.146
cgy              393.991
calfa            474.218


Geweke (1992) Convergence Tests, based on means of draws 300000 to 440000 vs 650000 to 1000000.
p-values are for Chi2-test for equality of means.
Parameter          Post. Mean        Post. Std   p-val No Taper   p-val 4% Taper   p-val 8% Taper  p-val 15% Taper
SE_ea                   0.377            0.032            0.000            0.014            0.017            0.008
SE_eb                   0.233            0.028            0.000            0.091            0.129            0.151
SE_eg                   0.500            0.037            0.000            0.508            0.493            0.478
SE_eqs                  0.489            0.076            0.000            0.000            0.000            0.000
SE_em                   0.261            0.020            0.065            0.939            0.939            0.942
SE_epinf                0.102            0.016            0.000            0.092            0.107            0.133
SE_ew                   0.133            0.025            0.000            0.000            0.000            0.000
crhoa                   0.963            0.048            0.000            0.000            0.000            0.002
crhob                   0.197            0.108            0.000            0.000            0.000            0.000
crhog                   0.928            0.036            0.000            0.126            0.118            0.103
crhoqs                  0.635            0.078            0.000            0.000            0.000            0.000
crhoms                  0.198            0.085            0.000            0.000            0.000            0.000
crhopinf                0.954            0.075            0.000            0.000            0.000            0.000
crhow                   0.950            0.018            0.000            0.000            0.000            0.001
cmap                    0.760            0.109            0.000            0.000            0.000            0.004
cmaw                    0.644            0.118            0.000            0.048            0.058            0.063
csadjcost               5.361            0.995            0.000            0.066            0.068            0.033
csigma                  1.233            0.127            0.000            0.361            0.426            0.444
chabb                   0.797            0.041            0.000            0.253            0.302            0.313
cprobw                  0.763            0.057            0.000            0.000            0.000            0.001
csigl                   2.062            0.613            0.000            0.931            0.938            0.940
cprobp                  0.710            0.103            0.000            0.000            0.000            0.000
cindw                   0.535            0.138            0.000            0.002            0.009            0.022
cindp                   0.382            0.125            0.000            0.000            0.000            0.000
czcap                   0.622            0.112            0.000            0.001            0.004            0.015
cfc                     1.670            0.083            0.000            0.023            0.034            0.049
crpi                    1.793            0.173            0.000            0.211            0.231            0.243
crr                     0.729            0.055            0.000            0.000            0.000            0.000
cry                     0.038            0.037            0.000            0.000            0.000            0.000
crdy                    0.159            0.035            0.000            0.000            0.000            0.001
constepinf              0.673            0.105            0.000            0.415            0.445            0.482
constebeta              0.211            0.073            0.000            0.014            0.029            0.021
constelab               1.026            1.348            0.000            0.040            0.044            0.041
ctrend                  0.570            0.084            0.000            0.000            0.000            0.000
cgy                     0.492            0.126            0.040            0.948            0.952            0.954
calfa                   0.210            0.023            0.000            0.531            0.503            0.466


Estimation::marginal density: I'm computing the posterior mean and covariance...  Done!
Estimation::marginal density: I'm computing the posterior log marginal density (modified harmonic mean)... Done!


ESTIMATION RESULTS

Log data density is -545.487009.

parameters
                 prior mean   post. mean        90% HPD interval    prior       pstdev

crhoa                 0.500       0.9621      0.8930      0.9990    beta       0.2000
crhob                 0.500       0.2007      0.0354      0.3556    beta       0.2000
crhog                 0.500       0.9285      0.8764      0.9824    beta       0.2000
crhoqs                0.500       0.6283      0.5022      0.7546    beta       0.2000
crhoms                0.500       0.1917      0.0566      0.3233    beta       0.2000
crhopinf              0.500       0.9423      0.8125      0.9994    beta       0.2000
crhow                 0.500       0.9481      0.9218      0.9760    beta       0.2000
cmap                  0.500       0.7644      0.6070      0.9245    beta       0.2000
cmaw                  0.500       0.6563      0.4833      0.8292    beta       0.2000
csadjcost             4.000       5.3931      3.7119      7.0248    norm       1.5000
csigma                1.500       1.2424      1.0388      1.4533    norm       0.3750
chabb                 0.700       0.7948      0.7304      0.8659    beta       0.1000
cprobw                0.500       0.7738      0.6846      0.8630    beta       0.1000
csigl                 2.000       2.0940      1.0880      3.0666    norm       0.7500
cprobp                0.500       0.7365      0.6099      0.9226    beta       0.1000
cindw                 0.500       0.5274      0.2932      0.7595    beta       0.1500
cindp                 0.500       0.3718      0.1615      0.5696    beta       0.1500
czcap                 0.500       0.6067      0.4198      0.7908    beta       0.1500
cfc                   1.250       1.6624      1.5186      1.7958    norm       0.1250
crpi                  1.500       1.7899      1.5021      2.0740    norm       0.2500
crr                   0.750       0.7356      0.6487      0.8314    beta       0.1000
cry                   0.125       0.0435      0.0010      0.1046    norm       0.0500
crdy                  0.125       0.1623      0.1044      0.2200    norm       0.0500
constepinf            0.625       0.6763      0.5124      0.8485    gamm       0.1000
constebeta            0.250       0.2121      0.0954      0.3311    gamm       0.1000
constelab             0.000       1.1716     -0.9833      3.2714    norm       2.0000
ctrend                0.400       0.5711      0.4498      0.7317    norm       0.1000
cgy                   0.500       0.4964      0.2885      0.6989    norm       0.2500
calfa                 0.300       0.2085      0.1707      0.2451    norm       0.0500

standard deviation of shocks
                 prior mean   post. mean        90% HPD interval    prior       pstdev

ea                    0.100       0.3788      0.3290      0.4322    invg       2.0000
eb                    0.100       0.2331      0.1893      0.2790    invg       2.0000
eg                    0.100       0.4990      0.4380      0.5559    invg       2.0000
eqs                   0.100       0.4945      0.3706      0.6157    invg       2.0000
em                    0.100       0.2617      0.2281      0.2944    invg       2.0000
epinf                 0.100       0.1013      0.0750      0.1257    invg       2.0000
ew                    0.100       0.1300      0.0883      0.1710    invg       2.0000
Estimation::mcmc: Smoothed variables
Estimation::mcmc: Smoothed variables, done!
Estimation::mcmc: Smoothed shocks
Estimation::mcmc: Smoothed shocks, done!
Estimation::mcmc: Trend_coefficients
Estimation::mcmc: Trend_coefficients, done!
Estimation::mcmc: Smoothed constant
Estimation::mcmc: Smoothed constant, done!
Estimation::mcmc: Smoothed trend
Estimation::mcmc: Smoothed trend, done!
Estimation::mcmc: Updated Variables
Estimation::mcmc: Updated Variables, done!
Estimation::mcmc: Forecasted variables (mean)
Estimation::mcmc: Forecasted variables (mean), done!
Estimation::mcmc: Forecasted variables (point)
Estimation::mcmc: Forecasted variables (point), done!
Total computing time : 2h40m44s
Note: 33 warning(s) encountered in the preprocessor
Note: warning(s) encountered in MATLAB/Octave code
