Starting Dynare (version 4.5.7).
Starting preprocessing of the model file ...
Substitution of endo lags >= 2: added 2 auxiliary variables and equations.
Found 13 equation(s).
Evaluating expressions...done
Computing static model derivatives:
 - order 1
Computing dynamic model derivatives:
 - order 1
 - order 2
Processing outputs ...
done
Preprocessing completed.
Initial value of the log posterior (or likelihood): -1406.6287
-----------------
f at the beginning of new iteration,      1406.6286923148
Predicted improvement:  7087345.694948281
lambda =          1; f =         2672.2847901
lambda =    0.33333; f =         1518.4242771
lambda =    0.11111; f =         1411.8423461
lambda =   0.037037; f =         2370.7638055
lambda =   0.012346; f =         1758.2983073
lambda =  0.0041152; f =         1233.4164550
lambda =  0.0013717; f =          842.5605451
lambda = 0.00045725; f =          637.8166226
lambda = 0.00015242; f =          700.9504320
Norm of dx     37.649
----
Improvement on iteration 1 =      768.812069748
-----------------
f at the beginning of new iteration,       637.8166225667
Predicted improvement:    18977.691404203
lambda =          1; f =          638.2818369
lambda =    0.33333; f =          637.8641896
lambda =    0.11111; f =          637.8206476
lambda =   0.037037; f =          637.8167640
lambda =   0.012346; f =          584.4701841
lambda =  0.0041152; f =          580.4020326
Norm of dx     1.9508
----
Improvement on iteration 2 =       57.414589933
-----------------
f at the beginning of new iteration,       580.4020326338
Predicted improvement:     4236.610692949
lambda =          1; f =          580.8839261
lambda =    0.33333; f =          580.4521151
lambda =    0.11111; f =          580.4065551
lambda =   0.037037; f =          580.4022597
lambda =   0.012346; f =          644.5544173
lambda =  0.0041152; f =          546.8075431
lambda =  0.0079555; f =          524.0129878
lambda =   0.015379; f =         5133.2333211
lambda =   0.010356; f =          537.9616093
Norm of dx     1.0183
----
Improvement on iteration 3 =       56.389044871
-----------------
f at the beginning of new iteration,       524.0129877631
Predicted improvement:       49.362002319
lambda =          1; f =          460.4402960
Norm of dx   0.095448
----
Improvement on iteration 4 =       63.572691779
-----------------
f at the beginning of new iteration,       460.4402959845
Predicted improvement:       27.070800827
lambda =          1; f =         3008.7824777
lambda =    0.33333; f =          455.3330194
lambda =    0.11111; f =          455.3767094
lambda =     0.2148; f =          453.0625139
Norm of dx   0.074106
----
Improvement on iteration 5 =        7.377782090
-----------------
f at the beginning of new iteration,       453.0625138950
Predicted improvement:       10.469554234
lambda =          1; f =          445.4388965
Norm of dx   0.055064
----
Improvement on iteration 6 =        7.623617424
-----------------
f at the beginning of new iteration,       445.4388964713
Predicted improvement:       22.708290101
lambda =          1; f =          445.4390624
lambda =    0.33333; f =          433.5716589
lambda =    0.64439; f =          428.0773531
Norm of dx   0.075198
----
Improvement on iteration 7 =       17.361543385
-----------------
f at the beginning of new iteration,       428.0773530862
Predicted improvement:       12.449403790
lambda =          1; f =          404.8116820
lambda =     1.9332; f =          385.6213377
lambda =     3.7372; f =          361.4918834
lambda =     7.2247; f =          428.0773543
lambda =     4.8647; f =          387.8189802
Norm of dx   0.027601
----
Improvement on iteration 8 =       66.585469683
-----------------
f at the beginning of new iteration,       361.4918834029
Predicted improvement:       37.260106695
lambda =          1; f =          361.4919125
lambda =    0.33333; f =          361.4918965
lambda =    0.11111; f =          356.0792908
Norm of dx    0.15319
----
Improvement on iteration 9 =        5.412592554
-----------------
f at the beginning of new iteration,       356.0792908494
Predicted improvement:       33.144251031
lambda =          1; f =          356.0795662
lambda =    0.33333; f =          338.0811363
lambda =    0.64439; f =          356.0793335
lambda =     0.4339; f =          356.0792912
lambda =    0.34224; f =          337.8526526
lambda =    0.39461; f =          337.8472494
Norm of dx   0.066319
----
Improvement on iteration 10 =       18.232041427
warning: possible inaccuracy in H matrix
-----------------
f at the beginning of new iteration,       337.8472494222
Predicted improvement:      163.805063471
lambda =          1; f =          337.8473686
lambda =    0.33333; f =          337.8472512
lambda =    0.11111; f =          361.6129268
lambda =   0.037037; f =          331.4435313
Norm of dx    0.29755
----
Improvement on iteration 11 =        6.403718166
-----------------
f at the beginning of new iteration,       331.4435312565
Predicted improvement:       10.607092224
lambda =          1; f =          314.2822021
lambda =     1.9332; f =          313.5799448
Norm of dx    0.02944
----
Improvement on iteration 12 =       17.863586424
-----------------
f at the beginning of new iteration,       313.5799448322
Predicted improvement:        7.545561765
lambda =          1; f =          310.6719571
lambda =    0.33333; f =          310.2301271
Norm of dx   0.015956
----
Improvement on iteration 13 =        3.349817777
-----------------
f at the beginning of new iteration,       310.2301270555
Predicted improvement:        2.598730929
lambda =          1; f =          308.2580297
Norm of dx   0.026976
----
Improvement on iteration 14 =        1.972097372
-----------------
f at the beginning of new iteration,       308.2580296830
Predicted improvement:        3.606804247
lambda =          1; f =          303.5467815
Norm of dx   0.029978
----
Improvement on iteration 15 =        4.711248227
-----------------
f at the beginning of new iteration,       303.5467814560
Predicted improvement:        2.042189956
lambda =          1; f =          300.5652606
lambda =     1.9332; f =          299.9831490
Norm of dx   0.046403
----
Improvement on iteration 16 =        3.563632445
-----------------
f at the beginning of new iteration,       299.9831490112
Predicted improvement:        1.323012043
lambda =          1; f =          297.7525796
lambda =     1.9332; f =          296.4347178
Norm of dx      0.014
----
Improvement on iteration 17 =        3.548431204
-----------------
f at the beginning of new iteration,       296.4347178069
Predicted improvement:        5.139449269
lambda =          1; f =          300.3158373
lambda =    0.33333; f =          293.9602651
lambda =    0.64439; f =          294.2216843
Norm of dx   0.099791
----
Improvement on iteration 18 =        2.474452660
-----------------
f at the beginning of new iteration,       293.9602651472
Predicted improvement:        3.656086215
lambda =          1; f =          293.2937138
lambda =    0.33333; f =          291.8938093
lambda =    0.64439; f =          290.9726121
Norm of dx    0.12224
----
Improvement on iteration 19 =        2.987653033
-----------------
f at the beginning of new iteration,       290.9726121142
Predicted improvement:        1.566239459
lambda =          1; f =          288.9754724
Norm of dx   0.035603
----
Improvement on iteration 20 =        1.997139737
-----------------
f at the beginning of new iteration,       288.9754723774
Predicted improvement:        1.225267678
lambda =          1; f =          289.1235483
lambda =    0.33333; f =          288.4834168
Norm of dx   0.014921
----
Improvement on iteration 21 =        0.492055599
-----------------
f at the beginning of new iteration,       288.4834167788
Predicted improvement:        0.408746106
lambda =          1; f =          288.0319780
Norm of dx   0.020463
----
Improvement on iteration 22 =        0.451438770
-----------------
f at the beginning of new iteration,       288.0319780088
Predicted improvement:        0.098053365
lambda =          1; f =          287.8600161
lambda =     1.9332; f =          287.7378808
lambda =     3.7372; f =          287.5777252
Norm of dx  0.0079966
----
Improvement on iteration 23 =        0.454252803
-----------------
f at the beginning of new iteration,       287.5777252055
Predicted improvement:        0.243410601
lambda =          1; f =          287.2605007
Norm of dx   0.031276
----
Improvement on iteration 24 =        0.317224532
-----------------
f at the beginning of new iteration,       287.2605006736
Predicted improvement:        0.732722496
lambda =          1; f =          286.1979932
lambda =     1.9332; f =          285.9426128
Norm of dx   0.070115
----
Improvement on iteration 25 =        1.317887843
-----------------
f at the beginning of new iteration,       285.9426128306
Predicted improvement:        1.696745760
lambda =          1; f =          288.1180203
lambda =    0.33333; f =          285.6596657
lambda =    0.11111; f =          285.6726526
lambda =     0.2148; f =          285.5901592
Norm of dx   0.066828
----
Improvement on iteration 26 =        0.352453606
-----------------
f at the beginning of new iteration,       285.5901592248
Predicted improvement:        0.639573757
lambda =          1; f =          284.7665552
Norm of dx   0.058039
----
Improvement on iteration 27 =        0.823604038
-----------------
f at the beginning of new iteration,       284.7665551867
Correct for low angle: 0.0035168
Predicted improvement:        0.289581305
lambda =          1; f =          284.4954281
Norm of dx   0.059337
----
Improvement on iteration 28 =        0.271127111
-----------------
f at the beginning of new iteration,       284.4954280760
Predicted improvement:        0.149207150
lambda =          1; f =          284.2487559
lambda =     1.9332; f =          284.0983164
Norm of dx   0.016554
----
Improvement on iteration 29 =        0.397111635
-----------------
f at the beginning of new iteration,       284.0983164405
Predicted improvement:        0.382542118
lambda =          1; f =          283.3807158
lambda =     1.9332; f =          282.8802274
lambda =     3.7372; f =          283.5676485
lambda =     2.5164; f =          282.7668313
Norm of dx    0.03068
----
Improvement on iteration 30 =        1.331485094
-----------------
f at the beginning of new iteration,       282.7668313467
Predicted improvement:        0.095549876
lambda =          1; f =          282.6299700
lambda =     1.9332; f =          282.6048836
Norm of dx    0.00587
----
Improvement on iteration 31 =        0.161947777
-----------------
f at the beginning of new iteration,       282.6048835700
Predicted improvement:        0.200962005
lambda =          1; f =          282.5570525
lambda =    0.33333; f =          282.5118063
Norm of dx  0.0051694
----
Improvement on iteration 32 =        0.093077233
-----------------
f at the beginning of new iteration,       282.5118063373
Predicted improvement:        0.162274804
lambda =          1; f =          282.2369835
lambda =     1.9332; f =          282.0606788
lambda =     3.7372; f =          281.8931493
Norm of dx   0.010756
----
Improvement on iteration 33 =        0.618657032
-----------------
f at the beginning of new iteration,       281.8931493053
Predicted improvement:        0.361241147
lambda =          1; f =          281.2877577
lambda =     1.9332; f =          281.3730553
Norm of dx   0.043449
----
Improvement on iteration 34 =        0.605391643
-----------------
f at the beginning of new iteration,       281.2877576620
Predicted improvement:        0.546851412
lambda =          1; f =          281.7514406
lambda =    0.33333; f =          281.0306573
lambda =    0.64439; f =          281.0843083
lambda =     0.4339; f =          281.0085478
Norm of dx      0.119
----
Improvement on iteration 35 =        0.279209904
-----------------
f at the beginning of new iteration,       281.0085477579
Correct for low angle: 0.00351819
Predicted improvement:        0.388184302
lambda =          1; f =          280.5735905
Norm of dx   0.071892
----
Improvement on iteration 36 =        0.434957227
-----------------
f at the beginning of new iteration,       280.5735905310
Predicted improvement:        0.310728734
lambda =          1; f =          280.1140632
lambda =     1.9332; f =          280.2287767
lambda =     1.3017; f =          280.0703095
Norm of dx    0.09806
----
Improvement on iteration 37 =        0.503281047
-----------------
f at the beginning of new iteration,       280.0703094845
Correct for low angle: 0.00391751
Predicted improvement:        0.252411141
lambda =          1; f =          279.7605358
Norm of dx   0.062869
----
Improvement on iteration 38 =        0.309773664
-----------------
f at the beginning of new iteration,       279.7605358207
Correct for low angle: 0.00277086
Predicted improvement:        0.338792867
lambda =          1; f =          281.5447577
lambda =    0.33333; f =          279.7485149
lambda =    0.11111; f =          279.7076852
lambda =     0.2148; f =          279.7005188
Norm of dx    0.13084
----
Improvement on iteration 39 =        0.060017009
-----------------
f at the beginning of new iteration,       279.7005188118
Correct for low angle: 0.00273488
Predicted improvement:        0.231219118
lambda =          1; f =          279.9443714
lambda =    0.33333; f =          279.6291623
Norm of dx   0.081404
----
Improvement on iteration 40 =        0.071356507
-----------------
f at the beginning of new iteration,       279.6291623050
Correct for low angle: 0.00255979
Predicted improvement:        0.209090336
lambda =          1; f =          280.0869345
lambda =    0.33333; f =          279.5799733
Norm of dx    0.07787
----
Improvement on iteration 41 =        0.049189029
-----------------
f at the beginning of new iteration,       279.5799732762
Correct for low angle: 0.00216505
Predicted improvement:        0.224045050
lambda =          1; f =          279.9064849
lambda =    0.33333; f =          279.5205749
Norm of dx   0.065218
----
Improvement on iteration 42 =        0.059398389
-----------------
f at the beginning of new iteration,       279.5205748872
Correct for low angle: 0.00275116
Predicted improvement:        0.178918401
lambda =          1; f =          279.6812065
lambda =    0.33333; f =          279.4568021
Norm of dx   0.061087
----
Improvement on iteration 43 =        0.063772740
-----------------
f at the beginning of new iteration,       279.4568021468
Correct for low angle: 0.00356192
Predicted improvement:        0.140240163
lambda =          1; f =          279.3638895
Norm of dx    0.06461
----
Improvement on iteration 44 =        0.092912658
-----------------
f at the beginning of new iteration,       279.3638894891
Correct for low angle: 0.00226218
Predicted improvement:        0.392594788
lambda =          1; f =          279.3648774
lambda =    0.33333; f =          279.1842348
Norm of dx   0.059011
----
Improvement on iteration 45 =        0.179654738
-----------------
f at the beginning of new iteration,       279.1842347509
Predicted improvement:        0.240031387
lambda =          1; f =          278.7679875
lambda =     1.9332; f =          278.4928261
lambda =     3.7372; f =          278.2725265
Norm of dx   0.085116
----
Improvement on iteration 46 =        0.911708255
-----------------
f at the beginning of new iteration,       278.2725264959
Correct for low angle: 0.00134192
Predicted improvement:        2.157970958
lambda =          1; f =          279.6289437
lambda =    0.33333; f =          277.5564874
Norm of dx     0.1351
----
Improvement on iteration 47 =        0.716039082
-----------------
f at the beginning of new iteration,       277.5564874143
Predicted improvement:        0.824888256
lambda =          1; f =          276.0421822
lambda =     1.9332; f =          274.8385647
lambda =     3.7372; f =          273.0504529
lambda =     7.2247; f =          303.4284675
lambda =     4.8647; f =          272.7513402
Norm of dx    0.14035
----
Improvement on iteration 48 =        4.805147195
-----------------
f at the beginning of new iteration,       272.7513402188
Correct for low angle: 0.00155557
Predicted improvement:        5.964991976
lambda =          1; f =          355.1187340
lambda =    0.33333; f =          278.4586663
lambda =    0.11111; f =          272.5597029
lambda =   0.037037; f =          272.4387419
lambda =   0.071599; f =          272.3742103
Norm of dx    0.51488
----
Improvement on iteration 49 =        0.377129888
-----------------
f at the beginning of new iteration,       272.3742103306
Predicted improvement:        0.351574376
lambda =          1; f =          272.0943607
Norm of dx    0.13478
----
Improvement on iteration 50 =        0.279849680
-----------------
f at the beginning of new iteration,       272.0943606507
Predicted improvement:        0.087441366
lambda =          1; f =          272.0994065
lambda =    0.33333; f =          272.0592648
Norm of dx   0.013219
----
Improvement on iteration 51 =        0.035095875
-----------------
f at the beginning of new iteration,       272.0592647762
Correct for low angle: 0.00252089
Predicted improvement:        0.090417102
lambda =          1; f =          272.2584760
lambda =    0.33333; f =          272.0404271
Norm of dx   0.069088
----
Improvement on iteration 52 =        0.018837698
-----------------
f at the beginning of new iteration,       272.0404270784
Correct for low angle: 0.0039821
Predicted improvement:        0.029152994
lambda =          1; f =          272.0072568
Norm of dx    0.01514
----
Improvement on iteration 53 =        0.033170238
-----------------
f at the beginning of new iteration,       272.0072568403
Predicted improvement:        0.016905516
lambda =          1; f =          271.9759604
lambda =     1.9332; f =          271.9509490
lambda =     3.7372; f =          271.9137864
lambda =     7.2247; f =          271.8825515
Norm of dx  0.0051737
----
Improvement on iteration 54 =        0.124705338
-----------------
f at the beginning of new iteration,       271.8825515026
Correct for low angle: 0.00292421
Predicted improvement:        0.121672758
lambda =          1; f =          271.8194964
lambda =    0.33333; f =          271.8215310
lambda =    0.64439; f =          271.8002257
Norm of dx   0.041277
----
Improvement on iteration 55 =        0.082325807
-----------------
f at the beginning of new iteration,       271.8002256959
Correct for low angle: 0.0021828
Predicted improvement:        0.217419038
lambda =          1; f =          272.1070393
lambda =    0.33333; f =          271.7419095
Norm of dx   0.063307
----
Improvement on iteration 56 =        0.058316157
-----------------
f at the beginning of new iteration,       271.7419095386
Correct for low angle: 0.00233283
Predicted improvement:        0.266092425
lambda =          1; f =          272.4516829
lambda =    0.33333; f =          271.6918258
lambda =    0.11111; f =          271.6968747
lambda =     0.2148; f =          271.6800249
Norm of dx   0.074717
----
Improvement on iteration 57 =        0.061884649
-----------------
f at the beginning of new iteration,       271.6800248892
Correct for low angle: 0.00401056
Predicted improvement:        0.152373945
lambda =          1; f =          271.5702871
Norm of dx    0.08142
----
Improvement on iteration 58 =        0.109737741
-----------------
f at the beginning of new iteration,       271.5702871480
Correct for low angle: 0.0014347
Predicted improvement:        0.549432926
lambda =          1; f =          272.8652697
lambda =    0.33333; f =          271.4387070
Norm of dx   0.074053
----
Improvement on iteration 59 =        0.131580163
-----------------
f at the beginning of new iteration,       271.4387069846
Correct for low angle: 0.00188911
Predicted improvement:        0.350195390
lambda =          1; f =          272.5190959
lambda =    0.33333; f =          271.4228173
lambda =    0.11111; f =          271.3853762
Norm of dx   0.082637
----
Improvement on iteration 60 =        0.053330754
-----------------
f at the beginning of new iteration,       271.3853762305
Predicted improvement:        0.113137897
lambda =          1; f =          271.2183341
lambda =     1.9332; f =          271.1755764
Norm of dx   0.088126
----
Improvement on iteration 61 =        0.209799810
-----------------
f at the beginning of new iteration,       271.1755764209
Correct for low angle: 0.00168126
Predicted improvement:        0.052765118
lambda =          1; f =          271.2788302
lambda =    0.33333; f =          271.1633261
Norm of dx   0.024133
----
Improvement on iteration 62 =        0.012250274
-----------------
f at the beginning of new iteration,       271.1633261466
Correct for low angle: 0.00173631
Predicted improvement:        0.028787323
lambda =          1; f =          271.2402600
lambda =    0.33333; f =          271.1590905
lambda =    0.11111; f =          271.1584727
lambda =     0.2148; f =          271.1570629
Norm of dx    0.02056
----
Improvement on iteration 63 =        0.006263215
-----------------
f at the beginning of new iteration,       271.1570629312
Correct for low angle: 0.00312705
Predicted improvement:        0.011639148
lambda =          1; f =          271.1760874
lambda =    0.33333; f =          271.1540982
Norm of dx   0.020053
----
Improvement on iteration 64 =        0.002964695
-----------------
f at the beginning of new iteration,       271.1540982365
Correct for low angle: 0.00170712
Predicted improvement:        0.018821330
lambda =          1; f =          271.2243248
lambda =    0.33333; f =          271.1534480
lambda =    0.11111; f =          271.1511164
lambda =     0.2148; f =          271.1508392
Norm of dx   0.018902
----
Improvement on iteration 65 =        0.003258994
-----------------
f at the beginning of new iteration,       271.1508392429
Correct for low angle: 0.0020051
Predicted improvement:        0.014011304
lambda =          1; f =          271.2161842
lambda =    0.33333; f =          271.1519032
lambda =    0.11111; f =          271.1489683
Norm of dx   0.018713
----
Improvement on iteration 66 =        0.001870936
-----------------
f at the beginning of new iteration,       271.1489683071
Predicted improvement:        0.005070396
lambda =          1; f =          271.1410694
lambda =     1.9332; f =          271.1379599
Norm of dx   0.019198
----
Improvement on iteration 67 =        0.011008430
-----------------
f at the beginning of new iteration,       271.1379598767
Correct for low angle: 0.00463965
Predicted improvement:        0.005134869
lambda =          1; f =          271.1296192
lambda =     1.9332; f =          271.1254155
Norm of dx   0.011709
----
Improvement on iteration 68 =        0.012544382
-----------------
f at the beginning of new iteration,       271.1254154951
Predicted improvement:        0.012443776
lambda =          1; f =          271.1064467
lambda =     1.9332; f =          271.0994215
Norm of dx  0.0088994
----
Improvement on iteration 69 =        0.025994035
-----------------
f at the beginning of new iteration,       271.0994214600
Correct for low angle: 0.00151887
Predicted improvement:        0.032023717
lambda =          1; f =          271.2239514
lambda =    0.33333; f =          271.0990045
lambda =    0.11111; f =          271.0948271
Norm of dx   0.023277
----
Improvement on iteration 70 =        0.004594342
-----------------
f at the beginning of new iteration,       271.0948271175
Correct for low angle: 0.00347358
Predicted improvement:        0.011359133
lambda =          1; f =          271.1027847
lambda =    0.33333; f =          271.0909549
Norm of dx   0.027178
----
Improvement on iteration 71 =        0.003872243
-----------------
f at the beginning of new iteration,       271.0909548742
Correct for low angle: 0.00192599
Predicted improvement:        0.015615694
lambda =          1; f =          271.1705901
lambda =    0.33333; f =          271.0929008
lambda =    0.11111; f =          271.0887809
Norm of dx   0.021809
----
Improvement on iteration 72 =        0.002173990
-----------------
f at the beginning of new iteration,       271.0887808842
Predicted improvement:        0.005034719
lambda =          1; f =          271.0841705
Norm of dx   0.021428
----
Improvement on iteration 73 =        0.004610367
-----------------
f at the beginning of new iteration,       271.0841705168
Predicted improvement:        0.000695829
lambda =          1; f =          271.0830437
lambda =     1.9332; f =          271.0823529
Norm of dx  0.0061225
----
Improvement on iteration 74 =        0.001817628
-----------------
f at the beginning of new iteration,       271.0823528892
Correct for low angle: 0.0042609
Predicted improvement:        0.002841091
lambda =          1; f =          271.0777887
lambda =     1.9332; f =          271.0753235
Norm of dx   0.011431
----
Improvement on iteration 75 =        0.007029432
-----------------
f at the beginning of new iteration,       271.0753234572
Correct for low angle: 0.00225162
Predicted improvement:        0.019019988
lambda =          1; f =          271.1285491
lambda =    0.33333; f =          271.0727354
lambda =    0.11111; f =          271.0721414
lambda =     0.2148; f =          271.0712715
Norm of dx   0.023759
----
Improvement on iteration 76 =        0.004051982
-----------------
f at the beginning of new iteration,       271.0712714751
Correct for low angle: 0.00309249
Predicted improvement:        0.019236727
lambda =          1; f =          271.0926053
lambda =    0.33333; f =          271.0652001
Norm of dx   0.024209
----
Improvement on iteration 77 =        0.006071329
-----------------
f at the beginning of new iteration,       271.0652001460
Correct for low angle: 0.0029163
Predicted improvement:        0.025512088
lambda =          1; f =          271.0734690
lambda =    0.33333; f =          271.0546247
Norm of dx   0.022594
----
Improvement on iteration 78 =        0.010575473
-----------------
f at the beginning of new iteration,       271.0546246728
Predicted improvement:        0.020346871
lambda =          1; f =          271.0191592
lambda =     1.9332; f =          270.9958029
lambda =     3.7372; f =          270.9776083
Norm of dx   0.023727
----
Improvement on iteration 79 =        0.077016374
-----------------
f at the beginning of new iteration,       270.9776082986
Correct for low angle: 0.00116063
Predicted improvement:        0.070287572
lambda =          1; f =          271.9001674
lambda =    0.33333; f =          271.0411016
lambda =    0.11111; f =          270.9743121
lambda =   0.037037; f =          270.9738812
lambda =   0.071599; f =          270.9727634
Norm of dx   0.051487
----
Improvement on iteration 80 =        0.004844884
-----------------
f at the beginning of new iteration,       270.9727634148
Correct for low angle: 0.00302176
Predicted improvement:        0.024221351
lambda =          1; f =          271.1366220
lambda =    0.33333; f =          270.9805060
lambda =    0.11111; f =          270.9699082
Norm of dx     0.0541
----
Improvement on iteration 81 =        0.002855189
-----------------
f at the beginning of new iteration,       270.9699082255
Correct for low angle: 0.0016
Predicted improvement:        0.044642162
lambda =          1; f =          271.7992323
lambda =    0.33333; f =          271.0358388
lambda =    0.11111; f =          270.9706750
lambda =   0.037037; f =          270.9678810
Norm of dx   0.053385
----
Improvement on iteration 82 =        0.002027199
-----------------
f at the beginning of new iteration,       270.9678810268
Predicted improvement:        0.013440799
lambda =          1; f =          270.9516355
Norm of dx   0.054515
----
Improvement on iteration 83 =        0.016245530
-----------------
f at the beginning of new iteration,       270.9516354968
Correct for low angle: 0.00235807
Predicted improvement:        0.004715403
lambda =          1; f =          270.9859851
lambda =    0.33333; f =          270.9533604
lambda =    0.11111; f =          270.9511488
Norm of dx   0.019962
----
Improvement on iteration 84 =        0.000486709
-----------------
f at the beginning of new iteration,       270.9511487880
Correct for low angle: 0.00293006
Predicted improvement:        0.003220721
lambda =          1; f =          270.9654262
lambda =    0.33333; f =          270.9513349
lambda =    0.11111; f =          270.9507024
Norm of dx   0.016418
----
Improvement on iteration 85 =        0.000446369
-----------------
f at the beginning of new iteration,       270.9507024186
Correct for low angle: 0.00380535
Predicted improvement:        0.002572421
lambda =          1; f =          270.9533302
lambda =    0.33333; f =          270.9497811
Norm of dx   0.015549
----
Improvement on iteration 86 =        0.000921347
-----------------
f at the beginning of new iteration,       270.9497810712
Correct for low angle: 0.0015341
Predicted improvement:        0.007742880
lambda =          1; f =          271.0013045
lambda =    0.33333; f =          270.9521752
lambda =    0.11111; f =          270.9489808
Norm of dx   0.014414
----
Improvement on iteration 87 =        0.000800246
-----------------
f at the beginning of new iteration,       270.9489808253
Predicted improvement:        0.002610657
lambda =          1; f =          270.9443382
lambda =     1.9332; f =          270.9410478
lambda =     3.7372; f =          270.9375515
Norm of dx   0.013638
----
Improvement on iteration 88 =        0.011429279
-----------------
f at the beginning of new iteration,       270.9375515463
Predicted improvement:        0.009198302
lambda =          1; f =          270.9199855
lambda =     1.9332; f =          270.9049847
lambda =     3.7372; f =          270.8798520
lambda =     7.2247; f =          270.8462802
Norm of dx  0.0090003
----
Improvement on iteration 89 =        0.091271302
-----------------
f at the beginning of new iteration,       270.8462802443
Predicted improvement:        0.059844081
lambda =          1; f =          270.7694586
Norm of dx   0.077947
----
Improvement on iteration 90 =        0.076821601
-----------------
f at the beginning of new iteration,       270.7694586433
Correct for low angle: 0.00348775
Predicted improvement:        0.022124124
lambda =          1; f =          270.8261231
lambda =    0.33333; f =          270.7659696
lambda =    0.11111; f =          270.7658573
lambda =     0.2148; f =          270.7646903
Norm of dx   0.050483
----
Improvement on iteration 91 =        0.004768384
-----------------
f at the beginning of new iteration,       270.7646902597
Correct for low angle: 0.00153422
Predicted improvement:        0.041025158
lambda =          1; f =          271.2655796
lambda =    0.33333; f =          270.8049396
lambda =    0.11111; f =          270.7630298
lambda =   0.037037; f =          270.7624221
lambda =   0.071599; f =          270.7618569
Norm of dx   0.059258
----
Improvement on iteration 92 =        0.002833317
-----------------
f at the beginning of new iteration,       270.7618569425
Correct for low angle: 0.00274952
Predicted improvement:        0.016969371
lambda =          1; f =          270.9481317
lambda =    0.33333; f =          270.7746298
lambda =    0.11111; f =          270.7608868
lambda =   0.037037; f =          270.7609616
lambda =   0.071599; f =          270.7606410
Norm of dx   0.052134
----
Improvement on iteration 93 =        0.001215962
-----------------
f at the beginning of new iteration,       270.7606409802
Correct for low angle: 0.00318062
Predicted improvement:        0.011954518
lambda =          1; f =          270.8500365
lambda =    0.33333; f =          270.7651363
lambda =    0.11111; f =          270.7592673
Norm of dx   0.046564
----
Improvement on iteration 94 =        0.001373688
-----------------
f at the beginning of new iteration,       270.7592672918
Correct for low angle: 0.00173986
Predicted improvement:        0.017827579
lambda =          1; f =          271.0492382
lambda =    0.33333; f =          270.7831334
lambda =    0.11111; f =          270.7594822
lambda =   0.037037; f =          270.7584912
Norm of dx   0.039932
----
Improvement on iteration 95 =        0.000776066
-----------------
f at the beginning of new iteration,       270.7584912258
Predicted improvement:        0.005220873
lambda =          1; f =          270.7532793
Norm of dx   0.037741
----
Improvement on iteration 96 =        0.005211880
-----------------
f at the beginning of new iteration,       270.7532793461
Predicted improvement:        0.000290750
lambda =          1; f =          270.7528220
lambda =     1.9332; f =          270.7528409
Norm of dx  0.0014388
----
Improvement on iteration 97 =        0.000457304
-----------------
f at the beginning of new iteration,       270.7528220418
Predicted improvement:        0.000242015
lambda =          1; f =          270.7523461
lambda =     1.9332; f =          270.7519469
lambda =     3.7372; f =          270.7512976
lambda =     7.2247; f =          270.7504984
Norm of dx 0.00094665
----
Improvement on iteration 98 =        0.002323597
-----------------
f at the beginning of new iteration,       270.7504984447
Predicted improvement:        0.001697730
lambda =          1; f =          270.7477139
lambda =     1.9332; f =          270.7461313
Norm of dx  0.0028699
----
Improvement on iteration 99 =        0.004367122
-----------------
f at the beginning of new iteration,       270.7461313224
Correct for low angle: 0.00495893
Predicted improvement:        0.001497293
lambda =          1; f =          270.7446123
Norm of dx  0.0063014
----
Improvement on iteration 100 =        0.001519036
-----------------
f at the beginning of new iteration,       270.7446122868
Predicted improvement:        0.000062263
lambda =          1; f =          270.7445735
Norm of dx  0.0017908
----
Improvement on iteration 101 =        0.000038816
-----------------
f at the beginning of new iteration,       270.7445734707
Predicted improvement:        0.000000563
lambda =          1; f =          270.7445721
lambda =     1.9332; f =          270.7445716
lambda =     3.7372; f =          270.7445733
lambda =     2.5164; f =          270.7445718
Norm of dx 0.00011068
----
Improvement on iteration 102 =        0.000001842
-----------------
f at the beginning of new iteration,       270.7445716283
Predicted improvement:        0.000000355
lambda =          1; f =          270.7445715
lambda =    0.33333; f =          270.7445715
Norm of dx 9.6636e-05
----
Improvement on iteration 103 =        0.000000128
-----------------
f at the beginning of new iteration,       270.7445715000
Predicted improvement:        0.000000039
lambda =          1; f =          270.7445714
lambda =     1.9332; f =          270.7445713
lambda =     3.7372; f =          270.7445712
lambda =     7.2247; f =          270.7445710
lambda =     13.967; f =          270.7445708
Norm of dx 1.0689e-05
----
Improvement on iteration 104 =        0.000000672
-----------------
f at the beginning of new iteration,       270.7445708284
Predicted improvement:        0.000000431
lambda =          1; f =          270.7445700
lambda =     1.9332; f =          270.7445692
lambda =     3.7372; f =          270.7445678
lambda =     7.2247; f =          270.7445656
lambda =     13.967; f =          270.7445631
Norm of dx 3.6801e-05
----
Improvement on iteration 105 =        0.000007777
-----------------
f at the beginning of new iteration,       270.7445630513
Predicted improvement:        0.000006529
lambda =          1; f =          270.7445506
lambda =     1.9332; f =          270.7445408
lambda =     3.7372; f =          270.7445270
lambda =     7.2247; f =          270.7445193
Norm of dx  0.0006112
----
Improvement on iteration 106 =        0.000043703
-----------------
f at the beginning of new iteration,       270.7445193484
Predicted improvement:        0.000009702
lambda =          1; f =          270.7445091
Norm of dx 0.00046926
----
Improvement on iteration 107 =        0.000010213
-----------------
f at the beginning of new iteration,       270.7445091349
Correct for low angle: 0.00412195
Predicted improvement:        0.000000955
lambda =          1; f =          270.7445061
lambda =     1.9332; f =          270.7445067
Norm of dx 0.00021274
----
Improvement on iteration 108 =        0.000002998
-----------------
f at the beginning of new iteration,       270.7445061370
Predicted improvement:        0.000000725
lambda =          1; f =          270.7445092
lambda =    0.33333; f =          270.7445070
lambda =    0.11111; f =          270.7445064
lambda =   0.037037; f =          270.7445062
lambda =   0.012346; f =          270.7445062
lambda =  0.0041152; f =          270.7445061
lambda =  0.0013717; f =          270.7445061
lambda = 0.00045725; f =          270.7445061
lambda = 0.00015242; f =          270.7445061
lambda = 5.0805e-05; f =          270.7445061
lambda = 1.6935e-05; f =          270.7445061
lambda =  5.645e-06; f =          270.7445061
lambda = 1.8817e-06; f =          270.7445061
lambda = 6.2723e-07; f =          270.7445061
lambda = 2.0908e-07; f =          270.7445061
lambda = 6.9692e-08; f =          270.7445061
lambda = 2.3231e-08; f =          270.7445061
lambda = 7.7435e-09; f =          270.7445061
lambda = 2.5812e-09; f =          270.7445061

lambda =

  -6.2723e-07

lambda = -6.2723e-07; f =          270.7445061
Norm of dx 5.9606e-06
----
Improvement on iteration 109 =        0.000000000
improvement < crit termination

Final value of minus the log posterior (or likelihood):270.744506 

MODE CHECK

Fval obtained by the minimization routine (minus the posterior/likelihood)): 270.744506

RESULTS FROM POSTERIOR ESTIMATION
parameters
             prior mean     mode    s.d. prior pstdev

trend            0.500   0.7193  0.0945 norm  0.2500 
inflationqstar   1.000   1.0598  0.4412 norm  0.5000 
rstar            0.500   0.5668  0.0935 gamm  0.2500 
kappa            0.300   0.0548  0.0245 gamm  0.1500 
tau              2.000   4.5208  0.6042 gamm  0.5000 
psi1             1.500   1.1717  0.1770 gamm  0.2500 
psi2             0.125   0.2757  0.1608 gamm  0.1000 
rhoR             0.500   0.8043  0.0288 beta  0.2000 
rhog             0.800   0.9799  0.0092 beta  0.1000 
rhoz             0.300   0.4359  0.0930 beta  0.1000 

standard deviation of shocks
             prior mean     mode    s.d. prior pstdev

epsilon_R        0.003   0.0027  0.0002 invg  0.0014 
epsilon_g        0.006   0.0037  0.0007 invg  0.0032 
epsilon_z        0.009   0.0076  0.0006 invg  0.0043 


Log data density [Laplace approximation] is -309.877375.

Estimation::mcmc: One Chain mode.
Estimation::mcmc: Initialization at the posterior mode.

Estimation::mcmc: Write details about the MCMC... Ok!
Estimation::mcmc: Details about the MCMC are available in DS04/metropolis\DS04_mh_history_0.mat


Estimation::mcmc: Number of mh files: 1 per block.
Estimation::mcmc: Total number of generated files: 1.
Estimation::mcmc: Total number of iterations: 500000.
Estimation::mcmc: Current acceptance ratio per chain: 
                                                       Chain  1: 50.6706%
Estimation::mcmc: Total number of MH draws per chain: 500000.
Estimation::mcmc: Total number of generated MH files: 1.
Estimation::mcmc: I'll use mh-files 1 to 1.
Estimation::mcmc: In MH-file number 1 I'll start at line 200001.
Estimation::mcmc: Finally I keep 300000 draws per chain.



MCMC Inefficiency factors per block
Parameter            Block 1
SE_epsilon_R         103.452
SE_epsilon_g         171.651
SE_epsilon_z          98.392
trend                102.575
inflationqstar        98.977
rstar                103.582
kappa                243.244
tau                  105.520
psi1                 175.710
psi2                 170.574
rhoR                 138.834
rhog                  95.399
rhoz                  98.683


Geweke (1992) Convergence Tests, based on means of draws 200000 to 260000 vs 350000 to 500000.
p-values are for Chi2-test for equality of means.
Parameter              Post. Mean        Post. Std   p-val No Taper   p-val 4% Taper   p-val 8% Taper  p-val 15% Taper
SE_epsilon_R                0.003            0.000            0.000            0.371            0.360            0.335
SE_epsilon_g                0.004            0.001            0.000            0.493            0.518            0.541
SE_epsilon_z                0.008            0.001            0.794            0.981            0.981            0.981
trend                       0.712            0.099            0.545            0.948            0.945            0.941
inflationqstar              1.042            0.436            0.000            0.459            0.436            0.347
rstar                       0.570            0.096            0.000            0.289            0.263            0.182
kappa                       0.067            0.027            0.000            0.496            0.487            0.485
tau                         4.549            0.595            0.000            0.436            0.451            0.462
psi1                        1.302            0.168            0.000            0.224            0.224            0.188
psi2                        0.401            0.151            0.000            0.519            0.503            0.451
rhoR                        0.811            0.027            0.520            0.953            0.950            0.950
rhog                        0.978            0.008            0.000            0.323            0.292            0.286
rhoz                        0.461            0.089            0.000            0.473            0.489            0.482


Estimation::marginal density: I'm computing the posterior mean and covariance...  Done!
Estimation::marginal density: I'm computing the posterior log marginal density (modified harmonic mean)... Done!


ESTIMATION RESULTS

Log data density is -309.845283.

parameters
                 prior mean   post. mean        90% HPD interval    prior       pstdev

trend                 0.500       0.7100      0.5490      0.8750   norm        0.2500
inflationqstar        1.000       1.0498      0.3538      1.7726   norm        0.5000
rstar                 0.500       0.5702      0.4145      0.7297   gamm        0.2500
kappa                 0.300       0.0668      0.0247      0.1087   gamm        0.1500
tau                   2.000       4.5456      3.5666      5.5025   gamm        0.5000
psi1                  1.500       1.3046      1.0235      1.5519   gamm        0.2500
psi2                  0.125       0.4063      0.1539      0.6378   gamm        0.1000
rhoR                  0.500       0.8116      0.7685      0.8554   beta        0.2000
rhog                  0.800       0.9778      0.9645      0.9913   beta        0.1000
rhoz                  0.300       0.4613      0.3168      0.6108   beta        0.1000

standard deviation of shocks
                 prior mean   post. mean        90% HPD interval    prior       pstdev

epsilon_R             0.003       0.0028      0.0025      0.0031   invg        0.0014
epsilon_g             0.006       0.0039      0.0028      0.0050   invg        0.0032
epsilon_z             0.009       0.0075      0.0066      0.0085   invg        0.0043
Estimation::mcmc: Posterior (dsge) IRFs...
Estimation::mcmc: Posterior IRFs, done!
Estimation::mcmc: Smoothed variables
Estimation::mcmc: Smoothed variables, done!
Estimation::mcmc: Smoothed shocks
Estimation::mcmc: Smoothed shocks, done!
Estimation::mcmc: Trend_coefficients
Estimation::mcmc: Trend_coefficients, done!
Estimation::mcmc: Smoothed constant
Estimation::mcmc: Smoothed constant, done!
Estimation::mcmc: Smoothed trend
Estimation::mcmc: Smoothed trend, done!
Estimation::mcmc: Updated Variables
Estimation::mcmc: Updated Variables, done!
Estimation::mcmc: Forecasted variables (mean)
Estimation::mcmc: Forecasted variables (mean), done!
Estimation::mcmc: Forecasted variables (point)
Estimation::mcmc: Forecasted variables (point), done!
Total computing time : 0h52m17s
