Starting Dynare (version 4.5.7).
Starting preprocessing of the model file ...
WARNING: in the 'steady_state_model' block, variable 'ewma' is not assigned a value
WARNING: in the 'steady_state_model' block, variable 'epinfma' is not assigned a value
WARNING: in the 'steady_state_model' block, variable 'zcapf' is not assigned a value
WARNING: in the 'steady_state_model' block, variable 'rkf' is not assigned a value
WARNING: in the 'steady_state_model' block, variable 'kf' is not assigned a value
WARNING: in the 'steady_state_model' block, variable 'pkf' is not assigned a value
WARNING: in the 'steady_state_model' block, variable 'cf' is not assigned a value
WARNING: in the 'steady_state_model' block, variable 'invef' is not assigned a value
WARNING: in the 'steady_state_model' block, variable 'yf' is not assigned a value
WARNING: in the 'steady_state_model' block, variable 'labf' is not assigned a value
WARNING: in the 'steady_state_model' block, variable 'wf' is not assigned a value
WARNING: in the 'steady_state_model' block, variable 'rrf' is not assigned a value
WARNING: in the 'steady_state_model' block, variable 'mc' is not assigned a value
WARNING: in the 'steady_state_model' block, variable 'zcap' is not assigned a value
WARNING: in the 'steady_state_model' block, variable 'rk' is not assigned a value
WARNING: in the 'steady_state_model' block, variable 'k' is not assigned a value
WARNING: in the 'steady_state_model' block, variable 'pk' is not assigned a value
WARNING: in the 'steady_state_model' block, variable 'c' is not assigned a value
WARNING: in the 'steady_state_model' block, variable 'inve' is not assigned a value
WARNING: in the 'steady_state_model' block, variable 'y' is not assigned a value
WARNING: in the 'steady_state_model' block, variable 'lab' is not assigned a value
WARNING: in the 'steady_state_model' block, variable 'pinf' is not assigned a value
WARNING: in the 'steady_state_model' block, variable 'w' is not assigned a value
WARNING: in the 'steady_state_model' block, variable 'r' is not assigned a value
WARNING: in the 'steady_state_model' block, variable 'a' is not assigned a value
WARNING: in the 'steady_state_model' block, variable 'b' is not assigned a value
WARNING: in the 'steady_state_model' block, variable 'g' is not assigned a value
WARNING: in the 'steady_state_model' block, variable 'qs' is not assigned a value
WARNING: in the 'steady_state_model' block, variable 'ms' is not assigned a value
WARNING: in the 'steady_state_model' block, variable 'spinf' is not assigned a value
WARNING: in the 'steady_state_model' block, variable 'sw' is not assigned a value
WARNING: in the 'steady_state_model' block, variable 'kpf' is not assigned a value
WARNING: in the 'steady_state_model' block, variable 'kp' is not assigned a value
Found 40 equation(s).
Evaluating expressions...done
Computing static model derivatives:
 - order 1
Computing dynamic model derivatives:
 - order 1
 - order 2
Processing outputs ...
done
Preprocessing completed.
[Warning: Some of the parameters have no value (ccs, cinvs, crdpi) when using initial_estimation_checks.
If these parameters are not initialized in a steadystate file or a steady_state_model-block, Dynare may
not be able to solve the model...] 
Initial value of the log posterior (or likelihood): -701.3802
-----------------
f at the beginning of new iteration,       701.3801710882
Predicted improvement:     1542.932710776
lambda =          1; f =          701.5212931
lambda =    0.33333; f =          701.3908907
lambda =    0.11111; f =          701.3803395
lambda =   0.037037; f =          664.9358968
Norm of dx    0.55551
----
Improvement on iteration 1 =       36.444274329
-----------------
f at the beginning of new iteration,       664.9358967591
Predicted improvement:      304.125912973
lambda =          1; f =          664.9360314
lambda =    0.33333; f =          613.3010649
lambda =    0.11111; f =          620.4757537
Norm of dx     0.2621
----
Improvement on iteration 2 =       51.634831897
-----------------
f at the beginning of new iteration,       613.3010648616
Predicted improvement:       55.108866862
lambda =          1; f =          546.6386385
Norm of dx    0.10763
----
Improvement on iteration 3 =       66.662426322
-----------------
f at the beginning of new iteration,       546.6386385400
Predicted improvement:       34.811515560
lambda =          1; f =          546.6386566
lambda =    0.33333; f =          528.8524168
lambda =    0.64439; f =          524.4193298
Norm of dx    0.11001
----
Improvement on iteration 4 =       22.219308699
-----------------
f at the beginning of new iteration,       524.4193298413
Predicted improvement:       20.672909987
lambda =          1; f =          497.8440367
Norm of dx   0.083835
----
Improvement on iteration 5 =       26.575293178
-----------------
f at the beginning of new iteration,       497.8440366635
Predicted improvement:       57.374556902
lambda =          1; f =          786.5252822
lambda =    0.33333; f =          479.5565697
Norm of dx    0.26362
----
Improvement on iteration 6 =       18.287466984
-----------------
f at the beginning of new iteration,       479.5565696795
Predicted improvement:       10.572669798
lambda =          1; f =          467.1044668
Norm of dx    0.05379
----
Improvement on iteration 7 =       12.452102874
-----------------
f at the beginning of new iteration,       467.1044668056
Predicted improvement:       18.515721526
lambda =          1; f =          470.0896763
lambda =    0.33333; f =          457.6082056
lambda =    0.64439; f =          455.7691965
Norm of dx    0.16968
----
Improvement on iteration 8 =       11.335270281
-----------------
f at the beginning of new iteration,       455.7691965246
Predicted improvement:        4.219307749
lambda =          1; f =          449.7676633
lambda =     1.9332; f =          447.9401027
Norm of dx   0.026099
----
Improvement on iteration 9 =        7.829093868
-----------------
f at the beginning of new iteration,       447.9401026566
Predicted improvement:        4.003169235
lambda =          1; f =          442.0814841
lambda =     1.9332; f =          440.2804249
Norm of dx   0.046975
----
Improvement on iteration 10 =        7.659677730
-----------------
f at the beginning of new iteration,       440.2804249263
Predicted improvement:        6.799362004
lambda =          1; f =          430.8828252
Norm of dx    0.10482
----
Improvement on iteration 11 =        9.397599755
-----------------
f at the beginning of new iteration,       430.8828251712
Predicted improvement:        8.818940390
lambda =          1; f =          420.8870363
Norm of dx    0.12247
----
Improvement on iteration 12 =        9.995788823
-----------------
f at the beginning of new iteration,       420.8870363479
Predicted improvement:        5.533499095
lambda =          1; f =          413.3685937
Norm of dx   0.074556
----
Improvement on iteration 13 =        7.518442607
-----------------
f at the beginning of new iteration,       413.3685937404
Predicted improvement:        3.585073298
lambda =          1; f =          408.6261554
Norm of dx   0.069551
----
Improvement on iteration 14 =        4.742438299
-----------------
f at the beginning of new iteration,       408.6261554412
Predicted improvement:        3.238501073
lambda =          1; f =          403.7321210
lambda =     1.9332; f =          402.1161320
Norm of dx   0.070987
----
Improvement on iteration 15 =        6.510023411
-----------------
f at the beginning of new iteration,       402.1161320299
Predicted improvement:        3.860975561
lambda =          1; f =          395.4355704
lambda =     1.9332; f =          391.1478973
lambda =     3.7372; f =          389.5586408
Norm of dx   0.073421
----
Improvement on iteration 16 =       12.557491221
-----------------
f at the beginning of new iteration,       389.5586408086
Predicted improvement:        5.388834054
lambda =          1; f =          385.3260062
Norm of dx   0.043708
----
Improvement on iteration 17 =        4.232634607
-----------------
f at the beginning of new iteration,       385.3260062017
Predicted improvement:        2.038238072
lambda =          1; f =          382.4192600
lambda =     1.9332; f =          381.6475472
Norm of dx   0.021973
----
Improvement on iteration 18 =        3.678459004
-----------------
f at the beginning of new iteration,       381.6475471980
Predicted improvement:        1.738402683
lambda =          1; f =          379.3703187
Norm of dx   0.079219
----
Improvement on iteration 19 =        2.277228520
-----------------
f at the beginning of new iteration,       379.3703186777
Predicted improvement:        1.420359679
lambda =          1; f =          378.0122334
Norm of dx   0.045826
----
Improvement on iteration 20 =        1.358085254
-----------------
f at the beginning of new iteration,       378.0122334241
Predicted improvement:        0.427692001
lambda =          1; f =          377.3551149
lambda =     1.9332; f =          377.1211612
Norm of dx   0.026003
----
Improvement on iteration 21 =        0.891072192
-----------------
f at the beginning of new iteration,       377.1211612319
Predicted improvement:        0.673204265
lambda =          1; f =          376.0308156
lambda =     1.9332; f =          375.4713206
Norm of dx   0.023437
----
Improvement on iteration 22 =        1.649840617
-----------------
f at the beginning of new iteration,       375.4713206149
Predicted improvement:        0.838491392
lambda =          1; f =          374.2800511
lambda =     1.9332; f =          374.0677610
Norm of dx   0.041367
----
Improvement on iteration 23 =        1.403559602
-----------------
f at the beginning of new iteration,       374.0677610129
Predicted improvement:        0.375972471
lambda =          1; f =          373.4967457
lambda =     1.9332; f =          373.2753689
Norm of dx   0.011639
----
Improvement on iteration 24 =        0.792392071
-----------------
f at the beginning of new iteration,       373.2753689415
Predicted improvement:        0.251390137
lambda =          1; f =          372.8872290
lambda =     1.9332; f =          372.7317620
Norm of dx   0.023782
----
Improvement on iteration 25 =        0.543606990
-----------------
f at the beginning of new iteration,       372.7317619511
Predicted improvement:        0.249792383
lambda =          1; f =          372.3845613
Norm of dx   0.022318
----
Improvement on iteration 26 =        0.347200605
-----------------
f at the beginning of new iteration,       372.3845613464
Predicted improvement:        0.375100227
lambda =          1; f =          371.8739130
Norm of dx   0.033809
----
Improvement on iteration 27 =        0.510648389
-----------------
f at the beginning of new iteration,       371.8739129572
Predicted improvement:        0.268498301
lambda =          1; f =          371.5024383
Norm of dx   0.025022
----
Improvement on iteration 28 =        0.371474647
-----------------
f at the beginning of new iteration,       371.5024383098
Predicted improvement:        0.210368062
lambda =          1; f =          371.1826392
lambda =     1.9332; f =          371.0789370
Norm of dx   0.023482
----
Improvement on iteration 29 =        0.423501348
-----------------
f at the beginning of new iteration,       371.0789369622
Predicted improvement:        0.219981225
lambda =          1; f =          370.6938574
lambda =     1.9332; f =          370.4324095
lambda =     3.7372; f =          370.1915834
Norm of dx    0.01537
----
Improvement on iteration 30 =        0.887353540
-----------------
f at the beginning of new iteration,       370.1915834224
Predicted improvement:        0.262571839
lambda =          1; f =          369.8134082
lambda =     1.9332; f =          369.7549841
Norm of dx   0.023224
----
Improvement on iteration 31 =        0.436599360
-----------------
f at the beginning of new iteration,       369.7549840620
Predicted improvement:        0.227091608
lambda =          1; f =          369.5617935
Norm of dx   0.011044
----
Improvement on iteration 32 =        0.193190534
-----------------
f at the beginning of new iteration,       369.5617935284
Predicted improvement:        0.108318299
lambda =          1; f =          369.3994531
lambda =     1.9332; f =          369.3477905
Norm of dx  0.0077074
----
Improvement on iteration 33 =        0.214003052
-----------------
f at the beginning of new iteration,       369.3477904766
Predicted improvement:        0.188903078
lambda =          1; f =          369.0934971
Norm of dx   0.037268
----
Improvement on iteration 34 =        0.254293408
-----------------
f at the beginning of new iteration,       369.0934970690
Predicted improvement:        0.152653809
lambda =          1; f =          368.8831968
Norm of dx   0.026526
----
Improvement on iteration 35 =        0.210300252
-----------------
f at the beginning of new iteration,       368.8831968169
Predicted improvement:        0.122458001
lambda =          1; f =          368.7244924
Norm of dx   0.017239
----
Improvement on iteration 36 =        0.158704441
-----------------
f at the beginning of new iteration,       368.7244923754
Predicted improvement:        0.059337600
lambda =          1; f =          368.6393616
lambda =     1.9332; f =          368.6198214
Norm of dx   0.010156
----
Improvement on iteration 37 =        0.104670961
-----------------
f at the beginning of new iteration,       368.6198214143
Predicted improvement:        0.029997938
lambda =          1; f =          368.5709095
lambda =     1.9332; f =          368.5451609
Norm of dx  0.0064237
----
Improvement on iteration 38 =        0.074660509
-----------------
f at the beginning of new iteration,       368.5451609055
Predicted improvement:        0.040061745
lambda =          1; f =          368.4801423
lambda =     1.9332; f =          368.4470032
Norm of dx  0.0068264
----
Improvement on iteration 39 =        0.098157660
-----------------
f at the beginning of new iteration,       368.4470032459
Predicted improvement:        0.065679832
lambda =          1; f =          368.3319180
lambda =     1.9332; f =          368.2558881
lambda =     3.7372; f =          368.2089568
Norm of dx   0.015432
----
Improvement on iteration 40 =        0.238046459
-----------------
f at the beginning of new iteration,       368.2089567868
Predicted improvement:        0.122442169
lambda =          1; f =          368.0102616
lambda =     1.9332; f =          367.9074232
Norm of dx    0.01084
----
Improvement on iteration 41 =        0.301533599
-----------------
f at the beginning of new iteration,       367.9074231880
Predicted improvement:        0.092468966
lambda =          1; f =          367.7919389
Norm of dx   0.025448
----
Improvement on iteration 42 =        0.115484267
-----------------
f at the beginning of new iteration,       367.7919389206
Predicted improvement:        0.042648255
lambda =          1; f =          367.7258615
lambda =     1.9332; f =          367.6988129
Norm of dx  0.0096812
----
Improvement on iteration 43 =        0.093126014
-----------------
f at the beginning of new iteration,       367.6988129066
Predicted improvement:        0.045912996
lambda =          1; f =          367.6194668
lambda =     1.9332; f =          367.5684443
lambda =     3.7372; f =          367.5367010
Norm of dx   0.012339
----
Improvement on iteration 44 =        0.162111920
-----------------
f at the beginning of new iteration,       367.5367009869
Predicted improvement:        0.109106754
lambda =          1; f =          367.3666972
lambda =     1.9332; f =          367.2917309
Norm of dx   0.015785
----
Improvement on iteration 45 =        0.244970058
-----------------
f at the beginning of new iteration,       367.2917309285
Predicted improvement:        0.234900325
lambda =          1; f =          366.8821623
lambda =     1.9332; f =          366.6236954
lambda =     3.7372; f =          366.5719988
Norm of dx   0.062769
----
Improvement on iteration 46 =        0.719732107
-----------------
f at the beginning of new iteration,       366.5719988211
Predicted improvement:        0.461928336
lambda =          1; f =          365.9571660
Norm of dx   0.029313
----
Improvement on iteration 47 =        0.614832859
-----------------
f at the beginning of new iteration,       365.9571659624
Predicted improvement:        0.406329177
lambda =          1; f =          365.5232627
Norm of dx   0.092949
----
Improvement on iteration 48 =        0.433903265
-----------------
f at the beginning of new iteration,       365.5232626977
Predicted improvement:        0.088066800
lambda =          1; f =          365.4143918
Norm of dx   0.021507
----
Improvement on iteration 49 =        0.108870911
-----------------
f at the beginning of new iteration,       365.4143917865
Predicted improvement:        0.094365617
lambda =          1; f =          365.2785032
lambda =     1.9332; f =          365.2559220
Norm of dx    0.03409
----
Improvement on iteration 50 =        0.158469745
-----------------
f at the beginning of new iteration,       365.2559220414
Predicted improvement:        0.202898598
lambda =          1; f =          364.9696219
lambda =     1.9332; f =          364.8967391
Norm of dx   0.019686
----
Improvement on iteration 51 =        0.359182983
-----------------
f at the beginning of new iteration,       364.8967390582
Predicted improvement:        0.229063637
lambda =          1; f =          364.5911210
Norm of dx   0.018674
----
Improvement on iteration 52 =        0.305618093
-----------------
f at the beginning of new iteration,       364.5911209650
Predicted improvement:        0.249384589
lambda =          1; f =          364.4343585
Norm of dx   0.037856
----
Improvement on iteration 53 =        0.156762460
-----------------
f at the beginning of new iteration,       364.4343585052
Predicted improvement:        0.123426023
lambda =          1; f =          364.3106758
Norm of dx   0.014734
----
Improvement on iteration 54 =        0.123682676
-----------------
f at the beginning of new iteration,       364.3106758289
Predicted improvement:        0.075016943
lambda =          1; f =          364.2438067
Norm of dx   0.035888
----
Improvement on iteration 55 =        0.066869175
-----------------
f at the beginning of new iteration,       364.2438066542
Predicted improvement:        0.079359656
lambda =          1; f =          364.1470099
Norm of dx   0.017179
----
Improvement on iteration 56 =        0.096796730
-----------------
f at the beginning of new iteration,       364.1470099247
Predicted improvement:        0.077227966
lambda =          1; f =          364.0350059
lambda =     1.9332; f =          364.0122928
Norm of dx   0.032164
----
Improvement on iteration 57 =        0.134717164
-----------------
f at the beginning of new iteration,       364.0122927604
Predicted improvement:        0.077882113
lambda =          1; f =          363.8798885
lambda =     1.9332; f =          363.7971320
lambda =     3.7372; f =          363.7426613
Norm of dx   0.012527
----
Improvement on iteration 58 =        0.269631423
-----------------
f at the beginning of new iteration,       363.7426613375
Predicted improvement:        0.077772503
lambda =          1; f =          363.6359190
Norm of dx   0.023605
----
Improvement on iteration 59 =        0.106742357
-----------------
f at the beginning of new iteration,       363.6359189807
Predicted improvement:        0.041111295
lambda =          1; f =          363.5795812
Norm of dx   0.012693
----
Improvement on iteration 60 =        0.056337760
-----------------
f at the beginning of new iteration,       363.5795812204
Predicted improvement:        0.030168086
lambda =          1; f =          363.5347989
lambda =     1.9332; f =          363.5211405
Norm of dx   0.010049
----
Improvement on iteration 61 =        0.058440687
-----------------
f at the beginning of new iteration,       363.5211405337
Predicted improvement:        0.019544543
lambda =          1; f =          363.4909090
lambda =     1.9332; f =          363.4787516
Norm of dx  0.0084342
----
Improvement on iteration 62 =        0.042388895
-----------------
f at the beginning of new iteration,       363.4787516382
Predicted improvement:        0.011913729
lambda =          1; f =          363.4619819
lambda =     1.9332; f =          363.4591156
Norm of dx  0.0045361
----
Improvement on iteration 63 =        0.019636015
-----------------
f at the beginning of new iteration,       363.4591156229
Predicted improvement:        0.011598833
lambda =          1; f =          363.4381358
lambda =     1.9332; f =          363.4225278
lambda =     3.7372; f =          363.4031490
Norm of dx  0.0034764
----
Improvement on iteration 64 =        0.055966586
-----------------
f at the beginning of new iteration,       363.4031490367
Predicted improvement:        0.042585394
lambda =          1; f =          363.3348652
lambda =     1.9332; f =          363.3002807
Norm of dx    0.02129
----
Improvement on iteration 65 =        0.102868299
-----------------
f at the beginning of new iteration,       363.3002807375
Predicted improvement:        0.047524753
lambda =          1; f =          363.2285353
lambda =     1.9332; f =          363.2069367
Norm of dx     0.0284
----
Improvement on iteration 66 =        0.093344064
-----------------
f at the beginning of new iteration,       363.2069366735
Predicted improvement:        0.025820544
lambda =          1; f =          363.1712600
Norm of dx  0.0076413
----
Improvement on iteration 67 =        0.035676717
-----------------
f at the beginning of new iteration,       363.1712599568
Predicted improvement:        0.025621398
lambda =          1; f =          363.1380074
Norm of dx   0.011087
----
Improvement on iteration 68 =        0.033252572
-----------------
f at the beginning of new iteration,       363.1380073844
Predicted improvement:        0.015741678
lambda =          1; f =          363.1161862
Norm of dx  0.0092616
----
Improvement on iteration 69 =        0.021821169
-----------------
f at the beginning of new iteration,       363.1161862158
Predicted improvement:        0.014458191
lambda =          1; f =          363.0943437
lambda =     1.9332; f =          363.0870880
Norm of dx  0.0051892
----
Improvement on iteration 70 =        0.029098211
-----------------
f at the beginning of new iteration,       363.0870880044
Predicted improvement:        0.016302741
lambda =          1; f =          363.0557486
lambda =     1.9332; f =          363.0287922
lambda =     3.7372; f =          362.9829411
lambda =     7.2247; f =          362.9176884
lambda =     13.967; f =          362.8791529
Norm of dx  0.0043059
----
Improvement on iteration 71 =        0.207935151
-----------------
f at the beginning of new iteration,       362.8791528533
Predicted improvement:        0.223636634
lambda =          1; f =          362.7071635
Norm of dx   0.093929
----
Improvement on iteration 72 =        0.171989307
-----------------
f at the beginning of new iteration,       362.7071635461
Predicted improvement:        0.547697125
lambda =          1; f =          362.1471097
Norm of dx   0.040823
----
Improvement on iteration 73 =        0.560053815
-----------------
f at the beginning of new iteration,       362.1471097310
Predicted improvement:        0.364176825
lambda =          1; f =          361.6380936
Norm of dx    0.10363
----
Improvement on iteration 74 =        0.509016173
-----------------
f at the beginning of new iteration,       361.6380935584
Predicted improvement:        0.397679049
lambda =          1; f =          361.2879515
Norm of dx   0.080887
----
Improvement on iteration 75 =        0.350142094
-----------------
f at the beginning of new iteration,       361.2879514641
Predicted improvement:        0.289899124
lambda =          1; f =          360.8930582
Norm of dx   0.047376
----
Improvement on iteration 76 =        0.394893259
-----------------
f at the beginning of new iteration,       360.8930582053
Predicted improvement:        0.761896057
lambda =          1; f =          361.5124139
lambda =    0.33333; f =          360.6387896
Norm of dx   0.054656
----
Improvement on iteration 77 =        0.254268626
-----------------
f at the beginning of new iteration,       360.6387895794
Predicted improvement:        0.358908622
lambda =          1; f =          360.2664192
Norm of dx   0.056022
----
Improvement on iteration 78 =        0.372370400
-----------------
f at the beginning of new iteration,       360.2664191795
Predicted improvement:        0.125620518
lambda =          1; f =          360.1335386
Norm of dx   0.018428
----
Improvement on iteration 79 =        0.132880591
-----------------
f at the beginning of new iteration,       360.1335385889
Predicted improvement:        0.020334562
lambda =          1; f =          360.1019461
lambda =     1.9332; f =          360.0891224
Norm of dx    0.01061
----
Improvement on iteration 80 =        0.044416170
-----------------
f at the beginning of new iteration,       360.0891224194
Predicted improvement:        0.026902794
lambda =          1; f =          360.0446656
lambda =     1.9332; f =          360.0200687
Norm of dx  0.0061209
----
Improvement on iteration 81 =        0.069053769
-----------------
f at the beginning of new iteration,       360.0200686503
Predicted improvement:        0.058451236
lambda =          1; f =          359.9377436
lambda =     1.9332; f =          359.9251292
Norm of dx   0.016598
----
Improvement on iteration 82 =        0.094939403
-----------------
f at the beginning of new iteration,       359.9251292478
Predicted improvement:        0.028317555
lambda =          1; f =          359.8865743
Norm of dx   0.010302
----
Improvement on iteration 83 =        0.038554912
-----------------
f at the beginning of new iteration,       359.8865743355
Predicted improvement:        0.019161039
lambda =          1; f =          359.8598678
Norm of dx  0.0077142
----
Improvement on iteration 84 =        0.026706537
-----------------
f at the beginning of new iteration,       359.8598677988
Predicted improvement:        0.015202141
lambda =          1; f =          359.8376308
lambda =     1.9332; f =          359.8320670
Norm of dx  0.0071997
----
Improvement on iteration 85 =        0.027800842
-----------------
f at the beginning of new iteration,       359.8320669568
Predicted improvement:        0.011159948
lambda =          1; f =          359.8139789
lambda =     1.9332; f =          359.8047908
Norm of dx  0.0058034
----
Improvement on iteration 86 =        0.027276110
-----------------
f at the beginning of new iteration,       359.8047908465
Predicted improvement:        0.016604784
lambda =          1; f =          359.7836659
Norm of dx  0.0092802
----
Improvement on iteration 87 =        0.021124953
-----------------
f at the beginning of new iteration,       359.7836658937
Predicted improvement:        0.011965512
lambda =          1; f =          359.7659281
lambda =     1.9332; f =          359.7603446
Norm of dx  0.0090817
----
Improvement on iteration 88 =        0.023321289
-----------------
f at the beginning of new iteration,       359.7603446042
Predicted improvement:        0.011351540
lambda =          1; f =          359.7439081
lambda =     1.9332; f =          359.7400010
Norm of dx  0.0050327
----
Improvement on iteration 89 =        0.020343612
-----------------
f at the beginning of new iteration,       359.7400009919
Predicted improvement:        0.009626958
lambda =          1; f =          359.7259071
lambda =     1.9332; f =          359.7217662
Norm of dx   0.003372
----
Improvement on iteration 90 =        0.018234838
-----------------
f at the beginning of new iteration,       359.7217661536
Predicted improvement:        0.008509028
lambda =          1; f =          359.7070777
lambda =     1.9332; f =          359.6975885
lambda =     3.7372; f =          359.6908847
Norm of dx  0.0050902
----
Improvement on iteration 91 =        0.030881447
-----------------
f at the beginning of new iteration,       359.6908847071
Predicted improvement:        0.009443644
lambda =          1; f =          359.6787002
Norm of dx  0.0059739
----
Improvement on iteration 92 =        0.012184518
-----------------
f at the beginning of new iteration,       359.6787001891
Predicted improvement:        0.003457796
lambda =          1; f =          359.6737570
lambda =     1.9332; f =          359.6726595
Norm of dx  0.0038655
----
Improvement on iteration 93 =        0.006040666
-----------------
f at the beginning of new iteration,       359.6726595229
Predicted improvement:        0.002917090
lambda =          1; f =          359.6675079
lambda =     1.9332; f =          359.6639309
lambda =     3.7372; f =          359.6603913
Norm of dx  0.0027316
----
Improvement on iteration 94 =        0.012268195
-----------------
f at the beginning of new iteration,       359.6603913278
Predicted improvement:        0.012666399
lambda =          1; f =          359.6386686
lambda =     1.9332; f =          359.6250631
lambda =     3.7372; f =          359.6178336
Norm of dx  0.0068514
----
Improvement on iteration 95 =        0.042557750
-----------------
f at the beginning of new iteration,       359.6178335780
Predicted improvement:        0.019491126
lambda =          1; f =          359.5903095
lambda =     1.9332; f =          359.5854963
Norm of dx   0.011934
----
Improvement on iteration 96 =        0.032337240
-----------------
f at the beginning of new iteration,       359.5854963377
Predicted improvement:        0.006481114
lambda =          1; f =          359.5789196
Norm of dx  0.0062011
----
Improvement on iteration 97 =        0.006576781
-----------------
f at the beginning of new iteration,       359.5789195562
Predicted improvement:        0.000950602
lambda =          1; f =          359.5775349
lambda =     1.9332; f =          359.5771850
Norm of dx  0.0017863
----
Improvement on iteration 98 =        0.001734576
-----------------
f at the beginning of new iteration,       359.5771849797
Predicted improvement:        0.000999042
lambda =          1; f =          359.5752808
lambda =     1.9332; f =          359.5736703
lambda =     3.7372; f =          359.5710124
lambda =     7.2247; f =          359.5675762
Norm of dx  0.0010494
----
Improvement on iteration 99 =        0.009608821
-----------------
f at the beginning of new iteration,       359.5675761587
Predicted improvement:        0.008486948
lambda =          1; f =          359.5531727
lambda =     1.9332; f =          359.5443141
lambda =     3.7372; f =          359.5394716
Norm of dx  0.0087135
----
Improvement on iteration 100 =        0.028104549
-----------------
f at the beginning of new iteration,       359.5394716094
Predicted improvement:        0.010045086
lambda =          1; f =          359.5249316
lambda =     1.9332; f =          359.5215490
Norm of dx  0.0052219
----
Improvement on iteration 101 =        0.017922620
-----------------
f at the beginning of new iteration,       359.5215489895
Predicted improvement:        0.001060906
lambda =          1; f =          359.5202756
Norm of dx  0.0034803
----
Improvement on iteration 102 =        0.001273437
-----------------
f at the beginning of new iteration,       359.5202755528
Predicted improvement:        0.000450049
lambda =          1; f =          359.5195000
lambda =     1.9332; f =          359.5189977
lambda =     3.7372; f =          359.5186344
Norm of dx  0.0019288
----
Improvement on iteration 103 =        0.001641103
-----------------
f at the beginning of new iteration,       359.5186344498
Predicted improvement:        0.001210108
lambda =          1; f =          359.5163418
lambda =     1.9332; f =          359.5144293
lambda =     3.7372; f =          359.5113532
lambda =     7.2247; f =          359.5077309
Norm of dx  0.0015794
----
Improvement on iteration 104 =        0.010903507
-----------------
f at the beginning of new iteration,       359.5077309432
Predicted improvement:        0.003421496
lambda =          1; f =          359.5037068
Norm of dx  0.0076096
----
Improvement on iteration 105 =        0.004024191
-----------------
f at the beginning of new iteration,       359.5037067518
Predicted improvement:        0.000482375
lambda =          1; f =          359.5030179
lambda =     1.9332; f =          359.5028655
Norm of dx  0.0020673
----
Improvement on iteration 106 =        0.000841257
-----------------
f at the beginning of new iteration,       359.5028654951
Predicted improvement:        0.000307402
lambda =          1; f =          359.5022890
lambda =     1.9332; f =          359.5018212
lambda =     3.7372; f =          359.5011089
lambda =     7.2247; f =          359.5004500
Norm of dx 0.00067735
----
Improvement on iteration 107 =        0.002415481
-----------------
f at the beginning of new iteration,       359.5004500143
Predicted improvement:        0.001721744
lambda =          1; f =          359.4973962
lambda =     1.9332; f =          359.4952431
lambda =     3.7372; f =          359.4929862
Norm of dx  0.0036889
----
Improvement on iteration 108 =        0.007463823
-----------------
f at the beginning of new iteration,       359.4929861917
Predicted improvement:        0.002510253
lambda =          1; f =          359.4897347
Norm of dx  0.0081373
----
Improvement on iteration 109 =        0.003251520
-----------------
f at the beginning of new iteration,       359.4897346714
Predicted improvement:        0.000762523
lambda =          1; f =          359.4887201
Norm of dx  0.0030895
----
Improvement on iteration 110 =        0.001014568
-----------------
f at the beginning of new iteration,       359.4887201037
Predicted improvement:        0.000429680
lambda =          1; f =          359.4880023
lambda =     1.9332; f =          359.4875945
Norm of dx  0.0015734
----
Improvement on iteration 111 =        0.001125567
-----------------
f at the beginning of new iteration,       359.4875945368
Predicted improvement:        0.000974665
lambda =          1; f =          359.4858220
lambda =     1.9332; f =          359.4844941
lambda =     3.7372; f =          359.4828294
Norm of dx  0.0027614
----
Improvement on iteration 112 =        0.004765185
-----------------
f at the beginning of new iteration,       359.4828293514
Predicted improvement:        0.004354799
lambda =          1; f =          359.4750655
lambda =     1.9332; f =          359.4695382
lambda =     3.7372; f =          359.4636246
Norm of dx   0.012197
----
Improvement on iteration 113 =        0.019204708
-----------------
f at the beginning of new iteration,       359.4636246436
Predicted improvement:        0.007893429
lambda =          1; f =          359.4523024
lambda =     1.9332; f =          359.4494613
Norm of dx   0.019279
----
Improvement on iteration 114 =        0.014163348
-----------------
f at the beginning of new iteration,       359.4494612958
Predicted improvement:        0.001069232
lambda =          1; f =          359.4479483
lambda =     1.9332; f =          359.4476533
Norm of dx  0.0063704
----
Improvement on iteration 115 =        0.001807951
-----------------
f at the beginning of new iteration,       359.4476533447
Predicted improvement:        0.000749903
lambda =          1; f =          359.4462303
lambda =     1.9332; f =          359.4450398
lambda =     3.7372; f =          359.4431222
lambda =     7.2247; f =          359.4408993
Norm of dx  0.0032259
----
Improvement on iteration 116 =        0.006754018
-----------------
f at the beginning of new iteration,       359.4408993264
Predicted improvement:        0.006405256
lambda =          1; f =          359.4299874
lambda =     1.9332; f =          359.4232339
lambda =     3.7372; f =          359.4196992
Norm of dx   0.021658
----
Improvement on iteration 117 =        0.021200141
-----------------
f at the beginning of new iteration,       359.4196991851
Predicted improvement:        0.008074658
lambda =          1; f =          359.4091525
Norm of dx    0.01455
----
Improvement on iteration 118 =        0.010546714
-----------------
f at the beginning of new iteration,       359.4091524711
Predicted improvement:        0.002597127
lambda =          1; f =          359.4060380
Norm of dx  0.0049172
----
Improvement on iteration 119 =        0.003114490
-----------------
f at the beginning of new iteration,       359.4060379807
Predicted improvement:        0.000740906
lambda =          1; f =          359.4049131
lambda =     1.9332; f =          359.4045086
Norm of dx  0.0046295
----
Improvement on iteration 120 =        0.001529410
-----------------
f at the beginning of new iteration,       359.4045085710
Predicted improvement:        0.000804659
lambda =          1; f =          359.4029996
lambda =     1.9332; f =          359.4017721
lambda =     3.7372; f =          359.3998960
lambda =     7.2247; f =          359.3981388
Norm of dx  0.0039287
----
Improvement on iteration 121 =        0.006369762
-----------------
f at the beginning of new iteration,       359.3981388092
Predicted improvement:        0.005182671
lambda =          1; f =          359.3882689
lambda =     1.9332; f =          359.3799511
lambda =     3.7372; f =          359.3663618
lambda =     7.2247; f =          359.3497215
Norm of dx   0.018916
----
Improvement on iteration 122 =        0.048417314
-----------------
f at the beginning of new iteration,       359.3497214953
Predicted improvement:        0.041966574
lambda =          1; f =          359.2814232
lambda =     1.9332; f =          359.2456854
Norm of dx    0.11439
----
Improvement on iteration 123 =        0.104036059
-----------------
f at the beginning of new iteration,       359.2456854360
Predicted improvement:        0.034243894
lambda =          1; f =          359.2066967
Norm of dx   0.094296
----
Improvement on iteration 124 =        0.038988695
-----------------
f at the beginning of new iteration,       359.2066967407
Predicted improvement:        0.004252649
lambda =          1; f =          359.2023109
Norm of dx  0.0088598
----
Improvement on iteration 125 =        0.004385827
-----------------
f at the beginning of new iteration,       359.2023109140
Predicted improvement:        0.001988692
lambda =          1; f =          359.1988467
lambda =     1.9332; f =          359.1965418
lambda =     3.7372; f =          359.1946545
Norm of dx  0.0049882
----
Improvement on iteration 126 =        0.007656458
-----------------
f at the beginning of new iteration,       359.1946544556
Predicted improvement:        0.006497883
lambda =          1; f =          359.1821163
lambda =     1.9332; f =          359.1712388
lambda =     3.7372; f =          359.1524774
lambda =     7.2247; f =          359.1247720
lambda =     13.967; f =          359.1039531
Norm of dx   0.012314
----
Improvement on iteration 127 =        0.090701352
-----------------
f at the beginning of new iteration,       359.1039531033
Predicted improvement:        0.035832382
lambda =          1; f =          359.0539053
Norm of dx    0.12342
----
Improvement on iteration 128 =        0.050047840
-----------------
f at the beginning of new iteration,       359.0539052634
Predicted improvement:        0.014713119
lambda =          1; f =          359.0392730
Norm of dx   0.078438
----
Improvement on iteration 129 =        0.014632281
-----------------
f at the beginning of new iteration,       359.0392729829
Predicted improvement:        0.000787582
lambda =          1; f =          359.0383497
Norm of dx   0.002505
----
Improvement on iteration 130 =        0.000923252
-----------------
f at the beginning of new iteration,       359.0383497313
Predicted improvement:        0.000372631
lambda =          1; f =          359.0377254
lambda =     1.9332; f =          359.0373653
Norm of dx  0.0061717
----
Improvement on iteration 131 =        0.000984417
-----------------
f at the beginning of new iteration,       359.0373653144
Predicted improvement:        0.000667338
lambda =          1; f =          359.0362519
lambda =     1.9332; f =          359.0356238
Norm of dx  0.0054763
----
Improvement on iteration 132 =        0.001741514
-----------------
f at the beginning of new iteration,       359.0356238001
Predicted improvement:        0.001465713
lambda =          1; f =          359.0329920
lambda =     1.9332; f =          359.0310941
lambda =     3.7372; f =          359.0290118
Norm of dx  0.0037953
----
Improvement on iteration 133 =        0.006611985
-----------------
f at the beginning of new iteration,       359.0290118152
Predicted improvement:        0.005554713
lambda =          1; f =          359.0186637
lambda =     1.9332; f =          359.0103824
lambda =     3.7372; f =          358.9981247
lambda =     7.2247; f =          358.9883733
Norm of dx    0.01948
----
Improvement on iteration 134 =        0.040638542
-----------------
f at the beginning of new iteration,       358.9883732728
Predicted improvement:        0.014464984
lambda =          1; f =          358.9684953
Norm of dx   0.025269
----
Improvement on iteration 135 =        0.019877938
-----------------
f at the beginning of new iteration,       358.9684953345
Predicted improvement:        0.004360927
lambda =          1; f =          358.9636863
Norm of dx   0.014722
----
Improvement on iteration 136 =        0.004809041
-----------------
f at the beginning of new iteration,       358.9636862931
Predicted improvement:        0.000238928
lambda =          1; f =          358.9633598
Norm of dx  0.0069979
----
Improvement on iteration 137 =        0.000326445
-----------------
f at the beginning of new iteration,       358.9633598483
Predicted improvement:        0.000179812
lambda =          1; f =          358.9630720
lambda =     1.9332; f =          358.9629259
Norm of dx  0.0043825
----
Improvement on iteration 138 =        0.000433916
-----------------
f at the beginning of new iteration,       358.9629259326
Predicted improvement:        0.000312322
lambda =          1; f =          358.9623394
lambda =     1.9332; f =          358.9618580
lambda =     3.7372; f =          358.9611036
lambda =     7.2247; f =          358.9602777
Norm of dx   0.003679
----
Improvement on iteration 139 =        0.002648199
-----------------
f at the beginning of new iteration,       358.9602777334
Predicted improvement:        0.002348741
lambda =          1; f =          358.9557174
lambda =     1.9332; f =          358.9517038
lambda =     3.7372; f =          358.9445895
lambda =     7.2247; f =          358.9331438
lambda =     13.967; f =          358.9190690
Norm of dx   0.013109
----
Improvement on iteration 140 =        0.041208718
-----------------
f at the beginning of new iteration,       358.9190690154
Predicted improvement:        0.035457395
lambda =          1; f =          358.8569127
lambda =     1.9332; f =          358.8150478
lambda =     3.7372; f =          358.7802148
Norm of dx    0.16257
----
Improvement on iteration 141 =        0.138854243
-----------------
f at the beginning of new iteration,       358.7802147720
Predicted improvement:        0.082131509
lambda =          1; f =          358.6481681
lambda =     1.9332; f =          358.6001413
Norm of dx    0.26744
----
Improvement on iteration 142 =        0.180073495
-----------------
f at the beginning of new iteration,       358.6001412772
Predicted improvement:        0.084433861
lambda =          1; f =          358.6834977
lambda =    0.33333; f =          358.5610601
Norm of dx    0.12968
----
Improvement on iteration 143 =        0.039081191
-----------------
f at the beginning of new iteration,       358.5610600858
Predicted improvement:        0.032082423
lambda =          1; f =          358.5270238
Norm of dx   0.094135
----
Improvement on iteration 144 =        0.034036286
-----------------
f at the beginning of new iteration,       358.5270237995
Predicted improvement:        0.005193156
lambda =          1; f =          358.5215672
Norm of dx    0.01902
----
Improvement on iteration 145 =        0.005456595
-----------------
f at the beginning of new iteration,       358.5215672041
Predicted improvement:        0.000929689
lambda =          1; f =          358.5206663
Norm of dx    0.03049
----
Improvement on iteration 146 =        0.000900923
-----------------
f at the beginning of new iteration,       358.5206662810
Predicted improvement:        0.000129854
lambda =          1; f =          358.5205671
Norm of dx  0.0025444
----
Improvement on iteration 147 =        0.000099140
-----------------
f at the beginning of new iteration,       358.5205671412
Predicted improvement:        0.000030163
lambda =          1; f =          358.5205373
Norm of dx  0.0050686
----
Improvement on iteration 148 =        0.000029837
-----------------
f at the beginning of new iteration,       358.5205373038
Predicted improvement:        0.000010373
lambda =          1; f =          358.5205192
lambda =     1.9332; f =          358.5205073
lambda =     3.7372; f =          358.5204979
Norm of dx 0.00069317
----
Improvement on iteration 149 =        0.000039393
-----------------
f at the beginning of new iteration,       358.5204979106
Predicted improvement:        0.000033774
lambda =          1; f =          358.5204336
lambda =     1.9332; f =          358.5203797
lambda =     3.7372; f =          358.5202925
lambda =     7.2247; f =          358.5201865
Norm of dx 0.00062289
----
Improvement on iteration 150 =        0.000311364
-----------------
f at the beginning of new iteration,       358.5201865471
Predicted improvement:        0.000199939
lambda =          1; f =          358.5198294
lambda =     1.9332; f =          358.5195751
lambda =     3.7372; f =          358.5192971
Norm of dx  0.0030712
----
Improvement on iteration 151 =        0.000889469
-----------------
f at the beginning of new iteration,       358.5192970778
Predicted improvement:        0.000756003
lambda =          1; f =          358.5178519
lambda =     1.9332; f =          358.5166243
lambda =     3.7372; f =          358.5145800
lambda =     7.2247; f =          358.5118432
Norm of dx  0.0065981
----
Improvement on iteration 152 =        0.007453863
-----------------
f at the beginning of new iteration,       358.5118432147
Predicted improvement:        0.008950038
lambda =          1; f =          358.4961507
lambda =     1.9332; f =          358.4854927
lambda =     3.7372; f =          358.4758258
Norm of dx   0.071623
----
Improvement on iteration 153 =        0.036017370
-----------------
f at the beginning of new iteration,       358.4758258445
Predicted improvement:        0.017340193
lambda =          1; f =          358.4470625
lambda =     1.9332; f =          358.4310539
Norm of dx    0.12293
----
Improvement on iteration 154 =        0.044771951
-----------------
f at the beginning of new iteration,       358.4310538932
Predicted improvement:        0.010517317
lambda =          1; f =          358.4216704
Norm of dx    0.11659
----
Improvement on iteration 155 =        0.009383502
-----------------
f at the beginning of new iteration,       358.4216703916
Predicted improvement:        0.000492074
lambda =          1; f =          358.4211672
Norm of dx    0.01261
----
Improvement on iteration 156 =        0.000503156
-----------------
f at the beginning of new iteration,       358.4211672358
Predicted improvement:        0.000038131
lambda =          1; f =          358.4211208
Norm of dx  0.0029978
----
Improvement on iteration 157 =        0.000046426
-----------------
f at the beginning of new iteration,       358.4211208098
Predicted improvement:        0.000005758
lambda =          1; f =          358.4211155
Norm of dx  0.0011247
----
Improvement on iteration 158 =        0.000005339
-----------------
f at the beginning of new iteration,       358.4211154712
Predicted improvement:        0.000000133
lambda =          1; f =          358.4211154
Norm of dx 0.00015159
----
Improvement on iteration 159 =        0.000000097
improvement < crit termination

Final value of minus the log posterior (or likelihood):358.421115 

MODE CHECK

Fval obtained by the minimization routine (minus the posterior/likelihood)): 358.421115

RESULTS FROM POSTERIOR ESTIMATION
parameters
        prior mean     mode    s.d. prior pstdev

crhoa       0.500   0.9745  0.0156 beta  0.2000 
crhob       0.500   0.9307  0.0253 beta  0.2000 
crhog       0.500   0.9179  0.0698 beta  0.2000 
crhoqs      0.500   0.9816  0.0154 beta  0.2000 
crhoms      0.500   0.4890  0.0752 beta  0.2000 
crhopinf    0.500   0.9909  0.0064 beta  0.2000 
crhow       0.500   0.2533  0.1437 beta  0.2000 
cmap        0.500   0.8958  0.0457 beta  0.2000 
cmaw        0.500   0.4228  0.1042 beta  0.2000 
csadjcost   4.000   7.0109  1.2023 norm  1.5000 
csigma      1.500   0.8261  0.1053 norm  0.3750 
chabb       0.700   0.7135  0.0444 beta  0.1000 
cprobw      0.500   0.8674  0.0288 beta  0.1000 
csigl       2.000   2.3923  0.5670 norm  0.7500 
cprobp      0.500   0.7954  0.0435 beta  0.1000 
cindw       0.500   0.3613  0.1547 beta  0.1500 
cindp       0.500   0.2239  0.0873 beta  0.1500 
czcap       0.500   0.8903  0.0532 beta  0.1500 
cfc         1.250   1.4953  0.0991 norm  0.1250 
crpi        1.500   1.8910  0.2231 norm  0.2500 
crr         0.750   0.8947  0.0186 beta  0.1000 
cry         0.125   0.0128  0.0163 norm  0.0500 
crdy        0.125   0.1360  0.0237 norm  0.0500 
constepinf   0.625   0.5734  0.0982 gamm  0.1000 
constebeta   0.250   0.1393  0.0612 gamm  0.1000 
constelab   0.000  -1.4687  1.7843 norm  2.0000 
ctrend      0.400   0.4717  0.0826 norm  0.1000 
cgy         0.500   0.4905  0.0969 norm  0.2500 
calfa       0.300   0.1673  0.0294 norm  0.0500 

standard deviation of shocks
        prior mean     mode    s.d. prior pstdev

ea          0.100   0.4197  0.0377 invg  2.0000 
eb          0.100   0.0370  0.0064 invg  2.0000 
eg          0.100   0.3467  0.0266 invg  2.0000 
eqs         0.100   0.2330  0.0453 invg  2.0000 
em          0.100   0.0876  0.0090 invg  2.0000 
epinf       0.100   0.0995  0.0129 invg  2.0000 
ew          0.100   0.5189  0.0492 invg  2.0000 


Log data density [Laplace approximation] is -440.381611.

Estimation::mcmc: One Chain mode.
Estimation::mcmc: Initialization at the posterior mode.

Estimation::mcmc: Write details about the MCMC... Ok!
Estimation::mcmc: Details about the MCMC are available in SW07/metropolis\SW07_mh_history_0.mat


Estimation::mcmc: Number of mh files: 4 per block.
Estimation::mcmc: Total number of generated files: 4.
Estimation::mcmc: Total number of iterations: 1000000.
Estimation::mcmc: Current acceptance ratio per chain: 
                                                       Chain  1: 19.9799%
Estimation::mcmc: Total number of MH draws per chain: 1000000.
Estimation::mcmc: Total number of generated MH files: 4.
Estimation::mcmc: I'll use mh-files 1 to 4.
Estimation::mcmc: In MH-file number 1 I'll start at line 300001.
Estimation::mcmc: Finally I keep 700000 draws per chain.



MCMC Inefficiency factors per block
Parameter        Block 1
SE_ea            425.457
SE_eb            479.229
SE_eg            250.536
SE_eqs           406.717
SE_em            283.120
SE_epinf         491.539
SE_ew            390.412
crhoa            473.561
crhob            592.514
crhog            423.818
crhoqs           732.979
crhoms           302.338
crhopinf         742.366
crhow            670.566
cmap             637.811
cmaw             641.738
csadjcost        242.855
csigma           545.641
chabb            419.363
cprobw           704.411
csigl            428.637
cprobp           597.049
cindw            262.002
cindp            272.947
czcap            428.679
cfc              326.755
crpi             455.893
crr              396.874
cry              670.849
crdy             276.271
constepinf       257.495
constebeta       375.927
constelab        248.405
ctrend           367.919
cgy              299.129
calfa            399.846


Geweke (1992) Convergence Tests, based on means of draws 300000 to 440000 vs 650000 to 1000000.
p-values are for Chi2-test for equality of means.
Parameter          Post. Mean        Post. Std   p-val No Taper   p-val 4% Taper   p-val 8% Taper  p-val 15% Taper
SE_ea                   0.444            0.047            0.000            0.000            0.009            0.033
SE_eb                   0.044            0.009            0.000            0.020            0.061            0.107
SE_eg                   0.355            0.027            0.000            0.138            0.176            0.206
SE_eqs                  0.231            0.040            0.000            0.254            0.329            0.386
SE_em                   0.092            0.009            0.000            0.087            0.081            0.035
SE_epinf                0.101            0.017            0.000            0.088            0.150            0.210
SE_ew                   0.479            0.057            0.000            0.000            0.000            0.001
crhoa                   0.968            0.018            0.000            0.004            0.021            0.053
crhob                   0.924            0.043            0.000            0.001            0.011            0.031
crhog                   0.888            0.067            0.000            0.483            0.551            0.596
crhoqs                  0.941            0.069            0.000            0.001            0.013            0.045
crhoms                  0.497            0.077            0.000            0.027            0.068            0.110
crhopinf                0.935            0.079            0.000            0.049            0.146            0.244
crhow                   0.586            0.301            0.000            0.000            0.000            0.000
cmap                    0.823            0.105            0.000            0.281            0.414            0.506
cmaw                    0.589            0.212            0.000            0.000            0.000            0.001
csadjcost               6.868            1.147            0.001            0.871            0.886            0.898
csigma                  0.950            0.182            0.000            0.000            0.004            0.017
chabb                   0.670            0.057            0.000            0.181            0.293            0.388
cprobw                  0.762            0.103            0.000            0.000            0.000            0.001
csigl                   2.057            0.573            0.000            0.037            0.071            0.109
cprobp                  0.836            0.074            0.000            0.006            0.041            0.096
cindw                   0.429            0.146            0.000            0.001            0.004            0.013
cindp                   0.245            0.087            0.000            0.015            0.039            0.069
czcap                   0.849            0.073            0.000            0.194            0.324            0.434
cfc                     1.528            0.108            0.000            0.001            0.007            0.021
crpi                    1.798            0.283            0.000            0.895            0.922            0.937
crr                     0.896            0.023            0.000            0.209            0.332            0.428
cry                     0.050            0.041            0.000            0.027            0.097            0.180
crdy                    0.136            0.024            0.000            0.194            0.253            0.335
constepinf              0.611            0.093            0.000            0.001            0.003            0.007
constebeta              0.166            0.073            0.000            0.002            0.012            0.037
constelab              -0.578            1.547            0.000            0.399            0.495            0.574
ctrend                  0.474            0.071            0.000            0.000            0.001            0.003
cgy                     0.467            0.099            0.000            0.001            0.014            0.046
calfa                   0.158            0.029            0.000            0.802            0.846            0.874


Estimation::marginal density: I'm computing the posterior mean and covariance...  Done!
Estimation::marginal density: I'm computing the posterior log marginal density (modified harmonic mean)... Done!


ESTIMATION RESULTS

Log data density is -437.073318.

parameters
            prior mean   post. mean        90% HPD interval    prior       pstdev

crhoa            0.500       0.9686      0.9414      0.9926   beta        0.2000
crhob            0.500       0.9223      0.8600      0.9786   beta        0.2000
crhog            0.500       0.8853      0.7880      0.9874   beta        0.2000
crhoqs           0.500       0.9421      0.8165      0.9993   beta        0.2000
crhoms           0.500       0.4958      0.3693      0.6225   beta        0.2000
crhopinf         0.500       0.9500      0.8350      0.9995   beta        0.2000
crhow            0.500       0.5903      0.1773      0.9902   beta        0.2000
cmap             0.500       0.8400      0.7016      0.9754   beta        0.2000
cmaw             0.500       0.5950      0.3014      0.9103   beta        0.2000
csadjcost        4.000       6.8553      4.9718      8.7189   norm        1.5000
csigma           1.500       0.9335      0.6529      1.2107   norm        0.3750
chabb            0.700       0.6746      0.5840      0.7671   beta        0.1000
cprobw           0.500       0.7580      0.5956      0.8994   beta        0.1000
csigl            2.000       2.0567      1.1177      3.0018   norm        0.7500
cprobp           0.500       0.8248      0.7396      0.9500   beta        0.1000
cindw            0.500       0.4340      0.1934      0.6768   beta        0.1500
cindp            0.500       0.2494      0.1035      0.3891   beta        0.1500
czcap            0.500       0.8466      0.7372      0.9608   beta        0.1500
cfc              1.250       1.5220      1.3425      1.7007   norm        0.1250
crpi             1.500       1.8402      1.3926      2.2882   norm        0.2500
crr              0.750       0.8945      0.8586      0.9304   beta        0.1000
cry              0.125       0.0442      0.0010      0.1026   norm        0.0500
crdy             0.125       0.1346      0.0960      0.1732   norm        0.0500
constepinf        0.625       0.6151      0.4604      0.7681   gamm        0.1000
constebeta        0.250       0.1627      0.0525      0.2680   gamm        0.1000
constelab        0.000      -0.7160     -3.2274      1.8124   norm        2.0000
ctrend           0.400       0.4764      0.3661      0.5905   norm        0.1000
cgy              0.500       0.4663      0.3032      0.6246   norm        0.2500
calfa            0.300       0.1567      0.1079      0.2037   norm        0.0500

standard deviation of shocks
            prior mean   post. mean        90% HPD interval    prior       pstdev

ea               0.100       0.4439      0.3674      0.5175   invg        2.0000
eb               0.100       0.0440      0.0298      0.0578   invg        2.0000
eg               0.100       0.3549      0.3104      0.3990   invg        2.0000
eqs              0.100       0.2313      0.1667      0.2928   invg        2.0000
em               0.100       0.0915      0.0765      0.1068   invg        2.0000
epinf            0.100       0.1014      0.0740      0.1258   invg        2.0000
ew               0.100       0.4811      0.3886      0.5717   invg        2.0000
Estimation::mcmc: Posterior (dsge) IRFs...
Estimation::mcmc: Posterior IRFs, done!
Estimation::mcmc: Smoothed variables
Estimation::mcmc: Smoothed variables, done!
Estimation::mcmc: Smoothed shocks
Estimation::mcmc: Smoothed shocks, done!
Estimation::mcmc: Trend_coefficients
Estimation::mcmc: Trend_coefficients, done!
Estimation::mcmc: Smoothed constant
Estimation::mcmc: Smoothed constant, done!
Estimation::mcmc: Smoothed trend
Estimation::mcmc: Smoothed trend, done!
Estimation::mcmc: Updated Variables
Estimation::mcmc: Updated Variables, done!
Estimation::mcmc: Forecasted variables (mean)
Estimation::mcmc: Forecasted variables (mean), done!
Estimation::mcmc: Forecasted variables (point)
Estimation::mcmc: Forecasted variables (point), done!
Total computing time : 4h44m25s
Note: 33 warning(s) encountered in the preprocessor
Note: warning(s) encountered in MATLAB/Octave code
