Starting Dynare (version 4.5.7).
Starting preprocessing of the model file ...
WARNING: in the 'steady_state_model' block, variable 'y' is not assigned a value
WARNING: in the 'steady_state_model' block, variable 'c' is not assigned a value
WARNING: in the 'steady_state_model' block, variable 'inve' is not assigned a value
WARNING: in the 'steady_state_model' block, variable 'zcap' is not assigned a value
WARNING: in the 'steady_state_model' block, variable 'lam' is not assigned a value
WARNING: in the 'steady_state_model' block, variable 'r' is not assigned a value
WARNING: in the 'steady_state_model' block, variable 'pinf' is not assigned a value
WARNING: in the 'steady_state_model' block, variable 'lab' is not assigned a value
WARNING: in the 'steady_state_model' block, variable 'pk' is not assigned a value
WARNING: in the 'steady_state_model' block, variable 'rk' is not assigned a value
WARNING: in the 'steady_state_model' block, variable 'k' is not assigned a value
WARNING: in the 'steady_state_model' block, variable 'kp' is not assigned a value
WARNING: in the 'steady_state_model' block, variable 'mc' is not assigned a value
WARNING: in the 'steady_state_model' block, variable 'w' is not assigned a value
WARNING: in the 'steady_state_model' block, variable 'u' is not assigned a value
WARNING: in the 'steady_state_model' block, variable 'ex' is not assigned a value
WARNING: in the 'steady_state_model' block, variable 'ls' is not assigned a value
WARNING: in the 'steady_state_model' block, variable 'un' is not assigned a value
WARNING: in the 'steady_state_model' block, variable 'e' is not assigned a value
WARNING: in the 'steady_state_model' block, variable 'yf' is not assigned a value
WARNING: in the 'steady_state_model' block, variable 'cf' is not assigned a value
WARNING: in the 'steady_state_model' block, variable 'invef' is not assigned a value
WARNING: in the 'steady_state_model' block, variable 'zcapf' is not assigned a value
WARNING: in the 'steady_state_model' block, variable 'lamf' is not assigned a value
WARNING: in the 'steady_state_model' block, variable 'rrf' is not assigned a value
WARNING: in the 'steady_state_model' block, variable 'labf' is not assigned a value
WARNING: in the 'steady_state_model' block, variable 'pkf' is not assigned a value
WARNING: in the 'steady_state_model' block, variable 'rkf' is not assigned a value
WARNING: in the 'steady_state_model' block, variable 'kf' is not assigned a value
WARNING: in the 'steady_state_model' block, variable 'kpf' is not assigned a value
WARNING: in the 'steady_state_model' block, variable 'wf' is not assigned a value
WARNING: in the 'steady_state_model' block, variable 'exf' is not assigned a value
WARNING: in the 'steady_state_model' block, variable 'ef' is not assigned a value
WARNING: in the 'steady_state_model' block, variable 'g' is not assigned a value
WARNING: in the 'steady_state_model' block, variable 'b' is not assigned a value
WARNING: in the 'steady_state_model' block, variable 'qs' is not assigned a value
WARNING: in the 'steady_state_model' block, variable 'a' is not assigned a value
WARNING: in the 'steady_state_model' block, variable 'spinf' is not assigned a value
WARNING: in the 'steady_state_model' block, variable 'epinfma' is not assigned a value
WARNING: in the 'steady_state_model' block, variable 'sw' is not assigned a value
WARNING: in the 'steady_state_model' block, variable 'ewma' is not assigned a value
WARNING: in the 'steady_state_model' block, variable 'ms' is not assigned a value
WARNING: in the 'steady_state_model' block, variable 'pss' is not assigned a value
Found 51 equation(s).
Evaluating expressions...done
Computing static model derivatives:
 - order 1
Computing dynamic model derivatives:
 - order 1
 - order 2
Processing outputs ...
done
Preprocessing completed.
[Warning: Your prior allows for negative standard deviations for structural shocks. Due to working with variances, Dynare will
be able to continue, but it is recommended to change your prior.] 
[> In <a href="matlab:matlab.internal.language.introspective.errorDocCallback('initial_estimation_checks', 'C:\dynare\4.5.7\matlab\initial_estimation_checks.m', 86)" style="font-weight:bold">initial_estimation_checks</a> (<a href="matlab: opentoline('C:\dynare\4.5.7\matlab\initial_estimation_checks.m',86,0)">line 86</a>)
  In <a href="matlab:matlab.internal.language.introspective.errorDocCallback('dynare_estimation_1', 'C:\dynare\4.5.7\matlab\dynare_estimation_1.m', 165)" style="font-weight:bold">dynare_estimation_1</a> (<a href="matlab: opentoline('C:\dynare\4.5.7\matlab\dynare_estimation_1.m',165,0)">line 165</a>)
  In <a href="matlab:matlab.internal.language.introspective.errorDocCallback('dynare_estimation', 'C:\dynare\4.5.7\matlab\dynare_estimation.m', 105)" style="font-weight:bold">dynare_estimation</a> (<a href="matlab: opentoline('C:\dynare\4.5.7\matlab\dynare_estimation.m',105,0)">line 105</a>)
  In <a href="matlab:matlab.internal.language.introspective.errorDocCallback('GSW12', 'C:\Users\KaiLong\Documents\GitHub\MMB_forecast_application\estimations\GSW12_20200512_s2\GSW12.m', 615)" style="font-weight:bold">GSW12</a> (<a href="matlab: opentoline('C:\Users\KaiLong\Documents\GitHub\MMB_forecast_application\estimations\GSW12_20200512_s2\GSW12.m',615,0)">line 615</a>)
  In <a href="matlab:matlab.internal.language.introspective.errorDocCallback('dynare', 'C:\dynare\4.5.7\matlab\dynare.m', 235)" style="font-weight:bold">dynare</a> (<a href="matlab: opentoline('C:\dynare\4.5.7\matlab\dynare.m',235,0)">line 235</a>)
  In <a href="matlab:matlab.internal.language.introspective.errorDocCallback('Copy_of_gen_forecast', 'C:\Users\KaiLong\Documents\GitHub\MMB_forecast_application\Copy_of_gen_forecast.m', 222)" style="font-weight:bold">Copy_of_gen_forecast</a> (<a href="matlab: opentoline('C:\Users\KaiLong\Documents\GitHub\MMB_forecast_application\Copy_of_gen_forecast.m',222,0)">line 222</a>)] 
Initial value of the log posterior (or likelihood): -3897.7636
-----------------
f at the beginning of new iteration,      3897.7636008492
Predicted improvement:   403074.967756189
lambda =          1; f =         3907.0021719
lambda =    0.33333; f =         3897.8906732
lambda =    0.11111; f =         2296.2195980
lambda =   0.037037; f =         1587.1110124
lambda =   0.012346; f =         1654.8183985
lambda =  0.0041152; f =         2266.6216842
Norm of dx     8.9786
----
Improvement on iteration 1 =     2310.652588430
-----------------
f at the beginning of new iteration,      1587.1110124194
Predicted improvement:     6815.763064567
lambda =          1; f =         1587.1329208
lambda =    0.33333; f =         1055.7927499
lambda =    0.11111; f =         1088.4385545
Norm of dx     1.1769
----
Improvement on iteration 2 =      531.318262560
-----------------
f at the beginning of new iteration,      1055.7927498592
Predicted improvement:      131.092367529
lambda =          1; f =          930.7370801
Norm of dx    0.16041
----
Improvement on iteration 3 =      125.055669778
-----------------
f at the beginning of new iteration,       930.7370800816
Predicted improvement:       40.747540998
lambda =          1; f =          868.7431342
lambda =     1.9332; f =          839.4222952
Norm of dx    0.11637
----
Improvement on iteration 4 =       91.314784864
-----------------
f at the beginning of new iteration,       839.4222952172
Predicted improvement:       23.990266827
lambda =          1; f =          799.4801460
lambda =     1.9332; f =        13085.3637568
lambda =     1.3017; f =          810.0200638
Norm of dx    0.12358
----
Improvement on iteration 5 =       39.942149251
-----------------
f at the beginning of new iteration,       799.4801459658
Predicted improvement:       25.677744355
lambda =          1; f =          831.8284490
lambda =    0.33333; f =          788.0419252
Norm of dx    0.13998
----
Improvement on iteration 6 =       11.438220787
-----------------
f at the beginning of new iteration,       788.0419251791
Predicted improvement:       24.453508855
lambda =          1; f =          781.6301400
lambda =    0.33333; f =          778.2600582
Norm of dx    0.10187
----
Improvement on iteration 7 =        9.781867004
-----------------
f at the beginning of new iteration,       778.2600581754
Predicted improvement:       32.699532554
lambda =          1; f =          739.2345818
Norm of dx    0.18515
----
Improvement on iteration 8 =       39.025476375
-----------------
f at the beginning of new iteration,       739.2345818003
Predicted improvement:       12.839987502
lambda =          1; f =          739.2346225
lambda =    0.33333; f =          732.1308021
lambda =    0.64439; f =          727.7605479
Norm of dx   0.081898
----
Improvement on iteration 9 =       11.474033926
-----------------
f at the beginning of new iteration,       727.7605478741
Predicted improvement:       11.699737028
lambda =          1; f =          727.7611562
lambda =    0.33333; f =          727.7605901
lambda =    0.11111; f =          727.7605481
lambda =   0.037037; f =          726.9000470
lambda =   0.071599; f =          726.1083087
lambda =    0.13841; f =          727.7605493
lambda =     0.0932; f =          725.6191176
lambda =    0.11816; f =          727.7605483
lambda =    0.10248; f =          727.7605479
lambda =   0.094089; f =          725.5990818
lambda =   0.099038; f =          727.7605479
lambda =   0.096038; f =          727.7605479
lambda =   0.094282; f =          725.5947300
lambda =   0.095332; f =          727.7605479
Norm of dx    0.12849
Cliff.  Perturbing search direction.
Predicted improvement:       20.560110424
lambda =          1; f =          694.9240894
lambda =     1.9332; f =          846.5276059
lambda =     1.3017; f =          695.1207412
Norm of dx    0.16534

badg2 =

     0

----
Improvement on iteration 10 =       32.836458425
-----------------
f at the beginning of new iteration,       694.9240894495
Predicted improvement:       17.065224842
lambda =          1; f =          859.7349761
lambda =    0.33333; f =          688.2725730
Norm of dx    0.20736
----
Improvement on iteration 11 =        6.651516471
-----------------
f at the beginning of new iteration,       688.2725729781
Predicted improvement:       14.529249802
lambda =          1; f =          671.8919133
Norm of dx    0.10781
----
Improvement on iteration 12 =       16.380659667
-----------------
f at the beginning of new iteration,       671.8919133109
Predicted improvement:       24.517415700
lambda =          1; f =          687.6912710
lambda =    0.33333; f =          665.6491075
Norm of dx    0.20905
----
Improvement on iteration 13 =        6.242805784
-----------------
f at the beginning of new iteration,       665.6491075267
Predicted improvement:        8.187121474
lambda =          1; f =          656.2198122
Norm of dx   0.071879
----
Improvement on iteration 14 =        9.429295363
-----------------
f at the beginning of new iteration,       656.2198121633
Predicted improvement:        4.633073973
lambda =          1; f =          649.1660578
lambda =     1.9332; f =          646.2126713
Norm of dx    0.04673
----
Improvement on iteration 15 =       10.007140897
-----------------
f at the beginning of new iteration,       646.2126712665
Predicted improvement:        5.404396975
lambda =          1; f =          639.5257129
Norm of dx   0.099777
----
Improvement on iteration 16 =        6.686958322
-----------------
f at the beginning of new iteration,       639.5257129447
Predicted improvement:        4.989592283
lambda =          1; f =          632.7151376
Norm of dx   0.060124
----
Improvement on iteration 17 =        6.810575333
-----------------
f at the beginning of new iteration,       632.7151376119
Predicted improvement:        4.657313971
lambda =          1; f =          627.1144236
Norm of dx   0.068148
----
Improvement on iteration 18 =        5.600714043
-----------------
f at the beginning of new iteration,       627.1144235687
Predicted improvement:        2.991665061
lambda =          1; f =          623.0211662
Norm of dx   0.059041
----
Improvement on iteration 19 =        4.093257333
-----------------
f at the beginning of new iteration,       623.0211662355
Predicted improvement:        2.238143316
lambda =          1; f =          619.7432713
lambda =     1.9332; f =          619.1296188
Norm of dx   0.049402
----
Improvement on iteration 20 =        3.891547406
-----------------
f at the beginning of new iteration,       619.1296188292
Predicted improvement:        1.753388156
lambda =          1; f =          617.0115618
Norm of dx   0.036499
----
Improvement on iteration 21 =        2.118056995
-----------------
f at the beginning of new iteration,       617.0115618344
Predicted improvement:        1.178355362
lambda =          1; f =          615.2189259
lambda =     1.9332; f =          614.5997619
Norm of dx   0.032264
----
Improvement on iteration 22 =        2.411799920
-----------------
f at the beginning of new iteration,       614.5997619142
Predicted improvement:        1.199358673
lambda =          1; f =          612.4382717
lambda =     1.9332; f =          610.8586733
lambda =     3.7372; f =          609.0758834
Norm of dx   0.032643
----
Improvement on iteration 23 =        5.523878473
-----------------
f at the beginning of new iteration,       609.0758834409
Predicted improvement:        2.577185731
lambda =          1; f =          605.1253237
lambda =     1.9332; f =          604.2458993
Norm of dx    0.10063
----
Improvement on iteration 24 =        4.829984123
-----------------
f at the beginning of new iteration,       604.2458993176
Predicted improvement:        5.181729332
lambda =          1; f =          598.2973939
Norm of dx   0.088688
----
Improvement on iteration 25 =        5.948505440
-----------------
f at the beginning of new iteration,       598.2973938779
Predicted improvement:        4.818513284
lambda =          1; f =          592.5290201
Norm of dx    0.13161
----
Improvement on iteration 26 =        5.768373778
-----------------
f at the beginning of new iteration,       592.5290200997
Predicted improvement:        3.991197501
lambda =          1; f =          587.2214032
Norm of dx    0.12538
----
Improvement on iteration 27 =        5.307616868
-----------------
f at the beginning of new iteration,       587.2214032313
Predicted improvement:        5.551402520
lambda =          1; f =          583.3862055
Norm of dx   0.068594
----
Improvement on iteration 28 =        3.835197761
-----------------
f at the beginning of new iteration,       583.3862054703
Predicted improvement:        4.885310743
lambda =          1; f =          581.9100573
lambda =    0.33333; f =          580.7432122
lambda =    0.64439; f =          579.8355980
Norm of dx    0.16266
----
Improvement on iteration 29 =        3.550607490
-----------------
f at the beginning of new iteration,       579.8355979801
Predicted improvement:        2.448012241
lambda =          1; f =          577.5693322
Norm of dx    0.03862
----
Improvement on iteration 30 =        2.266265815
-----------------
f at the beginning of new iteration,       577.5693321653
Predicted improvement:        0.949468111
lambda =          1; f =          575.9701869
lambda =     1.9332; f =          575.0287880
Norm of dx   0.032994
----
Improvement on iteration 31 =        2.540544151
-----------------
f at the beginning of new iteration,       575.0287880147
Predicted improvement:        1.510097687
lambda =          1; f =          572.8873898
lambda =     1.9332; f =          572.4430714
Norm of dx    0.06589
----
Improvement on iteration 32 =        2.585716622
-----------------
f at the beginning of new iteration,       572.4430713931
Predicted improvement:        0.889942491
lambda =          1; f =          571.1222536
lambda =     1.9332; f =          570.6229189
Norm of dx    0.02364
----
Improvement on iteration 33 =        1.820152499
-----------------
f at the beginning of new iteration,       570.6229188942
Predicted improvement:        1.334758696
lambda =          1; f =          568.5598040
lambda =     1.9332; f =          567.7916423
Norm of dx   0.050564
----
Improvement on iteration 34 =        2.831276621
-----------------
f at the beginning of new iteration,       567.7916422735
Predicted improvement:        1.390886365
lambda =          1; f =          565.5858523
lambda =     1.9332; f =          564.6000733
Norm of dx   0.071975
----
Improvement on iteration 35 =        3.191568925
-----------------
f at the beginning of new iteration,       564.6000733484
Predicted improvement:        1.008231562
lambda =          1; f =          562.9767601
lambda =     1.9332; f =          562.1832485
Norm of dx   0.052583
----
Improvement on iteration 36 =        2.416824823
-----------------
f at the beginning of new iteration,       562.1832485258
Predicted improvement:        1.195999447
lambda =          1; f =          560.1852181
lambda =     1.9332; f =          559.0642430
Norm of dx   0.045152
----
Improvement on iteration 37 =        3.119005516
-----------------
f at the beginning of new iteration,       559.0642430099
Predicted improvement:        1.842086741
lambda =          1; f =          556.5486163
Norm of dx   0.073307
----
Improvement on iteration 38 =        2.515626740
-----------------
f at the beginning of new iteration,       556.5486162704
Predicted improvement:        1.446049693
lambda =          1; f =          554.5522495
Norm of dx   0.056642
----
Improvement on iteration 39 =        1.996366801
-----------------
f at the beginning of new iteration,       554.5522494689
Predicted improvement:        1.134074179
lambda =          1; f =          553.0951164
Norm of dx   0.061706
----
Improvement on iteration 40 =        1.457133076
-----------------
f at the beginning of new iteration,       553.0951163930
Predicted improvement:        0.806845955
lambda =          1; f =          551.9650838
lambda =     1.9332; f =          551.7869796
Norm of dx   0.034115
----
Improvement on iteration 41 =        1.308136815
-----------------
f at the beginning of new iteration,       551.7869795782
Predicted improvement:        1.244966232
lambda =          1; f =          549.8303737
lambda =     1.9332; f =          549.1150240
Norm of dx    0.08233
----
Improvement on iteration 42 =        2.671955619
-----------------
f at the beginning of new iteration,       549.1150239594
Predicted improvement:        2.090804671
lambda =          1; f =          546.0028076
lambda =     1.9332; f =          544.8829267
Norm of dx   0.062242
----
Improvement on iteration 43 =        4.232097237
-----------------
f at the beginning of new iteration,       544.8829267225
Predicted improvement:        2.308146006
lambda =          1; f =          541.1833777
lambda =     1.9332; f =          540.0757603
Norm of dx    0.17833
----
Improvement on iteration 44 =        4.807166399
-----------------
f at the beginning of new iteration,       540.0757603237
Predicted improvement:        1.921166091
lambda =          1; f =          537.9483063
Norm of dx   0.054057
----
Improvement on iteration 45 =        2.127454001
-----------------
f at the beginning of new iteration,       537.9483063232
Predicted improvement:        1.657308892
lambda =          1; f =          535.6402437
Norm of dx    0.06685
----
Improvement on iteration 46 =        2.308062630
-----------------
f at the beginning of new iteration,       535.6402436933
Predicted improvement:        1.274657311
lambda =          1; f =          533.8845690
Norm of dx    0.10151
----
Improvement on iteration 47 =        1.755674694
-----------------
f at the beginning of new iteration,       533.8845689988
Predicted improvement:        1.887529457
lambda =          1; f =          530.8601592
lambda =     1.9332; f =          529.7539313
Norm of dx    0.10295
----
Improvement on iteration 48 =        4.130637730
-----------------
f at the beginning of new iteration,       529.7539312687
Predicted improvement:        5.565146296
lambda =          1; f =          529.8403541
lambda =    0.33333; f =          527.2284306
Norm of dx    0.14096
----
Improvement on iteration 49 =        2.525500654
-----------------
f at the beginning of new iteration,       527.2284306145
Predicted improvement:        4.558802602
lambda =          1; f =          522.6647078
Norm of dx    0.14316
----
Improvement on iteration 50 =        4.563722853
-----------------
f at the beginning of new iteration,       522.6647077617
Predicted improvement:       24.995718345
lambda =          1; f =          522.6650304
lambda =    0.33333; f =          532.5518199
lambda =    0.11111; f =          520.3491858
Norm of dx     0.5653
----
Improvement on iteration 51 =        2.315521984
-----------------
f at the beginning of new iteration,       520.3491857772
Predicted improvement:        2.882430216
lambda =          1; f =          516.2553905
lambda =     1.9332; f =          515.4586001
Norm of dx   0.044811
----
Improvement on iteration 52 =        4.890585704
-----------------
f at the beginning of new iteration,       515.4586000731
Predicted improvement:        2.636191944
lambda =          1; f =          512.1877542
Norm of dx   0.090623
----
Improvement on iteration 53 =        3.270845923
-----------------
f at the beginning of new iteration,       512.1877541504
Predicted improvement:        2.865368483
lambda =          1; f =          508.8093263
Norm of dx   0.056781
----
Improvement on iteration 54 =        3.378427807
-----------------
f at the beginning of new iteration,       508.8093263430
Predicted improvement:        2.194810652
lambda =          1; f =          505.9406507
Norm of dx    0.07145
----
Improvement on iteration 55 =        2.868675646
-----------------
f at the beginning of new iteration,       505.9406506973
Predicted improvement:        2.075862661
lambda =          1; f =          504.9266785
lambda =    0.33333; f =          504.8825264
lambda =    0.64439; f =          504.5210050
Norm of dx   0.062034
----
Improvement on iteration 56 =        1.419645683
-----------------
f at the beginning of new iteration,       504.5210050144
Predicted improvement:        2.913205111
lambda =          1; f =          503.1077248
lambda =    0.33333; f =          502.9044140
lambda =    0.64439; f =          502.2078372
Norm of dx   0.099752
----
Improvement on iteration 57 =        2.313167802
-----------------
f at the beginning of new iteration,       502.2078372121
Predicted improvement:        1.667340332
lambda =          1; f =          499.7796773
lambda =     1.9332; f =          499.5032886
Norm of dx   0.049567
----
Improvement on iteration 58 =        2.704548609
-----------------
f at the beginning of new iteration,       499.5032886026
Predicted improvement:        2.691422047
lambda =          1; f =          501.3928555
lambda =    0.33333; f =          498.7275628
Norm of dx   0.049382
----
Improvement on iteration 59 =        0.775725813
-----------------
f at the beginning of new iteration,       498.7275627897
Predicted improvement:        1.732336850
lambda =          1; f =          496.8955422
Norm of dx   0.039579
----
Improvement on iteration 60 =        1.832020584
-----------------
f at the beginning of new iteration,       496.8955422053
Predicted improvement:        1.211791998
lambda =          1; f =          495.3575981
Norm of dx    0.05521
----
Improvement on iteration 61 =        1.537944115
-----------------
f at the beginning of new iteration,       495.3575980908
Predicted improvement:        2.347575003
lambda =          1; f =          494.1948561
lambda =    0.33333; f =          494.0324737
lambda =    0.64439; f =          493.4317088
Norm of dx    0.13718
----
Improvement on iteration 62 =        1.925889304
-----------------
f at the beginning of new iteration,       493.4317087872
Predicted improvement:        1.479526688
lambda =          1; f =          491.5126050
Norm of dx   0.073357
----
Improvement on iteration 63 =        1.919103826
-----------------
f at the beginning of new iteration,       491.5126049617
Predicted improvement:        2.509426470
lambda =          1; f =          489.9505300
Norm of dx   0.060863
----
Improvement on iteration 64 =        1.562074931
-----------------
f at the beginning of new iteration,       489.9505300305
Predicted improvement:        3.649511268
lambda =          1; f =          490.9438510
lambda =    0.33333; f =          488.1064583
lambda =    0.64439; f =          490.9772982
lambda =     0.4339; f =          489.2307707
lambda =    0.34224; f =          488.1266213
lambda =    0.39461; f =          488.4998692
Norm of dx    0.15958
----
Improvement on iteration 65 =        1.844071681
warning: possible inaccuracy in H matrix
-----------------
f at the beginning of new iteration,       488.1064583495
Predicted improvement:        1.588922276
lambda =          1; f =          488.2844646
lambda =    0.33333; f =          487.3633297
lambda =    0.64439; f =          487.3269634
Norm of dx   0.045015
----
Improvement on iteration 66 =        0.779494965
-----------------
f at the beginning of new iteration,       487.3269633842
Predicted improvement:        0.629473797
lambda =          1; f =          487.1862273
lambda =    0.33333; f =          486.9846948
lambda =    0.64439; f =          486.8677995
Norm of dx   0.029034
----
Improvement on iteration 67 =        0.459163888
-----------------
f at the beginning of new iteration,       486.8677994963
Predicted improvement:        0.616465390
lambda =          1; f =          486.9325287
lambda =    0.33333; f =          486.6201245
Norm of dx     0.0283
----
Improvement on iteration 68 =        0.247675012
-----------------
f at the beginning of new iteration,       486.6201244842
Predicted improvement:        0.303822017
lambda =          1; f =          486.2023195
Norm of dx   0.022571
----
Improvement on iteration 69 =        0.417805016
-----------------
f at the beginning of new iteration,       486.2023194680
Predicted improvement:        0.346846670
lambda =          1; f =          485.7075877
lambda =     1.9332; f =          485.5838410
Norm of dx   0.030542
----
Improvement on iteration 70 =        0.618478466
-----------------
f at the beginning of new iteration,       485.5838410019
Predicted improvement:        0.212267450
lambda =          1; f =          485.3978495
Norm of dx   0.017654
----
Improvement on iteration 71 =        0.185991491
-----------------
f at the beginning of new iteration,       485.3978495108
Predicted improvement:        0.342221780
lambda =          1; f =          485.0299645
Norm of dx    0.02093
----
Improvement on iteration 72 =        0.367884971
-----------------
f at the beginning of new iteration,       485.0299645397
Predicted improvement:        0.283978157
lambda =          1; f =          484.5953568
lambda =     1.9332; f =          484.4874251
Norm of dx   0.018079
----
Improvement on iteration 73 =        0.542539452
-----------------
f at the beginning of new iteration,       484.4874250880
Predicted improvement:        0.202726552
lambda =          1; f =          484.1920673
lambda =     1.9332; f =          484.1416065
Norm of dx   0.024519
----
Improvement on iteration 74 =        0.345818576
-----------------
f at the beginning of new iteration,       484.1416065117
Predicted improvement:        0.148858872
lambda =          1; f =          483.9278137
lambda =     1.9332; f =          483.8841034
Norm of dx    0.01108
----
Improvement on iteration 75 =        0.257503064
-----------------
f at the beginning of new iteration,       483.8841034477
Predicted improvement:        0.161922797
lambda =          1; f =          483.6405503
lambda =     1.9332; f =          483.5565862
Norm of dx   0.012002
----
Improvement on iteration 76 =        0.327517246
-----------------
f at the beginning of new iteration,       483.5565862020
Predicted improvement:        0.168972676
lambda =          1; f =          483.3374548
Norm of dx   0.023999
----
Improvement on iteration 77 =        0.219131418
-----------------
f at the beginning of new iteration,       483.3374547836
Predicted improvement:        0.122340279
lambda =          1; f =          483.1583557
lambda =     1.9332; f =          483.1126067
Norm of dx   0.023811
----
Improvement on iteration 78 =        0.224848107
-----------------
f at the beginning of new iteration,       483.1126066762
Predicted improvement:        0.079468557
lambda =          1; f =          482.9819389
lambda =     1.9332; f =          482.9096765
Norm of dx   0.011586
----
Improvement on iteration 79 =        0.202930148
-----------------
f at the beginning of new iteration,       482.9096765283
Predicted improvement:        0.128564552
lambda =          1; f =          482.7064272
lambda =     1.9332; f =          482.6140205
Norm of dx   0.016222
----
Improvement on iteration 80 =        0.295655986
-----------------
f at the beginning of new iteration,       482.6140205419
Predicted improvement:        0.160813305
lambda =          1; f =          482.3286142
lambda =     1.9332; f =          482.1281659
lambda =     3.7372; f =          481.9252994
Norm of dx     0.0231
----
Improvement on iteration 81 =        0.688721168
-----------------
f at the beginning of new iteration,       481.9252993742
Predicted improvement:        0.316972168
lambda =          1; f =          481.4200233
lambda =     1.9332; f =          481.1815789
Norm of dx   0.033996
----
Improvement on iteration 82 =        0.743720480
-----------------
f at the beginning of new iteration,       481.1815788944
Predicted improvement:        0.205620187
lambda =          1; f =          480.8864042
lambda =     1.9332; f =          480.8219974
Norm of dx   0.022646
----
Improvement on iteration 83 =        0.359581459
-----------------
f at the beginning of new iteration,       480.8219974355
Predicted improvement:        0.079807519
lambda =          1; f =          480.6987886
lambda =     1.9332; f =          480.6489131
Norm of dx   0.010014
----
Improvement on iteration 84 =        0.173084363
-----------------
f at the beginning of new iteration,       480.6489130722
Predicted improvement:        0.063970225
lambda =          1; f =          480.5408163
lambda =     1.9332; f =          480.4763519
Norm of dx  0.0090575
----
Improvement on iteration 85 =        0.172561170
-----------------
f at the beginning of new iteration,       480.4763519025
Predicted improvement:        0.128657416
lambda =          1; f =          480.2854993
lambda =     1.9332; f =          480.2293515
Norm of dx   0.023052
----
Improvement on iteration 86 =        0.247000450
-----------------
f at the beginning of new iteration,       480.2293514523
Predicted improvement:        0.084494861
lambda =          1; f =          480.0876302
lambda =     1.9332; f =          480.0042163
Norm of dx  0.0080802
----
Improvement on iteration 87 =        0.225135198
-----------------
f at the beginning of new iteration,       480.0042162539
Predicted improvement:        0.134938526
lambda =          1; f =          479.8025622
lambda =     1.9332; f =          479.7362216
Norm of dx   0.022086
----
Improvement on iteration 88 =        0.267994671
-----------------
f at the beginning of new iteration,       479.7362215828
Predicted improvement:        0.086050865
lambda =          1; f =          479.5915163
lambda =     1.9332; f =          479.5067962
Norm of dx   0.014577
----
Improvement on iteration 89 =        0.229425375
-----------------
f at the beginning of new iteration,       479.5067962080
Predicted improvement:        0.090307956
lambda =          1; f =          479.3804178
Norm of dx   0.024039
----
Improvement on iteration 90 =        0.126378430
-----------------
f at the beginning of new iteration,       479.3804177783
Predicted improvement:        0.070022556
lambda =          1; f =          479.2748067
lambda =     1.9332; f =          479.2378032
Norm of dx   0.020196
----
Improvement on iteration 91 =        0.142614535
-----------------
f at the beginning of new iteration,       479.2378032437
Predicted improvement:        0.046004531
lambda =          1; f =          479.1582537
lambda =     1.9332; f =          479.1064960
lambda =     3.7372; f =          479.0680813
Norm of dx   0.006358
----
Improvement on iteration 92 =        0.169721922
-----------------
f at the beginning of new iteration,       479.0680813217
Predicted improvement:        0.039739281
lambda =          1; f =          478.9957019
lambda =     1.9332; f =          478.9409612
lambda =     3.7372; f =          478.8704819
Norm of dx  0.0051929
----
Improvement on iteration 93 =        0.197599460
-----------------
f at the beginning of new iteration,       478.8704818617
Predicted improvement:        0.104460328
lambda =          1; f =          478.7179640
lambda =     1.9332; f =          478.6783471
Norm of dx   0.027923
----
Improvement on iteration 94 =        0.192134804
-----------------
f at the beginning of new iteration,       478.6783470575
Predicted improvement:        0.068474329
lambda =          1; f =          478.5641808
lambda =     1.9332; f =          478.4983282
Norm of dx    0.01364
----
Improvement on iteration 95 =        0.180018829
-----------------
f at the beginning of new iteration,       478.4983282286
Predicted improvement:        0.125353250
lambda =          1; f =          478.3295717
Norm of dx   0.027718
----
Improvement on iteration 96 =        0.168756552
-----------------
f at the beginning of new iteration,       478.3295716768
Predicted improvement:        0.081294075
lambda =          1; f =          478.2123399
lambda =     1.9332; f =          478.1881729
Norm of dx   0.029174
----
Improvement on iteration 97 =        0.141398746
-----------------
f at the beginning of new iteration,       478.1881729311
Predicted improvement:        0.049868798
lambda =          1; f =          478.1102737
lambda =     1.9332; f =          478.0764593
Norm of dx  0.0082419
----
Improvement on iteration 98 =        0.111713592
-----------------
f at the beginning of new iteration,       478.0764593393
Predicted improvement:        0.024116831
lambda =          1; f =          478.0434659
Norm of dx   0.021068
----
Improvement on iteration 99 =        0.032993425
-----------------
f at the beginning of new iteration,       478.0434659138
Predicted improvement:        0.017002515
lambda =          1; f =          478.0178961
lambda =     1.9332; f =          478.0090773
Norm of dx   0.016931
----
Improvement on iteration 100 =        0.034388576
-----------------
f at the beginning of new iteration,       478.0090773374
Predicted improvement:        0.013904172
lambda =          1; f =          477.9841117
lambda =     1.9332; f =          477.9658851
lambda =     3.7372; f =          477.9441394
Norm of dx  0.0037672
----
Improvement on iteration 101 =        0.064937969
-----------------
f at the beginning of new iteration,       477.9441393681
Predicted improvement:        0.024883211
lambda =          1; f =          477.9111567
Norm of dx   0.010264
----
Improvement on iteration 102 =        0.032982666
-----------------
f at the beginning of new iteration,       477.9111567020
Predicted improvement:        0.017978462
lambda =          1; f =          477.8832576
lambda =     1.9332; f =          477.8714751
Norm of dx   0.008141
----
Improvement on iteration 103 =        0.039681629
-----------------
f at the beginning of new iteration,       477.8714750730
Predicted improvement:        0.025427392
lambda =          1; f =          477.8285848
lambda =     1.9332; f =          477.8030983
Norm of dx   0.014326
----
Improvement on iteration 104 =        0.068376774
-----------------
f at the beginning of new iteration,       477.8030982992
Predicted improvement:        0.060710302
lambda =          1; f =          477.7160547
lambda =     1.9332; f =          477.6961824
Norm of dx   0.034863
----
Improvement on iteration 105 =        0.106915926
-----------------
f at the beginning of new iteration,       477.6961823728
Predicted improvement:        0.020479704
lambda =          1; f =          477.6674208
lambda =     1.9332; f =          477.6640573
Norm of dx  0.0093438
----
Improvement on iteration 106 =        0.032125026
-----------------
f at the beginning of new iteration,       477.6640573463
Predicted improvement:        0.008080536
lambda =          1; f =          477.6509768
lambda =     1.9332; f =          477.6441284
Norm of dx  0.0060514
----
Improvement on iteration 107 =        0.019928906
-----------------
f at the beginning of new iteration,       477.6441284402
Predicted improvement:        0.013623668
lambda =          1; f =          477.6213088
lambda =     1.9332; f =          477.6080480
Norm of dx   0.010766
----
Improvement on iteration 108 =        0.036080445
-----------------
f at the beginning of new iteration,       477.6080479954
Predicted improvement:        0.017585323
lambda =          1; f =          477.5838619
Norm of dx   0.012392
----
Improvement on iteration 109 =        0.024186140
-----------------
f at the beginning of new iteration,       477.5838618551
Predicted improvement:        0.009464220
lambda =          1; f =          477.5705314
lambda =     1.9332; f =          477.5682058
Norm of dx  0.0073622
----
Improvement on iteration 110 =        0.015656022
-----------------
f at the beginning of new iteration,       477.5682058329
Predicted improvement:        0.005195001
lambda =          1; f =          477.5587558
lambda =     1.9332; f =          477.5516304
lambda =     3.7372; f =          477.5424809
Norm of dx  0.0026875
----
Improvement on iteration 111 =        0.025724904
-----------------
f at the beginning of new iteration,       477.5424809293
Predicted improvement:        0.016431792
lambda =          1; f =          477.5165022
lambda =     1.9332; f =          477.5047109
Norm of dx   0.014338
----
Improvement on iteration 112 =        0.037770071
-----------------
f at the beginning of new iteration,       477.5047108588
Predicted improvement:        0.012419009
lambda =          1; f =          477.4855677
lambda =     1.9332; f =          477.4780072
Norm of dx   0.014218
----
Improvement on iteration 113 =        0.026703659
-----------------
f at the beginning of new iteration,       477.4780072002
Predicted improvement:        0.005469771
lambda =          1; f =          477.4691887
lambda =     1.9332; f =          477.4647982
Norm of dx  0.0042026
----
Improvement on iteration 114 =        0.013208969
-----------------
f at the beginning of new iteration,       477.4647982309
Predicted improvement:        0.006142576
lambda =          1; f =          477.4542637
lambda =     1.9332; f =          477.4475582
lambda =     3.7372; f =          477.4431153
Norm of dx  0.0033788
----
Improvement on iteration 115 =        0.021682921
-----------------
f at the beginning of new iteration,       477.4431153104
Predicted improvement:        0.009986203
lambda =          1; f =          477.4263461
lambda =     1.9332; f =          477.4164188
Norm of dx   0.012255
----
Improvement on iteration 116 =        0.026696477
-----------------
f at the beginning of new iteration,       477.4164188335
Predicted improvement:        0.009313805
lambda =          1; f =          477.4037681
Norm of dx   0.019691
----
Improvement on iteration 117 =        0.012650772
-----------------
f at the beginning of new iteration,       477.4037680616
Predicted improvement:        0.006536425
lambda =          1; f =          477.3929965
lambda =     1.9332; f =          477.3870329
Norm of dx   0.015478
----
Improvement on iteration 118 =        0.016735127
-----------------
f at the beginning of new iteration,       477.3870329341
Predicted improvement:        0.012180680
lambda =          1; f =          477.3659872
lambda =     1.9332; f =          477.3522794
lambda =     3.7372; f =          477.3420397
Norm of dx   0.018699
----
Improvement on iteration 119 =        0.044993228
-----------------
f at the beginning of new iteration,       477.3420397058
Predicted improvement:        0.019222129
lambda =          1; f =          477.3103826
lambda =     1.9332; f =          477.2936643
Norm of dx  0.0099092
----
Improvement on iteration 120 =        0.048375381
-----------------
f at the beginning of new iteration,       477.2936643251
Predicted improvement:        0.007646929
lambda =          1; f =          477.2839802
Norm of dx  0.0095146
----
Improvement on iteration 121 =        0.009684096
-----------------
f at the beginning of new iteration,       477.2839802295
Predicted improvement:        0.004055749
lambda =          1; f =          477.2770444
lambda =     1.9332; f =          477.2726551
lambda =     3.7372; f =          477.2699368
Norm of dx  0.0039562
----
Improvement on iteration 122 =        0.014043438
-----------------
f at the beginning of new iteration,       477.2699367915
Predicted improvement:        0.008878529
lambda =          1; f =          477.2533291
lambda =     1.9332; f =          477.2399179
lambda =     3.7372; f =          477.2196801
lambda =     7.2247; f =          477.2016862
Norm of dx  0.0085192
----
Improvement on iteration 123 =        0.068250641
-----------------
f at the beginning of new iteration,       477.2016861504
Predicted improvement:        0.014418570
lambda =          1; f =          477.1804591
lambda =     1.9332; f =          477.1745449
Norm of dx   0.013543
----
Improvement on iteration 124 =        0.027141271
-----------------
f at the beginning of new iteration,       477.1745448793
Predicted improvement:        0.004167029
lambda =          1; f =          477.1673159
lambda =     1.9332; f =          477.1626101
lambda =     3.7372; f =          477.1591173
Norm of dx  0.0029789
----
Improvement on iteration 125 =        0.015427610
-----------------
f at the beginning of new iteration,       477.1591172692
Predicted improvement:        0.009717951
lambda =          1; f =          477.1402879
lambda =     1.9332; f =          477.1238536
lambda =     3.7372; f =          477.0952121
lambda =     7.2247; f =          477.0516572
lambda =     13.967; f =          477.0126452
Norm of dx  0.0085311
----
Improvement on iteration 126 =        0.146472080
-----------------
f at the beginning of new iteration,       477.0126451891
Predicted improvement:        0.061211695
lambda =          1; f =          476.9294831
Norm of dx   0.055944
----
Improvement on iteration 127 =        0.083162125
-----------------
f at the beginning of new iteration,       476.9294830641
Predicted improvement:        0.021665692
lambda =          1; f =          476.9025254
Norm of dx   0.033941
----
Improvement on iteration 128 =        0.026957616
-----------------
f at the beginning of new iteration,       476.9025254478
Predicted improvement:        0.008387982
lambda =          1; f =          476.8878908
lambda =     1.9332; f =          476.8780509
lambda =     3.7372; f =          476.8693784
Norm of dx   0.015167
----
Improvement on iteration 129 =        0.033147065
-----------------
f at the beginning of new iteration,       476.8693783827
Predicted improvement:        0.023507835
lambda =          1; f =          476.8236888
lambda =     1.9332; f =          476.7834222
lambda =     3.7372; f =          476.7120197
lambda =     7.2247; f =          476.5977781
lambda =     13.967; f =          476.4640636
Norm of dx   0.022608
----
Improvement on iteration 130 =        0.405314756
-----------------
f at the beginning of new iteration,       476.4640636268
Predicted improvement:        0.128290587
lambda =          1; f =          476.3068874
Norm of dx    0.13542
----
Improvement on iteration 131 =        0.157176188
-----------------
f at the beginning of new iteration,       476.3068874389
Predicted improvement:        0.019191340
lambda =          1; f =          476.2838879
Norm of dx   0.026957
----
Improvement on iteration 132 =        0.022999545
-----------------
f at the beginning of new iteration,       476.2838878942
Predicted improvement:        0.004510874
lambda =          1; f =          476.2761225
lambda =     1.9332; f =          476.2711763
lambda =     3.7372; f =          476.2678742
Norm of dx  0.0072993
----
Improvement on iteration 133 =        0.016013731
-----------------
f at the beginning of new iteration,       476.2678741631
Predicted improvement:        0.010321622
lambda =          1; f =          476.2485033
lambda =     1.9332; f =          476.2326663
lambda =     3.7372; f =          476.2081481
lambda =     7.2247; f =          476.1833515
Norm of dx  0.0079856
----
Improvement on iteration 134 =        0.084522651
-----------------
f at the beginning of new iteration,       476.1833515118
Predicted improvement:        0.024971435
lambda =          1; f =          476.1542896
Norm of dx   0.030654
----
Improvement on iteration 135 =        0.029061894
-----------------
f at the beginning of new iteration,       476.1542896177
Predicted improvement:        0.005365123
lambda =          1; f =          476.1477487
Norm of dx   0.018917
----
Improvement on iteration 136 =        0.006540933
-----------------
f at the beginning of new iteration,       476.1477486844
Predicted improvement:        0.001999755
lambda =          1; f =          476.1443030
lambda =     1.9332; f =          476.1421288
lambda =     3.7372; f =          476.1408073
Norm of dx  0.0064369
----
Improvement on iteration 137 =        0.006941376
-----------------
f at the beginning of new iteration,       476.1408073084
Predicted improvement:        0.004488798
lambda =          1; f =          476.1323467
lambda =     1.9332; f =          476.1253658
lambda =     3.7372; f =          476.1143620
lambda =     7.2247; f =          476.1023329
Norm of dx  0.0020685
----
Improvement on iteration 138 =        0.038474438
-----------------
f at the beginning of new iteration,       476.1023328707
Predicted improvement:        0.017733214
lambda =          1; f =          476.0773780
lambda =     1.9332; f =          476.0727757
Norm of dx    0.02176
----
Improvement on iteration 139 =        0.029557213
-----------------
f at the beginning of new iteration,       476.0727756580
Predicted improvement:        0.004165671
lambda =          1; f =          476.0669720
Norm of dx   0.009657
----
Improvement on iteration 140 =        0.005803682
-----------------
f at the beginning of new iteration,       476.0669719760
Predicted improvement:        0.002754191
lambda =          1; f =          476.0626179
lambda =     1.9332; f =          476.0606499
Norm of dx  0.0083228
----
Improvement on iteration 141 =        0.006322045
-----------------
f at the beginning of new iteration,       476.0606499312
Predicted improvement:        0.004022466
lambda =          1; f =          476.0529653
lambda =     1.9332; f =          476.0464382
lambda =     3.7372; f =          476.0355874
lambda =     7.2247; f =          476.0212472
Norm of dx  0.0082484
----
Improvement on iteration 142 =        0.039402709
-----------------
f at the beginning of new iteration,       476.0212472226
Predicted improvement:        0.032968454
lambda =          1; f =          475.9709428
lambda =     1.9332; f =          475.9523416
Norm of dx   0.047971
----
Improvement on iteration 143 =        0.068905616
-----------------
f at the beginning of new iteration,       475.9523416063
Predicted improvement:        0.010045686
lambda =          1; f =          475.9391694
Norm of dx   0.017991
----
Improvement on iteration 144 =        0.013172228
-----------------
f at the beginning of new iteration,       475.9391693785
Predicted improvement:        0.002670423
lambda =          1; f =          475.9353206
lambda =     1.9332; f =          475.9344308
Norm of dx   0.010637
----
Improvement on iteration 145 =        0.004738553
-----------------
f at the beginning of new iteration,       475.9344308254
Predicted improvement:        0.001982685
lambda =          1; f =          475.9305591
lambda =     1.9332; f =          475.9271127
lambda =     3.7372; f =          475.9209069
lambda =     7.2247; f =          475.9106161
lambda =     13.967; f =          475.8971031
Norm of dx  0.0041354
----
Improvement on iteration 146 =        0.037327750
-----------------
f at the beginning of new iteration,       475.8971030755
Predicted improvement:        0.024989841
lambda =          1; f =          475.8634947
Norm of dx   0.042815
----
Improvement on iteration 147 =        0.033608382
-----------------
f at the beginning of new iteration,       475.8634946936
Predicted improvement:        0.007913898
lambda =          1; f =          475.8544618
Norm of dx   0.017553
----
Improvement on iteration 148 =        0.009032867
-----------------
f at the beginning of new iteration,       475.8544618269
Predicted improvement:        0.001320206
lambda =          1; f =          475.8521460
lambda =     1.9332; f =          475.8505860
lambda =     3.7372; f =          475.8492103
Norm of dx  0.0029496
----
Improvement on iteration 149 =        0.005251527
-----------------
f at the beginning of new iteration,       475.8492103002
Predicted improvement:        0.004315920
lambda =          1; f =          475.8408376
lambda =     1.9332; f =          475.8334986
lambda =     3.7372; f =          475.8206120
lambda =     7.2247; f =          475.8005819
lambda =     13.967; f =          475.7802567
Norm of dx  0.0049293
----
Improvement on iteration 150 =        0.068953602
-----------------
f at the beginning of new iteration,       475.7802566978
Predicted improvement:        0.053523442
lambda =          1; f =          475.6968699
lambda =     1.9332; f =          475.6617121
Norm of dx   0.083713
----
Improvement on iteration 151 =        0.118544636
-----------------
f at the beginning of new iteration,       475.6617120620
Predicted improvement:        0.011516523
lambda =          1; f =          475.6491507
Norm of dx   0.044403
----
Improvement on iteration 152 =        0.012561381
-----------------
f at the beginning of new iteration,       475.6491506809
Predicted improvement:        0.000746431
lambda =          1; f =          475.6479058
lambda =     1.9332; f =          475.6471779
Norm of dx  0.0046608
----
Improvement on iteration 153 =        0.001972813
-----------------
f at the beginning of new iteration,       475.6471778676
Predicted improvement:        0.001906114
lambda =          1; f =          475.6438058
lambda =     1.9332; f =          475.6414387
lambda =     3.7372; f =          475.6389862
Norm of dx  0.0058299
----
Improvement on iteration 154 =        0.008191645
-----------------
f at the beginning of new iteration,       475.6389862223
Predicted improvement:        0.005481259
lambda =          1; f =          475.6292386
lambda =     1.9332; f =          475.6223169
lambda =     3.7372; f =          475.6148301
Norm of dx   0.009274
----
Improvement on iteration 155 =        0.024156116
-----------------
f at the beginning of new iteration,       475.6148301062
Predicted improvement:        0.004477850
lambda =          1; f =          475.6092674
Norm of dx  0.0066287
----
Improvement on iteration 156 =        0.005562673
-----------------
f at the beginning of new iteration,       475.6092674329
Predicted improvement:        0.000946565
lambda =          1; f =          475.6078042
lambda =     1.9332; f =          475.6072394
Norm of dx  0.0021425
----
Improvement on iteration 157 =        0.002028040
-----------------
f at the beginning of new iteration,       475.6072393928
Predicted improvement:        0.001118618
lambda =          1; f =          475.6050408
lambda =     1.9332; f =          475.6030612
lambda =     3.7372; f =          475.5994334
lambda =     7.2247; f =          475.5931742
lambda =     13.967; f =          475.5839653
lambda =         27; f =          475.5775610
Norm of dx  0.0022587
----
Improvement on iteration 158 =        0.029678353
-----------------
f at the beginning of new iteration,       475.5775610399
Predicted improvement:        0.026160809
lambda =          1; f =          475.5306932
lambda =     1.9332; f =          475.4966009
lambda =     3.7372; f =          475.4563283
Norm of dx   0.047793
----
Improvement on iteration 159 =        0.121232756
-----------------
f at the beginning of new iteration,       475.4563282840
Predicted improvement:        0.019686536
lambda =          1; f =          475.4338160
Norm of dx    0.05897
----
Improvement on iteration 160 =        0.022512330
-----------------
f at the beginning of new iteration,       475.4338159539
Predicted improvement:        0.001231060
lambda =          1; f =          475.4321886
Norm of dx  0.0085614
----
Improvement on iteration 161 =        0.001627338
-----------------
f at the beginning of new iteration,       475.4321886161
Predicted improvement:        0.000666824
lambda =          1; f =          475.4310483
lambda =     1.9332; f =          475.4303395
lambda =     3.7372; f =          475.4299409
Norm of dx  0.0047006
----
Improvement on iteration 162 =        0.002247711
-----------------
f at the beginning of new iteration,       475.4299409054
Predicted improvement:        0.001598837
lambda =          1; f =          475.4267859
lambda =     1.9332; f =          475.4239177
lambda =     3.7372; f =          475.4185814
lambda =     7.2247; f =          475.4090463
lambda =     13.967; f =          475.3935434
lambda =         27; f =          475.3746220
Norm of dx  0.0031739
----
Improvement on iteration 163 =        0.055318905
-----------------
f at the beginning of new iteration,       475.3746220005
Predicted improvement:        0.046190035
lambda =          1; f =          475.3003862
lambda =     1.9332; f =          475.2641631
Norm of dx   0.099671
----
Improvement on iteration 164 =        0.110458948
-----------------
f at the beginning of new iteration,       475.2641630525
Predicted improvement:        0.022717407
lambda =          1; f =          475.2387896
Norm of dx   0.092955
----
Improvement on iteration 165 =        0.025373440
-----------------
f at the beginning of new iteration,       475.2387896126
Predicted improvement:        0.000725346
lambda =          1; f =          475.2380451
Norm of dx   0.006113
----
Improvement on iteration 166 =        0.000744510
-----------------
f at the beginning of new iteration,       475.2380451025
Predicted improvement:        0.000011296
lambda =          1; f =          475.2380337
Norm of dx  0.0020035
----
Improvement on iteration 167 =        0.000011371
-----------------
f at the beginning of new iteration,       475.2380337315
Predicted improvement:        0.000000450
lambda =          1; f =          475.2380335
Norm of dx 0.00026964
----
Improvement on iteration 168 =        0.000000272
-----------------
f at the beginning of new iteration,       475.2380334596
Predicted improvement:        0.000000008
lambda =          1; f =          475.2380334
lambda =     1.9332; f =          475.2380334
lambda =     3.7372; f =          475.2380335
lambda =     2.5164; f =          475.2380334
Norm of dx 6.9455e-05
----
Improvement on iteration 169 =        0.000000023
improvement < crit termination

Final value of minus the log posterior (or likelihood):475.238033 

RESULTS FROM POSTERIOR ESTIMATION
parameters
         prior mean     mode    s.d. prior pstdev

csadjcost    4.000   7.0470  1.1214 norm  1.5000 
chabb        0.700   0.7525  0.0318 beta  0.1000 
csigl        2.000   4.1849  0.4553 norm  0.7500 
cprobw       0.500   0.5041  0.0509 beta  0.0500 
cprobp       0.500   0.8891  0.0197 beta  0.1000 
cindw        0.500   0.3771  0.1527 beta  0.1500 
cindp        0.500   0.2711  0.1064 beta  0.1500 
czcap        0.500   0.8759  0.0611 beta  0.1500 
cfc          1.250   1.4395  0.0918 norm  0.1250 
clandaw      1.250   1.0136  0.0092 norm  0.1250 
cupsilon     0.200   0.2773  0.0490 beta  0.0500 
crpi         1.500   1.6155  0.2481 norm  0.2500 
crr          0.750   0.9699  0.0080 beta  0.1000 
cry          0.125   0.2306  0.0381 norm  0.0500 
crdy         0.125   0.0258  0.0158 norm  0.0500 
constepinf   0.625   0.6199  0.0888 gamm  0.1000 
cprobe       0.500   0.2185  0.0743 beta  0.1500 
constebeta   0.250   0.1386  0.0600 gamm  0.1000 
cebar        0.200   0.2150  0.0178 norm  0.0500 
ctrend       0.300   0.2933  0.0243 norm  0.0500 
calfa        0.300   0.1705  0.0213 norm  0.0500 
crhog        0.500   0.8487  0.0453 beta  0.2000 
cgy          0.500   0.4375  0.0926 beta  0.2000 
crhob        0.500   0.9701  0.0083 beta  0.2000 
crhoqs       0.500   0.5565  0.1020 beta  0.2000 
crhoa        0.500   0.9445  0.0301 beta  0.2000 
crhopinf     0.500   0.2075  0.1186 beta  0.2000 
crhow        0.500   0.0534  0.0395 beta  0.2000 
crhoms       0.500   0.6231  0.0736 beta  0.2000 
crhos        0.500   0.9854  0.0114 beta  0.2000 

standard deviation of shocks
         prior mean     mode    s.d. prior pstdev

ea           2.500   0.4969  0.0542 unif  1.4434 
eb           2.500   0.0654  0.0125 unif  1.4434 
eg           2.500   0.3483  0.0294 unif  1.4434 
eqs          2.500   0.4031  0.0790 unif  1.4434 
em           2.500   0.0804  0.0068 unif  1.4434 
epinf        2.500   0.1194  0.0146 unif  1.4434 
ew           2.500   0.4380  0.0348 unif  1.4434 
es           2.500   1.4861  0.1601 unif  1.4434 


Log data density [Laplace approximation] is -565.300525.

Estimation::mcmc: One Chain mode.
Estimation::mcmc: Initialization at the posterior mode.

Estimation::mcmc: Write details about the MCMC... Ok!
Estimation::mcmc: Details about the MCMC are available in GSW12/metropolis\GSW12_mh_history_0.mat


Estimation::mcmc: Number of mh files: 2 per block.
Estimation::mcmc: Total number of generated files: 2.
Estimation::mcmc: Total number of iterations: 500000.
Estimation::mcmc: Current acceptance ratio per chain: 
                                                       Chain  1: 30.6122%
Estimation::mcmc: Total number of MH draws per chain: 500000.
Estimation::mcmc: Total number of generated MH files: 2.
Estimation::mcmc: I'll use mh-files 1 to 2.
Estimation::mcmc: In MH-file number 1 I'll start at line 150001.
Estimation::mcmc: Finally I keep 350000 draws per chain.



MCMC Inefficiency factors per block
Parameter        Block 1
SE_ea            181.033
SE_eb            264.403
SE_eg            178.218
SE_eqs           168.923
SE_em            169.034
SE_epinf         164.419
SE_ew            175.814
SE_es            171.646
csadjcost        155.589
chabb            173.643
csigl            147.027
cprobw           210.631
cprobp           187.531
cindw            150.357
cindp            133.259
czcap            163.814
cfc              150.164
clandaw          519.003
cupsilon         153.322
crpi             152.069
crr              385.324
cry              161.102
crdy             165.274
constepinf       182.670
cprobe           146.944
constebeta       179.843
cebar            148.147
ctrend           168.178
calfa            182.945
crhog            161.333
cgy              157.653
crhob            302.909
crhoqs           164.139
crhoa            196.712
crhopinf         125.906
crhow            223.097
crhoms           231.087
crhos            257.669


Geweke (1992) Convergence Tests, based on means of draws 150000 to 220000 vs 325000 to 500000.
p-values are for Chi2-test for equality of means.
Parameter          Post. Mean        Post. Std   p-val No Taper   p-val 4% Taper   p-val 8% Taper  p-val 15% Taper
SE_ea                   0.525            0.060            0.000            0.770            0.777            0.751
SE_eb                   0.077            0.015            0.000            0.813            0.809            0.784
SE_eg                   0.362            0.032            0.000            0.475            0.501            0.502
SE_eqs                  0.410            0.080            0.000            0.246            0.251            0.252
SE_em                   0.083            0.007            0.000            0.575            0.570            0.535
SE_epinf                0.119            0.015            0.000            0.170            0.181            0.187
SE_ew                   0.441            0.036            0.000            0.343            0.321            0.321
SE_es                   1.551            0.169            0.000            0.488            0.491            0.495
csadjcost               7.058            1.093            0.000            0.224            0.145            0.150
chabb                   0.754            0.033            0.000            0.143            0.140            0.148
csigl                   4.247            0.457            0.000            0.010            0.009            0.008
cprobw                  0.520            0.051            0.655            0.981            0.982            0.982
cprobp                  0.891            0.020            0.000            0.769            0.754            0.758
cindw                   0.398            0.139            0.000            0.489            0.497            0.521
cindp                   0.281            0.095            0.000            0.638            0.637            0.665
czcap                   0.855            0.063            0.000            0.602            0.627            0.622
cfc                     1.443            0.090            0.000            0.049            0.054            0.042
clandaw                 1.021            0.015            0.000            0.166            0.186            0.159
cupsilon                0.283            0.049            0.000            0.390            0.439            0.450
crpi                    1.605            0.247            0.000            0.016            0.012            0.002
crr                     0.960            0.011            0.000            0.095            0.117            0.119
cry                     0.242            0.039            0.000            0.764            0.761            0.766
crdy                    0.025            0.016            0.000            0.740            0.763            0.778
constepinf              0.608            0.091            0.591            0.970            0.966            0.963
cprobe                  0.238            0.071            0.054            0.860            0.872            0.869
constebeta              0.149            0.060            0.006            0.855            0.861            0.863
cebar                   0.215            0.017            0.210            0.915            0.912            0.907
ctrend                  0.294            0.026            0.000            0.062            0.058            0.044
calfa                   0.172            0.022            0.000            0.170            0.155            0.169
crhog                   0.848            0.046            0.000            0.463            0.409            0.294
cgy                     0.422            0.091            0.000            0.372            0.357            0.312
crhob                   0.963            0.010            0.000            0.188            0.186            0.173
crhoqs                  0.567            0.100            0.000            0.150            0.166            0.150
crhoa                   0.937            0.032            0.000            0.049            0.059            0.046
crhopinf                0.226            0.101            0.000            0.485            0.490            0.495
crhow                   0.080            0.045            0.000            0.145            0.101            0.054
crhoms                  0.660            0.074            0.000            0.124            0.154            0.170
crhos                   0.978            0.014            0.000            0.647            0.669            0.670


Estimation::marginal density: I'm computing the posterior mean and covariance...  Done!
Estimation::marginal density: I'm computing the posterior log marginal density (modified harmonic mean)... Done!


ESTIMATION RESULTS

Log data density is -564.825009.

parameters
             prior mean   post. mean        90% HPD interval    prior       pstdev

csadjcost         4.000       7.0758      5.3085      8.8758   norm        1.5000
chabb             0.700       0.7541      0.7030      0.8077   beta        0.1000
csigl             2.000       4.2473      3.4829      4.9762   norm        0.7500
cprobw            0.500       0.5210      0.4378      0.6059   beta        0.0500
cprobp            0.500       0.8903      0.8574      0.9242   beta        0.1000
cindw             0.500       0.4004      0.1683      0.6244   beta        0.1500
cindp             0.500       0.2812      0.1243      0.4349   beta        0.1500
czcap             0.500       0.8558      0.7601      0.9531   beta        0.1500
cfc               1.250       1.4426      1.2970      1.5925   norm        0.1250
clandaw           1.250       1.0212      1.0008      1.0405   norm        0.1250
cupsilon          0.200       0.2832      0.2038      0.3640   beta        0.0500
crpi              1.500       1.6046      1.2029      2.0159   norm        0.2500
crr               0.750       0.9604      0.9463      0.9750   beta        0.1000
cry               0.125       0.2418      0.1778      0.3048   norm        0.0500
crdy              0.125       0.0245     -0.0001      0.0497   norm        0.0500
constepinf        0.625       0.6077      0.4588      0.7530   gamm        0.1000
cprobe            0.500       0.2378      0.1230      0.3545   beta        0.1500
constebeta        0.250       0.1490      0.0518      0.2380   gamm        0.1000
cebar             0.200       0.2150      0.1869      0.2431   norm        0.0500
ctrend            0.300       0.2942      0.2527      0.3358   norm        0.0500
calfa             0.300       0.1709      0.1356      0.2064   norm        0.0500
crhog             0.500       0.8471      0.7722      0.9224   beta        0.2000
cgy               0.500       0.4212      0.2723      0.5711   beta        0.2000
crhob             0.500       0.9632      0.9478      0.9778   beta        0.2000
crhoqs            0.500       0.5658      0.4022      0.7276   beta        0.2000
crhoa             0.500       0.9361      0.8868      0.9860   beta        0.2000
crhopinf          0.500       0.2254      0.0582      0.3807   beta        0.2000
crhow             0.500       0.0801      0.0104      0.1463   beta        0.2000
crhoms            0.500       0.6603      0.5406      0.7841   beta        0.2000
crhos             0.500       0.9784      0.9595      0.9978   beta        0.2000

standard deviation of shocks
             prior mean   post. mean        90% HPD interval    prior       pstdev

ea                2.500       0.5247      0.4257      0.6171   unif        1.4434
eb                2.500       0.0767      0.0535      0.0993   unif        1.4434
eg                2.500       0.3614      0.3079      0.4093   unif        1.4434
eqs               2.500       0.4105      0.2821      0.5349   unif        1.4434
em                2.500       0.0835      0.0720      0.0953   unif        1.4434
epinf             2.500       0.1192      0.0952      0.1422   unif        1.4434
ew                2.500       0.4406      0.3804      0.4988   unif        1.4434
es                2.500       1.5535      1.2735      1.8223   unif        1.4434
Estimation::mcmc: Smoothed variables
Estimation::mcmc: Smoothed variables, done!
Estimation::mcmc: Smoothed shocks
Estimation::mcmc: Smoothed shocks, done!
Estimation::mcmc: Trend_coefficients
Estimation::mcmc: Trend_coefficients, done!
Estimation::mcmc: Smoothed constant
Estimation::mcmc: Smoothed constant, done!
Estimation::mcmc: Smoothed trend
Estimation::mcmc: Smoothed trend, done!
Estimation::mcmc: Updated Variables
Estimation::mcmc: Updated Variables, done!
Estimation::mcmc: Forecasted variables (mean)
Estimation::mcmc: Forecasted variables (mean), done!
Estimation::mcmc: Forecasted variables (point)
Estimation::mcmc: Forecasted variables (point), done!
Total computing time : 2h41m12s
Note: 43 warning(s) encountered in the preprocessor
Note: warning(s) encountered in MATLAB/Octave code
