Starting Dynare (version 4.5.7).
Starting preprocessing of the model file ...
Substitution of endo leads >= 2: added 78 auxiliary variables and equations.
Substitution of endo lags >= 2: added 215 auxiliary variables and equations.
Found 349 equation(s).
Evaluating expressions...done
Computing static model derivatives:
 - order 1
Computing dynamic model derivatives:
 - order 1
Processing outputs ...
Warning: A .m file created by Dynare will have more than 32 nested parenthesis. Matlab cannot support this. 
         We are going to modify, albeit inefficiently, this output to have fewer than 32 nested parenthesis. 
         It would hence behoove you to use the use_dll option of the model block to circumnavigate this problem.
         If you have not yet set up a compiler on your system, see the Matlab documentation for doing so.
         For Windows, see: https://www.mathworks.com/help/matlab/matlab_external/install-mingw-support-package.html

done
Preprocessing completed.

STEADY-STATE RESULTS:

c                      		 1.57075
cnds_rim_obs           		 0.557593
credit_rgd_obs         		 0.909733
epsil                  		 1
Fp                     		 7.02868
Fw                     		 2.37527
g                      		 0.608271
gamma                  		 0.985
gdp_rgd_obs            		 0.591211
h                      		 1.01373
hours_cmr14_obs        		 -771.593
i                      		 0.798323
gdpdef_obs             		 0.463012
igid_rim_obs           		 0.953723
kbar                   		 24.1271
lambdaf                		 1.2
lambdaz                		 0.610222
muup                   		 1
muzstar                		 1.00412
n                      		 11.9712
networth_rgd_cmr14_obs 		 1
omegabar               		 0.500971
phi                    		 0.598353
pi                     		 1.00601
igiddef_rgd_obs        		 -0.428793
pitarget               		 1.00601
baag10_obs             		 0.617511
pstar                  		 1
q                      		 1
Re                     		 0.0114707
ffr_obs                		 0.605654
RealRe_obs             		 1
rL                     		 1.00543
rk                     		 0.050015
Rk                     		 0.0188063
RL                     		 0.0114707
s                      		 0.833333
sigma                  		 0.259199
xi0                    		 1
xi1                    		 1
xi2                    		 1
xi3                    		 1
xi4                    		 1
xi5                    		 1
xi6                    		 1
xi7                    		 1
xi8                    		 1
g10ffr_obs             		 0.361386
term                   		 1
volEquity              		 0.536401
u                      		 1
wage_rgd_obs           		 0.352074
wtilde                 		 1.77074
wstar                  		 1
zetac                  		 1
zetai                  		 1

EIGENVALUES:
         Modulus             Real        Imaginary

               0                0                0
               0                0                0
       4.265e-38        4.265e-38                0
       5.111e-38        5.111e-38                0
       7.477e-38        7.477e-38                0
       2.129e-37       -2.129e-37                0
       3.873e-37       -3.873e-37                0
        9.24e-26         9.24e-26                0
       6.424e-24       -6.424e-24                0
       2.105e-23       -2.105e-23                0
       4.237e-23        4.237e-23                0
       4.955e-23        4.955e-23                0
       1.157e-22        1.157e-22                0
       1.298e-22       -1.298e-22                0
        1.74e-22         1.74e-22                0
       1.763e-22       -1.763e-22                0
       2.208e-22        2.208e-22                0
       2.617e-22        2.617e-22                0
       3.315e-22        3.315e-22                0
       3.324e-22        3.324e-22                0
       3.611e-22       -3.611e-22                0
       3.723e-22       -3.723e-22                0
       4.462e-22       -4.462e-22                0
       4.736e-22       -4.736e-22                0
       4.837e-22       -4.837e-22                0
        4.85e-22         4.85e-22                0
       5.148e-22       -5.148e-22                0
        5.29e-22         5.29e-22                0
       5.407e-22       -5.407e-22                0
       5.418e-22        5.418e-22                0
       5.682e-22        5.682e-22                0
       5.914e-22       -5.914e-22                0
       5.949e-22       -5.949e-22                0
       6.332e-22        6.332e-22                0
       7.114e-22       -7.114e-22                0
       7.256e-22        7.256e-22                0
       7.444e-22       -7.444e-22                0
       7.519e-22       -7.519e-22                0
       8.766e-22        8.766e-22                0
       8.959e-22        8.959e-22                0
       9.066e-22        9.066e-22                0
       9.821e-22        9.821e-22                0
       1.014e-21        1.014e-21                0
       1.046e-21       -1.046e-21                0
       1.065e-21       -1.065e-21                0
       1.071e-21       -1.071e-21                0
       1.141e-21       -1.141e-21                0
       1.142e-21       -1.142e-21                0
       1.158e-21        1.158e-21                0
        1.18e-21         1.18e-21                0
       1.196e-21        1.196e-21                0
       1.255e-21       -1.255e-21                0
       1.365e-21        1.365e-21                0
       1.377e-21       -1.377e-21                0
       1.404e-21        1.404e-21                0
       1.483e-21       -1.483e-21                0
       1.501e-21        1.501e-21                0
       1.573e-21        1.573e-21                0
       1.601e-21       -1.601e-21                0
       1.746e-21       -1.746e-21                0
       1.881e-21        1.881e-21                0
       1.887e-21       -1.887e-21                0
       2.284e-21       -2.284e-21                0
       2.355e-21       -2.355e-21                0
       2.366e-21       -2.366e-21                0
        2.42e-21        -2.42e-21                0
       2.422e-21        2.422e-21                0
       2.432e-21        2.432e-21                0
       2.463e-21        2.463e-21                0
       2.893e-21       -2.893e-21                0
        2.93e-21         2.93e-21                0
       3.325e-21       -3.325e-21                0
       3.779e-21        3.779e-21                0
       3.806e-21        3.806e-21                0
       4.083e-21        4.083e-21                0
       4.498e-21        4.498e-21                0
       4.513e-21       -4.513e-21                0
       5.086e-21       -5.086e-21                0
         5.1e-21          5.1e-21                0
       6.175e-21       -6.175e-21                0
       6.215e-21       -6.215e-21                0
        6.37e-21         6.37e-21                0
       7.513e-21        7.513e-21                0
       8.151e-21        8.151e-21                0
       8.885e-21       -8.885e-21                0
       9.739e-21        9.739e-21                0
       1.118e-20        1.118e-20                0
       1.166e-20       -1.166e-20                0
        1.45e-20         1.45e-20                0
       1.983e-20        1.983e-20                0
       2.867e-20       -2.867e-20                0
        3.12e-20         3.12e-20                0
       3.215e-20        3.215e-20                0
       3.241e-20       -3.241e-20                0
        3.68e-20         3.68e-20                0
       3.716e-20       -3.716e-20                0
       4.058e-20        4.058e-20                0
       4.138e-20        4.138e-20                0
       4.265e-20       -4.265e-20                0
       4.297e-20       -4.297e-20                0
       4.609e-20        4.609e-20                0
       4.631e-20        4.631e-20                0
       4.741e-20       -4.741e-20                0
       5.135e-20       -5.135e-20                0
       5.176e-20        5.176e-20                0
       5.204e-20        5.204e-20                0
       5.342e-20        5.342e-20                0
       6.297e-20       -6.297e-20                0
       6.363e-20        6.363e-20                0
       6.457e-20       -6.457e-20                0
       7.697e-20       -7.697e-20                0
       8.374e-20        8.374e-20                0
       8.551e-20       -8.551e-20                0
       8.578e-20       -8.578e-20                0
       8.977e-20        8.977e-20                0
        9.18e-20         9.18e-20                0
       9.869e-20       -9.869e-20                0
       1.018e-19       -1.018e-19                0
       1.048e-19       -1.048e-19                0
       1.071e-19       -1.071e-19                0
         1.1e-19          1.1e-19                0
       1.114e-19        1.114e-19                0
       1.127e-19        1.127e-19                0
       1.134e-19        1.134e-19                0
       1.153e-19       -1.153e-19                0
       1.168e-19        1.168e-19                0
       1.185e-19        1.185e-19                0
       1.192e-19        1.192e-19                0
       1.193e-19        1.193e-19                0
       1.229e-19        1.229e-19                0
       1.256e-19        1.256e-19                0
       1.282e-19       -1.282e-19                0
       1.295e-19       -1.295e-19                0
        1.31e-19         1.31e-19                0
       1.325e-19        1.325e-19                0
       1.389e-19        1.389e-19                0
       1.402e-19       -1.402e-19                0
       1.424e-19        1.424e-19                0
       1.462e-19       -1.462e-19                0
       1.499e-19        1.499e-19                0
       1.628e-19       -1.628e-19                0
       1.651e-19       -1.651e-19                0
       1.685e-19       -1.685e-19                0
       1.685e-19        1.685e-19                0
       1.778e-19        1.778e-19                0
       1.784e-19       -1.784e-19                0
       1.795e-19       -1.795e-19                0
       1.799e-19       -1.799e-19                0
       1.856e-19        1.856e-19                0
       1.857e-19       -1.857e-19                0
       1.969e-19        1.969e-19                0
       2.005e-19       -2.005e-19                0
       2.016e-19       -2.016e-19                0
        2.04e-19         2.04e-19                0
       2.065e-19        2.065e-19                0
       2.193e-19       -2.193e-19                0
       2.207e-19       -2.207e-19                0
       2.234e-19        2.234e-19                0
       2.235e-19       -2.235e-19                0
       2.248e-19       -2.248e-19                0
       2.248e-19       -2.248e-19                0
       2.258e-19       -2.258e-19                0
       2.284e-19       -2.284e-19                0
       2.293e-19        2.293e-19                0
       2.339e-19        2.339e-19                0
       2.459e-19        2.459e-19                0
        2.56e-19        -2.56e-19                0
       2.598e-19        2.598e-19                0
       2.631e-19       -2.631e-19                0
       2.661e-19       -2.661e-19                0
       2.752e-19        2.752e-19                0
       2.791e-19        2.791e-19                0
       2.816e-19        2.816e-19                0
       2.905e-19        2.905e-19                0
       2.915e-19        2.915e-19                0
        2.92e-19        -2.92e-19                0
       3.031e-19        3.031e-19                0
       3.035e-19        3.035e-19                0
       3.122e-19        3.122e-19                0
        3.15e-19        -3.15e-19                0
        3.18e-19        -3.18e-19                0
       3.315e-19        3.315e-19                0
       3.337e-19       -3.337e-19                0
       3.707e-19       -3.707e-19                0
       4.031e-19       -4.031e-19                0
        4.38e-19        -4.38e-19                0
       4.623e-19        4.623e-19                0
       4.651e-19        4.651e-19                0
       4.855e-19        4.855e-19                0
       5.475e-19        5.475e-19                0
       5.966e-19       -5.966e-19                0
       6.576e-19        6.576e-19                0
       7.142e-19        7.142e-19                0
       1.894e-18        1.894e-18                0
       2.282e-18        2.282e-18                0
       3.186e-18       -3.186e-18                0
       3.499e-18        3.499e-18                0
       3.715e-18        3.715e-18                0
       3.834e-18       -3.834e-18                0
       4.064e-18       -4.064e-18                0
       4.359e-18        4.359e-18                0
       4.584e-18        4.584e-18                0
       4.797e-18       -4.797e-18                0
       4.919e-18       -4.919e-18                0
       5.809e-18        5.809e-18                0
       5.878e-18        5.878e-18                0
       5.945e-18        5.945e-18                0
       7.182e-18       -7.182e-18                0
       7.943e-18        7.943e-18                0
       8.426e-18       -8.426e-18                0
       8.547e-18        8.547e-18                0
       9.803e-18        9.803e-18                0
       1.007e-17        1.007e-17                0
       1.062e-17       -1.062e-17                0
       1.074e-17        1.074e-17                0
       1.342e-17        1.342e-17                0
       1.475e-17       -1.475e-17                0
       1.563e-17        1.563e-17                0
       1.653e-17        1.653e-17                0
       1.743e-17       -1.743e-17                0
       1.803e-17       -1.803e-17                0
       1.836e-17       -1.836e-17                0
       1.875e-17        1.875e-17                0
       1.915e-17       -1.915e-17                0
       2.127e-17        2.127e-17                0
       2.158e-17        2.158e-17                0
       5.265e-15       -5.265e-15                0
         0.09864          0.09864                0
          0.1459           0.1459                0
          0.7412           0.7412                0
          0.7453           0.7396           0.0916
          0.7453           0.7396          -0.0916
          0.8057           0.8057                0
          0.8089           0.8089                0
          0.8128           0.8128                0
          0.8968           0.8968                0
          0.9087           0.9087                0
          0.9109           0.9109                0
          0.9251           0.9245          0.03449
          0.9251           0.9245         -0.03449
          0.9427           0.9427                0
          0.9706           0.9706                0
          0.9744           0.9744                0
          0.9747           0.9747                0
           0.975            0.975                0
           0.987            0.987                0
           1.056            1.047           0.1404
           1.056            1.047          -0.1404
           1.083            1.082          0.04506
           1.083            1.082         -0.04506
           1.232            1.232                0
           1.255            1.255                0
           1.351            1.351                0
           1.358            1.358                0
       1.012e+17       -1.012e+17                0
       1.308e+17       -1.308e+17                0
       1.484e+17        1.484e+17                0
       1.559e+17        1.559e+17                0
       1.578e+17        1.578e+17                0
       1.929e+17       -1.929e+17                0
       1.975e+17       -1.975e+17                0
       2.374e+17       -2.374e+17                0
       2.685e+17        2.685e+17                0
       2.741e+17       -2.741e+17                0
       2.986e+17        2.986e+17                0
       3.026e+17        3.026e+17                0
       3.063e+17       -3.063e+17                0
       3.431e+17        3.431e+17                0
       3.621e+17        3.621e+17                0
       3.653e+17        3.653e+17                0
       3.917e+17        3.917e+17                0
       4.212e+17        4.212e+17                0
       4.279e+17       -4.279e+17                0
       4.993e+17        4.993e+17                0
       5.008e+17        5.008e+17                0
       5.379e+17        5.379e+17                0
       5.608e+17       -5.608e+17                0
       7.184e+17       -7.184e+17                0
       7.739e+17        7.739e+17                0
       8.829e+17        8.829e+17                0
       9.429e+17        9.429e+17                0
       1.113e+18        1.113e+18                0
       1.188e+18       -1.188e+18                0
       1.433e+18        1.433e+18                0
       1.582e+18       -1.582e+18                0
        1.68e+18         1.68e+18                0
       1.839e+18       -1.839e+18                0
       1.861e+18       -1.861e+18                0
       1.951e+18        1.951e+18                0
       2.072e+18        2.072e+18                0
       2.116e+18       -2.116e+18                0
       2.267e+18        2.267e+18                0
       2.435e+18       -2.435e+18                0
       2.684e+18        2.684e+18                0
       2.691e+18        2.691e+18                0
       2.768e+18        2.768e+18                0
       3.399e+18       -3.399e+18                0
       3.425e+18       -3.425e+18                0
       3.435e+18        3.435e+18                0
       3.497e+18        3.497e+18                0
        3.54e+18        -3.54e+18                0
       4.327e+18        4.327e+18                0
       4.334e+18        4.334e+18                0
       4.379e+18        4.379e+18                0
       4.408e+18       -4.408e+18                0
       4.681e+18        4.681e+18                0
       4.934e+18        4.934e+18                0
       5.011e+18        5.011e+18                0
       5.116e+18       -5.116e+18                0
       5.136e+18        5.136e+18                0
       5.512e+18       -5.512e+18                0
       6.249e+18       -6.249e+18                0
        7.75e+18        -7.75e+18                0
       7.856e+18       -7.856e+18                0
       8.336e+18        8.336e+18                0
       9.593e+18       -9.593e+18                0
       9.727e+18        9.727e+18                0
       1.297e+19       -1.297e+19                0
       1.621e+19        1.621e+19                0
       1.709e+19        1.709e+19                0
       1.763e+19        1.763e+19                0
       1.774e+19        1.774e+19                0
       1.923e+19       -1.923e+19                0
       1.976e+19        1.976e+19                0
       2.514e+19       -2.514e+19                0
       3.092e+19       -3.092e+19                0
       7.218e+19        7.218e+19                0
       9.134e+19        9.134e+19                0
       1.899e+20       -1.899e+20                0
       2.587e+20       -2.587e+20                0
       2.869e+20        2.869e+20                0
       7.779e+20        7.779e+20                0
       2.947e+21        2.947e+21                0
       1.836e+22        1.836e+22                0
       6.145e+46       -6.145e+46                0
             Inf              Inf                0
             Inf              Inf                0
             Inf             -Inf                0
             Inf             -Inf                0
             Inf             -Inf                0


There are 94 eigenvalue(s) larger than 1 in modulus 
for 94 forward-looking variable(s)

The rank condition is verified.

The standard deviation of e_sigma is not estimated (the value provided in estimated_params_init is not used).

Initial value of the log posterior (or likelihood): -445.2392
-----------------
f at the beginning of new iteration,       445.2392212495
Predicted improvement:    53109.822520261
lambda =          1; f =          448.4092295
lambda =    0.33333; f =          445.5872492
lambda =    0.11111; f =          445.2769018
lambda =   0.037037; f =          445.2431382
lambda =   0.012346; f =          445.2396030
lambda =  0.0041152; f =          445.2392518
lambda =  0.0013717; f =          445.2392220
lambda = 0.00045725; f =          451.3246699
lambda = 0.00015242; f =          432.4179314
lambda = 0.00029465; f =          429.5451261
Norm of dx     3.2591
----
Improvement on iteration 1 =       15.694095152
-----------------
f at the beginning of new iteration,       429.5451260972
Predicted improvement:    68614.340595840
lambda =          1; f =          431.1980568
lambda =    0.33333; f =          429.7200847
lambda =    0.11111; f =          429.5623856
lambda =   0.037037; f =          429.5465978
lambda =   0.012346; f =          429.5451834
lambda =  0.0041152; f =          661.4190447
lambda =  0.0013717; f =          455.0857039
lambda = 0.00045725; f =          407.2562047
Norm of dx      5.608
----
Improvement on iteration 2 =       22.288921411
-----------------
f at the beginning of new iteration,       407.2562046861
Predicted improvement:     6696.305739906
lambda =          1; f =          408.1246740
lambda =    0.33333; f =          407.3470857
lambda =    0.11111; f =          407.2649552
lambda =   0.037037; f =          407.2568480
lambda =   0.012346; f =          407.2562170
lambda =  0.0041152; f =          397.0413146
lambda =  0.0013717; f =          391.8389987
lambda =  0.0026518; f =          385.0067019
Norm of dx     1.2801
----
Improvement on iteration 3 =       22.249502797
-----------------
f at the beginning of new iteration,       385.0067018888
Predicted improvement:     3916.310698570
lambda =          1; f =          385.5540797
lambda =    0.33333; f =          385.0622542
lambda =    0.11111; f =          385.0116968
lambda =   0.037037; f =          385.0070334
lambda =   0.012346; f =          385.0067053
lambda =  0.0041152; f =          383.4612813
lambda =  0.0013717; f =          376.8576707
lambda =  0.0026518; f =          374.9043480
Norm of dx     1.1593
----
Improvement on iteration 4 =       10.102353856
-----------------
f at the beginning of new iteration,       374.9043480329
Predicted improvement:     1901.847133863
lambda =          1; f =          374.9748520
lambda =    0.33333; f =          374.9092290
lambda =    0.11111; f =          374.9044299
lambda =   0.037037; f =          374.9043484
lambda =   0.012346; f =          365.0801424
lambda =  0.0041152; f =          364.2322244
Norm of dx    0.83363
----
Improvement on iteration 5 =       10.672123650
-----------------
f at the beginning of new iteration,       364.2322243832
Predicted improvement:     2731.758857526
lambda =          1; f =          364.6155119
lambda =    0.33333; f =          364.2668115
lambda =    0.11111; f =          364.2343332
lambda =   0.037037; f =          364.2322587
lambda =   0.012346; f =          364.2322245
lambda =  0.0041152; f =          353.7567332
Norm of dx     1.4083
----
Improvement on iteration 6 =       10.475491232
-----------------
f at the beginning of new iteration,       353.7567331512
Predicted improvement:     1058.550675797
lambda =          1; f =          353.9603695
lambda =    0.33333; f =          353.7761333
lambda =    0.11111; f =          353.7582590
lambda =   0.037037; f =          353.7568065
lambda =   0.012346; f =          353.7567332
lambda =  0.0041152; f =          358.9544789
lambda =  0.0013717; f =          351.9396676
Norm of dx     0.7136
----
Improvement on iteration 7 =        1.817065555
-----------------
f at the beginning of new iteration,       351.9396675960
Predicted improvement:      104.570139370
lambda =          1; f =          351.9457583
lambda =    0.33333; f =          351.9396875
lambda =    0.11111; f =          369.9768116
lambda =   0.037037; f =          347.2790698
Norm of dx    0.15744
----
Improvement on iteration 8 =        4.660597841
-----------------
f at the beginning of new iteration,       347.2790697549
Predicted improvement:       41.762794493
lambda =          1; f =          347.2801249
lambda =    0.33333; f =          347.2791669
lambda =    0.11111; f =          347.2790759
lambda =   0.037037; f =          347.2790698
lambda =   0.012346; f =          346.4410963
lambda =   0.023866; f =          346.6743722
Norm of dx    0.10051
----
Improvement on iteration 9 =        0.837973441
-----------------
f at the beginning of new iteration,       346.4410963136
Predicted improvement:      189.433261521
lambda =          1; f =          346.4989203
lambda =    0.33333; f =          346.4432373
lambda =    0.11111; f =          371.7763349
lambda =   0.037037; f =          338.5433322
Norm of dx     0.4789
----
Improvement on iteration 10 =        7.897764120
-----------------
f at the beginning of new iteration,       338.5433321938
Predicted improvement:      189.431558435
lambda =          1; f =          338.5930293
lambda =    0.33333; f =          338.5455836
lambda =    0.11111; f =          338.5433327
lambda =   0.037037; f =          340.7706368
lambda =   0.012346; f =          336.0399115
Norm of dx    0.50158
----
Improvement on iteration 11 =        2.503420682
-----------------
f at the beginning of new iteration,       336.0399115120
Predicted improvement:      149.269690060
lambda =          1; f =          336.0617319
lambda =    0.33333; f =          336.0402740
lambda =    0.11111; f =          441.1850632
lambda =   0.037037; f =          332.7487169
lambda =   0.012346; f =          333.0943909
lambda =   0.023866; f =          331.8773670
Norm of dx    0.41495
----
Improvement on iteration 12 =        4.162544501
-----------------
f at the beginning of new iteration,       331.8773670109
Predicted improvement:       71.556544653
lambda =          1; f =         1015.6682047
lambda =    0.33333; f =          323.2835739
lambda =    0.11111; f =          320.3587090
lambda =     0.2148; f =          317.3262932
Norm of dx    0.21752
----
Improvement on iteration 13 =       14.551073795
-----------------
f at the beginning of new iteration,       317.3262932158
Predicted improvement:      202.935490861
lambda =          1; f =          317.3292432
lambda =    0.33333; f =          317.3263188
lambda =    0.11111; f =          368.1904561
lambda =   0.037037; f =          314.3941405
lambda =   0.012346; f =          313.8534132
Norm of dx    0.64719
----
Improvement on iteration 14 =        3.472880060
-----------------
f at the beginning of new iteration,       313.8534131554
Predicted improvement:       12.956928325
lambda =          1; f =          313.8535235
lambda =    0.33333; f =          308.7864933
Norm of dx   0.066801
----
Improvement on iteration 15 =        5.066919824
-----------------
f at the beginning of new iteration,       308.7864933315
Predicted improvement:       11.174594972
lambda =          1; f =          296.6254273
Norm of dx   0.074197
----
Improvement on iteration 16 =       12.161066031
-----------------
f at the beginning of new iteration,       296.6254273010
Predicted improvement:        5.498781248
lambda =          1; f =          289.1033810
Norm of dx   0.052911
----
Improvement on iteration 17 =        7.522046284
-----------------
f at the beginning of new iteration,       289.1033810174
Predicted improvement:        3.268499311
lambda =          1; f =          284.8868804
Norm of dx   0.057546
----
Improvement on iteration 18 =        4.216500608
-----------------
f at the beginning of new iteration,       284.8868804092
Predicted improvement:        2.066081330
lambda =          1; f =          282.3811887
Norm of dx   0.049735
----
Improvement on iteration 19 =        2.505691687
-----------------
f at the beginning of new iteration,       282.3811887217
Predicted improvement:        1.410326223
lambda =          1; f =          280.5726005
Norm of dx   0.033311
----
Improvement on iteration 20 =        1.808588183
-----------------
f at the beginning of new iteration,       280.5726005388
Predicted improvement:        1.390960312
lambda =          1; f =          278.7763821
Norm of dx   0.022615
----
Improvement on iteration 21 =        1.796218450
-----------------
f at the beginning of new iteration,       278.7763820888
Predicted improvement:        0.649091551
lambda =          1; f =          278.0138094
Norm of dx   0.016262
----
Improvement on iteration 22 =        0.762572709
-----------------
f at the beginning of new iteration,       278.0138093801
Predicted improvement:        0.342504106
lambda =          1; f =          277.5409234
Norm of dx  0.0098749
----
Improvement on iteration 23 =        0.472885936
-----------------
f at the beginning of new iteration,       277.5409234439
Predicted improvement:        0.354521130
lambda =          1; f =          277.0753452
Norm of dx   0.015119
----
Improvement on iteration 24 =        0.465578261
-----------------
f at the beginning of new iteration,       277.0753451827
Predicted improvement:        0.193741589
lambda =          1; f =          276.7927648
lambda =     1.9332; f =          276.7184026
Norm of dx   0.011435
----
Improvement on iteration 25 =        0.356942556
-----------------
f at the beginning of new iteration,       276.7184026268
Predicted improvement:        0.149725101
lambda =          1; f =          276.4492605
lambda =     1.9332; f =          276.2533534
lambda =     3.7372; f =          276.0223772
Norm of dx  0.0057683
----
Improvement on iteration 26 =        0.696025446
-----------------
f at the beginning of new iteration,       276.0223771809
Predicted improvement:        0.390124432
lambda =          1; f =          275.4762532
Norm of dx   0.032507
----
Improvement on iteration 27 =        0.546124013
-----------------
f at the beginning of new iteration,       275.4762531679
Predicted improvement:        0.415474294
lambda =          1; f =          274.9145777
Norm of dx   0.037798
----
Improvement on iteration 28 =        0.561675423
-----------------
f at the beginning of new iteration,       274.9145777452
Predicted improvement:        0.356182640
lambda =          1; f =          274.3895674
lambda =     1.9332; f =          274.2362018
Norm of dx   0.031528
----
Improvement on iteration 29 =        0.678375979
-----------------
f at the beginning of new iteration,       274.2362017658
Predicted improvement:        0.332472638
lambda =          1; f =          273.6936722
lambda =     1.9332; f =          273.3968691
Norm of dx   0.022387
----
Improvement on iteration 30 =        0.839332685
-----------------
f at the beginning of new iteration,       273.3968690811
Predicted improvement:        0.822918475
lambda =          1; f =          272.2199919
lambda =     1.9332; f =          272.1590268
Norm of dx   0.086167
----
Improvement on iteration 31 =        1.237842307
-----------------
f at the beginning of new iteration,       272.1590267740
Predicted improvement:        1.068058559
lambda =          1; f =          271.6483168
lambda =    0.33333; f =          271.6402707
lambda =    0.64439; f =          271.4833847
Norm of dx   0.026445
----
Improvement on iteration 32 =        0.675642056
-----------------
f at the beginning of new iteration,       271.4833847177
Predicted improvement:        0.470351902
lambda =          1; f =          270.9125645
Norm of dx   0.031397
----
Improvement on iteration 33 =        0.570820174
-----------------
f at the beginning of new iteration,       270.9125645435
Predicted improvement:        0.234522118
lambda =          1; f =          270.5737756
lambda =     1.9332; f =          270.5085335
Norm of dx   0.050984
----
Improvement on iteration 34 =        0.404031010
-----------------
f at the beginning of new iteration,       270.5085335332
Predicted improvement:        0.213765435
lambda =          1; f =          270.2003757
lambda =     1.9332; f =          270.1032579
Norm of dx  0.0082491
----
Improvement on iteration 35 =        0.405275585
-----------------
f at the beginning of new iteration,       270.1032579481
Predicted improvement:        0.168540693
lambda =          1; f =          269.8589938
lambda =     1.9332; f =          269.8018797
Norm of dx   0.020795
----
Improvement on iteration 36 =        0.301378211
-----------------
f at the beginning of new iteration,       269.8018797369
Predicted improvement:        0.101426677
lambda =          1; f =          269.6553475
lambda =     1.9332; f =          269.6195021
Norm of dx    0.01257
----
Improvement on iteration 37 =        0.182377606
-----------------
f at the beginning of new iteration,       269.6195021311
Predicted improvement:        0.058002327
lambda =          1; f =          269.5240456
lambda =     1.9332; f =          269.4716215
Norm of dx  0.0046348
----
Improvement on iteration 38 =        0.147880679
-----------------
f at the beginning of new iteration,       269.4716214519
Predicted improvement:        0.086099745
lambda =          1; f =          269.3420793
lambda =     1.9332; f =          269.2996433
Norm of dx    0.01395
----
Improvement on iteration 39 =        0.171978144
-----------------
f at the beginning of new iteration,       269.2996433078
Predicted improvement:        0.055607824
lambda =          1; f =          269.2136467
lambda =     1.9332; f =          269.1790322
Norm of dx  0.0098145
----
Improvement on iteration 40 =        0.120611087
-----------------
f at the beginning of new iteration,       269.1790322208
Predicted improvement:        0.033637971
lambda =          1; f =          269.1267317
lambda =     1.9332; f =          269.1054232
Norm of dx   0.005599
----
Improvement on iteration 41 =        0.073608971
-----------------
f at the beginning of new iteration,       269.1054232494
Predicted improvement:        0.029476898
lambda =          1; f =          269.0598083
lambda =     1.9332; f =          269.0431069
Norm of dx  0.0068292
----
Improvement on iteration 42 =        0.062316326
-----------------
f at the beginning of new iteration,       269.0431069234
Predicted improvement:        0.012517794
lambda =          1; f =          269.0268779
Norm of dx  0.0026558
----
Improvement on iteration 43 =        0.016229037
-----------------
f at the beginning of new iteration,       269.0268778863
Predicted improvement:        0.005105829
lambda =          1; f =          269.0191670
lambda =     1.9332; f =          269.0169657
Norm of dx  0.0021105
----
Improvement on iteration 44 =        0.009912153
-----------------
f at the beginning of new iteration,       269.0169657330
Predicted improvement:        0.003413487
lambda =          1; f =          269.0110544
lambda =     1.9332; f =          269.0073338
lambda =     3.7372; f =          269.0051006
Norm of dx  0.0015679
----
Improvement on iteration 45 =        0.011865114
-----------------
f at the beginning of new iteration,       269.0051006191
Predicted improvement:        0.003403388
lambda =          1; f =          269.0001485
lambda =     1.9332; f =          268.9988250
Norm of dx  0.0018087
----
Improvement on iteration 46 =        0.006275667
-----------------
f at the beginning of new iteration,       268.9988249518
Predicted improvement:        0.002608297
lambda =          1; f =          268.9944133
lambda =     1.9332; f =          268.9913921
lambda =     3.7372; f =          268.9885634
Norm of dx  0.0019427
----
Improvement on iteration 47 =        0.010261596
-----------------
f at the beginning of new iteration,       268.9885633556
Predicted improvement:        0.002785508
lambda =          1; f =          268.9849038
Norm of dx  0.0021827
----
Improvement on iteration 48 =        0.003659545
-----------------
f at the beginning of new iteration,       268.9849038108
Predicted improvement:        0.002289246
lambda =          1; f =          268.9820222
Norm of dx  0.0022745
----
Improvement on iteration 49 =        0.002881639
-----------------
f at the beginning of new iteration,       268.9820221719
Predicted improvement:        0.001512416
lambda =          1; f =          268.9798430
lambda =     1.9332; f =          268.9792012
Norm of dx  0.0017711
----
Improvement on iteration 50 =        0.002820927
-----------------
f at the beginning of new iteration,       268.9792012451
Predicted improvement:        0.000935344
lambda =          1; f =          268.9774181
lambda =     1.9332; f =          268.9761578
lambda =     3.7372; f =          268.9748239
Norm of dx 0.00053857
----
Improvement on iteration 51 =        0.004377395
-----------------
f at the beginning of new iteration,       268.9748238503
Predicted improvement:        0.001141288
lambda =          1; f =          268.9726480
lambda =     1.9332; f =          268.9709319
lambda =     3.7372; f =          268.9684753
lambda =     7.2247; f =          268.9669476
Norm of dx  0.0013515
----
Improvement on iteration 52 =        0.007876206
-----------------
f at the beginning of new iteration,       268.9669476442
Predicted improvement:        0.003404760
lambda =          1; f =          268.9618075
lambda =     1.9332; f =          268.9597543
Norm of dx  0.0024214
----
Improvement on iteration 53 =        0.007193393
-----------------
f at the beginning of new iteration,       268.9597542515
Correct for low angle: 0.00428532
Predicted improvement:        0.002171149
lambda =          1; f =          268.9567752
Norm of dx  0.0031159
----
Improvement on iteration 54 =        0.002979080
-----------------
f at the beginning of new iteration,       268.9567751710
Predicted improvement:        0.001767364
lambda =          1; f =          268.9544263
Norm of dx  0.0041654
----
Improvement on iteration 55 =        0.002348855
-----------------
f at the beginning of new iteration,       268.9544263158
Predicted improvement:        0.001114194
lambda =          1; f =          268.9527810
lambda =     1.9332; f =          268.9521247
Norm of dx  0.0027049
----
Improvement on iteration 56 =        0.002301615
-----------------
f at the beginning of new iteration,       268.9521247004
Predicted improvement:        0.001073878
lambda =          1; f =          268.9504333
lambda =     1.9332; f =          268.9494089
Norm of dx  0.0013865
----
Improvement on iteration 57 =        0.002715751
-----------------
f at the beginning of new iteration,       268.9494089498
Predicted improvement:        0.001567683
lambda =          1; f =          268.9475704
Norm of dx  0.0022393
----
Improvement on iteration 58 =        0.001838549
-----------------
f at the beginning of new iteration,       268.9475704004
Predicted improvement:        0.000839792
lambda =          1; f =          268.9462574
lambda =     1.9332; f =          268.9455774
Norm of dx    0.00156
----
Improvement on iteration 59 =        0.001993007
-----------------
f at the beginning of new iteration,       268.9455773933
Predicted improvement:        0.001442007
lambda =          1; f =          268.9430491
lambda =     1.9332; f =          268.9414255
lambda =     3.7372; f =          268.9403068
Norm of dx   0.002915
----
Improvement on iteration 60 =        0.005270619
-----------------
f at the beginning of new iteration,       268.9403067740
Predicted improvement:        0.002058555
lambda =          1; f =          268.9367152
lambda =     1.9332; f =          268.9347014
lambda =     3.7372; f =          268.9344672
Norm of dx  0.0021033
----
Improvement on iteration 61 =        0.005839546
-----------------
f at the beginning of new iteration,       268.9344672283
Predicted improvement:        0.001975500
lambda =          1; f =          268.9315972
lambda =     1.9332; f =          268.9306693
Norm of dx  0.0030246
----
Improvement on iteration 62 =        0.003797932
-----------------
f at the beginning of new iteration,       268.9306692962
Predicted improvement:        0.001844361
lambda =          1; f =          268.9272610
lambda =     1.9332; f =          268.9247641
lambda =     3.7372; f =          268.9217775
Norm of dx  0.0035485
----
Improvement on iteration 63 =        0.008891775
-----------------
f at the beginning of new iteration,       268.9217775210
Predicted improvement:        0.002512670
lambda =          1; f =          268.9182835
Norm of dx  0.0070924
----
Improvement on iteration 64 =        0.003494052
-----------------
f at the beginning of new iteration,       268.9182834693
Predicted improvement:        0.000871057
lambda =          1; f =          268.9167127
lambda =     1.9332; f =          268.9157522
lambda =     3.7372; f =          268.9152765
Norm of dx   0.002994
----
Improvement on iteration 65 =        0.003006952
-----------------
f at the beginning of new iteration,       268.9152765178
Predicted improvement:        0.001488237
lambda =          1; f =          268.9129112
lambda =     1.9332; f =          268.9113924
Norm of dx  0.0013562
----
Improvement on iteration 66 =        0.003884116
-----------------
f at the beginning of new iteration,       268.9113924022
Predicted improvement:        0.003123561
lambda =          1; f =          268.9078178
Norm of dx  0.0050013
----
Improvement on iteration 67 =        0.003574635
-----------------
f at the beginning of new iteration,       268.9078177674
Predicted improvement:        0.001079076
lambda =          1; f =          268.9063028
lambda =     1.9332; f =          268.9059454
Norm of dx   0.005161
----
Improvement on iteration 68 =        0.001872354
-----------------
f at the beginning of new iteration,       268.9059454131
Predicted improvement:        0.000595759
lambda =          1; f =          268.9047175
lambda =     1.9332; f =          268.9037743
lambda =     3.7372; f =          268.9025048
lambda =     7.2247; f =          268.9021127
Norm of dx 0.00094934
----
Improvement on iteration 69 =        0.003832718
-----------------
f at the beginning of new iteration,       268.9021126946
Predicted improvement:        0.001499499
lambda =          1; f =          268.9000217
Norm of dx  0.0015225
----
Improvement on iteration 70 =        0.002090987
-----------------
f at the beginning of new iteration,       268.9000217072
Predicted improvement:        0.002246755
lambda =          1; f =          268.8971868
Norm of dx  0.0041456
----
Improvement on iteration 71 =        0.002834911
-----------------
f at the beginning of new iteration,       268.8971867962
Predicted improvement:        0.001348016
lambda =          1; f =          268.8950690
lambda =     1.9332; f =          268.8941370
Norm of dx  0.0043774
----
Improvement on iteration 72 =        0.003049789
-----------------
f at the beginning of new iteration,       268.8941370072
Predicted improvement:        0.001622909
lambda =          1; f =          268.8910647
lambda =     1.9332; f =          268.8885822
lambda =     3.7372; f =          268.8848396
lambda =     7.2247; f =          268.8815919
Norm of dx  0.0046052
----
Improvement on iteration 73 =        0.012545097
-----------------
f at the beginning of new iteration,       268.8815919097
Predicted improvement:        0.006882837
lambda =          1; f =          268.8698982
lambda =     1.9332; f =          268.8621872
lambda =     3.7372; f =          268.8560224
Norm of dx   0.011592
----
Improvement on iteration 74 =        0.025569468
-----------------
f at the beginning of new iteration,       268.8560224419
Predicted improvement:        0.003980877
lambda =          1; f =          268.8506243
Norm of dx  0.0077089
----
Improvement on iteration 75 =        0.005398137
-----------------
f at the beginning of new iteration,       268.8506243053
Predicted improvement:        0.004462685
lambda =          1; f =          268.8450588
Norm of dx   0.014147
----
Improvement on iteration 76 =        0.005565483
-----------------
f at the beginning of new iteration,       268.8450588220
Correct for low angle: 0.00335155
Predicted improvement:        0.003420360
lambda =          1; f =          268.8481727
lambda =    0.33333; f =          268.8437419
Norm of dx   0.010274
----
Improvement on iteration 77 =        0.001316909
-----------------
f at the beginning of new iteration,       268.8437419126
Correct for low angle: 0.00186979
Predicted improvement:        0.005903591
lambda =          1; f =          268.8666444
lambda =    0.33333; f =          268.8438040
lambda =    0.11111; f =          268.8429352
Norm of dx   0.009212
----
Improvement on iteration 78 =        0.000806742
-----------------
f at the beginning of new iteration,       268.8429351704
Predicted improvement:        0.002088838
lambda =          1; f =          268.8398313
lambda =     1.9332; f =          268.8392383
Norm of dx  0.0094431
----
Improvement on iteration 79 =        0.003696892
-----------------
f at the beginning of new iteration,       268.8392382783
Correct for low angle: 0.00345546
Predicted improvement:        0.001172682
lambda =          1; f =          268.8383636
Norm of dx  0.0041193
----
Improvement on iteration 80 =        0.000874682
-----------------
f at the beginning of new iteration,       268.8383635963
Correct for low angle: 0.00485914
Predicted improvement:        0.001079556
lambda =          1; f =          268.8367571
lambda =     1.9332; f =          268.8361897
Norm of dx  0.0013269
----
Improvement on iteration 81 =        0.002173874
-----------------
f at the beginning of new iteration,       268.8361897223
Predicted improvement:        0.001102221
lambda =          1; f =          268.8339795
lambda =     1.9332; f =          268.8320045
lambda =     3.7372; f =          268.8284262
lambda =     7.2247; f =          268.8224060
lambda =     13.967; f =          268.8141334
lambda =         27; f =          268.8108068
Norm of dx  0.0021685
----
Improvement on iteration 82 =        0.025382904
-----------------
f at the beginning of new iteration,       268.8108068180
Correct for low angle: 0.00173515
Predicted improvement:        0.046621165
lambda =          1; f =          268.9986170
lambda =    0.33333; f =          268.8116832
lambda =    0.11111; f =          268.8038454
Norm of dx   0.028888
----
Improvement on iteration 83 =        0.006961426
-----------------
f at the beginning of new iteration,       268.8038453922
Predicted improvement:        0.016735137
lambda =          1; f =          268.7776795
lambda =     1.9332; f =          268.7656036
Norm of dx   0.037826
----
Improvement on iteration 84 =        0.038241754
-----------------
f at the beginning of new iteration,       268.7656036381
Correct for low angle: 0.00118036
Predicted improvement:        0.029934705
lambda =          1; f =          269.6933660
lambda =    0.33333; f =          268.8440270
lambda =    0.11111; f =          268.7699027
lambda =   0.037037; f =          268.7647323
Norm of dx   0.041325
----
Improvement on iteration 85 =        0.000871342
-----------------
f at the beginning of new iteration,       268.7647322959
Correct for low angle: 0.00299543
Predicted improvement:        0.010736003
lambda =          1; f =          268.9385322
lambda =    0.33333; f =          268.7795682
lambda =    0.11111; f =          268.7646827
lambda =   0.037037; f =          268.7641528
lambda =   0.071599; f =          268.7641208
Norm of dx   0.041006
----
Improvement on iteration 86 =        0.000611509
-----------------
f at the beginning of new iteration,       268.7641207868
Correct for low angle: 0.00118673
Predicted improvement:        0.025248715
lambda =          1; f =          269.5900292
lambda =    0.33333; f =          268.8352349
lambda =    0.11111; f =          268.7683283
lambda =   0.037037; f =          268.7634606
Norm of dx   0.038414
----
Improvement on iteration 87 =        0.000660224
-----------------
f at the beginning of new iteration,       268.7634605626
Correct for low angle: 0.00275833
Predicted improvement:        0.009386637
lambda =          1; f =          268.9659974
lambda =    0.33333; f =          268.7822581
lambda =    0.11111; f =          268.7640241
lambda =   0.037037; f =          268.7630036
Norm of dx   0.037194
----
Improvement on iteration 88 =        0.000456994
-----------------
f at the beginning of new iteration,       268.7630035686
Correct for low angle: 0.00256988
Predicted improvement:        0.009576761
lambda =          1; f =          269.0437471
lambda =    0.33333; f =          268.7884018
lambda =    0.11111; f =          268.7645790
lambda =   0.037037; f =          268.7627864
Norm of dx   0.036665
----
Improvement on iteration 89 =        0.000217123
-----------------
f at the beginning of new iteration,       268.7627864455
Correct for low angle: 0.00227799
Predicted improvement:        0.010279727
lambda =          1; f =          269.0456888
lambda =    0.33333; f =          268.7907243
lambda =    0.11111; f =          268.7642238
lambda =   0.037037; f =          268.7623708
Norm of dx   0.036038
----
Improvement on iteration 90 =        0.000415652
-----------------
f at the beginning of new iteration,       268.7623707938
Correct for low angle: 0.00197741
Predicted improvement:        0.011144055
lambda =          1; f =          269.1692563
lambda =    0.33333; f =          268.7997184
lambda =    0.11111; f =          268.7650299
lambda =   0.037037; f =          268.7622075
lambda =   0.012346; f =          268.7622011
Norm of dx   0.034831
----
Improvement on iteration 91 =        0.000169713
-----------------
f at the beginning of new iteration,       268.7622010808
Predicted improvement:        0.004242606
lambda =          1; f =          268.7581129
Norm of dx   0.034737
----
Improvement on iteration 92 =        0.004088192
-----------------
f at the beginning of new iteration,       268.7581128893
Correct for low angle: 0.0035803
Predicted improvement:        0.000238348
lambda =          1; f =          268.7581741
lambda =    0.33333; f =          268.7579931
lambda =    0.64439; f =          268.7580079
Norm of dx  0.0043655
----
Improvement on iteration 93 =        0.000119797
-----------------
f at the beginning of new iteration,       268.7579930919
Correct for low angle: 0.00159971
Predicted improvement:        0.000380481
lambda =          1; f =          268.7620533
lambda =    0.33333; f =          268.7583576
lambda =    0.11111; f =          268.7580058
lambda =   0.037037; f =          268.7579853
lambda =   0.012346; f =          268.7579891
Norm of dx  0.0032705
----
Improvement on iteration 94 =        0.000007834
-----------------
f at the beginning of new iteration,       268.7579852576
Correct for low angle: 0.00424992
Predicted improvement:        0.000142560
lambda =          1; f =          268.7580063
lambda =    0.33333; f =          268.7579407
Norm of dx  0.0029003
----
Improvement on iteration 95 =        0.000044514
-----------------
f at the beginning of new iteration,       268.7579407437
Correct for low angle: 0.00306395
Predicted improvement:        0.000200352
lambda =          1; f =          268.7579968
lambda =    0.33333; f =          268.7578264
lambda =    0.64439; f =          268.7578399
Norm of dx  0.0022784
----
Improvement on iteration 96 =        0.000114318
-----------------
f at the beginning of new iteration,       268.7578264260
Correct for low angle: 0.00313493
Predicted improvement:        0.000306339
lambda =          1; f =          268.7579856
lambda =    0.33333; f =          268.7577386
Norm of dx  0.0021496
----
Improvement on iteration 97 =        0.000087794
-----------------
f at the beginning of new iteration,       268.7577386322
Correct for low angle: 0.00409628
Predicted improvement:        0.000348614
lambda =          1; f =          268.7572922
Norm of dx  0.0037201
----
Improvement on iteration 98 =        0.000446394
-----------------
f at the beginning of new iteration,       268.7572922379
Correct for low angle: 0.0017534
Predicted improvement:        0.001622073
lambda =          1; f =          268.7610956
lambda =    0.33333; f =          268.7570909
lambda =    0.11111; f =          268.7570637
Norm of dx  0.0041042
----
Improvement on iteration 99 =        0.000228525
-----------------
f at the beginning of new iteration,       268.7570637127
Predicted improvement:        0.000927343
lambda =          1; f =          268.7555329
lambda =     1.9332; f =          268.7545452
lambda =     3.7372; f =          268.7538399
Norm of dx  0.0055324
----
Improvement on iteration 100 =        0.003223816
-----------------
f at the beginning of new iteration,       268.7538398966
Correct for low angle: 0.00253399
Predicted improvement:        0.003943599
lambda =          1; f =          268.7502995
Norm of dx  0.0038949
----
Improvement on iteration 101 =        0.003540412
-----------------
f at the beginning of new iteration,       268.7502994851
Correct for low angle: 0.00235948
Predicted improvement:        0.005133538
lambda =          1; f =          268.7547208
lambda =    0.33333; f =          268.7486494
Norm of dx  0.0060114
----
Improvement on iteration 102 =        0.001650117
-----------------
f at the beginning of new iteration,       268.7486493683
Predicted improvement:        0.001472277
lambda =          1; f =          268.7468409
Norm of dx  0.0059438
----
Improvement on iteration 103 =        0.001808423
-----------------
f at the beginning of new iteration,       268.7468409450
Correct for low angle: 0.00369885
Predicted improvement:        0.000204579
lambda =          1; f =          268.7468548
lambda =    0.33333; f =          268.7467287
lambda =    0.64439; f =          268.7467294
Norm of dx  0.0022438
----
Improvement on iteration 104 =        0.000112290
-----------------
f at the beginning of new iteration,       268.7467286553
Correct for low angle: 0.00242951
Predicted improvement:        0.000165417
lambda =          1; f =          268.7474007
lambda =    0.33333; f =          268.7467669
lambda =    0.11111; f =          268.7467209
lambda =   0.037037; f =          268.7467238
Norm of dx  0.0016602
----
Improvement on iteration 105 =        0.000007800
-----------------
f at the beginning of new iteration,       268.7467208549
Predicted improvement:        0.000058501
lambda =          1; f =          268.7466662
Norm of dx  0.0012477
----
Improvement on iteration 106 =        0.000054626
-----------------
f at the beginning of new iteration,       268.7466662291
Predicted improvement:        0.000009004
lambda =          1; f =          268.7466481
lambda =     1.9332; f =          268.7466339
lambda =     3.7372; f =          268.7466136
lambda =     7.2247; f =          268.7466013
Norm of dx 0.00065843
----
Improvement on iteration 107 =        0.000064895
-----------------
f at the beginning of new iteration,       268.7466013343
Predicted improvement:        0.000046109
lambda =          1; f =          268.7465128
lambda =     1.9332; f =          268.7464381
lambda =     3.7372; f =          268.7463156
lambda =     7.2247; f =          268.7461603
Norm of dx 0.00032747
----
Improvement on iteration 108 =        0.000441040
-----------------
f at the beginning of new iteration,       268.7461602941
Correct for low angle: 0.0042701
Predicted improvement:        0.000202182
lambda =          1; f =          268.7458790
Norm of dx  0.0017293
----
Improvement on iteration 109 =        0.000281263
-----------------
f at the beginning of new iteration,       268.7458790316
Correct for low angle: 0.00121859
Predicted improvement:        0.000208849
lambda =          1; f =          268.7470118
lambda =    0.33333; f =          268.7459555
lambda =    0.11111; f =          268.7458713
lambda =   0.037037; f =          268.7458728
Norm of dx  0.0014331
----
Improvement on iteration 110 =        0.000007769
-----------------
f at the beginning of new iteration,       268.7458712626
Correct for low angle: 0.00227348
Predicted improvement:        0.000052544
lambda =          1; f =          268.7467925
lambda =    0.33333; f =          268.7459853
lambda =    0.11111; f =          268.7458879
lambda =   0.037037; f =          268.7458744
lambda =   0.012346; f =          268.7458721
lambda =  0.0041152; f =          268.7458715
lambda =  0.0013717; f =          268.7458713
lambda = 0.00045725; f =          268.7458713
lambda = 0.00015242; f =          268.7458713
lambda = 5.0805e-05; f =          268.7458713
lambda = 1.6935e-05; f =          268.7458713
lambda =  5.645e-06; f =          268.7458713
lambda = 1.8817e-06; f =          268.7458713
lambda = 6.2723e-07; f =          268.7458713
lambda = 2.0908e-07; f =          268.7458713
lambda = 6.9692e-08; f =          268.7458713
lambda = 2.3231e-08; f =          268.7458713
lambda = 7.7435e-09; f =          268.7458713
lambda = 2.5812e-09; f =          268.7458713
Norm of dx  0.0017714
----
Improvement on iteration 111 =        0.000000000
improvement < crit termination
smallest step still improving too slow

Final value of minus the log posterior (or likelihood):268.745871 

MODE CHECK

Fval obtained by the minimization routine (minus the posterior/likelihood)): 268.745871

RESULTS FROM POSTERIOR ESTIMATION
parameters
                     prior mean     mode    s.d. prior pstdev

xiw_p                    0.750   0.6664  0.0316 beta  0.1000 
b_p                      0.500   0.8175  0.0318 beta  0.1000 
Fomegabar_p              0.007   0.0106  0.0041 beta  0.0037 
mu_p                     0.275   0.1864  0.0538 beta  0.1500 
sigmaa_p                 1.000   2.9506  0.6536 norm  1.0000 
Sdoupr_p                 5.000  10.8134  1.6721 norm  3.0000 
xip_p                    0.500   0.7871  0.0226 beta  0.1000 
aptil_p                  1.500   2.1782  0.1666 norm  0.2500 
rhotil_p                 0.750   0.8844  0.0133 beta  0.1000 
iota_p                   0.500   0.8783  0.0547 beta  0.1500 
iotaw_p                  0.500   0.6526  0.1353 beta  0.1500 
iotamu_p                 0.500   0.9524  0.0225 beta  0.1500 
adytil_p                 0.250   0.3701  0.0994 norm  0.1000 
signal_corr_p            0.000   0.2997  0.0928 norm  0.5000 
rholambdaf_p             0.500   0.9680  0.0162 beta  0.2000 
rhomuup_p                0.500   0.8917  0.0429 beta  0.2000 
rhog_p                   0.500   0.9410  0.0255 beta  0.2000 
rhomuzstar_p             0.500   0.0315  0.0238 beta  0.2000 
rhoepsil_p               0.500   0.9719  0.0200 beta  0.2000 
rhosigma_p               0.500   0.9748  0.0102 beta  0.2000 
rhozetac_p               0.500   0.8590  0.0311 beta  0.2000 
rhozetai_p               0.500   0.2135  0.1344 beta  0.2000 
rhoterm_p                0.500   0.9552  0.0451 beta  0.2000 
stdsigma2_p              0.001   0.0244  0.0021 invg2 0.0012 
stdsigma1_p              0.002   0.0011  0.0006 invg2 0.0033 

standard deviation of shocks
                     prior mean     mode    s.d. prior pstdev

e_lambdaf                0.002   0.0129  0.0015 invg2 0.0033 
e_muup                   0.002   0.0041  0.0003 invg2 0.0033 
e_g                      0.002   0.0179  0.0013 invg2 0.0033 
e_muzstar                0.002   0.0094  0.0007 invg2 0.0033 
e_gamma                  0.002   0.0043  0.0005 invg2 0.0033 
e_epsil                  0.002   0.0059  0.0004 invg2 0.0033 
e_xp                     0.583   0.3747  0.0285 invg2 0.8250 
e_zetac                  0.002   0.0240  0.0032 invg2 0.0033 
e_zetai                  0.002   0.0141  0.0019 invg2 0.0033 
e_term                   0.002   0.0017  0.0012 invg2 0.0033 

standard deviation of measurement errors
                     prior mean     mode    s.d. prior pstdev

networth_rgd_cmr14_obs   0.010   0.0537  0.0046 invg  5.0000 


Log data density [Laplace approximation] is -398.907768.

Estimation::mcmc: One Chain mode.
Estimation::mcmc: Initialization at the posterior mode.

Estimation::mcmc: Write details about the MCMC... Ok!
Estimation::mcmc: Details about the MCMC are available in CMR14/metropolis\CMR14_mh_history_0.mat


Estimation::mcmc: Number of mh files: 1 per block.
Estimation::mcmc: Total number of generated files: 1.
Estimation::mcmc: Total number of iterations: 100000.
Estimation::mcmc: Current acceptance ratio per chain: 
                                                       Chain  1: 26.054%
Estimation::mcmc: Total number of MH draws per chain: 100000.
Estimation::mcmc: Total number of generated MH files: 1.
Estimation::mcmc: I'll use mh-files 1 to 1.
Estimation::mcmc: In MH-file number 1 I'll start at line 30001.
Estimation::mcmc: Finally I keep 70000 draws per chain.



MCMC Inefficiency factors per block
Parameter                            Block 1
SE_e_lambdaf                         341.151
SE_e_muup                            189.234
SE_e_g                               174.180
SE_e_muzstar                         168.139
SE_e_gamma                           141.641
SE_e_epsil                           253.024
SE_e_xp                              161.214
SE_e_zetac                           353.931
SE_e_zetai                           195.867
SE_e_term                            163.098
SE_EOBS_networth_rgd_cmr14_obs       226.949
xiw_p                                191.892
b_p                                  274.859
Fomegabar_p                          337.691
mu_p                                 337.063
sigmaa_p                             200.158
Sdoupr_p                             184.421
xip_p                                218.953
aptil_p                              172.548
rhotil_p                             206.327
iota_p                               182.911
iotaw_p                              137.035
iotamu_p                             219.641
adytil_p                             160.725
signal_corr_p                        178.590
rholambdaf_p                         331.202
rhomuup_p                            153.091
rhog_p                               219.429
rhomuzstar_p                         212.633
rhoepsil_p                           608.167
rhosigma_p                           288.969
rhozetac_p                           432.094
rhozetai_p                           143.449
rhoterm_p                            107.169
stdsigma2_p                          181.127
stdsigma1_p                          622.690


Geweke (1992) Convergence Tests, based on means of draws 30000 to 44000 vs 65000 to 100000.
p-values are for Chi2-test for equality of means.
Parameter                              Post. Mean        Post. Std   p-val No Taper   p-val 4% Taper   p-val 8% Taper  p-val 15% Taper
SE_e_lambdaf                                0.014            0.002            0.000            0.083            0.119            0.134
SE_e_muup                                   0.004            0.000            0.000            0.403            0.404            0.425
SE_e_g                                      0.018            0.001            0.000            0.632            0.639            0.615
SE_e_muzstar                                0.010            0.001            0.000            0.368            0.357            0.345
SE_e_gamma                                  0.004            0.001            0.000            0.077            0.059            0.044
SE_e_epsil                                  0.006            0.000            0.000            0.100            0.150            0.162
SE_e_xp                                     0.384            0.029            0.017            0.849            0.854            0.846
SE_e_zetac                                  0.026            0.004            0.000            0.500            0.546            0.560
SE_e_zetai                                  0.016            0.002            0.465            0.957            0.957            0.953
SE_e_term                                   0.002            0.001            0.000            0.582            0.620            0.610
SE_EOBS_networth_rgd_cmr14_obs              0.055            0.005            0.000            0.794            0.812            0.793
xiw_p                                       0.662            0.030            0.000            0.541            0.586            0.628
b_p                                         0.827            0.033            0.000            0.149            0.190            0.242
Fomegabar_p                                 0.010            0.003            0.000            0.067            0.150            0.223
mu_p                                        0.211            0.061            0.000            0.057            0.103            0.140
sigmaa_p                                    3.031            0.659            0.000            0.116            0.133            0.150
Sdoupr_p                                   11.258            1.760            0.001            0.803            0.828            0.836
xip_p                                       0.798            0.024            0.000            0.155            0.179            0.186
aptil_p                                     2.177            0.172            0.000            0.197            0.206            0.227
rhotil_p                                    0.886            0.014            0.000            0.061            0.077            0.085
iota_p                                      0.859            0.056            0.007            0.831            0.822            0.810
iotaw_p                                     0.608            0.128            0.007            0.819            0.821            0.831
iotamu_p                                    0.940            0.025            0.005            0.815            0.826            0.823
adytil_p                                    0.373            0.101            0.059            0.866            0.870            0.880
signal_corr_p                               0.297            0.095            0.000            0.166            0.180            0.143
rholambdaf_p                                0.949            0.022            0.000            0.440            0.460            0.449
rhomuup_p                                   0.882            0.043            0.019            0.835            0.844            0.844
rhog_p                                      0.923            0.027            0.000            0.108            0.118            0.143
rhomuzstar_p                                0.046            0.026            0.004            0.829            0.848            0.853
rhoepsil_p                                  0.926            0.047            0.000            0.037            0.106            0.164
rhosigma_p                                  0.971            0.012            0.000            0.673            0.690            0.690
rhozetac_p                                  0.832            0.047            0.000            0.017            0.029            0.042
rhozetai_p                                  0.309            0.132            0.216            0.910            0.908            0.902
rhoterm_p                                   0.946            0.020            0.000            0.385            0.429            0.412
stdsigma2_p                                 0.025            0.002            0.010            0.841            0.859            0.871
stdsigma1_p                                 0.003            0.002            0.000            0.787            0.826            0.840


Estimation::marginal density: I'm computing the posterior mean and covariance...  Done!
Estimation::marginal density: I'm computing the posterior log marginal density (modified harmonic mean)... Done!


ESTIMATION RESULTS

Log data density is -398.591237.

parameters
                         prior mean   post. mean        90% HPD interval    prior       pstdev

xiw_p                         0.750       0.6640      0.6096      0.7139   beta        0.1000
b_p                           0.500       0.8280      0.7732      0.8816   beta        0.1000
Fomegabar_p                   0.007       0.0108      0.0061      0.0153   beta        0.0037
mu_p                          0.275       0.1912      0.1276      0.2567   beta        0.1500
sigmaa_p                      1.000       3.0033      1.9303      4.0957   norm        1.0000
Sdoupr_p                      5.000      11.2817      8.2457     14.0454   norm        3.0000
xip_p                         0.500       0.7958      0.7584      0.8346   beta        0.1000
aptil_p                       1.500       2.1684      1.9049      2.4494   norm        0.2500
rhotil_p                      0.750       0.8851      0.8626      0.9081   beta        0.1000
iota_p                        0.500       0.8585      0.7720      0.9490   beta        0.1500
iotaw_p                       0.500       0.6115      0.4118      0.8222   beta        0.1500
iotamu_p                      0.500       0.9390      0.8992      0.9799   beta        0.1500
adytil_p                      0.250       0.3728      0.2118      0.5353   norm        0.1000
signal_corr_p                 0.000       0.3040      0.1515      0.4491   norm        0.5000
rholambdaf_p                  0.500       0.9508      0.9185      0.9826   beta        0.2000
rhomuup_p                     0.500       0.8818      0.8167      0.9546   beta        0.2000
rhog_p                        0.500       0.9228      0.8813      0.9696   beta        0.2000
rhomuzstar_p                  0.500       0.0472      0.0087      0.0861   beta        0.2000
rhoepsil_p                    0.500       0.9245      0.8586      0.9902   beta        0.2000
rhosigma_p                    0.500       0.9714      0.9540      0.9913   beta        0.2000
rhozetac_p                    0.500       0.8311      0.7665      0.9010   beta        0.2000
rhozetai_p                    0.500       0.3069      0.0882      0.5149   beta        0.2000
rhoterm_p                     0.500       0.9469      0.9153      0.9789   beta        0.2000
stdsigma2_p                   0.001       0.0251      0.0214      0.0284   invg2       0.0012
stdsigma1_p                   0.002       0.0029      0.0004      0.0061   invg2       0.0033

standard deviation of shocks
                         prior mean   post. mean        90% HPD interval    prior       pstdev

e_lambdaf                     0.002       0.0140      0.0107      0.0172   invg2       0.0033
e_muup                        0.002       0.0041      0.0037      0.0046   invg2       0.0033
e_g                           0.002       0.0181      0.0160      0.0203   invg2       0.0033
e_muzstar                     0.002       0.0098      0.0086      0.0110   invg2       0.0033
e_gamma                       0.002       0.0044      0.0035      0.0052   invg2       0.0033
e_epsil                       0.002       0.0060      0.0052      0.0068   invg2       0.0033
e_xp                          0.583       0.3843      0.3380      0.4343   invg2       0.8250
e_zetac                       0.002       0.0264      0.0196      0.0325   invg2       0.0033
e_zetai                       0.002       0.0158      0.0124      0.0193   invg2       0.0033
e_term                        0.002       0.0020      0.0011      0.0029   invg2       0.0033

standard deviation of measurement errors
                         prior mean   post. mean        90% HPD interval    prior       pstdev

networth_rgd_cmr14_obs        0.010       0.0548      0.0463      0.0633   invg        5.0000
Estimation::mcmc: Posterior (dsge) IRFs...
Estimation::mcmc: Posterior IRFs, done!
Estimation::mcmc: Smoothed variables
Estimation::mcmc: Smoothed variables, done!
Estimation::mcmc: Smoothed shocks
Estimation::mcmc: Smoothed shocks, done!
Estimation::mcmc: Trend_coefficients
Estimation::mcmc: Trend_coefficients, done!
Estimation::mcmc: Smoothed constant
Estimation::mcmc: Smoothed constant, done!
Estimation::mcmc: Smoothed trend
Estimation::mcmc: Smoothed trend, done!
Estimation::mcmc: Updated Variables
Estimation::mcmc: Updated Variables, done!
Estimation::mcmc: Smoothed measurement errors
Estimation::mcmc: Smoothed measurement errors, done!
Estimation::mcmc: Forecasted variables (mean)
Estimation::mcmc: Forecasted variables (mean), done!
Estimation::mcmc: Forecasted variables (point)
Estimation::mcmc: Forecasted variables (point), done!
Estimation::mcmc: Forecasted variables (point) with ME
Estimation::mcmc: Forecasted variables (point) with ME, done!
Total computing time : 28h17m51s
