Starting preprocessing of the model file ...
Substitution of endo lags >= 2: added 2 auxiliary variables and equations.
Found 13 equation(s).
Evaluating expressions...done
Computing static model derivatives (order 1).
Computing dynamic model derivatives (order 2).
Processing outputs ...
done
Preprocessing completed.
Initial value of the log posterior (or likelihood): -781.6757

==========================================================
   Change in the posterior covariance matrix = 0.18385.
   Change in the posterior mean = 0.76867.
   Mode improvement = 706.8758
   New value of jscale = 0.051201
==========================================================

==========================================================
   Change in the posterior covariance matrix = 0.054115.
   Change in the posterior mean = 0.11908.
   Mode improvement = 0.30764
   New value of jscale = 0.28793
==========================================================

==========================================================
   Change in the posterior covariance matrix = 0.042523.
   Change in the posterior mean = 0.14409.
   Mode improvement = 1.2156
   New value of jscale = 0.3476
==========================================================

Optimal value of the scale parameter = 0.3476


Final value of minus the log posterior (or likelihood):73.891896 

RESULTS FROM POSTERIOR ESTIMATION
parameters
             prior mean     mode    s.d. prior pstdev

trend            0.500   0.5820  0.1939 norm 0.2500 
inflationqstar   1.000   0.3311  0.2998 norm 0.5000 
rstar            0.500   0.1345  0.0679 gamm 0.2500 
kappa            0.300   0.0599  0.0189 gamm 0.1500 
tau              2.000   2.0363  0.4668 gamm 0.5000 
psi1             1.500   1.6177  0.2536 gamm 0.2500 
psi2             0.125   0.2400  0.1299 gamm 0.1000 
rhoR             0.500   0.9103  0.0200 beta 0.2000 
rhog             0.800   0.9734  0.0205 beta 0.1000 
rhoz             0.300   0.8116  0.0695 beta 0.1000 

standard deviation of shocks
             prior mean     mode    s.d. prior pstdev

epsilon_R        0.003   0.0011  0.0001 invg 0.0014 
epsilon_g        0.006   0.0052  0.0020 invg 0.0032 
epsilon_z        0.009   0.0056  0.0013 invg 0.0043 


Log data density [Laplace approximation] is -111.887539.

mh_jscale has been set equal to 0.36866

Estimation::mcmc: One Chain mode.
Estimation::mcmc: Initialization at the posterior mode.

Estimation::mcmc: Write details about the MCMC... Ok!
Estimation::mcmc: Details about the MCMC are available in DS04/metropolis\DS04_mh_history_0.mat


Estimation::mcmc: Number of mh files: 2 per block.
Estimation::mcmc: Total number of generated files: 2.
Estimation::mcmc: Total number of iterations: 1000000.
Estimation::mcmc: Current acceptance ratio per chain: 
                                                       Chain  1: 30.5976%
Estimation::mcmc: Total number of MH draws per chain: 1000000.
Estimation::mcmc: Total number of generated MH files: 2.
Estimation::mcmc: I'll use mh-files 1 to 2.
Estimation::mcmc: In MH-file number 1 I'll start at line 300001.
Estimation::mcmc: Finally I keep 700000 draws per chain.



MCMC Inefficiency factors per block
Parameter            Block 1
SE_epsilon_R         121.366
SE_epsilon_g         246.883
SE_epsilon_z         243.828
trend                109.988
inflationqstar       165.499
rstar                114.012
kappa                214.957
tau                  132.415
psi1                 155.277
psi2                 198.767
rhoR                 190.384
rhog                 164.854
rhoz                 309.469


Geweke (1992) Convergence Tests, based on means of draws 300000 to 440000 vs 650000 to 1000000.
p-values are for Chi2-test for equality of means.
Parameter              Post. Mean        Post. Std   p-val No Taper   p-val 4% Taper   p-val 8% Taper  p-val 15% Taper
SE_epsilon_R                0.001            0.000            0.003            0.791            0.794            0.798
SE_epsilon_g                0.006            0.002            0.000            0.560            0.543            0.541
SE_epsilon_z                0.006            0.001            0.000            0.534            0.530            0.504
trend                       0.592            0.188            0.000            0.702            0.695            0.658
inflationqstar              0.359            0.331            0.000            0.714            0.707            0.682
rstar                       0.154            0.064            0.040            0.852            0.862            0.871
kappa                       0.070            0.022            0.000            0.700            0.690            0.663
tau                         2.205            0.438            0.000            0.796            0.809            0.806
psi1                        1.670            0.265            0.288            0.925            0.926            0.929
psi2                        0.249            0.119            0.000            0.678            0.662            0.644
rhoR                        0.905            0.020            0.000            0.433            0.403            0.372
rhog                        0.970            0.016            0.000            0.773            0.782            0.788
rhoz                        0.785            0.083            0.008            0.876            0.871            0.849


Estimation::marginal density: I'm computing the posterior mean and covariance...  Done!
Estimation::marginal density: I'm computing the posterior log marginal density (modified harmonic mean)... Done!


ESTIMATION RESULTS

Log data density is -113.622745.

parameters
                 prior mean   post. mean        90% HPD interval    prior       pstdev

trend                 0.500       0.5919      0.2863      0.9026    norm       0.2500
inflationqstar        1.000       0.3651     -0.1833      0.8920    norm       0.5000
rstar                 0.500       0.1537      0.0510      0.2525    gamm       0.2500
kappa                 0.300       0.0702      0.0356      0.1047    gamm       0.1500
tau                   2.000       2.1995      1.4757      2.8707    gamm       0.5000
psi1                  1.500       1.6716      1.2352      2.0924    gamm       0.2500
psi2                  0.125       0.2489      0.0590      0.4248    gamm       0.1000
rhoR                  0.500       0.9046      0.8729      0.9367    beta       0.2000
rhog                  0.800       0.9697      0.9465      0.9949    beta       0.1000
rhoz                  0.300       0.7859      0.6813      0.8975    beta       0.1000

standard deviation of shocks
                 prior mean   post. mean        90% HPD interval    prior       pstdev

epsilon_R             0.003       0.0012      0.0010      0.0013    invg       0.0014
epsilon_g             0.006       0.0057      0.0028      0.0090    invg       0.0032
epsilon_z             0.009       0.0061      0.0039      0.0082    invg       0.0043
Estimation::mcmc: Smoothed variables
Estimation::mcmc: Smoothed variables, done!
Estimation::mcmc: Smoothed shocks
Estimation::mcmc: Smoothed shocks, done!
Estimation::mcmc: Trend_coefficients
Estimation::mcmc: Trend_coefficients, done!
Estimation::mcmc: Smoothed constant
Estimation::mcmc: Smoothed constant, done!
Estimation::mcmc: Smoothed trend
Estimation::mcmc: Smoothed trend, done!
Estimation::mcmc: Updated Variables
Estimation::mcmc: Updated Variables, done!
Estimation::mcmc: Forecasted variables (mean)
Estimation::mcmc: Forecasted variables (mean), done!
Estimation::mcmc: Forecasted variables (point)
Estimation::mcmc: Forecasted variables (point), done!
Total computing time : 1h28m18s
