Starting preprocessing of the model file ...
Substitution of endo lags >= 2: added 2 auxiliary variables and equations.
Found 13 equation(s).
Evaluating expressions...done
Computing static model derivatives (order 1).
Computing dynamic model derivatives (order 2).
Processing outputs ...
done
Preprocessing completed.
    0.009   0.0041     NaN invg 0.0043 


Log data density [Laplace approximation] is NaN.

Using 64-bit preprocessor
Starting Dynare (version 4.6.3).
Calling Dynare with arguments: none
Starting preprocessing of the model file ...
Substitution of endo lags >= 2: added 2 auxiliary variables and equations.
Found 13 equation(s).
Evaluating expressions...done
Computing static model derivatives (order 1).
Computing dynamic model derivatives (order 2).
Processing outputs ...
done
Preprocessing completed.

Initial value of the log posterior (or likelihood): -804.6746
                                            First-order      Norm of
 Iter F-count            f(x)  Feasibility   optimality         step
    0      14    8.046746e+02    0.000e+00    2.239e+05
    1      29    7.515075e+02    0.000e+00    7.751e+03    9.979e-01
    2      44    6.940928e+02    0.000e+00    7.609e+03    3.293e-02
    3      59    6.428644e+02    0.000e+00    7.412e+03    4.319e-02
    4      74    6.363426e+02    0.000e+00    1.320e+04    1.066e-01
    5      89    6.081344e+02    0.000e+00    1.531e+04    2.250e-01
    6     104    5.826503e+02    0.000e+00    1.937e+04    1.131e-01
    7     119    5.715370e+02    0.000e+00    2.759e+04    7.780e-02
    8     134    5.614306e+02    0.000e+00    2.611e+04    1.529e-01
    9     148    5.350333e+02    0.000e+00    2.683e+03    4.981e-01
   10     163    4.746769e+02    0.000e+00    2.935e+03    9.204e-01
   11     178    4.187001e+02    0.000e+00    1.860e+03    8.002e-01
   12     194    4.099692e+02    0.000e+00    4.635e+03    2.404e-01
Objective function returned Inf; trying a new point...
   13     210    4.054540e+02    0.000e+00    8.261e+03    1.941e-01
   14     226    4.040550e+02    0.000e+00    7.379e+03    2.123e-01
   15     240    3.784153e+02    0.000e+00    3.323e+03    3.006e-01
   16     255    3.743234e+02    0.000e+00    4.529e+03    9.258e-01
Objective function returned Inf; trying a new point...
   17     270    3.632289e+02    0.000e+00    7.374e+03    6.707e-01
Objective function returned Inf; trying a new point...
   18     286    3.415731e+02    0.000e+00    5.320e+03    2.644e-01
Objective function returned Inf; trying a new point...
   19     302    3.351417e+02    0.000e+00    4.891e+03    8.235e-02
Objective function returned Inf; trying a new point...
   20     317    3.195326e+02    0.000e+00    4.192e+03    1.697e-01
   21     331    3.100173e+02    0.000e+00    2.343e+03    2.957e-01
Objective function returned Inf; trying a new point...
   22     347    3.020455e+02    0.000e+00    4.918e+03    1.695e-01
   23     362    2.952833e+02    0.000e+00    3.880e+03    2.398e-01
   24     377    2.916771e+02    0.000e+00    2.524e+03    2.439e-01
   25     392    2.898658e+02    0.000e+00    1.939e+03    3.411e-01
   26     406    2.787758e+02    0.000e+00    2.530e+03    1.974e-01
   27     420    2.758947e+02    0.000e+00    2.955e+03    2.145e-01
Objective function returned Inf; trying a new point...
   28     435    2.543752e+02    0.000e+00    7.169e+03    2.437e-01
Objective function returned Inf; trying a new point...
   29     451    2.468957e+02    0.000e+00    1.064e+04    4.931e-02
Objective function returned Inf; trying a new point...
   30     468    2.436118e+02    0.000e+00    1.238e+04    2.102e-02
Objective function returned Inf; trying a new point...

                                            First-order      Norm of
 Iter F-count            f(x)  Feasibility   optimality         step
   31     486    2.277752e+02    0.000e+00    3.303e+03    9.347e-02
   32     501    2.131003e+02    0.000e+00    1.843e+04    2.139e-01
   33     515    1.971564e+02    0.000e+00    6.524e+03    5.155e-01
Objective function returned Inf; trying a new point...
   34     532    1.901908e+02    0.000e+00    4.131e+03    2.276e-01
Objective function returned Inf; trying a new point...
   35     551    1.627221e+02    0.000e+00    1.910e+03    1.925e-01
Objective function returned Inf; trying a new point...
   36     567    1.551690e+02    0.000e+00    4.302e+03    2.829e-01
Objective function returned Inf; trying a new point...
   37     584    1.507636e+02    0.000e+00    3.801e+03    1.624e-01
Objective function returned Inf; trying a new point...
   38     602    1.315060e+02    0.000e+00    2.122e+03    1.628e-01
   39     617    1.244783e+02    0.000e+00    3.711e+04    1.499e-01
Objective function returned Inf; trying a new point...
   40     634    1.206791e+02    0.000e+00    3.855e+04    1.220e-01
   41     649    1.179481e+02    0.000e+00    1.700e+04    6.314e-01
   42     663    1.145371e+02    0.000e+00    1.437e+04    2.213e-01
Objective function returned Inf; trying a new point...
   43     678    1.074794e+02    0.000e+00    2.452e+03    1.941e-01
   44     692    1.073145e+02    0.000e+00    3.254e+03    1.680e-01
   45     708    1.033621e+02    0.000e+00    4.806e+03    4.967e-01
   46     724    1.029777e+02    0.000e+00    3.418e+03    1.077e-01
   47     739    1.026494e+02    0.000e+00    7.007e+03    1.767e-01
Objective function returned Inf; trying a new point...
   48     754    1.010908e+02    0.000e+00    5.419e+03    3.316e-01
   49     769    9.999964e+01    0.000e+00    2.671e+04    1.035e+00
   50     785    9.934803e+01    0.000e+00    2.518e+04    2.101e-01
   51     799    9.609743e+01    0.000e+00    5.854e+03    5.845e-01
   52     813    9.278600e+01    0.000e+00    1.448e+04    4.000e-01
   53     827    8.966553e+01    0.000e+00    6.294e+03    1.188e-01
   54     841    8.785631e+01    0.000e+00    5.155e+03    1.060e-01
   55     855    8.662537e+01    0.000e+00    5.148e+02    2.535e-01
   56     869    8.616224e+01    0.000e+00    2.855e+03    1.279e-01
   57     883    8.570973e+01    0.000e+00    1.671e+03    4.481e-02
   58     897    8.484283e+01    0.000e+00    1.900e+03    1.243e-01
   59     911    8.445349e+01    0.000e+00    1.541e+03    8.588e-02
   60     925    8.429833e+01    0.000e+00    3.185e+03    1.071e-01

                                            First-order      Norm of
 Iter F-count            f(x)  Feasibility   optimality         step
   61     939    8.395725e+01    0.000e+00    2.076e+03    8.235e-02
   62     953    8.375348e+01    0.000e+00    7.304e+02    4.807e-02
   63     967    8.342810e+01    0.000e+00    1.712e+03    1.608e-01
   64     981    8.320230e+01    0.000e+00    3.467e+02    4.461e-02
   65     995    8.293456e+01    0.000e+00    5.975e+02    1.231e-01
   66    1009    8.273332e+01    0.000e+00    9.831e+02    1.669e-01
   67    1023    8.256358e+01    0.000e+00    6.350e+02    4.137e-02
   68    1037    8.231509e+01    0.000e+00    5.480e+02    5.192e-02
   69    1051    8.197689e+01    0.000e+00    2.894e+02    1.026e-01
   70    1065    8.176596e+01    0.000e+00    8.687e+02    8.980e-02
   71    1079    8.146242e+01    0.000e+00    2.295e+03    1.827e-01
   72    1093    8.144935e+01    0.000e+00    1.885e+03    1.667e-01
   73    1107    8.108592e+01    0.000e+00    1.753e+03    6.858e-02
   74    1121    8.098241e+01    0.000e+00    6.096e+02    8.893e-02
   75    1135    8.079498e+01    0.000e+00    9.663e+02    7.527e-02
   76    1149    8.069073e+01    0.000e+00    5.257e+02    9.156e-02
   77    1163    8.061449e+01    0.000e+00    3.867e+02    5.907e-02
   78    1177    8.054327e+01    0.000e+00    5.142e+02    4.089e-02
   79    1191    8.043163e+01    0.000e+00    3.761e+02    7.702e-02
   80    1205    8.034305e+01    0.000e+00    4.755e+02    5.647e-02
   81    1219    8.014006e+01    0.000e+00    6.415e+02    1.432e-01
   82    1233    7.994189e+01    0.000e+00    6.659e+02    1.637e-01
   83    1247    7.981874e+01    0.000e+00    1.067e+03    1.278e-01
   84    1261    7.981472e+01    0.000e+00    3.857e+02    7.163e-02
   85    1275    7.975732e+01    0.000e+00    2.338e+02    2.538e-02
   86    1289    7.971195e+01    0.000e+00    5.412e+02    1.134e-02
   87    1303    7.961998e+01    0.000e+00    6.376e+02    4.609e-02
   88    1317    7.954521e+01    0.000e+00    7.350e+02    3.398e-02
   89    1331    7.953314e+01    0.000e+00    2.761e+02    4.399e-02
   90    1345    7.950986e+01    0.000e+00    2.276e+02    1.423e-02

                                            First-order      Norm of
 Iter F-count            f(x)  Feasibility   optimality         step
   91    1359    7.950805e+01    0.000e+00    1.797e+02    1.139e-02
   92    1373    7.949615e+01    0.000e+00    1.349e+02    8.755e-03
   93    1387    7.948018e+01    0.000e+00    2.610e+02    3.193e-02
   94    1401    7.944311e+01    0.000e+00    3.132e+02    3.433e-02
   95    1415    7.939733e+01    0.000e+00    2.642e+02    4.416e-02
   96    1429    7.935890e+01    0.000e+00    1.022e+02    2.314e-02
   97    1443    7.933958e+01    0.000e+00    5.596e+01    1.594e-02
   98    1457    7.933325e+01    0.000e+00    5.539e+01    1.037e-02
   99    1471    7.933179e+01    0.000e+00    5.583e+01    3.938e-03
  100    1485    7.933129e+01    0.000e+00    6.520e+01    1.867e-03
  101    1499    7.933058e+01    0.000e+00    7.972e+01    2.318e-03
  102    1513    7.932898e+01    0.000e+00    1.063e+02    3.665e-03
  103    1527    7.932418e+01    0.000e+00    1.794e+02    7.007e-03
  104    1541    7.931214e+01    0.000e+00    2.876e+02    1.404e-02
  105    1555    7.928143e+01    0.000e+00    4.308e+02    2.869e-02
  106    1569    7.922243e+01    0.000e+00    5.536e+02    5.210e-02
  107    1583    7.912974e+01    0.000e+00    5.212e+02    7.043e-02
  108    1597    7.905411e+01    0.000e+00    2.819e+02    5.151e-02
  109    1611    7.903256e+01    0.000e+00    6.365e+01    9.452e-03
  110    1625    7.904989e+01    0.000e+00    7.741e+01    7.805e-03
  111    1639    7.904976e+01    0.000e+00    1.692e+01    1.485e-02
  112    1653    7.900760e+01    0.000e+00    3.444e+01    8.564e-03
  113    1667    7.899555e+01    0.000e+00    5.869e+01    3.543e-03
  114    1681    7.899425e+01    0.000e+00    1.948e+01    7.176e-03
  115    1695    7.899433e+01    0.000e+00    3.286e+00    4.967e-04
  116    1709    7.899431e+01    0.000e+00    1.218e+00    1.626e-04
  117    1723    7.899431e+01    0.000e+00    3.401e-01    5.618e-05
  118    1737    7.898199e+01    0.000e+00    2.190e+00    6.217e-03
  119    1751    7.898049e+01    0.000e+00    1.409e+00    9.094e-04
  120    1765    7.898043e+01    0.000e+00    1.500e-01    1.413e-04

                                            First-order      Norm of
 Iter F-count            f(x)  Feasibility   optimality         step
  121    1779    7.898043e+01    0.000e+00    1.218e-02    2.252e-05
  122    1793    7.897749e+01    0.000e+00    6.637e-01    1.733e-03
  123    1807    7.897735e+01    0.000e+00    2.537e-02    1.463e-04
  124    1821    7.897735e+01    0.000e+00    5.381e-03    3.309e-06
  125    1835    7.897673e+01    0.000e+00    2.790e-01    3.675e-04
  126    1849    7.897672e+01    0.000e+00    4.219e-03    3.010e-05
  127    1863    7.897672e+01    0.000e+00    7.698e-03    1.078e-05
  128    1877    7.897672e+01    0.000e+00    7.061e-04    1.171e-06

<a href = "matlab: helpview([docroot '/toolbox/optim/msg_csh/optim_msg_csh.map'],'local_min_poss_with_constr','CSHelpWindow');">Local minimum possible. Constraints satisfied</a>.

fmincon stopped because the <a href = "matlab: helpview([docroot '/toolbox/optim/msg_csh/optim_msg_csh.map'],'norm_curr_step_simple_fminconip','CSHelpWindow');">size of the current step</a> is less than
the selected value of the <a href = "matlab: helpview([docroot '/toolbox/optim/msg_csh/optim_msg_csh.map'],'step_size_tol','CSHelpWindow');">step size tolerance</a> and constraints are 
satisfied to within the default value of the <a href = "matlab: helpview([docroot '/toolbox/optim/msg_csh/optim_msg_csh.map'],'constraint_tolerance','CSHelpWindow');">constraint tolerance</a>.

<<a href = "matlab: createExitMsg('barrier',2.000000e+00,true,true,'fmincon',5.088375e-07,'selected',1.000000e-06,0.000000e+00,'default',1.000000e-06,0.000000e+00,'',0.000000e+00);">stopping criteria details</a>>


Final value of minus the log posterior (or likelihood):78.976719 

MODE CHECK

Fval obtained by the minimization routine (minus the posterior/likelihood)): 78.976719

RESULTS FROM POSTERIOR ESTIMATION
parameters
             prior mean     mode    s.d. prior pstdev

trend            0.500   0.7330  0.1807 norm 0.2500 
inflationqstar   1.000   0.4706  0.1184 norm 0.5000 
rstar            0.500   0.1357  0.0637 gamm 0.2500 
kappa            0.300   0.0682  0.0237 gamm 0.1500 
tau              2.000   2.2389  0.4623 gamm 0.5000 
psi1             1.500   1.8706  0.2887 gamm 0.2500 
psi2             0.125   0.0974  0.0561 gamm 0.1000 
rhoR             0.500   0.8829  0.0197 beta 0.2000 
rhog             0.800   0.9299  0.0344 beta 0.1000 
rhoz             0.300   0.8974  0.0285 beta 0.1000 

standard deviation of shocks
             prior mean     mode    s.d. prior pstdev

epsilon_R        0.003   0.0010  0.0001 invg 0.0014 
epsilon_g        0.006   0.0099  0.0012 invg 0.0032 
epsilon_z        0.009   0.0039  0.0006 invg 0.0043 


Log data density [Laplace approximation] is -121.018054.

Estimation::mcmc: One Chain mode.
Estimation::mcmc: Initialization at the posterior mode.

Estimation::mcmc: Write details about the MCMC... Ok!
Estimation::mcmc: Details about the MCMC are available in DS04/metropolis\DS04_mh_history_0.mat


Estimation::mcmc: Number of mh files: 2 per block.
Estimation::mcmc: Total number of generated files: 2.
Estimation::mcmc: Total number of iterations: 1000000.
Estimation::mcmc: Current acceptance ratio per chain: 
                                                       Chain  1: 42.7938%
Estimation::mcmc: Total number of MH draws per chain: 1000000.
Estimation::mcmc: Total number of generated MH files: 2.
Estimation::mcmc: I'll use mh-files 1 to 2.
Estimation::mcmc: In MH-file number 1 I'll start at line 300001.
Estimation::mcmc: Finally I keep 700000 draws per chain.



MCMC Inefficiency factors per block
Parameter            Block 1
SE_epsilon_R         203.740
SE_epsilon_g         511.573
SE_epsilon_z         512.905
trend                159.444
inflationqstar       538.057
rstar                157.695
kappa                265.345
tau                  265.567
psi1                 227.966
psi2                 558.181
rhoR                 297.812
rhog                 274.956
rhoz                 629.608


Geweke (1992) Convergence Tests, based on means of draws 300000 to 440000 vs 650000 to 1000000.
p-values are for Chi2-test for equality of means.
Parameter              Post. Mean        Post. Std   p-val No Taper   p-val 4% Taper   p-val 8% Taper  p-val 15% Taper
SE_epsilon_R                0.001            0.000            0.188            0.952            0.955            0.956
SE_epsilon_g                0.007            0.002            0.000            0.396            0.431            0.413
SE_epsilon_z                0.006            0.001            0.000            0.381            0.420            0.402
trend                       0.654            0.189            0.007            0.884            0.896            0.896
inflationqstar              0.374            0.281            0.000            0.788            0.790            0.785
rstar                       0.150            0.062            0.000            0.794            0.792            0.767
kappa                       0.075            0.021            0.000            0.815            0.817            0.813
tau                         2.051            0.443            0.000            0.899            0.908            0.909
psi1                        1.745            0.273            0.024            0.922            0.928            0.934
psi2                        0.204            0.108            0.000            0.411            0.401            0.347
rhoR                        0.900            0.021            0.000            0.227            0.229            0.188
rhog                        0.964            0.019            0.000            0.227            0.261            0.238
rhoz                        0.820            0.065            0.000            0.778            0.802            0.801


Estimation::marginal density: I'm computing the posterior mean and covariance...  Done!
Estimation::marginal density: I'm computing the posterior log marginal density (modified harmonic mean)... Done!


ESTIMATION RESULTS

Log data density is -119.873737.

parameters
                 prior mean   post. mean        90% HPD interval    prior       pstdev

trend                 0.500       0.6530      0.3398      0.9597    norm       0.2500
inflationqstar        1.000       0.3645     -0.1186      0.8069    norm       0.5000
rstar                 0.500       0.1505      0.0512      0.2468    gamm       0.2500
kappa                 0.300       0.0752      0.0426      0.1075    gamm       0.1500
tau                   2.000       2.0408      1.3182      2.7290    gamm       0.5000
psi1                  1.500       1.7379      1.2902      2.1717    gamm       0.2500
psi2                  0.125       0.2092      0.0375      0.3724    gamm       0.1000
rhoR                  0.500       0.9006      0.8668      0.9338    beta       0.2000
rhog                  0.800       0.9642      0.9351      0.9935    beta       0.1000
rhoz                  0.300       0.8168      0.7184      0.8975    beta       0.1000

standard deviation of shocks
                 prior mean   post. mean        90% HPD interval    prior       pstdev

epsilon_R             0.003       0.0012      0.0010      0.0013    invg       0.0014
epsilon_g             0.006       0.0067      0.0032      0.0103    invg       0.0032
epsilon_z             0.009       0.0057      0.0037      0.0076    invg       0.0043
Estimation::mcmc: Posterior (dsge) IRFs...
Estimation::mcmc: Posterior IRFs, done!
Estimation::mcmc: Smoothed variables
Estimation::mcmc: Smoothed variables, done!
Estimation::mcmc: Smoothed shocks
Estimation::mcmc: Smoothed shocks, done!
Estimation::mcmc: Trend_coefficients
Estimation::mcmc: Trend_coefficients, done!
Estimation::mcmc: Smoothed constant
Estimation::mcmc: Smoothed constant, done!
Estimation::mcmc: Smoothed trend
Estimation::mcmc: Smoothed trend, done!
Estimation::mcmc: Updated Variables
Estimation::mcmc: Updated Variables, done!
Estimation::mcmc: Forecasted variables (mean)
Estimation::mcmc: Forecasted variables (mean), done!
Estimation::mcmc: Forecasted variables (point)
Estimation::mcmc: Forecasted variables (point), done!
Total computing time : 2h10m16s
