Starting Dynare (version 4.5.7).
Starting preprocessing of the model file ...
WARNING: in the 'steady_state_model' block, variable 'ewma' is not assigned a value
WARNING: in the 'steady_state_model' block, variable 'epinfma' is not assigned a value
WARNING: in the 'steady_state_model' block, variable 'zcapf' is not assigned a value
WARNING: in the 'steady_state_model' block, variable 'rkf' is not assigned a value
WARNING: in the 'steady_state_model' block, variable 'kf' is not assigned a value
WARNING: in the 'steady_state_model' block, variable 'pkf' is not assigned a value
WARNING: in the 'steady_state_model' block, variable 'cf' is not assigned a value
WARNING: in the 'steady_state_model' block, variable 'invef' is not assigned a value
WARNING: in the 'steady_state_model' block, variable 'yf' is not assigned a value
WARNING: in the 'steady_state_model' block, variable 'labf' is not assigned a value
WARNING: in the 'steady_state_model' block, variable 'wf' is not assigned a value
WARNING: in the 'steady_state_model' block, variable 'rrf' is not assigned a value
WARNING: in the 'steady_state_model' block, variable 'mc' is not assigned a value
WARNING: in the 'steady_state_model' block, variable 'zcap' is not assigned a value
WARNING: in the 'steady_state_model' block, variable 'rk' is not assigned a value
WARNING: in the 'steady_state_model' block, variable 'k' is not assigned a value
WARNING: in the 'steady_state_model' block, variable 'pk' is not assigned a value
WARNING: in the 'steady_state_model' block, variable 'c' is not assigned a value
WARNING: in the 'steady_state_model' block, variable 'inve' is not assigned a value
WARNING: in the 'steady_state_model' block, variable 'y' is not assigned a value
WARNING: in the 'steady_state_model' block, variable 'lab' is not assigned a value
WARNING: in the 'steady_state_model' block, variable 'pinf' is not assigned a value
WARNING: in the 'steady_state_model' block, variable 'w' is not assigned a value
WARNING: in the 'steady_state_model' block, variable 'r' is not assigned a value
WARNING: in the 'steady_state_model' block, variable 'a' is not assigned a value
WARNING: in the 'steady_state_model' block, variable 'b' is not assigned a value
WARNING: in the 'steady_state_model' block, variable 'g' is not assigned a value
WARNING: in the 'steady_state_model' block, variable 'qs' is not assigned a value
WARNING: in the 'steady_state_model' block, variable 'ms' is not assigned a value
WARNING: in the 'steady_state_model' block, variable 'spinf' is not assigned a value
WARNING: in the 'steady_state_model' block, variable 'sw' is not assigned a value
WARNING: in the 'steady_state_model' block, variable 'kpf' is not assigned a value
WARNING: in the 'steady_state_model' block, variable 'kp' is not assigned a value
Found 40 equation(s).
Evaluating expressions...done
Computing static model derivatives:
 - order 1
Computing dynamic model derivatives:
 - order 1
 - order 2
Processing outputs ...
done
Preprocessing completed.
[Warning: Some of the parameters have no value (ccs, cinvs, crdpi) when using initial_estimation_checks. If these
parameters are not initialized in a steadystate file or a steady_state_model-block, Dynare may not be able to solve
the model...] 
Initial value of the log posterior (or likelihood): -707.2245
-----------------
f at the beginning of new iteration,       707.2244682068
Predicted improvement:     1359.169302535
lambda =          1; f =          707.3394455
lambda =    0.33333; f =          707.2328145
lambda =    0.11111; f =          707.2245478
lambda =   0.037037; f =          672.3909458
Norm of dx    0.52138
----
Improvement on iteration 1 =       34.833522384
-----------------
f at the beginning of new iteration,       672.3909458227
Predicted improvement:      291.769732703
lambda =          1; f =          672.3910723
lambda =    0.33333; f =          621.0667296
lambda =    0.11111; f =          629.2555588
Norm of dx    0.26076
----
Improvement on iteration 2 =       51.324216220
-----------------
f at the beginning of new iteration,       621.0667296032
Predicted improvement:       57.450908681
lambda =          1; f =          621.0667320
lambda =    0.33333; f =          587.7121706
lambda =    0.64439; f =          566.5227189
lambda =     1.2457; f =          621.0668722
lambda =     0.8388; f =          561.1467833
Norm of dx    0.11139
----
Improvement on iteration 3 =       59.919946287
-----------------
f at the beginning of new iteration,       561.1467833166
Predicted improvement:       37.230553626
lambda =          1; f =          561.1467939
lambda =    0.33333; f =          542.4238064
lambda =    0.64439; f =          538.1901132
Norm of dx    0.11433
----
Improvement on iteration 4 =       22.956670129
-----------------
f at the beginning of new iteration,       538.1901131879
Predicted improvement:       18.258265475
lambda =          1; f =          514.2503766
Norm of dx   0.074755
----
Improvement on iteration 5 =       23.939736583
-----------------
f at the beginning of new iteration,       514.2503766048
Predicted improvement:       52.038506013
lambda =          1; f =          647.8984977
lambda =    0.33333; f =          492.9073525
Norm of dx    0.24429
----
Improvement on iteration 6 =       21.343024153
-----------------
f at the beginning of new iteration,       492.9073524516
Predicted improvement:        9.803724615
lambda =          1; f =          480.0668688
Norm of dx   0.076703
----
Improvement on iteration 7 =       12.840483637
-----------------
f at the beginning of new iteration,       480.0668688148
Predicted improvement:       13.540447485
lambda =          1; f =          480.5737868
lambda =    0.33333; f =          473.2977260
lambda =    0.64439; f =          472.1660477
Norm of dx    0.14634
----
Improvement on iteration 8 =        7.900821089
-----------------
f at the beginning of new iteration,       472.1660477256
Predicted improvement:        7.434579177
lambda =          1; f =          469.0128988
lambda =    0.33333; f =          468.7805755
Norm of dx   0.046425
----
Improvement on iteration 9 =        3.385472186
-----------------
f at the beginning of new iteration,       468.7805755398
Predicted improvement:        6.123931451
lambda =          1; f =          459.9575985
lambda =     1.9332; f =          457.4498382
Norm of dx   0.052345
----
Improvement on iteration 10 =       11.330737339
-----------------
f at the beginning of new iteration,       457.4498382008
Predicted improvement:        3.949765851
lambda =          1; f =          450.9982274
lambda =     1.9332; f =          447.5561020
Norm of dx   0.051502
----
Improvement on iteration 11 =        9.893736227
-----------------
f at the beginning of new iteration,       447.5561019742
Predicted improvement:        6.407768044
lambda =          1; f =          438.7865464
Norm of dx    0.12662
----
Improvement on iteration 12 =        8.769555593
-----------------
f at the beginning of new iteration,       438.7865463816
Predicted improvement:        6.978419285
lambda =          1; f =          430.3440555
Norm of dx     0.1192
----
Improvement on iteration 13 =        8.442490931
-----------------
f at the beginning of new iteration,       430.3440554507
Predicted improvement:        5.197089937
lambda =          1; f =          424.4853264
Norm of dx   0.065304
----
Improvement on iteration 14 =        5.858729019
-----------------
f at the beginning of new iteration,       424.4853264322
Predicted improvement:        3.203684373
lambda =          1; f =          419.8912443
lambda =     1.9332; f =          418.4440360
Norm of dx   0.042643
----
Improvement on iteration 15 =        6.041290407
-----------------
f at the beginning of new iteration,       418.4440360249
Predicted improvement:        2.884365705
lambda =          1; f =          413.3973398
lambda =     1.9332; f =          410.1631660
lambda =     3.7372; f =          409.5330123
Norm of dx   0.077437
----
Improvement on iteration 16 =        8.911023727
-----------------
f at the beginning of new iteration,       409.5330122977
Predicted improvement:        9.684377000
lambda =          1; f =          399.6069278
Norm of dx   0.060153
----
Improvement on iteration 17 =        9.926084472
-----------------
f at the beginning of new iteration,       399.6069278259
Predicted improvement:        3.892497935
lambda =          1; f =          395.4578972
Norm of dx   0.077214
----
Improvement on iteration 18 =        4.149030617
-----------------
f at the beginning of new iteration,       395.4578972090
Predicted improvement:        1.486198646
lambda =          1; f =          393.1654306
lambda =     1.9332; f =          392.2404873
Norm of dx   0.039756
----
Improvement on iteration 19 =        3.217409956
-----------------
f at the beginning of new iteration,       392.2404872534
Predicted improvement:        0.972342897
lambda =          1; f =          391.1315419
Norm of dx   0.028388
----
Improvement on iteration 20 =        1.108945323
-----------------
f at the beginning of new iteration,       391.1315419306
Predicted improvement:        0.543323370
lambda =          1; f =          390.3404163
lambda =     1.9332; f =          390.1815254
Norm of dx   0.031013
----
Improvement on iteration 21 =        0.950016521
-----------------
f at the beginning of new iteration,       390.1815254096
Predicted improvement:        1.099463883
lambda =          1; f =          389.0895562
Norm of dx   0.050528
----
Improvement on iteration 22 =        1.091969168
-----------------
f at the beginning of new iteration,       389.0895562421
Predicted improvement:        0.998809524
lambda =          1; f =          387.7384051
Norm of dx   0.031358
----
Improvement on iteration 23 =        1.351151186
-----------------
f at the beginning of new iteration,       387.7384050565
Predicted improvement:        0.961081894
lambda =          1; f =          386.5116944
Norm of dx   0.042732
----
Improvement on iteration 24 =        1.226710690
-----------------
f at the beginning of new iteration,       386.5116943664
Predicted improvement:        0.422798831
lambda =          1; f =          385.8968148
lambda =     1.9332; f =          385.7661832
Norm of dx   0.032285
----
Improvement on iteration 25 =        0.745511129
-----------------
f at the beginning of new iteration,       385.7661832371
Predicted improvement:        0.250664780
lambda =          1; f =          385.3740120
lambda =     1.9332; f =          385.1984883
Norm of dx    0.01032
----
Improvement on iteration 26 =        0.567694962
-----------------
f at the beginning of new iteration,       385.1984882747
Predicted improvement:        0.257442653
lambda =          1; f =          384.7804615
lambda =     1.9332; f =          384.5589392
Norm of dx    0.02001
----
Improvement on iteration 27 =        0.639549049
-----------------
f at the beginning of new iteration,       384.5589392256
Predicted improvement:        0.318239951
lambda =          1; f =          384.0349256
lambda =     1.9332; f =          383.7609385
Norm of dx   0.034294
----
Improvement on iteration 28 =        0.798000695
-----------------
f at the beginning of new iteration,       383.7609385301
Predicted improvement:        0.381862115
lambda =          1; f =          383.2039886
lambda =     1.9332; f =          383.0760602
Norm of dx   0.031088
----
Improvement on iteration 29 =        0.684878331
-----------------
f at the beginning of new iteration,       383.0760601993
Predicted improvement:        0.204727622
lambda =          1; f =          382.8006188
Norm of dx   0.020641
----
Improvement on iteration 30 =        0.275441407
-----------------
f at the beginning of new iteration,       382.8006187926
Predicted improvement:        0.198880088
lambda =          1; f =          382.5467700
Norm of dx   0.010844
----
Improvement on iteration 31 =        0.253848777
-----------------
f at the beginning of new iteration,       382.5467700155
Predicted improvement:        0.100645096
lambda =          1; f =          382.4082523
Norm of dx    0.01364
----
Improvement on iteration 32 =        0.138517723
-----------------
f at the beginning of new iteration,       382.4082522928
Predicted improvement:        0.114099852
lambda =          1; f =          382.3008304
Norm of dx   0.019458
----
Improvement on iteration 33 =        0.107421872
-----------------
f at the beginning of new iteration,       382.3008304204
Predicted improvement:        0.091883107
lambda =          1; f =          382.1799619
Norm of dx   0.015197
----
Improvement on iteration 34 =        0.120868515
-----------------
f at the beginning of new iteration,       382.1799619055
Predicted improvement:        0.083729867
lambda =          1; f =          382.0534800
lambda =     1.9332; f =          382.0103319
Norm of dx  0.0092133
----
Improvement on iteration 35 =        0.169629972
-----------------
f at the beginning of new iteration,       382.0103319337
Predicted improvement:        0.038774862
lambda =          1; f =          381.9518484
lambda =     1.9332; f =          381.9317743
Norm of dx  0.0047438
----
Improvement on iteration 36 =        0.078557648
-----------------
f at the beginning of new iteration,       381.9317742853
Predicted improvement:        0.029784830
lambda =          1; f =          381.8790959
lambda =     1.9332; f =          381.8424568
lambda =     3.7372; f =          381.8064651
Norm of dx  0.0047477
----
Improvement on iteration 37 =        0.125309179
-----------------
f at the beginning of new iteration,       381.8064651066
Predicted improvement:        0.051592611
lambda =          1; f =          381.7204164
lambda =     1.9332; f =          381.6717358
Norm of dx   0.013669
----
Improvement on iteration 38 =        0.134729307
-----------------
f at the beginning of new iteration,       381.6717357996
Predicted improvement:        0.073918967
lambda =          1; f =          381.5667587
lambda =     1.9332; f =          381.5473757
Norm of dx    0.02015
----
Improvement on iteration 39 =        0.124360053
-----------------
f at the beginning of new iteration,       381.5473757464
Predicted improvement:        0.043063511
lambda =          1; f =          381.4721538
lambda =     1.9332; f =          381.4216438
lambda =     3.7372; f =          381.3778185
Norm of dx  0.0035377
----
Improvement on iteration 40 =        0.169557227
-----------------
f at the beginning of new iteration,       381.3778185193
Predicted improvement:        0.067859650
lambda =          1; f =          381.2673000
lambda =     1.9332; f =          381.2134305
Norm of dx   0.019927
----
Improvement on iteration 41 =        0.164388028
-----------------
f at the beginning of new iteration,       381.2134304913
Predicted improvement:        0.085717943
lambda =          1; f =          381.0768685
lambda =     1.9332; f =          381.0131713
Norm of dx   0.026007
----
Improvement on iteration 42 =        0.200259184
-----------------
f at the beginning of new iteration,       381.0131713074
Predicted improvement:        0.110320953
lambda =          1; f =          380.8364400
lambda =     1.9332; f =          380.7497413
Norm of dx   0.029251
----
Improvement on iteration 43 =        0.263430040
-----------------
f at the beginning of new iteration,       380.7497412675
Predicted improvement:        0.135826484
lambda =          1; f =          380.5645397
Norm of dx   0.024512
----
Improvement on iteration 44 =        0.185201583
-----------------
f at the beginning of new iteration,       380.5645396843
Predicted improvement:        0.233121078
lambda =          1; f =          380.2865780
Norm of dx   0.084972
----
Improvement on iteration 45 =        0.277961652
-----------------
f at the beginning of new iteration,       380.2865780327
Predicted improvement:        0.228290876
lambda =          1; f =          380.0085408
Norm of dx   0.058648
----
Improvement on iteration 46 =        0.278037273
-----------------
f at the beginning of new iteration,       380.0085407599
Predicted improvement:        0.268618500
lambda =          1; f =          379.6579370
Norm of dx   0.088114
----
Improvement on iteration 47 =        0.350603727
-----------------
f at the beginning of new iteration,       379.6579370333
Predicted improvement:        0.368008246
lambda =          1; f =          379.2124597
Norm of dx    0.06746
----
Improvement on iteration 48 =        0.445477375
-----------------
f at the beginning of new iteration,       379.2124596587
Predicted improvement:        0.386397527
lambda =          1; f =          378.7618117
Norm of dx   0.057252
----
Improvement on iteration 49 =        0.450647942
-----------------
f at the beginning of new iteration,       378.7618117165
Predicted improvement:        0.252840914
lambda =          1; f =          378.4344637
Norm of dx   0.022255
----
Improvement on iteration 50 =        0.327348017
-----------------
f at the beginning of new iteration,       378.4344636991
Predicted improvement:        0.186737307
lambda =          1; f =          378.2538308
Norm of dx   0.058828
----
Improvement on iteration 51 =        0.180632925
-----------------
f at the beginning of new iteration,       378.2538307738
Predicted improvement:        0.221281806
lambda =          1; f =          378.0402333
Norm of dx   0.023331
----
Improvement on iteration 52 =        0.213597517
-----------------
f at the beginning of new iteration,       378.0402332568
Predicted improvement:        0.166429784
lambda =          1; f =          377.7795775
lambda =     1.9332; f =          377.6829720
Norm of dx   0.051376
----
Improvement on iteration 53 =        0.357261237
-----------------
f at the beginning of new iteration,       377.6829720193
Predicted improvement:        0.447108623
lambda =          1; f =          377.2824575
Norm of dx    0.10231
----
Improvement on iteration 54 =        0.400514515
-----------------
f at the beginning of new iteration,       377.2824575039
Predicted improvement:        0.214150786
lambda =          1; f =          377.0786432
Norm of dx   0.031178
----
Improvement on iteration 55 =        0.203814275
-----------------
f at the beginning of new iteration,       377.0786432285
Predicted improvement:        0.163817672
lambda =          1; f =          376.9035111
Norm of dx   0.026786
----
Improvement on iteration 56 =        0.175132164
-----------------
f at the beginning of new iteration,       376.9035110648
Predicted improvement:        0.091934666
lambda =          1; f =          376.7727257
lambda =     1.9332; f =          376.7530143
Norm of dx   0.020575
----
Improvement on iteration 57 =        0.150496768
-----------------
f at the beginning of new iteration,       376.7530142965
Predicted improvement:        0.110595666
lambda =          1; f =          376.6640370
Norm of dx   0.029286
----
Improvement on iteration 58 =        0.088977252
-----------------
f at the beginning of new iteration,       376.6640370443
Predicted improvement:        0.072635012
lambda =          1; f =          376.5649935
Norm of dx   0.013109
----
Improvement on iteration 59 =        0.099043513
-----------------
f at the beginning of new iteration,       376.5649935317
Predicted improvement:        0.102350995
lambda =          1; f =          376.4084843
lambda =     1.9332; f =          376.3504517
Norm of dx   0.024348
----
Improvement on iteration 60 =        0.214541807
-----------------
f at the beginning of new iteration,       376.3504517248
Predicted improvement:        0.139548100
lambda =          1; f =          376.1192375
lambda =     1.9332; f =          375.9930523
Norm of dx   0.026714
----
Improvement on iteration 61 =        0.357399419
-----------------
f at the beginning of new iteration,       375.9930523060
Predicted improvement:        0.162944126
lambda =          1; f =          375.8233411
Norm of dx   0.028106
----
Improvement on iteration 62 =        0.169711163
-----------------
f at the beginning of new iteration,       375.8233411429
Predicted improvement:        0.067206626
lambda =          1; f =          375.7586497
Norm of dx   0.024673
----
Improvement on iteration 63 =        0.064691469
-----------------
f at the beginning of new iteration,       375.7586496742
Predicted improvement:        0.070358759
lambda =          1; f =          375.6794228
Norm of dx   0.022899
----
Improvement on iteration 64 =        0.079226916
-----------------
f at the beginning of new iteration,       375.6794227584
Predicted improvement:        0.057023310
lambda =          1; f =          375.6008772
Norm of dx   0.010046
----
Improvement on iteration 65 =        0.078545511
-----------------
f at the beginning of new iteration,       375.6008772470
Predicted improvement:        0.051603747
lambda =          1; f =          375.5301408
Norm of dx  0.0096209
----
Improvement on iteration 66 =        0.070736468
-----------------
f at the beginning of new iteration,       375.5301407791
Predicted improvement:        0.040316286
lambda =          1; f =          375.4694464
lambda =     1.9332; f =          375.4481595
Norm of dx  0.0097953
----
Improvement on iteration 67 =        0.081981234
-----------------
f at the beginning of new iteration,       375.4481595451
Predicted improvement:        0.033864665
lambda =          1; f =          375.3904190
lambda =     1.9332; f =          375.3542898
lambda =     3.7372; f =          375.3317832
Norm of dx  0.0088441
----
Improvement on iteration 68 =        0.116376336
-----------------
f at the beginning of new iteration,       375.3317832089
Predicted improvement:        0.081654443
lambda =          1; f =          375.3686454
lambda =    0.33333; f =          375.2938975
Norm of dx   0.020842
----
Improvement on iteration 69 =        0.037885748
-----------------
f at the beginning of new iteration,       375.2938974612
Predicted improvement:        0.062810669
lambda =          1; f =          375.2164874
Norm of dx   0.015664
----
Improvement on iteration 70 =        0.077410081
-----------------
f at the beginning of new iteration,       375.2164873797
Predicted improvement:        0.032368134
lambda =          1; f =          375.1667160
lambda =     1.9332; f =          375.1474873
Norm of dx   0.012214
----
Improvement on iteration 71 =        0.069000079
-----------------
f at the beginning of new iteration,       375.1474873010
Predicted improvement:        0.031139100
lambda =          1; f =          375.0897725
lambda =     1.9332; f =          375.0440670
lambda =     3.7372; f =          374.9777726
lambda =     7.2247; f =          374.9310957
Norm of dx   0.010053
----
Improvement on iteration 72 =        0.216391568
-----------------
f at the beginning of new iteration,       374.9310957325
Predicted improvement:        0.086773839
lambda =          1; f =          374.7952165
lambda =     1.9332; f =          374.7353188
Norm of dx   0.020419
----
Improvement on iteration 73 =        0.195776911
-----------------
f at the beginning of new iteration,       374.7353188219
Predicted improvement:        0.070578825
lambda =          1; f =          374.6436087
Norm of dx   0.022099
----
Improvement on iteration 74 =        0.091710114
-----------------
f at the beginning of new iteration,       374.6436087078
Predicted improvement:        0.094353488
lambda =          1; f =          374.5176751
Norm of dx   0.047811
----
Improvement on iteration 75 =        0.125933636
-----------------
f at the beginning of new iteration,       374.5176750719
Predicted improvement:        0.111286008
lambda =          1; f =          374.3493489
lambda =     1.9332; f =          374.2918552
Norm of dx   0.049569
----
Improvement on iteration 76 =        0.225819840
-----------------
f at the beginning of new iteration,       374.2918552317
Predicted improvement:        0.092935363
lambda =          1; f =          374.1429318
lambda =     1.9332; f =          374.0741200
Norm of dx   0.013232
----
Improvement on iteration 77 =        0.217735251
-----------------
f at the beginning of new iteration,       374.0741199808
Predicted improvement:        0.111649270
lambda =          1; f =          374.0091616
lambda =    0.33333; f =          374.0176785
lambda =    0.64439; f =          373.9966997
Norm of dx   0.028509
----
Improvement on iteration 78 =        0.077420236
-----------------
f at the beginning of new iteration,       373.9966997445
Predicted improvement:        0.037293578
lambda =          1; f =          373.9474508
Norm of dx   0.011746
----
Improvement on iteration 79 =        0.049248946
-----------------
f at the beginning of new iteration,       373.9474507988
Predicted improvement:        0.025538949
lambda =          1; f =          373.9071909
lambda =     1.9332; f =          373.8897200
Norm of dx   0.012249
----
Improvement on iteration 80 =        0.057730787
-----------------
f at the beginning of new iteration,       373.8897200113
Predicted improvement:        0.028001078
lambda =          1; f =          373.8394955
lambda =     1.9332; f =          373.8030366
lambda =     3.7372; f =          373.7611001
Norm of dx   0.010148
----
Improvement on iteration 81 =        0.128619862
-----------------
f at the beginning of new iteration,       373.7611001489
Predicted improvement:        0.070587764
lambda =          1; f =          373.6478867
lambda =     1.9332; f =          373.5922500
Norm of dx   0.024426
----
Improvement on iteration 82 =        0.168850180
-----------------
f at the beginning of new iteration,       373.5922499686
Predicted improvement:        0.047638859
lambda =          1; f =          373.5267629
Norm of dx   0.015588
----
Improvement on iteration 83 =        0.065487059
-----------------
f at the beginning of new iteration,       373.5267629097
Predicted improvement:        0.028894382
lambda =          1; f =          373.4825987
lambda =     1.9332; f =          373.4661876
Norm of dx    0.01583
----
Improvement on iteration 84 =        0.060575317
-----------------
f at the beginning of new iteration,       373.4661875929
Predicted improvement:        0.031416284
lambda =          1; f =          373.4066237
lambda =     1.9332; f =          373.3569213
lambda =     3.7372; f =          373.2768424
lambda =     7.2247; f =          373.1815152
Norm of dx  0.0086455
----
Improvement on iteration 85 =        0.284672433
-----------------
f at the beginning of new iteration,       373.1815151596
Predicted improvement:        0.178373606
lambda =          1; f =          372.9797045
Norm of dx   0.079129
----
Improvement on iteration 86 =        0.201810661
-----------------
f at the beginning of new iteration,       372.9797044985
Predicted improvement:        0.050896432
lambda =          1; f =          372.9343804
Norm of dx   0.029184
----
Improvement on iteration 87 =        0.045324054
-----------------
f at the beginning of new iteration,       372.9343804441
Predicted improvement:        0.010291053
lambda =          1; f =          372.9195178
lambda =     1.9332; f =          372.9161002
Norm of dx  0.0086337
----
Improvement on iteration 88 =        0.018280293
-----------------
f at the beginning of new iteration,       372.9161001511
Predicted improvement:        0.006037882
lambda =          1; f =          372.9054214
lambda =     1.9332; f =          372.8979713
lambda =     3.7372; f =          372.8904214
Norm of dx  0.0042145
----
Improvement on iteration 89 =        0.025678779
-----------------
f at the beginning of new iteration,       372.8904213721
Predicted improvement:        0.018313271
lambda =          1; f =          372.8584246
lambda =     1.9332; f =          372.8368772
lambda =     3.7372; f =          372.8178470
Norm of dx  0.0079413
----
Improvement on iteration 90 =        0.072574358
-----------------
f at the beginning of new iteration,       372.8178470141
Predicted improvement:        0.039696804
lambda =          1; f =          372.7554648
lambda =     1.9332; f =          372.7269240
Norm of dx   0.019847
----
Improvement on iteration 91 =        0.090923019
-----------------
f at the beginning of new iteration,       372.7269239947
Predicted improvement:        0.019577834
lambda =          1; f =          372.7026135
Norm of dx   0.017812
----
Improvement on iteration 92 =        0.024310526
-----------------
f at the beginning of new iteration,       372.7026134686
Predicted improvement:        0.004641091
lambda =          1; f =          372.6967511
Norm of dx  0.0075081
----
Improvement on iteration 93 =        0.005862324
-----------------
f at the beginning of new iteration,       372.6967511442
Predicted improvement:        0.002365376
lambda =          1; f =          372.6932521
lambda =     1.9332; f =          372.6921254
Norm of dx  0.0064049
----
Improvement on iteration 94 =        0.004625744
-----------------
f at the beginning of new iteration,       372.6921253999
Predicted improvement:        0.002770471
lambda =          1; f =          372.6872452
lambda =     1.9332; f =          372.6838714
lambda =     3.7372; f =          372.6805505
Norm of dx  0.0024726
----
Improvement on iteration 95 =        0.011574923
-----------------
f at the beginning of new iteration,       372.6805504768
Predicted improvement:        0.008328307
lambda =          1; f =          372.6664434
lambda =     1.9332; f =          372.6578604
lambda =     3.7372; f =          372.6538116
Norm of dx  0.0060085
----
Improvement on iteration 96 =        0.026738833
-----------------
f at the beginning of new iteration,       372.6538116441
Predicted improvement:        0.006732737
lambda =          1; f =          372.6441171
lambda =     1.9332; f =          372.6419606
Norm of dx  0.0072298
----
Improvement on iteration 97 =        0.011851076
-----------------
f at the beginning of new iteration,       372.6419605682
Predicted improvement:        0.001832559
lambda =          1; f =          372.6393346
lambda =     1.9332; f =          372.6387452
Norm of dx   0.003665
----
Improvement on iteration 98 =        0.003215384
-----------------
f at the beginning of new iteration,       372.6387451843
Predicted improvement:        0.000973627
lambda =          1; f =          372.6369496
lambda =     1.9332; f =          372.6355517
lambda =     3.7372; f =          372.6336093
lambda =     7.2247; f =          372.6326937
Norm of dx  0.0013124
----
Improvement on iteration 99 =        0.006051486
-----------------
f at the beginning of new iteration,       372.6326936986
Predicted improvement:        0.004435752
lambda =          1; f =          372.6250260
lambda =     1.9332; f =          372.6200440
lambda =     3.7372; f =          372.6164615
Norm of dx  0.0039202
----
Improvement on iteration 100 =        0.016232221
-----------------
f at the beginning of new iteration,       372.6164614777
Predicted improvement:        0.002916880
lambda =          1; f =          372.6128109
Norm of dx  0.0080389
----
Improvement on iteration 101 =        0.003650540
-----------------
f at the beginning of new iteration,       372.6128109376
Predicted improvement:        0.000763127
lambda =          1; f =          372.6116467
lambda =     1.9332; f =          372.6112146
Norm of dx   0.003231
----
Improvement on iteration 102 =        0.001596382
-----------------
f at the beginning of new iteration,       372.6112145552
Predicted improvement:        0.000866134
lambda =          1; f =          372.6095345
lambda =     1.9332; f =          372.6080597
lambda =     3.7372; f =          372.6054632
lambda =     7.2247; f =          372.6013955
lambda =     13.967; f =          372.5970948
Norm of dx  0.0014921
----
Improvement on iteration 103 =        0.014119765
-----------------
f at the beginning of new iteration,       372.5970947904
Predicted improvement:        0.006719729
lambda =          1; f =          372.5877499
Norm of dx  0.0079167
----
Improvement on iteration 104 =        0.009344881
-----------------
f at the beginning of new iteration,       372.5877499099
Predicted improvement:        0.002570070
lambda =          1; f =          372.5849335
Norm of dx  0.0047279
----
Improvement on iteration 105 =        0.002816419
-----------------
f at the beginning of new iteration,       372.5849334908
Predicted improvement:        0.000304964
lambda =          1; f =          372.5844281
lambda =     1.9332; f =          372.5841473
Norm of dx 0.00095179
----
Improvement on iteration 106 =        0.000786156
-----------------
f at the beginning of new iteration,       372.5841473350
Predicted improvement:        0.000756144
lambda =          1; f =          372.5828484
lambda =     1.9332; f =          372.5820264
lambda =     3.7372; f =          372.5815223
Norm of dx  0.0016213
----
Improvement on iteration 107 =        0.002625076
-----------------
f at the beginning of new iteration,       372.5815222586
Predicted improvement:        0.001945170
lambda =          1; f =          372.5778196
lambda =     1.9332; f =          372.5746985
lambda =     3.7372; f =          372.5695817
lambda =     7.2247; f =          372.5631304
Norm of dx  0.0027238
----
Improvement on iteration 108 =        0.018391887
-----------------
f at the beginning of new iteration,       372.5631303717
Predicted improvement:        0.013458700
lambda =          1; f =          372.5425341
lambda =     1.9332; f =          372.5347946
Norm of dx   0.027213
----
Improvement on iteration 109 =        0.028335751
-----------------
f at the beginning of new iteration,       372.5347946208
Predicted improvement:        0.004947475
lambda =          1; f =          372.5281891
Norm of dx   0.008856
----
Improvement on iteration 110 =        0.006605503
-----------------
f at the beginning of new iteration,       372.5281891178
Predicted improvement:        0.001220809
lambda =          1; f =          372.5267159
Norm of dx   0.003161
----
Improvement on iteration 111 =        0.001473258
-----------------
f at the beginning of new iteration,       372.5267158597
Predicted improvement:        0.000342728
lambda =          1; f =          372.5261031
lambda =     1.9332; f =          372.5256621
lambda =     3.7372; f =          372.5251667
Norm of dx   0.001224
----
Improvement on iteration 112 =        0.001549177
-----------------
f at the beginning of new iteration,       372.5251666829
Predicted improvement:        0.001285487
lambda =          1; f =          372.5227128
lambda =     1.9332; f =          372.5206305
lambda =     3.7372; f =          372.5171722
lambda =     7.2247; f =          372.5125947
Norm of dx  0.0033159
----
Improvement on iteration 113 =        0.012571944
-----------------
f at the beginning of new iteration,       372.5125947390
Predicted improvement:        0.010618676
lambda =          1; f =          372.4959987
lambda =     1.9332; f =          372.4889226
Norm of dx   0.027748
----
Improvement on iteration 114 =        0.023672131
-----------------
f at the beginning of new iteration,       372.4889226076
Predicted improvement:        0.005125799
lambda =          1; f =          372.4824276
Norm of dx  0.0082331
----
Improvement on iteration 115 =        0.006494990
-----------------
f at the beginning of new iteration,       372.4824276173
Predicted improvement:        0.001315765
lambda =          1; f =          372.4808608
Norm of dx  0.0022491
----
Improvement on iteration 116 =        0.001566866
-----------------
f at the beginning of new iteration,       372.4808607510
Predicted improvement:        0.000612163
lambda =          1; f =          372.4798040
lambda =     1.9332; f =          372.4791241
lambda =     3.7372; f =          372.4786546
Norm of dx  0.0015063
----
Improvement on iteration 117 =        0.002206155
-----------------
f at the beginning of new iteration,       372.4786545959
Predicted improvement:        0.001775234
lambda =          1; f =          372.4752364
lambda =     1.9332; f =          372.4722830
lambda =     3.7372; f =          372.4672259
lambda =     7.2247; f =          372.4599197
lambda =     13.967; f =          372.4552767
Norm of dx   0.004657
----
Improvement on iteration 118 =        0.023377867
-----------------
f at the beginning of new iteration,       372.4552767288
Predicted improvement:        0.016429885
lambda =          1; f =          372.4254291
lambda =     1.9332; f =          372.4029949
lambda =     3.7372; f =          372.3744006
Norm of dx   0.027423
----
Improvement on iteration 119 =        0.080876121
-----------------
f at the beginning of new iteration,       372.3744006077
Predicted improvement:        0.052592568
lambda =          1; f =          372.2964506
lambda =     1.9332; f =          372.2729828
Norm of dx    0.15369
----
Improvement on iteration 120 =        0.101417823
-----------------
f at the beginning of new iteration,       372.2729827851
Predicted improvement:        0.019952534
lambda =          1; f =          372.2489715
Norm of dx   0.022381
----
Improvement on iteration 121 =        0.024011250
-----------------
f at the beginning of new iteration,       372.2489715346
Predicted improvement:        0.002796650
lambda =          1; f =          372.2448677
lambda =     1.9332; f =          372.2437087
Norm of dx   0.012569
----
Improvement on iteration 122 =        0.005262805
-----------------
f at the beginning of new iteration,       372.2437087301
Predicted improvement:        0.002612041
lambda =          1; f =          372.2387433
lambda =     1.9332; f =          372.2345705
lambda =     3.7372; f =          372.2277535
lambda =     7.2247; f =          372.2191813
Norm of dx  0.0047894
----
Improvement on iteration 123 =        0.024527474
-----------------
f at the beginning of new iteration,       372.2191812564
Predicted improvement:        0.018964489
lambda =          1; f =          372.1888832
lambda =     1.9332; f =          372.2191818
lambda =     1.3017; f =          372.2191813
lambda =     1.0267; f =          372.1882841
lambda =     1.1838; f =          372.2191813
lambda =     1.0869; f =          372.1869755
lambda =     1.1441; f =          372.1857844
lambda =     1.2042; f =          372.2191813
lambda =     1.1677; f =          372.1853056
lambda =     1.1895; f =          372.2191813
lambda =     1.1764; f =          372.1851330
Norm of dx   0.072504
Cliff.  Perturbing search direction.
Predicted improvement:        0.077328469
lambda =          1; f =          372.2191818
lambda =    0.33333; f =          372.1895847
Norm of dx      0.117

badg2 =

     0

----
Improvement on iteration 124 =        0.034048263
back and forth on step length never finished
-----------------
f at the beginning of new iteration,       372.1851329932
Predicted improvement:        0.018964489
lambda =          1; f =          372.1851340
lambda =    0.33333; f =          372.1851331
lambda =    0.11111; f =          372.1851330
lambda =   0.037037; f =          372.1851330
lambda =   0.012346; f =          372.1851330
lambda =  0.0041152; f =          372.1850513
Norm of dx   0.072504
----
Improvement on iteration 125 =        0.000081699
-----------------
f at the beginning of new iteration,       372.1850512944
Predicted improvement:        0.008172093
lambda =          1; f =          372.1850514
lambda =    0.33333; f =          372.1850513
lambda =    0.11111; f =          372.1850513
lambda =   0.037037; f =          372.1850513
lambda =   0.012346; f =          372.1850513
lambda =  0.0041152; f =          372.1849841
lambda =  0.0079555; f =          372.1850513
lambda =  0.0053568; f =          372.1850513
lambda =  0.0042252; f =          372.1849823
lambda =  0.0048717; f =          372.1849717
lambda =  0.0056171; f =          372.1850513
lambda =  0.0051572; f =          372.1850513
lambda =  0.0048995; f =          372.1849713
lambda =  0.0050525; f =          372.1849688
lambda =  0.0052103; f =          372.1850513
lambda =  0.0051151; f =          372.1849677
lambda =   0.005172; f =          372.1850513
Norm of dx   0.012054
Cliff.  Perturbing search direction.
Predicted improvement:        0.061781435
lambda =          1; f =          372.1850534
lambda =    0.33333; f =          372.1850515
lambda =    0.11111; f =          372.1850513
lambda =   0.037037; f =          372.1850513
lambda =   0.012346; f =          372.1850513
lambda =  0.0041152; f =          372.1850513
lambda =  0.0013717; f =          372.1850513
lambda = 0.00045725; f =          372.1849948
lambda = 0.00088394; f =          372.1849423
lambda =  0.0017088; f =          372.1850513
lambda =  0.0011506; f =          372.1850513
lambda = 0.00090756; f =          372.1849394
lambda =  0.0010464; f =          372.1850513
lambda = 0.00096075; f =          372.1850513
lambda = 0.00091274; f =          372.1850513
Norm of dx    0.11364
Cliff again.  Try traversing
Predicted improvement:        0.024238185
lambda =          1; f =          372.1850513
lambda =    0.33333; f =          372.1850513
lambda =    0.11111; f =          372.1858221
lambda =   0.037037; f =          372.1839311
Norm of dx    0.22017
----
Improvement on iteration 126 =        0.001120226
-----------------
f at the beginning of new iteration,       372.1839310689
Predicted improvement:        0.009622752
lambda =          1; f =          372.1839311
lambda =    0.33333; f =          372.1839311
lambda =    0.11111; f =          372.1839311
lambda =   0.037037; f =          372.1839311
lambda =   0.012346; f =          372.1836937
lambda =   0.023866; f =          372.1839311
lambda =    0.01607; f =          372.1836222
lambda =   0.020374; f =          372.1839311
lambda =    0.01767; f =          372.1839311
lambda =   0.016224; f =          372.1839311
Norm of dx   0.014821
Cliff.  Perturbing search direction.
Predicted improvement:        0.043437460
lambda =          1; f =          372.1839311
lambda =    0.33333; f =          372.1839311
lambda =    0.11111; f =          372.1839311
lambda =   0.037037; f =          372.1839311
lambda =   0.012346; f =          372.1839311
lambda =  0.0041152; f =          372.1835745
lambda =  0.0079555; f =          372.1832436
lambda =   0.015379; f =          372.1839311
lambda =   0.010356; f =          372.1839311
lambda =   0.008168; f =          372.1832254
lambda =  0.0094179; f =          372.1839311
lambda =  0.0086467; f =          372.1839311
lambda =  0.0082147; f =          372.1832214
lambda =  0.0084712; f =          372.1831993
lambda =  0.0087358; f =          372.1839311
lambda =  0.0085761; f =          372.1831903
lambda =  0.0086716; f =          372.1839311
Norm of dx   0.070025
Cliff again.  Try traversing
Predicted improvement:        0.473603796
lambda =          1; f =          401.7333465
lambda =    0.33333; f =          373.8562229
lambda =    0.11111; f =          372.2766975
lambda =   0.037037; f =          372.1699690
Norm of dx    0.97325
----
Improvement on iteration 127 =        0.013962052
-----------------
f at the beginning of new iteration,       372.1699690173
Predicted improvement:        0.020667931
lambda =          1; f =          372.1699691
lambda =    0.33333; f =          372.1699690
lambda =    0.11111; f =          372.1699690
lambda =   0.037037; f =          372.1699690
lambda =   0.012346; f =          372.1699690
lambda =  0.0041152; f =          372.1697990
lambda =  0.0079555; f =          372.1699690
lambda =  0.0053568; f =          372.1699690
lambda =  0.0042252; f =          372.1697945
lambda =  0.0048717; f =          372.1699690
lambda =  0.0044728; f =          372.1697842
lambda =   0.004708; f =          372.1697745
lambda =  0.0049556; f =          372.1699690
lambda =  0.0048056; f =          372.1697705
lambda =  0.0048951; f =          372.1699690
lambda =  0.0048412; f =          372.1699690
Norm of dx    0.03187
Cliff.  Perturbing search direction.
Predicted improvement:        0.129629483
lambda =          1; f =          372.6988583
lambda =    0.33333; f =          372.1791213
lambda =    0.11111; f =          372.1521178
Norm of dx    0.19452

badg2 =

     0

----
Improvement on iteration 128 =        0.017851209
-----------------
f at the beginning of new iteration,       372.1521178082
Predicted improvement:        0.035635123
lambda =          1; f =          372.0937923
lambda =     1.9332; f =          372.0617012
Norm of dx   0.084417
----
Improvement on iteration 129 =        0.090416616
-----------------
f at the beginning of new iteration,       372.0617011925
Predicted improvement:        0.055799288
lambda =          1; f =          371.9806887
lambda =     1.9332; f =          371.9621143
Norm of dx    0.25427
----
Improvement on iteration 130 =        0.099586907
-----------------
f at the beginning of new iteration,       371.9621142857
Predicted improvement:        0.035609356
lambda =          1; f =          371.9028020
lambda =     1.9332; f =          371.8695807
Norm of dx   0.085112
----
Improvement on iteration 131 =        0.092533607
-----------------
f at the beginning of new iteration,       371.8695806785
Predicted improvement:        0.056035720
lambda =          1; f =          371.7925841
Norm of dx    0.28469
----
Improvement on iteration 132 =        0.076996557
-----------------
f at the beginning of new iteration,       371.7925841212
Predicted improvement:        0.033544288
lambda =          1; f =          371.7484393
Norm of dx    0.24675
----
Improvement on iteration 133 =        0.044144815
-----------------
f at the beginning of new iteration,       371.7484393059
Predicted improvement:        0.011597659
lambda =          1; f =          371.7342714
Norm of dx   0.092852
----
Improvement on iteration 134 =        0.014167942
-----------------
f at the beginning of new iteration,       371.7342713637
Predicted improvement:        0.002797735
lambda =          1; f =          371.7301841
lambda =     1.9332; f =          371.7290629
Norm of dx   0.019516
----
Improvement on iteration 135 =        0.005208452
-----------------
f at the beginning of new iteration,       371.7290629122
Predicted improvement:        0.002444154
lambda =          1; f =          371.7249431
lambda =     1.9332; f =          371.7225588
Norm of dx    0.01002
----
Improvement on iteration 136 =        0.006504124
-----------------
f at the beginning of new iteration,       371.7225587880
Predicted improvement:        0.010574263
lambda =          1; f =          371.7066755
lambda =     1.9332; f =          371.7012512
Norm of dx   0.032628
----
Improvement on iteration 137 =        0.021307592
-----------------
f at the beginning of new iteration,       371.7012511956
Predicted improvement:        0.015727361
lambda =          1; f =          371.6768063
lambda =     1.9332; f =          371.6673643
Norm of dx   0.080762
----
Improvement on iteration 138 =        0.033886892
-----------------
f at the beginning of new iteration,       371.6673643039
Predicted improvement:        0.022116250
lambda =          1; f =          371.6415869
Norm of dx    0.11353
----
Improvement on iteration 139 =        0.025777428
-----------------
f at the beginning of new iteration,       371.6415868760
Predicted improvement:        0.005158635
lambda =          1; f =          371.6354294
Norm of dx   0.051512
----
Improvement on iteration 140 =        0.006157460
-----------------
f at the beginning of new iteration,       371.6354294158
Predicted improvement:        0.001177140
lambda =          1; f =          371.6340432
Norm of dx  0.0095121
----
Improvement on iteration 141 =        0.001386253
-----------------
f at the beginning of new iteration,       371.6340431628
Predicted improvement:        0.000196420
lambda =          1; f =          371.6337572
lambda =     1.9332; f =          371.6336832
Norm of dx  0.0023972
----
Improvement on iteration 142 =        0.000360011
-----------------
f at the beginning of new iteration,       371.6336831513
Predicted improvement:        0.000150958
lambda =          1; f =          371.6333951
lambda =     1.9332; f =          371.6331517
lambda =     3.7372; f =          371.6327508
lambda =     7.2247; f =          371.6322347
Norm of dx  0.0026081
----
Improvement on iteration 143 =        0.001448449
-----------------
f at the beginning of new iteration,       371.6322347021
Predicted improvement:        0.001211135
lambda =          1; f =          371.6302419
lambda =     1.9332; f =          371.6291551
Norm of dx  0.0059983
----
Improvement on iteration 144 =        0.003079600
-----------------
f at the beginning of new iteration,       371.6291551021
Predicted improvement:        0.001340888
lambda =          1; f =          371.6273126
Norm of dx   0.020399
----
Improvement on iteration 145 =        0.001842548
-----------------
f at the beginning of new iteration,       371.6273125542
Predicted improvement:        0.000513547
lambda =          1; f =          371.6267334
Norm of dx   0.015461
----
Improvement on iteration 146 =        0.000579167
-----------------
f at the beginning of new iteration,       371.6267333875
Predicted improvement:        0.000030108
lambda =          1; f =          371.6266959
Norm of dx  0.0015908
----
Improvement on iteration 147 =        0.000037508
-----------------
f at the beginning of new iteration,       371.6266958791
Predicted improvement:        0.000004919
lambda =          1; f =          371.6266896
Norm of dx 0.00090449
----
Improvement on iteration 148 =        0.000006316
-----------------
f at the beginning of new iteration,       371.6266895636
Predicted improvement:        0.000002162
lambda =          1; f =          371.6266859
lambda =     1.9332; f =          371.6266837
Norm of dx 0.00045838
----
Improvement on iteration 149 =        0.000005816
-----------------
f at the beginning of new iteration,       371.6266837480
Predicted improvement:        0.000005700
lambda =          1; f =          371.6266736
lambda =     1.9332; f =          371.6266664
lambda =     3.7372; f =          371.6266582
Norm of dx 0.00074709
----
Improvement on iteration 150 =        0.000025551
-----------------
f at the beginning of new iteration,       371.6266581972
Predicted improvement:        0.000022605
lambda =          1; f =          371.6266144
lambda =     1.9332; f =          371.6265761
lambda =     3.7372; f =          371.6265092
lambda =     7.2247; f =          371.6264061
lambda =     13.967; f =          371.6263053
Norm of dx 0.00083232
----
Improvement on iteration 151 =        0.000352907
-----------------
f at the beginning of new iteration,       371.6263052905
Predicted improvement:        0.000309432
lambda =          1; f =          371.6257164
lambda =     1.9332; f =          371.6252225
lambda =     3.7372; f =          371.6244198
lambda =     7.2247; f =          371.6234375
Norm of dx   0.009522
----
Improvement on iteration 152 =        0.002867773
-----------------
f at the beginning of new iteration,       371.6234375175
Predicted improvement:        0.000753651
lambda =          1; f =          371.6225677
Norm of dx   0.033547
----
Improvement on iteration 153 =        0.000869778
-----------------
f at the beginning of new iteration,       371.6225677398
Predicted improvement:        0.000039527
lambda =          1; f =          371.6225239
Norm of dx   0.002589
----
Improvement on iteration 154 =        0.000043858
-----------------
f at the beginning of new iteration,       371.6225238822
Predicted improvement:        0.000001425
lambda =          1; f =          371.6225223
Norm of dx 0.00047453
----
Improvement on iteration 155 =        0.000001590
-----------------
f at the beginning of new iteration,       371.6225222927
Predicted improvement:        0.000000071
lambda =          1; f =          371.6225223
lambda =    0.33333; f =          371.6225223
Norm of dx  0.0002876
----
Improvement on iteration 156 =        0.000000033
improvement < crit termination

Final value of minus the log posterior (or likelihood):371.622522 

MODE CHECK

Fval obtained by the minimization routine (minus the posterior/likelihood)): 371.622522

RESULTS FROM POSTERIOR ESTIMATION
parameters
        prior mean     mode    s.d. prior pstdev

crhoa       0.500   0.9780  0.0126 beta  0.2000 
crhob       0.500   0.9451  0.0208 beta  0.2000 
crhog       0.500   0.9389  0.0556 beta  0.2000 
crhoqs      0.500   0.9800  0.0172 beta  0.2000 
crhoms      0.500   0.4656  0.0773 beta  0.2000 
crhopinf    0.500   0.9891  0.0075 beta  0.2000 
crhow       0.500   0.2684  0.1443 beta  0.2000 
cmap        0.500   0.8976  0.0456 beta  0.2000 
cmaw        0.500   0.4435  0.1085 beta  0.2000 
csadjcost   4.000   6.8614  1.1994 norm  1.5000 
csigma      1.500   0.9216  0.1436 norm  0.3750 
chabb       0.700   0.6629  0.0527 beta  0.1000 
cprobw      0.500   0.8789  0.0307 beta  0.1000 
csigl       2.000   2.2875  0.6625 norm  0.7500 
cprobp      0.500   0.7926  0.0463 beta  0.1000 
cindw       0.500   0.3360  0.1477 beta  0.1500 
cindp       0.500   0.2348  0.0895 beta  0.1500 
czcap       0.500   0.8965  0.0500 beta  0.1500 
cfc         1.250   1.5278  0.0956 norm  0.1250 
crpi        1.500   1.9338  0.2124 norm  0.2500 
crr         0.750   0.8954  0.0190 beta  0.1000 
cry         0.125   0.0102  0.0186 norm  0.0500 
crdy        0.125   0.1395  0.0242 norm  0.0500 
constepinf   0.625   0.5927  0.1003 gamm  0.1000 
constebeta   0.250   0.1448  0.0633 gamm  0.1000 
constelab   0.000  -1.1769  1.7318 norm  2.0000 
ctrend      0.400   0.4491  0.0961 norm  0.1000 
cgy         0.500   0.4980  0.0940 norm  0.2500 
calfa       0.300   0.1772  0.0247 norm  0.0500 

standard deviation of shocks
        prior mean     mode    s.d. prior pstdev

ea          0.100   0.4181  0.0358 invg  2.0000 
eb          0.100   0.0369  0.0068 invg  2.0000 
eg          0.100   0.3509  0.0267 invg  2.0000 
eqs         0.100   0.2424  0.0457 invg  2.0000 
em          0.100   0.0901  0.0095 invg  2.0000 
epinf       0.100   0.1027  0.0131 invg  2.0000 
ew          0.100   0.5210  0.0498 invg  2.0000 


Log data density [Laplace approximation] is -453.081619.

Estimation::mcmc: One Chain mode.
Estimation::mcmc: Initialization at the posterior mode.

Estimation::mcmc: Write details about the MCMC... Ok!
Estimation::mcmc: Details about the MCMC are available in SW07/metropolis\SW07_mh_history_0.mat

{Operation terminated by user during <a href="matlab:matlab.internal.language.introspective.errorDocCallback('dyn_first_order_solver', 'C:\dynare\4.5.7\matlab\dyn_first_order_solver.m', 167)" style="font-weight:bold">dyn_first_order_solver</a> (<a href="matlab: opentoline('C:\dynare\4.5.7\matlab\dyn_first_order_solver.m',167,0)">line 167</a>)


In <a href="matlab:matlab.internal.language.introspective.errorDocCallback('stochastic_solvers', 'C:\dynare\4.5.7\matlab\stochastic_solvers.m', 267)" style="font-weight:bold">stochastic_solvers</a> (<a href="matlab: opentoline('C:\dynare\4.5.7\matlab\stochastic_solvers.m',267,0)">line 267</a>)
        [dr,info] = dyn_first_order_solver(jacobia_,M_,dr,options_,task);

In <a href="matlab:matlab.internal.language.introspective.errorDocCallback('resol', 'C:\dynare\4.5.7\matlab\resol.m', 144)" style="font-weight:bold">resol</a> (<a href="matlab: opentoline('C:\dynare\4.5.7\matlab\resol.m',144,0)">line 144</a>)
    [dr,info] = stochastic_solvers(dr,check_flag,M,options,oo);

In <a href="matlab:matlab.internal.language.introspective.errorDocCallback('dynare_resolve', 'C:\dynare\4.5.7\matlab\dynare_resolve.m', 69)" style="font-weight:bold">dynare_resolve</a> (<a href="matlab: opentoline('C:\dynare\4.5.7\matlab\dynare_resolve.m',69,0)">line 69</a>)
[dr,info,Model,DynareOptions,DynareResults] = resol(0,Model,DynareOptions,DynareResults);

In <a href="matlab:matlab.internal.language.introspective.errorDocCallback('dsge_likelihood', 'C:\dynare\4.5.7\matlab\dsge_likelihood.m', 252)" style="font-weight:bold">dsge_likelihood</a> (<a href="matlab: opentoline('C:\dynare\4.5.7\matlab\dsge_likelihood.m',252,0)">line 252</a>)
[T,R,SteadyState,info,Model,DynareOptions,DynareResults] =
dynare_resolve(Model,DynareOptions,DynareResults,'restrict');

In <a href="matlab:matlab.internal.language.introspective.errorDocCallback('posterior_sampler_iteration', 'C:\dynare\4.5.7\matlab\posterior_sampler_iteration.m', 64)" style="font-weight:bold">posterior_sampler_iteration</a> (<a href="matlab: opentoline('C:\dynare\4.5.7\matlab\posterior_sampler_iteration.m',64,0)">line 64</a>)
            logpost = - feval(TargetFun, par(:),varargin{:});

In <a href="matlab:matlab.internal.language.introspective.errorDocCallback('posterior_sampler_core', 'C:\dynare\4.5.7\matlab\posterior_sampler_core.m', 170)" style="font-weight:bold">posterior_sampler_core</a> (<a href="matlab: opentoline('C:\dynare\4.5.7\matlab\posterior_sampler_core.m',170,0)">line 170</a>)
        [par, logpost, accepted, neval] = posterior_sampler_iteration(TargetFun, last_draw(curr_block,:),
        last_posterior(curr_block),
        sampler_options,dataset_,dataset_info,options_,M_,estim_params_,bayestopt_,mh_bounds,oo_);

In <a href="matlab:matlab.internal.language.introspective.errorDocCallback('posterior_sampler', 'C:\dynare\4.5.7\matlab\posterior_sampler.m', 121)" style="font-weight:bold">posterior_sampler</a> (<a href="matlab: opentoline('C:\dynare\4.5.7\matlab\posterior_sampler.m',121,0)">line 121</a>)
    fout = posterior_sampler_core(localVars, fblck, nblck, 0);

In <a href="matlab:matlab.internal.language.introspective.errorDocCallback('dynare_estimation_1', 'C:\dynare\4.5.7\matlab\dynare_estimation_1.m', 448)" style="font-weight:bold">dynare_estimation_1</a> (<a href="matlab: opentoline('C:\dynare\4.5.7\matlab\dynare_estimation_1.m',448,0)">line 448</a>)
            posterior_sampler(objective_function,posterior_sampler_options.proposal_distribution,xparam1,posterior_sampler_options,bounds,dataset_,dataset_info,options_,M_,estim_params_,bayestopt_,oo_);

In <a href="matlab:matlab.internal.language.introspective.errorDocCallback('dynare_estimation', 'C:\dynare\4.5.7\matlab\dynare_estimation.m', 105)" style="font-weight:bold">dynare_estimation</a> (<a href="matlab: opentoline('C:\dynare\4.5.7\matlab\dynare_estimation.m',105,0)">line 105</a>)
    dynare_estimation_1(var_list,dname);

In <a href="matlab:matlab.internal.language.introspective.errorDocCallback('SW07', 'C:\Users\THUY TRANG\Documents\GitHub\MMB_forecast_application\estimations\SW07_20200512_s3\SW07.m', 566)" style="font-weight:bold">SW07</a> (<a href="matlab: opentoline('C:\Users\THUY TRANG\Documents\GitHub\MMB_forecast_application\estimations\SW07_20200512_s3\SW07.m',566,0)">line 566</a>)
oo_recursive_=dynare_estimation(var_list_);

In <a href="matlab:matlab.internal.language.introspective.errorDocCallback('dynare', 'C:\dynare\4.5.7\matlab\dynare.m', 235)" style="font-weight:bold">dynare</a> (<a href="matlab: opentoline('C:\dynare\4.5.7\matlab\dynare.m',235,0)">line 235</a>)
evalin('base',fname) ;

In <a href="matlab:matlab.internal.language.introspective.errorDocCallback('gen_forecast', 'C:\Users\THUY TRANG\Documents\GitHub\MMB_forecast_application\gen_forecast.m', 212)" style="font-weight:bold">gen_forecast</a> (<a href="matlab: opentoline('C:\Users\THUY TRANG\Documents\GitHub\MMB_forecast_application\gen_forecast.m',212,0)">line 212</a>)
                            dynare(convertStringsToChars(t.name.modfile));
} 
gen_forecast_ew
[Warning: Folder DS04_20010214_s1_ew64q1 does not exist, will be created.] 
[> In <a href="matlab:matlab.internal.language.introspective.errorDocCallback('gen_forecast_ew', 'C:\Users\THUY TRANG\Documents\GitHub\MMB_forecast_application\gen_forecast_ew.m', 117)" style="font-weight:bold">gen_forecast_ew</a> (<a href="matlab: opentoline('C:\Users\THUY TRANG\Documents\GitHub\MMB_forecast_application\gen_forecast_ew.m',117,0)">line 117</a>)] 
Mode file not exists, and mode computation will be started.

Configuring Dynare ...
[mex] Generalized QZ.
[mex] Sylvester equation solution.
[mex] Kronecker products.
[mex] Sparse kronecker products.
[mex] Local state space iteration (second order).
[mex] Bytecode evaluation.
[mex] k-order perturbation solver.
[mex] k-order solution simulation.
[mex] Quasi Monte-Carlo sequence (Sobol).
[mex] Markov Switching SBVAR.

Using 64-bit preprocessor
Starting Dynare (version 4.5.7).
Starting preprocessing of the model file ...
Substitution of endo lags >= 2: added 2 auxiliary variables and equations.
Found 13 equation(s).
Evaluating expressions...done
Computing static model derivatives:
 - order 1
Computing dynamic model derivatives:
 - order 1
 - order 2
Processing outputs ...
done
Preprocessing completed.

