Starting preprocessing of the model file ...
Found 16 equation(s).
Evaluating expressions...done
Computing static model derivatives (order 1).
Computing dynamic model derivatives (order 2).
Processing outputs ...
done
Preprocessing completed.
Initial value of the log posterior (or likelihood): -780.0029
-----------------
f at the beginning of new iteration,       780.0028673940
Predicted improvement:  3891519.012207905
lambda =          1; f =          780.0033875
lambda =    0.33333; f =          780.0028909
lambda =    0.11111; f =         1150.1181843
lambda =   0.037037; f =          853.4512115
lambda =   0.012346; f =          608.0422688
lambda =  0.0041152; f =          406.6514613
lambda =  0.0013717; f =          256.3687739
lambda = 0.00045725; f =          200.6360559
lambda = 0.00015242; f =          301.1813166
Norm of dx     27.898
----
Improvement on iteration 1 =      579.366811491
-----------------
f at the beginning of new iteration,       200.6360559033
Predicted improvement:     1796.499368870
lambda =          1; f =          200.9750931
lambda =    0.33333; f =          200.6729592
lambda =    0.11111; f =          200.6399130
lambda =   0.037037; f =          200.6364087
lambda =   0.012346; f =          200.6360748
lambda =  0.0041152; f =          503.4784582
lambda =  0.0013717; f =          202.0681642
lambda = 0.00045725; f =          199.5004973
Norm of dx    0.59955
----
Improvement on iteration 2 =        1.135558607
-----------------
f at the beginning of new iteration,       199.5004972967
Predicted improvement:       60.104652301
lambda =          1; f =          199.5009522
lambda =    0.33333; f =          199.5005164
lambda =    0.11111; f =          228.7434438
lambda =   0.037037; f =          203.3943357
lambda =   0.012346; f =          199.2162288
lambda =  0.0041152; f =          199.1522639
lambda =  0.0079555; f =          199.0678955
Norm of dx    0.11131
----
Improvement on iteration 3 =        0.432601817
-----------------
f at the beginning of new iteration,       199.0678954794
Predicted improvement:       15.948073610
lambda =          1; f =          199.0698609
lambda =    0.33333; f =          199.0680313
lambda =    0.11111; f =          199.0678971
lambda =   0.037037; f =          198.1435581
lambda =   0.071599; f =          201.8929214
lambda =   0.048211; f =          198.2157630
Norm of dx   0.063251
----
Improvement on iteration 4 =        0.924337381
-----------------
f at the beginning of new iteration,       198.1435580988
Predicted improvement:        8.237532725
lambda =          1; f =          198.1437799
lambda =    0.33333; f =          198.1435617
lambda =    0.11111; f =          197.0319324
Norm of dx   0.051467
----
Improvement on iteration 5 =        1.111625701
-----------------
f at the beginning of new iteration,       197.0319323975
Predicted improvement:       21.623808735
lambda =          1; f =          174.5818124
Norm of dx    0.14805
----
Improvement on iteration 6 =       22.450119952
-----------------
f at the beginning of new iteration,       174.5818124456
Predicted improvement:       46.329147803
lambda =          1; f =          128.2781641
Norm of dx    0.29873
----
Improvement on iteration 7 =       46.303648325
-----------------
f at the beginning of new iteration,       128.2781641207
Predicted improvement:       23.044131632
lambda =          1; f =          128.2792187
lambda =    0.33333; f =          113.4899045
lambda =    0.64439; f =          101.4253077
lambda =     1.2457; f =          128.2851703
lambda =     0.8388; f =          114.8251845
Norm of dx     0.3032
----
Improvement on iteration 8 =       26.852856437
-----------------
f at the beginning of new iteration,       101.4253076839
Predicted improvement:       30.371149719
lambda =          1; f =          101.4253081
lambda =    0.33333; f =          101.4307584
lambda =    0.11111; f =          109.3875066
lambda =   0.037037; f =           99.7542174
lambda =   0.071599; f =          100.3090908
lambda =   0.048211; f =           99.6026838
Norm of dx    0.51477
----
Improvement on iteration 9 =        1.822623926
-----------------
f at the beginning of new iteration,        99.6026837583
Predicted improvement:       10.263117939
lambda =          1; f =          100.4839754
lambda =    0.33333; f =           93.9730109
lambda =    0.64439; f =           91.9713815
Norm of dx   0.047213
----
Improvement on iteration 10 =        7.631302218
-----------------
f at the beginning of new iteration,        91.9713815402
Predicted improvement:        6.456916611
lambda =          1; f =           84.0922928
Norm of dx    0.03751
----
Improvement on iteration 11 =        7.879088748
-----------------
f at the beginning of new iteration,        84.0922927923
Predicted improvement:        6.473340573
lambda =          1; f =           77.6151465
Norm of dx   0.070139
----
Improvement on iteration 12 =        6.477146275
-----------------
f at the beginning of new iteration,        77.6151465176
Predicted improvement:        4.019546303
lambda =          1; f =           77.6151471
lambda =    0.33333; f =           75.5194052
lambda =    0.64439; f =           74.5820229
Norm of dx   0.031022
----
Improvement on iteration 13 =        3.033123618
-----------------
f at the beginning of new iteration,        74.5820228993
Predicted improvement:        3.988963723
lambda =          1; f =           72.6259287
lambda =    0.33333; f =           72.6125622
lambda =    0.64439; f =           71.9517610
Norm of dx   0.036018
----
Improvement on iteration 14 =        2.630261851
-----------------
f at the beginning of new iteration,        71.9517610483
Predicted improvement:        1.455438983
lambda =          1; f =           71.9517931
lambda =    0.33333; f =           71.3131758
Norm of dx   0.023142
----
Improvement on iteration 15 =        0.638585297
-----------------
f at the beginning of new iteration,        71.3131757517
Predicted improvement:        0.377741930
lambda =          1; f =           70.7117125
lambda =     1.9332; f =           70.4442180
Norm of dx  0.0094533
----
Improvement on iteration 16 =        0.868957768
-----------------
f at the beginning of new iteration,        70.4442179838
Predicted improvement:        0.493597443
lambda =          1; f =           69.7824291
Norm of dx   0.018435
----
Improvement on iteration 17 =        0.661788864
-----------------
f at the beginning of new iteration,        69.7824291195
Predicted improvement:        0.718268105
lambda =          1; f =           68.7182214
lambda =     1.9332; f =           68.5259311
Norm of dx   0.031667
----
Improvement on iteration 18 =        1.256498044
-----------------
f at the beginning of new iteration,        68.5259310751
Predicted improvement:        0.915611487
lambda =          1; f =           67.5381555
Norm of dx   0.020308
----
Improvement on iteration 19 =        0.987775590
-----------------
f at the beginning of new iteration,        67.5381554849
Predicted improvement:        0.583642935
lambda =          1; f =           66.8037359
Norm of dx   0.017419
----
Improvement on iteration 20 =        0.734419565
-----------------
f at the beginning of new iteration,        66.8037359202
Predicted improvement:        0.348327733
lambda =          1; f =           66.3244045
Norm of dx   0.029734
----
Improvement on iteration 21 =        0.479331465
-----------------
f at the beginning of new iteration,        66.3244044553
Predicted improvement:        0.224956599
lambda =          1; f =           66.0009775
lambda =     1.9332; f =           65.9169984
Norm of dx   0.023785
----
Improvement on iteration 22 =        0.407406087
-----------------
f at the beginning of new iteration,        65.9169983685
Predicted improvement:        0.142215975
lambda =          1; f =           65.6486149
lambda =     1.9332; f =           65.4270317
lambda =     3.7372; f =           65.0735752
lambda =     7.2247; f =           64.6541662
Norm of dx  0.0085835
----
Improvement on iteration 23 =        1.262832210
-----------------
f at the beginning of new iteration,        64.6541661585
Correct for low angle: 0.00499958
Predicted improvement:        0.561496259
lambda =          1; f =           63.9167205
Norm of dx   0.068854
----
Improvement on iteration 24 =        0.737445701
-----------------
f at the beginning of new iteration,        63.9167204573
Predicted improvement:        0.407913431
lambda =          1; f =           63.3413386
lambda =     1.9332; f =           63.3664812
Norm of dx     0.0268
----
Improvement on iteration 25 =        0.575381906
-----------------
f at the beginning of new iteration,        63.3413385511
Predicted improvement:        0.350065238
lambda =          1; f =           63.0914842
Norm of dx   0.013339
----
Improvement on iteration 26 =        0.249854364
-----------------
f at the beginning of new iteration,        63.0914841866
Predicted improvement:        0.136354152
lambda =          1; f =           62.9205817
Norm of dx   0.012108
----
Improvement on iteration 27 =        0.170902528
-----------------
f at the beginning of new iteration,        62.9205816586
Predicted improvement:        0.098530852
lambda =          1; f =           62.7517203
lambda =     1.9332; f =           62.6440272
lambda =     3.7372; f =           62.5682800
Norm of dx   0.011643
----
Improvement on iteration 28 =        0.352301685
-----------------
f at the beginning of new iteration,        62.5682799735
Predicted improvement:        0.184979897
lambda =          1; f =           62.2543188
lambda =     1.9332; f =           62.0592414
lambda =     3.7372; f =           61.9389970
Norm of dx   0.010846
----
Improvement on iteration 29 =        0.629282946
-----------------
f at the beginning of new iteration,        61.9389970277
Predicted improvement:        0.295330505
lambda =          1; f =           61.6050692
Norm of dx   0.051572
----
Improvement on iteration 30 =        0.333927818
-----------------
f at the beginning of new iteration,        61.6050692101
Predicted improvement:        0.113253298
lambda =          1; f =           61.4691441
Norm of dx   0.013135
----
Improvement on iteration 31 =        0.135925088
-----------------
f at the beginning of new iteration,        61.4691441226
Predicted improvement:        0.044500747
lambda =          1; f =           61.4167992
Norm of dx   0.014231
----
Improvement on iteration 32 =        0.052344966
-----------------
f at the beginning of new iteration,        61.4167991570
Predicted improvement:        0.031896260
lambda =          1; f =           61.3675777
lambda =     1.9332; f =           61.3472257
Norm of dx  0.0093336
----
Improvement on iteration 33 =        0.069573478
-----------------
f at the beginning of new iteration,        61.3472256787
Correct for low angle: 0.00405289
Predicted improvement:        0.035795490
lambda =          1; f =           61.3075844
Norm of dx   0.010476
----
Improvement on iteration 34 =        0.039641263
-----------------
f at the beginning of new iteration,        61.3075844156
Predicted improvement:        0.026024509
lambda =          1; f =           61.2647440
lambda =     1.9332; f =           61.2396403
Norm of dx  0.0048094
----
Improvement on iteration 35 =        0.067944089
-----------------
f at the beginning of new iteration,        61.2396403266
Predicted improvement:        0.031035846
lambda =          1; f =           61.1930915
lambda =     1.9332; f =           61.1762198
Norm of dx  0.0071174
----
Improvement on iteration 36 =        0.063420518
-----------------
f at the beginning of new iteration,        61.1762198086
Predicted improvement:        0.024968872
lambda =          1; f =           61.1360463
lambda =     1.9332; f =           61.1167171
Norm of dx  0.0098608
----
Improvement on iteration 37 =        0.059502718
-----------------
f at the beginning of new iteration,        61.1167170906
Predicted improvement:        0.038951363
lambda =          1; f =           61.0603550
lambda =     1.9332; f =           61.0471781
Norm of dx   0.015821
----
Improvement on iteration 38 =        0.069539006
-----------------
f at the beginning of new iteration,        61.0471780848
Predicted improvement:        0.021441159
lambda =          1; f =           61.0158759
lambda =     1.9332; f =           61.0100233
Norm of dx  0.0041961
----
Improvement on iteration 39 =        0.037154823
-----------------
f at the beginning of new iteration,        61.0100232619
Predicted improvement:        0.010986358
lambda =          1; f =           60.9933899
lambda =     1.9332; f =           60.9870825
Norm of dx  0.0071911
----
Improvement on iteration 40 =        0.022940755
-----------------
f at the beginning of new iteration,        60.9870825066
Predicted improvement:        0.014731521
lambda =          1; f =           60.9604210
lambda =     1.9332; f =           60.9408501
lambda =     3.7372; f =           60.9190197
Norm of dx  0.0047542
----
Improvement on iteration 41 =        0.068062820
-----------------
f at the beginning of new iteration,        60.9190196862
Predicted improvement:        0.028479214
lambda =          1; f =           60.8892917
Norm of dx   0.009994
----
Improvement on iteration 42 =        0.029728017
-----------------
f at the beginning of new iteration,        60.8892916694
Predicted improvement:        0.009460252
lambda =          1; f =           60.8758489
lambda =     1.9332; f =           60.8726581
Norm of dx  0.0075942
----
Improvement on iteration 43 =        0.016633567
-----------------
f at the beginning of new iteration,        60.8726581025
Predicted improvement:        0.011752919
lambda =          1; f =           60.8502729
lambda =     1.9332; f =           60.8314645
lambda =     3.7372; f =           60.8008844
lambda =     7.2247; f =           60.7640305
Norm of dx   0.004525
----
Improvement on iteration 44 =        0.108627579
-----------------
f at the beginning of new iteration,        60.7640305234
Predicted improvement:        0.107349772
lambda =          1; f =           60.5881139
lambda =     1.9332; f =           60.4941262
Norm of dx   0.051032
----
Improvement on iteration 45 =        0.269904324
-----------------
f at the beginning of new iteration,        60.4941261995
Predicted improvement:        0.101523382
lambda =          1; f =           60.3643471
Norm of dx   0.074969
----
Improvement on iteration 46 =        0.129779104
-----------------
f at the beginning of new iteration,        60.3643470958
Predicted improvement:        0.026822122
lambda =          1; f =           60.3289283
Norm of dx   0.023867
----
Improvement on iteration 47 =        0.035418776
-----------------
f at the beginning of new iteration,        60.3289283200
Predicted improvement:        0.011457433
lambda =          1; f =           60.3117483
lambda =     1.9332; f =           60.3057286
Norm of dx  0.0093086
----
Improvement on iteration 48 =        0.023199684
-----------------
f at the beginning of new iteration,        60.3057286355
Predicted improvement:        0.007407838
lambda =          1; f =           60.2926558
lambda =     1.9332; f =           60.2838384
lambda =     3.7372; f =           60.2764098
Norm of dx  0.0040981
----
Improvement on iteration 49 =        0.029318790
-----------------
f at the beginning of new iteration,        60.2764098455
Predicted improvement:        0.007846163
lambda =          1; f =           60.2654292
Norm of dx  0.0074081
----
Improvement on iteration 50 =        0.010980666
-----------------
f at the beginning of new iteration,        60.2654291798
Predicted improvement:        0.006596482
lambda =          1; f =           60.2581570
Norm of dx   0.011403
----
Improvement on iteration 51 =        0.007272186
-----------------
f at the beginning of new iteration,        60.2581569939
Predicted improvement:        0.000670968
lambda =          1; f =           60.2573944
Norm of dx  0.0026277
----
Improvement on iteration 52 =        0.000762612
-----------------
f at the beginning of new iteration,        60.2573943814
Predicted improvement:        0.000178937
lambda =          1; f =           60.2571223
lambda =     1.9332; f =           60.2570388
Norm of dx 0.00039449
----
Improvement on iteration 53 =        0.000355564
-----------------
f at the beginning of new iteration,        60.2570388173
Predicted improvement:        0.000178668
lambda =          1; f =           60.2566892
lambda =     1.9332; f =           60.2563821
lambda =     3.7372; f =           60.2558405
lambda =     7.2247; f =           60.2549888
lambda =     13.967; f =           60.2540736
Norm of dx  0.0005273
----
Improvement on iteration 54 =        0.002965186
-----------------
f at the beginning of new iteration,        60.2540736316
Predicted improvement:        0.002135075
lambda =          1; f =           60.2505999
lambda =     1.9332; f =           60.2488551
Norm of dx  0.0043011
----
Improvement on iteration 55 =        0.005218560
-----------------
f at the beginning of new iteration,        60.2488550718
Predicted improvement:        0.000828889
lambda =          1; f =           60.2479562
Norm of dx  0.0068769
----
Improvement on iteration 56 =        0.000898860
-----------------
f at the beginning of new iteration,        60.2479562116
Predicted improvement:        0.000018369
lambda =          1; f =           60.2479343
Norm of dx  0.0012195
----
Improvement on iteration 57 =        0.000021898
-----------------
f at the beginning of new iteration,        60.2479343140
Predicted improvement:        0.000004551
lambda =          1; f =           60.2479258
lambda =     1.9332; f =           60.2479198
lambda =     3.7372; f =           60.2479134
Norm of dx 0.00033056
----
Improvement on iteration 58 =        0.000020900
-----------------
f at the beginning of new iteration,        60.2479134141
Predicted improvement:        0.000014893
lambda =          1; f =           60.2478832
lambda =     1.9332; f =           60.2478558
lambda =     3.7372; f =           60.2478048
lambda =     7.2247; f =           60.2477136
lambda =     13.967; f =           60.2475656
lambda =         27; f =           60.2473842
Norm of dx 0.00022111
----
Improvement on iteration 59 =        0.000529190
-----------------
f at the beginning of new iteration,        60.2473842238
Predicted improvement:        0.000430437
lambda =          1; f =           60.2466440
lambda =     1.9332; f =           60.2461991
lambda =     3.7372; f =           60.2460095
Norm of dx  0.0045433
----
Improvement on iteration 60 =        0.001374734
-----------------
f at the beginning of new iteration,        60.2460094898
Correct for low angle: 0.00384778
Predicted improvement:        0.000304793
lambda =          1; f =           60.2481149
lambda =    0.33333; f =           60.2461959
lambda =    0.11111; f =           60.2460147
lambda =   0.037037; f =           60.2460049
lambda =   0.012346; f =           60.2460073
lambda =  0.0041152; f =           60.2460087
Norm of dx  0.0046737
----
Improvement on iteration 61 =        0.000004566
-----------------
f at the beginning of new iteration,        60.2460049241
Predicted improvement:        0.000228835
lambda =          1; f =           60.2457585
Norm of dx  0.0047254
----
Improvement on iteration 62 =        0.000246415
-----------------
f at the beginning of new iteration,        60.2457585095
Correct for low angle: 0.0020838
Predicted improvement:        0.000024355
lambda =          1; f =           60.2459402
lambda =    0.33333; f =           60.2457300
lambda =    0.64439; f =           60.2457838
lambda =     0.4339; f =           60.2457389
lambda =    0.55011; f =           60.2457593
lambda =     0.4771; f =           60.2457452
Norm of dx  0.0007723
----
Improvement on iteration 63 =        0.000028556
warning: possible inaccuracy in H matrix
-----------------
f at the beginning of new iteration,        60.2457299538
Correct for low angle: 0.00147226
Predicted improvement:        0.000132511
lambda =          1; f =           60.2461239
lambda =    0.33333; f =           60.2457559
lambda =    0.11111; f =           60.2457269
lambda =   0.037037; f =           60.2457276
lambda =   0.012346; f =           60.2457290
lambda =  0.0041152; f =           60.2457296
lambda =  0.0013717; f =           60.2457298
lambda = 0.00045725; f =           60.2457299
Norm of dx 0.00052564
----
Improvement on iteration 64 =        0.000003044
-----------------
f at the beginning of new iteration,        60.2457269094
Correct for low angle: 0.00127552
Predicted improvement:        0.000070493
lambda =          1; f =           60.2460980
lambda =    0.33333; f =           60.2457722
lambda =    0.11111; f =           60.2457333
lambda =   0.037037; f =           60.2457281
lambda =   0.012346; f =           60.2457272
lambda =  0.0041152; f =           60.2457270
lambda =  0.0013717; f =           60.2457269
lambda = 0.00045725; f =           60.2457269
lambda = 0.00015242; f =           60.2457269
lambda = 5.0805e-05; f =           60.2457269
lambda = 1.6935e-05; f =           60.2457269
lambda =  5.645e-06; f =           60.2457269
lambda = 1.8817e-06; f =           60.2457269
lambda = 6.2723e-07; f =           60.2457269
lambda = 2.0908e-07; f =           60.2457269
lambda = 6.9692e-08; f =           60.2457269
lambda = 2.3231e-08; f =           60.2457269
lambda = 7.7435e-09; f =           60.2457269
lambda = 2.5812e-09; f =           60.2457269
lambda = 4.9899e-09; f =           60.2457269
lambda = 3.3599e-09; f =           60.2457269
Norm of dx 0.00047267
----
Improvement on iteration 65 =        0.000000000
improvement < crit termination

Final value of minus the log posterior (or likelihood):60.245727 

MODE CHECK

Fval obtained by the minimization routine (minus the posterior/likelihood)): 60.245727

RESULTS FROM POSTERIOR ESTIMATION
parameters
         prior mean     mode    s.d. prior pstdev

trend        0.500   0.5171  0.1657 norm 0.2500 
piestarobs   1.000   0.4834  0.0625 norm 0.5000 
rstarobs     0.125   0.0673  0.0349 gamm 0.0625 
kappa        0.300   0.1815  0.0711 gamm 0.1500 
sigma        2.000   2.1144  0.3956 gamm 0.5000 
psi1         1.500   2.0632  0.2577 gamm 0.2500 
psi2         0.125   0.0134  0.0182 gamm 0.1000 
rhoR         0.500   0.8596  0.0190 beta 0.2000 
rhog         0.800   0.8423  0.1029 beta 0.1000 
rhoz         0.300   0.6110  0.1004 beta 0.1000 
rhoxi        0.500   0.4905  0.2789 beta 0.2000 
rhophi       0.500   0.8816  0.0298 beta 0.2000 

standard deviation of shocks
         prior mean     mode    s.d. prior pstdev

eR           0.003   0.0012  0.0001 invg 0.0014 
eg           0.006   0.0045  0.0014 invg 0.0032 
ez           0.009   0.0085  0.0019 invg 0.0043 
exi          0.005   0.0031  0.0011 invg 0.0040 
ephi         0.005   0.0133  0.0020 invg 0.0040 


Log data density [Laplace approximation] is -113.323130.

Estimation::mcmc: One Chain mode.
Estimation::mcmc: Initialization at the posterior mode.

Estimation::mcmc: Write details about the MCMC... Ok!
Estimation::mcmc: Details about the MCMC are available in WW11/metropolis\WW11_mh_history_0.mat


Estimation::mcmc: Number of mh files: 2 per block.
Estimation::mcmc: Total number of generated files: 2.
Estimation::mcmc: Total number of iterations: 1000000.
Estimation::mcmc: Current acceptance ratio per chain: 
                                                       Chain  1: 49.873%
Estimation::mcmc: Total number of MH draws per chain: 1000000.
Estimation::mcmc: Total number of generated MH files: 2.
Estimation::mcmc: I'll use mh-files 1 to 2.
Estimation::mcmc: In MH-file number 1 I'll start at line 300001.
Estimation::mcmc: Finally I keep 700000 draws per chain.



MCMC Inefficiency factors per block
Parameter        Block 1
SE_eR            130.860
SE_eg            126.806
SE_ez            140.435
SE_exi           383.926
SE_ephi          213.508
trend             95.699
piestarobs       148.466
rstarobs         116.352
kappa            312.878
sigma            166.639
psi1             124.502
psi2             407.203
rhoR             149.619
rhog             105.498
rhoz             185.131
rhoxi             53.375
rhophi           155.796


Geweke (1992) Convergence Tests, based on means of draws 300000 to 440000 vs 650000 to 1000000.
p-values are for Chi2-test for equality of means.
Parameter          Post. Mean        Post. Std   p-val No Taper   p-val 4% Taper   p-val 8% Taper  p-val 15% Taper
SE_eR                   0.001            0.000            0.014            0.856            0.850            0.847
SE_eg                   0.005            0.001            0.000            0.737            0.755            0.746
SE_ez                   0.009            0.002            0.000            0.407            0.387            0.344
SE_exi                  0.005            0.002            0.000            0.108            0.124            0.091
SE_ephi                 0.014            0.002            0.000            0.827            0.835            0.848
trend                   0.535            0.167            0.000            0.086            0.079            0.076
piestarobs              0.486            0.074            0.000            0.684            0.655            0.631
rstarobs                0.082            0.037            0.000            0.086            0.034            0.016
kappa                   0.219            0.090            0.000            0.440            0.425            0.379
sigma                   2.467            0.456            0.000            0.194            0.187            0.181
psi1                    2.076            0.269            0.000            0.252            0.271            0.219
psi2                    0.045            0.038            0.000            0.562            0.590            0.608
rhoR                    0.861            0.019            0.000            0.289            0.272            0.271
rhog                    0.795            0.103            0.000            0.663            0.658            0.585
rhoz                    0.602            0.099            0.000            0.216            0.209            0.187
rhoxi                   0.494            0.201            0.391            0.912            0.912            0.914
rhophi                  0.880            0.032            0.001            0.848            0.858            0.864


Estimation::marginal density: I'm computing the posterior mean and covariance...  Done!
Estimation::marginal density: I'm computing the posterior log marginal density (modified harmonic mean)... Done!


ESTIMATION RESULTS

Log data density is -112.478669.

parameters
             prior mean   post. mean        90% HPD interval    prior       pstdev

trend             0.500       0.5346      0.2565      0.8086    norm       0.2500
piestarobs        1.000       0.4853      0.3672      0.6034    norm       0.5000
rstarobs          0.125       0.0821      0.0227      0.1371    gamm       0.0625
kappa             0.300       0.2179      0.0874      0.3447    gamm       0.1500
sigma             2.000       2.4671      1.7150      3.1877    gamm       0.5000
psi1              1.500       2.0740      1.6290      2.5053    gamm       0.2500
psi2              0.125       0.0449      0.0002      0.0959    gamm       0.1000
rhoR              0.500       0.8611      0.8298      0.8930    beta       0.2000
rhog              0.800       0.7947      0.6376      0.9558    beta       0.1000
rhoz              0.300       0.6023      0.4461      0.7650    beta       0.1000
rhoxi             0.500       0.4920      0.1623      0.8213    beta       0.2000
rhophi            0.500       0.8800      0.8280      0.9325    beta       0.2000

standard deviation of shocks
             prior mean   post. mean        90% HPD interval    prior       pstdev

eR                0.003       0.0012      0.0010      0.0014    invg       0.0014
eg                0.006       0.0053      0.0030      0.0076    invg       0.0032
ez                0.009       0.0088      0.0058      0.0116    invg       0.0043
exi               0.005       0.0047      0.0018      0.0078    invg       0.0040
ephi              0.005       0.0135      0.0097      0.0172    invg       0.0040
Estimation::mcmc: Posterior (dsge) IRFs...
Estimation::mcmc: Posterior IRFs, done!
Estimation::mcmc: Smoothed variables
Estimation::mcmc: Smoothed variables, done!
Estimation::mcmc: Smoothed shocks
Estimation::mcmc: Smoothed shocks, done!
Estimation::mcmc: Trend_coefficients
Estimation::mcmc: Trend_coefficients, done!
Estimation::mcmc: Smoothed constant
Estimation::mcmc: Smoothed constant, done!
Estimation::mcmc: Smoothed trend
Estimation::mcmc: Smoothed trend, done!
Estimation::mcmc: Updated Variables
Estimation::mcmc: Updated Variables, done!
Estimation::mcmc: Forecasted variables (mean)
Estimation::mcmc: Forecasted variables (mean), done!
Estimation::mcmc: Forecasted variables (point)
Estimation::mcmc: Forecasted variables (point), done!
Total computing time : 1h37m46s
