Starting Dynare (version 4.5.7).
Starting preprocessing of the model file ...
Found 43 equation(s).
Evaluating expressions...done
Computing static model derivatives:
 - order 1
Computing dynamic model derivatives:
 - order 1
 - order 2
Processing outputs ...
done
Preprocessing completed.
Initial value of the log posterior (or likelihood): -974.6648
-----------------
f at the beginning of new iteration,       974.6647522067
Predicted improvement:     2702.771198690
lambda =          1; f =          974.7062653
lambda =    0.33333; f =          974.6656183
lambda =    0.11111; f =          709.4139236
Norm of dx    0.73522
----
Improvement on iteration 1 =      265.250828642
-----------------
f at the beginning of new iteration,       709.4139235648
Predicted improvement:      194.432230598
lambda =          1; f =          709.4140586
lambda =    0.33333; f =          654.4450685
Norm of dx    0.20481
----
Improvement on iteration 2 =       54.968855026
-----------------
f at the beginning of new iteration,       654.4450685387
Predicted improvement:       87.747174999
lambda =          1; f =          654.4450687
lambda =    0.33333; f =          628.0103021
Norm of dx    0.15619
----
Improvement on iteration 3 =       26.434766476
-----------------
f at the beginning of new iteration,       628.0103020630
Predicted improvement:        7.938588207
lambda =          1; f =          618.4916892
Norm of dx    0.03554
----
Improvement on iteration 4 =        9.518612855
-----------------
f at the beginning of new iteration,       618.4916892078
Predicted improvement:       22.563057526
lambda =          1; f =          618.4916933
lambda =    0.33333; f =          609.7496535
Norm of dx    0.11684
----
Improvement on iteration 5 =        8.742035671
-----------------
f at the beginning of new iteration,       609.7496535364
Predicted improvement:        3.950885949
lambda =          1; f =          603.8236782
lambda =     1.9332; f =          602.2733781
Norm of dx   0.045669
----
Improvement on iteration 6 =        7.476275457
-----------------
f at the beginning of new iteration,       602.2733780791
Predicted improvement:        3.925921510
lambda =          1; f =          600.4788054
lambda =    0.33333; f =          600.3519739
lambda =    0.64439; f =          599.7635289
Norm of dx   0.039963
----
Improvement on iteration 7 =        2.509849228
-----------------
f at the beginning of new iteration,       599.7635288511
Predicted improvement:        4.829471795
lambda =          1; f =          597.0980818
lambda =    0.33333; f =          597.3713518
lambda =    0.64439; f =          596.5365736
Norm of dx   0.056008
----
Improvement on iteration 8 =        3.226955241
-----------------
f at the beginning of new iteration,       596.5365736101
Predicted improvement:        2.369235290
lambda =          1; f =          593.0472432
lambda =     1.9332; f =          592.1266367
Norm of dx   0.039859
----
Improvement on iteration 9 =        4.409936886
-----------------
f at the beginning of new iteration,       592.1266367239
Predicted improvement:        0.909496081
lambda =          1; f =          590.5931291
lambda =     1.9332; f =          589.6941772
Norm of dx   0.015584
----
Improvement on iteration 10 =        2.432459552
-----------------
f at the beginning of new iteration,       589.6941771715
Predicted improvement:        2.146316180
lambda =          1; f =          589.6941772
lambda =    0.33333; f =          588.3728261
lambda =    0.64439; f =          587.3411250
lambda =     1.2457; f =          589.6941842
lambda =     0.8388; f =          586.7977004
lambda =     1.0635; f =          589.6941777
lambda =    0.92232; f =          586.5886710
lambda =     1.0046; f =          589.6941772
lambda =    0.95439; f =          586.5123726
lambda =    0.98419; f =          586.4434114
lambda =     1.0149; f =          589.6941772
lambda =    0.99638; f =          586.4157763
lambda =     1.0075; f =          589.6941772
Norm of dx   0.056345
Cliff.  Perturbing search direction.
Predicted improvement:        3.288252199
lambda =          1; f =          589.6941772
lambda =    0.33333; f =          587.7434645
lambda =    0.64439; f =          586.3691592
lambda =     1.2457; f =          589.6941846
lambda =     0.8388; f =          585.7343375
lambda =     1.0635; f =          589.6941778
lambda =    0.92232; f =          585.5152186
Norm of dx   0.068359

badg2 =

     0

----
Improvement on iteration 11 =        4.178958604
warning: possible inaccuracy in H matrix
-----------------
f at the beginning of new iteration,       585.5152185677
Predicted improvement:        3.030006506
lambda =          1; f =          585.5157017
lambda =    0.33333; f =          585.5152654
lambda =    0.11111; f =          585.5152218
lambda =   0.037037; f =          585.5152186
lambda =   0.012346; f =          585.4406987
lambda =   0.023866; f =          585.3716866
lambda =   0.046138; f =          585.5152187
lambda =   0.031067; f =          585.3288146
lambda =   0.039387; f =          585.5152186
lambda =    0.03416; f =          585.5152186
lambda =   0.031363; f =          585.3270547
lambda =   0.033013; f =          585.5152186
lambda =   0.032013; f =          585.3231971
lambda =   0.032609; f =          585.5152186
lambda =    0.03225; f =          585.5152186
Norm of dx    0.11797
Cliff.  Perturbing search direction.
Predicted improvement:        4.015512353
lambda =          1; f =          585.5156691
lambda =    0.33333; f =          585.5152620
lambda =    0.11111; f =          585.5152215
lambda =   0.037037; f =          585.5152186
lambda =   0.012346; f =          585.4164640
lambda =   0.023866; f =          585.3250117
lambda =   0.046138; f =          585.5152186
lambda =   0.031067; f =          585.2682009
lambda =   0.039387; f =          585.5152186
lambda =    0.03416; f =          585.5152186
lambda =   0.031363; f =          585.2658689
lambda =   0.033013; f =          585.2528945
lambda =   0.034749; f =          585.5152186
lambda =   0.033696; f =          585.5152186
lambda =    0.03308; f =          585.2523619
lambda =   0.033449; f =          585.5152186
Norm of dx    0.13237
Cliff again.  Try traversing
Predicted improvement:     4230.108045683
lambda =          1; f =         4105.3879519
lambda =    0.33333; f =          942.1025656
lambda =    0.11111; f =          616.3214519
lambda =   0.037037; f =          587.4794296
lambda =   0.012346; f =          585.5975176
lambda =  0.0041152; f =         1130.8046344
lambda =  0.0013717; f =          594.8976369
lambda = 0.00045725; f =          583.6741403
Norm of dx     91.979
----
Improvement on iteration 12 =        1.841078291
-----------------
f at the beginning of new iteration,       583.6741402763
Predicted improvement:        4.251903899
lambda =          1; f =          583.6746881
lambda =    0.33333; f =          583.6741934
lambda =    0.11111; f =          583.6741440
lambda =   0.037037; f =          583.6741403
lambda =   0.012346; f =          583.5695771
lambda =   0.023866; f =          583.4727571
lambda =   0.046138; f =          583.6741404
lambda =   0.031067; f =          583.4126162
lambda =   0.039387; f =          583.6741403
lambda =    0.03416; f =          583.6741403
lambda =   0.031363; f =          583.4101476
lambda =   0.033013; f =          583.6741403
lambda =   0.032013; f =          583.6741403
lambda =   0.031427; f =          583.4096114
lambda =   0.031777; f =          583.6741403
Norm of dx    0.15002
Cliff.  Perturbing search direction.
Predicted improvement:        6.752034380
lambda =          1; f =          583.6746385
lambda =    0.33333; f =          583.6741883
lambda =    0.11111; f =          583.6741435
lambda =   0.037037; f =          583.6741403
lambda =   0.012346; f =          583.5090112
lambda =   0.023866; f =          583.3577542
lambda =   0.046138; f =          583.6741404
lambda =   0.031067; f =          583.2645935
lambda =   0.039387; f =          583.6741403
lambda =    0.03416; f =          583.6741403
lambda =   0.031363; f =          583.2607825
lambda =   0.033013; f =          583.2395983
lambda =   0.034749; f =          583.6741403
lambda =   0.033696; f =          583.6741403
lambda =    0.03308; f =          583.2387293
lambda =   0.033449; f =          583.6741403
Norm of dx    0.16213
Cliff again.  Try traversing
Predicted improvement:    21433.178090699
lambda =          1; f =         8810.5725310
lambda =    0.33333; f =         1446.6664030
lambda =    0.11111; f =          665.6770702
lambda =   0.037037; f =          589.7493630
lambda =   0.012346; f =          583.7808439
lambda =  0.0041152; f =          583.6741517
lambda =  0.0013717; f =          583.6741407
lambda = 0.00045725; f =          606.6155486
lambda = 0.00015242; f =          584.1010316
lambda = 5.0805e-05; f =          582.3599026
Norm of dx     207.04
----
Improvement on iteration 13 =        1.314237629
-----------------
f at the beginning of new iteration,       582.3599026472
Predicted improvement:        4.837708662
lambda =          1; f =          582.3605407
lambda =    0.33333; f =          582.3599658
lambda =    0.11111; f =          582.3599074
lambda =   0.037037; f =          582.3599027
lambda =   0.012346; f =          582.2409164
lambda =   0.023866; f =          582.1307089
lambda =   0.046138; f =          582.3599029
lambda =   0.031067; f =          582.3599027
lambda =   0.024504; f =          582.1246326
lambda =   0.028254; f =          582.3599026
lambda =    0.02594; f =          582.1109569
lambda =   0.027304; f =          582.0979764
lambda =    0.02874; f =          582.3599026
lambda =    0.02787; f =          582.3599026
lambda =    0.02736; f =          582.0974435
lambda =   0.027665; f =          582.3599026
Norm of dx    0.18051
Cliff.  Perturbing search direction.
Predicted improvement:        5.553596118
lambda =          1; f =          582.3604693
lambda =    0.33333; f =          582.3599583
lambda =    0.11111; f =          582.3599067
lambda =   0.037037; f =          582.3599027
lambda =   0.012346; f =          582.2233720
lambda =   0.023866; f =          582.0970273
lambda =   0.046138; f =          582.3599028
lambda =   0.031067; f =          582.3599026
lambda =   0.024504; f =          582.0900645
lambda =   0.028254; f =          582.0491853
lambda =   0.032577; f =          582.3599027
lambda =   0.029909; f =          582.3599026
lambda =   0.028415; f =          582.0474284
lambda =   0.029302; f =          582.3599026
lambda =   0.028767; f =          582.0435999
lambda =   0.029087; f =          582.0401146
lambda =   0.029411; f =          582.3599026
Norm of dx    0.20129
Cliff again.  Try traversing
Predicted improvement:     1631.066404205
lambda =          1; f =         1017.6144174
lambda =    0.33333; f =          621.8788392
lambda =    0.11111; f =          585.0315580
lambda =   0.037037; f =          582.4340777
lambda =   0.012346; f =          582.3604679
lambda =  0.0041152; f =          590.5156022
lambda =  0.0013717; f =          580.2069831
Norm of dx     57.115
----
Improvement on iteration 14 =        2.152919553
-----------------
f at the beginning of new iteration,       580.2069830945
Predicted improvement:        5.070291439
lambda =          1; f =          580.2073765
lambda =    0.33333; f =          580.2070223
lambda =    0.11111; f =          580.2069861
lambda =   0.037037; f =          580.2069831
lambda =   0.012346; f =          580.0823186
lambda =   0.023866; f =          579.9669333
lambda =   0.046138; f =          580.2069833
lambda =   0.031067; f =          580.2069831
lambda =   0.024504; f =          579.9605738
lambda =   0.028254; f =          580.2069831
lambda =    0.02594; f =          580.2069831
lambda =   0.024644; f =          579.9591784
lambda =   0.025414; f =          579.9515067
lambda =   0.026207; f =          580.2069831
lambda =   0.025728; f =          580.2069831
lambda =   0.025445; f =          579.9511950
Norm of dx    0.19213
Cliff.  Perturbing search direction.
Predicted improvement:        7.007327771
lambda =          1; f =          580.2073549
lambda =    0.33333; f =          580.2070201
lambda =    0.11111; f =          580.2069859
lambda =   0.037037; f =          580.2069831
lambda =   0.012346; f =          580.0352385
lambda =   0.023866; f =          579.8772634
lambda =   0.046138; f =          580.2069832
lambda =   0.031067; f =          580.2069831
lambda =   0.024504; f =          579.8685846
lambda =   0.028254; f =          580.2069831
lambda =    0.02594; f =          579.8490635
lambda =   0.027304; f =          580.2069831
lambda =   0.026477; f =          580.2069831
lambda =   0.025993; f =          579.8483405
lambda =   0.026283; f =          579.8444112
lambda =   0.026575; f =          580.2069831
Norm of dx    0.19656
Cliff again.  Try traversing
Predicted improvement:    24289.843666553
lambda =          1; f =        35322.2090885
lambda =    0.33333; f =         4352.3069600
lambda =    0.11111; f =          972.9230670
lambda =   0.037037; f =          616.8128916
lambda =   0.012346; f =          582.5860530
lambda =  0.0041152; f =          580.2568998
lambda =  0.0013717; f =          580.2069842
lambda = 0.00045725; f =          580.2070085
lambda = 0.00015242; f =          582.4227037
lambda = 5.0805e-05; f =          578.7868436
Norm of dx     220.41
----
Improvement on iteration 15 =        1.420139535
-----------------
f at the beginning of new iteration,       578.7868435596
Predicted improvement:        5.003336861
lambda =          1; f =          578.7872497
lambda =    0.33333; f =          578.7868846
lambda =    0.11111; f =          578.7868469
lambda =   0.037037; f =          578.7868436
lambda =   0.012346; f =          578.6638981
lambda =   0.023866; f =          578.7868436
lambda =    0.01607; f =          578.6270379
lambda =   0.020374; f =          578.5845787
lambda =   0.025831; f =          578.7868436
lambda =   0.022403; f =          578.5646156
lambda =   0.024401; f =          578.7868436
lambda =   0.023182; f =          578.7868436
lambda =    0.02248; f =          578.5638616
lambda =   0.022898; f =          578.7868436
lambda =   0.022646; f =          578.7868436
Norm of dx    0.21864
Cliff.  Perturbing search direction.
Predicted improvement:        5.742543940
lambda =          1; f =          578.7872170
lambda =    0.33333; f =          578.7868812
lambda =    0.11111; f =          578.7868466
lambda =   0.037037; f =          578.7868436
lambda =   0.012346; f =          578.6458758
lambda =   0.023866; f =          578.7868436
lambda =    0.01607; f =          578.6036688
lambda =   0.020374; f =          578.5550837
lambda =   0.025831; f =          578.7868436
lambda =   0.022403; f =          578.5322528
lambda =   0.024401; f =          578.7868436
lambda =   0.023182; f =          578.5235004
lambda =   0.023906; f =          578.7868436
lambda =   0.023469; f =          578.7868436
lambda =    0.02321; f =          578.5231798
Norm of dx    0.24085
Cliff again.  Try traversing
Predicted improvement:     1610.352336912
lambda =          1; f =         1713.4758968
lambda =    0.33333; f =          691.3488991
lambda =    0.11111; f =          587.7974511
lambda =   0.037037; f =          579.0536020
lambda =   0.012346; f =          578.7869090
lambda =  0.0041152; f =          609.6406428
lambda =  0.0013717; f =          578.0649179
lambda = 0.00045725; f =          577.6717312
lambda = 0.00088394; f =          577.3884657
Norm of dx     56.751
----
Improvement on iteration 16 =        1.398377888
-----------------
f at the beginning of new iteration,       577.3884656718
Predicted improvement:        4.239038303
lambda =          1; f =          577.3886651
lambda =    0.33333; f =          577.3884833
lambda =    0.11111; f =          577.3884665
lambda =   0.037037; f =          577.0801229
lambda =   0.071599; f =          577.3884658
lambda =   0.048211; f =          576.9893279
lambda =   0.061123; f =          577.3884657
lambda =   0.053011; f =          577.3884657
lambda =   0.048671; f =          576.9856140
lambda =    0.05123; f =          577.3884657
lambda =   0.049679; f =          576.9774769
lambda =   0.050604; f =          576.9700169
lambda =   0.051547; f =          577.3884657
lambda =   0.050979; f =          576.9669962
Norm of dx    0.19004
Cliff.  Perturbing search direction.
Predicted improvement:        5.944002887
lambda =          1; f =          577.3886241
lambda =    0.33333; f =          577.3884793
lambda =    0.11111; f =          577.3884662
lambda =   0.037037; f =          576.9605875
lambda =   0.071599; f =          577.3884657
lambda =   0.048211; f =          576.8363680
lambda =   0.061123; f =          577.3884657
lambda =   0.053011; f =          576.7836947
lambda =   0.057739; f =          577.3884657
lambda =   0.054854; f =          576.7635851
lambda =   0.056567; f =          576.7449446
lambda =   0.058334; f =          577.3884657
lambda =   0.057267; f =          577.3884657
lambda =   0.056637; f =          576.7441881
Norm of dx    0.20394
Cliff again.  Try traversing
Predicted improvement:     5499.320095628
lambda =          1; f =         5541.6934369
lambda =    0.33333; f =         1099.6818050
lambda =    0.11111; f =          627.3200241
lambda =   0.037037; f =          580.9987341
lambda =   0.012346; f =          577.4674996
lambda =  0.0041152; f =          577.3891213
lambda =  0.0013717; f =          595.5998036
lambda = 0.00045725; f =          575.9346092
lambda = 0.00015242; f =          576.0329431
lambda = 0.00029465; f =          575.5660105
Norm of dx     104.87
----
Improvement on iteration 17 =        1.822455149
-----------------
f at the beginning of new iteration,       575.5660105230
Predicted improvement:        3.176873452
lambda =          1; f =          575.5660611
lambda =    0.33333; f =          575.5660139
lambda =    0.11111; f =          575.5660105
lambda =   0.037037; f =          575.3345639
lambda =   0.071599; f =          575.1256352
lambda =    0.13841; f =          575.5660106
lambda =     0.0932; f =          574.9985764
lambda =    0.11816; f =          575.5660105
lambda =    0.10248; f =          575.5660105
lambda =   0.094089; f =          574.9934067
lambda =   0.099038; f =          574.9647113
lambda =    0.10425; f =          575.5660105
lambda =    0.10109; f =          574.9528573
lambda =    0.10297; f =          575.5660105
lambda =    0.10184; f =          575.5660105
Norm of dx     0.1824
Cliff.  Perturbing search direction.
Predicted improvement:        3.714237727
lambda =          1; f =          575.5660325
lambda =    0.33333; f =          575.5660116
lambda =    0.11111; f =          574.7832068
lambda =     0.2148; f =          575.5660107
lambda =    0.14463; f =          574.5640954
lambda =    0.18337; f =          575.5660106
lambda =    0.15903; f =          575.5660105
lambda =    0.14601; f =          575.5660105
Norm of dx    0.19657
Cliff again.  Try traversing
Predicted improvement:      746.693731624
lambda =          1; f =         1013.2027236
lambda =    0.33333; f =          616.4054515
lambda =    0.11111; f =          578.3088466
lambda =   0.037037; f =          575.6017698
lambda =   0.012346; f =          610.0832256
lambda =  0.0041152; f =          572.6662205
Norm of dx     38.644
----
Improvement on iteration 18 =        2.899789996
-----------------
f at the beginning of new iteration,       572.6662205270
Predicted improvement:        1.582056644
lambda =          1; f =          572.6662215
lambda =    0.33333; f =          571.7660686
lambda =    0.64439; f =          572.6662206
lambda =     0.4339; f =          571.5570572
lambda =    0.55011; f =          572.6662205
lambda =     0.4771; f =          571.4764931
lambda =    0.51965; f =          572.6662205
lambda =    0.49369; f =          572.6662205
lambda =    0.47873; f =          572.6662205
Norm of dx   0.064431
Cliff.  Perturbing search direction.
Predicted improvement:        4.522919258
lambda =          1; f =          579.1035085
lambda =    0.33333; f =          571.1734922
Norm of dx   0.064395

badg2 =

     0

----
Improvement on iteration 19 =        1.492728320
-----------------
f at the beginning of new iteration,       571.1734922069
Predicted improvement:        1.263388480
lambda =          1; f =          570.5055506
lambda =    0.33333; f =          570.5446353
lambda =    0.64439; f =          570.3302649
Norm of dx   0.053204
----
Improvement on iteration 20 =        0.843227284
-----------------
f at the beginning of new iteration,       570.3302649230
Predicted improvement:        0.905075283
lambda =          1; f =          569.1089107
Norm of dx   0.086211
----
Improvement on iteration 21 =        1.221354238
-----------------
f at the beginning of new iteration,       569.1089106851
Predicted improvement:        1.013861851
lambda =          1; f =          567.6332343
lambda =     1.9332; f =          567.2653251
Norm of dx   0.060054
----
Improvement on iteration 22 =        1.843585611
-----------------
f at the beginning of new iteration,       567.2653250737
Predicted improvement:        0.667257564
lambda =          1; f =          566.2523059
lambda =     1.9332; f =          565.9050526
Norm of dx   0.024456
----
Improvement on iteration 23 =        1.360272439
-----------------
f at the beginning of new iteration,       565.9050526348
Predicted improvement:        0.769546802
lambda =          1; f =          564.8589884
Norm of dx   0.044965
----
Improvement on iteration 24 =        1.046064190
-----------------
f at the beginning of new iteration,       564.8589884443
Predicted improvement:        1.163572286
lambda =          1; f =          563.4107550
Norm of dx   0.079284
----
Improvement on iteration 25 =        1.448233458
-----------------
f at the beginning of new iteration,       563.4107549860
Predicted improvement:        0.972306292
lambda =          1; f =          562.2773983
Norm of dx   0.074424
----
Improvement on iteration 26 =        1.133356708
-----------------
f at the beginning of new iteration,       562.2773982779
Predicted improvement:        0.842704732
lambda =          1; f =          561.4093698
Norm of dx   0.057102
----
Improvement on iteration 27 =        0.868028496
-----------------
f at the beginning of new iteration,       561.4093697814
Predicted improvement:        0.570785360
lambda =          1; f =          561.0378442
Norm of dx   0.030289
----
Improvement on iteration 28 =        0.371525590
-----------------
f at the beginning of new iteration,       561.0378441911
Predicted improvement:        0.205014382
lambda =          1; f =          560.7106674
lambda =     1.9332; f =          560.5574269
Norm of dx     0.0171
----
Improvement on iteration 29 =        0.480417312
-----------------
f at the beginning of new iteration,       560.5574268787
Predicted improvement:        0.381010587
lambda =          1; f =          559.9964232
lambda =     1.9332; f =          559.9251274
Norm of dx   0.023987
----
Improvement on iteration 30 =        0.632299484
-----------------
f at the beginning of new iteration,       559.9251273943
Predicted improvement:        0.693897232
lambda =          1; f =          559.0443661
Norm of dx   0.032986
----
Improvement on iteration 31 =        0.880761281
-----------------
f at the beginning of new iteration,       559.0443661129
Predicted improvement:        0.430413603
lambda =          1; f =          558.4753124
Norm of dx   0.050308
----
Improvement on iteration 32 =        0.569053692
-----------------
f at the beginning of new iteration,       558.4753124214
Predicted improvement:        0.241752617
lambda =          1; f =          558.1290707
lambda =     1.9332; f =          558.0478208
Norm of dx   0.034629
----
Improvement on iteration 33 =        0.427491593
-----------------
f at the beginning of new iteration,       558.0478208288
Predicted improvement:        0.170732629
lambda =          1; f =          557.8192743
Norm of dx   0.013151
----
Improvement on iteration 34 =        0.228546564
-----------------
f at the beginning of new iteration,       557.8192742643
Predicted improvement:        0.227231946
lambda =          1; f =          557.5205929
Norm of dx   0.013726
----
Improvement on iteration 35 =        0.298681401
-----------------
f at the beginning of new iteration,       557.5205928629
Predicted improvement:        0.148983695
lambda =          1; f =          557.3088366
lambda =     1.9332; f =          557.2721200
Norm of dx     0.0177
----
Improvement on iteration 36 =        0.248472877
-----------------
f at the beginning of new iteration,       557.2721199861
Predicted improvement:        0.087459156
lambda =          1; f =          557.1414637
lambda =     1.9332; f =          557.0987166
Norm of dx   0.013282
----
Improvement on iteration 37 =        0.173403362
-----------------
f at the beginning of new iteration,       557.0987166242
Predicted improvement:        0.051967427
lambda =          1; f =          557.0130561
lambda =     1.9332; f =          556.9661895
Norm of dx  0.0090317
----
Improvement on iteration 38 =        0.132527103
-----------------
f at the beginning of new iteration,       556.9661895214
Predicted improvement:        0.090059670
lambda =          1; f =          556.8237125
lambda =     1.9332; f =          556.7607822
Norm of dx   0.020065
----
Improvement on iteration 39 =        0.205407324
-----------------
f at the beginning of new iteration,       556.7607821978
Predicted improvement:        0.103262086
lambda =          1; f =          556.5860250
lambda =     1.9332; f =          556.4802806
lambda =     3.7372; f =          556.4332476
Norm of dx   0.023182
----
Improvement on iteration 40 =        0.327534595
-----------------
f at the beginning of new iteration,       556.4332476026
Predicted improvement:        0.190733668
lambda =          1; f =          556.1576375
lambda =     1.9332; f =          556.0905041
Norm of dx   0.015064
----
Improvement on iteration 41 =        0.342743473
-----------------
f at the beginning of new iteration,       556.0905041294
Predicted improvement:        0.187071368
lambda =          1; f =          555.8895609
Norm of dx   0.013289
----
Improvement on iteration 42 =        0.200943223
-----------------
f at the beginning of new iteration,       555.8895609063
Predicted improvement:        0.092350553
lambda =          1; f =          555.7467644
lambda =     1.9332; f =          555.6888616
Norm of dx   0.036445
----
Improvement on iteration 43 =        0.200699279
-----------------
f at the beginning of new iteration,       555.6888616274
Predicted improvement:        0.063726802
lambda =          1; f =          555.5803932
lambda =     1.9332; f =          555.5135026
lambda =     3.7372; f =          555.4789787
Norm of dx   0.016705
----
Improvement on iteration 44 =        0.209882897
-----------------
f at the beginning of new iteration,       555.4789787304
Predicted improvement:        0.078456905
lambda =          1; f =          555.3625153
lambda =     1.9332; f =          555.3192286
Norm of dx   0.014469
----
Improvement on iteration 45 =        0.159750160
-----------------
f at the beginning of new iteration,       555.3192285702
Predicted improvement:        0.070757521
lambda =          1; f =          555.1956336
lambda =     1.9332; f =          555.1133404
lambda =     3.7372; f =          555.0491507
Norm of dx   0.011463
----
Improvement on iteration 46 =        0.270077920
-----------------
f at the beginning of new iteration,       555.0491506500
Predicted improvement:        0.142578122
lambda =          1; f =          554.7993897
lambda =     1.9332; f =          554.6305567
lambda =     3.7372; f =          554.4882409
Norm of dx   0.043751
----
Improvement on iteration 47 =        0.560909791
-----------------
f at the beginning of new iteration,       554.4882408589
Predicted improvement:        0.220565444
lambda =          1; f =          554.1741965
lambda =     1.9332; f =          554.1080621
Norm of dx   0.027727
----
Improvement on iteration 48 =        0.380178797
-----------------
f at the beginning of new iteration,       554.1080620622
Predicted improvement:        0.205675717
lambda =          1; f =          553.9244007
Norm of dx   0.041209
----
Improvement on iteration 49 =        0.183661321
-----------------
f at the beginning of new iteration,       553.9244007411
Predicted improvement:        0.074182171
lambda =          1; f =          553.8139100
lambda =     1.9332; f =          553.7764118
Norm of dx   0.006076
----
Improvement on iteration 50 =        0.147988969
-----------------
f at the beginning of new iteration,       553.7764117724
Predicted improvement:        0.061050780
lambda =          1; f =          553.6667632
lambda =     1.9332; f =          553.5868925
lambda =     3.7372; f =          553.4941166
Norm of dx   0.022973
----
Improvement on iteration 51 =        0.282295167
-----------------
f at the beginning of new iteration,       553.4941166050
Predicted improvement:        0.153137403
lambda =          1; f =          553.2622081
lambda =     1.9332; f =          553.1789747
Norm of dx   0.036752
----
Improvement on iteration 52 =        0.315141921
-----------------
f at the beginning of new iteration,       553.1789746843
Predicted improvement:        0.113830072
lambda =          1; f =          552.9963720
lambda =     1.9332; f =          552.9062125
Norm of dx   0.023335
----
Improvement on iteration 53 =        0.272762166
-----------------
f at the beginning of new iteration,       552.9062125187
Predicted improvement:        0.110484865
lambda =          1; f =          552.7269619
lambda =     1.9332; f =          552.6334429
Norm of dx   0.033302
----
Improvement on iteration 54 =        0.272769602
-----------------
f at the beginning of new iteration,       552.6334429168
Predicted improvement:        0.133877588
lambda =          1; f =          552.4313889
lambda =     1.9332; f =          552.3595111
Norm of dx   0.036297
----
Improvement on iteration 55 =        0.273931781
-----------------
f at the beginning of new iteration,       552.3595111355
Predicted improvement:        0.063614237
lambda =          1; f =          552.2668356
lambda =     1.9332; f =          552.2458293
Norm of dx   0.032706
----
Improvement on iteration 56 =        0.113681853
-----------------
f at the beginning of new iteration,       552.2458292824
Predicted improvement:        0.076486565
lambda =          1; f =          552.1512928
Norm of dx   0.035886
----
Improvement on iteration 57 =        0.094536458
-----------------
f at the beginning of new iteration,       552.1512928247
Predicted improvement:        0.063314185
lambda =          1; f =          552.0532753
lambda =     1.9332; f =          552.0143439
Norm of dx   0.011489
----
Improvement on iteration 58 =        0.136948875
-----------------
f at the beginning of new iteration,       552.0143439492
Predicted improvement:        0.043690131
lambda =          1; f =          551.9487308
lambda =     1.9332; f =          551.9264916
Norm of dx    0.01451
----
Improvement on iteration 59 =        0.087852361
-----------------
f at the beginning of new iteration,       551.9264915880
Predicted improvement:        0.013402809
lambda =          1; f =          551.9076911
lambda =     1.9332; f =          551.9045211
Norm of dx  0.0048039
----
Improvement on iteration 60 =        0.021970487
-----------------
f at the beginning of new iteration,       551.9045211006
Predicted improvement:        0.005474063
lambda =          1; f =          551.8955689
lambda =     1.9332; f =          551.8908061
Norm of dx  0.0048636
----
Improvement on iteration 61 =        0.013714971
-----------------
f at the beginning of new iteration,       551.8908061292
Predicted improvement:        0.009223218
lambda =          1; f =          551.8748421
lambda =     1.9332; f =          551.8644076
lambda =     3.7372; f =          551.8563570
Norm of dx  0.0038217
----
Improvement on iteration 62 =        0.034449107
-----------------
f at the beginning of new iteration,       551.8563570218
Predicted improvement:        0.017209537
lambda =          1; f =          551.8266577
lambda =     1.9332; f =          551.8077120
lambda =     3.7372; f =          551.7966421
Norm of dx   0.016877
----
Improvement on iteration 63 =        0.059714903
-----------------
f at the beginning of new iteration,       551.7966421184
Predicted improvement:        0.014386214
lambda =          1; f =          551.7783222
Norm of dx   0.015381
----
Improvement on iteration 64 =        0.018319966
-----------------
f at the beginning of new iteration,       551.7783221522
Predicted improvement:        0.016913739
lambda =          1; f =          551.7550112
Norm of dx   0.013643
----
Improvement on iteration 65 =        0.023310963
-----------------
f at the beginning of new iteration,       551.7550111893
Predicted improvement:        0.012813369
lambda =          1; f =          551.7372446
Norm of dx  0.0099239
----
Improvement on iteration 66 =        0.017766600
-----------------
f at the beginning of new iteration,       551.7372445891
Predicted improvement:        0.008380511
lambda =          1; f =          551.7253581
lambda =     1.9332; f =          551.7230854
Norm of dx  0.0066092
----
Improvement on iteration 67 =        0.014159220
-----------------
f at the beginning of new iteration,       551.7230853686
Predicted improvement:        0.003829220
lambda =          1; f =          551.7164992
lambda =     1.9332; f =          551.7122762
lambda =     3.7372; f =          551.7093333
Norm of dx  0.0029216
----
Improvement on iteration 68 =        0.013752082
-----------------
f at the beginning of new iteration,       551.7093332867
Predicted improvement:        0.005378101
lambda =          1; f =          551.6994197
lambda =     1.9332; f =          551.6916820
lambda =     3.7372; f =          551.6808468
lambda =     7.2247; f =          551.6751963
Norm of dx   0.004712
----
Improvement on iteration 69 =        0.034136978
-----------------
f at the beginning of new iteration,       551.6751963083
Predicted improvement:        0.013784960
lambda =          1; f =          551.6527959
lambda =     1.9332; f =          551.6410936
Norm of dx   0.007584
----
Improvement on iteration 70 =        0.034102755
-----------------
f at the beginning of new iteration,       551.6410935536
Predicted improvement:        0.009003990
lambda =          1; f =          551.6288213
Norm of dx   0.010808
----
Improvement on iteration 71 =        0.012272301
-----------------
f at the beginning of new iteration,       551.6288212522
Predicted improvement:        0.004445779
lambda =          1; f =          551.6226246
Norm of dx  0.0085465
----
Improvement on iteration 72 =        0.006196644
-----------------
f at the beginning of new iteration,       551.6226246077
Predicted improvement:        0.003115628
lambda =          1; f =          551.6178166
lambda =     1.9332; f =          551.6159267
Norm of dx  0.0068357
----
Improvement on iteration 73 =        0.006697872
-----------------
f at the beginning of new iteration,       551.6159267357
Predicted improvement:        0.003295358
lambda =          1; f =          551.6096002
lambda =     1.9332; f =          551.6041779
lambda =     3.7372; f =          551.5950207
lambda =     7.2247; f =          551.5823145
lambda =     13.967; f =          551.5767612
Norm of dx  0.0027992
----
Improvement on iteration 74 =        0.039165495
-----------------
f at the beginning of new iteration,       551.5767612408
Predicted improvement:        0.024202854
lambda =          1; f =          551.5360008
lambda =     1.9332; f =          551.5113422
Norm of dx   0.016474
----
Improvement on iteration 75 =        0.065419083
-----------------
f at the beginning of new iteration,       551.5113421581
Predicted improvement:        0.025315203
lambda =          1; f =          551.4826111
Norm of dx    0.03576
----
Improvement on iteration 76 =        0.028731019
-----------------
f at the beginning of new iteration,       551.4826111393
Predicted improvement:        0.001602767
lambda =          1; f =          551.4804161
Norm of dx   0.007529
----
Improvement on iteration 77 =        0.002195076
-----------------
f at the beginning of new iteration,       551.4804160633
Predicted improvement:        0.001131152
lambda =          1; f =          551.4786113
lambda =     1.9332; f =          551.4777542
Norm of dx  0.0044143
----
Improvement on iteration 78 =        0.002661875
-----------------
f at the beginning of new iteration,       551.4777541882
Predicted improvement:        0.001666632
lambda =          1; f =          551.4746726
lambda =     1.9332; f =          551.4722544
lambda =     3.7372; f =          551.4688410
lambda =     7.2247; f =          551.4670168
Norm of dx  0.0024791
----
Improvement on iteration 79 =        0.010737434
-----------------
f at the beginning of new iteration,       551.4670167541
Predicted improvement:        0.007273358
lambda =          1; f =          551.4545840
lambda =     1.9332; f =          551.4467648
lambda =     3.7372; f =          551.4418541
Norm of dx  0.0048713
----
Improvement on iteration 80 =        0.025162674
-----------------
f at the beginning of new iteration,       551.4418540800
Predicted improvement:        0.004647194
lambda =          1; f =          551.4364933
Norm of dx   0.011974
----
Improvement on iteration 81 =        0.005360781
-----------------
f at the beginning of new iteration,       551.4364932995
Predicted improvement:        0.000672837
lambda =          1; f =          551.4355624
Norm of dx   0.006238
----
Improvement on iteration 82 =        0.000930879
-----------------
f at the beginning of new iteration,       551.4355624207
Predicted improvement:        0.000581456
lambda =          1; f =          551.4345763
lambda =     1.9332; f =          551.4339773
lambda =     3.7372; f =          551.4336963
Norm of dx  0.0044747
----
Improvement on iteration 83 =        0.001866097
-----------------
f at the beginning of new iteration,       551.4336963236
Predicted improvement:        0.001310064
lambda =          1; f =          551.4311667
lambda =     1.9332; f =          551.4289670
lambda =     3.7372; f =          551.4251532
lambda =     7.2247; f =          551.4194113
lambda =     13.967; f =          551.4143407
Norm of dx  0.0021909
----
Improvement on iteration 84 =        0.019355616
-----------------
f at the beginning of new iteration,       551.4143407078
Predicted improvement:        0.009375942
lambda =          1; f =          551.3998390
lambda =     1.9332; f =          551.3934870
Norm of dx   0.024752
----
Improvement on iteration 85 =        0.020853674
-----------------
f at the beginning of new iteration,       551.3934870337
Predicted improvement:        0.002590524
lambda =          1; f =          551.3898535
lambda =     1.9332; f =          551.3884382
Norm of dx   0.024893
----
Improvement on iteration 86 =        0.005048874
-----------------
f at the beginning of new iteration,       551.3884381598
Predicted improvement:        0.005379686
lambda =          1; f =          551.3598732
lambda =     1.9332; f =          551.2637320
lambda =     3.7372; f =          550.7558686
lambda =     7.2247; f =          551.3896023
lambda =     4.8647; f =          550.6518681
lambda =     6.1676; f =          551.3884913
lambda =     5.3491; f =          551.2309315
lambda =     5.8261; f =          554.2930229
lambda =      5.535; f =          551.7872862
lambda =     5.2584; f =          551.0518757
lambda =     5.4227; f =          551.4150037
lambda =     5.3235; f =          551.1757145
lambda =     5.3828; f =          551.3104155
lambda =     5.4427; f =          551.4724282
Norm of dx   0.064822
----
Improvement on iteration 87 =        0.736570058
warning: possible inaccuracy in H matrix
-----------------
f at the beginning of new iteration,       550.6518681018
Predicted improvement:        1.164234427
lambda =          1; f =          551.3843461
lambda =    0.33333; f =          550.9095512
lambda =    0.11111; f =          550.5892234
lambda =   0.037037; f =          550.5925333
Norm of dx     0.3106
----
Improvement on iteration 88 =        0.062644705
-----------------
f at the beginning of new iteration,       550.5892233969
Predicted improvement:        0.263138961
lambda =          1; f =          550.3252699
Norm of dx   0.068862
----
Improvement on iteration 89 =        0.263953495
-----------------
f at the beginning of new iteration,       550.3252699020
Predicted improvement:        0.091432395
lambda =          1; f =          550.2471729
Norm of dx   0.020128
----
Improvement on iteration 90 =        0.078096958
-----------------
f at the beginning of new iteration,       550.2471729440
Predicted improvement:        0.021850805
lambda =          1; f =          550.2205197
Norm of dx   0.014042
----
Improvement on iteration 91 =        0.026653217
-----------------
f at the beginning of new iteration,       550.2205197273
Predicted improvement:        0.016495258
lambda =          1; f =          550.2005878
Norm of dx  0.0081965
----
Improvement on iteration 92 =        0.019931977
-----------------
f at the beginning of new iteration,       550.2005877501
Predicted improvement:        0.011490243
lambda =          1; f =          550.1832525
lambda =     1.9332; f =          550.1772991
Norm of dx  0.0095075
----
Improvement on iteration 93 =        0.023288662
-----------------
f at the beginning of new iteration,       550.1772990881
Predicted improvement:        0.011909019
lambda =          1; f =          550.1574028
lambda =     1.9332; f =          550.1456939
Norm of dx   0.006335
----
Improvement on iteration 94 =        0.031605163
-----------------
f at the beginning of new iteration,       550.1456939255
Predicted improvement:        0.027010422
lambda =          1; f =          550.1036647
lambda =     1.9332; f =          550.0856973
Norm of dx   0.013305
----
Improvement on iteration 95 =        0.059996674
-----------------
f at the beginning of new iteration,       550.0856972518
Predicted improvement:        0.021396585
lambda =          1; f =          550.0528306
lambda =     1.9332; f =          550.0400512
Norm of dx   0.010868
----
Improvement on iteration 96 =        0.045646034
-----------------
f at the beginning of new iteration,       550.0400512178
Predicted improvement:        0.007476065
lambda =          1; f =          550.0310824
Norm of dx  0.0091966
----
Improvement on iteration 97 =        0.008968861
-----------------
f at the beginning of new iteration,       550.0310823569
Predicted improvement:        0.001625886
lambda =          1; f =          550.0289113
Norm of dx  0.0033073
----
Improvement on iteration 98 =        0.002171021
-----------------
f at the beginning of new iteration,       550.0289113363
Predicted improvement:        0.000939409
lambda =          1; f =          550.0274754
lambda =     1.9332; f =          550.0269317
Norm of dx  0.0018279
----
Improvement on iteration 99 =        0.001979667
-----------------
f at the beginning of new iteration,       550.0269316694
Predicted improvement:        0.000858833
lambda =          1; f =          550.0253264
lambda =     1.9332; f =          550.0240291
lambda =     3.7372; f =          550.0220687
lambda =     7.2247; f =          550.0203161
Norm of dx  0.0013021
----
Improvement on iteration 100 =        0.006615523
-----------------
f at the beginning of new iteration,       550.0203161467
Predicted improvement:        0.003970851
lambda =          1; f =          550.0131851
lambda =     1.9332; f =          550.0079979
lambda =     3.7372; f =          550.0020005
Norm of dx  0.0046478
----
Improvement on iteration 101 =        0.018315687
-----------------
f at the beginning of new iteration,       550.0020004598
Predicted improvement:        0.007956246
lambda =          1; f =          549.9917319
Norm of dx   0.013162
----
Improvement on iteration 102 =        0.010268534
-----------------
f at the beginning of new iteration,       549.9917319261
Predicted improvement:        0.002056630
lambda =          1; f =          549.9893796
Norm of dx  0.0048864
----
Improvement on iteration 103 =        0.002352358
-----------------
f at the beginning of new iteration,       549.9893795676
Predicted improvement:        0.000236796
lambda =          1; f =          549.9890301
lambda =     1.9332; f =          549.9889270
Norm of dx 0.00070824
----
Improvement on iteration 104 =        0.000452565
-----------------
f at the beginning of new iteration,       549.9889270029
Predicted improvement:        0.000196487
lambda =          1; f =          549.9885690
lambda =     1.9332; f =          549.9882951
lambda =     3.7372; f =          549.9879294
Norm of dx 0.00051378
----
Improvement on iteration 105 =        0.000997635
-----------------
f at the beginning of new iteration,       549.9879293677
Predicted improvement:        0.001293419
lambda =          1; f =          549.9856597
lambda =     1.9332; f =          549.9841052
lambda =     3.7372; f =          549.9826403
Norm of dx   0.003576
----
Improvement on iteration 106 =        0.005289114
-----------------
f at the beginning of new iteration,       549.9826402535
Predicted improvement:        0.003918781
lambda =          1; f =          549.9752626
lambda =     1.9332; f =          549.9691978
lambda =     3.7372; f =          549.9596862
lambda =     7.2247; f =          549.9493892
Norm of dx   0.014481
----
Improvement on iteration 107 =        0.033251026
-----------------
f at the beginning of new iteration,       549.9493892277
Predicted improvement:        0.009947419
lambda =          1; f =          549.9375419
Norm of dx   0.044818
----
Improvement on iteration 108 =        0.011847307
-----------------
f at the beginning of new iteration,       549.9375419203
Predicted improvement:        0.000944346
lambda =          1; f =          549.9365108
Norm of dx  0.0067645
----
Improvement on iteration 109 =        0.001031149
-----------------
f at the beginning of new iteration,       549.9365107713
Predicted improvement:        0.000072302
lambda =          1; f =          549.9363965
lambda =     1.9332; f =          549.9363442
Norm of dx 0.00081585
----
Improvement on iteration 110 =        0.000166541
-----------------
f at the beginning of new iteration,       549.9363442304
Predicted improvement:        0.000088188
lambda =          1; f =          549.9361786
lambda =     1.9332; f =          549.9360432
lambda =     3.7372; f =          549.9358337
lambda =     7.2247; f =          549.9356239
Norm of dx 0.00084164
----
Improvement on iteration 111 =        0.000720344
-----------------
f at the beginning of new iteration,       549.9356238861
Predicted improvement:        0.000639665
lambda =          1; f =          549.9343646
lambda =     1.9332; f =          549.9332247
lambda =     3.7372; f =          549.9311179
lambda =     7.2247; f =          549.9274068
lambda =     13.967; f =          549.9215850
lambda =         27; f =          549.9153924
Norm of dx  0.0020631
----
Improvement on iteration 112 =        0.020231474
-----------------
f at the beginning of new iteration,       549.9153924121
Predicted improvement:        0.018789123
lambda =          1; f =          549.8800253
lambda =     1.9332; f =          549.8510775
lambda =     3.7372; f =          549.8066901
lambda =     7.2247; f =          549.7684496
Norm of dx   0.073676
----
Improvement on iteration 113 =        0.146942799
-----------------
f at the beginning of new iteration,       549.7684496133
Predicted improvement:        0.045136426
lambda =          1; f =          549.7066315
Norm of dx    0.12759
----
Improvement on iteration 114 =        0.061818081
-----------------
f at the beginning of new iteration,       549.7066315319
Predicted improvement:        0.012130945
lambda =          1; f =          549.6938026
Norm of dx   0.066928
----
Improvement on iteration 115 =        0.012828971
-----------------
f at the beginning of new iteration,       549.6938025611
Predicted improvement:        0.000448100
lambda =          1; f =          549.6931903
Norm of dx   0.019288
----
Improvement on iteration 116 =        0.000612221
-----------------
f at the beginning of new iteration,       549.6931903404
Predicted improvement:        0.000158217
lambda =          1; f =          549.6930294
Norm of dx   0.006882
----
Improvement on iteration 117 =        0.000160922
-----------------
f at the beginning of new iteration,       549.6930294183
Predicted improvement:        0.000005931
lambda =          1; f =          549.6930247
Norm of dx   0.002439
----
Improvement on iteration 118 =        0.000004734
-----------------
f at the beginning of new iteration,       549.6930246841
Predicted improvement:        0.000000641
lambda =          1; f =          549.6930240
Norm of dx 0.00062237
----
Improvement on iteration 119 =        0.000000715
-----------------
f at the beginning of new iteration,       549.6930239695
Predicted improvement:        0.000000018
lambda =          1; f =          549.6930240
lambda =    0.33333; f =          549.6930240
Norm of dx 9.4158e-05
----
Improvement on iteration 120 =        0.000000004
improvement < crit termination

Final value of minus the log posterior (or likelihood):549.693024 

RESULTS FROM POSTERIOR ESTIMATION
parameters
       prior mean     mode    s.d. prior pstdev

RHO_A      0.500   0.9711  0.0209 beta  0.2000 
RHO_EFP    0.500   0.9226  0.0228 beta  0.2000 
RHO_G      0.500   0.9788  0.0116 beta  0.2000 
RHO_X      0.500   0.9906  0.0074 beta  0.2000 
RHO_MS     0.500   0.0907  0.0592 beta  0.2000 
RHO_P      0.500   0.9904  0.0058 beta  0.2000 
RHO_W      0.500   0.4136  0.0854 beta  0.2000 
S_PRIMEP   4.000   5.5655  1.1705 norm  1.5000 
H          0.700   0.7323  0.0401 beta  0.1000 
SIGMA_W    0.750   0.8827  0.0181 beta  0.0500 
SIGMAP     0.750   0.7650  0.0278 beta  0.0500 
FCP        1.450   1.6739  0.0738 norm  0.1250 
PPHI       0.330   1.6127  0.4087 gamm  0.2500 
SIGMA_WI   0.500   0.6455  0.1117 beta  0.1500 
SIGMA_PI   0.500   0.1687  0.0710 beta  0.1500 
ZETA       0.250   0.8795  0.0458 beta  0.1500 
IOTA_PI    1.700   1.8621  0.1191 norm  0.1500 
RHO_I      0.750   0.7561  0.0288 beta  0.1000 
IOTA_Y     0.125   0.0323  0.0109 gamm  0.0500 
IOTA_DY    0.063   0.1624  0.0289 norm  0.0500 
VARKAPPA   0.155   0.1301  0.0124 unif  0.0837 
picbar     0.625   0.4941  0.0729 gamm  0.1000 
ctrend     0.400   0.2560  0.0793 norm  0.1000 

standard deviation of shocks
       prior mean     mode    s.d. prior pstdev

ea         0.100   0.3504  0.0284 invg  2.0000 
e_kq       0.100   0.4187  0.0632 invg  2.0000 
eg         0.100   2.9737  0.2228 invg  2.0000 
eqs        0.100   0.6019  0.1627 invg  2.0000 
em         0.100   0.2449  0.0187 invg  2.0000 
epinf      0.100   0.0695  0.0120 invg  2.0000 
ew         0.100   0.1442  0.0211 invg  2.0000 


Log data density [Laplace approximation] is -623.479091.

Estimation::mcmc: One Chain mode.
Estimation::mcmc: Initialization at the posterior mode.

Estimation::mcmc: Write details about the MCMC... Ok!
Estimation::mcmc: Details about the MCMC are available in VI16_BGG/metropolis\VI16_BGG_mh_history_0.mat


Estimation::mcmc: Number of mh files: 2 per block.
Estimation::mcmc: Total number of generated files: 2.
Estimation::mcmc: Total number of iterations: 500000.
Estimation::mcmc: Current acceptance ratio per chain: 
                                                       Chain  1: 37.0918%
Estimation::mcmc: Total number of MH draws per chain: 500000.
Estimation::mcmc: Total number of generated MH files: 2.
Estimation::mcmc: I'll use mh-files 1 to 2.
Estimation::mcmc: In MH-file number 1 I'll start at line 150001.
Estimation::mcmc: Finally I keep 350000 draws per chain.



MCMC Inefficiency factors per block
Parameter       Block 1
SE_ea           244.871
SE_e_kq         185.701
SE_eg           135.990
SE_eqs          540.488
SE_em           157.178
SE_epinf        251.958
SE_ew           167.624
RHO_A           666.036
RHO_EFP         195.479
RHO_G           193.120
RHO_X           515.745
RHO_MS          240.108
RHO_P           368.901
RHO_W           166.684
S_PRIMEP        271.019
H               321.359
SIGMA_W         214.139
SIGMAP          237.796
FCP             160.919
PPHI            212.255
SIGMA_WI        143.384
SIGMA_PI        199.967
ZETA            200.385
IOTA_PI         134.994
RHO_I           270.277
IOTA_Y          236.355
IOTA_DY         201.078
VARKAPPA        382.759
picbar          159.834
ctrend          169.836


Geweke (1992) Convergence Tests, based on means of draws 150000 to 220000 vs 325000 to 500000.
p-values are for Chi2-test for equality of means.
Parameter         Post. Mean        Post. Std   p-val No Taper   p-val 4% Taper   p-val 8% Taper  p-val 15% Taper
SE_ea                  0.344            0.032            0.000            0.790            0.792            0.803
SE_e_kq                0.479            0.074            0.000            0.160            0.161            0.166
SE_eg                  3.045            0.232            0.068            0.885            0.880            0.864
SE_eqs                 0.926            0.290            0.000            0.255            0.259            0.223
SE_em                  0.255            0.021            0.000            0.424            0.440            0.441
SE_epinf               0.079            0.015            0.266            0.953            0.955            0.959
SE_ew                  0.141            0.022            0.000            0.320            0.355            0.364
RHO_A                  0.875            0.102            0.000            0.837            0.845            0.839
RHO_EFP                0.914            0.026            0.006            0.856            0.855            0.850
RHO_G                  0.980            0.011            0.000            0.153            0.146            0.131
RHO_X                  0.975            0.018            0.000            0.844            0.852            0.856
RHO_MS                 0.148            0.076            0.000            0.248            0.249            0.216
RHO_P                  0.988            0.009            0.000            0.465            0.472            0.455
RHO_W                  0.450            0.090            0.063            0.891            0.905            0.913
S_PRIMEP               5.498            1.151            0.000            0.682            0.681            0.643
H                      0.759            0.046            0.000            0.658            0.648            0.636
SIGMA_W                0.878            0.022            0.000            0.720            0.734            0.753
SIGMAP                 0.746            0.032            0.193            0.945            0.948            0.947
FCP                    1.678            0.076            0.000            0.083            0.057            0.058
PPHI                   1.641            0.458            0.000            0.099            0.108            0.116
SIGMA_WI               0.610            0.111            0.000            0.763            0.760            0.783
SIGMA_PI               0.220            0.084            0.000            0.494            0.489            0.479
ZETA                   0.852            0.051            0.000            0.423            0.428            0.419
IOTA_PI                1.845            0.121            0.000            0.220            0.223            0.179
RHO_I                  0.738            0.037            0.800            0.991            0.992            0.992
IOTA_Y                 0.036            0.013            0.000            0.363            0.349            0.355
IOTA_DY                0.143            0.031            0.000            0.313            0.314            0.293
VARKAPPA               0.113            0.016            0.000            0.146            0.119            0.095
picbar                 0.512            0.078            0.000            0.758            0.738            0.694
ctrend                 0.271            0.079            0.000            0.094            0.071            0.084


Estimation::marginal density: I'm computing the posterior mean and covariance...  Done!
Estimation::marginal density: I'm computing the posterior log marginal density (modified harmonic mean)... Done!


ESTIMATION RESULTS

Log data density is -621.473131.

parameters
           prior mean   post. mean        90% HPD interval    prior       pstdev

RHO_A           0.500       0.8736      0.7184      0.9928   beta        0.2000
RHO_EFP         0.500       0.9143      0.8740      0.9551   beta        0.2000
RHO_G           0.500       0.9798      0.9635      0.9976   beta        0.2000
RHO_X           0.500       0.9745      0.9493      0.9983   beta        0.2000
RHO_MS          0.500       0.1481      0.0278      0.2629   beta        0.2000
RHO_P           0.500       0.9874      0.9765      0.9985   beta        0.2000
RHO_W           0.500       0.4506      0.3018      0.5994   beta        0.2000
S_PRIMEP        4.000       5.5070      3.6072      7.3799   norm        1.5000
H               0.700       0.7588      0.6857      0.8327   beta        0.1000
SIGMA_W         0.750       0.8777      0.8439      0.9141   beta        0.0500
SIGMAP          0.750       0.7458      0.6925      0.7993   beta        0.0500
FCP             1.450       1.6786      1.5528      1.8008   norm        0.1250
PPHI            0.330       1.6436      0.8778      2.3657   gamm        0.2500
SIGMA_WI        0.500       0.6080      0.4263      0.7922   beta        0.1500
SIGMA_PI        0.500       0.2196      0.0872      0.3530   beta        0.1500
ZETA            0.250       0.8517      0.7711      0.9361   beta        0.1500
IOTA_PI         1.700       1.8450      1.6455      2.0452   norm        0.1500
RHO_I           0.750       0.7370      0.6774      0.7972   beta        0.1000
IOTA_Y          0.125       0.0359      0.0154      0.0556   gamm        0.0500
IOTA_DY         0.063       0.1436      0.0927      0.1936   norm        0.0500
VARKAPPA        0.155       0.1129      0.0882      0.1391   unif        0.0837
picbar          0.625       0.5115      0.3868      0.6382   gamm        0.1000
ctrend          0.400       0.2715      0.1356      0.3980   norm        0.1000

standard deviation of shocks
           prior mean   post. mean        90% HPD interval    prior       pstdev

ea              0.100       0.3433      0.2914      0.3959   invg        2.0000
e_kq            0.100       0.4784      0.3574      0.5942   invg        2.0000
eg              0.100       3.0419      2.6609      3.4091   invg        2.0000
eqs             0.100       0.9266      0.4768      1.3535   invg        2.0000
em              0.100       0.2551      0.2209      0.2874   invg        2.0000
epinf           0.100       0.0788      0.0544      0.1023   invg        2.0000
ew              0.100       0.1415      0.1051      0.1778   invg        2.0000
Estimation::mcmc: Smoothed variables
Estimation::mcmc: Smoothed variables, done!
Estimation::mcmc: Smoothed shocks
Estimation::mcmc: Smoothed shocks, done!
Estimation::mcmc: Trend_coefficients
Estimation::mcmc: Trend_coefficients, done!
Estimation::mcmc: Smoothed constant
Estimation::mcmc: Smoothed constant, done!
Estimation::mcmc: Smoothed trend
Estimation::mcmc: Smoothed trend, done!
Estimation::mcmc: Updated Variables
Estimation::mcmc: Updated Variables, done!
Estimation::mcmc: Forecasted variables (mean)
Estimation::mcmc: Forecasted variables (mean), done!
Estimation::mcmc: Forecasted variables (point)
Estimation::mcmc: Forecasted variables (point), done!
Total computing time : 2h05m49s
