Starting Dynare (version 4.5.7).
Starting preprocessing of the model file ...
Found 61 equation(s).
Evaluating expressions...done
Computing static model derivatives:
 - order 1
Computing dynamic model derivatives:
 - order 1
 - order 2
Processing outputs ...
done
Preprocessing completed.
ion solver.
[mex] k-order solution simulation.
[mex] Quasi Monte-Carlo sequence (Sobol).
[mex] Markov Switching SBVAR.

Using 64-bit preprocessor
Starting Dynare (version 4.5.7).
Starting preprocessing of the model file ...
Found 61 equation(s).
Evaluating expressions...done
Computing static model derivatives:
 - order 1
Computing dynamic model derivatives:
 - order 1
 - order 2
Processing outputs ...
done
Preprocessing completed.


STEADY-STATE RESULTS:

hours_sw07_obs 		 0
ffr_obs        		 1.0101
gdpdef_obs     		 0.8
gdp_rgd_obs    		 0.43
c_rgd_obs      		 0.43
ifi_rgd_obs    		 0.43
wage_rgd_obs   		 0.43
ewma           		 0
epinfma        		 0
y              		 0
inv            		 0
ext_pr         		 0
pinf           		 0
c              		 0
lev            		 0
q              		 0
Lambda         		 0
ell            		 0
eta            		 0
v              		 0
rk             		 0
invss          		 0
z              		 0
s              		 0
mu             		 0
n              		 0
n_e            		 0
lend           		 0
u              		 0
w              		 0
G              		 0
r              		 0
a              		 0
x              		 0
spinf          		 0
sw             		 0
kq             		 0
zk             		 0
ms             		 0
yf             		 0
invf           		 0
ext_prf        		 0
cf             		 0
levf           		 0
qf             		 0
Lambdaf        		 0
ellf           		 0
etaf           		 0
vf             		 0
rkf            		 0
xf             		 0
zf             		 0
sf             		 0
muf            		 0
nf             		 0
n_ef           		 0
lendf          		 0
uf             		 0
wf             		 0
rf             		 0
zkf            		 0

EIGENVALUES:
         Modulus             Real        Imaginary

               0               -0                0
               0               -0                0
               0               -0                0
       2.536e-17        2.536e-17                0
       4.136e-17        4.136e-17                0
        6.58e-17        -6.58e-17                0
       6.999e-17        6.999e-17                0
        9.54e-17         9.54e-17                0
       1.073e-16        1.073e-16                0
       1.382e-16        1.382e-16                0
       2.188e-16        2.188e-16                0
       2.235e-15       -2.235e-15                0
         0.07425          0.07425                0
          0.2199           0.2199                0
          0.4744           0.4744                0
          0.6373           0.6311          0.08874
          0.6373           0.6311         -0.08874
          0.6928           0.6928                0
             0.8              0.8                0
             0.8              0.8                0
          0.8767           0.8767                0
          0.8779           0.8747          0.07471
          0.8779           0.8747         -0.07471
          0.8889           0.8854          0.07889
          0.8889           0.8854         -0.07889
          0.9349           0.9349                0
          0.9392           0.9392                0
          0.9583           0.9583                0
          0.9607           0.9607                0
           1.014            1.014                0
           1.014            1.014                0
           1.041            1.041                0
           1.042            1.042                0
             1.1            1.089           0.1532
             1.1            1.089          -0.1532
           1.145            1.145                0
           1.237            1.237                0
           1.318            1.318                0
       1.147e+15       -1.147e+15                0
        1.88e+16         1.88e+16                0
       4.582e+16        4.582e+16                0
       1.377e+17       -1.377e+17                0
        1.47e+17        -1.47e+17                0


There are 14 eigenvalue(s) larger than 1 in modulus 
for 14 forward-looking variable(s)

The rank condition is verified.

Initial value of the log posterior (or likelihood): -612.1389
                                            First-order      Norm of
 Iter F-count            f(x)  Feasibility   optimality         step
    0      30    6.121389e+02    0.000e+00    2.766e+03
    1      64    5.103126e+02    0.000e+00    5.588e+02    2.802e-01
    2     100    4.925521e+02    0.000e+00    4.813e+02    2.112e-01
    3     131    4.889239e+02    0.000e+00    4.311e+02    2.755e-01
    4     162    4.832886e+02    0.000e+00    1.084e+03    4.276e-01
    5     195    4.749210e+02    0.000e+00    4.904e+02    2.344e-01
    6     226    4.618690e+02    0.000e+00    1.355e+03    1.097e+00
    7     258    4.580464e+02    0.000e+00    2.003e+03    4.950e-01
    8     290    4.526004e+02    0.000e+00    5.040e+02    5.638e-01
    9     321    4.498375e+02    0.000e+00    1.752e+02    2.554e-01
   10     354    4.487346e+02    0.000e+00    2.664e+02    1.820e-01
   11     385    4.462428e+02    0.000e+00    4.517e+02    4.534e-01
   12     416    4.450501e+02    0.000e+00    3.270e+02    4.940e-01
   13     447    4.441004e+02    0.000e+00    3.212e+02    1.650e-01
   14     479    4.409042e+02    0.000e+00    5.303e+02    2.017e-01
   15     510    4.401930e+02    0.000e+00    4.612e+02    3.600e-01
   16     541    4.362255e+02    0.000e+00    3.281e+02    5.317e-01
   17     573    4.327860e+02    0.000e+00    3.645e+02    3.040e-01
   18     605    4.317475e+02    0.000e+00    3.172e+02    2.068e-01
   19     637    4.315843e+02    0.000e+00    2.724e+02    4.594e-01
   20     669    4.304724e+02    0.000e+00    2.276e+02    3.712e-01
   21     701    4.294691e+02    0.000e+00    1.927e+02    4.784e-01
   22     733    4.286316e+02    0.000e+00    2.377e+02    4.950e-01
   23     766    4.270175e+02    0.000e+00    3.091e+02    8.293e-02
   24     798    4.266796e+02    0.000e+00    3.340e+02    1.458e-01
   25     830    4.259092e+02    0.000e+00    3.181e+02    2.226e-01
   26     863    4.256851e+02    0.000e+00    2.414e+02    2.331e-01
   27     896    4.255044e+02    0.000e+00    2.841e+02    4.830e-02
   28     929    4.254238e+02    0.000e+00    2.576e+02    2.215e-01
   29     966    4.253959e+02    0.000e+00    1.440e+02    4.474e-02
   30     997    4.253845e+02    0.000e+00    1.458e+02    1.635e-02

                                            First-order      Norm of
 Iter F-count            f(x)  Feasibility   optimality         step
   31    1030    4.252678e+02    0.000e+00    1.212e+02    7.472e-02
   32    1067    4.251361e+02    0.000e+00    4.349e+01    1.263e-02
   33    1098    4.250973e+02    0.000e+00    3.852e+01    2.027e-02
   34    1132    4.250559e+02    0.000e+00    8.556e+01    7.961e-02
   35    1164    4.250436e+02    0.000e+00    1.042e+02    4.108e-02
   36    1196    4.249973e+02    0.000e+00    1.021e+02    6.641e-02
   37    1233    4.249612e+02    0.000e+00    6.300e+01    3.068e-02
   38    1264    4.249574e+02    0.000e+00    7.984e+01    5.937e-02
   39    1299    4.249638e+02    0.000e+00    4.918e+01    8.868e-02
   40    1330    4.249446e+02    0.000e+00    6.290e+01    4.333e-02
   41    1362    4.248632e+02    0.000e+00    1.072e+02    6.560e-02
   42    1395    4.248622e+02    0.000e+00    7.363e+01    6.825e-02
   43    1426    4.247939e+02    0.000e+00    3.730e+01    1.351e-01
   44    1459    4.247534e+02    0.000e+00    4.172e+01    8.128e-02
   45    1492    4.245348e+02    0.000e+00    4.004e+01    6.074e-02
   46    1523    4.244854e+02    0.000e+00    7.469e+01    7.654e-02
   47    1556    4.244669e+02    0.000e+00    5.580e+01    1.444e-01
   48    1588    4.244575e+02    0.000e+00    3.280e+01    7.904e-02
   49    1621    4.242842e+02    0.000e+00    1.908e+01    4.819e-02
   50    1653    4.242725e+02    0.000e+00    4.181e+01    5.273e-02
   51    1686    4.242340e+02    0.000e+00    1.068e+02    1.198e-01
   52    1716    4.242150e+02    0.000e+00    2.670e+01    5.765e-02
   53    1747    4.241771e+02    0.000e+00    3.006e+01    6.280e-02
   54    1777    4.241449e+02    0.000e+00    2.832e+01    8.493e-02
   55    1807    4.241355e+02    0.000e+00    2.028e+01    4.211e-02
   56    1837    4.241279e+02    0.000e+00    3.931e+00    6.268e-02
   57    1867    4.241268e+02    0.000e+00    1.556e+00    2.108e-02
   58    1897    4.241255e+02    0.000e+00    4.551e+00    1.565e-02
   59    1927    4.241248e+02    0.000e+00    3.507e+00    3.404e-03
   60    1957    4.241238e+02    0.000e+00    1.806e+00    9.028e-03

                                            First-order      Norm of
 Iter F-count            f(x)  Feasibility   optimality         step
   61    1987    4.241232e+02    0.000e+00    8.410e-01    1.378e-02
   62    2017    4.241132e+02    0.000e+00    6.314e+00    1.677e-02
   63    2047    4.241118e+02    0.000e+00    2.932e+00    6.670e-03
   64    2077    4.241088e+02    0.000e+00    7.391e+00    2.011e-02
   65    2108    4.240998e+02    0.000e+00    4.168e+01    6.083e-02
   66    2138    4.240577e+02    0.000e+00    5.594e+01    4.968e-02
   67    2170    4.239446e+02    0.000e+00    8.213e+01    1.380e-01
   68    2202    4.239035e+02    0.000e+00    7.275e+01    2.584e-02
   69    2232    4.237337e+02    0.000e+00    1.422e+02    1.537e-01
   70    2262    4.232614e+02    0.000e+00    1.559e+02    5.715e-02
   71    2292    4.228115e+02    0.000e+00    9.199e+01    1.209e-01
   72    2323    4.226985e+02    0.000e+00    1.509e+02    2.123e-01
   73    2353    4.224460e+02    0.000e+00    5.511e+01    2.052e-01
   74    2383    4.222459e+02    0.000e+00    1.336e+02    2.081e-01
   75    2413    4.219084e+02    0.000e+00    3.846e+01    2.196e-01
   76    2444    4.216550e+02    0.000e+00    1.287e+02    6.134e-02
   77    2475    4.216321e+02    0.000e+00    2.325e+02    6.357e-02
   78    2505    4.213461e+02    0.000e+00    1.341e+02    4.113e-02
   79    2535    4.212199e+02    0.000e+00    1.230e+02    1.007e-01
   80    2565    4.205786e+02    0.000e+00    1.028e+02    1.084e-01
   81    2595    4.204069e+02    0.000e+00    2.099e+02    1.105e-01
   82    2626    4.203039e+02    0.000e+00    1.535e+01    6.237e-02
   83    2656    4.202328e+02    0.000e+00    6.896e+01    8.451e-02
   84    2688    4.202062e+02    0.000e+00    4.102e+01    3.037e-02
   85    2718    4.201831e+02    0.000e+00    6.942e+00    7.739e-02
   86    2748    4.201708e+02    0.000e+00    4.364e+00    3.867e-02
   87    2778    4.201674e+02    0.000e+00    2.484e+00    1.493e-02
   88    2808    4.201667e+02    0.000e+00    8.817e-01    3.277e-03
   89    2838    4.201666e+02    0.000e+00    7.333e-01    4.048e-03
   90    2868    4.201666e+02    0.000e+00    2.689e-01    1.388e-03

                                            First-order      Norm of
 Iter F-count            f(x)  Feasibility   optimality         step
   91    2898    4.201666e+02    0.000e+00    1.746e-01    1.090e-03
   92    2928    4.201667e+02    0.000e+00    2.338e-01    4.290e-04
   93    2958    4.201667e+02    0.000e+00    1.349e-01    4.430e-04
   94    2988    4.201667e+02    0.000e+00    1.160e-01    1.024e-03
   95    3018    4.201661e+02    0.000e+00    7.257e-01    2.467e-03
   96    3048    4.201660e+02    0.000e+00    2.734e-01    6.145e-04
   97    3078    4.201660e+02    0.000e+00    1.276e-01    4.792e-04
   98    3108    4.201660e+02    0.000e+00    1.701e-02    4.087e-04
   99    3138    4.201660e+02    0.000e+00    1.693e-02    1.829e-04
  100    3168    4.201660e+02    0.000e+00    6.448e-03    6.212e-05
  101    3198    4.201660e+02    0.000e+00    4.239e-03    6.341e-05
  102    3228    4.201660e+02    0.000e+00    1.407e-01    7.954e-04
  103    3258    4.201660e+02    0.000e+00    1.749e-02    1.095e-04
  104    3288    4.201660e+02    0.000e+00    1.634e-02    2.128e-04
  105    3318    4.201660e+02    0.000e+00    3.252e-03    7.730e-05
  106    3348    4.201660e+02    0.000e+00    1.008e-02    6.575e-05
  107    3388    4.201660e+02    0.000e+00    8.388e-04    1.748e-06
  108    3418    4.201660e+02    0.000e+00    5.420e-02    2.539e-04
  109    3450    4.201660e+02    0.000e+00    1.232e-01    1.297e-04
  110    3480    4.201660e+02    0.000e+00    4.932e-03    2.211e-04
  111    3510    4.201660e+02    0.000e+00    8.006e-03    1.717e-04
  112    3542    4.201660e+02    0.000e+00    4.446e-03    1.777e-05
  113    3579    4.201660e+02    0.000e+00    1.614e-03    4.791e-06

<a href = "matlab: helpview([docroot '/toolbox/optim/msg_csh/optim_msg_csh.map'],'local_min_poss_with_constr','CSHelpWindow');">Local minimum possible. Constraints satisfied</a>.

fmincon stopped because the <a href = "matlab: helpview([docroot '/toolbox/optim/msg_csh/optim_msg_csh.map'],'norm_curr_step_simple_fminconip','CSHelpWindow');">size of the current step</a> is less than
the value of the <a href = "matlab: helpview([docroot '/toolbox/optim/msg_csh/optim_msg_csh.map'],'step_size_tol','CSHelpWindow');">step size tolerance</a> and constraints are 
satisfied to within the value of the <a href = "matlab: helpview([docroot '/toolbox/optim/msg_csh/optim_msg_csh.map'],'constraint_tolerance','CSHelpWindow');">constraint tolerance</a>.

<<a href = "matlab: createExitMsg({'optimlib:sqpLineSearch:Exit2basic','fmincon'},{'optimlib:sqpLineSearch:Exit2detailed','1.000000e-06','0.000000e+00','1.000000e-06'},true,true);;">stopping criteria details</a>>

Final value of minus the log posterior (or likelihood):420.165972 

RESULTS FROM POSTERIOR ESTIMATION
parameters
       prior mean     mode    s.d. prior pstdev

RHO_A      0.500   0.9524  0.0379 beta  0.2000 
RHO_RP     0.500   0.9601  0.0141 beta  0.2000 
RHO_G      0.500   0.9761  0.0148 beta  0.2000 
RHO_X      0.500   0.9969  0.0018 beta  0.2000 
RHO_MS     0.500   0.3560  0.0700 beta  0.2000 
RHO_P      0.500   0.9941  0.0050 beta  0.2000 
RHO_W      0.500   0.2436  0.0929 beta  0.2000 
S_PRIMEP   4.000   4.4948  1.0381 norm  1.5000 
H          0.700   0.5470  0.0665 beta  0.1000 
SIGMA_W    0.750   0.8881  0.0201 beta  0.0500 
SIGMAP     0.750   0.8212  0.0245 beta  0.0500 
FCP        1.450   1.3745  0.0762 norm  0.1250 
PHI        0.330   1.2591  0.3692 gamm  0.2500 
SIGMA_WI   0.500   0.3997  0.1521 beta  0.1500 
SIGMA_PI   0.500   0.1386  0.0622 beta  0.1500 
ZETA       0.250   0.8759  0.0493 beta  0.1500 
IOTA_PI    1.700   1.8118  0.1279 norm  0.1500 
RHO_I      0.750   0.8112  0.0214 beta  0.1000 
IOTA_Y     0.125   0.0406  0.0138 gamm  0.0500 
IOTA_DY    0.063   0.1509  0.0228 norm  0.0500 
picbar     0.625   0.6317  0.0737 gamm  0.1000 
ctrend     0.400   0.5143  0.0659 norm  0.1000 

standard deviation of shocks
       prior mean     mode    s.d. prior pstdev

e_a        0.100   0.3528  0.0303 invg  2.0000 
e_x        0.100   1.0116  0.2103 invg  2.0000 
e_i        0.100   0.1126  0.0097 invg  2.0000 
e_kq       0.100   0.1829  0.0357 invg  2.0000 
e_g        0.100   2.2106  0.1691 invg  2.0000 
epinf      0.100   0.0518  0.0108 invg  2.0000 
ew         0.100   0.2472  0.0304 invg  2.0000 


Log data density [Laplace approximation] is -492.346183.

Estimation::mcmc: One Chain mode.
Estimation::mcmc: Initialization at the posterior mode.

Estimation::mcmc: Write details about the MCMC... Ok!
Estimation::mcmc: Details about the MCMC are available in VI16_GK/metropolis\VI16_GK_mh_history_0.mat


Estimation::mcmc: Number of mh files: 2 per block.
Estimation::mcmc: Total number of generated files: 2.
Estimation::mcmc: Total number of iterations: 500000.
Estimation::mcmc: Current acceptance ratio per chain: 
                                                       Chain  1: 37.0956%
Estimation::mcmc: Total number of MH draws per chain: 500000.
Estimation::mcmc: Total number of generated MH files: 2.
Estimation::mcmc: I'll use mh-files 1 to 2.
Estimation::mcmc: In MH-file number 1 I'll start at line 150001.
Estimation::mcmc: Finally I keep 350000 draws per chain.



MCMC Inefficiency factors per block
Parameter       Block 1
SE_e_a          171.092
SE_e_x          317.360
SE_e_i          150.869
SE_e_kq         349.047
SE_e_g          137.568
SE_epinf        202.608
SE_ew           375.460
RHO_A           142.299
RHO_RP          282.547
RHO_G           153.593
RHO_X           503.907
RHO_MS          160.541
RHO_P           721.436
RHO_W           525.315
S_PRIMEP        202.919
H               293.496
SIGMA_W         592.092
SIGMAP          512.633
FCP             146.934
PHI             252.159
SIGMA_WI        223.537
SIGMA_PI        221.318
ZETA            185.388
IOTA_PI         211.012
RHO_I           292.145
IOTA_Y          506.493
IOTA_DY         214.280
picbar          146.779
ctrend          292.247


Geweke (1992) Convergence Tests, based on means of draws 150000 to 220000 vs 325000 to 500000.
p-values are for Chi2-test for equality of means.
Parameter         Post. Mean        Post. Std   p-val No Taper   p-val 4% Taper   p-val 8% Taper  p-val 15% Taper
SE_e_a                 0.369            0.032            0.000            0.004            0.008            0.013
SE_e_x                 1.094            0.250            0.000            0.598            0.617            0.624
SE_e_i                 0.113            0.010            0.000            0.568            0.582            0.589
SE_e_kq                0.219            0.049            0.000            0.002            0.003            0.001
SE_e_g                 2.265            0.178            0.000            0.286            0.273            0.213
SE_epinf               0.053            0.011            0.000            0.017            0.036            0.047
SE_ew                  0.231            0.040            0.000            0.232            0.336            0.414
RHO_A                  0.942            0.032            0.000            0.743            0.762            0.772
RHO_RP                 0.958            0.017            0.916            0.997            0.997            0.998
RHO_G                  0.973            0.015            0.000            0.022            0.027            0.021
RHO_X                  0.993            0.004            0.000            0.053            0.079            0.091
RHO_MS                 0.343            0.073            0.000            0.167            0.211            0.229
RHO_P                  0.961            0.037            0.000            0.099            0.192            0.257
RHO_W                  0.357            0.164            0.000            0.087            0.163            0.230
S_PRIMEP               4.720            0.918            0.000            0.085            0.098            0.130
H                      0.525            0.070            0.000            0.529            0.595            0.642
SIGMA_W                0.865            0.049            0.000            0.006            0.019            0.037
SIGMAP                 0.838            0.037            0.000            0.101            0.194            0.266
FCP                    1.369            0.074            0.000            0.493            0.443            0.417
PHI                    1.520            0.453            0.000            0.114            0.135            0.131
SIGMA_WI               0.383            0.146            0.000            0.000            0.000            0.000
SIGMA_PI               0.176            0.074            0.000            0.132            0.157            0.160
ZETA                   0.861            0.050            0.000            0.242            0.279            0.303
IOTA_PI                1.808            0.137            0.000            0.000            0.000            0.001
RHO_I                  0.821            0.024            0.000            0.025            0.057            0.086
IOTA_Y                 0.059            0.025            0.000            0.002            0.005            0.007
IOTA_DY                0.160            0.024            0.000            0.418            0.489            0.535
picbar                 0.630            0.072            0.000            0.001            0.003            0.003
ctrend                 0.500            0.074            0.000            0.000            0.001            0.000


Estimation::marginal density: I'm computing the posterior mean and covariance...  Done!
Estimation::marginal density: I'm computing the posterior log marginal density (modified harmonic mean)... Done!


ESTIMATION RESULTS

Log data density is -490.313179.

parameters
           prior mean   post. mean        90% HPD interval    prior       pstdev

RHO_A           0.500       0.9420      0.8940      0.9882   beta        0.2000
RHO_RP          0.500       0.9587      0.9318      0.9861   beta        0.2000
RHO_G           0.500       0.9730      0.9517      0.9948   beta        0.2000
RHO_X           0.500       0.9934      0.9874      0.9993   beta        0.2000
RHO_MS          0.500       0.3411      0.2240      0.4628   beta        0.2000
RHO_P           0.500       0.9567      0.8963      0.9992   beta        0.2000
RHO_W           0.500       0.3658      0.1119      0.6580   beta        0.2000
S_PRIMEP        4.000       4.7060      3.1999      6.1864   norm        1.5000
H               0.700       0.5218      0.4076      0.6395   beta        0.1000
SIGMA_W         0.750       0.8643      0.7871      0.9355   beta        0.0500
SIGMAP          0.750       0.8413      0.7822      0.9115   beta        0.0500
FCP             1.450       1.3684      1.2462      1.4880   norm        0.1250
PHI             0.330       1.5238      0.7660      2.2392   gamm        0.2500
SIGMA_WI        0.500       0.3799      0.1451      0.6202   beta        0.1500
SIGMA_PI        0.500       0.1751      0.0551      0.2845   beta        0.1500
ZETA            0.250       0.8605      0.7806      0.9410   beta        0.1500
IOTA_PI         1.700       1.8074      1.5889      2.0306   norm        0.1500
RHO_I           0.750       0.8216      0.7809      0.8633   beta        0.1000
IOTA_Y          0.125       0.0605      0.0198      0.1001   gamm        0.0500
IOTA_DY         0.063       0.1609      0.1211      0.2005   norm        0.0500
picbar          0.625       0.6294      0.5121      0.7472   gamm        0.1000
ctrend          0.400       0.5018      0.3842      0.6242   norm        0.1000

standard deviation of shocks
           prior mean   post. mean        90% HPD interval    prior       pstdev

e_a             0.100       0.3692      0.3173      0.4207   invg        2.0000
e_x             0.100       1.0930      0.7053      1.4846   invg        2.0000
e_i             0.100       0.1132      0.0972      0.1291   invg        2.0000
e_kq            0.100       0.2181      0.1371      0.2944   invg        2.0000
e_g             0.100       2.2640      1.9801      2.5578   invg        2.0000
epinf           0.100       0.0530      0.0356      0.0693   invg        2.0000
ew              0.100       0.2290      0.1557      0.2920   invg        2.0000
Estimation::mcmc: Smoothed variables
Estimation::mcmc: Smoothed variables, done!
Estimation::mcmc: Smoothed shocks
Estimation::mcmc: Smoothed shocks, done!
Estimation::mcmc: Trend_coefficients
Estimation::mcmc: Trend_coefficients, done!
Estimation::mcmc: Smoothed constant
Estimation::mcmc: Smoothed constant, done!
Estimation::mcmc: Smoothed trend
Estimation::mcmc: Smoothed trend, done!
Estimation::mcmc: Updated Variables
Estimation::mcmc: Updated Variables, done!
Estimation::mcmc: Forecasted variables (mean)
Estimation::mcmc: Forecasted variables (mean), done!
Estimation::mcmc: Forecasted variables (point)
Estimation::mcmc: Forecasted variables (point), done!
Total computing time : 2h08m31s
