Starting Dynare (version 4.5.7).
Starting preprocessing of the model file ...
Found 50 equation(s).
Evaluating expressions...done
Computing static model derivatives:
 - order 1
Computing dynamic model derivatives:
 - order 1
Processing outputs ...
done
Preprocessing completed.
mex] Markov Switching SBVAR.

Using 64-bit preprocessor
Starting Dynare (version 4.5.7).
Starting preprocessing of the model file ...
Found 50 equation(s).
Evaluating expressions...done
Computing static model derivatives:
 - order 1
Computing dynamic model derivatives:
 - order 1
Processing outputs ...
done
Preprocessing completed.

[Warning: Some of the parameters have no value (RHO_AM) when using steady. If these parameters are not initialized in a
steadystate file or a steady_state_model-block, Dynare may not be able to solve the model...] 

STEADY-STATE RESULTS:

a_c          		 0
a_h          		 0
a_j          		 0
a_k          		 0
a_s          		 0
a_t          		 0
a_z          		 0
b            		 0.531941
c            		 0.407149
c1           		 -1.2293
rc_obs       		 0.00468077
pi_dm_obs    		 0
rri_obs      		 0.00149615
rbi_obs      		 0.00743077
hwc_pd_obs   		 0
hwr_pd_obs   		 0
hp_r_obs     		 0.00318462
i_nom_obs    		 0
c_winf_obs   		 0
h_winf_obs   		 0
dp           		 0
h            		 2.66069
h1           		 0.824475
I            		 -1.65853
kc           		 3.09164
kh           		 -0.800203
lm           		 -2.55742
nc           		 -0.269438
nc1          		 -0.0723113
nh           		 -1.75529
nh1          		 -1.34491
q            		 -0.125672
r            		 0.00752827
rkc          		 -3.34299
rkh          		 -3.2819
uc           		 -0.407149
uc1          		 1.2293
wc           		 0.39831
wc1          		 -1.14454
wh           		 -0.616975
wh1          		 -2.37308
X            		 0.139762
xwc          		 0.139762
xwc1         		 0.139762
xwh          		 0.139762
xwh1         		 0.139762
Y            		 0.930807
gdpl_rgd_obs 		 0
zkc          		 0
zkh          		 0
[Warning: Some of the parameters have no value (RHO_AM) when using initial_estimation_checks. If these parameters are not
initialized in a steadystate file or a steady_state_model-block, Dynare may not be able to solve the model...] 
Initial value of the log posterior (or likelihood): 2873.8074

==========================================================
   Change in the posterior covariance matrix = 6.1714.
   Change in the posterior mean = 1.2387.
   Mode improvement = 115.4489
   New value of jscale = 0.0044349
==========================================================

==========================================================
   Change in the posterior covariance matrix = 1.3437.
   Change in the posterior mean = 1.1097.
   Mode improvement = 32.7851
   New value of jscale = 0.35795
==========================================================

==========================================================
   Change in the posterior covariance matrix = 2.6949.
   Change in the posterior mean = 4.5994.
   Mode improvement = 17.3099
   New value of jscale = 0.30542
==========================================================

Optimal value of the scale parameter = 0.30542


Final value of minus the log posterior (or likelihood):-3039.351247 

MODE CHECK

Fval obtained by the minimization routine (minus the posterior/likelihood)): -3039.351247

RESULTS FROM POSTERIOR ESTIMATION
parameters
         prior mean     mode    s.d. prior pstdev

ALPHA        0.650   0.7678  0.0379 beta  0.0500 
EC           0.500   0.4240  0.0375 beta  0.0750 
EC1          0.500   0.6750  0.0594 beta  0.0750 
ETA          0.500   0.4322  0.0645 gamm  0.1000 
ETA1         0.500   0.4708  0.0743 gamm  0.1000 
FIKC        10.000  14.8981  1.9595 gamm  2.5000 
FIKH        10.000   8.6434  1.4318 gamm  2.5000 
LAGP         0.500   0.8512  0.0877 beta  0.2000 
LAGWC        0.500   0.0873  0.0417 beta  0.2000 
LAGWH        0.500   0.0732  0.0387 beta  0.2000 
NU          -1.000  -0.8394  0.1117 norm  0.1000 
NU1         -1.000  -0.9808  0.0728 norm  0.1000 
RHO_AC       0.800   0.9279  0.0195 beta  0.1000 
RHO_AH       0.800   0.9976  0.0026 beta  0.0900 
RHO_AJ       0.800   0.9492  0.0132 beta  0.1000 
RHO_AK       0.800   0.9841  0.0105 beta  0.1000 
RHO_AT       0.800   0.9437  0.0251 beta  0.1000 
RHO_AZ       0.800   0.9416  0.0183 beta  0.1000 
TAYLOR_P     1.500   1.6217  0.0635 norm  0.1000 
TAYLOR_R     0.750   0.7927  0.0203 beta  0.1000 
TAYLOR_Y     0.000   0.3202  0.0564 norm  0.1000 
TETA         0.667   0.8400  0.0175 beta  0.0500 
TETAWC       0.667   0.8741  0.0135 beta  0.0500 
TETAWH       0.667   0.9694  0.0055 beta  0.0500 
TREND_AC     0.005   0.0012  0.0003 norm  0.0100 
TREND_AH     0.005   0.0011  0.0012 norm  0.0100 
TREND_AK     0.005   0.0059  0.0005 norm  0.0100 
ZETAKC       0.500   0.9321  0.0421 beta  0.2000 

standard deviation of shocks
         prior mean     mode    s.d. prior pstdev

eps_c        0.001   0.0082  0.0007 invg  0.0100 
eps_e        0.001   0.0013  0.0002 invg  0.0100 
eps_h        0.001   0.0200  0.0013 invg  0.0100 
eps_j        0.001   0.0638  0.0141 invg  0.0100 
eps_k        0.001   0.0115  0.0015 invg  0.0100 
eps_p        0.001   0.0041  0.0005 invg  0.0100 
eps_s        0.100   0.0151  0.0017 invg  1.0000 
eps_t        0.001   0.0202  0.0043 invg  0.0100 
eps_z        0.001   0.0137  0.0026 invg  0.0100 

standard deviation of measurement errors
         prior mean     mode    s.d. prior pstdev

hwr_pd_obs   0.001   0.2058  0.0083 invg  0.0100 
h_winf_obs   0.001   0.0042  0.0004 invg  0.0100 


Log data density [Laplace approximation] is 2889.089266.

Estimation::mcmc: One Chain mode.
Estimation::mcmc: Initialization at the posterior mode.

Estimation::mcmc: Write details about the MCMC... Ok!
Estimation::mcmc: Details about the MCMC are available in IN10/metropolis\IN10_mh_history_0.mat


Estimation::mcmc: Number of mh files: 4 per block.
Estimation::mcmc: Total number of generated files: 4.
Estimation::mcmc: Total number of iterations: 1000000.
Estimation::mcmc: Current acceptance ratio per chain: 
                                                       Chain  1: 33.7755%
Estimation::mcmc: Total number of MH draws per chain: 1000000.
Estimation::mcmc: Total number of generated MH files: 4.
Estimation::mcmc: I'll use mh-files 1 to 4.
Estimation::mcmc: In MH-file number 1 I'll start at line 300001.
Estimation::mcmc: Finally I keep 700000 draws per chain.



MCMC Inefficiency factors per block
Parameter                Block 1
SE_eps_c                 145.886
SE_eps_e                 190.116
SE_eps_h                 188.979
SE_eps_j                 388.886
SE_eps_k                 229.524
SE_eps_p                 197.735
SE_eps_s                 158.644
SE_eps_t                 507.618
SE_eps_z                 244.116
SE_EOBS_hwr_pd_obs       463.162
SE_EOBS_h_winf_obs       159.236
ALPHA                    205.213
EC                       403.019
EC1                      162.906
ETA                      374.352
ETA1                     308.046
FIKC                     307.815
FIKH                     391.143
LAGP                     250.469
LAGWC                    168.171
LAGWH                    360.886
NU                       364.850
NU1                      400.101
RHO_AC                   206.011
RHO_AH                   243.471
RHO_AJ                   348.185
RHO_AK                   309.817
RHO_AT                   429.417
RHO_AZ                   366.827
TAYLOR_P                 264.599
TAYLOR_R                 207.126
TAYLOR_Y                 284.436
TETA                     281.255
TETAWC                   393.996
TETAWH                   251.845
TREND_AC                 214.515
TREND_AH                 161.019
TREND_AK                 223.639
ZETAKC                   229.254


Geweke (1992) Convergence Tests, based on means of draws 300000 to 440000 vs 650000 to 1000000.
p-values are for Chi2-test for equality of means.
Parameter                  Post. Mean        Post. Std   p-val No Taper   p-val 4% Taper   p-val 8% Taper  p-val 15% Taper
SE_eps_c                        0.008            0.001            0.000            0.058            0.044            0.038
SE_eps_e                        0.001            0.000            0.001            0.853            0.844            0.814
SE_eps_h                        0.020            0.002            0.000            0.040            0.021            0.008
SE_eps_j                        0.073            0.016            0.000            0.360            0.366            0.375
SE_eps_k                        0.011            0.002            0.000            0.191            0.217            0.208
SE_eps_p                        0.004            0.000            0.000            0.664            0.643            0.615
SE_eps_s                        0.016            0.002            0.000            0.542            0.472            0.396
SE_eps_t                        0.026            0.008            0.000            0.817            0.821            0.800
SE_eps_z                        0.014            0.003            0.000            0.617            0.597            0.557
SE_EOBS_hwr_pd_obs              0.208            0.016            0.001            0.920            0.919            0.915
SE_EOBS_h_winf_obs              0.004            0.000            0.000            0.499            0.453            0.428
ALPHA                           0.766            0.038            0.000            0.258            0.227            0.213
EC                              0.439            0.055            0.000            0.131            0.137            0.109
EC1                             0.668            0.057            0.000            0.725            0.750            0.754
ETA                             0.445            0.091            0.000            0.100            0.067            0.031
ETA1                            0.489            0.098            0.235            0.955            0.958            0.962
FIKC                           14.834            1.983            0.000            0.112            0.122            0.099
FIKH                            9.250            2.448            0.000            0.385            0.380            0.351
LAGP                            0.820            0.091            0.000            0.759            0.714            0.625
LAGWC                           0.101            0.044            0.000            0.422            0.372            0.310
LAGWH                           0.107            0.061            0.000            0.876            0.882            0.885
NU                             -0.836            0.118            0.000            0.555            0.513            0.457
NU1                            -0.977            0.103            0.000            0.242            0.208            0.108
RHO_AC                          0.930            0.021            0.000            0.140            0.147            0.107
RHO_AH                          0.996            0.002            0.287            0.950            0.944            0.942
RHO_AJ                          0.941            0.015            0.000            0.532            0.559            0.581
RHO_AK                          0.975            0.014            0.000            0.856            0.859            0.855
RHO_AT                          0.915            0.042            0.000            0.873            0.878            0.870
RHO_AZ                          0.930            0.026            0.000            0.104            0.075            0.076
TAYLOR_P                        1.637            0.074            0.000            0.693            0.705            0.703
TAYLOR_R                        0.788            0.023            0.000            0.827            0.831            0.829
TAYLOR_Y                        0.346            0.071            0.000            0.138            0.120            0.082
TETA                            0.843            0.020            0.034            0.925            0.921            0.908
TETAWC                          0.881            0.019            0.814            0.994            0.994            0.993
TETAWH                          0.967            0.006            0.000            0.808            0.811            0.806
TREND_AC                        0.001            0.000            0.000            0.696            0.704            0.706
TREND_AH                        0.001            0.001            0.000            0.223            0.202            0.199
TREND_AK                        0.006            0.001            0.000            0.506            0.516            0.506
ZETAKC                          0.912            0.049            0.000            0.822            0.817            0.802


Estimation::marginal density: I'm computing the posterior mean and covariance...  Done!
Estimation::marginal density: I'm computing the posterior log marginal density (modified harmonic mean)... Done!


ESTIMATION RESULTS

Log data density is 2898.317106.

parameters
             prior mean   post. mean        90% HPD interval    prior       pstdev

ALPHA             0.650       0.7661      0.7044      0.8278   beta        0.0500
EC                0.500       0.4403      0.3508      0.5336   beta        0.0750
EC1               0.500       0.6690      0.5773      0.7625   beta        0.0750
ETA               0.500       0.4449      0.2970      0.5977   gamm        0.1000
ETA1              0.500       0.4898      0.3292      0.6474   gamm        0.1000
FIKC             10.000      14.9296     11.6070     18.0584   gamm        2.5000
FIKH             10.000       9.3495      5.2406     13.2874   gamm        2.5000
LAGP              0.500       0.8191      0.6818      0.9654   beta        0.2000
LAGWC             0.500       0.1004      0.0278      0.1686   beta        0.2000
LAGWH             0.500       0.1073      0.0156      0.1957   beta        0.2000
NU               -1.000      -0.8395     -1.0339     -0.6484   norm        0.1000
NU1              -1.000      -0.9780     -1.1529     -0.8107   norm        0.1000
RHO_AC            0.800       0.9297      0.8972      0.9644   beta        0.1000
RHO_AH            0.800       0.9962      0.9930      0.9994   beta        0.0900
RHO_AJ            0.800       0.9412      0.9166      0.9658   beta        0.1000
RHO_AK            0.800       0.9748      0.9542      0.9956   beta        0.1000
RHO_AT            0.800       0.9157      0.8534      0.9774   beta        0.1000
RHO_AZ            0.800       0.9300      0.8915      0.9707   beta        0.1000
TAYLOR_P          1.500       1.6378      1.5137      1.7583   norm        0.1000
TAYLOR_R          0.750       0.7885      0.7514      0.8269   beta        0.1000
TAYLOR_Y          0.000       0.3431      0.2283      0.4587   norm        0.1000
TETA              0.667       0.8428      0.8094      0.8753   beta        0.0500
TETAWC            0.667       0.8809      0.8505      0.9129   beta        0.0500
TETAWH            0.667       0.9668      0.9574      0.9764   beta        0.0500
TREND_AC          0.005       0.0013      0.0009      0.0018   norm        0.0100
TREND_AH          0.005       0.0011     -0.0009      0.0030   norm        0.0100
TREND_AK          0.005       0.0055      0.0045      0.0065   norm        0.0100
ZETAKC            0.500       0.9119      0.8423      0.9884   beta        0.2000

standard deviation of shocks
             prior mean   post. mean        90% HPD interval    prior       pstdev

eps_c             0.001       0.0085      0.0073      0.0096   invg        0.0100
eps_e             0.001       0.0014      0.0011      0.0016   invg        0.0100
eps_h             0.001       0.0203      0.0179      0.0228   invg        0.0100
eps_j             0.001       0.0735      0.0480      0.0985   invg        0.0100
eps_k             0.001       0.0114      0.0088      0.0141   invg        0.0100
eps_p             0.001       0.0041      0.0034      0.0049   invg        0.0100
eps_s             0.100       0.0157      0.0128      0.0185   invg        1.0000
eps_t             0.001       0.0255      0.0151      0.0371   invg        0.0100
eps_z             0.001       0.0144      0.0099      0.0187   invg        0.0100

standard deviation of measurement errors
             prior mean   post. mean        90% HPD interval    prior       pstdev

hwr_pd_obs        0.001       0.2082      0.1825      0.2328   invg        0.0100
h_winf_obs        0.001       0.0044      0.0037      0.0050   invg        0.0100
Estimation::mcmc: Posterior (dsge) IRFs...
Estimation::mcmc: Posterior IRFs, done!
Estimation::mcmc: Smoothed variables
Estimation::mcmc: Smoothed variables, done!
Estimation::mcmc: Smoothed shocks
Estimation::mcmc: Smoothed shocks, done!
Estimation::mcmc: Trend_coefficients
Estimation::mcmc: Trend_coefficients, done!
Estimation::mcmc: Smoothed constant
Estimation::mcmc: Smoothed constant, done!
Estimation::mcmc: Smoothed trend
Estimation::mcmc: Smoothed trend, done!
Estimation::mcmc: Updated Variables
Estimation::mcmc: Updated Variables, done!
Estimation::mcmc: Smoothed measurement errors
Estimation::mcmc: Smoothed measurement errors, done!
Estimation::mcmc: Forecasted variables (mean)
Estimation::mcmc: Forecasted variables (mean), done!
Estimation::mcmc: Forecasted variables (point)
Estimation::mcmc: Forecasted variables (point), done!
Total computing time : 6h10m27s
Note: warning(s) encountered in MATLAB/Octave code
