Starting Dynare (version 4.5.7).
Starting preprocessing of the model file ...
WARNING: in the 'steady_state_model' block, variable 'y' is not assigned a value
WARNING: in the 'steady_state_model' block, variable 'c' is not assigned a value
WARNING: in the 'steady_state_model' block, variable 'inve' is not assigned a value
WARNING: in the 'steady_state_model' block, variable 'zcap' is not assigned a value
WARNING: in the 'steady_state_model' block, variable 'lam' is not assigned a value
WARNING: in the 'steady_state_model' block, variable 'r' is not assigned a value
WARNING: in the 'steady_state_model' block, variable 'pinf' is not assigned a value
WARNING: in the 'steady_state_model' block, variable 'lab' is not assigned a value
WARNING: in the 'steady_state_model' block, variable 'pk' is not assigned a value
WARNING: in the 'steady_state_model' block, variable 'rk' is not assigned a value
WARNING: in the 'steady_state_model' block, variable 'k' is not assigned a value
WARNING: in the 'steady_state_model' block, variable 'kp' is not assigned a value
WARNING: in the 'steady_state_model' block, variable 'mc' is not assigned a value
WARNING: in the 'steady_state_model' block, variable 'w' is not assigned a value
WARNING: in the 'steady_state_model' block, variable 'u' is not assigned a value
WARNING: in the 'steady_state_model' block, variable 'ex' is not assigned a value
WARNING: in the 'steady_state_model' block, variable 'ls' is not assigned a value
WARNING: in the 'steady_state_model' block, variable 'un' is not assigned a value
WARNING: in the 'steady_state_model' block, variable 'e' is not assigned a value
WARNING: in the 'steady_state_model' block, variable 'yf' is not assigned a value
WARNING: in the 'steady_state_model' block, variable 'cf' is not assigned a value
WARNING: in the 'steady_state_model' block, variable 'invef' is not assigned a value
WARNING: in the 'steady_state_model' block, variable 'zcapf' is not assigned a value
WARNING: in the 'steady_state_model' block, variable 'lamf' is not assigned a value
WARNING: in the 'steady_state_model' block, variable 'rrf' is not assigned a value
WARNING: in the 'steady_state_model' block, variable 'labf' is not assigned a value
WARNING: in the 'steady_state_model' block, variable 'pkf' is not assigned a value
WARNING: in the 'steady_state_model' block, variable 'rkf' is not assigned a value
WARNING: in the 'steady_state_model' block, variable 'kf' is not assigned a value
WARNING: in the 'steady_state_model' block, variable 'kpf' is not assigned a value
WARNING: in the 'steady_state_model' block, variable 'wf' is not assigned a value
WARNING: in the 'steady_state_model' block, variable 'exf' is not assigned a value
WARNING: in the 'steady_state_model' block, variable 'ef' is not assigned a value
WARNING: in the 'steady_state_model' block, variable 'g' is not assigned a value
WARNING: in the 'steady_state_model' block, variable 'b' is not assigned a value
WARNING: in the 'steady_state_model' block, variable 'qs' is not assigned a value
WARNING: in the 'steady_state_model' block, variable 'a' is not assigned a value
WARNING: in the 'steady_state_model' block, variable 'spinf' is not assigned a value
WARNING: in the 'steady_state_model' block, variable 'epinfma' is not assigned a value
WARNING: in the 'steady_state_model' block, variable 'sw' is not assigned a value
WARNING: in the 'steady_state_model' block, variable 'ewma' is not assigned a value
WARNING: in the 'steady_state_model' block, variable 'ms' is not assigned a value
WARNING: in the 'steady_state_model' block, variable 'pss' is not assigned a value
Found 51 equation(s).
Evaluating expressions...done
Computing static model derivatives:
 - order 1
Computing dynamic model derivatives:
 - order 1
 - order 2
Processing outputs ...
done
Preprocessing completed.
[Warning: Your prior allows for negative standard deviations for structural shocks. Due to working with variances, Dynare will
be able to continue, but it is recommended to change your prior.] 
[> In <a href="matlab:matlab.internal.language.introspective.errorDocCallback('initial_estimation_checks', 'C:\dynare\4.5.7\matlab\initial_estimation_checks.m', 86)" style="font-weight:bold">initial_estimation_checks</a> (<a href="matlab: opentoline('C:\dynare\4.5.7\matlab\initial_estimation_checks.m',86,0)">line 86</a>)
  In <a href="matlab:matlab.internal.language.introspective.errorDocCallback('dynare_estimation_1', 'C:\dynare\4.5.7\matlab\dynare_estimation_1.m', 165)" style="font-weight:bold">dynare_estimation_1</a> (<a href="matlab: opentoline('C:\dynare\4.5.7\matlab\dynare_estimation_1.m',165,0)">line 165</a>)
  In <a href="matlab:matlab.internal.language.introspective.errorDocCallback('dynare_estimation', 'C:\dynare\4.5.7\matlab\dynare_estimation.m', 105)" style="font-weight:bold">dynare_estimation</a> (<a href="matlab: opentoline('C:\dynare\4.5.7\matlab\dynare_estimation.m',105,0)">line 105</a>)
  In <a href="matlab:matlab.internal.language.introspective.errorDocCallback('GSW12', 'C:\Users\KaiLong\Documents\GitHub\MMB_forecast_application\estimations\GSW12_20010214_s4\GSW12.m', 615)" style="font-weight:bold">GSW12</a> (<a href="matlab: opentoline('C:\Users\KaiLong\Documents\GitHub\MMB_forecast_application\estimations\GSW12_20010214_s4\GSW12.m',615,0)">line 615</a>)
  In <a href="matlab:matlab.internal.language.introspective.errorDocCallback('dynare', 'C:\dynare\4.5.7\matlab\dynare.m', 235)" style="font-weight:bold">dynare</a> (<a href="matlab: opentoline('C:\dynare\4.5.7\matlab\dynare.m',235,0)">line 235</a>)
  In <a href="matlab:matlab.internal.language.introspective.errorDocCallback('Copy_of_gen_forecast', 'C:\Users\KaiLong\Documents\GitHub\MMB_forecast_application\Copy_of_gen_forecast.m', 222)" style="font-weight:bold">Copy_of_gen_forecast</a> (<a href="matlab: opentoline('C:\Users\KaiLong\Documents\GitHub\MMB_forecast_application\Copy_of_gen_forecast.m',222,0)">line 222</a>)] 
Initial value of the log posterior (or likelihood): -4362.7135
-----------------
f at the beginning of new iteration,      4362.7135254416
Predicted improvement:   711891.945683472
lambda =          1; f =         4363.0441593
lambda =    0.33333; f =         4362.7135805
lambda =    0.11111; f =         1361.7110084
lambda =   0.037037; f =          999.4261806
lambda =   0.012346; f =         1155.6595955
lambda =  0.0041152; f =         1886.8948330
Norm of dx     11.932
----
Improvement on iteration 1 =     3363.287344842
-----------------
f at the beginning of new iteration,       999.4261805992
Predicted improvement:     1315.283607677
lambda =          1; f =          999.5203947
lambda =    0.33333; f =          999.4344981
lambda =    0.11111; f =          999.4268761
lambda =   0.037037; f =          999.4262033
lambda =   0.012346; f =          969.6775769
lambda =   0.023866; f =          999.4261814
lambda =    0.01607; f =          962.0640561
lambda =   0.020374; f =          956.1337543
lambda =   0.025831; f =          999.4261828
lambda =   0.022403; f =          999.4261808
lambda =   0.020569; f =          956.3597124
lambda =    0.02165; f =          999.4261807
lambda =   0.020995; f =          999.4261806
lambda =   0.020611; f =          956.4491282
lambda =    0.02084; f =          999.4261806
Norm of dx    0.51335
Cliff.  Perturbing search direction.
Predicted improvement:     1896.566483677
lambda =          1; f =          999.6435071
lambda =    0.33333; f =          999.4412110
lambda =    0.11111; f =          999.4275248
lambda =   0.037037; f =          999.4262477
lambda =   0.012346; f =          958.1122303
lambda =   0.023866; f =          999.4261904
lambda =    0.01607; f =          999.4261806
lambda =   0.012676; f =          957.2196917
lambda =   0.014615; f =          952.6528102
lambda =   0.016851; f =          999.4261808
lambda =   0.015472; f =          951.7867264
lambda =   0.016285; f =          999.4261806
lambda =   0.015792; f =          999.4261806
lambda =   0.015503; f =          951.8103468
lambda =   0.015676; f =          952.1595476
lambda =    0.01585; f =          999.4261806
Norm of dx    0.74851
Cliff again.  Try traversing
Predicted improvement:  2199305.206727068
lambda =          1; f =       962631.6698114
lambda =    0.33333; f =       107197.9740226
lambda =    0.11111; f =        12589.2492721
lambda =   0.037037; f =         2221.6291498
lambda =   0.012346; f =         1115.3494743
lambda =  0.0041152; f =         1007.4070152
lambda =  0.0013717; f =          999.8743950
lambda = 0.00045725; f =          999.4452452
lambda = 0.00015242; f =          999.4319333
lambda = 5.0805e-05; f =          840.3923826
lambda = 9.8216e-05; f =          999.4262000
lambda = 6.6133e-05; f =          854.1390252
Norm of dx     2097.3
----
Improvement on iteration 2 =      159.033797960
-----------------
f at the beginning of new iteration,       840.3923826390
Predicted improvement:      486.690526454
lambda =          1; f =          840.4297367
lambda =    0.33333; f =          840.3960421
lambda =    0.11111; f =          840.3926462
lambda =   0.037037; f =          840.3923848
lambda =   0.012346; f =          829.7241540
lambda =   0.023866; f =          822.6561602
lambda =   0.046138; f =          840.3923935
lambda =   0.031067; f =          840.3923827
lambda =   0.024504; f =          822.4024013
lambda =   0.028254; f =          821.8444846
Norm of dx    0.31646
----
Improvement on iteration 3 =       18.547898053
warning: possible inaccuracy in H matrix
-----------------
f at the beginning of new iteration,       821.8444845864
Predicted improvement:      344.512527563
lambda =          1; f =          821.8445520
lambda =    0.33333; f =          846.5982344
lambda =    0.11111; f =          809.0779389
lambda =   0.037037; f =          809.6473279
Norm of dx    0.34737
----
Improvement on iteration 4 =       12.766545666
-----------------
f at the beginning of new iteration,       809.0779389202
Predicted improvement:       40.649181478
lambda =          1; f =          949.4353172
lambda =    0.33333; f =          788.7387207
lambda =    0.64439; f =          794.1911865
lambda =     0.4339; f =          786.5234155
Norm of dx    0.11921
----
Improvement on iteration 5 =       22.554523398
-----------------
f at the beginning of new iteration,       786.5234155226
Predicted improvement:      237.326659158
lambda =          1; f =          786.5404537
lambda =    0.33333; f =          786.5234883
lambda =    0.11111; f =          749.8360608
Norm of dx    0.66225
----
Improvement on iteration 6 =       36.687354716
-----------------
f at the beginning of new iteration,       749.8360608068
Predicted improvement:       35.161744908
lambda =          1; f =          718.2369018
Norm of dx    0.15651
----
Improvement on iteration 7 =       31.599158980
-----------------
f at the beginning of new iteration,       718.2369018270
Predicted improvement:       13.651304740
lambda =          1; f =          704.7798057
Norm of dx   0.057013
----
Improvement on iteration 8 =       13.457096164
-----------------
f at the beginning of new iteration,       704.7798056629
Predicted improvement:        5.989281480
lambda =          1; f =          696.5377168
Norm of dx   0.048396
----
Improvement on iteration 9 =        8.242088902
-----------------
f at the beginning of new iteration,       696.5377167607
Predicted improvement:       23.102471946
lambda =          1; f =          696.1301181
lambda =    0.33333; f =          686.4263714
Norm of dx    0.20681
----
Improvement on iteration 10 =       10.111345402
-----------------
f at the beginning of new iteration,       686.4263713590
Predicted improvement:       12.470882892
lambda =          1; f =          668.7376988
lambda =     1.9332; f =          667.1348221
Norm of dx    0.15352
----
Improvement on iteration 11 =       19.291549240
-----------------
f at the beginning of new iteration,       667.1348221190
Predicted improvement:        6.530562688
lambda =          1; f =          659.7589329
Norm of dx   0.066095
----
Improvement on iteration 12 =        7.375889200
-----------------
f at the beginning of new iteration,       659.7589329195
Predicted improvement:        4.430698531
lambda =          1; f =          652.4245935
lambda =     1.9332; f =          650.8710787
Norm of dx   0.038601
----
Improvement on iteration 13 =        8.887854231
-----------------
f at the beginning of new iteration,       650.8710786887
Predicted improvement:       30.317434129
lambda =          1; f =          648.7429960
lambda =    0.33333; f =          642.9755650
Norm of dx    0.18198
----
Improvement on iteration 14 =        7.895513693
-----------------
f at the beginning of new iteration,       642.9755649958
Predicted improvement:        4.556826051
lambda =          1; f =          635.9279283
lambda =     1.9332; f =          633.8154393
Norm of dx   0.088045
----
Improvement on iteration 15 =        9.160125709
-----------------
f at the beginning of new iteration,       633.8154392867
Predicted improvement:        4.774720868
lambda =          1; f =          626.3660195
lambda =     1.9332; f =          623.7930570
Norm of dx   0.041547
----
Improvement on iteration 16 =       10.022382289
-----------------
f at the beginning of new iteration,       623.7930569973
Predicted improvement:        3.972986656
lambda =          1; f =          618.8413421
Norm of dx   0.066547
----
Improvement on iteration 17 =        4.951714869
-----------------
f at the beginning of new iteration,       618.8413421284
Predicted improvement:        2.367840468
lambda =          1; f =          616.6074516
Norm of dx   0.041965
----
Improvement on iteration 18 =        2.233890545
-----------------
f at the beginning of new iteration,       616.6074515831
Predicted improvement:        1.369549233
lambda =          1; f =          614.2670740
lambda =     1.9332; f =          612.9147375
Norm of dx   0.028417
----
Improvement on iteration 19 =        3.692714105
-----------------
f at the beginning of new iteration,       612.9147374777
Predicted improvement:        5.065395261
lambda =          1; f =          612.9151214
lambda =    0.33333; f =          612.9147375
lambda =    0.11111; f =          611.8586837
lambda =     0.2148; f =          611.0160086
lambda =    0.41524; f =          612.9147435
lambda =     0.2796; f =          610.5745075
lambda =    0.35448; f =          612.9147379
lambda =    0.30744; f =          610.4086672
lambda =    0.33486; f =          612.9147375
lambda =    0.31813; f =          610.3492357
lambda =    0.32806; f =          610.2962095
lambda =    0.33831; f =          612.9147375
lambda =    0.33213; f =          612.9147375
lambda =    0.32847; f =          610.2941008
Norm of dx    0.15639
Cliff.  Perturbing search direction.
Predicted improvement:        5.968257972
lambda =          1; f =          612.9149532
lambda =    0.33333; f =          609.6275347
lambda =    0.64439; f =          612.9147735
lambda =     0.4339; f =          612.9147382
lambda =    0.34224; f =          609.5620053
lambda =    0.39461; f =          609.2061120
lambda =    0.45499; f =          612.9147394
lambda =    0.41773; f =          612.9147377
lambda =    0.39686; f =          609.1919816
lambda =    0.40926; f =          612.9147375
lambda =    0.40177; f =          612.9147375
lambda =    0.39735; f =          609.1889323
Norm of dx    0.16157
Cliff again.  Try traversing
Predicted improvement:     3323.785031093
lambda =          1; f =         4725.6742398
lambda =    0.33333; f =         1011.5919615
lambda =    0.11111; f =          642.0942496
lambda =   0.037037; f =          613.9672982
lambda =   0.012346; f =          612.9468583
lambda =  0.0041152; f =        11316.4648404
lambda =  0.0013717; f =          609.3216595
Norm of dx     81.533
----
Improvement on iteration 20 =        3.725805131
back and forth on step length never finished
-----------------
f at the beginning of new iteration,       609.1889323463
Predicted improvement:        5.065395261
lambda =          1; f =          609.1897906
lambda =    0.33333; f =          609.1890274
lambda =    0.11111; f =          609.1889428
lambda =   0.037037; f =          609.1889335
lambda =   0.012346; f =          609.1889325
lambda =  0.0041152; f =          609.1889324
lambda =  0.0013717; f =          609.1889323
lambda = 0.00045725; f =          609.1868877
Norm of dx    0.15639
----
Improvement on iteration 21 =        0.002044597
-----------------
f at the beginning of new iteration,       609.1868877490
Predicted improvement:        2.913640191
lambda =          1; f =          606.3923495
Norm of dx   0.048436
----
Improvement on iteration 22 =        2.794538252
-----------------
f at the beginning of new iteration,       606.3923494968
Predicted improvement:        4.946999633
lambda =          1; f =          603.6226577
lambda =    0.33333; f =          603.7657733
lambda =    0.64439; f =          602.7284803
Norm of dx    0.19572
----
Improvement on iteration 23 =        3.663869155
-----------------
f at the beginning of new iteration,       602.7284803415
Predicted improvement:        2.476428461
lambda =          1; f =          601.4728515
lambda =    0.33333; f =          601.4513768
lambda =    0.64439; f =          600.9934220
Norm of dx   0.054924
----
Improvement on iteration 24 =        1.735058350
-----------------
f at the beginning of new iteration,       600.9934219911
Predicted improvement:        1.713320007
lambda =          1; f =          598.9081626
Norm of dx   0.037696
----
Improvement on iteration 25 =        2.085259384
-----------------
f at the beginning of new iteration,       598.9081626074
Predicted improvement:        2.520740331
lambda =          1; f =          596.9106948
Norm of dx   0.073803
----
Improvement on iteration 26 =        1.997467760
-----------------
f at the beginning of new iteration,       596.9106948470
Predicted improvement:        2.339579291
lambda =          1; f =          593.9020472
Norm of dx   0.038789
----
Improvement on iteration 27 =        3.008647679
-----------------
f at the beginning of new iteration,       593.9020471680
Predicted improvement:        3.579729942
lambda =          1; f =          588.9087622
Norm of dx    0.10412
----
Improvement on iteration 28 =        4.993285000
-----------------
f at the beginning of new iteration,       588.9087621677
Predicted improvement:        3.752697176
lambda =          1; f =          583.3534891
lambda =     1.9332; f =          582.2019107
Norm of dx    0.16096
----
Improvement on iteration 29 =        6.706851420
-----------------
f at the beginning of new iteration,       582.2019107480
Predicted improvement:        3.727426661
lambda =          1; f =          575.7977885
lambda =     1.9332; f =          571.5886367
lambda =     3.7372; f =          567.8591808
Norm of dx   0.059283
----
Improvement on iteration 30 =       14.342729910
-----------------
f at the beginning of new iteration,       567.8591808383
Predicted improvement:       12.932815527
lambda =          1; f =          567.8591836
lambda =    0.33333; f =          559.2575640
lambda =    0.64439; f =          551.4822926
lambda =     1.2457; f =          567.8592969
lambda =     0.8388; f =          547.1659950
lambda =     1.0635; f =          567.8591970
lambda =    0.92232; f =          545.6236188
lambda =     1.0046; f =          567.8591842
lambda =    0.95439; f =          545.1110880
lambda =    0.98419; f =          567.8591820
lambda =     0.9662; f =          567.8591810
lambda =    0.95556; f =          567.8591808
Norm of dx     0.4415
Cliff.  Perturbing search direction.
Predicted improvement:       25.186247975
lambda =          1; f =          563.4633681
lambda =    0.33333; f =          550.8682634
lambda =    0.64439; f =          537.5997039
lambda =     1.2457; f =          567.8592554
lambda =     0.8388; f =          538.2202910
lambda =     1.0635; f =          567.8591835
lambda =    0.92232; f =          545.8476084
Norm of dx    0.62414

badg2 =

     0

----
Improvement on iteration 31 =       30.259476979
warning: possible inaccuracy in H matrix
-----------------
f at the beginning of new iteration,       537.5997038589
Predicted improvement:       28.793626485
lambda =          1; f =          537.8556695
lambda =    0.33333; f =          701.5233467
lambda =    0.11111; f =          534.7094873
Norm of dx      1.048
----
Improvement on iteration 32 =        2.890216603
-----------------
f at the beginning of new iteration,       534.7094872558
Predicted improvement:        8.844834722
lambda =          1; f =          528.4745263
Norm of dx    0.10906
----
Improvement on iteration 33 =        6.234960999
-----------------
f at the beginning of new iteration,       528.4745262566
Predicted improvement:        4.638359267
lambda =          1; f =          522.7478170
Norm of dx   0.058414
----
Improvement on iteration 34 =        5.726709266
-----------------
f at the beginning of new iteration,       522.7478169904
Predicted improvement:        6.146176411
lambda =          1; f =          517.6794370
Norm of dx   0.088028
----
Improvement on iteration 35 =        5.068380003
-----------------
f at the beginning of new iteration,       517.6794369871
Predicted improvement:        2.102231379
lambda =          1; f =          515.1500259
Norm of dx   0.052978
----
Improvement on iteration 36 =        2.529411119
-----------------
f at the beginning of new iteration,       515.1500258681
Predicted improvement:        1.501168545
lambda =          1; f =          513.6780469
Norm of dx   0.052566
----
Improvement on iteration 37 =        1.471978998
-----------------
f at the beginning of new iteration,       513.6780468706
Predicted improvement:        0.730893641
lambda =          1; f =          512.5788109
lambda =     1.9332; f =          512.2610284
Norm of dx    0.02967
----
Improvement on iteration 38 =        1.417018518
-----------------
f at the beginning of new iteration,       512.2610283528
Predicted improvement:        0.554814687
lambda =          1; f =          511.3353091
lambda =     1.9332; f =          510.8226502
Norm of dx   0.015537
----
Improvement on iteration 39 =        1.438378133
-----------------
f at the beginning of new iteration,       510.8226502198
Predicted improvement:        0.511554686
lambda =          1; f =          510.1936236
Norm of dx   0.034779
----
Improvement on iteration 40 =        0.629026596
-----------------
f at the beginning of new iteration,       510.1936236234
Predicted improvement:        0.260122391
lambda =          1; f =          509.8527033
Norm of dx   0.017481
----
Improvement on iteration 41 =        0.340920304
-----------------
f at the beginning of new iteration,       509.8527033198
Predicted improvement:        0.199298346
lambda =          1; f =          509.5900579
Norm of dx   0.022879
----
Improvement on iteration 42 =        0.262645450
-----------------
f at the beginning of new iteration,       509.5900578696
Predicted improvement:        0.145157659
lambda =          1; f =          509.3776679
lambda =     1.9332; f =          509.3148483
Norm of dx   0.013434
----
Improvement on iteration 43 =        0.275209527
-----------------
f at the beginning of new iteration,       509.3148483429
Predicted improvement:        0.120803050
lambda =          1; f =          509.1018774
lambda =     1.9332; f =          508.9560800
lambda =     3.7372; f =          508.8271139
Norm of dx   0.010744
----
Improvement on iteration 44 =        0.487734423
-----------------
f at the beginning of new iteration,       508.8271139196
Predicted improvement:        0.230413257
lambda =          1; f =          508.5073022
Norm of dx     0.0235
----
Improvement on iteration 45 =        0.319811705
-----------------
f at the beginning of new iteration,       508.5073022143
Predicted improvement:        0.170579055
lambda =          1; f =          508.2644000
lambda =     1.9332; f =          508.2188546
Norm of dx   0.023921
----
Improvement on iteration 46 =        0.288447616
-----------------
f at the beginning of new iteration,       508.2188545985
Predicted improvement:        0.081345071
lambda =          1; f =          508.0815179
lambda =     1.9332; f =          507.9984970
lambda =     3.7372; f =          507.9589713
Norm of dx  0.0073328
----
Improvement on iteration 47 =        0.259883344
-----------------
f at the beginning of new iteration,       507.9589712542
Predicted improvement:        0.087292692
lambda =          1; f =          507.8206329
lambda =     1.9332; f =          507.7586629
Norm of dx    0.01787
----
Improvement on iteration 48 =        0.200308360
-----------------
f at the beginning of new iteration,       507.7586628941
Predicted improvement:        0.053806635
lambda =          1; f =          507.6753154
lambda =     1.9332; f =          507.6412314
Norm of dx   0.010815
----
Improvement on iteration 49 =        0.117431498
-----------------
f at the beginning of new iteration,       507.6412313956
Predicted improvement:        0.024417983
lambda =          1; f =          507.6048830
lambda =     1.9332; f =          507.5933751
Norm of dx  0.0044674
----
Improvement on iteration 50 =        0.047856334
-----------------
f at the beginning of new iteration,       507.5933750617
Predicted improvement:        0.013406146
lambda =          1; f =          507.5693433
lambda =     1.9332; f =          507.5519204
lambda =     3.7372; f =          507.5318921
Norm of dx  0.0028545
----
Improvement on iteration 51 =        0.061482941
-----------------
f at the beginning of new iteration,       507.5318921203
Predicted improvement:        0.021341834
lambda =          1; f =          507.5014873
lambda =     1.9332; f =          507.4953368
Norm of dx  0.0061262
----
Improvement on iteration 52 =        0.036555277
-----------------
f at the beginning of new iteration,       507.4953368433
Predicted improvement:        0.010301718
lambda =          1; f =          507.4779456
lambda =     1.9332; f =          507.4675244
Norm of dx  0.0032084
----
Improvement on iteration 53 =        0.027812464
-----------------
f at the beginning of new iteration,       507.4675243788
Predicted improvement:        0.016382273
lambda =          1; f =          507.4441845
lambda =     1.9332; f =          507.4393303
Norm of dx   0.005133
----
Improvement on iteration 54 =        0.028194055
-----------------
f at the beginning of new iteration,       507.4393303241
Predicted improvement:        0.007945219
lambda =          1; f =          507.4252800
lambda =     1.9332; f =          507.4154864
lambda =     3.7372; f =          507.4056353
Norm of dx  0.0025722
----
Improvement on iteration 55 =        0.033695050
-----------------
f at the beginning of new iteration,       507.4056352743
Predicted improvement:        0.014836072
lambda =          1; f =          507.3796543
lambda =     1.9332; f =          507.3621239
lambda =     3.7372; f =          507.3467340
Norm of dx  0.0068381
----
Improvement on iteration 56 =        0.058901313
-----------------
f at the beginning of new iteration,       507.3467339617
Predicted improvement:        0.018836711
lambda =          1; f =          507.3158761
lambda =     1.9332; f =          507.2995128
Norm of dx  0.0070757
----
Improvement on iteration 57 =        0.047221177
-----------------
f at the beginning of new iteration,       507.2995127843
Predicted improvement:        0.021520088
lambda =          1; f =          507.2657833
lambda =     1.9332; f =          507.2512762
Norm of dx  0.0093204
----
Improvement on iteration 58 =        0.048236600
-----------------
f at the beginning of new iteration,       507.2512761840
Predicted improvement:        0.019088775
lambda =          1; f =          507.2214502
lambda =     1.9332; f =          507.2086986
Norm of dx   0.010661
----
Improvement on iteration 59 =        0.042577553
-----------------
f at the beginning of new iteration,       507.2086986310
Predicted improvement:        0.012521481
lambda =          1; f =          507.1880043
lambda =     1.9332; f =          507.1764730
Norm of dx  0.0055421
----
Improvement on iteration 60 =        0.032225667
-----------------
f at the beginning of new iteration,       507.1764729635
Predicted improvement:        0.025538099
lambda =          1; f =          507.1334217
lambda =     1.9332; f =          507.1076285
Norm of dx   0.012091
----
Improvement on iteration 61 =        0.068844467
-----------------
f at the beginning of new iteration,       507.1076284964
Predicted improvement:        0.044674321
lambda =          1; f =          507.0441967
lambda =     1.9332; f =          507.0316495
Norm of dx   0.026522
----
Improvement on iteration 62 =        0.075979011
-----------------
f at the beginning of new iteration,       507.0316494850
Predicted improvement:        0.013963892
lambda =          1; f =          507.0101387
lambda =     1.9332; f =          507.0017701
Norm of dx  0.0065919
----
Improvement on iteration 63 =        0.029879354
-----------------
f at the beginning of new iteration,       507.0017701312
Predicted improvement:        0.008965307
lambda =          1; f =          506.9852669
lambda =     1.9332; f =          506.9724469
lambda =     3.7372; f =          506.9547273
lambda =     7.2247; f =          506.9468856
Norm of dx  0.0056566
----
Improvement on iteration 64 =        0.054884543
-----------------
f at the beginning of new iteration,       506.9468855882
Predicted improvement:        0.027894445
lambda =          1; f =          506.9032990
lambda =     1.9332; f =          506.8843271
Norm of dx  0.0087343
----
Improvement on iteration 65 =        0.062558474
-----------------
f at the beginning of new iteration,       506.8843271141
Predicted improvement:        0.011580329
lambda =          1; f =          506.8658392
lambda =     1.9332; f =          506.8570289
Norm of dx   0.011314
----
Improvement on iteration 66 =        0.027298187
-----------------
f at the beginning of new iteration,       506.8570289276
Predicted improvement:        0.014390748
lambda =          1; f =          506.8317173
lambda =     1.9332; f =          506.8144410
lambda =     3.7372; f =          506.7986367
Norm of dx   0.011713
----
Improvement on iteration 67 =        0.058392234
-----------------
f at the beginning of new iteration,       506.7986366935
Predicted improvement:        0.020110260
lambda =          1; f =          506.7672265
lambda =     1.9332; f =          506.7539336
Norm of dx  0.0044354
----
Improvement on iteration 68 =        0.044703072
-----------------
f at the beginning of new iteration,       506.7539336217
Predicted improvement:        0.011495399
lambda =          1; f =          506.7332712
lambda =     1.9332; f =          506.7181879
lambda =     3.7372; f =          506.7004564
Norm of dx  0.0042554
----
Improvement on iteration 69 =        0.053477222
-----------------
f at the beginning of new iteration,       506.7004564000
Predicted improvement:        0.034570074
lambda =          1; f =          506.6428712
lambda =     1.9332; f =          506.6099740
Norm of dx   0.024221
----
Improvement on iteration 70 =        0.090482415
-----------------
f at the beginning of new iteration,       506.6099739852
Predicted improvement:        0.035843885
lambda =          1; f =          506.5623896
Norm of dx   0.034582
----
Improvement on iteration 71 =        0.047584337
-----------------
f at the beginning of new iteration,       506.5623896477
Predicted improvement:        0.014929756
lambda =          1; f =          506.5403063
lambda =     1.9332; f =          506.5339640
Norm of dx    0.01555
----
Improvement on iteration 72 =        0.028425660
-----------------
f at the beginning of new iteration,       506.5339639878
Predicted improvement:        0.011085773
lambda =          1; f =          506.5132079
lambda =     1.9332; f =          506.4963638
lambda =     3.7372; f =          506.4706095
lambda =     7.2247; f =          506.4457247
Norm of dx   0.002754
----
Improvement on iteration 73 =        0.088239283
-----------------
f at the beginning of new iteration,       506.4457247050
Predicted improvement:        0.018551998
lambda =          1; f =          506.4167590
lambda =     1.9332; f =          506.4044202
Norm of dx   0.021616
----
Improvement on iteration 74 =        0.041304490
-----------------
f at the beginning of new iteration,       506.4044202151
Predicted improvement:        0.011921002
lambda =          1; f =          506.3836575
lambda =     1.9332; f =          506.3698709
lambda =     3.7372; f =          506.3585664
Norm of dx   0.014924
----
Improvement on iteration 75 =        0.045853793
-----------------
f at the beginning of new iteration,       506.3585664222
Predicted improvement:        0.024597946
lambda =          1; f =          506.3165922
lambda =     1.9332; f =          506.2912095
lambda =     3.7372; f =          506.2845269
Norm of dx  0.0075513
----
Improvement on iteration 76 =        0.074039541
-----------------
f at the beginning of new iteration,       506.2845268816
Predicted improvement:        0.018592170
lambda =          1; f =          506.2620165
Norm of dx   0.011135
----
Improvement on iteration 77 =        0.022510336
-----------------
f at the beginning of new iteration,       506.2620165452
Predicted improvement:        0.008727375
lambda =          1; f =          506.2469976
lambda =     1.9332; f =          506.2373558
lambda =     3.7372; f =          506.2306936
Norm of dx   0.006775
----
Improvement on iteration 78 =        0.031322991
-----------------
f at the beginning of new iteration,       506.2306935546
Predicted improvement:        0.016511728
lambda =          1; f =          506.2016162
lambda =     1.9332; f =          506.1816377
lambda =     3.7372; f =          506.1626743
Norm of dx    0.01291
----
Improvement on iteration 79 =        0.068019269
-----------------
f at the beginning of new iteration,       506.1626742857
Predicted improvement:        0.010163475
lambda =          1; f =          506.1479766
lambda =     1.9332; f =          506.1443145
Norm of dx    0.01196
----
Improvement on iteration 80 =        0.018359830
-----------------
f at the beginning of new iteration,       506.1443144559
Predicted improvement:        0.009357557
lambda =          1; f =          506.1277924
lambda =     1.9332; f =          506.1163640
lambda =     3.7372; f =          506.1052453
Norm of dx  0.0043746
----
Improvement on iteration 81 =        0.039069114
-----------------
f at the beginning of new iteration,       506.1052453419
Predicted improvement:        0.025828432
lambda =          1; f =          506.0619306
lambda =     1.9332; f =          506.0367678
Norm of dx    0.01591
----
Improvement on iteration 82 =        0.068477512
-----------------
f at the beginning of new iteration,       506.0367678298
Predicted improvement:        0.022328132
lambda =          1; f =          506.0107643
Norm of dx   0.037867
----
Improvement on iteration 83 =        0.026003483
-----------------
f at the beginning of new iteration,       506.0107643466
Predicted improvement:        0.003075199
lambda =          1; f =          506.0057729
lambda =     1.9332; f =          506.0032008
Norm of dx  0.0088131
----
Improvement on iteration 84 =        0.007563596
-----------------
f at the beginning of new iteration,       506.0032007501
Predicted improvement:        0.004821773
lambda =          1; f =          505.9946978
lambda =     1.9332; f =          505.9888065
lambda =     3.7372; f =          505.9830128
Norm of dx  0.0079121
----
Improvement on iteration 85 =        0.020187928
-----------------
f at the beginning of new iteration,       505.9830128224
Predicted improvement:        0.008756128
lambda =          1; f =          505.9693401
lambda =     1.9332; f =          505.9635139
Norm of dx  0.0040871
----
Improvement on iteration 86 =        0.019498937
-----------------
f at the beginning of new iteration,       505.9635138853
Predicted improvement:        0.002628219
lambda =          1; f =          505.9592329
lambda =     1.9332; f =          505.9569962
Norm of dx  0.0024029
----
Improvement on iteration 87 =        0.006517722
-----------------
f at the beginning of new iteration,       505.9569961630
Predicted improvement:        0.004246397
lambda =          1; f =          505.9495965
lambda =     1.9332; f =          505.9446553
lambda =     3.7372; f =          505.9404477
Norm of dx  0.0045763
----
Improvement on iteration 88 =        0.016548463
-----------------
f at the beginning of new iteration,       505.9404477001
Predicted improvement:        0.005903591
lambda =          1; f =          505.9315203
lambda =     1.9332; f =          505.9283743
Norm of dx   0.011985
----
Improvement on iteration 89 =        0.012073448
-----------------
f at the beginning of new iteration,       505.9283742517
Predicted improvement:        0.000757164
lambda =          1; f =          505.9269878
lambda =     1.9332; f =          505.9259259
lambda =     3.7372; f =          505.9245081
Norm of dx  0.0011897
----
Improvement on iteration 90 =        0.003866154
-----------------
f at the beginning of new iteration,       505.9245080980
Predicted improvement:        0.003429036
lambda =          1; f =          505.9186606
lambda =     1.9332; f =          505.9150227
lambda =     3.7372; f =          505.9129491
Norm of dx  0.0049291
----
Improvement on iteration 91 =        0.011558969
-----------------
f at the beginning of new iteration,       505.9129491292
Predicted improvement:        0.004847730
lambda =          1; f =          505.9051449
lambda =     1.9332; f =          505.9012311
Norm of dx   0.003067
----
Improvement on iteration 92 =        0.011718064
-----------------
f at the beginning of new iteration,       505.9012310657
Predicted improvement:        0.001845586
lambda =          1; f =          505.8987021
Norm of dx  0.0054606
----
Improvement on iteration 93 =        0.002528918
-----------------
f at the beginning of new iteration,       505.8987021475
Predicted improvement:        0.001339461
lambda =          1; f =          505.8964977
lambda =     1.9332; f =          505.8952861
Norm of dx  0.0046379
----
Improvement on iteration 94 =        0.003415999
-----------------
f at the beginning of new iteration,       505.8952861483
Predicted improvement:        0.002544787
lambda =          1; f =          505.8908517
lambda =     1.9332; f =          505.8878873
lambda =     3.7372; f =          505.8853611
Norm of dx  0.0059392
----
Improvement on iteration 95 =        0.009925040
-----------------
f at the beginning of new iteration,       505.8853611087
Predicted improvement:        0.004170217
lambda =          1; f =          505.8787410
lambda =     1.9332; f =          505.8756891
Norm of dx  0.0029903
----
Improvement on iteration 96 =        0.009672045
-----------------
f at the beginning of new iteration,       505.8756890642
Predicted improvement:        0.000936701
lambda =          1; f =          505.8742625
lambda =     1.9332; f =          505.8737454
Norm of dx  0.0025529
----
Improvement on iteration 97 =        0.001943629
-----------------
f at the beginning of new iteration,       505.8737454352
Predicted improvement:        0.000974843
lambda =          1; f =          505.8718460
lambda =     1.9332; f =          505.8701643
lambda =     3.7372; f =          505.8671619
lambda =     7.2247; f =          505.8622895
lambda =     13.967; f =          505.8563673
Norm of dx 0.00095983
----
Improvement on iteration 98 =        0.017378182
-----------------
f at the beginning of new iteration,       505.8563672536
Predicted improvement:        0.005830913
lambda =          1; f =          505.8490065
Norm of dx   0.015485
----
Improvement on iteration 99 =        0.007360782
-----------------
f at the beginning of new iteration,       505.8490064712
Predicted improvement:        0.001256312
lambda =          1; f =          505.8472357
lambda =     1.9332; f =          505.8469216
Norm of dx  0.0072463
----
Improvement on iteration 100 =        0.002084897
-----------------
f at the beginning of new iteration,       505.8469215744
Predicted improvement:        0.000820583
lambda =          1; f =          505.8453517
lambda =     1.9332; f =          505.8440172
lambda =     3.7372; f =          505.8417945
lambda =     7.2247; f =          505.8388313
Norm of dx  0.0010097
----
Improvement on iteration 101 =        0.008090286
-----------------
f at the beginning of new iteration,       505.8388312881
Predicted improvement:        0.007163444
lambda =          1; f =          505.8273393
lambda =     1.9332; f =          505.8217489
Norm of dx   0.009779
----
Improvement on iteration 102 =        0.017082345
-----------------
f at the beginning of new iteration,       505.8217489432
Predicted improvement:        0.004697088
lambda =          1; f =          505.8157105
Norm of dx   0.017888
----
Improvement on iteration 103 =        0.006038453
-----------------
f at the beginning of new iteration,       505.8157104901
Predicted improvement:        0.000908898
lambda =          1; f =          505.8146097
Norm of dx   0.007353
----
Improvement on iteration 104 =        0.001100780
-----------------
f at the beginning of new iteration,       505.8146097101
Predicted improvement:        0.000271345
lambda =          1; f =          505.8141333
lambda =     1.9332; f =          505.8138045
lambda =     3.7372; f =          505.8134856
Norm of dx  0.0020671
----
Improvement on iteration 105 =        0.001124137
-----------------
f at the beginning of new iteration,       505.8134855734
Predicted improvement:        0.000769540
lambda =          1; f =          505.8120611
lambda =     1.9332; f =          505.8109341
lambda =     3.7372; f =          505.8093104
lambda =     7.2247; f =          505.8082546
Norm of dx  0.0012731
----
Improvement on iteration 106 =        0.005231009
-----------------
f at the beginning of new iteration,       505.8082545647
Predicted improvement:        0.000729778
lambda =          1; f =          505.8072791
Norm of dx  0.0050846
----
Improvement on iteration 107 =        0.000975453
-----------------
f at the beginning of new iteration,       505.8072791118
Predicted improvement:        0.000333968
lambda =          1; f =          505.8067338
lambda =     1.9332; f =          505.8064502
Norm of dx   0.002241
----
Improvement on iteration 108 =        0.000828873
-----------------
f at the beginning of new iteration,       505.8064502391
Predicted improvement:        0.000605852
lambda =          1; f =          505.8053265
lambda =     1.9332; f =          505.8044416
lambda =     3.7372; f =          505.8031794
lambda =     7.2247; f =          505.8024184
Norm of dx  0.0013623
----
Improvement on iteration 109 =        0.004031798
-----------------
f at the beginning of new iteration,       505.8024184414
Predicted improvement:        0.002546599
lambda =          1; f =          505.7980388
lambda =     1.9332; f =          505.7952407
lambda =     3.7372; f =          505.7933547
Norm of dx  0.0070394
----
Improvement on iteration 110 =        0.009063700
-----------------
f at the beginning of new iteration,       505.7933547414
Predicted improvement:        0.000229571
lambda =          1; f =          505.7930888
Norm of dx  0.0023531
----
Improvement on iteration 111 =        0.000265969
-----------------
f at the beginning of new iteration,       505.7930887726
Predicted improvement:        0.000033827
lambda =          1; f =          505.7930259
lambda =     1.9332; f =          505.7929775
lambda =     3.7372; f =          505.7929117
lambda =     7.2247; f =          505.7928885
Norm of dx 0.00042042
----
Improvement on iteration 112 =        0.000200305
-----------------
f at the beginning of new iteration,       505.7928884677
Predicted improvement:        0.000171808
lambda =          1; f =          505.7925585
lambda =     1.9332; f =          505.7922743
lambda =     3.7372; f =          505.7917899
lambda =     7.2247; f =          505.7910965
lambda =     13.967; f =          505.7906620
Norm of dx  0.0007299
----
Improvement on iteration 113 =        0.002226487
-----------------
f at the beginning of new iteration,       505.7906619803
Predicted improvement:        0.001346162
lambda =          1; f =          505.7884311
lambda =     1.9332; f =          505.7871967
Norm of dx   0.005021
----
Improvement on iteration 114 =        0.003465324
-----------------
f at the beginning of new iteration,       505.7871966563
Predicted improvement:        0.000491080
lambda =          1; f =          505.7866590
Norm of dx  0.0053677
----
Improvement on iteration 115 =        0.000537638
-----------------
f at the beginning of new iteration,       505.7866590181
Predicted improvement:        0.000038323
lambda =          1; f =          505.7865862
lambda =     1.9332; f =          505.7865262
lambda =     3.7372; f =          505.7864322
lambda =     7.2247; f =          505.7863323
Norm of dx 0.00056271
----
Improvement on iteration 116 =        0.000326720
-----------------
f at the beginning of new iteration,       505.7863322980
Predicted improvement:        0.000262218
lambda =          1; f =          505.7858405
lambda =     1.9332; f =          505.7854401
lambda =     3.7372; f =          505.7848267
lambda =     7.2247; f =          505.7842418
Norm of dx  0.0013762
----
Improvement on iteration 117 =        0.002090475
-----------------
f at the beginning of new iteration,       505.7842418232
Predicted improvement:        0.000606662
lambda =          1; f =          505.7834318
Norm of dx  0.0018255
----
Improvement on iteration 118 =        0.000809974
-----------------
f at the beginning of new iteration,       505.7834318491
Predicted improvement:        0.000133807
lambda =          1; f =          505.7832939
Norm of dx 0.00079846
----
Improvement on iteration 119 =        0.000137985
-----------------
f at the beginning of new iteration,       505.7832938644
Predicted improvement:        0.000006508
lambda =          1; f =          505.7832819
lambda =     1.9332; f =          505.7832723
lambda =     3.7372; f =          505.7832584
lambda =     7.2247; f =          505.7832486
Norm of dx 0.00014124
----
Improvement on iteration 120 =        0.000045251
-----------------
f at the beginning of new iteration,       505.7832486133
Predicted improvement:        0.000035329
lambda =          1; f =          505.7831783
lambda =     1.9332; f =          505.7831136
lambda =     3.7372; f =          505.7829906
lambda =     7.2247; f =          505.7827615
lambda =     13.967; f =          505.7823503
lambda =         27; f =          505.7816738
lambda =     52.196; f =          505.7808092
Norm of dx 0.00029852
----
Improvement on iteration 121 =        0.002439451
-----------------
f at the beginning of new iteration,       505.7808091618
Predicted improvement:        0.002350076
lambda =          1; f =          505.7766582
lambda =     1.9332; f =          505.7737695
lambda =     3.7372; f =          505.7708802
Norm of dx   0.022756
----
Improvement on iteration 122 =        0.009928928
-----------------
f at the beginning of new iteration,       505.7708802342
Predicted improvement:        0.003786818
lambda =          1; f =          505.7654137
lambda =     1.9332; f =          505.7640967
Norm of dx   0.031221
----
Improvement on iteration 123 =        0.006783584
-----------------
f at the beginning of new iteration,       505.7640966506
Predicted improvement:        0.000213360
lambda =          1; f =          505.7638160
Norm of dx   0.011426
----
Improvement on iteration 124 =        0.000280685
-----------------
f at the beginning of new iteration,       505.7638159660
Predicted improvement:        0.000107695
lambda =          1; f =          505.7636290
lambda =     1.9332; f =          505.7635080
lambda =     3.7372; f =          505.7634206
Norm of dx  0.0041351
----
Improvement on iteration 125 =        0.000395360
-----------------
f at the beginning of new iteration,       505.7634206059
Predicted improvement:        0.000275827
lambda =          1; f =          505.7628780
lambda =     1.9332; f =          505.7623865
lambda =     3.7372; f =          505.7614770
lambda =     7.2247; f =          505.7598705
lambda =     13.967; f =          505.7573302
lambda =         27; f =          505.7545205
Norm of dx  0.0033363
----
Improvement on iteration 126 =        0.008900139
-----------------
f at the beginning of new iteration,       505.7545204665
Predicted improvement:        0.000988505
lambda =          1; f =          505.7534410
Norm of dx   0.011468
----
Improvement on iteration 127 =        0.001079436
-----------------
f at the beginning of new iteration,       505.7534410302
Predicted improvement:        0.000031527
lambda =          1; f =          505.7534005
Norm of dx  0.0014898
----
Improvement on iteration 128 =        0.000040489
-----------------
f at the beginning of new iteration,       505.7534005415
Predicted improvement:        0.000014768
lambda =          1; f =          505.7533762
lambda =     1.9332; f =          505.7533622
Norm of dx 0.00090492
----
Improvement on iteration 129 =        0.000038380
-----------------
f at the beginning of new iteration,       505.7533621617
Predicted improvement:        0.000035067
lambda =          1; f =          505.7532992
lambda =     1.9332; f =          505.7532530
lambda =     3.7372; f =          505.7531980
Norm of dx 0.00077275
----
Improvement on iteration 130 =        0.000164139
-----------------
f at the beginning of new iteration,       505.7531980224
Predicted improvement:        0.000130662
lambda =          1; f =          505.7529667
lambda =     1.9332; f =          505.7528059
lambda =     3.7372; f =          505.7526453
Norm of dx  0.0014157
----
Improvement on iteration 131 =        0.000552684
-----------------
f at the beginning of new iteration,       505.7526453383
Predicted improvement:        0.000149623
lambda =          1; f =          505.7524473
Norm of dx   0.005492
----
Improvement on iteration 132 =        0.000198014
-----------------
f at the beginning of new iteration,       505.7524473242
Predicted improvement:        0.000022694
lambda =          1; f =          505.7524238
Norm of dx  0.0024352
----
Improvement on iteration 133 =        0.000023543
-----------------
f at the beginning of new iteration,       505.7524237808
Predicted improvement:        0.000000008
lambda =          1; f =          505.7524238
lambda =    0.33333; f =          505.7524238
lambda =    0.11111; f =          505.7524238
lambda =   0.037037; f =          505.7524238
lambda =   0.012346; f =          505.7524238
lambda =  0.0041152; f =          505.7524238
lambda =  0.0013717; f =          505.7524238
lambda = 0.00045725; f =          505.7524238
lambda = 0.00015242; f =          505.7524238
lambda = 5.0805e-05; f =          505.7524238
lambda = 9.8216e-05; f =          505.7524238
Norm of dx 1.9718e-05
----
Improvement on iteration 134 =        0.000000000
improvement < crit termination

Final value of minus the log posterior (or likelihood):505.752424 

RESULTS FROM POSTERIOR ESTIMATION
parameters
         prior mean     mode    s.d. prior pstdev

csadjcost    4.000   4.4580  0.9977 norm  1.5000 
chabb        0.700   0.8294  0.0315 beta  0.1000 
csigl        2.000   4.3036  0.4941 norm  0.7500 
cprobw       0.500   0.5646  0.0487 beta  0.0500 
cprobp       0.500   0.6957  0.0610 beta  0.1000 
cindw        0.500   0.6978  0.1194 beta  0.1500 
cindp        0.500   0.1718  0.0770 beta  0.1500 
czcap        0.500   0.7335  0.1232 beta  0.1500 
cfc          1.250   1.4963  0.0887 norm  0.1250 
clandaw      1.250   1.2636  0.0321 norm  0.1250 
cupsilon     0.200   0.0891  0.0330 beta  0.0500 
crpi         1.500   1.7688  0.1820 norm  0.2500 
crr          0.750   0.8000  0.0311 beta  0.1000 
cry          0.125   0.1778  0.0401 norm  0.0500 
crdy         0.125   0.1279  0.0331 norm  0.0500 
constepinf   0.625   0.2970  0.0411 gamm  0.1000 
cprobe       0.500   0.4682  0.0428 beta  0.1500 
constebeta   0.250   0.0454  0.0190 gamm  0.1000 
cebar        0.200   0.3483  0.0260 norm  0.0500 
ctrend       0.300   0.0707  0.0337 norm  0.0500 
calfa        0.300   0.1993  0.0272 norm  0.0500 
crhog        0.500   0.9201  0.0426 beta  0.2000 
cgy          0.500   0.3899  0.0965 beta  0.2000 
crhob        0.500   0.2657  0.1141 beta  0.2000 
crhoqs       0.500   0.6419  0.0838 beta  0.2000 
crhoa        0.500   0.9968  0.0019 beta  0.2000 
crhopinf     0.500   0.9546  0.0258 beta  0.2000 
crhow        0.500   0.5648  0.1058 beta  0.2000 
crhoms       0.500   0.1265  0.0783 beta  0.2000 
crhos        0.500   0.9974  0.0014 beta  0.2000 

standard deviation of shocks
         prior mean     mode    s.d. prior pstdev

ea           2.500   0.5798  0.0664 unif  1.4434 
eb           2.500   0.2603  0.0342 unif  1.4434 
eg           2.500   0.4844  0.0380 unif  1.4434 
eqs          2.500   0.4905  0.0689 unif  1.4434 
em           2.500   0.2432  0.0193 unif  1.4434 
epinf        2.500   0.0327  0.0093 unif  1.4434 
ew           2.500   0.1303  0.0214 unif  1.4434 
es           2.500   1.5091  0.1971 unif  1.4434 


Log data density [Laplace approximation] is -596.673258.

Estimation::mcmc: One Chain mode.
Estimation::mcmc: Initialization at the posterior mode.

Estimation::mcmc: Write details about the MCMC... Ok!
Estimation::mcmc: Details about the MCMC are available in GSW12/metropolis\GSW12_mh_history_0.mat


Estimation::mcmc: Number of mh files: 2 per block.
Estimation::mcmc: Total number of generated files: 2.
Estimation::mcmc: Total number of iterations: 500000.
Estimation::mcmc: Current acceptance ratio per chain: 
                                                       Chain  1: 24.2136%
Estimation::mcmc: Total number of MH draws per chain: 500000.
Estimation::mcmc: Total number of generated MH files: 2.
Estimation::mcmc: I'll use mh-files 1 to 2.
Estimation::mcmc: In MH-file number 1 I'll start at line 150001.
Estimation::mcmc: Finally I keep 350000 draws per chain.



MCMC Inefficiency factors per block
Parameter        Block 1
SE_ea            343.855
SE_eb            299.675
SE_eg            199.586
SE_eqs           268.023
SE_em            392.363
SE_epinf         519.493
SE_ew            501.557
SE_es            259.025
csadjcost        237.196
chabb            318.872
csigl            292.836
cprobw           363.042
cprobp           363.008
cindw            264.213
cindp            441.683
czcap            339.626
cfc              307.172
clandaw          515.817
cupsilon         233.266
crpi             589.493
crr              488.630
cry              451.962
crdy             303.717
constepinf       298.778
cprobe           253.974
constebeta       220.889
cebar            312.740
ctrend           441.605
calfa            423.662
crhog            593.790
cgy              237.042
crhob            357.530
crhoqs           253.849
crhoa            561.133
crhopinf         702.153
crhow            566.829
crhoms           436.727
crhos            681.223


Geweke (1992) Convergence Tests, based on means of draws 150000 to 220000 vs 325000 to 500000.
p-values are for Chi2-test for equality of means.
Parameter          Post. Mean        Post. Std   p-val No Taper   p-val 4% Taper   p-val 8% Taper  p-val 15% Taper
SE_ea                   0.701            0.089            0.000            0.251            0.253            0.210
SE_eb                   0.251            0.039            0.000            0.331            0.326            0.312
SE_eg                   0.494            0.038            0.000            0.586            0.599            0.629
SE_eqs                  0.486            0.074            0.047            0.911            0.913            0.920
SE_em                   0.272            0.028            0.000            0.453            0.479            0.468
SE_epinf                0.117            0.020            0.000            0.459            0.504            0.539
SE_ew                   0.110            0.028            0.000            0.014            0.040            0.066
SE_es                   1.573            0.199            0.000            0.621            0.652            0.698
csadjcost               5.016            1.004            0.000            0.009            0.020            0.019
chabb                   0.825            0.035            0.000            0.014            0.028            0.027
csigl                   4.488            0.518            0.000            0.280            0.351            0.427
cprobw                  0.541            0.057            0.000            0.002            0.009            0.016
cprobp                  0.764            0.049            0.000            0.044            0.088            0.094
cindw                   0.593            0.133            0.000            0.287            0.335            0.334
cindp                   0.698            0.133            0.000            0.813            0.846            0.863
czcap                   0.662            0.137            0.000            0.007            0.017            0.028
cfc                     1.335            0.089            0.000            0.047            0.046            0.033
clandaw                 1.259            0.050            0.000            0.154            0.221            0.271
cupsilon                0.100            0.034            0.000            0.039            0.042            0.024
crpi                    1.372            0.302            0.000            0.004            0.014            0.023
crr                     0.783            0.051            0.000            0.018            0.033            0.045
cry                     0.163            0.055            0.000            0.634            0.665            0.667
crdy                    0.119            0.036            0.000            0.012            0.024            0.026
constepinf              0.298            0.046            0.000            0.020            0.019            0.013
cprobe                  0.520            0.041            0.000            0.758            0.748            0.741
constebeta              0.050            0.019            0.000            0.665            0.690            0.707
cebar                   0.382            0.026            0.000            0.420            0.473            0.441
ctrend                  0.112            0.045            0.000            0.002            0.003            0.001
calfa                   0.159            0.032            0.000            0.010            0.025            0.028
crhog                   0.821            0.107            0.000            0.015            0.029            0.026
cgy                     0.302            0.090            0.000            0.270            0.308            0.264
crhob                   0.349            0.132            0.000            0.046            0.072            0.063
crhoqs                  0.629            0.084            0.000            0.832            0.841            0.853
crhoa                   0.994            0.004            0.000            0.019            0.028            0.019
crhopinf                0.265            0.176            0.000            0.555            0.648            0.696
crhow                   0.687            0.158            0.000            0.003            0.013            0.022
crhoms                  0.250            0.123            0.000            0.582            0.615            0.619
crhos                   0.990            0.006            0.000            0.403            0.460            0.424


Estimation::marginal density: I'm computing the posterior mean and covariance...  Done!
Estimation::marginal density: I'm computing the posterior log marginal density (modified harmonic mean)... Done!


ESTIMATION RESULTS

Log data density is -594.209062.

parameters
             prior mean   post. mean        90% HPD interval    prior       pstdev

csadjcost         4.000       5.0575      3.3806      6.6421   norm        1.5000
chabb             0.700       0.8261      0.7713      0.8825   beta        0.1000
csigl             2.000       4.5034      3.6224      5.3469   norm        0.7500
cprobw            0.500       0.5373      0.4433      0.6282   beta        0.0500
cprobp            0.500       0.7649      0.6888      0.8388   beta        0.1000
cindw             0.500       0.5884      0.3757      0.8115   beta        0.1500
cindp             0.500       0.7232      0.5737      0.8787   beta        0.1500
czcap             0.500       0.6666      0.4431      0.8756   beta        0.1500
cfc               1.250       1.3313      1.1877      1.4656   norm        0.1250
clandaw           1.250       1.2566      1.1689      1.3431   norm        0.1250
cupsilon          0.200       0.0993      0.0447      0.1526   beta        0.0500
crpi              1.500       1.3898      1.0007      1.7986   norm        0.2500
crr               0.750       0.7852      0.7065      0.8714   beta        0.1000
cry               0.125       0.1611      0.0783      0.2547   norm        0.0500
crdy              0.125       0.1197      0.0594      0.1776   norm        0.0500
constepinf        0.625       0.2983      0.2209      0.3718   gamm        0.1000
cprobe            0.500       0.5220      0.4569      0.5875   beta        0.1500
constebeta        0.250       0.0496      0.0186      0.0796   gamm        0.1000
cebar             0.200       0.3841      0.3425      0.4258   norm        0.0500
ctrend            0.300       0.1151      0.0436      0.1885   norm        0.0500
calfa             0.300       0.1589      0.1076      0.2080   norm        0.0500
crhog             0.500       0.8233      0.6667      0.9825   beta        0.2000
cgy               0.500       0.2985      0.1526      0.4403   beta        0.2000
crhob             0.500       0.3463      0.1269      0.5572   beta        0.2000
crhoqs            0.500       0.6304      0.4969      0.7728   beta        0.2000
crhoa             0.500       0.9942      0.9891      0.9995   beta        0.2000
crhopinf          0.500       0.2357      0.0451      0.4178   beta        0.2000
crhow             0.500       0.7067      0.4690      0.9392   beta        0.2000
crhoms            0.500       0.2507      0.0495      0.4347   beta        0.2000
crhos             0.500       0.9894      0.9796      0.9988   beta        0.2000

standard deviation of shocks
             prior mean   post. mean        90% HPD interval    prior       pstdev

ea                2.500       0.7060      0.5605      0.8496   unif        1.4434
eb                2.500       0.2505      0.1867      0.3142   unif        1.4434
eg                2.500       0.4937      0.4336      0.5556   unif        1.4434
eqs               2.500       0.4848      0.3620      0.5981   unif        1.4434
em                2.500       0.2724      0.2279      0.3172   unif        1.4434
epinf             2.500       0.1201      0.0974      0.1433   unif        1.4434
ew                2.500       0.1073      0.0606      0.1511   unif        1.4434
es                2.500       1.5766      1.2368      1.8931   unif        1.4434
Estimation::mcmc: Smoothed variables
Estimation::mcmc: Smoothed variables, done!
Estimation::mcmc: Smoothed shocks
Estimation::mcmc: Smoothed shocks, done!
Estimation::mcmc: Trend_coefficients
Estimation::mcmc: Trend_coefficients, done!
Estimation::mcmc: Smoothed constant
Estimation::mcmc: Smoothed constant, done!
Estimation::mcmc: Smoothed trend
Estimation::mcmc: Smoothed trend, done!
Estimation::mcmc: Updated Variables
Estimation::mcmc: Updated Variables, done!
Estimation::mcmc: Forecasted variables (mean)
Estimation::mcmc: Forecasted variables (mean), done!
Estimation::mcmc: Forecasted variables (point)
Estimation::mcmc: Forecasted variables (point), done!
Total computing time : 2h41m22s
Note: 43 warning(s) encountered in the preprocessor
Note: warning(s) encountered in MATLAB/Octave code
