Starting Dynare (version 4.5.7).
Starting preprocessing of the model file ...
Substitution of exo lags: added 2 auxiliary variables and equations.
Found 49 equation(s).
Evaluating expressions...done
Computing static model derivatives:
 - order 1
Computing dynamic model derivatives:
 - order 1
 - order 2
Processing outputs ...
done
Preprocessing completed.
[Warning: Some of the parameters have no value (bet, pistar, sprd, Fom, zstar, rstar,
Rstarn, rkstar, omegastar, Lstar, kstar, kbarstar, istar, ystar, cstar, wl_c, zwstar,
sigwstar, omegabarstar, Gstar, Gammastar, dGdomegastar, d2Gdomega2star, dGammadomegastar,
d2Gammadomega2star, dGdsigmastar, d2Gdomegadsigmastar, dGammadsigmastar,
d2Gammadomegadsigmastar, muestar, nkstar, Rhostar, wekstar, vkstar, nstar, vstar,
GammamuG, GammamuGprime, zeta_bw, zeta_zw, zeta_bw_zw, zeta_bsigw, zeta_zsigw,
zeta_spsigw, zeta_bmue, zeta_zmue, zeta_spmue, Rkstar, zeta_Gw, zeta_Gsigw, zeta_nRk,
zeta_nR, zeta_nqk, zeta_nn, zeta_nmue, zeta_nsigw) when using steady. If these parameters
are not initialized in a steadystate file or a steady_state_model-block, Dynare may not
be able to solve the model...] 

STEADY-STATE RESULTS:

y_t              		 0
c_t              		 0
i_t              		 0
k_t              		 0
kbar_t           		 0
L_t              		 0
mc_t             		 0
pi_t             		 0
R_t              		 0
rk_t             		 0
u_t              		 0
w_t              		 0
muw_t            		 0
qk_t             		 0
Rktil_t          		 0
n_t              		 0
z_t              		 0
ztil_t           		 0
b_t              		 0
g_t              		 0
laf_t            		 0
law_t            		 0
sigw_t           		 0
mu_t             		 0
rm_t             		 0
gdp_rgd_obs      		 0.675032
hours_dngs15_obs 		 0.467095
wage_rgd_obs     		 0.675032
gdpdef_obs       		 0.636515
ffr_obs          		 1.24246
c_rgd_obs        		 0.675032
ifi_rgd_obs      		 0.675032
baag10_obs       		 0.449254
y_ft             		 0
c_ft             		 0
i_ft             		 0
k_ft             		 0
kbar_ft          		 0
L_ft             		 0
r_ft             		 0
rk_ft            		 0
u_ft             		 0
w_ft             		 0
qk_ft            		 0
outputgap_t      		 0
r_ft_obs         		 2.42378
r_ann_t          		 2.42378

EIGENVALUES:
         Modulus             Real        Imaginary

       8.974e-18       -8.974e-18                0
       2.728e-17       -2.728e-17                0
       3.683e-17       -3.683e-17                0
       1.093e-16       -1.093e-16                0
       1.576e-16        1.576e-16                0
          0.2185           0.2185                0
          0.2654           0.2654                0
          0.3293           0.3293                0
          0.3298           0.3298                0
          0.3639           0.3639                0
          0.6151           0.6151                0
          0.7042           0.7042                0
          0.8408           0.8408                0
          0.9034           0.9002          0.07578
          0.9034           0.9002         -0.07578
          0.9077           0.9063          0.04968
          0.9077           0.9063         -0.04968
          0.9279           0.9279                0
          0.9326           0.9326                0
          0.9583           0.9583                0
          0.9729           0.9729                0
          0.9738           0.9738                0
          0.9788           0.9788                0
           1.053            1.053                0
           1.108            1.106          0.07199
           1.108            1.106         -0.07199
           1.135            1.125           0.1509
           1.135            1.125          -0.1509
           1.253            1.225           0.2632
           1.253            1.225          -0.2632
       8.717e+16       -8.717e+16                0
       2.359e+18       -2.359e+18                0
       3.913e+18        3.913e+18                0
       9.308e+18        9.308e+18                0
             Inf             -Inf                0


There are 12 eigenvalue(s) larger than 1 in modulus 
for 12 forward-looking variable(s)

The rank condition is verified.

Initial value of the log posterior (or likelihood): -1058721.2674
-----------------
f at the beginning of new iteration,   1058721.2674423703
Predicted improvement: 8918910790.057575226
lambda =          1; f =      1079950.2796332
lambda =    0.33333; f =      1061009.5053004
lambda =    0.11111; f =      1058953.4453316
lambda =   0.037037; f =      1058740.9146997
lambda =   0.012346; f =      1058722.1256391
lambda =  0.0041152; f =      1058721.2817968
lambda =  0.0013717; f =      1058721.2679610
lambda = 0.00045725; f =        65758.6138292
lambda = 0.00015242; f =       236985.4062982
Norm of dx     1335.6
----
Improvement on iteration 1 =   992962.653613171
-----------------
f at the beginning of new iteration,     65758.6138291996
Predicted improvement: 16124309.934404915
lambda =          1; f =        66112.0470471
lambda =    0.33333; f =        65791.3258880
lambda =    0.11111; f =        65760.5767841
lambda =   0.037037; f =        65758.6274851
lambda =   0.012346; f =        65758.6448738
lambda =  0.0041152; f =        65758.6143380
lambda =  0.0013717; f =        42421.3319871
Norm of dx     56.839
----
Improvement on iteration 2 =    23337.281842122
-----------------
f at the beginning of new iteration,     42421.3319870781
Predicted improvement:  2386719.730141155
lambda =          1; f =        42634.4042356
lambda =    0.33333; f =        42441.8828716
lambda =    0.11111; f =        42423.0192348
lambda =   0.037037; f =        42421.4922007
lambda =   0.012346; f =        42421.3440804
lambda =  0.0041152; f =        42421.3321614
lambda =  0.0013717; f =        36745.1012132
lambda =  0.0026518; f =        34583.1771298
Norm of dx     23.409
----
Improvement on iteration 3 =     7838.154857284
-----------------
f at the beginning of new iteration,     34583.1771297944
Predicted improvement:  2253962.694408183
lambda =          1; f =        34792.4440455
lambda =    0.33333; f =        34601.9593594
lambda =    0.11111; f =        34584.1484115
lambda =   0.037037; f =        34583.1892329
lambda =   0.012346; f =        37979.8621378
lambda =  0.0041152; f =        25240.1128329
Norm of dx     30.598
----
Improvement on iteration 4 =     9343.064296942
-----------------
f at the beginning of new iteration,     25240.1128328523
Predicted improvement:   193260.041501757
lambda =          1; f =        25247.6201428
lambda =    0.33333; f =        25240.4696025
lambda =    0.11111; f =        25240.1128555
lambda =   0.037037; f =        19356.8229995
Norm of dx     6.6947
----
Improvement on iteration 5 =     5883.289833350
-----------------
f at the beginning of new iteration,     19356.8229995021
Predicted improvement:   123899.474107040
lambda =          1; f =        19368.1372268
lambda =    0.33333; f =        19357.4847070
lambda =    0.11111; f =        19356.8242523
lambda =   0.037037; f =        19356.8238804
lambda =   0.012346; f =        16710.3992704
lambda =   0.023866; f =        15007.0758361
lambda =   0.046138; f =        19356.8261760
lambda =   0.031067; f =        19356.8231478
lambda =   0.024504; f =        14946.4860134
lambda =   0.028254; f =        19356.8230149
lambda =    0.02594; f =        14776.9334935
lambda =   0.027304; f =        19356.8230008
lambda =   0.026477; f =        14688.6723598
lambda =   0.026971; f =        19356.8229995
lambda =   0.026674; f =        14653.8872629
Norm of dx      6.373
Cliff.  Perturbing search direction.
Predicted improvement:   603095.720912156
lambda =          1; f =        19371.2391312
lambda =    0.33333; f =        19357.5688469
lambda =    0.11111; f =        19356.8301625
lambda =   0.037037; f =        19356.8239736
lambda =   0.012346; f =        10030.6099919
Norm of dx     11.087

badg2 =

     0

----
Improvement on iteration 6 =     9326.213007578
-----------------
f at the beginning of new iteration,     10030.6099919238
Predicted improvement:    15907.404553260
lambda =          1; f =        10030.6674514
lambda =    0.33333; f =        10030.6666107
lambda =    0.11111; f =        10030.6126118
lambda =   0.037037; f =         9098.8209835
lambda =   0.071599; f =        10030.6103151
lambda =   0.048211; f =         8886.9750256
lambda =   0.061123; f =        10030.6100761
lambda =   0.053011; f =        10030.6099975
lambda =   0.048671; f =         8871.0746317
lambda =    0.05123; f =        10030.6099927
lambda =   0.049679; f =         8835.7486663
lambda =   0.050604; f =        10030.6099920
lambda =   0.050047; f =         8823.3800420
Norm of dx     1.7894
Cliff.  Perturbing search direction.
Predicted improvement:    68580.457965248
lambda =          1; f =        10030.9892698
lambda =    0.33333; f =        10030.7998359
lambda =    0.11111; f =        10030.6207107
lambda =   0.037037; f =        10030.6100326
lambda =   0.012346; f =         8543.6576746
lambda =   0.023866; f =         7519.1911536
lambda =   0.046138; f =        10030.6103274
lambda =   0.031067; f =         6989.7071432
lambda =   0.039387; f =        10030.6100815
lambda =    0.03416; f =        10030.6099987
lambda =   0.031363; f =         6963.0526520
lambda =   0.033013; f =        10030.6099931
lambda =   0.032013; f =         6905.0896484
lambda =   0.032609; f =        10030.6099923
lambda =    0.03225; f =        10030.6099919
Norm of dx     3.4673
Cliff again.  Try traversing
Predicted improvement: 515932954.021719277
lambda =          1; f =     92625969.4971852
lambda =    0.33333; f =     10297127.4612720
lambda =    0.11111; f =      1151914.9073438
lambda =   0.037037; f =       136532.5379337
lambda =   0.012346; f =        23962.8579626
lambda =  0.0041152; f =        11538.3265088
lambda =  0.0013717; f =        10185.4060464
lambda = 0.00045725; f =        10044.2248272
lambda = 0.00015242; f =        10031.3938092
lambda = 5.0805e-05; f =        10030.6103827
lambda = 1.6935e-05; f =         4525.8102952
Norm of dx      32123
----
Improvement on iteration 7 =     5504.799696751
-----------------
f at the beginning of new iteration,      4525.8102951730
Predicted improvement:     5091.938723129
lambda =          1; f =         4525.8107960
lambda =    0.33333; f =         4525.8159378
lambda =    0.11111; f =         3800.3998191
Norm of dx     1.0135
----
Improvement on iteration 8 =      725.410476121
-----------------
f at the beginning of new iteration,      3800.3998190516
Predicted improvement:    25942.713737351
lambda =          1; f =         3807.0331480
lambda =    0.33333; f =         3800.6369059
lambda =    0.11111; f =         3800.5576923
lambda =   0.037037; f =         3800.4167401
lambda =   0.012346; f =         3800.4014998
lambda =  0.0041152; f =         3800.3999468
lambda =  0.0013717; f =         3800.3998210
lambda = 0.00045725; f =         3774.8319686
lambda = 0.00088394; f =         3752.5879915
lambda =  0.0017088; f =         3800.3998259
lambda =  0.0011506; f =         3800.3998194
lambda = 0.00090756; f =         3751.6341081
lambda =  0.0010464; f =         3800.3998191
lambda = 0.00096075; f =         3750.0623945
lambda =  0.0010113; f =         3800.3998191
lambda = 0.00098065; f =         3751.0612083
lambda = 0.00099891; f =         3800.3998191
lambda = 0.00098791; f =         3800.3998191
lambda = 0.00097704; f =         3750.4067625
Norm of dx     5.7986
Cliff.  Perturbing search direction.
Predicted improvement:    33930.089003926
lambda =          1; f =         3806.9389238
lambda =    0.33333; f =         3800.6234043
lambda =    0.11111; f =         3800.6820778
lambda =   0.037037; f =         3800.4303497
lambda =   0.012346; f =         3800.4029416
lambda =  0.0041152; f =         3800.4000835
lambda =  0.0013717; f =         3800.3998284
lambda = 0.00045725; f =         3766.8746983
lambda = 0.00088394; f =         3800.3998196
lambda =  0.0005952; f =         3757.4781522
lambda =  0.0007546; f =         3800.3998191
lambda = 0.00065446; f =         3753.9049986
lambda = 0.00071283; f =         3751.1557229
lambda =  0.0007764; f =         3800.3998191
lambda = 0.00073761; f =         3800.3998191
lambda = 0.00071527; f =         3751.0920108
lambda = 0.00072859; f =         3751.0721153
lambda = 0.00074216; f =         3800.3998191
lambda = 0.00073399; f =         3751.6616868
Norm of dx     6.7492
Cliff again.  Try traversing
Predicted improvement:   530655.606713726
lambda =          1; f =       875613.0048130
lambda =    0.33333; f =       100003.0076230
lambda =    0.11111; f =        14274.9905045
lambda =   0.037037; f =         4899.3354922
lambda =   0.012346; f =         3904.1282043
lambda =  0.0041152; f =         3807.4641824
lambda =  0.0013717; f =         3800.6854677
lambda = 0.00045725; f =        29565.0522400
lambda = 0.00015242; f =         3967.8474059
lambda = 5.0805e-05; f =         3807.3680624
lambda = 1.6935e-05; f =         3796.6236419
lambda =  5.645e-06; f =         3798.3848193
Norm of dx     1030.2
----
Improvement on iteration 9 =       50.337424521
back and forth on step length never finished
-----------------
f at the beginning of new iteration,      3750.0623945311
Predicted improvement:    25942.713737351
lambda =          1; f =         3756.7135791
lambda =    0.33333; f =         3750.3016327
lambda =    0.11111; f =         3750.2230343
lambda =   0.037037; f =         3750.0802294
lambda =   0.012346; f =         3750.0643715
lambda =  0.0041152; f =         3750.0626126
lambda =  0.0013717; f =         3750.0624183
lambda = 0.00045725; f =         3750.0623970
lambda = 0.00015242; f =         3750.0623948
lambda = 5.0805e-05; f =         3750.0623945
lambda = 1.6935e-05; f =         3750.4755799
lambda =  5.645e-06; f =         3750.0391881
Norm of dx     5.7986
----
Improvement on iteration 10 =        0.023206425
-----------------
f at the beginning of new iteration,      3750.0391881057
Predicted improvement:     3570.854119166
lambda =          1; f =         3750.0862346
lambda =    0.33333; f =         6555.3294692
lambda =    0.11111; f =         4006.5295287
lambda =   0.037037; f =         3752.5255722
lambda =   0.012346; f =         3764.8975269
lambda =  0.0041152; f =         3765.0466422
lambda =  0.0013717; f =         3752.6710764
lambda = 0.00045725; f =         3749.9228204
lambda = 0.00015242; f =         3749.6267853
Norm of dx    0.91587
----
Improvement on iteration 11 =        0.412402776
-----------------
f at the beginning of new iteration,      3749.6267853295
Predicted improvement:    10919.170402103
lambda =          1; f =         3754.5104143
lambda =    0.33333; f =         3749.8756359
lambda =    0.11111; f =         3749.6267853
lambda =   0.037037; f =         3195.7324143
Norm of dx     3.7252
----
Improvement on iteration 12 =      553.894371070
-----------------
f at the beginning of new iteration,      3195.7324142593
Predicted improvement:      906.002630257
lambda =          1; f =         3195.7405633
lambda =    0.33333; f =         2854.3606630
Norm of dx    0.54563
----
Improvement on iteration 13 =      341.371751227
-----------------
f at the beginning of new iteration,      2854.3606630323
Predicted improvement:      561.644000970
lambda =          1; f =         2854.3607962
lambda =    0.33333; f =         2636.6279674
Norm of dx    0.45573
----
Improvement on iteration 14 =      217.732695649
-----------------
f at the beginning of new iteration,      2636.6279673831
Predicted improvement:      606.931536077
lambda =          1; f =         2636.6279674
lambda =    0.33333; f =         2463.3356387
Norm of dx    0.58436
----
Improvement on iteration 15 =      173.292328720
-----------------
f at the beginning of new iteration,      2463.3356386632
Predicted improvement:      240.341798589
lambda =          1; f =         2469.9920874
lambda =    0.33333; f =         2333.8747288
lambda =    0.64439; f =         2282.1397943
Norm of dx    0.30873
----
Improvement on iteration 16 =      181.195844377
-----------------
f at the beginning of new iteration,      2282.1397942863
Predicted improvement:      433.990031373
lambda =          1; f =         2282.1416681
lambda =    0.33333; f =         2134.0349580
Norm of dx    0.53662
----
Improvement on iteration 17 =      148.104836335
-----------------
f at the beginning of new iteration,      2134.0349579517
Predicted improvement:      108.443503579
lambda =          1; f =         2134.0359748
lambda =    0.33333; f =         2070.6751514
lambda =    0.64439; f =         2047.7870176
Norm of dx    0.22361
----
Improvement on iteration 18 =       86.247940396
-----------------
f at the beginning of new iteration,      2047.7870175561
Predicted improvement:      159.009655812
lambda =          1; f =         2047.7873028
lambda =    0.33333; f =         1960.2262791
lambda =    0.64439; f =         1904.4973158
Norm of dx    0.23297
----
Improvement on iteration 19 =      143.289701793
-----------------
f at the beginning of new iteration,      1904.4973157632
Predicted improvement:      194.555681990
lambda =          1; f =         1904.4973317
lambda =    0.33333; f =         1904.4988743
lambda =    0.11111; f =         1904.4974750
lambda =   0.037037; f =         1904.4973292
lambda =   0.012346; f =         1904.4973162
lambda =  0.0041152; f =         1902.8981949
lambda =  0.0079555; f =         1904.4973158
lambda =  0.0053568; f =         1902.4166009
lambda =  0.0067914; f =         1904.4973158
lambda =  0.0058901; f =         1902.2098254
lambda =  0.0064154; f =         1902.0062528
lambda =  0.0069876; f =         1904.4973158
lambda =  0.0066385; f =         1901.9198494
lambda =  0.0068458; f =         1904.4973158
lambda =  0.0067206; f =         1904.4973158
lambda =  0.0066466; f =         1901.9166838
Norm of dx    0.51851
Cliff.  Perturbing search direction.
Predicted improvement:      310.632441179
lambda =          1; f =         1904.4974004
lambda =    0.33333; f =         1904.4981279
lambda =    0.11111; f =         1904.4973961
lambda =   0.037037; f =         1904.4973218
lambda =   0.012346; f =         1904.4973158
lambda =  0.0041152; f =         1901.9448933
lambda =  0.0079555; f =         1899.5707145
lambda =   0.015379; f =         1904.4973161
lambda =   0.010356; f =         1904.4973158
lambda =   0.008168; f =         1899.4395284
lambda =  0.0094179; f =         1904.4973158
lambda =  0.0086467; f =         1899.1441659
lambda =  0.0091015; f =         1898.8636771
lambda =  0.0095802; f =         1904.4973158
lambda =    0.00929; f =         1904.4973158
lambda =  0.0091202; f =         1898.8521581
lambda =  0.0092217; f =         1904.4973158
Norm of dx    0.56838
Cliff again.  Try traversing
Predicted improvement:  1341548.035656225
lambda =          1; f =       678639.9635351
lambda =    0.33333; f =        76216.1513850
lambda =    0.11111; f =         9887.5327235
lambda =   0.037037; f =         2711.9112265
lambda =   0.012346; f =         1973.9155877
lambda =  0.0041152; f =         1908.9380803
lambda =  0.0013717; f =         1904.5809090
lambda = 0.00045725; f =         1904.4978250
lambda = 0.00015242; f =         1904.4996414
lambda = 5.0805e-05; f =         1781.9308788
lambda = 9.8216e-05; f =         1724.8855282
Norm of dx       1638
----
Improvement on iteration 20 =      179.611787521
-----------------
f at the beginning of new iteration,      1724.8855282427
Predicted improvement:      183.795703527
lambda =          1; f =         1464.6775251
lambda =     1.9332; f =         1414.2309745
Norm of dx    0.17319
----
Improvement on iteration 21 =      310.654553753
-----------------
f at the beginning of new iteration,      1414.2309744893
Predicted improvement:      312.828970774
lambda =          1; f =         1288.3753273
lambda =    0.33333; f =         1298.1213396
Norm of dx    0.27958
----
Improvement on iteration 22 =      125.855647205
-----------------
f at the beginning of new iteration,      1288.3753272842
Predicted improvement:      124.687302482
lambda =          1; f =         1191.5238068
Norm of dx     0.1336
----
Improvement on iteration 23 =       96.851520492
-----------------
f at the beginning of new iteration,      1191.5238067918
Predicted improvement:       49.544675134
lambda =          1; f =         1106.6967591
lambda =     1.9332; f =         1191.5245709
lambda =     1.3017; f =         1191.5238069
lambda =     1.0267; f =         1105.0596652
lambda =     1.1838; f =         1096.8866808
lambda =      1.365; f =         1191.5238155
lambda =     1.2532; f =         1094.7725899
lambda =     1.3191; f =         1191.5238078
lambda =     1.2792; f =         1094.9349768
lambda =      1.303; f =         1191.5238069
lambda =     1.2886; f =         1095.6424046
Norm of dx     0.1214
Cliff.  Perturbing search direction.
Predicted improvement:       73.166231968
lambda =          1; f =         1068.1131158
lambda =     1.9332; f =         1191.5261532
lambda =     1.3017; f =         1191.5238893
lambda =     1.0267; f =         1066.0506821
lambda =     1.1838; f =         1191.5238172
lambda =     1.0869; f =         1062.4635292
lambda =     1.1441; f =         1191.5238083
lambda =     1.1094; f =         1062.4090889
lambda =     1.1301; f =         1191.5238071
lambda =     1.1176; f =         1063.9019700
Norm of dx     0.1495
Cliff again.  Try traversing
Predicted improvement:   406836.941108093
lambda =          1; f =       289354.6384175
lambda =    0.33333; f =        32881.3690100
lambda =    0.11111; f =         4606.2456150
lambda =   0.037037; f =         1538.1066918
lambda =   0.012346; f =         1220.9291564
lambda =  0.0041152; f =         1193.0655087
lambda =  0.0013717; f =         1191.5483957
lambda = 0.00045725; f =         1191.5240588
lambda = 0.00015242; f =         1077.8301371
lambda = 0.00029465; f =         1067.8843688
Norm of dx     902.04
----
Improvement on iteration 24 =      129.114717917
back and forth on step length never finished
-----------------
f at the beginning of new iteration,      1062.4090888749
Predicted improvement:       49.544675134
lambda =          1; f =         1062.4116043
lambda =    0.33333; f =         1062.4092802
lambda =    0.11111; f =         1062.4091073
lambda =   0.037037; f =         1062.4090901
lambda =   0.012346; f =         1062.4090889
lambda =  0.0041152; f =         1062.8432792
lambda =  0.0013717; f =         1062.5285678
lambda = 0.00045725; f =         1062.4466694
lambda = 0.00015242; f =         1062.4213820
lambda = 5.0805e-05; f =         1062.4131612
lambda = 1.6935e-05; f =         1062.4104435
lambda =  5.645e-06; f =         1062.4095401
lambda = 1.8817e-06; f =         1062.4092393
lambda = 6.2723e-07; f =         1062.4091390
lambda = 2.0908e-07; f =         1062.4091056
lambda = 6.9692e-08; f =         1062.4090944
lambda = 2.3231e-08; f =         1062.4090907
lambda = 7.7435e-09; f =         1062.4090895
lambda = 2.5812e-09; f =         1062.4090891

lambda =

  -6.2723e-07

lambda = -6.2723e-07; f =         1062.4090388
Norm of dx     0.1214
----
Improvement on iteration 25 =        0.000050117
-----------------
f at the beginning of new iteration,      1062.4090387575
Predicted improvement:      407.717140122
lambda =          1; f =         1173.9988481
lambda =    0.33333; f =         1075.6010687
lambda =    0.11111; f =         1052.2309316
lambda =   0.037037; f =         1054.0479423
lambda =   0.012346; f =         1057.8269277
Norm of dx    0.29295
----
Improvement on iteration 26 =       10.178107173
-----------------
f at the beginning of new iteration,      1052.2309315844
Predicted improvement:       25.676861807
lambda =          1; f =         1013.4116727
lambda =     1.9332; f =         1052.2315577
lambda =     1.3017; f =         1052.2309763
lambda =     1.0267; f =         1013.4253160
lambda =     1.1838; f =         1052.2309423
lambda =     1.0869; f =         1052.2309318
lambda =     1.0326; f =         1013.4888583
lambda =     1.0648; f =         1015.1492390
Norm of dx   0.077057
----
Improvement on iteration 27 =       38.819258891
warning: possible inaccuracy in H matrix
-----------------
f at the beginning of new iteration,      1013.4116726937
Predicted improvement:       83.129080672
lambda =          1; f =         1312.4049871
lambda =    0.33333; f =          978.1921931
Norm of dx    0.26155
----
Improvement on iteration 28 =       35.219479617
-----------------
f at the beginning of new iteration,       978.1921930772
Predicted improvement:       38.509044952
lambda =          1; f =          915.9306589
lambda =     1.9332; f =          898.0696387
Norm of dx    0.14386
----
Improvement on iteration 29 =       80.122554415
-----------------
f at the beginning of new iteration,       898.0696386624
Predicted improvement:       26.280970341
lambda =          1; f =          872.5298178
Norm of dx   0.045891
----
Improvement on iteration 30 =       25.539820893
-----------------
f at the beginning of new iteration,       872.5298177690
Predicted improvement:       44.760591891
lambda =          1; f =          895.1316027
lambda =    0.33333; f =          869.4518137
lambda =    0.11111; f =          868.6936607
Norm of dx    0.10922
----
Improvement on iteration 31 =        3.836157074
-----------------
f at the beginning of new iteration,       868.6936606949
Predicted improvement:       15.568722209
lambda =          1; f =          845.5344524
lambda =     1.9332; f =          838.6397980
Norm of dx    0.11885
----
Improvement on iteration 32 =       30.053862731
-----------------
f at the beginning of new iteration,       838.6397979640
Predicted improvement:        6.948537134
lambda =          1; f =          827.0045669
lambda =     1.9332; f =          819.4610007
lambda =     3.7372; f =          812.5275687
Norm of dx   0.048203
----
Improvement on iteration 33 =       26.112229304
-----------------
f at the beginning of new iteration,       812.5275686598
Predicted improvement:        8.839202880
lambda =          1; f =          802.6064437
Norm of dx   0.077156
----
Improvement on iteration 34 =        9.921124995
-----------------
f at the beginning of new iteration,       802.6064436651
Predicted improvement:        9.377223943
lambda =          1; f =          791.3157353
Norm of dx   0.085357
----
Improvement on iteration 35 =       11.290708353
-----------------
f at the beginning of new iteration,       791.3157353126
Predicted improvement:        5.695668883
lambda =          1; f =          783.7103318
Norm of dx   0.046103
----
Improvement on iteration 36 =        7.605403522
-----------------
f at the beginning of new iteration,       783.7103317903
Predicted improvement:        6.817849440
lambda =          1; f =          774.3018968
Norm of dx   0.066473
----
Improvement on iteration 37 =        9.408434958
-----------------
f at the beginning of new iteration,       774.3018968324
Predicted improvement:        5.204607025
lambda =          1; f =          767.5132036
Norm of dx   0.098218
----
Improvement on iteration 38 =        6.788693274
-----------------
f at the beginning of new iteration,       767.5132035589
Predicted improvement:        4.191262700
lambda =          1; f =          762.1876822
Norm of dx   0.070718
----
Improvement on iteration 39 =        5.325521319
-----------------
f at the beginning of new iteration,       762.1876822400
Predicted improvement:        2.924813430
lambda =          1; f =          758.5481680
Norm of dx   0.096894
----
Improvement on iteration 40 =        3.639514278
-----------------
f at the beginning of new iteration,       758.5481679620
Predicted improvement:        1.639337154
lambda =          1; f =          756.0583729
lambda =     1.9332; f =          755.0943817
Norm of dx   0.032016
----
Improvement on iteration 41 =        3.453786281
-----------------
f at the beginning of new iteration,       755.0943816813
Predicted improvement:        1.979906085
lambda =          1; f =          751.7456100
lambda =     1.9332; f =          749.7056869
lambda =     3.7372; f =          748.7396045
Norm of dx   0.031934
----
Improvement on iteration 42 =        6.354777203
-----------------
f at the beginning of new iteration,       748.7396044786
Predicted improvement:        3.003100911
lambda =          1; f =          745.0796232
Norm of dx   0.054689
----
Improvement on iteration 43 =        3.659981234
-----------------
f at the beginning of new iteration,       745.0796232443
Predicted improvement:        2.655922620
lambda =          1; f =          741.1016835
lambda =     1.9332; f =          739.5049386
Norm of dx   0.055766
----
Improvement on iteration 44 =        5.574684613
-----------------
f at the beginning of new iteration,       739.5049386309
Predicted improvement:        3.183585140
lambda =          1; f =          734.7345066
lambda =     1.9332; f =          733.4808502
Norm of dx   0.097617
----
Improvement on iteration 45 =        6.024088466
-----------------
f at the beginning of new iteration,       733.4808501646
Predicted improvement:        2.240837989
lambda =          1; f =          730.7022799
Norm of dx   0.033569
----
Improvement on iteration 46 =        2.778570295
-----------------
f at the beginning of new iteration,       730.7022798692
Predicted improvement:        1.458840280
lambda =          1; f =          728.6186504
lambda =     1.9332; f =          728.2102818
Norm of dx   0.032827
----
Improvement on iteration 47 =        2.491998076
-----------------
f at the beginning of new iteration,       728.2102817931
Predicted improvement:        1.293978582
lambda =          1; f =          726.3600878
lambda =     1.9332; f =          725.9207351
Norm of dx   0.027347
----
Improvement on iteration 48 =        2.289546674
-----------------
f at the beginning of new iteration,       725.9207351187
Predicted improvement:        1.432406724
lambda =          1; f =          723.8819294
lambda =     1.9332; f =          723.3844535
Norm of dx   0.020679
----
Improvement on iteration 49 =        2.536281575
-----------------
f at the beginning of new iteration,       723.3844535436
Predicted improvement:        1.233407641
lambda =          1; f =          721.3209627
lambda =     1.9332; f =          720.1666190
Norm of dx   0.042324
----
Improvement on iteration 50 =        3.217834559
-----------------
f at the beginning of new iteration,       720.1666189843
Predicted improvement:        2.298432059
lambda =          1; f =          717.1645125
Norm of dx   0.066447
----
Improvement on iteration 51 =        3.002106454
-----------------
f at the beginning of new iteration,       717.1645125302
Predicted improvement:        1.794862004
lambda =          1; f =          714.3507839
lambda =     1.9332; f =          713.2710397
Norm of dx   0.064157
----
Improvement on iteration 52 =        3.893472845
-----------------
f at the beginning of new iteration,       713.2710396853
Predicted improvement:        1.931586783
lambda =          1; f =          710.1143376
lambda =     1.9332; f =          708.4396612
Norm of dx   0.042295
----
Improvement on iteration 53 =        4.831378522
-----------------
f at the beginning of new iteration,       708.4396611637
Predicted improvement:        1.662974032
lambda =          1; f =          706.0236108
lambda =     1.9332; f =          705.4252132
Norm of dx   0.040821
----
Improvement on iteration 54 =        3.014447916
-----------------
f at the beginning of new iteration,       705.4252132475
Predicted improvement:        1.094970770
lambda =          1; f =          703.7075869
lambda =     1.9332; f =          702.9746567
Norm of dx   0.029206
----
Improvement on iteration 55 =        2.450556529
-----------------
f at the beginning of new iteration,       702.9746567182
Predicted improvement:        0.850417511
lambda =          1; f =          701.7022534
lambda =     1.9332; f =          701.3424293
Norm of dx   0.038985
----
Improvement on iteration 56 =        1.632227443
-----------------
f at the beginning of new iteration,       701.3424292749
Predicted improvement:        0.878296921
lambda =          1; f =          700.0241299
lambda =     1.9332; f =          699.6042612
Norm of dx   0.038053
----
Improvement on iteration 57 =        1.738168046
-----------------
f at the beginning of new iteration,       699.6042612291
Predicted improvement:        1.088715726
lambda =          1; f =          698.1582550
Norm of dx   0.046376
----
Improvement on iteration 58 =        1.446006192
-----------------
f at the beginning of new iteration,       698.1582550370
Predicted improvement:        0.837464803
lambda =          1; f =          696.9217209
lambda =     1.9332; f =          696.5911156
Norm of dx   0.040918
----
Improvement on iteration 59 =        1.567139462
-----------------
f at the beginning of new iteration,       696.5911155753
Predicted improvement:        0.667625787
lambda =          1; f =          695.5334523
lambda =     1.9332; f =          694.9816998
Norm of dx   0.022437
----
Improvement on iteration 60 =        1.609415741
-----------------
f at the beginning of new iteration,       694.9816998344
Predicted improvement:        0.964459668
lambda =          1; f =          693.5683874
lambda =     1.9332; f =          693.1703895
Norm of dx    0.04908
----
Improvement on iteration 61 =        1.811310362
-----------------
f at the beginning of new iteration,       693.1703894728
Predicted improvement:        0.475251402
lambda =          1; f =          692.3498383
lambda =     1.9332; f =          691.8025980
lambda =     3.7372; f =          691.2797269
Norm of dx   0.023992
----
Improvement on iteration 62 =        1.890662545
-----------------
f at the beginning of new iteration,       691.2797269274
Predicted improvement:        0.997397991
lambda =          1; f =          689.5962568
lambda =     1.9332; f =          688.6054495
Norm of dx   0.059288
----
Improvement on iteration 63 =        2.674277468
-----------------
f at the beginning of new iteration,       688.6054494594
Predicted improvement:        1.590348188
lambda =          1; f =          686.4166288
Norm of dx   0.093737
----
Improvement on iteration 64 =        2.188820699
-----------------
f at the beginning of new iteration,       686.4166287600
Predicted improvement:        1.085734254
lambda =          1; f =          684.8795001
lambda =     1.9332; f =          684.7930334
Norm of dx   0.082525
----
Improvement on iteration 65 =        1.623595400
-----------------
f at the beginning of new iteration,       684.7930333597
Predicted improvement:        1.191803059
lambda =          1; f =          684.1650733
lambda =    0.33333; f =          684.2149912
lambda =    0.64439; f =          684.0268858
Norm of dx   0.055237
----
Improvement on iteration 66 =        0.766147514
-----------------
f at the beginning of new iteration,       684.0268858457
Predicted improvement:        0.645887872
lambda =          1; f =          683.0317988
lambda =     1.9332; f =          682.6294886
Norm of dx   0.032653
----
Improvement on iteration 67 =        1.397397233
-----------------
f at the beginning of new iteration,       682.6294886131
Predicted improvement:        0.829370477
lambda =          1; f =          681.2456282
lambda =     1.9332; f =          680.5128749
Norm of dx   0.044158
----
Improvement on iteration 68 =        2.116613701
-----------------
f at the beginning of new iteration,       680.5128749122
Predicted improvement:        1.313672754
lambda =          1; f =          678.5230544
lambda =     1.9332; f =          678.1174905
Norm of dx   0.079452
----
Improvement on iteration 69 =        2.395384452
-----------------
f at the beginning of new iteration,       678.1174904605
Predicted improvement:        1.892431703
lambda =          1; f =          677.1072235
lambda =    0.33333; f =          677.1896834
lambda =    0.64439; f =          676.8766007
Norm of dx   0.058713
----
Improvement on iteration 70 =        1.240889764
-----------------
f at the beginning of new iteration,       676.8766006962
Predicted improvement:        0.997448744
lambda =          1; f =          675.7060649
Norm of dx   0.034122
----
Improvement on iteration 71 =        1.170535782
-----------------
f at the beginning of new iteration,       675.7060649143
Predicted improvement:        0.744641616
lambda =          1; f =          674.6675966
Norm of dx   0.060826
----
Improvement on iteration 72 =        1.038468306
-----------------
f at the beginning of new iteration,       674.6675966082
Predicted improvement:        0.816122166
lambda =          1; f =          673.6502210
Norm of dx    0.06499
----
Improvement on iteration 73 =        1.017375622
-----------------
f at the beginning of new iteration,       673.6502209858
Predicted improvement:        0.718486692
lambda =          1; f =          672.6864691
Norm of dx   0.049018
----
Improvement on iteration 74 =        0.963751918
-----------------
f at the beginning of new iteration,       672.6864690678
Predicted improvement:        0.766437725
lambda =          1; f =          671.6093488
lambda =     1.9332; f =          671.4678243
Norm of dx    0.05227
----
Improvement on iteration 75 =        1.218644793
-----------------
f at the beginning of new iteration,       671.4678242745
Predicted improvement:        0.574557309
lambda =          1; f =          670.6560109
lambda =     1.9332; f =          670.4334636
Norm of dx   0.028068
----
Improvement on iteration 76 =        1.034360674
-----------------
f at the beginning of new iteration,       670.4334636006
Predicted improvement:        0.727423111
lambda =          1; f =          669.4944562
Norm of dx   0.035138
----
Improvement on iteration 77 =        0.939007359
-----------------
f at the beginning of new iteration,       669.4944562419
Predicted improvement:        0.904186972
lambda =          1; f =          668.3157821
Norm of dx   0.062886
----
Improvement on iteration 78 =        1.178674131
-----------------
f at the beginning of new iteration,       668.3157821107
Predicted improvement:        0.511691345
lambda =          1; f =          667.6131619
Norm of dx   0.053739
----
Improvement on iteration 79 =        0.702620222
-----------------
f at the beginning of new iteration,       667.6131618882
Predicted improvement:        0.641470389
lambda =          1; f =          666.9194631
Norm of dx   0.054133
----
Improvement on iteration 80 =        0.693698823
-----------------
f at the beginning of new iteration,       666.9194630653
Predicted improvement:        0.499405557
lambda =          1; f =          666.2093738
lambda =     1.9332; f =          666.1477998
Norm of dx   0.040718
----
Improvement on iteration 81 =        0.771663253
-----------------
f at the beginning of new iteration,       666.1477998122
Predicted improvement:        0.659405952
lambda =          1; f =          665.1729440
lambda =     1.9332; f =          664.8283537
Norm of dx    0.02588
----
Improvement on iteration 82 =        1.319446153
-----------------
f at the beginning of new iteration,       664.8283536595
Predicted improvement:        0.605531837
lambda =          1; f =          663.8790077
lambda =     1.9332; f =          663.5023781
Norm of dx   0.040418
----
Improvement on iteration 83 =        1.325975564
-----------------
f at the beginning of new iteration,       663.5023780957
Predicted improvement:        0.400474649
lambda =          1; f =          662.9836291
Norm of dx   0.041618
----
Improvement on iteration 84 =        0.518749034
-----------------
f at the beginning of new iteration,       662.9836290613
Predicted improvement:        0.226229739
lambda =          1; f =          662.6631145
lambda =     1.9332; f =          662.6011921
Norm of dx    0.02526
----
Improvement on iteration 85 =        0.382436994
-----------------
f at the beginning of new iteration,       662.6011920671
Predicted improvement:        0.152955196
lambda =          1; f =          662.3353976
lambda =     1.9332; f =          662.1594652
lambda =     3.7372; f =          662.0166458
Norm of dx  0.0079435
----
Improvement on iteration 86 =        0.584546272
-----------------
f at the beginning of new iteration,       662.0166457952
Predicted improvement:        0.198062969
lambda =          1; f =          661.7097199
lambda =     1.9332; f =          661.5910552
Norm of dx    0.02199
----
Improvement on iteration 87 =        0.425590617
-----------------
f at the beginning of new iteration,       661.5910551780
Predicted improvement:        0.288340211
lambda =          1; f =          661.2822407
Norm of dx   0.033655
----
Improvement on iteration 88 =        0.308814502
-----------------
f at the beginning of new iteration,       661.2822406761
Predicted improvement:        0.183770713
lambda =          1; f =          661.0120333
lambda =     1.9332; f =          660.9433025
Norm of dx    0.02435
----
Improvement on iteration 89 =        0.338938131
-----------------
f at the beginning of new iteration,       660.9433025455
Predicted improvement:        0.105759581
lambda =          1; f =          660.8129563
Norm of dx   0.014326
----
Improvement on iteration 90 =        0.130346221
-----------------
f at the beginning of new iteration,       660.8129563245
Predicted improvement:        0.067127280
lambda =          1; f =          660.7173033
lambda =     1.9332; f =          660.6977780
Norm of dx  0.0088579
----
Improvement on iteration 91 =        0.115178313
-----------------
f at the beginning of new iteration,       660.6977780114
Predicted improvement:        0.069299038
lambda =          1; f =          660.5861573
lambda =     1.9332; f =          660.5322233
Norm of dx     0.0134
----
Improvement on iteration 92 =        0.165554679
-----------------
f at the beginning of new iteration,       660.5322233328
Predicted improvement:        0.137052504
lambda =          1; f =          660.3433077
Norm of dx   0.019611
----
Improvement on iteration 93 =        0.188915677
-----------------
f at the beginning of new iteration,       660.3433076562
Predicted improvement:        0.122206259
lambda =          1; f =          660.1805483
Norm of dx   0.019473
----
Improvement on iteration 94 =        0.162759372
-----------------
f at the beginning of new iteration,       660.1805482842
Predicted improvement:        0.085263749
lambda =          1; f =          660.0591319
lambda =     1.9332; f =          660.0338994
Norm of dx   0.015694
----
Improvement on iteration 95 =        0.146648892
-----------------
f at the beginning of new iteration,       660.0338993919
Predicted improvement:        0.043676704
lambda =          1; f =          659.9727744
Norm of dx  0.0072473
----
Improvement on iteration 96 =        0.061124947
-----------------
f at the beginning of new iteration,       659.9727744451
Predicted improvement:        0.046804760
lambda =          1; f =          659.9171462
Norm of dx  0.0068136
----
Improvement on iteration 97 =        0.055628256
-----------------
f at the beginning of new iteration,       659.9171461893
Predicted improvement:        0.040081791
lambda =          1; f =          659.8550151
lambda =     1.9332; f =          659.8295865
Norm of dx  0.0079831
----
Improvement on iteration 98 =        0.087559682
-----------------
f at the beginning of new iteration,       659.8295865073
Predicted improvement:        0.056253379
lambda =          1; f =          659.7342066
lambda =     1.9332; f =          659.6760418
lambda =     3.7372; f =          659.6483359
Norm of dx   0.010545
----
Improvement on iteration 99 =        0.181250611
-----------------
f at the beginning of new iteration,       659.6483358968
Predicted improvement:        0.050500099
lambda =          1; f =          659.5733772
lambda =     1.9332; f =          659.5508521
Norm of dx  0.0085785
----
Improvement on iteration 100 =        0.097483780
-----------------
f at the beginning of new iteration,       659.5508521163
Predicted improvement:        0.034159666
lambda =          1; f =          659.4938117
lambda =     1.9332; f =          659.4610754
Norm of dx  0.0071829
----
Improvement on iteration 101 =        0.089776697
-----------------
f at the beginning of new iteration,       659.4610754197
Predicted improvement:        0.073229553
lambda =          1; f =          659.3548776
lambda =     1.9332; f =          659.3288146
Norm of dx   0.019042
----
Improvement on iteration 102 =        0.132260852
-----------------
f at the beginning of new iteration,       659.3288145673
Predicted improvement:        0.035864820
lambda =          1; f =          659.2713709
lambda =     1.9332; f =          659.2435998
Norm of dx  0.0065291
----
Improvement on iteration 103 =        0.085214784
-----------------
f at the beginning of new iteration,       659.2435997832
Predicted improvement:        0.034137709
lambda =          1; f =          659.1854522
lambda =     1.9332; f =          659.1493859
lambda =     3.7372; f =          659.1285813
Norm of dx  0.0095597
----
Improvement on iteration 104 =        0.115018467
-----------------
f at the beginning of new iteration,       659.1285813160
Predicted improvement:        0.067029606
lambda =          1; f =          659.0058549
lambda =     1.9332; f =          658.9118922
lambda =     3.7372; f =          658.7874166
Norm of dx   0.013179
----
Improvement on iteration 105 =        0.341164753
-----------------
f at the beginning of new iteration,       658.7874165628
Predicted improvement:        0.165571548
lambda =          1; f =          658.5715803
Norm of dx   0.052054
----
Improvement on iteration 106 =        0.215836292
-----------------
f at the beginning of new iteration,       658.5715802710
Predicted improvement:        0.068951245
lambda =          1; f =          658.4739542
lambda =     1.9332; f =          658.4564957
Norm of dx   0.028517
----
Improvement on iteration 107 =        0.115084545
-----------------
f at the beginning of new iteration,       658.4564957256
Predicted improvement:        0.031031938
lambda =          1; f =          658.4088167
lambda =     1.9332; f =          658.3896337
Norm of dx   0.012295
----
Improvement on iteration 108 =        0.066862020
-----------------
f at the beginning of new iteration,       658.3896337053
Predicted improvement:        0.019338293
lambda =          1; f =          658.3567264
lambda =     1.9332; f =          658.3364325
lambda =     3.7372; f =          658.3256457
Norm of dx  0.0067869
----
Improvement on iteration 109 =        0.063988050
-----------------
f at the beginning of new iteration,       658.3256456553
Predicted improvement:        0.032239189
lambda =          1; f =          658.2673387
lambda =     1.9332; f =          658.2241069
lambda =     3.7372; f =          658.1715581
Norm of dx  0.0094523
----
Improvement on iteration 110 =        0.154087536
-----------------
f at the beginning of new iteration,       658.1715581195
Predicted improvement:        0.109934784
lambda =          1; f =          657.9948180
lambda =     1.9332; f =          657.9117184
Norm of dx   0.038016
----
Improvement on iteration 111 =        0.259839714
-----------------
f at the beginning of new iteration,       657.9117184059
Predicted improvement:        0.119211384
lambda =          1; f =          657.7466539
Norm of dx   0.036475
----
Improvement on iteration 112 =        0.165064540
-----------------
f at the beginning of new iteration,       657.7466538657
Predicted improvement:        0.057534260
lambda =          1; f =          657.6738823
Norm of dx   0.024467
----
Improvement on iteration 113 =        0.072771607
-----------------
f at the beginning of new iteration,       657.6738822592
Predicted improvement:        0.024420056
lambda =          1; f =          657.6339143
lambda =     1.9332; f =          657.6126318
Norm of dx   0.011121
----
Improvement on iteration 114 =        0.061250462
-----------------
f at the beginning of new iteration,       657.6126317970
Predicted improvement:        0.034151100
lambda =          1; f =          657.5613836
lambda =     1.9332; f =          657.5456518
Norm of dx   0.013772
----
Improvement on iteration 115 =        0.066979973
-----------------
f at the beginning of new iteration,       657.5456518242
Predicted improvement:        0.012076130
lambda =          1; f =          657.5296190
Norm of dx  0.0077366
----
Improvement on iteration 116 =        0.016032826
-----------------
f at the beginning of new iteration,       657.5296189986
Predicted improvement:        0.004540426
lambda =          1; f =          657.5233120
Norm of dx  0.0033463
----
Improvement on iteration 117 =        0.006307028
-----------------
f at the beginning of new iteration,       657.5233119706
Predicted improvement:        0.003837190
lambda =          1; f =          657.5172255
lambda =     1.9332; f =          657.5143946
Norm of dx  0.0025031
----
Improvement on iteration 118 =        0.008917330
-----------------
f at the beginning of new iteration,       657.5143946401
Predicted improvement:        0.004296284
lambda =          1; f =          657.5070633
lambda =     1.9332; f =          657.5024814
lambda =     3.7372; f =          657.4997544
Norm of dx  0.0034736
----
Improvement on iteration 119 =        0.014640277
-----------------
f at the beginning of new iteration,       657.4997543633
Predicted improvement:        0.005323463
lambda =          1; f =          657.4901623
lambda =     1.9332; f =          657.4831401
lambda =     3.7372; f =          657.4748660
Norm of dx  0.0023854
----
Improvement on iteration 120 =        0.024888347
-----------------
f at the beginning of new iteration,       657.4748660160
Predicted improvement:        0.016681190
lambda =          1; f =          657.4453538
lambda =     1.9332; f =          657.4247459
lambda =     3.7372; f =          657.4037878
Norm of dx   0.010821
----
Improvement on iteration 121 =        0.071078250
-----------------
f at the beginning of new iteration,       657.4037877664
Predicted improvement:        0.028560972
lambda =          1; f =          657.3630643
lambda =     1.9332; f =          657.3548288
Norm of dx    0.01808
----
Improvement on iteration 122 =        0.048959001
-----------------
f at the beginning of new iteration,       657.3548287657
Predicted improvement:        0.003697834
lambda =          1; f =          657.3503271
Norm of dx  0.0069147
----
Improvement on iteration 123 =        0.004501657
-----------------
f at the beginning of new iteration,       657.3503271086
Predicted improvement:        0.001206335
lambda =          1; f =          657.3482272
lambda =     1.9332; f =          657.3468192
lambda =     3.7372; f =          657.3455982
Norm of dx  0.0019831
----
Improvement on iteration 124 =        0.004728879
-----------------
f at the beginning of new iteration,       657.3455982291
Predicted improvement:        0.003318156
lambda =          1; f =          657.3391300
lambda =     1.9332; f =          657.3333853
lambda =     3.7372; f =          657.3230755
lambda =     7.2247; f =          657.3061082
lambda =     13.967; f =          657.2843133
Norm of dx  0.0035871
----
Improvement on iteration 125 =        0.061284974
-----------------
f at the beginning of new iteration,       657.2843132548
Predicted improvement:        0.033394012
lambda =          1; f =          657.2380895
Norm of dx   0.036753
----
Improvement on iteration 126 =        0.046223728
-----------------
f at the beginning of new iteration,       657.2380895271
Predicted improvement:        0.015025078
lambda =          1; f =          657.2205897
Norm of dx   0.023233
----
Improvement on iteration 127 =        0.017499832
-----------------
f at the beginning of new iteration,       657.2205896947
Predicted improvement:        0.003567736
lambda =          1; f =          657.2148009
lambda =     1.9332; f =          657.2117982
Norm of dx  0.0052335
----
Improvement on iteration 128 =        0.008791488
-----------------
f at the beginning of new iteration,       657.2117982070
Predicted improvement:        0.006117244
lambda =          1; f =          657.2008287
lambda =     1.9332; f =          657.1928490
lambda =     3.7372; f =          657.1834651
Norm of dx  0.0063273
----
Improvement on iteration 129 =        0.028333133
-----------------
f at the beginning of new iteration,       657.1834650736
Predicted improvement:        0.022826995
lambda =          1; f =          657.1425489
lambda =     1.9332; f =          657.1126250
lambda =     3.7372; f =          657.0760642
Norm of dx   0.024211
----
Improvement on iteration 130 =        0.107400908
-----------------
f at the beginning of new iteration,       657.0760641660
Predicted improvement:        0.047672681
lambda =          1; f =          657.0092640
lambda =     1.9332; f =          656.9988544
Norm of dx   0.072197
----
Improvement on iteration 131 =        0.077209761
-----------------
f at the beginning of new iteration,       656.9988544055
Predicted improvement:        0.015407772
lambda =          1; f =          656.9779226
Norm of dx   0.034471
----
Improvement on iteration 132 =        0.020931785
-----------------
f at the beginning of new iteration,       656.9779226201
Predicted improvement:        0.013057539
lambda =          1; f =          656.9625937
Norm of dx   0.030089
----
Improvement on iteration 133 =        0.015328899
-----------------
f at the beginning of new iteration,       656.9625937208
Predicted improvement:        0.005228177
lambda =          1; f =          656.9546166
lambda =     1.9332; f =          656.9517677
Norm of dx  0.0093005
----
Improvement on iteration 134 =        0.010826054
-----------------
f at the beginning of new iteration,       656.9517676666
Predicted improvement:        0.005663290
lambda =          1; f =          656.9416294
lambda =     1.9332; f =          656.9343240
lambda =     3.7372; f =          656.9261302
Norm of dx   0.014371
----
Improvement on iteration 135 =        0.025637458
-----------------
f at the beginning of new iteration,       656.9261302090
Predicted improvement:        0.016900058
lambda =          1; f =          656.8958494
lambda =     1.9332; f =          656.8739268
lambda =     3.7372; f =          656.8487767
Norm of dx     0.0204
----
Improvement on iteration 136 =        0.077353523
-----------------
f at the beginning of new iteration,       656.8487766863
Predicted improvement:        0.033331612
lambda =          1; f =          656.8018362
lambda =     1.9332; f =          656.7931946
Norm of dx   0.026411
----
Improvement on iteration 137 =        0.055582110
-----------------
f at the beginning of new iteration,       656.7931945767
Predicted improvement:        0.004504922
lambda =          1; f =          656.7876877
Norm of dx   0.020019
----
Improvement on iteration 138 =        0.005506891
-----------------
f at the beginning of new iteration,       656.7876876859
Predicted improvement:        0.000894665
lambda =          1; f =          656.7862872
lambda =     1.9332; f =          656.7856826
Norm of dx  0.0047639
----
Improvement on iteration 139 =        0.002005112
-----------------
f at the beginning of new iteration,       656.7856825739
Predicted improvement:        0.001178321
lambda =          1; f =          656.7834247
lambda =     1.9332; f =          656.7814951
lambda =     3.7372; f =          656.7782512
lambda =     7.2247; f =          656.7738034
Norm of dx   0.001562
----
Improvement on iteration 140 =        0.011879212
-----------------
f at the beginning of new iteration,       656.7738033621
Predicted improvement:        0.011669943
lambda =          1; f =          656.7551730
lambda =     1.9332; f =          656.7462516
Norm of dx   0.018895
----
Improvement on iteration 141 =        0.027551794
-----------------
f at the beginning of new iteration,       656.7462515682
Predicted improvement:        0.008624043
lambda =          1; f =          656.7345472
Norm of dx   0.017316
----
Improvement on iteration 142 =        0.011704331
-----------------
f at the beginning of new iteration,       656.7345472376
Predicted improvement:        0.002644476
lambda =          1; f =          656.7315020
Norm of dx  0.0077221
----
Improvement on iteration 143 =        0.003045264
-----------------
f at the beginning of new iteration,       656.7315019736
Predicted improvement:        0.000455128
lambda =          1; f =          656.7306865
lambda =     1.9332; f =          656.7300943
lambda =     3.7372; f =          656.7294088
Norm of dx  0.0016331
----
Improvement on iteration 144 =        0.002093185
-----------------
f at the beginning of new iteration,       656.7294087891
Predicted improvement:        0.001777397
lambda =          1; f =          656.7260226
lambda =     1.9332; f =          656.7231675
lambda =     3.7372; f =          656.7184729
lambda =     7.2247; f =          656.7124413
Norm of dx  0.0029837
----
Improvement on iteration 145 =        0.016967508
-----------------
f at the beginning of new iteration,       656.7124412812
Predicted improvement:        0.014804864
lambda =          1; f =          656.6877497
lambda =     1.9332; f =          656.6738880
Norm of dx   0.021558
----
Improvement on iteration 146 =        0.038553331
-----------------
f at the beginning of new iteration,       656.6738879506
Predicted improvement:        0.015012495
lambda =          1; f =          656.6559315
Norm of dx   0.034194
----
Improvement on iteration 147 =        0.017956426
-----------------
f at the beginning of new iteration,       656.6559315248
Predicted improvement:        0.003327929
lambda =          1; f =          656.6527792
Norm of dx  0.0065201
----
Improvement on iteration 148 =        0.003152296
-----------------
f at the beginning of new iteration,       656.6527792286
Predicted improvement:        0.000877846
lambda =          1; f =          656.6520943
Norm of dx  0.0085318
----
Improvement on iteration 149 =        0.000684882
-----------------
f at the beginning of new iteration,       656.6520943465
Predicted improvement:        0.000138668
lambda =          1; f =          656.6518983
lambda =     1.9332; f =          656.6518587
Norm of dx  0.0014574
----
Improvement on iteration 150 =        0.000235613
-----------------
f at the beginning of new iteration,       656.6518587331
Predicted improvement:        0.000086478
lambda =          1; f =          656.6516987
lambda =     1.9332; f =          656.6515723
lambda =     3.7372; f =          656.6513909
lambda =     7.2247; f =          656.6512757
Norm of dx 0.00055623
----
Improvement on iteration 151 =        0.000583047
-----------------
f at the beginning of new iteration,       656.6512756860
Predicted improvement:        0.000508512
lambda =          1; f =          656.6503456
lambda =     1.9332; f =          656.6496301
lambda =     3.7372; f =          656.6486646
Norm of dx  0.0019849
----
Improvement on iteration 152 =        0.002611091
-----------------
f at the beginning of new iteration,       656.6486645948
Predicted improvement:        0.001903835
lambda =          1; f =          656.6461876
Norm of dx  0.0050863
----
Improvement on iteration 153 =        0.002476994
-----------------
f at the beginning of new iteration,       656.6461876010
Predicted improvement:        0.000480802
lambda =          1; f =          656.6456338
Norm of dx  0.0029145
----
Improvement on iteration 154 =        0.000553845
-----------------
f at the beginning of new iteration,       656.6456337557
Predicted improvement:        0.000064540
lambda =          1; f =          656.6455273
lambda =     1.9332; f =          656.6454703
Norm of dx 0.00061144
----
Improvement on iteration 155 =        0.000163427
-----------------
f at the beginning of new iteration,       656.6454703283
Predicted improvement:        0.000119138
lambda =          1; f =          656.6452496
lambda =     1.9332; f =          656.6450769
lambda =     3.7372; f =          656.6448339
lambda =     7.2247; f =          656.6447030
Norm of dx  0.0004739
----
Improvement on iteration 156 =        0.000767350
-----------------
f at the beginning of new iteration,       656.6447029786
Predicted improvement:        0.000648625
lambda =          1; f =          656.6434305
lambda =     1.9332; f =          656.6422889
lambda =     3.7372; f =          656.6402077
lambda =     7.2247; f =          656.6366535
lambda =     13.967; f =          656.6315346
lambda =         27; f =          656.6281784
Norm of dx  0.0017805
----
Improvement on iteration 157 =        0.016524541
-----------------
f at the beginning of new iteration,       656.6281784377
Predicted improvement:        0.010684713
lambda =          1; f =          656.6111342
lambda =     1.9332; f =          656.6028958
Norm of dx   0.026528
----
Improvement on iteration 158 =        0.025282654
-----------------
f at the beginning of new iteration,       656.6028957842
Predicted improvement:        0.003613158
lambda =          1; f =          656.5990292
Norm of dx    0.02476
----
Improvement on iteration 159 =        0.003866567
-----------------
f at the beginning of new iteration,       656.5990292175
Predicted improvement:        0.000163100
lambda =          1; f =          656.5988440
Norm of dx  0.0021232
----
Improvement on iteration 160 =        0.000185239
-----------------
f at the beginning of new iteration,       656.5988439782
Correct for low angle: 0.00350162
Predicted improvement:        0.000030455
lambda =          1; f =          656.5987925
lambda =     1.9332; f =          656.5987614
lambda =     3.7372; f =          656.5987477
Norm of dx  0.0006225
----
Improvement on iteration 161 =        0.000096230
-----------------
f at the beginning of new iteration,       656.5987477482
Predicted improvement:        0.000061847
lambda =          1; f =          656.5986277
lambda =     1.9332; f =          656.5985213
lambda =     3.7372; f =          656.5983312
lambda =     7.2247; f =          656.5980220
lambda =     13.967; f =          656.5976421
Norm of dx 0.00031365
----
Improvement on iteration 162 =        0.001105621
-----------------
f at the beginning of new iteration,       656.5976421273
Predicted improvement:        0.001197860
lambda =          1; f =          656.5954454
lambda =     1.9332; f =          656.5937522
lambda =     3.7372; f =          656.5914562
Norm of dx  0.0042604
----
Improvement on iteration 163 =        0.006185882
-----------------
f at the beginning of new iteration,       656.5914562454
Predicted improvement:        0.004304071
lambda =          1; f =          656.5855417
Norm of dx   0.017934
----
Improvement on iteration 164 =        0.005914509
-----------------
f at the beginning of new iteration,       656.5855417365
Predicted improvement:        0.001559172
lambda =          1; f =          656.5838451
Norm of dx  0.0097815
----
Improvement on iteration 165 =        0.001696647
-----------------
f at the beginning of new iteration,       656.5838450898
Predicted improvement:        0.000044166
lambda =          1; f =          656.5837909
Norm of dx   0.000901
----
Improvement on iteration 166 =        0.000054217
-----------------
f at the beginning of new iteration,       656.5837908732
Predicted improvement:        0.000013102
lambda =          1; f =          656.5837685
lambda =     1.9332; f =          656.5837547
lambda =     3.7372; f =          656.5837474
Norm of dx 0.00037094
----
Improvement on iteration 167 =        0.000043460
-----------------
f at the beginning of new iteration,       656.5837474131
Predicted improvement:        0.000031061
lambda =          1; f =          656.5836863
lambda =     1.9332; f =          656.5836306
lambda =     3.7372; f =          656.5835267
lambda =     7.2247; f =          656.5833397
lambda =     13.967; f =          656.5830304
lambda =         27; f =          656.5826282
Norm of dx 0.00014077
----
Improvement on iteration 168 =        0.001119252
-----------------
f at the beginning of new iteration,       656.5826281615
Predicted improvement:        0.001335839
lambda =          1; f =          656.5801823
lambda =     1.9332; f =          656.5783020
lambda =     3.7372; f =          656.5757690
Norm of dx  0.0061822
----
Improvement on iteration 169 =        0.006859183
-----------------
f at the beginning of new iteration,       656.5757689784
Predicted improvement:        0.005647510
lambda =          1; f =          656.5670801
lambda =     1.9332; f =          656.5634853
Norm of dx   0.031608
----
Improvement on iteration 170 =        0.012283696
-----------------
f at the beginning of new iteration,       656.5634852827
Predicted improvement:        0.001998787
lambda =          1; f =          656.5610095
Norm of dx   0.011961
----
Improvement on iteration 171 =        0.002475750
-----------------
f at the beginning of new iteration,       656.5610095328
Predicted improvement:        0.000169600
lambda =          1; f =          656.5608336
Norm of dx  0.0023917
----
Improvement on iteration 172 =        0.000175931
-----------------
f at the beginning of new iteration,       656.5608336013
Correct for low angle: 0.00294234
Predicted improvement:        0.000000954
lambda =          1; f =          656.5608319
lambda =     1.9332; f =          656.5608311
Norm of dx 0.00032991
----
Improvement on iteration 173 =        0.000002539
-----------------
f at the beginning of new iteration,       656.5608310626
Predicted improvement:        0.000000488
lambda =          1; f =          656.5608301
lambda =     1.9332; f =          656.5608293
lambda =     3.7372; f =          656.5608280
lambda =     7.2247; f =          656.5608263
Norm of dx 0.00013055
----
Improvement on iteration 174 =        0.000004745
-----------------
f at the beginning of new iteration,       656.5608263174
Predicted improvement:        0.000004702
lambda =          1; f =          656.5608173
lambda =     1.9332; f =          656.5608096
lambda =     3.7372; f =          656.5607968
lambda =     7.2247; f =          656.5607799
Norm of dx 0.00054009
----
Improvement on iteration 175 =        0.000046461
-----------------
f at the beginning of new iteration,       656.5607798561
Predicted improvement:        0.000049863
lambda =          1; f =          656.5606917
lambda =     1.9332; f =          656.5606303
lambda =     3.7372; f =          656.5605687
Norm of dx  0.0034743
----
Improvement on iteration 176 =        0.000211152
-----------------
f at the beginning of new iteration,       656.5605687039
Predicted improvement:        0.000088753
lambda =          1; f =          656.5604369
lambda =     1.9332; f =          656.5603935
Norm of dx  0.0020027
----
Improvement on iteration 177 =        0.000175161
-----------------
f at the beginning of new iteration,       656.5603935434
Predicted improvement:        0.000003837
lambda =          1; f =          656.5603896
Norm of dx  0.0017059
----
Improvement on iteration 178 =        0.000003907
-----------------
f at the beginning of new iteration,       656.5603896359
Correct for low angle: 0.00458749
Predicted improvement:        0.000000133
lambda =          1; f =          656.5603894
lambda =     1.9332; f =          656.5603893
Norm of dx 0.00012441
----
Improvement on iteration 179 =        0.000000349
-----------------
f at the beginning of new iteration,       656.5603892873
Predicted improvement:        0.000001106
lambda =          1; f =          656.5603877
Norm of dx 0.00057473
----
Improvement on iteration 180 =        0.000001546
-----------------
f at the beginning of new iteration,       656.5603877409
Predicted improvement:        0.000002611
lambda =          1; f =          656.5603838
lambda =     1.9332; f =          656.5603818
Norm of dx 0.00063624
----
Improvement on iteration 181 =        0.000005900
-----------------
f at the beginning of new iteration,       656.5603818412
Predicted improvement:        0.000005019
lambda =          1; f =          656.5603732
lambda =     1.9332; f =          656.5603669
lambda =     3.7372; f =          656.5603596
Norm of dx 0.00037092
----
Improvement on iteration 182 =        0.000022288
-----------------
f at the beginning of new iteration,       656.5603595537
Predicted improvement:        0.000016149
lambda =          1; f =          656.5603340
lambda =     1.9332; f =          656.5603216
Norm of dx  0.0020129
----
Improvement on iteration 183 =        0.000037909
-----------------
f at the beginning of new iteration,       656.5603216443
Predicted improvement:        0.000007424
lambda =          1; f =          656.5603128
Norm of dx  0.0024583
----
Improvement on iteration 184 =        0.000008818
-----------------
f at the beginning of new iteration,       656.5603128265
Predicted improvement:        0.000000228
lambda =          1; f =          656.5603124
lambda =     1.9332; f =          656.5603125
Norm of dx 0.00030319
----
Improvement on iteration 185 =        0.000000399
-----------------
f at the beginning of new iteration,       656.5603124273
Predicted improvement:        0.000000002
lambda =          1; f =          656.5603124
lambda =     1.9332; f =          656.5603124
lambda =     3.7372; f =          656.5603124
lambda =     7.2247; f =          656.5603124
lambda =     13.967; f =          656.5603124
lambda =     9.4043; f =          656.5603124
lambda =     11.923; f =          656.5603124
lambda =     15.116; f =          656.5603124
lambda =      13.11; f =          656.5603124
Norm of dx 2.3202e-05
----
Improvement on iteration 186 =        0.000000047
improvement < crit termination
warning: possible inaccuracy in H matrix

Final value of minus the log posterior (or likelihood):656.560312 

MODE CHECK

Fval obtained by the minimization routine (minus the posterior/likelihood)): 656.560312

RESULTS FROM POSTERIOR ESTIMATION
parameters
         prior mean     mode    s.d. prior pstdev

psi1         1.500   1.0918  0.0525 norm  0.2500 
rho_r        0.750   0.6231  0.0449 beta  0.1000 
psi2         0.120   0.0023  0.0027 norm  0.0500 
psi3         0.120   0.2110  0.0340 norm  0.0500 
zeta_p       0.500   0.6546  0.0635 beta  0.1000 
zeta_w       0.500   0.8167  0.0382 beta  0.1000 
iota_w       0.500   0.2178  0.0692 beta  0.1500 
iota_p       0.500   0.2417  0.0910 beta  0.1500 
zeta_spb     0.050   0.0531  0.0040 beta  0.0050 
sprd_aux     2.000   1.8292  0.0827 gamm  0.1000 
alp          0.300   0.1131  0.0119 norm  0.0500 
Bigphi       1.250   1.3534  0.0730 norm  0.1200 
h            0.700   0.7008  0.0395 beta  0.1000 
nu_l         2.000   2.9768  0.5874 norm  0.7500 
rstar_aux    0.250   0.3094  0.0787 gamm  0.1000 
pistar_aux   0.750   0.9860  0.2618 gamm  0.4000 
zstar_aux    0.400   0.8341  0.0315 norm  0.1000 
s2           4.000   4.3482  0.9007 norm  1.5000 
sigmac       1.500   0.4981  0.0504 norm  0.3700 
ppsi         0.500   0.0941  0.0365 beta  0.1500 
Lmean      -45.000 -44.8965  2.9654 norm  5.0000 
rho_z        0.500   0.9810  0.0134 beta  0.2000 
rho_b        0.500   0.9682  0.0049 beta  0.2000 
rho_g        0.500   0.8244  0.0503 beta  0.2000 
rho_mu       0.500   0.8245  0.0525 beta  0.2000 
rho_rm       0.500   0.2465  0.0793 beta  0.2000 
rho_laf      0.500   0.9972  0.0015 beta  0.2000 
rho_law      0.500   0.9293  0.0192 beta  0.2000 
eta_laf      0.500   0.6765  0.1589 beta  0.2000 
eta_law      0.500   0.4738  0.1806 beta  0.2000 
eta_gz       0.500   0.5544  0.2346 beta  0.2000 
rho_sigw     0.750   0.9870  0.0170 beta  0.1500 

standard deviation of shocks
         prior mean     mode    s.d. prior pstdev

z_sh         0.100   0.4987  0.0329 invg  2.0000 
g_sh         0.100   2.7198  0.1634 invg  2.0000 
b_sh         0.100   0.0236  0.0031 invg  2.0000 
mu_sh        0.100   0.4052  0.0389 invg  2.0000 
laf_sh       0.100   0.1260  0.0171 invg  2.0000 
law_sh       0.100   0.1251  0.0195 invg  2.0000 
sigw_sh      0.050   0.0530  0.0034 invg  4.0000 
rm_sh        0.100   0.2715  0.0180 invg  2.0000 


Log data density [Laplace approximation] is -756.456832.

Estimation::mcmc: One Chain mode.
Estimation::mcmc: Initialization at the posterior mode.

Estimation::mcmc: Write details about the MCMC... Ok!
Estimation::mcmc: Details about the MCMC are available in DNGS15/metropolis\DNGS15_mh_history_0.mat


Estimation::mcmc: Number of mh files: 2 per block.
Estimation::mcmc: Total number of generated files: 2.
Estimation::mcmc: Total number of iterations: 500000.
Estimation::mcmc: Current acceptance ratio per chain: 
                                                       Chain  1: 28.5344%
Estimation::mcmc: Total number of MH draws per chain: 500000.
Estimation::mcmc: Total number of generated MH files: 2.
Estimation::mcmc: I'll use mh-files 1 to 2.
Estimation::mcmc: In MH-file number 1 I'll start at line 200001.
Estimation::mcmc: Finally I keep 300000 draws per chain.



MCMC Inefficiency factors per block
Parameter        Block 1
SE_z_sh          152.503
SE_g_sh          181.615
SE_b_sh          194.126
SE_mu_sh         187.502
SE_laf_sh        231.970
SE_law_sh        196.227
SE_sigw_sh       176.496
SE_rm_sh         191.874
psi1             223.788
rho_r            172.210
psi2             401.799
psi3             158.582
zeta_p           203.607
zeta_w           194.601
iota_w           196.696
iota_p           171.748
zeta_spb         157.291
sprd_aux         176.675
alp              191.283
Bigphi           162.211
h                203.574
nu_l             170.253
rstar_aux        167.533
pistar_aux       179.868
zstar_aux        170.352
s2               179.524
sigmac           225.226
ppsi             187.212
Lmean            163.878
rho_z            139.346
rho_b            249.323
rho_g            162.401
rho_mu           188.355
rho_rm           135.924
rho_laf          395.951
rho_law          158.632
eta_laf          279.629
eta_law          152.552
eta_gz           103.729
rho_sigw         248.321


Geweke (1992) Convergence Tests, based on means of draws 200000 to 260000 vs 350000 to 500000.
p-values are for Chi2-test for equality of means.
Parameter          Post. Mean        Post. Std   p-val No Taper   p-val 4% Taper   p-val 8% Taper  p-val 15% Taper
SE_z_sh                 0.507            0.034            0.000            0.409            0.449            0.467
SE_g_sh                 2.770            0.172            0.000            0.346            0.356            0.317
SE_b_sh                 0.025            0.003            0.000            0.492            0.510            0.488
SE_mu_sh                0.415            0.041            0.852            0.990            0.990            0.989
SE_laf_sh               0.126            0.019            0.000            0.746            0.732            0.743
SE_law_sh               0.131            0.020            0.000            0.798            0.814            0.811
SE_sigw_sh              0.055            0.004            0.000            0.364            0.337            0.344
SE_rm_sh                0.279            0.019            0.000            0.803            0.784            0.731
psi1                    1.131            0.054            0.756            0.984            0.982            0.982
rho_r                   0.616            0.046            0.000            0.256            0.283            0.281
psi2                    0.005            0.004            0.000            0.378            0.416            0.455
psi3                    0.214            0.034            0.000            0.326            0.316            0.295
zeta_p                  0.627            0.060            0.000            0.386            0.346            0.305
zeta_w                  0.796            0.040            0.000            0.239            0.227            0.187
iota_w                  0.248            0.069            0.000            0.449            0.463            0.465
iota_p                  0.244            0.086            0.000            0.292            0.246            0.183
zeta_spb                0.054            0.004            0.000            0.569            0.542            0.489
sprd_aux                1.816            0.085            0.000            0.625            0.603            0.593
alp                     0.115            0.013            0.921            0.994            0.994            0.994
Bigphi                  1.362            0.074            0.000            0.206            0.179            0.138
h                       0.683            0.043            0.000            0.284            0.298            0.263
nu_l                    2.913            0.591            0.000            0.400            0.383            0.323
rstar_aux               0.303            0.081            0.000            0.148            0.117            0.052
pistar_aux              0.981            0.267            0.000            0.344            0.311            0.326
zstar_aux               0.827            0.032            0.000            0.410            0.407            0.442
s2                      4.363            0.899            0.000            0.007            0.005            0.002
sigmac                  0.523            0.057            0.000            0.796            0.799            0.801
ppsi                    0.101            0.037            0.000            0.714            0.716            0.723
Lmean                 -44.662            2.941            0.000            0.705            0.723            0.730
rho_z                   0.978            0.012            0.000            0.781            0.785            0.807
rho_b                   0.971            0.006            0.000            0.652            0.640            0.632
rho_g                   0.837            0.050            0.000            0.690            0.655            0.621
rho_mu                  0.830            0.051            0.000            0.109            0.095            0.055
rho_rm                  0.246            0.074            0.000            0.451            0.469            0.451
rho_laf                 0.996            0.003            0.000            0.047            0.068            0.103
rho_law                 0.927            0.019            0.000            0.728            0.734            0.733
eta_laf                 0.574            0.155            0.102            0.929            0.920            0.914
eta_law                 0.402            0.147            0.000            0.438            0.390            0.318
eta_gz                  0.535            0.187            0.000            0.295            0.298            0.247
rho_sigw                0.975            0.019            0.000            0.582            0.591            0.595


Estimation::marginal density: I'm computing the posterior mean and covariance...  Done!
Estimation::marginal density: I'm computing the posterior log marginal density (modified harmonic mean)... Done!


ESTIMATION RESULTS

Log data density is -756.095355.

parameters
             prior mean   post. mean        90% HPD interval    prior       pstdev

psi1              1.500       1.1300      1.0398      1.2155   norm        0.2500
rho_r             0.750       0.6164      0.5436      0.6915   beta        0.1000
psi2              0.120       0.0051     -0.0011      0.0119   norm        0.0500
psi3              0.120       0.2147      0.1596      0.2691   norm        0.0500
zeta_p            0.500       0.6279      0.5286      0.7259   beta        0.1000
zeta_w            0.500       0.7968      0.7331      0.8604   beta        0.1000
iota_w            0.500       0.2481      0.1379      0.3583   beta        0.1500
iota_p            0.500       0.2452      0.1037      0.3862   beta        0.1500
zeta_spb          0.050       0.0538      0.0471      0.0605   beta        0.0050
sprd_aux          2.000       1.8166      1.6769      1.9542   gamm        0.1000
alp               0.300       0.1145      0.0938      0.1361   norm        0.0500
Bigphi            1.250       1.3605      1.2393      1.4799   norm        0.1200
h                 0.700       0.6832      0.6135      0.7532   beta        0.1000
nu_l              2.000       2.9184      1.9136      3.8870   norm        0.7500
rstar_aux         0.250       0.3039      0.1700      0.4336   gamm        0.1000
pistar_aux        0.750       0.9798      0.5529      1.4296   gamm        0.4000
zstar_aux         0.400       0.8271      0.7767      0.8792   norm        0.1000
s2                4.000       4.3732      2.9087      5.8050   norm        1.5000
sigmac            1.500       0.5228      0.4330      0.6119   norm        0.3700
ppsi              0.500       0.1011      0.0426      0.1576   beta        0.1500
Lmean           -45.000     -44.6613    -49.5078    -39.8097   norm        5.0000
rho_z             0.500       0.9776      0.9600      0.9964   beta        0.2000
rho_b             0.500       0.9705      0.9616      0.9794   beta        0.2000
rho_g             0.500       0.8382      0.7558      0.9185   beta        0.2000
rho_mu            0.500       0.8288      0.7480      0.9150   beta        0.2000
rho_rm            0.500       0.2458      0.1213      0.3685   beta        0.2000
rho_laf           0.500       0.9959      0.9924      0.9995   beta        0.2000
rho_law           0.500       0.9267      0.8978      0.9573   beta        0.2000
eta_laf           0.500       0.5802      0.3419      0.8254   beta        0.2000
eta_law           0.500       0.4021      0.1560      0.6432   beta        0.2000
eta_gz            0.500       0.5363      0.2285      0.8380   beta        0.2000
rho_sigw          0.750       0.9750      0.9497      0.9994   beta        0.1500

standard deviation of shocks
             prior mean   post. mean        90% HPD interval    prior       pstdev

z_sh              0.100       0.5065      0.4522      0.5599   invg        2.0000
g_sh              0.100       2.7646      2.4855      3.0426   invg        2.0000
b_sh              0.100       0.0248      0.0196      0.0302   invg        2.0000
mu_sh             0.100       0.4152      0.3479      0.4773   invg        2.0000
laf_sh            0.100       0.1268      0.0963      0.1572   invg        2.0000
law_sh            0.100       0.1313      0.0997      0.1640   invg        2.0000
sigw_sh           0.050       0.0552      0.0492      0.0611   invg        4.0000
rm_sh             0.100       0.2790      0.2473      0.3100   invg        2.0000
Estimation::mcmc: Posterior (dsge) IRFs...
Estimation::mcmc: Posterior IRFs, done!
Estimation::mcmc: Smoothed variables
Estimation::mcmc: Smoothed variables, done!
Estimation::mcmc: Smoothed shocks
Estimation::mcmc: Smoothed shocks, done!
Estimation::mcmc: Trend_coefficients
Estimation::mcmc: Trend_coefficients, done!
Estimation::mcmc: Smoothed constant
Estimation::mcmc: Smoothed constant, done!
Estimation::mcmc: Smoothed trend
Estimation::mcmc: Smoothed trend, done!
Estimation::mcmc: Updated Variables
Estimation::mcmc: Updated Variables, done!
Estimation::mcmc: Forecasted variables (mean)
Estimation::mcmc: Forecasted variables (mean), done!
Estimation::mcmc: Forecasted variables (point)
Estimation::mcmc: Forecasted variables (point), done!
Total computing time : 6h00m47s
Note: warning(s) encountered in MATLAB/Octave code
