Starting Dynare (version 4.5.7).
Starting preprocessing of the model file ...
Substitution of exo lags: added 2 auxiliary variables and equations.
Found 49 equation(s).
Evaluating expressions...done
Computing static model derivatives:
 - order 1
Computing dynamic model derivatives:
 - order 1
 - order 2
Processing outputs ...
done
Preprocessing completed.
[Warning: Some of the parameters have no value (bet, pistar, sprd, Fom, zstar, rstar, Rstarn, rkstar, omegastar, Lstar, kstar, kbarstar, istar, ystar, cstar, wl_c, zwstar, sigwstar,
omegabarstar, Gstar, Gammastar, dGdomegastar, d2Gdomega2star, dGammadomegastar, d2Gammadomega2star, dGdsigmastar, d2Gdomegadsigmastar, dGammadsigmastar, d2Gammadomegadsigmastar,
muestar, nkstar, Rhostar, wekstar, vkstar, nstar, vstar, GammamuG, GammamuGprime, zeta_bw, zeta_zw, zeta_bw_zw, zeta_bsigw, zeta_zsigw, zeta_spsigw, zeta_bmue, zeta_zmue,
zeta_spmue, Rkstar, zeta_Gw, zeta_Gsigw, zeta_nRk, zeta_nR, zeta_nqk, zeta_nn, zeta_nmue, zeta_nsigw) when using steady. If these parameters are not initialized in a steadystate
file or a steady_state_model-block, Dynare may not be able to solve the model...] 

STEADY-STATE RESULTS:

y_t                  		 0
c_t                  		 0
i_t                  		 0
k_t                  		 0
kbar_t               		 0
L_t                  		 0
mc_t                 		 0
pi_t                 		 0
R_t                  		 0
rk_t                 		 0
u_t                  		 0
w_t                  		 0
muw_t                		 0
qk_t                 		 0
Rktil_t              		 0
n_t                  		 0
z_t                  		 0
ztil_t               		 0
b_t                  		 0
g_t                  		 0
laf_t                		 0
law_t                		 0
sigw_t               		 0
mu_t                 		 0
rm_t                 		 0
gdp_rgd_obs          		 0.675032
hours_dngs15_cql_obs 		 0.467095
wage_rgd_obs         		 0.675032
gdpdef_obs           		 0.636515
ffr_obs              		 1.24246
c_rgd_obs            		 0.675032
ifi_rgd_obs          		 0.675032
baag10_obs           		 0.449254
y_ft                 		 0
c_ft                 		 0
i_ft                 		 0
k_ft                 		 0
kbar_ft              		 0
L_ft                 		 0
r_ft                 		 0
rk_ft                		 0
u_ft                 		 0
w_ft                 		 0
qk_ft                		 0
outputgap_t          		 0
r_ft_obs             		 2.42378
r_ann_t              		 2.42378

EIGENVALUES:
         Modulus             Real        Imaginary

       8.974e-18       -8.974e-18                0
       2.728e-17       -2.728e-17                0
       3.683e-17       -3.683e-17                0
       1.093e-16       -1.093e-16                0
       1.576e-16        1.576e-16                0
          0.2185           0.2185                0
          0.2654           0.2654                0
          0.3293           0.3293                0
          0.3298           0.3298                0
          0.3639           0.3639                0
          0.6151           0.6151                0
          0.7042           0.7042                0
          0.8408           0.8408                0
          0.9034           0.9002          0.07578
          0.9034           0.9002         -0.07578
          0.9077           0.9063          0.04968
          0.9077           0.9063         -0.04968
          0.9279           0.9279                0
          0.9326           0.9326                0
          0.9583           0.9583                0
          0.9729           0.9729                0
          0.9738           0.9738                0
          0.9788           0.9788                0
           1.053            1.053                0
           1.108            1.106          0.07199
           1.108            1.106         -0.07199
           1.135            1.125           0.1509
           1.135            1.125          -0.1509
           1.253            1.225           0.2632
           1.253            1.225          -0.2632
       8.717e+16       -8.717e+16                0
       2.359e+18       -2.359e+18                0
       3.913e+18        3.913e+18                0
       9.308e+18        9.308e+18                0
             Inf             -Inf                0


There are 12 eigenvalue(s) larger than 1 in modulus 
for 12 forward-looking variable(s)

The rank condition is verified.

Initial value of the log posterior (or likelihood): -1073402.4918
-----------------
f at the beginning of new iteration,   1073402.4918351928
Predicted improvement: 9147151221.280519485
lambda =          1; f =      1094833.1075158
lambda =    0.33333; f =      1075713.1084944
lambda =    0.11111; f =      1073637.1517101
lambda =   0.037037; f =      1073422.3877639
lambda =   0.012346; f =      1073403.3704786
lambda =  0.0041152; f =      1073402.5054841
lambda =  0.0013717; f =      1073402.4923095
lambda = 0.00045725; f =        65026.2951633
lambda = 0.00015242; f =       236790.6448278
Norm of dx     1352.6
----
Improvement on iteration 1 =  1008376.196671884
-----------------
f at the beginning of new iteration,     65026.2951633085
Predicted improvement: 16047825.565742699
lambda =          1; f =        65384.7944472
lambda =    0.33333; f =        65059.5541176
lambda =    0.11111; f =        65028.3175777
lambda =   0.037037; f =        65026.3110453
lambda =   0.012346; f =        65026.3205560
lambda =  0.0041152; f =        65026.2954579
lambda =  0.0013717; f =        41544.2384594
Norm of dx     56.702
----
Improvement on iteration 2 =    23482.056703947
-----------------
f at the beginning of new iteration,     41544.2384593616
Predicted improvement:  2212829.530223722
lambda =          1; f =        41740.3926101
lambda =    0.33333; f =        41563.0593759
lambda =    0.11111; f =        41545.7746253
lambda =   0.037037; f =        41544.3852168
lambda =   0.012346; f =        41544.2495464
lambda =  0.0041152; f =        41544.2386206
lambda =  0.0013717; f =        36285.2347665
lambda =  0.0026518; f =        34426.4281710
Norm of dx     22.439
----
Improvement on iteration 3 =     7117.810288329
-----------------
f at the beginning of new iteration,     34426.4281710322
Predicted improvement:  2375724.939849185
lambda =          1; f =        34665.6950828
lambda =    0.33333; f =        34448.1481476
lambda =    0.11111; f =        34427.6043251
lambda =   0.037037; f =        34426.4423977
lambda =   0.012346; f =        39813.7846469
lambda =  0.0041152; f =        24809.5674818
Norm of dx     32.433
----
Improvement on iteration 4 =     9616.860689246
-----------------
f at the beginning of new iteration,     24809.5674817867
Predicted improvement:   190619.255744091
lambda =          1; f =        24816.7430458
lambda =    0.33333; f =        24809.9005545
lambda =    0.11111; f =        24809.5675117
lambda =   0.037037; f =        18796.7008344
Norm of dx     6.6462
----
Improvement on iteration 5 =     6012.866647433
-----------------
f at the beginning of new iteration,     18796.7008343534
Predicted improvement:   106311.543413309
lambda =          1; f =        18805.1107384
lambda =    0.33333; f =        18797.1435391
lambda =    0.11111; f =        18796.7008493
lambda =   0.037037; f =        18796.7010970
lambda =   0.012346; f =        16473.9424450
lambda =   0.023866; f =        14825.0131453
lambda =   0.046138; f =        18796.7024258
lambda =   0.031067; f =        18796.7008348
lambda =   0.024504; f =        14751.5284518
lambda =   0.028254; f =        14391.8320326
lambda =   0.032577; f =        18796.7008555
lambda =   0.029909; f =        14202.5705886
lambda =   0.031482; f =        18796.7008374
lambda =   0.030529; f =        14105.4443945
lambda =   0.031098; f =        18796.7008349
lambda =   0.030755; f =        14068.8324805
Norm of dx     5.7323
Cliff.  Perturbing search direction.
Predicted improvement:   573540.084984413
lambda =          1; f =        18807.9733419
lambda =    0.33333; f =        18797.2179383
lambda =    0.11111; f =        18796.7024565
lambda =   0.037037; f =        18796.7011456
lambda =   0.012346; f =         9953.7514248
Norm of dx     10.473

badg2 =

     0

----
Improvement on iteration 6 =     8842.949409538
-----------------
f at the beginning of new iteration,      9953.7514248152
Predicted improvement:    13714.500875989
lambda =          1; f =         9953.8059628
lambda =    0.33333; f =         9953.7514250
lambda =    0.11111; f =         9953.7535771
lambda =   0.037037; f =         9048.7280209
lambda =   0.071599; f =         9953.7515932
lambda =   0.048211; f =         8877.0304088
lambda =   0.061123; f =         9953.7514418
lambda =   0.053011; f =         8770.2172398
lambda =   0.057739; f =         9953.7514264
lambda =   0.054854; f =         8708.3326000
lambda =   0.056567; f =         9953.7514249
lambda =   0.055533; f =         8684.2255544
lambda =   0.056151; f =         8663.0699975
lambda =   0.056776; f =         9953.7514250
Norm of dx     1.6608
Cliff.  Perturbing search direction.
Predicted improvement:    64024.031473778
lambda =          1; f =         9954.0828836
lambda =    0.33333; f =         9953.7514248
lambda =    0.11111; f =         9953.7605587
lambda =   0.037037; f =         9953.7514248
lambda =   0.012346; f =         8542.1193635
lambda =   0.023866; f =         7505.1888817
lambda =   0.046138; f =         9953.7515656
lambda =   0.031067; f =         7018.1963629
lambda =   0.039387; f =         9953.7514349
lambda =    0.03416; f =         6814.2641801
lambda =   0.037207; f =         9953.7514249
lambda =   0.035348; f =         6720.6672926
lambda =   0.036452; f =         6628.9138164
lambda =    0.03759; f =         9953.7514255
lambda =   0.036903; f =         6593.0089121
lambda =   0.037314; f =         9953.7514251
Norm of dx     3.2735
Cliff again.  Try traversing
Predicted improvement: 466044952.762393475
lambda =          1; f =     75764945.7035463
lambda =    0.33333; f =      8424021.1198087
lambda =    0.11111; f =       943831.8141862
lambda =   0.037037; f =       113379.5702150
lambda =   0.012346; f =        21333.7323620
lambda =  0.0041152; f =        11181.8771316
lambda =  0.0013717; f =        10078.8289152
lambda = 0.00045725; f =         9964.4854558
lambda = 0.00015242; f =         9954.3345498
lambda = 5.0805e-05; f =         9954.0489275
lambda = 1.6935e-05; f =         4485.7938457
Norm of dx      30530
----
Improvement on iteration 7 =     5467.957579069
-----------------
f at the beginning of new iteration,      4485.7938457467
Predicted improvement:     3739.768363418
lambda =          1; f =         4485.7991605
lambda =    0.33333; f =         4485.8001808
lambda =    0.11111; f =         3830.4487911
lambda =     0.2148; f =         4485.7950375
lambda =    0.14463; f =         4485.7939072
lambda =    0.11408; f =         3811.8154652
lambda =    0.13154; f =         4485.7938539
lambda =    0.12077; f =         3762.1095187
lambda =    0.12712; f =         4485.7938471
lambda =    0.12327; f =         3744.6675230
lambda =    0.12556; f =         4485.7938461
lambda =    0.12418; f =         4485.7938458
Norm of dx    0.87842
Cliff.  Perturbing search direction.
Predicted improvement:     6240.152652054
lambda =          1; f =         4485.7939058
lambda =    0.33333; f =         4485.8142346
lambda =    0.11111; f =         4485.7941069
lambda =   0.037037; f =         4061.9164116
lambda =   0.071599; f =         3761.4904197
lambda =    0.13841; f =         4485.7948519
lambda =     0.0932; f =         4485.7938812
lambda =   0.073512; f =         3744.8833249
lambda =   0.084761; f =         4485.7938471
lambda =    0.07782; f =         3698.0397154
lambda =   0.081913; f =         3649.1647536
lambda =   0.086221; f =         4485.7938497
lambda =    0.08361; f =         4485.7938460
lambda =   0.082081; f =         3647.3969917
lambda =   0.082995; f =         4485.7938458
Norm of dx     1.1856
Cliff again.  Try traversing
Predicted improvement:  4695877.481354287
lambda =          1; f =      1071196.7806740
lambda =    0.33333; f =       122322.9103923
lambda =    0.11111; f =        17353.5750430
lambda =   0.037037; f =         5843.2180477
lambda =   0.012346; f =         4614.7289679
lambda =  0.0041152; f =         4494.7803299
lambda =  0.0013717; f =         4485.9937877
lambda = 0.00045725; f =         4485.8544616
lambda = 0.00015242; f =         4491.9011402
lambda = 5.0805e-05; f =         4210.8947826
Norm of dx     3064.6
----
Improvement on iteration 8 =      838.396854022
back and forth on step length never finished
-----------------
f at the beginning of new iteration,      3647.3969917246
Predicted improvement:     3739.768363418
lambda =          1; f =         3647.4069238
lambda =    0.33333; f =         3647.4129600
lambda =    0.11111; f =         3647.3987447
lambda =   0.037037; f =         3647.3971795
lambda =   0.012346; f =         3647.3970103
lambda =  0.0041152; f =         3647.3969931
lambda =  0.0013717; f =         3647.3969917
lambda = 0.00045725; f =         3644.7343532
Norm of dx    0.87842
----
Improvement on iteration 9 =        2.662638521
-----------------
f at the beginning of new iteration,      3644.7343532034
Predicted improvement:     2236.816006130
lambda =          1; f =         3644.7378204
lambda =    0.33333; f =         3644.7547990
lambda =    0.11111; f =         3644.7366118
lambda =   0.037037; f =         3644.7345998
lambda =   0.012346; f =         3644.7343792
lambda =  0.0041152; f =         3644.7343556
lambda =  0.0013717; f =         3644.7343533
lambda = 0.00045725; f =         3644.3670103
lambda = 0.00015242; f =         3644.1086579
lambda = 0.00029465; f =         3643.7055492
lambda = 0.00056961; f =         3644.7343532
lambda = 0.00038354; f =         3643.6954524
Norm of dx    0.69351
----
Improvement on iteration 10 =        1.038900845
-----------------
f at the beginning of new iteration,      3643.6954523580
Predicted improvement:     3378.766823298
lambda =          1; f =         3643.9710689
lambda =    0.33333; f =         9902.5653909
lambda =    0.11111; f =         3088.0199080
lambda =     0.2148; f =         2960.8717902
Norm of dx     1.3085
----
Improvement on iteration 11 =      682.823662201
-----------------
f at the beginning of new iteration,      2960.8717901570
Predicted improvement:     1001.439523406
lambda =          1; f =         3703.4023652
lambda =    0.33333; f =         2702.9411429
Norm of dx    0.53214
----
Improvement on iteration 12 =      257.930647271
-----------------
f at the beginning of new iteration,      2702.9411428858
Predicted improvement:      690.797225807
lambda =          1; f =         2702.9477613
lambda =    0.33333; f =         2418.0993833
Norm of dx    0.48706
----
Improvement on iteration 13 =      284.841759601
-----------------
f at the beginning of new iteration,      2418.0993832852
Predicted improvement:      548.293826901
lambda =          1; f =         2418.1149014
lambda =    0.33333; f =         2316.0675675
lambda =    0.11111; f =         2330.2653314
lambda =     0.2148; f =         2294.0076843
Norm of dx    0.55744
----
Improvement on iteration 14 =      124.091699014
-----------------
f at the beginning of new iteration,      2294.0076842717
Predicted improvement:      155.041274096
lambda =          1; f =         2355.3264568
lambda =    0.33333; f =         2209.1868777
lambda =    0.64439; f =         2184.0916104
Norm of dx     0.2476
----
Improvement on iteration 15 =      109.916073913
-----------------
f at the beginning of new iteration,      2184.0916103591
Predicted improvement:      379.628645146
lambda =          1; f =         2184.0944560
lambda =    0.33333; f =         2025.4590116
Norm of dx    0.58927
----
Improvement on iteration 16 =      158.632598751
-----------------
f at the beginning of new iteration,      2025.4590116080
Predicted improvement:      199.152895885
lambda =          1; f =         2025.4590158
lambda =    0.33333; f =         2025.4590161
lambda =    0.11111; f =         1988.9847922
lambda =     0.2148; f =         1969.7634891
Norm of dx    0.31144
----
Improvement on iteration 17 =       55.695522475
-----------------
f at the beginning of new iteration,      1969.7634891333
Predicted improvement:      101.657759601
lambda =          1; f =         1898.1319951
Norm of dx      0.162
----
Improvement on iteration 18 =       71.631494009
-----------------
f at the beginning of new iteration,      1898.1319951238
Predicted improvement:       85.153994057
lambda =          1; f =         1898.1322280
lambda =    0.33333; f =         1852.1179125
lambda =    0.64439; f =         1898.1320300
lambda =     0.4339; f =         1845.7279935
lambda =    0.55011; f =         1848.0347038
Norm of dx    0.22021
----
Improvement on iteration 19 =       52.404001577
-----------------
f at the beginning of new iteration,      1845.7279935472
Predicted improvement:      149.902513824
lambda =          1; f =         1845.7295657
lambda =    0.33333; f =         1845.7279979
lambda =    0.11111; f =         1814.6654498
lambda =     0.2148; f =         1791.8364357
lambda =    0.41524; f =         1845.7280013
lambda =     0.2796; f =         1845.7279939
lambda =    0.22054; f =         1790.8363369
lambda =    0.25428; f =         1785.7068124
lambda =    0.29319; f =         1845.7279945
lambda =    0.26918; f =         1845.7279936
lambda =    0.25573; f =         1785.5176166
lambda =    0.26372; f =         1845.7279936
lambda =     0.2589; f =         1785.1150856
lambda =    0.26178; f =         1845.7279936
Norm of dx    0.26773
Cliff.  Perturbing search direction.
Predicted improvement:      220.972322641
lambda =          1; f =         1845.7294996
lambda =    0.33333; f =         1740.0986704
lambda =    0.64439; f =         1845.7281486
lambda =     0.4339; f =         1845.7280026
lambda =    0.34224; f =         1739.5407977
lambda =    0.39461; f =         1845.7279951
lambda =     0.3623; f =         1739.1627360
Norm of dx    0.27754

badg2 =

     0

----
Improvement on iteration 20 =      106.565257518
warning: possible inaccuracy in H matrix
-----------------
f at the beginning of new iteration,      1739.1627360296
Predicted improvement:       96.266937327
lambda =          1; f =         1697.3526844
lambda =    0.33333; f =         1689.4447242
lambda =    0.64439; f =         1670.4308024
Norm of dx    0.14799
----
Improvement on iteration 21 =       68.731933656
-----------------
f at the beginning of new iteration,      1670.4308023733
Predicted improvement:      222.885383584
lambda =          1; f =         1670.4321618
lambda =    0.33333; f =         1670.4308226
lambda =    0.11111; f =         1630.7281596
lambda =     0.2148; f =         1608.0642826
Norm of dx    0.32563
----
Improvement on iteration 22 =       62.366519747
-----------------
f at the beginning of new iteration,      1608.0642826265
Predicted improvement:      210.251004826
lambda =          1; f =         1488.1454589
lambda =    0.33333; f =         1517.4641313
Norm of dx    0.37977
----
Improvement on iteration 23 =      119.918823717
-----------------
f at the beginning of new iteration,      1488.1454589093
Predicted improvement:       79.773757277
lambda =          1; f =         1368.3901448
lambda =     1.9332; f =         1488.1457638
lambda =     1.3017; f =         1349.7799040
Norm of dx    0.11508
----
Improvement on iteration 24 =      138.365554926
-----------------
f at the beginning of new iteration,      1349.7799039829
Predicted improvement:       99.908889174
lambda =          1; f =         1349.7839778
lambda =    0.33333; f =         1349.7799120
lambda =    0.11111; f =         1328.7760255
lambda =     0.2148; f =         1312.1488816
lambda =    0.41524; f =         1349.7799564
lambda =     0.2796; f =         1307.6940548
lambda =    0.35448; f =         1349.7799197
lambda =    0.30744; f =         1349.7799061
lambda =    0.28227; f =         1349.7799040
Norm of dx    0.26078
Cliff.  Perturbing search direction.
Predicted improvement:      181.636168019
lambda =          1; f =         1349.7817933
lambda =    0.33333; f =         1349.7799042
lambda =    0.11111; f =         1313.3899486
lambda =     0.2148; f =         1287.3624328
lambda =    0.41524; f =         1349.7799221
lambda =     0.2796; f =         1276.2508674
lambda =    0.35448; f =         1349.7799060
lambda =    0.30744; f =         1273.6357074
Norm of dx    0.31638

badg2 =

     0

----
Improvement on iteration 25 =       76.144196590
warning: possible inaccuracy in H matrix
-----------------
f at the beginning of new iteration,      1273.6357073926
Predicted improvement:      255.040612828
lambda =          1; f =         1273.6565386
lambda =    0.33333; f =         1273.6359415
lambda =    0.11111; f =         1259.9355482
lambda =   0.037037; f =         1263.5602667
Norm of dx    0.44637
----
Improvement on iteration 26 =       13.700159202
-----------------
f at the beginning of new iteration,      1259.9355481902
Predicted improvement:       67.459816999
lambda =          1; f =         1259.9439272
lambda =    0.33333; f =         1259.9356929
lambda =    0.11111; f =         1246.1792139
lambda =     0.2148; f =         1259.9355485
lambda =    0.14463; f =         1242.7922749
lambda =    0.18337; f =         1240.0841339
lambda =    0.23248; f =         1259.9355533
lambda =    0.20163; f =         1240.5801567
lambda =    0.21961; f =         1259.9355493
lambda =    0.20864; f =         1259.9355482
lambda =    0.19821; f =         1240.1983109
lambda =     0.2044; f =         1260.9355377
lambda =    0.20066; f =         1240.4443741
lambda =     0.2029; f =         1240.8074415
Norm of dx    0.22629
----
Improvement on iteration 27 =       19.851414275
warning: possible inaccuracy in H matrix
-----------------
f at the beginning of new iteration,      1240.0841339149
Predicted improvement:      139.428157620
lambda =          1; f =         1240.0852194
lambda =    0.33333; f =         1240.0842226
lambda =    0.11111; f =         1240.0841364
lambda =   0.037037; f =         1230.7921238
lambda =   0.071599; f =         1240.0841339
lambda =   0.048211; f =         1228.5015101
lambda =   0.061123; f =         1226.7372826
lambda =   0.077493; f =         1240.0841341
lambda =   0.067209; f =         1240.0841339
lambda =   0.061706; f =         1226.7165809
lambda =   0.064951; f =         1226.8917294
lambda =   0.068367; f =         1240.0841339
lambda =   0.066297; f =         1227.2651352
Norm of dx    0.26601
----
Improvement on iteration 28 =       13.367553040
warning: possible inaccuracy in H matrix
-----------------
f at the beginning of new iteration,      1226.7165808751
Predicted improvement:     1249.524944984
lambda =          1; f =         1228.1216634
lambda =    0.33333; f =         1226.7532246
lambda =    0.11111; f =         1306.0862456
lambda =   0.037037; f =         1166.0201108
Norm of dx     2.2124
----
Improvement on iteration 29 =       60.696470094
-----------------
f at the beginning of new iteration,      1166.0201107806
Predicted improvement:       45.082799488
lambda =          1; f =         1166.0201417
lambda =    0.33333; f =         1141.7780493
lambda =    0.64439; f =         1136.4776714
Norm of dx    0.16995
----
Improvement on iteration 30 =       29.542439401
-----------------
f at the beginning of new iteration,      1136.4776713793
Predicted improvement:       27.354478227
lambda =          1; f =         1118.3230233
Norm of dx   0.052511
----
Improvement on iteration 31 =       18.154648109
-----------------
f at the beginning of new iteration,      1118.3230232708
Predicted improvement:       36.523525699
lambda =          1; f =         1118.3230254
lambda =    0.33333; f =         1099.8831461
lambda =    0.64439; f =         1091.7992584
Norm of dx   0.085926
----
Improvement on iteration 32 =       26.523764822
-----------------
f at the beginning of new iteration,      1091.7992584487
Predicted improvement:       22.932879785
lambda =          1; f =         1056.1694128
lambda =     1.9332; f =         1091.7992784
lambda =     1.3017; f =         1050.2944255
Norm of dx   0.083135
----
Improvement on iteration 33 =       41.504832905
-----------------
f at the beginning of new iteration,      1050.2944255436
Predicted improvement:       31.822459919
lambda =          1; f =         1050.2944383
lambda =    0.33333; f =         1033.1500271
lambda =    0.64439; f =         1050.2944273
lambda =     0.4339; f =         1050.2944255
lambda =    0.34224; f =         1032.8602597
lambda =    0.39461; f =         1031.6450631
lambda =    0.45499; f =         1050.2944256
lambda =    0.41773; f =         1031.6844021
Norm of dx    0.17836
----
Improvement on iteration 34 =       18.649362427
warning: possible inaccuracy in H matrix
-----------------
f at the beginning of new iteration,      1031.6450631168
Predicted improvement:       66.700052036
lambda =          1; f =         1031.6451158
lambda =    0.33333; f =         1003.8294253
Norm of dx    0.34889
----
Improvement on iteration 35 =       27.815637864
-----------------
f at the beginning of new iteration,      1003.8294252527
Predicted improvement:       53.159322905
lambda =          1; f =         1003.8294271
lambda =    0.33333; f =          976.3881801
lambda =    0.64439; f =          963.2715060
Norm of dx    0.23673
----
Improvement on iteration 36 =       40.557919237
-----------------
f at the beginning of new iteration,       963.2715060161
Predicted improvement:       18.440521984
lambda =          1; f =          938.2975684
Norm of dx   0.077983
----
Improvement on iteration 37 =       24.973937626
-----------------
f at the beginning of new iteration,       938.2975683896
Predicted improvement:       17.444339573
lambda =          1; f =          922.1036961
Norm of dx   0.094174
----
Improvement on iteration 38 =       16.193872308
-----------------
f at the beginning of new iteration,       922.1036960818
Predicted improvement:       34.730942167
lambda =          1; f =          910.2571100
lambda =    0.33333; f =          905.6549687
lambda =    0.64439; f =          901.6842846
Norm of dx     0.1595
----
Improvement on iteration 39 =       20.419411501
-----------------
f at the beginning of new iteration,       901.6842845805
Predicted improvement:       14.377830757
lambda =          1; f =          887.2557582
Norm of dx   0.084526
----
Improvement on iteration 40 =       14.428526342
-----------------
f at the beginning of new iteration,       887.2557582381
Predicted improvement:       16.287709756
lambda =          1; f =          871.5977301
Norm of dx   0.092708
----
Improvement on iteration 41 =       15.658028166
-----------------
f at the beginning of new iteration,       871.5977300720
Predicted improvement:       28.090892178
lambda =          1; f =          871.5977301
lambda =    0.33333; f =          862.2005538
Norm of dx    0.13904
----
Improvement on iteration 42 =        9.397176238
-----------------
f at the beginning of new iteration,       862.2005538341
Predicted improvement:       19.403603375
lambda =          1; f =          852.1592018
lambda =    0.33333; f =          851.8715614
lambda =    0.64439; f =          847.6686835
Norm of dx    0.16259
----
Improvement on iteration 43 =       14.531870332
-----------------
f at the beginning of new iteration,       847.6686835026
Predicted improvement:       26.503708932
lambda =          1; f =          847.6686896
lambda =    0.33333; f =          835.3929896
Norm of dx      0.161
----
Improvement on iteration 44 =       12.275693907
-----------------
f at the beginning of new iteration,       835.3929895955
Predicted improvement:       20.671008896
lambda =          1; f =          835.3929973
lambda =    0.33333; f =          824.1197698
lambda =    0.64439; f =          836.3940021
lambda =     0.4339; f =          822.7100107
lambda =    0.55011; f =          836.3936690
lambda =     0.4771; f =          823.0667111
Norm of dx    0.18894
----
Improvement on iteration 45 =       12.682978854
warning: possible inaccuracy in H matrix
-----------------
f at the beginning of new iteration,       822.7100107417
Predicted improvement:       14.171946626
lambda =          1; f =          819.3335955
lambda =    0.33333; f =          817.0213031
Norm of dx     0.1155
----
Improvement on iteration 46 =        5.688707629
-----------------
f at the beginning of new iteration,       817.0213031129
Predicted improvement:        8.226688558
lambda =          1; f =          804.5910998
lambda =     1.9332; f =          817.0213150
lambda =     1.3017; f =          803.4415714
Norm of dx    0.10223
----
Improvement on iteration 47 =       13.579731721
-----------------
f at the beginning of new iteration,       803.4415713919
Predicted improvement:      124.612485477
lambda =          1; f =          803.4730494
lambda =    0.33333; f =          896.5576557
lambda =    0.11111; f =          799.0921378
lambda =   0.037037; f =          798.3318362
Norm of dx     1.2435
----
Improvement on iteration 48 =        5.109735184
-----------------
f at the beginning of new iteration,       798.3318362083
Predicted improvement:       11.876059935
lambda =          1; f =          787.5125840
Norm of dx    0.12283
----
Improvement on iteration 49 =       10.819252226
-----------------
f at the beginning of new iteration,       787.5125839827
Predicted improvement:        5.078929223
lambda =          1; f =          780.6119160
Norm of dx   0.031196
----
Improvement on iteration 50 =        6.900667991
-----------------
f at the beginning of new iteration,       780.6119159912
Predicted improvement:        5.670873091
lambda =          1; f =          772.1892812
lambda =     1.9332; f =          769.8945562
Norm of dx    0.08387
----
Improvement on iteration 51 =       10.717359753
-----------------
f at the beginning of new iteration,       769.8945562384
Predicted improvement:        2.762083911
lambda =          1; f =          766.2019513
Norm of dx   0.027553
----
Improvement on iteration 52 =        3.692604893
-----------------
f at the beginning of new iteration,       766.2019513451
Predicted improvement:        3.580526437
lambda =          1; f =          761.0244069
lambda =     1.9332; f =          760.1852669
Norm of dx   0.079699
----
Improvement on iteration 53 =        6.016684424
-----------------
f at the beginning of new iteration,       760.1852669209
Predicted improvement:        2.826460441
lambda =          1; f =          756.1017375
lambda =     1.9332; f =          754.8695930
Norm of dx   0.032324
----
Improvement on iteration 54 =        5.315673894
-----------------
f at the beginning of new iteration,       754.8695930270
Predicted improvement:        1.601273029
lambda =          1; f =          752.2400093
lambda =     1.9332; f =          750.8858834
Norm of dx   0.031587
----
Improvement on iteration 55 =        3.983709636
-----------------
f at the beginning of new iteration,       750.8858833913
Predicted improvement:        1.611534529
lambda =          1; f =          748.6894423
Norm of dx   0.039366
----
Improvement on iteration 56 =        2.196441047
-----------------
f at the beginning of new iteration,       748.6894423447
Predicted improvement:        1.654016804
lambda =          1; f =          746.2199153
lambda =     1.9332; f =          745.5012902
Norm of dx   0.055483
----
Improvement on iteration 57 =        3.188152098
-----------------
f at the beginning of new iteration,       745.5012902466
Predicted improvement:        1.862565559
lambda =          1; f =          742.7992509
lambda =     1.9332; f =          741.8653623
Norm of dx   0.041219
----
Improvement on iteration 58 =        3.635927924
-----------------
f at the beginning of new iteration,       741.8653623224
Predicted improvement:        1.060145365
lambda =          1; f =          740.1617873
lambda =     1.9332; f =          739.3220007
Norm of dx   0.030011
----
Improvement on iteration 59 =        2.543361617
-----------------
f at the beginning of new iteration,       739.3220007052
Predicted improvement:        1.420503005
lambda =          1; f =          737.1380739
lambda =     1.9332; f =          736.2486728
Norm of dx   0.042608
----
Improvement on iteration 60 =        3.073327899
-----------------
f at the beginning of new iteration,       736.2486728062
Predicted improvement:        1.491521334
lambda =          1; f =          733.8948089
lambda =     1.9332; f =          732.8630998
Norm of dx   0.036629
----
Improvement on iteration 61 =        3.385572987
-----------------
f at the beginning of new iteration,       732.8630998188
Predicted improvement:        0.939350425
lambda =          1; f =          731.3356052
lambda =     1.9332; f =          730.5144492
Norm of dx   0.022988
----
Improvement on iteration 62 =        2.348650580
-----------------
f at the beginning of new iteration,       730.5144492387
Predicted improvement:        1.303890719
lambda =          1; f =          728.3906477
lambda =     1.9332; f =          727.2570157
Norm of dx    0.03607
----
Improvement on iteration 63 =        3.257433491
-----------------
f at the beginning of new iteration,       727.2570157479
Predicted improvement:        1.482056123
lambda =          1; f =          724.9224375
lambda =     1.9332; f =          723.8961130
Norm of dx   0.047251
----
Improvement on iteration 64 =        3.360902709
-----------------
f at the beginning of new iteration,       723.8961130390
Predicted improvement:        1.280894514
lambda =          1; f =          721.7489121
lambda =     1.9332; f =          720.5014064
Norm of dx   0.036562
----
Improvement on iteration 65 =        3.394706678
-----------------
f at the beginning of new iteration,       720.5014063613
Predicted improvement:        1.754758870
lambda =          1; f =          717.9587450
lambda =     1.9332; f =          717.3526962
Norm of dx   0.047502
----
Improvement on iteration 66 =        3.148710204
-----------------
f at the beginning of new iteration,       717.3526961569
Predicted improvement:        1.112124797
lambda =          1; f =          715.6016209
lambda =     1.9332; f =          714.7396172
Norm of dx   0.020116
----
Improvement on iteration 67 =        2.613078970
-----------------
f at the beginning of new iteration,       714.7396171868
Predicted improvement:        1.829793789
lambda =          1; f =          711.8014155
lambda =     1.9332; f =          710.4163116
Norm of dx   0.056398
----
Improvement on iteration 68 =        4.323305567
-----------------
f at the beginning of new iteration,       710.4163116202
Predicted improvement:        1.618102011
lambda =          1; f =          708.1003222
lambda =     1.9332; f =          707.9259439
Norm of dx   0.081924
----
Improvement on iteration 69 =        2.490367767
-----------------
f at the beginning of new iteration,       707.9259438528
Predicted improvement:        2.066108796
lambda =          1; f =          705.1002644
Norm of dx   0.053017
----
Improvement on iteration 70 =        2.825679442
-----------------
f at the beginning of new iteration,       705.1002644103
Predicted improvement:        1.662366635
lambda =          1; f =          702.9151804
Norm of dx   0.059336
----
Improvement on iteration 71 =        2.185083997
-----------------
f at the beginning of new iteration,       702.9151804135
Predicted improvement:        1.026829099
lambda =          1; f =          701.3228012
lambda =     1.9332; f =          700.6790691
Norm of dx    0.06493
----
Improvement on iteration 72 =        2.236111352
-----------------
f at the beginning of new iteration,       700.6790690610
Predicted improvement:        0.931564901
lambda =          1; f =          699.2021578
lambda =     1.9332; f =          698.4713874
Norm of dx   0.038623
----
Improvement on iteration 73 =        2.207681665
-----------------
f at the beginning of new iteration,       698.4713873957
Predicted improvement:        0.733799389
lambda =          1; f =          697.3810456
lambda =     1.9332; f =          697.0789531
Norm of dx   0.046561
----
Improvement on iteration 74 =        1.392434315
-----------------
f at the beginning of new iteration,       697.0789530809
Predicted improvement:        0.343381328
lambda =          1; f =          696.5228321
lambda =     1.9332; f =          696.2344873
Norm of dx   0.011975
----
Improvement on iteration 75 =        0.844465796
-----------------
f at the beginning of new iteration,       696.2344872848
Predicted improvement:        0.451452806
lambda =          1; f =          695.5510900
lambda =     1.9332; f =          695.2941239
Norm of dx   0.016434
----
Improvement on iteration 76 =        0.940363359
-----------------
f at the beginning of new iteration,       695.2941239254
Predicted improvement:        0.307151333
lambda =          1; f =          694.8366962
lambda =     1.9332; f =          694.7108501
Norm of dx   0.040378
----
Improvement on iteration 77 =        0.583273839
-----------------
f at the beginning of new iteration,       694.7108500863
Predicted improvement:        0.243821112
lambda =          1; f =          694.4244930
Norm of dx   0.018699
----
Improvement on iteration 78 =        0.286357133
-----------------
f at the beginning of new iteration,       694.4244929534
Predicted improvement:        0.216313828
lambda =          1; f =          694.0787034
lambda =     1.9332; f =          693.9132084
Norm of dx   0.013598
----
Improvement on iteration 79 =        0.511284532
-----------------
f at the beginning of new iteration,       693.9132084216
Predicted improvement:        0.363825472
lambda =          1; f =          693.3230228
lambda =     1.9332; f =          693.0237874
Norm of dx   0.025629
----
Improvement on iteration 80 =        0.889421016
-----------------
f at the beginning of new iteration,       693.0237874059
Predicted improvement:        0.415131001
lambda =          1; f =          692.4104939
lambda =     1.9332; f =          692.2391959
Norm of dx   0.030303
----
Improvement on iteration 81 =        0.784591508
-----------------
f at the beginning of new iteration,       692.2391958983
Predicted improvement:        0.255468528
lambda =          1; f =          691.7987827
lambda =     1.9332; f =          691.5120877
lambda =     3.7372; f =          691.2832971
Norm of dx   0.011943
----
Improvement on iteration 82 =        0.955898824
-----------------
f at the beginning of new iteration,       691.2832970745
Predicted improvement:        0.287453102
lambda =          1; f =          690.8004158
lambda =     1.9332; f =          690.5132724
Norm of dx   0.024389
----
Improvement on iteration 83 =        0.770024648
-----------------
f at the beginning of new iteration,       690.5132724263
Predicted improvement:        0.500392420
lambda =          1; f =          689.7609056
lambda =     1.9332; f =          689.5139422
Norm of dx    0.04894
----
Improvement on iteration 84 =        0.999330244
-----------------
f at the beginning of new iteration,       689.5139421823
Predicted improvement:        0.322539859
lambda =          1; f =          688.9873716
lambda =     1.9332; f =          688.7196290
Norm of dx   0.018172
----
Improvement on iteration 85 =        0.794313212
-----------------
f at the beginning of new iteration,       688.7196289704
Predicted improvement:        0.260047801
lambda =          1; f =          688.3369317
lambda =     1.9332; f =          688.2472937
Norm of dx   0.013423
----
Improvement on iteration 86 =        0.472335295
-----------------
f at the beginning of new iteration,       688.2472936750
Predicted improvement:        0.258364407
lambda =          1; f =          687.8041115
lambda =     1.9332; f =          687.5203768
lambda =     3.7372; f =          687.3163381
Norm of dx   0.021876
----
Improvement on iteration 87 =        0.930955529
-----------------
f at the beginning of new iteration,       687.3163381459
Predicted improvement:        0.397027758
lambda =          1; f =          686.7064224
lambda =     1.9332; f =          686.5147907
Norm of dx   0.033241
----
Improvement on iteration 88 =        0.801547489
-----------------
f at the beginning of new iteration,       686.5147906564
Predicted improvement:        0.251191956
lambda =          1; f =          686.1052165
lambda =     1.9332; f =          685.8911653
Norm of dx   0.016302
----
Improvement on iteration 89 =        0.623625392
-----------------
f at the beginning of new iteration,       685.8911652648
Predicted improvement:        0.425946795
lambda =          1; f =          685.1733132
lambda =     1.9332; f =          684.7387903
Norm of dx   0.026294
----
Improvement on iteration 90 =        1.152374959
-----------------
f at the beginning of new iteration,       684.7387903061
Predicted improvement:        0.864597278
lambda =          1; f =          683.3804078
lambda =     1.9332; f =          682.7702774
Norm of dx   0.052837
----
Improvement on iteration 91 =        1.968512916
-----------------
f at the beginning of new iteration,       682.7702773902
Predicted improvement:        0.768471516
lambda =          1; f =          681.5005201
lambda =     1.9332; f =          680.8031037
Norm of dx   0.046111
----
Improvement on iteration 92 =        1.967173712
-----------------
f at the beginning of new iteration,       680.8031036780
Predicted improvement:        1.233217857
lambda =          1; f =          679.4459420
Norm of dx   0.068371
----
Improvement on iteration 93 =        1.357161722
-----------------
f at the beginning of new iteration,       679.4459419556
Predicted improvement:        0.819830084
lambda =          1; f =          678.3907181
Norm of dx   0.052336
----
Improvement on iteration 94 =        1.055223899
-----------------
f at the beginning of new iteration,       678.3907180569
Predicted improvement:        0.744487657
lambda =          1; f =          677.2639311
lambda =     1.9332; f =          676.8849431
Norm of dx   0.063632
----
Improvement on iteration 95 =        1.505774942
-----------------
f at the beginning of new iteration,       676.8849431145
Predicted improvement:        0.332395572
lambda =          1; f =          676.3662820
lambda =     1.9332; f =          676.1427394
Norm of dx   0.029169
----
Improvement on iteration 96 =        0.742203717
-----------------
f at the beginning of new iteration,       676.1427393974
Predicted improvement:        0.218104430
lambda =          1; f =          675.7883021
lambda =     1.9332; f =          675.6040071
Norm of dx   0.020225
----
Improvement on iteration 97 =        0.538732338
-----------------
f at the beginning of new iteration,       675.6040070593
Predicted improvement:        0.254231694
lambda =          1; f =          675.2450304
lambda =     1.9332; f =          675.1780811
Norm of dx   0.027885
----
Improvement on iteration 98 =        0.425925987
-----------------
f at the beginning of new iteration,       675.1780810727
Predicted improvement:        0.110748892
lambda =          1; f =          675.0265947
Norm of dx    0.01315
----
Improvement on iteration 99 =        0.151486412
-----------------
f at the beginning of new iteration,       675.0265946610
Predicted improvement:        0.076644504
lambda =          1; f =          674.9245670
Norm of dx   0.012798
----
Improvement on iteration 100 =        0.102027699
-----------------
f at the beginning of new iteration,       674.9245669620
Predicted improvement:        0.056454858
lambda =          1; f =          674.8319897
lambda =     1.9332; f =          674.7832874
Norm of dx  0.0063504
----
Improvement on iteration 101 =        0.141279514
-----------------
f at the beginning of new iteration,       674.7832874484
Predicted improvement:        0.100153706
lambda =          1; f =          674.6177624
lambda =     1.9332; f =          674.5270813
Norm of dx   0.014852
----
Improvement on iteration 102 =        0.256206158
-----------------
f at the beginning of new iteration,       674.5270812902
Predicted improvement:        0.123647482
lambda =          1; f =          674.3590828
Norm of dx   0.026273
----
Improvement on iteration 103 =        0.167998537
-----------------
f at the beginning of new iteration,       674.3590827532
Predicted improvement:        0.063578025
lambda =          1; f =          674.2717019
Norm of dx   0.012703
----
Improvement on iteration 104 =        0.087380884
-----------------
f at the beginning of new iteration,       674.2717018694
Predicted improvement:        0.043553508
lambda =          1; f =          674.2057004
lambda =     1.9332; f =          674.1818921
Norm of dx    0.01069
----
Improvement on iteration 105 =        0.089809772
-----------------
f at the beginning of new iteration,       674.1818920973
Predicted improvement:        0.033031901
lambda =          1; f =          674.1261393
lambda =     1.9332; f =          674.0927398
Norm of dx   0.012554
----
Improvement on iteration 106 =        0.089152251
-----------------
f at the beginning of new iteration,       674.0927398463
Predicted improvement:        0.041380983
lambda =          1; f =          674.0390501
Norm of dx   0.015179
----
Improvement on iteration 107 =        0.053689747
-----------------
f at the beginning of new iteration,       674.0390500993
Predicted improvement:        0.022380590
lambda =          1; f =          674.0037468
lambda =     1.9332; f =          673.9875618
Norm of dx  0.0047554
----
Improvement on iteration 108 =        0.051488296
-----------------
f at the beginning of new iteration,       673.9875618034
Predicted improvement:        0.020349924
lambda =          1; f =          673.9556075
lambda =     1.9332; f =          673.9413647
Norm of dx   0.010131
----
Improvement on iteration 109 =        0.046197150
-----------------
f at the beginning of new iteration,       673.9413646530
Predicted improvement:        0.011934082
lambda =          1; f =          673.9215771
lambda =     1.9332; f =          673.9104697
Norm of dx  0.0076619
----
Improvement on iteration 110 =        0.030894983
-----------------
f at the beginning of new iteration,       673.9104696703
Predicted improvement:        0.020707558
lambda =          1; f =          673.8761540
lambda =     1.9332; f =          673.8569771
Norm of dx  0.0073239
----
Improvement on iteration 111 =        0.053492536
-----------------
f at the beginning of new iteration,       673.8569771338
Predicted improvement:        0.033583315
lambda =          1; f =          673.8039248
lambda =     1.9332; f =          673.7800857
Norm of dx  0.0086673
----
Improvement on iteration 112 =        0.076891393
-----------------
f at the beginning of new iteration,       673.7800857411
Predicted improvement:        0.028240472
lambda =          1; f =          673.7358124
lambda =     1.9332; f =          673.7167040
Norm of dx   0.011707
----
Improvement on iteration 113 =        0.063381759
-----------------
f at the beginning of new iteration,       673.7167039817
Predicted improvement:        0.017719923
lambda =          1; f =          673.6888795
lambda =     1.9332; f =          673.6763982
Norm of dx  0.0061505
----
Improvement on iteration 114 =        0.040305734
-----------------
f at the beginning of new iteration,       673.6763982481
Predicted improvement:        0.014284377
lambda =          1; f =          673.6536803
lambda =     1.9332; f =          673.6431153
Norm of dx  0.0051729
----
Improvement on iteration 115 =        0.033282919
-----------------
f at the beginning of new iteration,       673.6431153292
Predicted improvement:        0.011395762
lambda =          1; f =          673.6260300
lambda =     1.9332; f =          673.6203718
Norm of dx  0.0061907
----
Improvement on iteration 116 =        0.022743546
-----------------
f at the beginning of new iteration,       673.6203717835
Predicted improvement:        0.005684974
lambda =          1; f =          673.6113926
lambda =     1.9332; f =          673.6073472
Norm of dx   0.003614
----
Improvement on iteration 117 =        0.013024597
-----------------
f at the beginning of new iteration,       673.6073471862
Predicted improvement:        0.004708075
lambda =          1; f =          673.5992877
lambda =     1.9332; f =          673.5942079
lambda =     3.7372; f =          673.5911055
Norm of dx   0.002088
----
Improvement on iteration 118 =        0.016241643
-----------------
f at the beginning of new iteration,       673.5911055435
Predicted improvement:        0.009377618
lambda =          1; f =          673.5738867
lambda =     1.9332; f =          673.5606301
lambda =     3.7372; f =          673.5426853
Norm of dx  0.0041186
----
Improvement on iteration 119 =        0.048420234
-----------------
f at the beginning of new iteration,       673.5426853093
Predicted improvement:        0.025761772
lambda =          1; f =          673.5057858
lambda =     1.9332; f =          673.4976809
Norm of dx   0.016542
----
Improvement on iteration 120 =        0.045004432
-----------------
f at the beginning of new iteration,       673.4976808777
Predicted improvement:        0.011201263
lambda =          1; f =          673.4797217
lambda =     1.9332; f =          673.4709489
Norm of dx  0.0055746
----
Improvement on iteration 121 =        0.026731989
-----------------
f at the beginning of new iteration,       673.4709488883
Predicted improvement:        0.005415686
lambda =          1; f =          673.4634629
Norm of dx  0.0045816
----
Improvement on iteration 122 =        0.007486031
-----------------
f at the beginning of new iteration,       673.4634628577
Predicted improvement:        0.003480916
lambda =          1; f =          673.4582248
lambda =     1.9332; f =          673.4564537
Norm of dx  0.0037375
----
Improvement on iteration 123 =        0.007009174
-----------------
f at the beginning of new iteration,       673.4564536835
Predicted improvement:        0.002860864
lambda =          1; f =          673.4510603
lambda =     1.9332; f =          673.4466199
lambda =     3.7372; f =          673.4396579
lambda =     7.2247; f =          673.4322648
Norm of dx  0.0014311
----
Improvement on iteration 124 =        0.024188911
-----------------
f at the beginning of new iteration,       673.4322647724
Predicted improvement:        0.009699002
lambda =          1; f =          673.4159759
lambda =     1.9332; f =          673.4063504
Norm of dx  0.0051705
----
Improvement on iteration 125 =        0.025914382
-----------------
f at the beginning of new iteration,       673.4063503906
Predicted improvement:        0.012213968
lambda =          1; f =          673.3908431
Norm of dx   0.011354
----
Improvement on iteration 126 =        0.015507331
-----------------
f at the beginning of new iteration,       673.3908430599
Predicted improvement:        0.003608120
lambda =          1; f =          673.3854832
lambda =     1.9332; f =          673.3838078
Norm of dx  0.0056396
----
Improvement on iteration 127 =        0.007035241
-----------------
f at the beginning of new iteration,       673.3838078192
Predicted improvement:        0.003010273
lambda =          1; f =          673.3779506
lambda =     1.9332; f =          673.3727793
lambda =     3.7372; f =          673.3635863
lambda =     7.2247; f =          673.3488043
lambda =     13.967; f =          673.3312972
Norm of dx  0.0020162
----
Improvement on iteration 128 =        0.052510602
-----------------
f at the beginning of new iteration,       673.3312972169
Predicted improvement:        0.029472203
lambda =          1; f =          673.2854360
lambda =     1.9332; f =          673.2661502
Norm of dx   0.020033
----
Improvement on iteration 129 =        0.065147031
-----------------
f at the beginning of new iteration,       673.2661501862
Predicted improvement:        0.012020071
lambda =          1; f =          673.2506474
Norm of dx   0.011688
----
Improvement on iteration 130 =        0.015502749
-----------------
f at the beginning of new iteration,       673.2506474369
Predicted improvement:        0.003411539
lambda =          1; f =          673.2456240
lambda =     1.9332; f =          673.2441846
Norm of dx  0.0047267
----
Improvement on iteration 131 =        0.006462824
-----------------
f at the beginning of new iteration,       673.2441846132
Predicted improvement:        0.002930021
lambda =          1; f =          673.2383954
lambda =     1.9332; f =          673.2331260
lambda =     3.7372; f =          673.2233035
lambda =     7.2247; f =          673.2056751
lambda =     13.967; f =          673.1766778
lambda =         27; f =          673.1395966
Norm of dx  0.0015047
----
Improvement on iteration 132 =        0.104588019
-----------------
f at the beginning of new iteration,       673.1395965945
Predicted improvement:        0.056899225
lambda =          1; f =          673.0612823
Norm of dx    0.04899
----
Improvement on iteration 133 =        0.078314265
-----------------
f at the beginning of new iteration,       673.0612823290
Predicted improvement:        0.027829682
lambda =          1; f =          673.0235004
Norm of dx   0.037736
----
Improvement on iteration 134 =        0.037781900
-----------------
f at the beginning of new iteration,       673.0235004290
Predicted improvement:        0.017781671
lambda =          1; f =          672.9942610
lambda =     1.9332; f =          672.9784444
Norm of dx   0.023996
----
Improvement on iteration 135 =        0.045055995
-----------------
f at the beginning of new iteration,       672.9784444342
Predicted improvement:        0.034482397
lambda =          1; f =          672.9159933
lambda =     1.9332; f =          672.8694738
lambda =     3.7372; f =          672.8116698
Norm of dx    0.03469
----
Improvement on iteration 136 =        0.166774622
-----------------
f at the beginning of new iteration,       672.8116698125
Predicted improvement:        0.124332895
lambda =          1; f =          672.6083767
lambda =     1.9332; f =          672.5000072
Norm of dx   0.091608
----
Improvement on iteration 137 =        0.311662621
-----------------
f at the beginning of new iteration,       672.5000071915
Predicted improvement:        0.085979885
lambda =          1; f =          672.3956657
Norm of dx   0.046474
----
Improvement on iteration 138 =        0.104341489
-----------------
f at the beginning of new iteration,       672.3956657023
Predicted improvement:        0.012745859
lambda =          1; f =          672.3775195
lambda =     1.9332; f =          672.3738181
Norm of dx  0.0046914
----
Improvement on iteration 139 =        0.021847592
-----------------
f at the beginning of new iteration,       672.3738181105
Predicted improvement:        0.008146761
lambda =          1; f =          672.3581924
lambda =     1.9332; f =          672.3447993
lambda =     3.7372; f =          672.3221715
lambda =     7.2247; f =          672.2906884
lambda =     13.967; f =          672.2761271
Norm of dx  0.0023486
----
Improvement on iteration 140 =        0.097690961
-----------------
f at the beginning of new iteration,       672.2761271494
Predicted improvement:        0.059828139
lambda =          1; f =          672.1765426
lambda =     1.9332; f =          672.1198074
Norm of dx   0.042803
----
Improvement on iteration 141 =        0.156319761
-----------------
f at the beginning of new iteration,       672.1198073887
Predicted improvement:        0.036774135
lambda =          1; f =          672.0796401
Norm of dx   0.069137
----
Improvement on iteration 142 =        0.040167246
-----------------
f at the beginning of new iteration,       672.0796401427
Predicted improvement:        0.001894398
lambda =          1; f =          672.0768196
lambda =     1.9332; f =          672.0759171
Norm of dx  0.0071055
----
Improvement on iteration 143 =        0.003723049
-----------------
f at the beginning of new iteration,       672.0759170932
Predicted improvement:        0.001426018
lambda =          1; f =          672.0731561
lambda =     1.9332; f =          672.0707451
lambda =     3.7372; f =          672.0665378
lambda =     7.2247; f =          672.0601007
lambda =     13.967; f =          672.0540095
Norm of dx  0.0014235
----
Improvement on iteration 144 =        0.021907574
-----------------
f at the beginning of new iteration,       672.0540095197
Predicted improvement:        0.014366175
lambda =          1; f =          672.0304319
lambda =     1.9332; f =          672.0177288
Norm of dx  0.0078596
----
Improvement on iteration 145 =        0.036280720
-----------------
f at the beginning of new iteration,       672.0177287994
Predicted improvement:        0.012839065
lambda =          1; f =          672.0026753
Norm of dx   0.030325
----
Improvement on iteration 146 =        0.015053459
-----------------
f at the beginning of new iteration,       672.0026753405
Predicted improvement:        0.001639590
lambda =          1; f =          672.0003684
lambda =     1.9332; f =          671.9999815
Norm of dx   0.008665
----
Improvement on iteration 147 =        0.002693858
-----------------
f at the beginning of new iteration,       671.9999814821
Predicted improvement:        0.001085841
lambda =          1; f =          671.9979596
lambda =     1.9332; f =          671.9963426
lambda =     3.7372; f =          671.9939525
lambda =     7.2247; f =          671.9920625
Norm of dx  0.0024684
----
Improvement on iteration 148 =        0.007919020
-----------------
f at the beginning of new iteration,       671.9920624619
Predicted improvement:        0.006683001
lambda =          1; f =          671.9791048
lambda =     1.9332; f =          671.9677477
lambda =     3.7372; f =          671.9478040
lambda =     7.2247; f =          671.9167707
lambda =     13.967; f =          671.8849374
Norm of dx  0.0047582
----
Improvement on iteration 149 =        0.107125083
-----------------
f at the beginning of new iteration,       671.8849373787
Predicted improvement:        0.057606859
lambda =          1; f =          671.8056175
Norm of dx     0.0695
----
Improvement on iteration 150 =        0.079319898
-----------------
f at the beginning of new iteration,       671.8056174811
Predicted improvement:        0.017958112
lambda =          1; f =          671.7863572
Norm of dx   0.055561
----
Improvement on iteration 151 =        0.019260258
-----------------
f at the beginning of new iteration,       671.7863572235
Predicted improvement:        0.001414208
lambda =          1; f =          671.7837782
lambda =     1.9332; f =          671.7818306
lambda =     3.7372; f =          671.7793215
Norm of dx  0.0060409
----
Improvement on iteration 152 =        0.007035706
-----------------
f at the beginning of new iteration,       671.7793215179
Predicted improvement:        0.007146601
lambda =          1; f =          671.7665718
lambda =     1.9332; f =          671.7574579
lambda =     3.7372; f =          671.7474549
Norm of dx    0.01528
----
Improvement on iteration 153 =        0.031866618
-----------------
f at the beginning of new iteration,       671.7474549002
Predicted improvement:        0.020805186
lambda =          1; f =          671.7131115
lambda =     1.9332; f =          671.6941840
Norm of dx   0.015566
----
Improvement on iteration 154 =        0.053270877
-----------------
f at the beginning of new iteration,       671.6941840235
Predicted improvement:        0.014434080
lambda =          1; f =          671.6787934
Norm of dx   0.034878
----
Improvement on iteration 155 =        0.015390643
-----------------
f at the beginning of new iteration,       671.6787933801
Predicted improvement:        0.000482030
lambda =          1; f =          671.6781080
lambda =     1.9332; f =          671.6779757
Norm of dx  0.0065421
----
Improvement on iteration 156 =        0.000817688
-----------------
f at the beginning of new iteration,       671.6779756926
Predicted improvement:        0.000352853
lambda =          1; f =          671.6773117
lambda =     1.9332; f =          671.6767622
lambda =     3.7372; f =          671.6758923
lambda =     7.2247; f =          671.6749319
Norm of dx 0.00082802
----
Improvement on iteration 157 =        0.003043776
-----------------
f at the beginning of new iteration,       671.6749319168
Predicted improvement:        0.002884378
lambda =          1; f =          671.6694116
lambda =     1.9332; f =          671.6646989
lambda =     3.7372; f =          671.6567893
lambda =     7.2247; f =          671.6459885
Norm of dx  0.0014244
----
Improvement on iteration 158 =        0.028943369
-----------------
f at the beginning of new iteration,       671.6459885478
Predicted improvement:        0.033595570
lambda =          1; f =          671.5874493
lambda =     1.9332; f =          671.5482915
lambda =     3.7372; f =          671.5149009
Norm of dx   0.020289
----
Improvement on iteration 159 =        0.131087678
-----------------
f at the beginning of new iteration,       671.5149008693
Predicted improvement:        0.062136464
lambda =          1; f =          671.4167204
lambda =     1.9332; f =          671.3715792
Norm of dx   0.033719
----
Improvement on iteration 160 =        0.143321706
-----------------
f at the beginning of new iteration,       671.3715791632
Predicted improvement:        0.017094411
lambda =          1; f =          671.3526407
Norm of dx   0.014488
----
Improvement on iteration 161 =        0.018938512
-----------------
f at the beginning of new iteration,       671.3526406514
Predicted improvement:        0.005057964
lambda =          1; f =          671.3438369
lambda =     1.9332; f =          671.3380209
lambda =     3.7372; f =          671.3332614
Norm of dx  0.0039931
----
Improvement on iteration 162 =        0.019379253
-----------------
f at the beginning of new iteration,       671.3332613981
Predicted improvement:        0.016213499
lambda =          1; f =          671.3018287
lambda =     1.9332; f =          671.2743069
lambda =     3.7372; f =          671.2260845
lambda =     7.2247; f =          671.1517237
lambda =     13.967; f =          671.0813130
Norm of dx  0.0061143
----
Improvement on iteration 163 =        0.251948377
-----------------
f at the beginning of new iteration,       671.0813130212
Predicted improvement:        0.144586750
lambda =          1; f =          670.8677295
lambda =     1.9332; f =          670.8021665
Norm of dx    0.11759
----
Improvement on iteration 164 =        0.279146533
-----------------
f at the beginning of new iteration,       670.8021664877
Predicted improvement:        0.024137998
lambda =          1; f =          670.7800775
Norm of dx   0.012684
----
Improvement on iteration 165 =        0.022088974
-----------------
f at the beginning of new iteration,       670.7800775138
Predicted improvement:        0.003666036
lambda =          1; f =          670.7767690
Norm of dx   0.010943
----
Improvement on iteration 166 =        0.003308474
-----------------
f at the beginning of new iteration,       670.7767690399
Predicted improvement:        0.000775489
lambda =          1; f =          670.7753941
lambda =     1.9332; f =          670.7744330
lambda =     3.7372; f =          670.7734608
Norm of dx  0.0023487
----
Improvement on iteration 167 =        0.003308269
-----------------
f at the beginning of new iteration,       670.7734607711
Predicted improvement:        0.003007941
lambda =          1; f =          670.7676725
lambda =     1.9332; f =          670.7626831
lambda =     3.7372; f =          670.7541662
lambda =     7.2247; f =          670.7419180
lambda =     13.967; f =          670.7340008
Norm of dx  0.0035188
----
Improvement on iteration 168 =        0.039459986
-----------------
f at the beginning of new iteration,       670.7340007851
Predicted improvement:        0.036045859
lambda =          1; f =          670.6664403
lambda =     1.9332; f =          670.6115523
lambda =     3.7372; f =          670.5278450
lambda =     7.2247; f =          670.4503250
Norm of dx   0.021677
----
Improvement on iteration 169 =        0.283675766
-----------------
f at the beginning of new iteration,       670.4503250192
Predicted improvement:        0.103924214
lambda =          1; f =          670.3095358
Norm of dx   0.070067
----
Improvement on iteration 170 =        0.140789218
-----------------
f at the beginning of new iteration,       670.3095358016
Predicted improvement:        0.035518050
lambda =          1; f =          670.2700991
Norm of dx   0.039595
----
Improvement on iteration 171 =        0.039436670
-----------------
f at the beginning of new iteration,       670.2700991312
Predicted improvement:        0.002311767
lambda =          1; f =          670.2674875
Norm of dx  0.0058819
----
Improvement on iteration 172 =        0.002611675
-----------------
f at the beginning of new iteration,       670.2674874557
Predicted improvement:        0.000310674
lambda =          1; f =          670.2671082
Norm of dx   0.004281
----
Improvement on iteration 173 =        0.000379241
-----------------
f at the beginning of new iteration,       670.2671082152
Predicted improvement:        0.000166631
lambda =          1; f =          670.2668085
lambda =     1.9332; f =          670.2665857
lambda =     3.7372; f =          670.2663102
Norm of dx  0.0014359
----
Improvement on iteration 174 =        0.000798011
-----------------
f at the beginning of new iteration,       670.2663102039
Predicted improvement:        0.000806414
lambda =          1; f =          670.2647836
lambda =     1.9332; f =          670.2635072
lambda =     3.7372; f =          670.2614457
lambda =     7.2247; f =          670.2589795
Norm of dx  0.0025973
----
Improvement on iteration 175 =        0.007330709
-----------------
f at the beginning of new iteration,       670.2589794950
Predicted improvement:        0.007644839
lambda =          1; f =          670.2442840
lambda =     1.9332; f =          670.2316247
lambda =     3.7372; f =          670.2100414
lambda =     7.2247; f =          670.1791506
lambda =     13.967; f =          670.1603264
Norm of dx  0.0068643
----
Improvement on iteration 176 =        0.098653069
-----------------
f at the beginning of new iteration,       670.1603264261
Predicted improvement:        0.091066981
lambda =          1; f =          669.9835072
lambda =     1.9332; f =          669.8280086
lambda =     3.7372; f =          669.5528264
lambda =     7.2247; f =          669.1177192
lambda =     13.967; f =          668.7439268
Norm of dx   0.017909
----
Improvement on iteration 177 =        1.416399586
-----------------
f at the beginning of new iteration,       668.7439268405
Predicted improvement:        0.404131204
lambda =          1; f =          668.2890925
Norm of dx   0.090788
----
Improvement on iteration 178 =        0.454834305
-----------------
f at the beginning of new iteration,       668.2890925357
Predicted improvement:        0.284640421
lambda =          1; f =          668.1804918
lambda =    0.33333; f =          668.1368246
lambda =    0.64439; f =          668.0823025
Norm of dx    0.14049
----
Improvement on iteration 179 =        0.206790047
-----------------
f at the beginning of new iteration,       668.0823024890
Predicted improvement:        0.126570309
lambda =          1; f =          668.0106479
lambda =    0.33333; f =          668.0177196
lambda =    0.64439; f =          667.9936372
Norm of dx   0.045162
----
Improvement on iteration 180 =        0.088665309
-----------------
f at the beginning of new iteration,       667.9936371797
Predicted improvement:        0.024843052
lambda =          1; f =          667.9572789
lambda =     1.9332; f =          667.9467992
Norm of dx   0.026742
----
Improvement on iteration 181 =        0.046837938
-----------------
f at the beginning of new iteration,       667.9467992413
Predicted improvement:        0.011990494
lambda =          1; f =          667.9322342
Norm of dx   0.015561
----
Improvement on iteration 182 =        0.014564996
-----------------
f at the beginning of new iteration,       667.9322342452
Predicted improvement:        0.006628969
lambda =          1; f =          667.9239492
Norm of dx   0.017191
----
Improvement on iteration 183 =        0.008285011
-----------------
f at the beginning of new iteration,       667.9239492343
Predicted improvement:        0.002629635
lambda =          1; f =          667.9209141
Norm of dx    0.01068
----
Improvement on iteration 184 =        0.003035094
-----------------
f at the beginning of new iteration,       667.9209141404
Predicted improvement:        0.000448342
lambda =          1; f =          667.9204995
Norm of dx  0.0040046
----
Improvement on iteration 185 =        0.000414640
-----------------
f at the beginning of new iteration,       667.9204995008
Correct for low angle: 0.00309156
Predicted improvement:        0.000089945
lambda =          1; f =          667.9203847
Norm of dx  0.0017253
----
Improvement on iteration 186 =        0.000114789
-----------------
f at the beginning of new iteration,       667.9203847116
Correct for low angle: 0.00363495
Predicted improvement:        0.000062550
lambda =          1; f =          667.9202802
lambda =     1.9332; f =          667.9202162
Norm of dx  0.0012023
----
Improvement on iteration 187 =        0.000168468
-----------------
f at the beginning of new iteration,       667.9202162435
Predicted improvement:        0.000177274
lambda =          1; f =          667.9199038
lambda =     1.9332; f =          667.9196874
lambda =     3.7372; f =          667.9194741
Norm of dx  0.0017944
----
Improvement on iteration 188 =        0.000742149
-----------------
f at the beginning of new iteration,       667.9194740944
Predicted improvement:        0.000599451
lambda =          1; f =          667.9182953
lambda =     1.9332; f =          667.9172295
lambda =     3.7372; f =          667.9152619
lambda =     7.2247; f =          667.9118038
lambda =     13.967; f =          667.9063974
lambda =         27; f =          667.9006439
Norm of dx 0.00097177
----
Improvement on iteration 189 =        0.018830230
-----------------
f at the beginning of new iteration,       667.9006438648
Predicted improvement:        0.017977344
lambda =          1; f =          667.8676919
lambda =     1.9332; f =          667.8426859
lambda =     3.7372; f =          667.8124819
Norm of dx  0.0050825
----
Improvement on iteration 190 =        0.088161981
-----------------
f at the beginning of new iteration,       667.8124818842
Predicted improvement:        0.034868886
lambda =          1; f =          667.7732805
Norm of dx    0.03742
----
Improvement on iteration 191 =        0.039201336
-----------------
f at the beginning of new iteration,       667.7732805484
Predicted improvement:        0.005070837
lambda =          1; f =          667.7704520
lambda =    0.33333; f =          667.7707182
lambda =    0.64439; f =          667.7697892
Norm of dx   0.016953
----
Improvement on iteration 192 =        0.003491360
-----------------
f at the beginning of new iteration,       667.7697891883
Predicted improvement:        0.000299752
lambda =          1; f =          667.7695002
Norm of dx  0.0031185
----
Improvement on iteration 193 =        0.000288999
-----------------
f at the beginning of new iteration,       667.7695001892
Predicted improvement:        0.000013141
lambda =          1; f =          667.7694832
Norm of dx 0.00050431
----
Improvement on iteration 194 =        0.000017007
-----------------
f at the beginning of new iteration,       667.7694831825
Predicted improvement:        0.000001692
lambda =          1; f =          667.7694807
lambda =     1.9332; f =          667.7694801
Norm of dx  0.0001523
----
Improvement on iteration 195 =        0.000003121
-----------------
f at the beginning of new iteration,       667.7694800610
Predicted improvement:        0.000001292
lambda =          1; f =          667.7694775
lambda =     1.9332; f =          667.7694753
lambda =     3.7372; f =          667.7694712
lambda =     7.2247; f =          667.7694642
lambda =     13.967; f =          667.7694544
lambda =         27; f =          667.7694490
Norm of dx 4.3874e-05
----
Improvement on iteration 196 =        0.000031022
-----------------
f at the beginning of new iteration,       667.7694490387
Predicted improvement:        0.000030802
lambda =          1; f =          667.7693885
lambda =     1.9332; f =          667.7693339
lambda =     3.7372; f =          667.7692340
lambda =     7.2247; f =          667.7690610
lambda =     13.967; f =          667.7688022
lambda =         27; f =          667.7685813
Norm of dx 0.00050252
----
Improvement on iteration 197 =        0.000867703
-----------------
f at the beginning of new iteration,       667.7685813357
Predicted improvement:        0.000750362
lambda =          1; f =          667.7672201
lambda =     1.9332; f =          667.7661998
lambda =     3.7372; f =          667.7649104
Norm of dx   0.013531
----
Improvement on iteration 198 =        0.003670911
-----------------
f at the beginning of new iteration,       667.7649104245
Predicted improvement:        0.000947476
lambda =          1; f =          667.7639472
Norm of dx   0.031165
----
Improvement on iteration 199 =        0.000963224
-----------------
f at the beginning of new iteration,       667.7639472002
Predicted improvement:        0.000035629
lambda =          1; f =          667.7639105
Norm of dx   0.001334
----
Improvement on iteration 200 =        0.000036657
-----------------
f at the beginning of new iteration,       667.7639105427
Predicted improvement:        0.000004630
lambda =          1; f =          667.7639062
Norm of dx 0.00040638
----
Improvement on iteration 201 =        0.000004334
-----------------
f at the beginning of new iteration,       667.7639062091
Predicted improvement:        0.000000055
lambda =          1; f =          667.7639061
lambda =     1.9332; f =          667.7639061
lambda =     1.3017; f =          667.7639061
Norm of dx 0.00010336
----
Improvement on iteration 202 =        0.000000084
improvement < crit termination

Final value of minus the log posterior (or likelihood):667.763906 

MODE CHECK

Fval obtained by the minimization routine (minus the posterior/likelihood)): 667.763906

RESULTS FROM POSTERIOR ESTIMATION
parameters
         prior mean     mode    s.d. prior pstdev

psi1         1.500   1.0852  0.0510 norm  0.2500 
rho_r        0.750   0.6214  0.0443 beta  0.1000 
psi2         0.120   0.0017  0.0024 norm  0.0500 
psi3         0.120   0.2118  0.0336 norm  0.0500 
zeta_p       0.500   0.6576  0.0632 beta  0.1000 
zeta_w       0.500   0.8092  0.0391 beta  0.1000 
iota_w       0.500   0.2281  0.0709 beta  0.1500 
iota_p       0.500   0.2419  0.0898 beta  0.1500 
zeta_spb     0.050   0.0532  0.0040 beta  0.0050 
sprd_aux     2.000   1.8299  0.0829 gamm  0.1000 
alp          0.300   0.1171  0.0126 norm  0.0500 
Bigphi       1.250   1.3533  0.0733 norm  0.1200 
h            0.700   0.6977  0.0401 beta  0.1000 
nu_l         2.000   3.0008  0.5874 norm  0.7500 
rstar_aux    0.250   0.2972  0.0774 gamm  0.1000 
pistar_aux   0.750   0.9384  0.2602 gamm  0.4000 
zstar_aux    0.400   0.8272  0.0322 norm  0.1000 
s2           4.000   4.4057  0.9129 norm  1.5000 
sigmac       1.500   0.5060  0.0521 norm  0.3700 
ppsi         0.500   0.0973  0.0378 beta  0.1500 
Lmean      -45.000 -45.0107  2.9863 norm  5.0000 
rho_z        0.500   0.9817  0.0135 beta  0.2000 
rho_b        0.500   0.9681  0.0048 beta  0.2000 
rho_g        0.500   0.8513  0.0459 beta  0.2000 
rho_mu       0.500   0.8229  0.0535 beta  0.2000 
rho_rm       0.500   0.2472  0.0781 beta  0.2000 
rho_laf      0.500   0.9971  0.0016 beta  0.2000 
rho_law      0.500   0.9309  0.0189 beta  0.2000 
eta_laf      0.500   0.6872  0.1515 beta  0.2000 
eta_law      0.500   0.4612  0.1786 beta  0.2000 
eta_gz       0.500   0.5960  0.2272 beta  0.2000 
rho_sigw     0.750   0.9856  0.0188 beta  0.1500 

standard deviation of shocks
         prior mean     mode    s.d. prior pstdev

z_sh         0.100   0.5020  0.0328 invg  2.0000 
g_sh         0.100   2.7212  0.1628 invg  2.0000 
b_sh         0.100   0.0231  0.0030 invg  2.0000 
mu_sh        0.100   0.4057  0.0390 invg  2.0000 
laf_sh       0.100   0.1268  0.0166 invg  2.0000 
law_sh       0.100   0.1268  0.0196 invg  2.0000 
sigw_sh      0.050   0.0534  0.0034 invg  4.0000 
rm_sh        0.100   0.2700  0.0177 invg  2.0000 


Log data density [Laplace approximation] is -767.680880.

Estimation::mcmc: One Chain mode.
Estimation::mcmc: Initialization at the posterior mode.

Estimation::mcmc: Write details about the MCMC... Ok!
Estimation::mcmc: Details about the MCMC are available in DNGS15_cql/metropolis\DNGS15_cql_mh_history_0.mat


Estimation::mcmc: Number of mh files: 2 per block.
Estimation::mcmc: Total number of generated files: 2.
Estimation::mcmc: Total number of iterations: 500000.
Estimation::mcmc: Current acceptance ratio per chain: 
                                                       Chain  1: 28.0486%
Estimation::mcmc: Total number of MH draws per chain: 500000.
Estimation::mcmc: Total number of generated MH files: 2.
Estimation::mcmc: I'll use mh-files 1 to 2.
Estimation::mcmc: In MH-file number 1 I'll start at line 200001.
Estimation::mcmc: Finally I keep 300000 draws per chain.



MCMC Inefficiency factors per block
Parameter        Block 1
SE_z_sh          185.683
SE_g_sh          171.041
SE_b_sh          211.096
SE_mu_sh         193.334
SE_laf_sh        233.882
SE_law_sh        184.418
SE_sigw_sh       178.422
SE_rm_sh         173.423
psi1             259.251
rho_r            179.388
psi2             493.589
psi3             158.985
zeta_p           217.113
zeta_w           227.497
iota_w           226.444
iota_p           201.451
zeta_spb         184.022
sprd_aux         160.831
alp              180.093
Bigphi           179.862
h                234.901
nu_l             169.828
rstar_aux        169.075
pistar_aux       182.655
zstar_aux        188.228
s2               176.358
sigmac           248.235
ppsi             176.957
Lmean            176.092
rho_z            158.313
rho_b            297.870
rho_g            152.570
rho_mu           179.547
rho_rm           159.895
rho_laf          351.990
rho_law          170.058
eta_laf          337.192
eta_law          154.429
eta_gz           120.904
rho_sigw         172.960


Geweke (1992) Convergence Tests, based on means of draws 200000 to 260000 vs 350000 to 500000.
p-values are for Chi2-test for equality of means.
Parameter          Post. Mean        Post. Std   p-val No Taper   p-val 4% Taper   p-val 8% Taper  p-val 15% Taper
SE_z_sh                 0.510            0.034            0.000            0.294            0.257            0.239
SE_g_sh                 2.768            0.170            0.000            0.613            0.625            0.617
SE_b_sh                 0.024            0.003            0.000            0.039            0.056            0.064
SE_mu_sh                0.418            0.043            0.000            0.691            0.670            0.614
SE_laf_sh               0.127            0.018            0.000            0.372            0.372            0.348
SE_law_sh               0.133            0.020            0.850            0.988            0.988            0.987
SE_sigw_sh              0.056            0.004            0.000            0.334            0.337            0.294
SE_rm_sh                0.278            0.019            0.000            0.633            0.634            0.614
psi1                    1.127            0.054            0.000            0.038            0.034            0.024
rho_r                   0.615            0.045            0.000            0.341            0.331            0.253
psi2                    0.005            0.005            0.000            0.047            0.085            0.131
psi3                    0.215            0.033            0.108            0.900            0.901            0.898
zeta_p                  0.627            0.060            0.000            0.158            0.177            0.119
zeta_w                  0.787            0.040            0.000            0.525            0.548            0.554
iota_w                  0.261            0.072            0.000            0.788            0.793            0.799
iota_p                  0.248            0.088            0.000            0.652            0.653            0.627
zeta_spb                0.054            0.004            0.000            0.371            0.369            0.318
sprd_aux                1.816            0.083            0.052            0.875            0.882            0.883
alp                     0.118            0.013            0.454            0.957            0.956            0.954
Bigphi                  1.361            0.074            0.000            0.327            0.329            0.296
h                       0.678            0.044            0.000            0.138            0.117            0.102
nu_l                    2.928            0.594            0.094            0.898            0.900            0.898
rstar_aux               0.287            0.078            0.000            0.336            0.283            0.258
pistar_aux              0.931            0.262            0.110            0.917            0.928            0.923
zstar_aux               0.818            0.033            0.000            0.214            0.235            0.257
s2                      4.410            0.940            0.000            0.433            0.407            0.301
sigmac                  0.533            0.061            0.000            0.237            0.213            0.168
ppsi                    0.107            0.039            0.001            0.805            0.795            0.770
Lmean                 -44.800            2.920            0.003            0.843            0.852            0.847
rho_z                   0.978            0.012            0.939            0.995            0.995            0.995
rho_b                   0.971            0.006            0.000            0.049            0.060            0.079
rho_g                   0.863            0.044            0.000            0.518            0.468            0.408
rho_mu                  0.829            0.054            0.000            0.283            0.266            0.196
rho_rm                  0.245            0.075            0.000            0.490            0.458            0.374
rho_laf                 0.996            0.003            0.000            0.342            0.382            0.393
rho_law                 0.928            0.018            0.000            0.659            0.652            0.615
eta_laf                 0.580            0.154            0.000            0.010            0.013            0.015
eta_law                 0.388            0.143            0.000            0.488            0.484            0.417
eta_gz                  0.561            0.185            0.000            0.345            0.354            0.315
rho_sigw                0.976            0.017            0.000            0.252            0.257            0.161


Estimation::marginal density: I'm computing the posterior mean and covariance...  Done!
Estimation::marginal density: I'm computing the posterior log marginal density (modified harmonic mean)... Done!


ESTIMATION RESULTS

Log data density is -767.371695.

parameters
             prior mean   post. mean        90% HPD interval    prior       pstdev

psi1              1.500       1.1280      1.0389      1.2137   norm        0.2500
rho_r             0.750       0.6165      0.5452      0.6896   beta        0.1000
psi2              0.120       0.0049     -0.0018      0.0123   norm        0.0500
psi3              0.120       0.2159      0.1609      0.2704   norm        0.0500
zeta_p            0.500       0.6269      0.5268      0.7251   beta        0.1000
zeta_w            0.500       0.7846      0.7177      0.8520   beta        0.1000
iota_w            0.500       0.2621      0.1443      0.3776   beta        0.1500
iota_p            0.500       0.2480      0.1079      0.3889   beta        0.1500
zeta_spb          0.050       0.0539      0.0471      0.0607   beta        0.0050
sprd_aux          2.000       1.8178      1.6763      1.9475   gamm        0.1000
alp               0.300       0.1176      0.0957      0.1401   norm        0.0500
Bigphi            1.250       1.3587      1.2364      1.4792   norm        0.1200
h                 0.700       0.6768      0.6044      0.7509   beta        0.1000
nu_l              2.000       2.9260      1.9773      3.9160   norm        0.7500
rstar_aux         0.250       0.2887      0.1565      0.4161   gamm        0.1000
pistar_aux        0.750       0.9329      0.4916      1.3651   gamm        0.4000
zstar_aux         0.400       0.8188      0.7680      0.8739   norm        0.1000
s2                4.000       4.4434      2.9336      5.9415   norm        1.5000
sigmac            1.500       0.5333      0.4287      0.6297   norm        0.3700
ppsi              0.500       0.1047      0.0456      0.1634   beta        0.1500
Lmean           -45.000     -44.8199    -49.5548    -39.9360   norm        5.0000
rho_z             0.500       0.9780      0.9604      0.9956   beta        0.2000
rho_b             0.500       0.9710      0.9614      0.9803   beta        0.2000
rho_g             0.500       0.8635      0.7928      0.9374   beta        0.2000
rho_mu            0.500       0.8277      0.7450      0.9139   beta        0.2000
rho_rm            0.500       0.2433      0.1210      0.3687   beta        0.2000
rho_laf           0.500       0.9957      0.9922      0.9993   beta        0.2000
rho_law           0.500       0.9289      0.8998      0.9577   beta        0.2000
eta_laf           0.500       0.5808      0.3333      0.8340   beta        0.2000
eta_law           0.500       0.3897      0.1521      0.6199   beta        0.2000
eta_gz            0.500       0.5619      0.2586      0.8688   beta        0.2000
rho_sigw          0.750       0.9760      0.9516      0.9993   beta        0.1500

standard deviation of shocks
             prior mean   post. mean        90% HPD interval    prior       pstdev

z_sh              0.100       0.5114      0.4566      0.5689   invg        2.0000
g_sh              0.100       2.7707      2.4962      3.0429   invg        2.0000
b_sh              0.100       0.0245      0.0192      0.0297   invg        2.0000
mu_sh             0.100       0.4170      0.3515      0.4837   invg        2.0000
laf_sh            0.100       0.1277      0.0971      0.1572   invg        2.0000
law_sh            0.100       0.1337      0.1025      0.1665   invg        2.0000
sigw_sh           0.050       0.0557      0.0496      0.0615   invg        4.0000
rm_sh             0.100       0.2782      0.2471      0.3083   invg        2.0000
Estimation::mcmc: Posterior (dsge) IRFs...
Estimation::mcmc: Posterior IRFs, done!
Estimation::mcmc: Smoothed variables
Estimation::mcmc: Smoothed variables, done!
Estimation::mcmc: Smoothed shocks
Estimation::mcmc: Smoothed shocks, done!
Estimation::mcmc: Trend_coefficients
Estimation::mcmc: Trend_coefficients, done!
Estimation::mcmc: Smoothed constant
Estimation::mcmc: Smoothed constant, done!
Estimation::mcmc: Smoothed trend
Estimation::mcmc: Smoothed trend, done!
Estimation::mcmc: Updated Variables
Estimation::mcmc: Updated Variables, done!
Estimation::mcmc: Forecasted variables (mean)
Estimation::mcmc: Forecasted variables (mean), done!
Estimation::mcmc: Forecasted variables (point)
Estimation::mcmc: Forecasted variables (point), done!
Total computing time : 4h50m41s
Note: warning(s) encountered in MATLAB/Octave code
