Starting Dynare (version 4.5.7).
Starting preprocessing of the model file ...
Found 43 equation(s).
Evaluating expressions...done
Computing static model derivatives:
 - order 1
Computing dynamic model derivatives:
 - order 1
 - order 2
Processing outputs ...
done
Preprocessing completed.
Initial value of the log posterior (or likelihood): -655.3894
-----------------
f at the beginning of new iteration,       655.3893871123
Predicted improvement:      285.739484241
lambda =          1; f =          655.3974307
lambda =    0.33333; f =          562.1961204
Norm of dx    0.23906
----
Improvement on iteration 1 =       93.193266748
-----------------
f at the beginning of new iteration,       562.1961203642
Predicted improvement:       29.345688915
lambda =          1; f =          562.1961448
lambda =    0.33333; f =          546.5438384
lambda =    0.64439; f =          538.5526007
Norm of dx   0.080114
----
Improvement on iteration 2 =       23.643519641
-----------------
f at the beginning of new iteration,       538.5526007227
Predicted improvement:       16.955790709
lambda =          1; f =          538.5526007
lambda =    0.33333; f =          529.9599524
lambda =    0.64439; f =          530.1064976
Norm of dx   0.082034
----
Improvement on iteration 3 =        8.592648321
-----------------
f at the beginning of new iteration,       529.9599524013
Predicted improvement:       23.151611635
lambda =          1; f =          534.8698260
lambda =    0.33333; f =          519.3443024
Norm of dx     0.1385
----
Improvement on iteration 4 =       10.615649984
-----------------
f at the beginning of new iteration,       519.3443024174
Predicted improvement:        9.386823837
lambda =          1; f =          509.4912042
Norm of dx   0.081979
----
Improvement on iteration 5 =        9.853098260
-----------------
f at the beginning of new iteration,       509.4912041571
Predicted improvement:        5.420056126
lambda =          1; f =          505.2444265
Norm of dx   0.054141
----
Improvement on iteration 6 =        4.246777702
-----------------
f at the beginning of new iteration,       505.2444264556
Predicted improvement:        2.212564207
lambda =          1; f =          502.6986466
Norm of dx   0.021388
----
Improvement on iteration 7 =        2.545779895
-----------------
f at the beginning of new iteration,       502.6986465608
Predicted improvement:        1.408507393
lambda =          1; f =          502.4114350
lambda =    0.33333; f =          502.0687965
Norm of dx   0.023298
----
Improvement on iteration 8 =        0.629850096
-----------------
f at the beginning of new iteration,       502.0687964643
Predicted improvement:        1.621375302
lambda =          1; f =          499.8430466
Norm of dx    0.03689
----
Improvement on iteration 9 =        2.225749855
-----------------
f at the beginning of new iteration,       499.8430466094
Predicted improvement:        1.610515532
lambda =          1; f =          497.6760939
Norm of dx   0.055289
----
Improvement on iteration 10 =        2.166952720
-----------------
f at the beginning of new iteration,       497.6760938891
Predicted improvement:        1.604997142
lambda =          1; f =          495.5626690
Norm of dx   0.061567
----
Improvement on iteration 11 =        2.113424906
-----------------
f at the beginning of new iteration,       495.5626689833
Predicted improvement:        1.890248813
lambda =          1; f =          493.2898443
Norm of dx   0.080181
----
Improvement on iteration 12 =        2.272824725
-----------------
f at the beginning of new iteration,       493.2898442587
Predicted improvement:        2.235890821
lambda =          1; f =          489.8296897
lambda =     1.9332; f =          489.7011143
Norm of dx   0.088572
----
Improvement on iteration 13 =        3.588729980
-----------------
f at the beginning of new iteration,       489.7011142786
Predicted improvement:        5.213758609
lambda =          1; f =          485.5839885
Norm of dx   0.058706
----
Improvement on iteration 14 =        4.117125780
-----------------
f at the beginning of new iteration,       485.5839884981
Predicted improvement:        1.687266756
lambda =          1; f =          483.5769368
Norm of dx   0.037831
----
Improvement on iteration 15 =        2.007051699
-----------------
f at the beginning of new iteration,       483.5769367996
Predicted improvement:        1.714543991
lambda =          1; f =          481.4344239
Norm of dx    0.05504
----
Improvement on iteration 16 =        2.142512929
-----------------
f at the beginning of new iteration,       481.4344238706
Predicted improvement:        1.458682011
lambda =          1; f =          479.1224770
lambda =     1.9332; f =          478.2482074
Norm of dx   0.031215
----
Improvement on iteration 17 =        3.186216425
-----------------
f at the beginning of new iteration,       478.2482074455
Predicted improvement:        3.780982527
lambda =          1; f =          474.3135188
Norm of dx   0.086197
----
Improvement on iteration 18 =        3.934688660
-----------------
f at the beginning of new iteration,       474.3135187859
Predicted improvement:        8.538637732
lambda =          1; f =          484.1612322
lambda =    0.33333; f =          472.6523699
lambda =    0.11111; f =          473.0036219
Norm of dx    0.12295
----
Improvement on iteration 19 =        1.661148878
-----------------
f at the beginning of new iteration,       472.6523699082
Predicted improvement:        3.301191055
lambda =          1; f =          470.0874099
Norm of dx   0.025719
----
Improvement on iteration 20 =        2.564960004
-----------------
f at the beginning of new iteration,       470.0874099039
Predicted improvement:        1.080993797
lambda =          1; f =          468.4595506
lambda =     1.9332; f =          468.1629032
Norm of dx   0.045082
----
Improvement on iteration 21 =        1.924506660
-----------------
f at the beginning of new iteration,       468.1629032440
Predicted improvement:        1.066729094
lambda =          1; f =          467.0325654
Norm of dx   0.021553
----
Improvement on iteration 22 =        1.130337813
-----------------
f at the beginning of new iteration,       467.0325654306
Predicted improvement:        0.700374046
lambda =          1; f =          466.2528021
Norm of dx   0.027719
----
Improvement on iteration 23 =        0.779763314
-----------------
f at the beginning of new iteration,       466.2528021162
Predicted improvement:        0.547834470
lambda =          1; f =          465.6151405
Norm of dx   0.041327
----
Improvement on iteration 24 =        0.637661633
-----------------
f at the beginning of new iteration,       465.6151404832
Predicted improvement:        0.282291556
lambda =          1; f =          465.1707585
lambda =     1.9332; f =          464.9752193
Norm of dx   0.025424
----
Improvement on iteration 25 =        0.639921232
-----------------
f at the beginning of new iteration,       464.9752192517
Predicted improvement:        0.437792687
lambda =          1; f =          464.2982738
lambda =     1.9332; f =          464.0185516
Norm of dx   0.026318
----
Improvement on iteration 26 =        0.956667645
-----------------
f at the beginning of new iteration,       464.0185516062
Predicted improvement:        0.375315944
lambda =          1; f =          463.4428091
lambda =     1.9332; f =          463.1982621
Norm of dx   0.027759
----
Improvement on iteration 27 =        0.820289506
-----------------
f at the beginning of new iteration,       463.1982620998
Predicted improvement:        0.401334091
lambda =          1; f =          462.6731845
Norm of dx   0.036077
----
Improvement on iteration 28 =        0.525077574
-----------------
f at the beginning of new iteration,       462.6731845261
Predicted improvement:        0.303903399
lambda =          1; f =          462.2259776
lambda =     1.9332; f =          462.0739929
Norm of dx   0.026802
----
Improvement on iteration 29 =        0.599191589
-----------------
f at the beginning of new iteration,       462.0739929366
Predicted improvement:        0.201417942
lambda =          1; f =          461.7394755
lambda =     1.9332; f =          461.5503570
Norm of dx    0.02809
----
Improvement on iteration 30 =        0.523635921
-----------------
f at the beginning of new iteration,       461.5503570151
Predicted improvement:        0.349714003
lambda =          1; f =          461.0526482
lambda =     1.9332; f =          460.9436185
Norm of dx   0.034355
----
Improvement on iteration 31 =        0.606738473
-----------------
f at the beginning of new iteration,       460.9436185420
Predicted improvement:        0.187227839
lambda =          1; f =          460.6031803
lambda =     1.9332; f =          460.3457419
lambda =     3.7372; f =          460.0083697
Norm of dx   0.014918
----
Improvement on iteration 32 =        0.935248883
-----------------
f at the beginning of new iteration,       460.0083696594
Predicted improvement:        0.652468434
lambda =          1; f =          458.9809609
lambda =     1.9332; f =          458.5932603
Norm of dx   0.075563
----
Improvement on iteration 33 =        1.415109322
-----------------
f at the beginning of new iteration,       458.5932603374
Predicted improvement:        0.725029506
lambda =          1; f =          457.4474017
lambda =     1.9332; f =          456.9367299
Norm of dx   0.077151
----
Improvement on iteration 34 =        1.656530472
-----------------
f at the beginning of new iteration,       456.9367298657
Predicted improvement:        0.541224790
lambda =          1; f =          456.1776428
lambda =     1.9332; f =          456.1367999
Norm of dx   0.096994
----
Improvement on iteration 35 =        0.799929956
-----------------
f at the beginning of new iteration,       456.1367999102
Predicted improvement:        0.492817787
lambda =          1; f =          455.4890713
Norm of dx   0.035958
----
Improvement on iteration 36 =        0.647728624
-----------------
f at the beginning of new iteration,       455.4890712857
Predicted improvement:        0.476197401
lambda =          1; f =          454.7782451
lambda =     1.9332; f =          454.6091099
Norm of dx   0.018385
----
Improvement on iteration 37 =        0.879961394
-----------------
f at the beginning of new iteration,       454.6091098917
Predicted improvement:        0.351665131
lambda =          1; f =          454.0657736
lambda =     1.9332; f =          453.8225994
Norm of dx   0.063213
----
Improvement on iteration 38 =        0.786510443
-----------------
f at the beginning of new iteration,       453.8225994486
Predicted improvement:        0.442658613
lambda =          1; f =          453.0782028
lambda =     1.9332; f =          452.6464759
Norm of dx     0.1135
----
Improvement on iteration 39 =        1.176123525
-----------------
f at the beginning of new iteration,       452.6464759234
Predicted improvement:        0.970277700
lambda =          1; f =          451.3841365
Norm of dx    0.15603
----
Improvement on iteration 40 =        1.262339386
-----------------
f at the beginning of new iteration,       451.3841365374
Predicted improvement:        0.528169536
lambda =          1; f =          450.6637783
Norm of dx    0.06192
----
Improvement on iteration 41 =        0.720358271
-----------------
f at the beginning of new iteration,       450.6637782666
Predicted improvement:        0.426856351
lambda =          1; f =          450.0939652
Norm of dx   0.038689
----
Improvement on iteration 42 =        0.569813067
-----------------
f at the beginning of new iteration,       450.0939651999
Predicted improvement:        0.390729285
lambda =          1; f =          449.5528697
Norm of dx   0.027911
----
Improvement on iteration 43 =        0.541095464
-----------------
f at the beginning of new iteration,       449.5528697360
Predicted improvement:        0.419091641
lambda =          1; f =          448.9988960
Norm of dx    0.04695
----
Improvement on iteration 44 =        0.553973746
-----------------
f at the beginning of new iteration,       448.9988959895
Predicted improvement:        0.264971925
lambda =          1; f =          448.6414374
Norm of dx   0.023077
----
Improvement on iteration 45 =        0.357458607
-----------------
f at the beginning of new iteration,       448.6414373830
Predicted improvement:        0.246492365
lambda =          1; f =          448.3496552
Norm of dx   0.053846
----
Improvement on iteration 46 =        0.291782148
-----------------
f at the beginning of new iteration,       448.3496552347
Predicted improvement:        0.237190167
lambda =          1; f =          448.1335664
Norm of dx   0.028615
----
Improvement on iteration 47 =        0.216088841
-----------------
f at the beginning of new iteration,       448.1335663940
Predicted improvement:        0.130158203
lambda =          1; f =          447.9491222
lambda =     1.9332; f =          447.9200427
Norm of dx   0.036279
----
Improvement on iteration 48 =        0.213523697
-----------------
f at the beginning of new iteration,       447.9200426972
Predicted improvement:        0.108055403
lambda =          1; f =          447.7610875
lambda =     1.9332; f =          447.7137390
Norm of dx  0.0098888
----
Improvement on iteration 49 =        0.206303741
-----------------
f at the beginning of new iteration,       447.7137389559
Predicted improvement:        0.094809274
lambda =          1; f =          447.5584970
lambda =     1.9332; f =          447.4767858
Norm of dx   0.020165
----
Improvement on iteration 50 =        0.236953141
-----------------
f at the beginning of new iteration,       447.4767858153
Predicted improvement:        0.078310746
lambda =          1; f =          447.3680599
Norm of dx   0.040936
----
Improvement on iteration 51 =        0.108725931
-----------------
f at the beginning of new iteration,       447.3680598841
Predicted improvement:        0.064104730
lambda =          1; f =          447.2723290
lambda =     1.9332; f =          447.2424279
Norm of dx   0.023309
----
Improvement on iteration 52 =        0.125631953
-----------------
f at the beginning of new iteration,       447.2424279307
Predicted improvement:        0.052624884
lambda =          1; f =          447.1524433
lambda =     1.9332; f =          447.0961198
lambda =     3.7372; f =          447.0638502
Norm of dx   0.013196
----
Improvement on iteration 53 =        0.178577723
-----------------
f at the beginning of new iteration,       447.0638502081
Predicted improvement:        0.084618260
lambda =          1; f =          446.9355397
lambda =     1.9332; f =          446.8871726
Norm of dx    0.02352
----
Improvement on iteration 54 =        0.176677652
-----------------
f at the beginning of new iteration,       446.8871725560
Predicted improvement:        0.107537968
lambda =          1; f =          446.7002362
lambda =     1.9332; f =          446.5766547
lambda =     3.7372; f =          446.4783240
Norm of dx   0.036809
----
Improvement on iteration 55 =        0.408848522
-----------------
f at the beginning of new iteration,       446.4783240341
Predicted improvement:        0.108285770
lambda =          1; f =          446.2974226
lambda =     1.9332; f =          446.1948210
Norm of dx   0.018856
----
Improvement on iteration 56 =        0.283503039
-----------------
f at the beginning of new iteration,       446.1948209953
Predicted improvement:        0.139084533
lambda =          1; f =          445.9884908
lambda =     1.9332; f =          445.9385058
Norm of dx   0.046834
----
Improvement on iteration 57 =        0.256315154
-----------------
f at the beginning of new iteration,       445.9385058413
Predicted improvement:        0.102823710
lambda =          1; f =          445.7726069
lambda =     1.9332; f =          445.6883457
Norm of dx  0.0093863
----
Improvement on iteration 58 =        0.250160167
-----------------
f at the beginning of new iteration,       445.6883456738
Predicted improvement:        0.205023419
lambda =          1; f =          445.6179608
lambda =    0.33333; f =          445.5812090
lambda =    0.64439; f =          445.5463326
Norm of dx   0.052574
----
Improvement on iteration 59 =        0.142013096
-----------------
f at the beginning of new iteration,       445.5463325782
Predicted improvement:        0.084957947
lambda =          1; f =          445.4604393
Norm of dx   0.060386
----
Improvement on iteration 60 =        0.085893247
-----------------
f at the beginning of new iteration,       445.4604393314
Predicted improvement:        0.034656137
lambda =          1; f =          445.4074938
lambda =     1.9332; f =          445.3877064
Norm of dx  0.0081765
----
Improvement on iteration 61 =        0.072732976
-----------------
f at the beginning of new iteration,       445.3877063551
Predicted improvement:        0.030818317
lambda =          1; f =          445.3478195
Norm of dx   0.032112
----
Improvement on iteration 62 =        0.039886835
-----------------
f at the beginning of new iteration,       445.3478195205
Predicted improvement:        0.018794258
lambda =          1; f =          445.3225413
Norm of dx   0.014896
----
Improvement on iteration 63 =        0.025278175
-----------------
f at the beginning of new iteration,       445.3225413460
Predicted improvement:        0.013856040
lambda =          1; f =          445.3008706
lambda =     1.9332; f =          445.2914632
Norm of dx  0.0095379
----
Improvement on iteration 64 =        0.031078141
-----------------
f at the beginning of new iteration,       445.2914632053
Predicted improvement:        0.017605690
lambda =          1; f =          445.2590833
lambda =     1.9332; f =          445.2339405
lambda =     3.7372; f =          445.1990685
lambda =     7.2247; f =          445.1821115
Norm of dx  0.0062399
----
Improvement on iteration 65 =        0.109351690
-----------------
f at the beginning of new iteration,       445.1821115157
Predicted improvement:        0.058406497
lambda =          1; f =          445.0881559
lambda =     1.9332; f =          445.0424845
Norm of dx    0.02041
----
Improvement on iteration 66 =        0.139627001
-----------------
f at the beginning of new iteration,       445.0424845145
Predicted improvement:        0.044867521
lambda =          1; f =          444.9769096
lambda =     1.9332; f =          444.9593298
Norm of dx   0.022155
----
Improvement on iteration 67 =        0.083154759
-----------------
f at the beginning of new iteration,       444.9593297556
Predicted improvement:        0.025913749
lambda =          1; f =          444.9167720
lambda =     1.9332; f =          444.8936758
Norm of dx   0.011057
----
Improvement on iteration 68 =        0.065653916
-----------------
f at the beginning of new iteration,       444.8936758396
Predicted improvement:        0.027281288
lambda =          1; f =          444.8543116
lambda =     1.9332; f =          444.8458647
Norm of dx   0.014689
----
Improvement on iteration 69 =        0.047811182
-----------------
f at the beginning of new iteration,       444.8458646580
Predicted improvement:        0.017389045
lambda =          1; f =          444.8184061
lambda =     1.9332; f =          444.8059247
Norm of dx  0.0082909
----
Improvement on iteration 70 =        0.039939969
-----------------
f at the beginning of new iteration,       444.8059246894
Predicted improvement:        0.012175181
lambda =          1; f =          444.7928597
Norm of dx   0.016579
----
Improvement on iteration 71 =        0.013064968
-----------------
f at the beginning of new iteration,       444.7928597217
Predicted improvement:        0.003047818
lambda =          1; f =          444.7885580
lambda =     1.9332; f =          444.7877713
Norm of dx  0.0040696
----
Improvement on iteration 72 =        0.005088430
-----------------
f at the beginning of new iteration,       444.7877712918
Predicted improvement:        0.002273685
lambda =          1; f =          444.7839375
lambda =     1.9332; f =          444.7816575
Norm of dx   0.001934
----
Improvement on iteration 73 =        0.006113822
-----------------
f at the beginning of new iteration,       444.7816574701
Predicted improvement:        0.003774640
lambda =          1; f =          444.7761261
lambda =     1.9332; f =          444.7746491
Norm of dx  0.0066902
----
Improvement on iteration 74 =        0.007008400
-----------------
f at the beginning of new iteration,       444.7746490705
Predicted improvement:        0.001461343
lambda =          1; f =          444.7724372
lambda =     1.9332; f =          444.7716560
Norm of dx  0.0024273
----
Improvement on iteration 75 =        0.002993027
-----------------
f at the beginning of new iteration,       444.7716560438
Predicted improvement:        0.000441943
lambda =          1; f =          444.7708154
lambda =     1.9332; f =          444.7701104
lambda =     3.7372; f =          444.7689653
lambda =     7.2247; f =          444.7675680
Norm of dx  0.0010228
----
Improvement on iteration 76 =        0.004088057
-----------------
f at the beginning of new iteration,       444.7675679867
Predicted improvement:        0.003242822
lambda =          1; f =          444.7621717
lambda =     1.9332; f =          444.7591015
Norm of dx  0.0063532
----
Improvement on iteration 77 =        0.008466530
-----------------
f at the beginning of new iteration,       444.7591014566
Predicted improvement:        0.003396521
lambda =          1; f =          444.7548298
Norm of dx  0.0070372
----
Improvement on iteration 78 =        0.004271682
-----------------
f at the beginning of new iteration,       444.7548297749
Predicted improvement:        0.000672760
lambda =          1; f =          444.7539712
Norm of dx  0.0017989
----
Improvement on iteration 79 =        0.000858586
-----------------
f at the beginning of new iteration,       444.7539711888
Predicted improvement:        0.000247828
lambda =          1; f =          444.7535659
lambda =     1.9332; f =          444.7533498
Norm of dx 0.00066519
----
Improvement on iteration 80 =        0.000621362
-----------------
f at the beginning of new iteration,       444.7533498267
Predicted improvement:        0.000458417
lambda =          1; f =          444.7525119
lambda =     1.9332; f =          444.7518718
lambda =     3.7372; f =          444.7510231
Norm of dx  0.0010338
----
Improvement on iteration 81 =        0.002326758
-----------------
f at the beginning of new iteration,       444.7510230691
Predicted improvement:        0.002119617
lambda =          1; f =          444.7474394
lambda =     1.9332; f =          444.7452795
lambda =     3.7372; f =          444.7443524
Norm of dx  0.0047533
----
Improvement on iteration 82 =        0.006670702
-----------------
f at the beginning of new iteration,       444.7443523672
Predicted improvement:        0.002414962
lambda =          1; f =          444.7407355
lambda =     1.9332; f =          444.7395518
Norm of dx  0.0024254
----
Improvement on iteration 83 =        0.004800586
-----------------
f at the beginning of new iteration,       444.7395517812
Predicted improvement:        0.000637497
lambda =          1; f =          444.7384169
lambda =     1.9332; f =          444.7376099
lambda =     3.7372; f =          444.7367405
Norm of dx  0.0032632
----
Improvement on iteration 84 =        0.002811305
-----------------
f at the beginning of new iteration,       444.7367404758
Predicted improvement:        0.001663379
lambda =          1; f =          444.7338753
lambda =     1.9332; f =          444.7320306
lambda =     3.7372; f =          444.7307268
Norm of dx  0.0057804
----
Improvement on iteration 85 =        0.006013690
-----------------
f at the beginning of new iteration,       444.7307267858
Predicted improvement:        0.000817320
lambda =          1; f =          444.7297172
Norm of dx  0.0050974
----
Improvement on iteration 86 =        0.001009559
-----------------
f at the beginning of new iteration,       444.7297172265
Predicted improvement:        0.000116583
lambda =          1; f =          444.7295454
lambda =     1.9332; f =          444.7294967
Norm of dx  0.0012063
----
Improvement on iteration 87 =        0.000220526
-----------------
f at the beginning of new iteration,       444.7294967001
Predicted improvement:        0.000100801
lambda =          1; f =          444.7292964
lambda =     1.9332; f =          444.7291121
lambda =     3.7372; f =          444.7287630
lambda =     7.2247; f =          444.7281146
lambda =     13.967; f =          444.7269603
lambda =         27; f =          444.7251009
lambda =     52.196; f =          444.7228998
Norm of dx 0.00041059
----
Improvement on iteration 88 =        0.006596895
-----------------
f at the beginning of new iteration,       444.7228998049
Predicted improvement:        0.002870941
lambda =          1; f =          444.7189129
Norm of dx   0.012059
----
Improvement on iteration 89 =        0.003986950
-----------------
f at the beginning of new iteration,       444.7189128551
Predicted improvement:        0.001127254
lambda =          1; f =          444.7176580
Norm of dx  0.0059036
----
Improvement on iteration 90 =        0.001254890
-----------------
f at the beginning of new iteration,       444.7176579654
Predicted improvement:        0.000089305
lambda =          1; f =          444.7175121
lambda =     1.9332; f =          444.7174339
Norm of dx 0.00045282
----
Improvement on iteration 91 =        0.000224071
-----------------
f at the beginning of new iteration,       444.7174338948
Predicted improvement:        0.000156249
lambda =          1; f =          444.7171509
lambda =     1.9332; f =          444.7169388
lambda =     3.7372; f =          444.7166716
Norm of dx 0.00054559
----
Improvement on iteration 92 =        0.000762263
-----------------
f at the beginning of new iteration,       444.7166716314
Predicted improvement:        0.000722258
lambda =          1; f =          444.7153365
lambda =     1.9332; f =          444.7142872
lambda =     3.7372; f =          444.7127984
lambda =     7.2247; f =          444.7119502
Norm of dx  0.0028088
----
Improvement on iteration 93 =        0.004721430
-----------------
f at the beginning of new iteration,       444.7119502016
Predicted improvement:        0.003192163
lambda =          1; f =          444.7063217
lambda =     1.9332; f =          444.7024352
lambda =     3.7372; f =          444.6986332
Norm of dx  0.0090856
----
Improvement on iteration 94 =        0.013316982
-----------------
f at the beginning of new iteration,       444.6986332196
Predicted improvement:        0.000947501
lambda =          1; f =          444.6975435
Norm of dx   0.012406
----
Improvement on iteration 95 =        0.001089724
-----------------
f at the beginning of new iteration,       444.6975434958
Predicted improvement:        0.000098677
lambda =          1; f =          444.6973838
lambda =     1.9332; f =          444.6973038
Norm of dx  0.0018355
----
Improvement on iteration 96 =        0.000239729
-----------------
f at the beginning of new iteration,       444.6973037672
Predicted improvement:        0.000160052
lambda =          1; f =          444.6970022
lambda =     1.9332; f =          444.6967546
lambda =     3.7372; f =          444.6963684
lambda =     7.2247; f =          444.6959673
Norm of dx  0.0011951
----
Improvement on iteration 97 =        0.001336450
-----------------
f at the beginning of new iteration,       444.6959673169
Predicted improvement:        0.001218386
lambda =          1; f =          444.6935748
lambda =     1.9332; f =          444.6914222
lambda =     3.7372; f =          444.6874794
lambda =     7.2247; f =          444.6806716
lambda =     13.967; f =          444.6705389
lambda =         27; f =          444.6621948
Norm of dx  0.0055882
----
Improvement on iteration 98 =        0.033772490
-----------------
f at the beginning of new iteration,       444.6621948272
Predicted improvement:        0.026341003
lambda =          1; f =          444.6143177
lambda =     1.9332; f =          444.5785199
lambda =     3.7372; f =          444.5356421
Norm of dx    0.09999
----
Improvement on iteration 99 =        0.126552764
-----------------
f at the beginning of new iteration,       444.5356420631
Predicted improvement:        0.019203572
lambda =          1; f =          444.5157203
Norm of dx     0.1281
----
Improvement on iteration 100 =        0.019921723
-----------------
f at the beginning of new iteration,       444.5157203402
Predicted improvement:        0.001499381
lambda =          1; f =          444.5137507
Norm of dx   0.028858
----
Improvement on iteration 101 =        0.001969660
-----------------
f at the beginning of new iteration,       444.5137506799
Predicted improvement:        0.000650067
lambda =          1; f =          444.5131059
Norm of dx   0.010489
----
Improvement on iteration 102 =        0.000644828
-----------------
f at the beginning of new iteration,       444.5131058520
Predicted improvement:        0.000083936
lambda =          1; f =          444.5129897
Norm of dx  0.0088532
----
Improvement on iteration 103 =        0.000116163
-----------------
f at the beginning of new iteration,       444.5129896886
Predicted improvement:        0.000108764
lambda =          1; f =          444.5127983
lambda =     1.9332; f =          444.5126663
lambda =     3.7372; f =          444.5125397
Norm of dx  0.0058287
----
Improvement on iteration 104 =        0.000449991
-----------------
f at the beginning of new iteration,       444.5125396980
Predicted improvement:        0.000337435
lambda =          1; f =          444.5118874
lambda =     1.9332; f =          444.5113189
lambda =     3.7372; f =          444.5103299
lambda =     7.2247; f =          444.5088293
lambda =     13.967; f =          444.5074634
Norm of dx  0.0022208
----
Improvement on iteration 105 =        0.005076336
-----------------
f at the beginning of new iteration,       444.5074633618
Predicted improvement:        0.001702765
lambda =          1; f =          444.5050757
lambda =     1.9332; f =          444.5046868
Norm of dx   0.016285
----
Improvement on iteration 106 =        0.002776536
-----------------
f at the beginning of new iteration,       444.5046868254
Predicted improvement:        0.000133163
lambda =          1; f =          444.5045483
Norm of dx  0.0071356
----
Improvement on iteration 107 =        0.000138529
-----------------
f at the beginning of new iteration,       444.5045482967
Predicted improvement:        0.000001359
lambda =          1; f =          444.5045470
Norm of dx 0.00098776
----
Improvement on iteration 108 =        0.000001255
-----------------
f at the beginning of new iteration,       444.5045470419
Predicted improvement:        0.000000022
lambda =          1; f =          444.5045470
Norm of dx 2.2627e-05
----
Improvement on iteration 109 =        0.000000024
improvement < crit termination

Final value of minus the log posterior (or likelihood):444.504547 

RESULTS FROM POSTERIOR ESTIMATION
parameters
       prior mean     mode    s.d. prior pstdev

RHO_A      0.500   0.9796  0.0099 beta  0.2000 
RHO_EFP    0.500   0.9802  0.0138 beta  0.2000 
RHO_G      0.500   0.9691  0.0151 beta  0.2000 
RHO_X      0.500   0.9778  0.0185 beta  0.2000 
RHO_MS     0.500   0.4824  0.0806 beta  0.2000 
RHO_P      0.500   0.9895  0.0068 beta  0.2000 
RHO_W      0.500   0.0402  0.0305 beta  0.2000 
S_PRIMEP   4.000   5.8550  1.1929 norm  1.5000 
H          0.700   0.5412  0.0659 beta  0.1000 
SIGMA_W    0.750   0.7623  0.0284 beta  0.0500 
SIGMAP     0.750   0.8675  0.0169 beta  0.0500 
FCP        1.450   1.2835  0.0777 norm  0.1250 
PPHI       0.330   2.1489  0.3766 gamm  0.2500 
SIGMA_WI   0.500   0.3624  0.1441 beta  0.1500 
SIGMA_PI   0.500   0.0862  0.0405 beta  0.1500 
ZETA       0.250   0.9365  0.0272 beta  0.1500 
IOTA_PI    1.700   1.6026  0.1444 norm  0.1500 
RHO_I      0.750   0.8639  0.0233 beta  0.1000 
IOTA_Y     0.125   0.0247  0.0073 gamm  0.0500 
IOTA_DY    0.063   0.1541  0.0222 norm  0.0500 
VARKAPPA   0.155   0.0763  0.0197 unif  0.0837 
picbar     0.625   0.6721  0.0976 gamm  0.1000 
ctrend     0.400   0.6809  0.0641 norm  0.1000 

standard deviation of shocks
       prior mean     mode    s.d. prior pstdev

ea         0.100   0.4556  0.0395 invg  2.0000 
e_kq       0.100   0.2176  0.0308 invg  2.0000 
eg         0.100   2.2209  0.1681 invg  2.0000 
eqs        0.100   0.5558  0.1881 invg  2.0000 
em         0.100   0.0901  0.0084 invg  2.0000 
epinf      0.100   0.0438  0.0070 invg  2.0000 
ew         0.100   0.4458  0.0355 invg  2.0000 


Log data density [Laplace approximation] is -519.719949.

Estimation::mcmc: One Chain mode.
Estimation::mcmc: Initialization at the posterior mode.

Estimation::mcmc: Write details about the MCMC... Ok!
Estimation::mcmc: Details about the MCMC are available in VI16_BGG/metropolis\VI16_BGG_mh_history_0.mat


Estimation::mcmc: Number of mh files: 2 per block.
Estimation::mcmc: Total number of generated files: 2.
Estimation::mcmc: Total number of iterations: 500000.
Estimation::mcmc: Current acceptance ratio per chain: 
                                                       Chain  1: 35.975%
Estimation::mcmc: Total number of MH draws per chain: 500000.
Estimation::mcmc: Total number of generated MH files: 2.
Estimation::mcmc: I'll use mh-files 1 to 2.
Estimation::mcmc: In MH-file number 1 I'll start at line 150001.
Estimation::mcmc: Finally I keep 350000 draws per chain.



MCMC Inefficiency factors per block
Parameter       Block 1
SE_ea           173.289
SE_e_kq         223.970
SE_eg           149.256
SE_eqs          489.651
SE_em           146.759
SE_epinf        164.782
SE_ew           140.218
RHO_A           207.092
RHO_EFP         197.359
RHO_G           157.526
RHO_X           477.935
RHO_MS          135.591
RHO_P           222.434
RHO_W           217.339
S_PRIMEP        269.555
H               156.248
SIGMA_W         155.445
SIGMAP          161.993
FCP             140.249
PPHI            153.530
SIGMA_WI        124.609
SIGMA_PI        174.610
ZETA            157.858
IOTA_PI         130.601
RHO_I           142.288
IOTA_Y          155.600
IOTA_DY         145.150
VARKAPPA        271.669
picbar          127.198
ctrend          135.758


Geweke (1992) Convergence Tests, based on means of draws 150000 to 220000 vs 325000 to 500000.
p-values are for Chi2-test for equality of means.
Parameter         Post. Mean        Post. Std   p-val No Taper   p-val 4% Taper   p-val 8% Taper  p-val 15% Taper
SE_ea                  0.476            0.043            0.000            0.267            0.260            0.287
SE_e_kq                0.244            0.036            0.553            0.968            0.965            0.964
SE_eg                  2.252            0.173            0.000            0.298            0.314            0.292
SE_eqs                 0.761            0.251            0.000            0.008            0.015            0.025
SE_em                  0.093            0.009            0.000            0.421            0.351            0.335
SE_epinf               0.047            0.007            0.000            0.426            0.443            0.438
SE_ew                  0.451            0.037            0.000            0.003            0.004            0.005
RHO_A                  0.975            0.011            0.000            0.348            0.392            0.465
RHO_EFP                0.971            0.015            0.092            0.903            0.885            0.879
RHO_G                  0.961            0.016            0.000            0.026            0.026            0.009
RHO_X                  0.957            0.035            0.000            0.374            0.340            0.370
RHO_MS                 0.494            0.080            0.000            0.058            0.041            0.034
RHO_P                  0.985            0.008            0.002            0.850            0.837            0.842
RHO_W                  0.064            0.038            0.000            0.050            0.019            0.011
S_PRIMEP               5.885            1.107            0.000            0.008            0.010            0.015
H                      0.553            0.065            0.000            0.009            0.003            0.001
SIGMA_W                0.753            0.030            0.000            0.219            0.180            0.134
SIGMAP                 0.863            0.017            0.000            0.666            0.691            0.710
FCP                    1.277            0.077            0.000            0.724            0.733            0.756
PPHI                   2.245            0.397            0.000            0.743            0.738            0.718
SIGMA_WI               0.376            0.133            0.000            0.701            0.704            0.700
SIGMA_PI               0.109            0.046            0.000            0.209            0.222            0.162
ZETA                   0.927            0.028            0.000            0.052            0.033            0.021
IOTA_PI                1.606            0.143            0.000            0.558            0.586            0.602
RHO_I                  0.857            0.024            0.000            0.047            0.029            0.020
IOTA_Y                 0.027            0.008            0.000            0.065            0.087            0.136
IOTA_DY                0.154            0.023            0.000            0.183            0.211            0.247
VARKAPPA               0.070            0.018            0.000            0.002            0.002            0.002
picbar                 0.676            0.093            0.000            0.121            0.117            0.112
ctrend                 0.664            0.060            0.000            0.492            0.490            0.485


Estimation::marginal density: I'm computing the posterior mean and covariance...  Done!
Estimation::marginal density: I'm computing the posterior log marginal density (modified harmonic mean)... Done!


ESTIMATION RESULTS

Log data density is -519.201946.

parameters
           prior mean   post. mean        90% HPD interval    prior       pstdev

RHO_A           0.500       0.9743      0.9568      0.9922   beta        0.2000
RHO_EFP         0.500       0.9708      0.9484      0.9941   beta        0.2000
RHO_G           0.500       0.9611      0.9365      0.9877   beta        0.2000
RHO_X           0.500       0.9553      0.9082      0.9977   beta        0.2000
RHO_MS          0.500       0.4942      0.3621      0.6275   beta        0.2000
RHO_P           0.500       0.9852      0.9734      0.9974   beta        0.2000
RHO_W           0.500       0.0636      0.0089      0.1179   beta        0.2000
S_PRIMEP        4.000       5.8763      3.9390      7.6644   norm        1.5000
H               0.700       0.5547      0.4491      0.6621   beta        0.1000
SIGMA_W         0.750       0.7536      0.7038      0.8021   beta        0.0500
SIGMAP          0.750       0.8630      0.8340      0.8913   beta        0.0500
FCP             1.450       1.2772      1.1496      1.4035   norm        0.1250
PPHI            0.330       2.2490      1.5974      2.9047   gamm        0.2500
SIGMA_WI        0.500       0.3775      0.1555      0.5900   beta        0.1500
SIGMA_PI        0.500       0.1103      0.0354      0.1808   beta        0.1500
ZETA            0.250       0.9271      0.8842      0.9715   beta        0.1500
IOTA_PI         1.700       1.6060      1.3664      1.8425   norm        0.1500
RHO_I           0.750       0.8570      0.8185      0.8978   beta        0.1000
IOTA_Y          0.125       0.0265      0.0142      0.0389   gamm        0.0500
IOTA_DY         0.063       0.1542      0.1161      0.1915   norm        0.0500
VARKAPPA        0.155       0.0699      0.0403      0.0996   unif        0.0837
picbar          0.625       0.6764      0.5229      0.8297   gamm        0.1000
ctrend          0.400       0.6640      0.5660      0.7657   norm        0.1000

standard deviation of shocks
           prior mean   post. mean        90% HPD interval    prior       pstdev

ea              0.100       0.4767      0.4056      0.5480   invg        2.0000
e_kq            0.100       0.2446      0.1847      0.3028   invg        2.0000
eg              0.100       2.2515      1.9641      2.5286   invg        2.0000
eqs             0.100       0.7753      0.3678      1.1658   invg        2.0000
em              0.100       0.0931      0.0785      0.1071   invg        2.0000
epinf           0.100       0.0470      0.0354      0.0590   invg        2.0000
ew              0.100       0.4507      0.3913      0.5120   invg        2.0000
Estimation::mcmc: Smoothed variables
Estimation::mcmc: Smoothed variables, done!
Estimation::mcmc: Smoothed shocks
Estimation::mcmc: Smoothed shocks, done!
Estimation::mcmc: Trend_coefficients
Estimation::mcmc: Trend_coefficients, done!
Estimation::mcmc: Smoothed constant
Estimation::mcmc: Smoothed constant, done!
Estimation::mcmc: Smoothed trend
Estimation::mcmc: Smoothed trend, done!
Estimation::mcmc: Updated Variables
Estimation::mcmc: Updated Variables, done!
Estimation::mcmc: Forecasted variables (mean)
Estimation::mcmc: Forecasted variables (mean), done!
Estimation::mcmc: Forecasted variables (point)
Estimation::mcmc: Forecasted variables (point), done!
Total computing time : 1h51m41s
